Testing exp: 0.000000

-----
mkdir timedrun fake

Input(case 0): nx=32768, ny=32768, nt=200, leafmaxcol=8
Heat started...
Heat ended...

Heat
 dx =  0.000048
  dy =  0.000048
  dt =  0.000000
  Stability Value for explicit method must be > 0: 0.064855
 Options: granularity = 8
         nx          = 32768
         ny          = 32768
         nt          = 200

============================ Tabulate Statistics ============================
PWR_PKG_ENERGY	INST_RETIRED	TOR_OCCUPANCY	RR_OCCUPANCY	TIPI	L3_MISS	L2_MISS	TIME	RANGE_L	RANGE_R	DISTINCT_SLABS	OPT_CORE_SLABS	OPT_UNCORE_SLABS	0.06000_0.06400_PERC	0.06000_0.06400_CF	0.06000_0.06400_UF	0.06000_0.06400_CT	0.06000_0.06400_UT	0.06400_0.06800_PERC	0.06400_0.06800_CF	0.06400_0.06800_UF	0.06400_0.06800_CT	0.06400_0.06800_UT	
11017.973938	3906777309265	126636698868	126641091813	0.064830	388116820	3333271025	79042.962402	0.060000	0.068000	2	1	1	0.178658	-1	0	221	0	0.821342	12	22	82	57	
=============================================================================

============================ TIPI SLAB Statistics ============================

================================= TIPI =======================================
TIPI SLAB	 0.060000 - 0.064000
============================ CORE Statistics ============================
L	 12
R	 21
OPTIMUM CORE FREQUENCY	 -1
JPI[0]	JPI[1]	JPI[2]	JPI[3]	JPI[4]	JPI[5]	JPI[6]	JPI[7]	JPI[8]	JPI[9]	JPI[10]	JPI[11]	
0.0000000000	0.0000000000	0.0000000000	0.0000000000	0.0000000000	0.0000000000	0.0000000000	0.0000000033	0.0000000000	0.0000000034	0.0000000000	0.0000000036	
============================ UNCORE Statistics ============================
LU	 12
RU	 22
LG	 0
RG	 0
OPTIMUM UNCORE FREQUENCY	 0
JPIU[0]	JPIU[1]	JPIU[2]	JPIU[3]	JPIU[4]	JPIU[5]	JPIU[6]	JPIU[7]	JPIU[8]	JPIU[9]	JPIU[10]	JPIU[11]	JPIU[12]	JPIU[13]	JPIU[14]	JPIU[15]	JPIU[16]	JPIU[17]	JPIU[18]	
0.0000000000	0.0000000000	0.0000000000	0.0000000000	0.0000000000	0.0000000000	0.0000000000	0.0000000000	0.0000000000	0.0000000000	0.0000000000	0.0000000000	0.0000000000	0.0000000000	0.0000000000	0.0000000000	0.0000000000	0.0000000000	0.0000000000	
==============================================================================

================================= TIPI =======================================
TIPI SLAB	 0.064000 - 0.068000
============================ CORE Statistics ============================
L	 12
R	 13
OPTIMUM CORE FREQUENCY	 12
JPI[0]	JPI[1]	JPI[2]	JPI[3]	JPI[4]	JPI[5]	JPI[6]	JPI[7]	JPI[8]	JPI[9]	JPI[10]	JPI[11]	
0.0000000031	0.0000000032	0.0000000000	0.0000000032	0.0000000000	0.0000000033	0.0000000000	0.0000000034	0.0000000000	0.0000000035	0.0000000000	0.0000000037	
============================ UNCORE Statistics ============================
LU	 22
RU	 22
LG	 22
RG	 30
OPTIMUM UNCORE FREQUENCY	 22
JPIU[0]	JPIU[1]	JPIU[2]	JPIU[3]	JPIU[4]	JPIU[5]	JPIU[6]	JPIU[7]	JPIU[8]	JPIU[9]	JPIU[10]	JPIU[11]	JPIU[12]	JPIU[13]	JPIU[14]	JPIU[15]	JPIU[16]	JPIU[17]	JPIU[18]	
0.0000000000	0.0000000000	0.0000000000	0.0000000000	0.0000000000	0.0000000000	0.0000000000	0.0000000000	0.0000000000	0.0000000000	0.0000000027	0.0000000000	0.0000000028	0.0000000000	0.0000000029	0.0000000000	0.0000000030	0.0000000000	0.0000000031	
==============================================================================

==============================================================================
===== Test PASSED in 0.0 msec =====
Testing exp: 0.000000
Testing exp: 0.000000

-----
mkdir timedrun fake

Input(case 0): nx=32768, ny=32768, nt=200, leafmaxcol=8
Heat started...
Heat ended...

Heat
 dx =  0.000048
  dy =  0.000048
  dt =  0.000000
  Stability Value for explicit method must be > 0: 0.064855
 Options: granularity = 8
         nx          = 32768
         ny          = 32768
         nt          = 200

============================ Tabulate Statistics ============================
PWR_PKG_ENERGY	INST_RETIRED	TOR_OCCUPANCY	RR_OCCUPANCY	TIPI	L3_MISS	L2_MISS	TIME	RANGE_L	RANGE_R	DISTINCT_SLABS	OPT_CORE_SLABS	OPT_UNCORE_SLABS	0.06000_0.06400_PERC	0.06000_0.06400_CF	0.06000_0.06400_UF	0.06000_0.06400_CT	0.06000_0.06400_UT	0.06400_0.06800_PERC	0.06400_0.06800_CF	0.06400_0.06800_UF	0.06400_0.06800_CT	0.06400_0.06800_UT	
11025.640564	3906157364022	126617909904	126618878399	0.064830	395522747	3470907583	78762.791050	0.060000	0.068000	2	1	1	0.165450	-1	0	204	0	0.834550	12	22	80	56	
=============================================================================

============================ TIPI SLAB Statistics ============================

================================= TIPI =======================================
TIPI SLAB	 0.060000 - 0.064000
============================ CORE Statistics ============================
L	 12
R	 23
OPTIMUM CORE FREQUENCY	 -1
JPI[0]	JPI[1]	JPI[2]	JPI[3]	JPI[4]	JPI[5]	JPI[6]	JPI[7]	JPI[8]	JPI[9]	JPI[10]	JPI[11]	
0.0000000000	0.0000000000	0.0000000000	0.0000000000	0.0000000000	0.0000000000	0.0000000000	0.0000000000	0.0000000000	0.0000000034	0.0000000000	0.0000000036	
============================ UNCORE Statistics ============================
LU	 12
RU	 22
LG	 0
RG	 0
OPTIMUM UNCORE FREQUENCY	 0
JPIU[0]	JPIU[1]	JPIU[2]	JPIU[3]	JPIU[4]	JPIU[5]	JPIU[6]	JPIU[7]	JPIU[8]	JPIU[9]	JPIU[10]	JPIU[11]	JPIU[12]	JPIU[13]	JPIU[14]	JPIU[15]	JPIU[16]	JPIU[17]	JPIU[18]	
0.0000000000	0.0000000000	0.0000000000	0.0000000000	0.0000000000	0.0000000000	0.0000000000	0.0000000000	0.0000000000	0.0000000000	0.0000000000	0.0000000000	0.0000000000	0.0000000000	0.0000000000	0.0000000000	0.0000000000	0.0000000000	0.0000000000	
==============================================================================

================================= TIPI =======================================
TIPI SLAB	 0.064000 - 0.068000
============================ CORE Statistics ============================
L	 12
R	 13
OPTIMUM CORE FREQUENCY	 12
JPI[0]	JPI[1]	JPI[2]	JPI[3]	JPI[4]	JPI[5]	JPI[6]	JPI[7]	JPI[8]	JPI[9]	JPI[10]	JPI[11]	
0.0000000032	0.0000000032	0.0000000000	0.0000000032	0.0000000000	0.0000000033	0.0000000000	0.0000000034	0.0000000000	0.0000000035	0.0000000000	0.0000000037	
============================ UNCORE Statistics ============================
LU	 22
RU	 22
LG	 22
RG	 30
OPTIMUM UNCORE FREQUENCY	 22
JPIU[0]	JPIU[1]	JPIU[2]	JPIU[3]	JPIU[4]	JPIU[5]	JPIU[6]	JPIU[7]	JPIU[8]	JPIU[9]	JPIU[10]	JPIU[11]	JPIU[12]	JPIU[13]	JPIU[14]	JPIU[15]	JPIU[16]	JPIU[17]	JPIU[18]	
0.0000000000	0.0000000000	0.0000000000	0.0000000000	0.0000000000	0.0000000000	0.0000000000	0.0000000000	0.0000000000	0.0000000000	0.0000000026	0.0000000000	0.0000000028	0.0000000000	0.0000000029	0.0000000000	0.0000000030	0.0000000000	0.0000000032	
==============================================================================

==============================================================================
===== Test PASSED in 0.0 msec =====
Testing exp: 0.000000

-----
mkdir timedrun fake

Input(case 0): nx=32768, ny=32768, nt=200, leafmaxcol=8
Heat started...
Heat ended...

Heat
 dx =  0.000048
  dy =  0.000048
  dt =  0.000000
  Stability Value for explicit method must be > 0: 0.064855
 Options: granularity = 8
         nx          = 32768
         ny          = 32768
         nt          = 200

============================ Tabulate Statistics ============================
PWR_PKG_ENERGY	INST_RETIRED	TOR_OCCUPANCY	RR_OCCUPANCY	TIPI	L3_MISS	L2_MISS	TIME	RANGE_L	RANGE_R	DISTINCT_SLABS	OPT_CORE_SLABS	OPT_UNCORE_SLABS	0.06000_0.06400_PERC	0.06000_0.06400_CF	0.06000_0.06400_UF	0.06000_0.06400_CT	0.06000_0.06400_UT	0.06400_0.06800_PERC	0.06400_0.06800_CF	0.06400_0.06800_UF	0.06400_0.06800_CT	0.06400_0.06800_UT	
11167.641846	3905325643032	126651551929	126652761558	0.064861	393851272	3431099697	79492.504695	0.060000	0.068000	2	1	1	0.162119	-1	0	202	0	0.837881	12	22	76	58	
=============================================================================

============================ TIPI SLAB Statistics ============================

================================= TIPI =======================================
TIPI SLAB	 0.060000 - 0.064000
============================ CORE Statistics ============================
L	 12
R	 23
OPTIMUM CORE FREQUENCY	 -1
JPI[0]	JPI[1]	JPI[2]	JPI[3]	JPI[4]	JPI[5]	JPI[6]	JPI[7]	JPI[8]	JPI[9]	JPI[10]	JPI[11]	
0.0000000000	0.0000000000	0.0000000000	0.0000000000	0.0000000000	0.0000000000	0.0000000000	0.0000000000	0.0000000000	0.0000000000	0.0000000000	0.0000000036	
============================ UNCORE Statistics ============================
LU	 12
RU	 22
LG	 0
RG	 0
OPTIMUM UNCORE FREQUENCY	 0
JPIU[0]	JPIU[1]	JPIU[2]	JPIU[3]	JPIU[4]	JPIU[5]	JPIU[6]	JPIU[7]	JPIU[8]	JPIU[9]	JPIU[10]	JPIU[11]	JPIU[12]	JPIU[13]	JPIU[14]	JPIU[15]	JPIU[16]	JPIU[17]	JPIU[18]	
0.0000000000	0.0000000000	0.0000000000	0.0000000000	0.0000000000	0.0000000000	0.0000000000	0.0000000000	0.0000000000	0.0000000000	0.0000000000	0.0000000000	0.0000000000	0.0000000000	0.0000000000	0.0000000000	0.0000000000	0.0000000000	0.0000000000	
==============================================================================

================================= TIPI =======================================
TIPI SLAB	 0.064000 - 0.068000
============================ CORE Statistics ============================
L	 12
R	 13
OPTIMUM CORE FREQUENCY	 12
JPI[0]	JPI[1]	JPI[2]	JPI[3]	JPI[4]	JPI[5]	JPI[6]	JPI[7]	JPI[8]	JPI[9]	JPI[10]	JPI[11]	
0.0000000032	0.0000000032	0.0000000000	0.0000000032	0.0000000000	0.0000000033	0.0000000000	0.0000000034	0.0000000000	0.0000000035	0.0000000000	0.0000000037	
============================ UNCORE Statistics ============================
LU	 22
RU	 22
LG	 22
RG	 30
OPTIMUM UNCORE FREQUENCY	 22
JPIU[0]	JPIU[1]	JPIU[2]	JPIU[3]	JPIU[4]	JPIU[5]	JPIU[6]	JPIU[7]	JPIU[8]	JPIU[9]	JPIU[10]	JPIU[11]	JPIU[12]	JPIU[13]	JPIU[14]	JPIU[15]	JPIU[16]	JPIU[17]	JPIU[18]	
0.0000000000	0.0000000000	0.0000000000	0.0000000000	0.0000000000	0.0000000000	0.0000000000	0.0000000000	0.0000000000	0.0000000000	0.0000000027	0.0000000000	0.0000000028	0.0000000000	0.0000000030	0.0000000000	0.0000000030	0.0000000000	0.0000000032	
==============================================================================

==============================================================================
===== Test PASSED in 0.0 msec =====
Testing exp: 0.000000

-----
mkdir timedrun fake

Input(case 0): nx=32768, ny=32768, nt=200, leafmaxcol=8
Heat started...
Heat ended...

Heat
 dx =  0.000048
  dy =  0.000048
  dt =  0.000000
  Stability Value for explicit method must be > 0: 0.064855
 Options: granularity = 8
         nx          = 32768
         ny          = 32768
         nt          = 200

============================ Tabulate Statistics ============================
PWR_PKG_ENERGY	INST_RETIRED	TOR_OCCUPANCY	RR_OCCUPANCY	TIPI	L3_MISS	L2_MISS	TIME	RANGE_L	RANGE_R	DISTINCT_SLABS	OPT_CORE_SLABS	OPT_UNCORE_SLABS	0.06000_0.06400_PERC	0.06000_0.06400_CF	0.06000_0.06400_UF	0.06000_0.06400_CT	0.06000_0.06400_UT	0.06400_0.06800_PERC	0.06400_0.06800_CF	0.06400_0.06800_UF	0.06400_0.06800_CT	0.06400_0.06800_UT	
11116.241272	3906573903134	126676858321	126678703215	0.064854	388033783	3327824053	79387.179203	0.060000	0.068000	2	1	1	0.170418	-1	0	212	0	0.829582	12	22	79	58	
=============================================================================

============================ TIPI SLAB Statistics ============================

================================= TIPI =======================================
TIPI SLAB	 0.060000 - 0.064000
============================ CORE Statistics ============================
L	 12
R	 23
OPTIMUM CORE FREQUENCY	 -1
JPI[0]	JPI[1]	JPI[2]	JPI[3]	JPI[4]	JPI[5]	JPI[6]	JPI[7]	JPI[8]	JPI[9]	JPI[10]	JPI[11]	
0.0000000000	0.0000000000	0.0000000000	0.0000000000	0.0000000000	0.0000000000	0.0000000000	0.0000000000	0.0000000000	0.0000000035	0.0000000000	0.0000000036	
============================ UNCORE Statistics ============================
LU	 12
RU	 22
LG	 0
RG	 0
OPTIMUM UNCORE FREQUENCY	 0
JPIU[0]	JPIU[1]	JPIU[2]	JPIU[3]	JPIU[4]	JPIU[5]	JPIU[6]	JPIU[7]	JPIU[8]	JPIU[9]	JPIU[10]	JPIU[11]	JPIU[12]	JPIU[13]	JPIU[14]	JPIU[15]	JPIU[16]	JPIU[17]	JPIU[18]	
0.0000000000	0.0000000000	0.0000000000	0.0000000000	0.0000000000	0.0000000000	0.0000000000	0.0000000000	0.0000000000	0.0000000000	0.0000000000	0.0000000000	0.0000000000	0.0000000000	0.0000000000	0.0000000000	0.0000000000	0.0000000000	0.0000000000	
==============================================================================

================================= TIPI =======================================
TIPI SLAB	 0.064000 - 0.068000
============================ CORE Statistics ============================
L	 12
R	 13
OPTIMUM CORE FREQUENCY	 12
JPI[0]	JPI[1]	JPI[2]	JPI[3]	JPI[4]	JPI[5]	JPI[6]	JPI[7]	JPI[8]	JPI[9]	JPI[10]	JPI[11]	
0.0000000032	0.0000000032	0.0000000000	0.0000000032	0.0000000000	0.0000000033	0.0000000000	0.0000000034	0.0000000000	0.0000000035	0.0000000000	0.0000000037	
============================ UNCORE Statistics ============================
LU	 22
RU	 22
LG	 22
RG	 30
OPTIMUM UNCORE FREQUENCY	 22
JPIU[0]	JPIU[1]	JPIU[2]	JPIU[3]	JPIU[4]	JPIU[5]	JPIU[6]	JPIU[7]	JPIU[8]	JPIU[9]	JPIU[10]	JPIU[11]	JPIU[12]	JPIU[13]	JPIU[14]	JPIU[15]	JPIU[16]	JPIU[17]	JPIU[18]	
0.0000000000	0.0000000000	0.0000000000	0.0000000000	0.0000000000	0.0000000000	0.0000000000	0.0000000000	0.0000000000	0.0000000000	0.0000000027	0.0000000000	0.0000000028	0.0000000000	0.0000000029	0.0000000000	0.0000000030	0.0000000000	0.0000000032	
==============================================================================

==============================================================================
===== Test PASSED in 0.0 msec =====
Testing exp: 0.000000

-----
mkdir timedrun fake

Input(case 0): nx=32768, ny=32768, nt=200, leafmaxcol=8
Heat started...
Heat ended...

Heat
 dx =  0.000048
  dy =  0.000048
  dt =  0.000000
  Stability Value for explicit method must be > 0: 0.064855
 Options: granularity = 8
         nx          = 32768
         ny          = 32768
         nt          = 200

============================ Tabulate Statistics ============================
PWR_PKG_ENERGY	INST_RETIRED	TOR_OCCUPANCY	RR_OCCUPANCY	TIPI	L3_MISS	L2_MISS	TIME	RANGE_L	RANGE_R	DISTINCT_SLABS	OPT_CORE_SLABS	OPT_UNCORE_SLABS	0.06000_0.06400_PERC	0.06000_0.06400_CF	0.06000_0.06400_UF	0.06000_0.06400_CT	0.06000_0.06400_UT	0.06400_0.06800_PERC	0.06400_0.06800_CF	0.06400_0.06800_UF	0.06400_0.06800_CT	0.06400_0.06800_UT	
11071.617981	3904802883377	126661285372	126661694143	0.064875	391556501	3366713087	79360.703998	0.060000	0.068000	2	1	1	0.155270	-1	0	193	0	0.844730	12	22	80	54	
=============================================================================

============================ TIPI SLAB Statistics ============================

================================= TIPI =======================================
TIPI SLAB	 0.060000 - 0.064000
============================ CORE Statistics ============================
L	 12
R	 23
OPTIMUM CORE FREQUENCY	 -1
JPI[0]	JPI[1]	JPI[2]	JPI[3]	JPI[4]	JPI[5]	JPI[6]	JPI[7]	JPI[8]	JPI[9]	JPI[10]	JPI[11]	
0.0000000000	0.0000000000	0.0000000000	0.0000000000	0.0000000000	0.0000000000	0.0000000000	0.0000000000	0.0000000000	0.0000000035	0.0000000000	0.0000000036	
============================ UNCORE Statistics ============================
LU	 12
RU	 22
LG	 0
RG	 0
OPTIMUM UNCORE FREQUENCY	 0
JPIU[0]	JPIU[1]	JPIU[2]	JPIU[3]	JPIU[4]	JPIU[5]	JPIU[6]	JPIU[7]	JPIU[8]	JPIU[9]	JPIU[10]	JPIU[11]	JPIU[12]	JPIU[13]	JPIU[14]	JPIU[15]	JPIU[16]	JPIU[17]	JPIU[18]	
0.0000000000	0.0000000000	0.0000000000	0.0000000000	0.0000000000	0.0000000000	0.0000000000	0.0000000000	0.0000000000	0.0000000000	0.0000000000	0.0000000000	0.0000000000	0.0000000000	0.0000000000	0.0000000000	0.0000000000	0.0000000000	0.0000000000	
==============================================================================

================================= TIPI =======================================
TIPI SLAB	 0.064000 - 0.068000
============================ CORE Statistics ============================
L	 12
R	 13
OPTIMUM CORE FREQUENCY	 12
JPI[0]	JPI[1]	JPI[2]	JPI[3]	JPI[4]	JPI[5]	JPI[6]	JPI[7]	JPI[8]	JPI[9]	JPI[10]	JPI[11]	
0.0000000032	0.0000000032	0.0000000000	0.0000000032	0.0000000000	0.0000000033	0.0000000000	0.0000000034	0.0000000000	0.0000000036	0.0000000000	0.0000000037	
============================ UNCORE Statistics ============================
LU	 22
RU	 22
LG	 22
RG	 30
OPTIMUM UNCORE FREQUENCY	 22
JPIU[0]	JPIU[1]	JPIU[2]	JPIU[3]	JPIU[4]	JPIU[5]	JPIU[6]	JPIU[7]	JPIU[8]	JPIU[9]	JPIU[10]	JPIU[11]	JPIU[12]	JPIU[13]	JPIU[14]	JPIU[15]	JPIU[16]	JPIU[17]	JPIU[18]	
0.0000000000	0.0000000000	0.0000000000	0.0000000000	0.0000000000	0.0000000000	0.0000000000	0.0000000000	0.0000000000	0.0000000000	0.0000000027	0.0000000000	0.0000000028	0.0000000000	0.0000000029	0.0000000000	0.0000000030	0.0000000000	0.0000000032	
==============================================================================

==============================================================================
===== Test PASSED in 0.0 msec =====
Testing exp: 0.000000

-----
mkdir timedrun fake

Input(case 0): nx=32768, ny=32768, nt=200, leafmaxcol=8
Heat started...
Heat ended...

Heat
 dx =  0.000048
  dy =  0.000048
  dt =  0.000000
  Stability Value for explicit method must be > 0: 0.064855
 Options: granularity = 8
         nx          = 32768
         ny          = 32768
         nt          = 200

============================ Tabulate Statistics ============================
PWR_PKG_ENERGY	INST_RETIRED	TOR_OCCUPANCY	RR_OCCUPANCY	TIPI	L3_MISS	L2_MISS	TIME	RANGE_L	RANGE_R	DISTINCT_SLABS	OPT_CORE_SLABS	OPT_UNCORE_SLABS	0.06000_0.06400_PERC	0.06000_0.06400_CF	0.06000_0.06400_UF	0.06000_0.06400_CT	0.06000_0.06400_UT	0.06400_0.06800_PERC	0.06400_0.06800_CF	0.06400_0.06800_UF	0.06400_0.06800_CT	0.06400_0.06800_UT	
11095.436829	3906075683844	126626323853	126627842902	0.064836	388426905	3342018152	79403.418182	0.060000	0.068000	2	1	1	0.163183	-1	0	203	0	0.836817	12	22	78	60	
=============================================================================

============================ TIPI SLAB Statistics ============================

================================= TIPI =======================================
TIPI SLAB	 0.060000 - 0.064000
============================ CORE Statistics ============================
L	 12
R	 23
OPTIMUM CORE FREQUENCY	 -1
JPI[0]	JPI[1]	JPI[2]	JPI[3]	JPI[4]	JPI[5]	JPI[6]	JPI[7]	JPI[8]	JPI[9]	JPI[10]	JPI[11]	
0.0000000000	0.0000000000	0.0000000000	0.0000000000	0.0000000000	0.0000000000	0.0000000000	0.0000000000	0.0000000000	0.0000000035	0.0000000000	0.0000000036	
============================ UNCORE Statistics ============================
LU	 12
RU	 22
LG	 0
RG	 0
OPTIMUM UNCORE FREQUENCY	 0
JPIU[0]	JPIU[1]	JPIU[2]	JPIU[3]	JPIU[4]	JPIU[5]	JPIU[6]	JPIU[7]	JPIU[8]	JPIU[9]	JPIU[10]	JPIU[11]	JPIU[12]	JPIU[13]	JPIU[14]	JPIU[15]	JPIU[16]	JPIU[17]	JPIU[18]	
0.0000000000	0.0000000000	0.0000000000	0.0000000000	0.0000000000	0.0000000000	0.0000000000	0.0000000000	0.0000000000	0.0000000000	0.0000000000	0.0000000000	0.0000000000	0.0000000000	0.0000000000	0.0000000000	0.0000000000	0.0000000000	0.0000000000	
==============================================================================

================================= TIPI =======================================
TIPI SLAB	 0.064000 - 0.068000
============================ CORE Statistics ============================
L	 12
R	 13
OPTIMUM CORE FREQUENCY	 12
JPI[0]	JPI[1]	JPI[2]	JPI[3]	JPI[4]	JPI[5]	JPI[6]	JPI[7]	JPI[8]	JPI[9]	JPI[10]	JPI[11]	
0.0000000032	0.0000000032	0.0000000000	0.0000000032	0.0000000000	0.0000000033	0.0000000000	0.0000000034	0.0000000000	0.0000000035	0.0000000000	0.0000000037	
============================ UNCORE Statistics ============================
LU	 22
RU	 22
LG	 22
RG	 30
OPTIMUM UNCORE FREQUENCY	 22
JPIU[0]	JPIU[1]	JPIU[2]	JPIU[3]	JPIU[4]	JPIU[5]	JPIU[6]	JPIU[7]	JPIU[8]	JPIU[9]	JPIU[10]	JPIU[11]	JPIU[12]	JPIU[13]	JPIU[14]	JPIU[15]	JPIU[16]	JPIU[17]	JPIU[18]	
0.0000000000	0.0000000000	0.0000000000	0.0000000000	0.0000000000	0.0000000000	0.0000000000	0.0000000000	0.0000000000	0.0000000000	0.0000000027	0.0000000000	0.0000000028	0.0000000000	0.0000000030	0.0000000000	0.0000000030	0.0000000000	0.0000000032	
==============================================================================

==============================================================================
===== Test PASSED in 0.0 msec =====
Testing exp: 0.000000
Testing exp: 0.000000
Testing exp: 0.000000

-----
mkdir timedrun fake

Input(case 0): nx=32768, ny=32768, nt=200, leafmaxcol=8
Heat started...
Heat ended...

Heat
 dx =  0.000048
  dy =  0.000048
  dt =  0.000000
  Stability Value for explicit method must be > 0: 0.064855
 Options: granularity = 8
         nx          = 32768
         ny          = 32768
         nt          = 200

============================ Tabulate Statistics ============================
PWR_PKG_ENERGY	INST_RETIRED	TOR_OCCUPANCY	RR_OCCUPANCY	TIPI	L3_MISS	L2_MISS	TIME	RANGE_L	RANGE_R	DISTINCT_SLABS	OPT_CORE_SLABS	OPT_UNCORE_SLABS	0.06000_0.06400_PERC	0.06000_0.06400_CF	0.06000_0.06400_UF	0.06000_0.06400_CT	0.06000_0.06400_UT	0.06400_0.06800_PERC	0.06400_0.06800_CF	0.06400_0.06800_UF	0.06400_0.06800_CT	0.06400_0.06800_UT	
11096.433899	3906801496230	126705859294	126707763853	0.064865	390736267	3393030197	79253.721524	0.060000	0.068000	2	1	1	0.165862	-1	0	206	0	0.834138	12	22	80	56	
=============================================================================

============================ TIPI SLAB Statistics ============================

================================= TIPI =======================================
TIPI SLAB	 0.060000 - 0.064000
============================ CORE Statistics ============================
L	 12
R	 23
OPTIMUM CORE FREQUENCY	 -1
JPI[0]	JPI[1]	JPI[2]	JPI[3]	JPI[4]	JPI[5]	JPI[6]	JPI[7]	JPI[8]	JPI[9]	JPI[10]	JPI[11]	
0.0000000000	0.0000000000	0.0000000000	0.0000000000	0.0000000000	0.0000000000	0.0000000000	0.0000000000	0.0000000000	0.0000000035	0.0000000000	0.0000000036	
============================ UNCORE Statistics ============================
LU	 12
RU	 22
LG	 0
RG	 0
OPTIMUM UNCORE FREQUENCY	 0
JPIU[0]	JPIU[1]	JPIU[2]	JPIU[3]	JPIU[4]	JPIU[5]	JPIU[6]	JPIU[7]	JPIU[8]	JPIU[9]	JPIU[10]	JPIU[11]	JPIU[12]	JPIU[13]	JPIU[14]	JPIU[15]	JPIU[16]	JPIU[17]	JPIU[18]	
0.0000000000	0.0000000000	0.0000000000	0.0000000000	0.0000000000	0.0000000000	0.0000000000	0.0000000000	0.0000000000	0.0000000000	0.0000000000	0.0000000000	0.0000000000	0.0000000000	0.0000000000	0.0000000000	0.0000000000	0.0000000000	0.0000000000	
==============================================================================

================================= TIPI =======================================
TIPI SLAB	 0.064000 - 0.068000
============================ CORE Statistics ============================
L	 12
R	 13
OPTIMUM CORE FREQUENCY	 12
JPI[0]	JPI[1]	JPI[2]	JPI[3]	JPI[4]	JPI[5]	JPI[6]	JPI[7]	JPI[8]	JPI[9]	JPI[10]	JPI[11]	
0.0000000032	0.0000000032	0.0000000000	0.0000000032	0.0000000000	0.0000000033	0.0000000000	0.0000000034	0.0000000000	0.0000000035	0.0000000000	0.0000000037	
============================ UNCORE Statistics ============================
LU	 22
RU	 22
LG	 22
RG	 30
OPTIMUM UNCORE FREQUENCY	 22
JPIU[0]	JPIU[1]	JPIU[2]	JPIU[3]	JPIU[4]	JPIU[5]	JPIU[6]	JPIU[7]	JPIU[8]	JPIU[9]	JPIU[10]	JPIU[11]	JPIU[12]	JPIU[13]	JPIU[14]	JPIU[15]	JPIU[16]	JPIU[17]	JPIU[18]	
0.0000000000	0.0000000000	0.0000000000	0.0000000000	0.0000000000	0.0000000000	0.0000000000	0.0000000000	0.0000000000	0.0000000000	0.0000000027	0.0000000000	0.0000000028	0.0000000000	0.0000000029	0.0000000000	0.0000000030	0.0000000000	0.0000000032	
==============================================================================

==============================================================================
===== Test PASSED in 0.0 msec =====
