
-----
mkdir timedrun fake

Running with these driver parameters:
  solver ID    = 1

  Laplacian_27pt:
    (Nx, Ny, Nz) = (256, 256, 1024)
    (Px, Py, Pz) = (1, 1, 1)

=============================================
Generate Matrix:
=============================================
Spatial Operator:
  wall clock time = 12.719912 seconds
  wall MFLOPS     = 0.000000
  cpu clock time  = 186.648601 seconds
  cpu MFLOPS      = 0.000000

  RHS vector has unit components
  Initial guess is 0
=============================================
IJ Vector Setup:
=============================================
RHS and Initial Guess:
  wall clock time = 0.551268 seconds
  wall MFLOPS     = 0.000000
  cpu clock time  = 3.922921 seconds
  cpu MFLOPS      = 0.000000

=============================================
Problem 1: AMG Setup Time:
=============================================
PCG Setup:
  wall clock time = 40.108239 seconds
  wall MFLOPS     = 0.000000
  cpu clock time  = 451.133803 seconds
  cpu MFLOPS      = 0.000000


FOM_Setup: nnz_AP / Setup Phase Time: 4.907322e+07

=============================================
Problem 1: AMG-PCG Solve Time:
=============================================
PCG Solve:
  wall clock time = 64.716978 seconds
  wall MFLOPS     = 0.000000
  cpu clock time  = 1269.623033 seconds
  cpu MFLOPS      = 0.000000


Iterations = 22
Final Relative Residual Norm = 9.755986e-09


FOM_Solve: nnz_AP * Iterations / Solve Phase Time: 6.690870e+08



Figure of Merit (FOM_1): 5.140835e+08


============================ Unprocessed Statistics ============================
TIPI	JPI	Uncore1	Uncore2
0.35033	0.00000004728055	30	30
0.14883	0.00000000504267	30	30
0.14914	0.00000000511325	30	30
0.14895	0.00000000502082	30	30
0.14911	0.00000000529324	30	30
0.14932	0.00000000525388	30	30
0.14966	0.00000000500677	30	30
0.14952	0.00000000506545	30	30
0.14980	0.00000000525732	30	30
0.14996	0.00000000534913	30	30
0.15022	0.00000000531640	30	30
0.14971	0.00000000539544	30	30
0.14992	0.00000000540380	30	30
0.15044	0.00000000528886	30	30
0.14980	0.00000000527543	30	30
0.14943	0.00000000520328	30	30
0.14913	0.00000000509017	30	30
0.35157	0.00000004406890	30	30
0.14547	0.00000000494698	30	30
0.14522	0.00000000494229	30	30
0.14571	0.00000000500104	30	30
0.14542	0.00000000491820	30	30
0.14539	0.00000000515960	30	30
0.14555	0.00000000498423	30	30
0.14551	0.00000000499111	30	30
0.14536	0.00000000494043	30	30
0.14521	0.00000000515585	30	30
0.14568	0.00000000516780	30	30
0.14548	0.00000000514370	30	30
0.14531	0.00000000509114	30	30
0.14551	0.00000000510382	30	30
0.14544	0.00000000523154	30	30
0.14547	0.00000000521403	30	30
0.14545	0.00000000508541	30	30
0.14540	0.00000000498739	30	30
0.14532	0.00000000495583	30	30
0.14540	0.00000000499682	30	30
0.14563	0.00000000500536	30	30
0.14529	0.00000000494925	30	30
0.14541	0.00000000504813	30	30
0.14558	0.00000000506531	30	30
0.14543	0.00000000509715	30	30
0.14508	0.00000000494103	30	30
0.14554	0.00000000513246	30	30
0.14540	0.00000000516867	30	30
0.14518	0.00000000517182	30	30
0.14575	0.00000000515886	30	30
0.14542	0.00000000513165	30	30
0.14564	0.00000000512488	30	30
0.14516	0.00000000512519	30	30
0.14558	0.00000000531636	30	30
0.14529	0.00000000505133	30	30
0.15143	0.00000000515789	30	30
0.15124	0.00000000517527	30	30
0.15157	0.00000000520890	30	30
0.15131	0.00000000512236	30	30
0.15115	0.00000000531974	30	30
0.15167	0.00000000515475	30	30
0.15124	0.00000000518531	30	30
0.15133	0.00000000538193	30	30
0.15132	0.00000000537117	30	30
0.15130	0.00000000536711	30	30
0.15160	0.00000000535611	30	30
0.15105	0.00000000535363	30	30
0.15162	0.00000000530201	30	30
0.15129	0.00000000530848	30	30
0.15111	0.00000000533357	30	30
0.15177	0.00000000535616	30	30
0.12553	0.00000000493603	30	30
0.14530	0.00000000498835	30	30
0.14543	0.00000000500551	30	30
0.14572	0.00000000502983	30	30
0.14536	0.00000000497571	30	30
0.14526	0.00000000503025	30	30
0.14558	0.00000000507178	30	30
0.14544	0.00000000494077	30	30
0.14537	0.00000000491792	30	30
0.14514	0.00000000511331	30	30
0.14550	0.00000000542353	30	30
0.14538	0.00000000516737	30	30
0.14574	0.00000000517208	30	30
0.14516	0.00000000512270	30	30
0.14549	0.00000000512329	30	30
0.14538	0.00000000516447	30	30
0.14541	0.00000000509428	30	30
0.14537	0.00000000515435	30	30
0.14543	0.00000000501706	30	30
0.14558	0.00000000499764	30	30
0.14553	0.00000000527169	30	30
0.14525	0.00000000497670	30	30
0.14531	0.00000000509039	30	30
0.14564	0.00000000500341	30	30
0.14549	0.00000000492063	30	30
0.14521	0.00000000498392	30	30
0.14552	0.00000000518875	30	30
0.14539	0.00000000515808	30	30
0.14526	0.00000000517307	30	30
0.14554	0.00000000515851	30	30
0.14555	0.00000000538449	30	30
0.14530	0.00000000509576	30	30
0.14557	0.00000000518663	30	30
0.14554	0.00000000507846	30	30
0.14905	0.00000000511043	30	30
0.14913	0.00000000511948	30	30
0.14910	0.00000000514899	30	30
0.14923	0.00000000511584	30	30
0.14903	0.00000000517040	30	30
0.14930	0.00000000511078	30	30
0.14911	0.00000000507109	30	30
0.14889	0.00000000509417	30	30
0.14931	0.00000000528021	30	30
0.14905	0.00000000531409	30	30
0.14911	0.00000000529518	30	30
0.14922	0.00000000524630	30	30
0.14918	0.00000000524800	30	30
0.14902	0.00000000514355	30	30
0.14910	0.00000000532258	30	30
0.14538	0.00000000498474	30	30
0.14543	0.00000000496650	30	30
0.14540	0.00000000501580	30	30
0.14534	0.00000000493410	30	30
0.14543	0.00000000502396	30	30
0.14560	0.00000000508694	30	30
0.14514	0.00000000490574	30	30
0.14558	0.00000000494556	30	30
0.14542	0.00000000522843	30	30
0.14523	0.00000000529346	30	30
0.14524	0.00000000518719	30	30
0.14572	0.00000000513040	30	30
0.14549	0.00000000510905	30	30
0.14560	0.00000000512805	30	30
0.14533	0.00000000510321	30	30
0.14535	0.00000000510041	30	30
0.14554	0.00000000517222	30	30
0.14553	0.00000000499570	30	30
0.14524	0.00000000511208	30	30
0.14547	0.00000000500781	30	30
0.14551	0.00000000497272	30	30
0.14530	0.00000000508095	30	30
0.14586	0.00000000499557	30	30
0.14503	0.00000000492920	30	30
0.14553	0.00000000499399	30	30
0.14531	0.00000000532247	30	30
0.14514	0.00000000529192	30	30
0.14571	0.00000000516977	30	30
0.14556	0.00000000519698	30	30
0.14518	0.00000000513141	30	30
0.14564	0.00000000513915	30	30
0.14548	0.00000000514948	30	30
0.14546	0.00000000507709	30	30
0.14041	0.00000000584064	30	30
0.15116	0.00000000515879	30	30
0.15151	0.00000000519962	30	30
0.15131	0.00000000522808	30	30
0.15141	0.00000000516568	30	30
0.15118	0.00000000525574	30	30
0.15164	0.00000000528766	30	30
0.15106	0.00000000508811	30	30
0.15127	0.00000000518273	30	30
0.15162	0.00000000538849	30	30
0.15129	0.00000000552810	30	30
0.15133	0.00000000551475	30	30
0.15139	0.00000000535330	30	30
0.15142	0.00000000538372	30	30
0.15137	0.00000000531688	30	30
0.15123	0.00000000537412	30	30
0.15164	0.00000000529851	30	30
0.15043	0.00000000525123	30	30
0.12472	0.00000000533738	30	30
0.14577	0.00000000501503	30	30
0.14539	0.00000000504838	30	30
0.14544	0.00000000500971	30	30
0.14523	0.00000000500217	30	30
0.14544	0.00000000513982	30	30
0.14559	0.00000000520439	30	30
0.14516	0.00000000493567	30	30
0.14547	0.00000000512629	30	30
0.14536	0.00000000519933	30	30
0.14537	0.00000000516344	30	30
0.14562	0.00000000521286	30	30
0.14538	0.00000000515869	30	30
0.14547	0.00000000526703	30	30
0.14545	0.00000000527561	30	30
0.14534	0.00000000516363	30	30
0.14549	0.00000000508324	30	30
0.14490	0.00000000507509	30	30
0.14563	0.00000000500870	30	30
0.14531	0.00000000500692	30	30
0.14540	0.00000000502075	30	30
0.14546	0.00000000497894	30	30
0.14541	0.00000000512620	30	30
0.14549	0.00000000514255	30	30
0.14531	0.00000000484149	30	30
0.14550	0.00000000530074	30	30
0.14533	0.00000000518849	30	30
0.14506	0.00000000520136	30	30
0.14562	0.00000000516724	30	30
0.14561	0.00000000518114	30	30
0.14543	0.00000000514949	30	30
0.14547	0.00000000515261	30	30
0.14541	0.00000000524582	30	30
0.14544	0.00000000523488	30	30
0.14195	0.00000000610078	30	30
0.14896	0.00000000508559	30	30
0.14857	0.00000000509819	30	30
0.14895	0.00000000515891	30	30
0.14899	0.00000000520109	30	30
0.14844	0.00000000536027	30	30
0.14912	0.00000000508394	30	30
0.14875	0.00000000501634	30	30
0.14867	0.00000000517813	30	30
0.14875	0.00000000534092	30	30
0.14889	0.00000000530625	30	30
0.14890	0.00000000526586	30	30
0.14860	0.00000000527372	30	30
0.14925	0.00000000525271	30	30
0.14870	0.00000000537707	30	30
0.14901	0.00000000535559	30	30
0.14872	0.00000000514689	30	30
0.14537	0.00000000498991	30	30
0.14539	0.00000000499820	30	30
0.14527	0.00000000497178	30	30
0.14570	0.00000000510613	30	30
0.14525	0.00000000521471	30	30
0.14558	0.00000000493358	30	30
0.14539	0.00000000491339	30	30
0.14521	0.00000000502911	30	30
0.14558	0.00000000518314	30	30
0.14530	0.00000000518651	30	30
0.14602	0.00000000512094	30	30
0.14484	0.00000000536845	30	30
0.14524	0.00000000511085	30	30
0.14559	0.00000000513297	30	30
0.14559	0.00000000512644	30	30
0.14555	0.00000000500249	30	30
0.14558	0.00000000500736	30	30
0.14549	0.00000000499267	30	30
0.14526	0.00000000506175	30	30
0.14558	0.00000000499168	30	30
0.14524	0.00000000516774	30	30
0.14527	0.00000000507871	30	30
0.14561	0.00000000494385	30	30
0.14543	0.00000000503893	30	30
0.14529	0.00000000513323	30	30
0.14540	0.00000000519583	30	30
0.14543	0.00000000521568	30	30
0.14550	0.00000000518968	30	30
0.14531	0.00000000513466	30	30
0.14546	0.00000000517319	30	30
0.14540	0.00000000530606	30	30
0.14574	0.00000000521944	30	30
0.14473	0.00000000506478	30	30
0.15122	0.00000000520168	30	30
0.15165	0.00000000520980	30	30
0.15124	0.00000000522415	30	30
0.15164	0.00000000519481	30	30
0.15097	0.00000000518290	30	30
0.15151	0.00000000534941	30	30
0.15144	0.00000000512764	30	30
0.15104	0.00000000512483	30	30
0.15144	0.00000000547363	30	30
0.15142	0.00000000553969	30	30
0.15132	0.00000000539327	30	30
0.15141	0.00000000538763	30	30
0.15153	0.00000000537341	30	30
0.15124	0.00000000534286	30	30
0.15124	0.00000000536284	30	30
0.15165	0.00000000536067	30	30
0.15135	0.00000000525673	30	30
0.12487	0.00000000499210	30	30
0.17495	0.00000000712750	30	30
0.14559	0.00000000499635	30	30
0.14530	0.00000000524576	30	30
0.14532	0.00000000506718	30	30
0.14554	0.00000000498145	30	30
0.14546	0.00000000509140	30	30
0.14551	0.00000000504090	30	30
0.14534	0.00000000494015	30	30
0.14545	0.00000000500200	30	30
0.14527	0.00000000517753	30	30
0.14512	0.00000000519216	30	30
0.14565	0.00000000521542	30	30
0.14561	0.00000000530905	30	30
0.14530	0.00000000526791	30	30
0.14536	0.00000000514501	30	30
0.14548	0.00000000518084	30	30
0.14544	0.00000000508089	30	30
0.14580	0.00000000502167	30	30
0.14548	0.00000000500807	30	30
0.14523	0.00000000504558	30	30
0.14555	0.00000000501998	30	30
0.14547	0.00000000501316	30	30
0.14535	0.00000000513371	30	30
0.14534	0.00000000496508	30	30
0.14566	0.00000000494579	30	30
0.14524	0.00000000518463	30	30
0.14553	0.00000000532657	30	30
0.14525	0.00000000521242	30	30
0.14555	0.00000000518026	30	30
0.14560	0.00000000515928	30	30
0.14527	0.00000000516055	30	30
0.14555	0.00000000514317	30	30
0.14520	0.00000000527961	30	30
0.14527	0.00000000506837	30	30
0.14866	0.00000000511984	30	30
0.14879	0.00000000511838	30	30
0.14907	0.00000000526015	30	30
0.14852	0.00000000520642	30	30
0.14896	0.00000000528930	30	30
0.14880	0.00000000505621	30	30
0.14900	0.00000000501111	30	30
0.14843	0.00000000525790	30	30
0.14908	0.00000000532182	30	30
0.14902	0.00000000532068	30	30
0.14875	0.00000000529402	30	30
0.14900	0.00000000527456	30	30
0.14871	0.00000000539685	30	30
0.14913	0.00000000538456	30	30
0.14866	0.00000000525418	30	30
0.14889	0.00000000514946	30	30
0.14569	0.00000000498601	30	30
0.14504	0.00000000497278	30	30
0.14546	0.00000000503830	30	30
0.14535	0.00000000496781	30	30
0.14523	0.00000000500158	30	30
0.14564	0.00000000511655	30	30
0.14551	0.00000000502822	30	30
0.14553	0.00000000494130	30	30
0.14512	0.00000000525294	30	30
0.14554	0.00000000520858	30	30
0.14533	0.00000000516652	30	30
0.14536	0.00000000513057	30	30
0.14557	0.00000000516774	30	30
0.14551	0.00000000511956	30	30
0.14514	0.00000000524174	30	30
0.14559	0.00000000515386	30	30
0.14550	0.00000000515474	30	30
0.14511	0.00000000504874	30	30
0.14571	0.00000000512405	30	30
0.14539	0.00000000506668	30	30
0.14529	0.00000000508521	30	30
0.14547	0.00000000509786	30	30
0.14552	0.00000000506811	30	30
0.14546	0.00000000492940	30	30
0.14518	0.00000000498891	30	30
0.14546	0.00000000516613	30	30
0.14549	0.00000000520746	30	30
0.14513	0.00000000520611	30	30
0.14565	0.00000000519225	30	30
0.14542	0.00000000518304	30	30
0.14570	0.00000000538742	30	30
0.14517	0.00000000517435	30	30
0.14566	0.00000000513472	30	30
0.15141	0.00000000518891	30	30
0.15142	0.00000000521368	30	30
0.15130	0.00000000527482	30	30
0.15150	0.00000000517891	30	30
0.15110	0.00000000522955	30	30
0.15133	0.00000000545548	30	30
0.15163	0.00000000511178	30	30
0.15131	0.00000000526886	30	30
0.15174	0.00000000536002	30	30
0.15087	0.00000000543050	30	30
0.15160	0.00000000541007	30	30
0.15153	0.00000000535943	30	30
0.15106	0.00000000537802	30	30
0.15155	0.00000000549314	30	30
0.15122	0.00000000548384	30	30
0.15133	0.00000000533410	30	30
0.15172	0.00000000526356	30	30
0.12644	0.00000000514456	30	30
0.12602	0.00000000526708	30	30
0.12506	0.00000000550976	30	30
0.14528	0.00000000501076	30	30
0.14550	0.00000000504106	30	30
0.14554	0.00000000504282	30	30
0.14551	0.00000000497904	30	30
0.14509	0.00000000515148	30	30
0.14561	0.00000000510920	30	30
0.14537	0.00000000494336	30	30
0.14515	0.00000000516871	30	30
0.14580	0.00000000523832	30	30
0.14547	0.00000000522577	30	30
0.14566	0.00000000517241	30	30
0.14534	0.00000000518400	30	30
0.14537	0.00000000515853	30	30
0.14567	0.00000000516657	30	30
0.14618	0.00000000535957	30	30
0.14617	0.00000000525818	30	30
0.14651	0.00000000508269	30	30
0.14698	0.00000000504989	30	30
0.14620	0.00000000524977	30	30
0.14633	0.00000000494646	30	30
0.14765	0.00000000538519	30	30
0.14650	0.00000000519951	30	30
0.14524	0.00000000493013	30	30
0.14562	0.00000000496307	30	30
0.14522	0.00000000512445	30	30
0.14550	0.00000000521780	30	30
0.14546	0.00000000522209	30	30
0.14555	0.00000000531443	30	30
0.14546	0.00000000529399	30	30
0.14536	0.00000000519268	30	30
0.14561	0.00000000515396	30	30
0.14549	0.00000000515393	30	30
0.14543	0.00000000506617	30	30
0.14861	0.00000000513250	30	30
0.14911	0.00000000515535	30	30
0.14881	0.00000000507508	30	30
0.14860	0.00000000528193	30	30
0.14903	0.00000000524252	30	30
0.14880	0.00000000516531	30	30
0.14895	0.00000000507878	30	30
0.14851	0.00000000531070	30	30
0.14901	0.00000000534419	30	30
0.14877	0.00000000531613	30	30
0.14873	0.00000000527733	30	30
0.14906	0.00000000529801	30	30
0.14871	0.00000000526203	30	30
0.14949	0.00000000541382	30	30
0.14836	0.00000000534921	30	30
0.14859	0.00000000519985	30	30
0.14538	0.00000000510226	30	30
0.14534	0.00000000500285	30	30
0.14564	0.00000000505042	30	30
0.14529	0.00000000497313	30	30
0.14529	0.00000000501445	30	30
0.14551	0.00000000511582	30	30
0.14553	0.00000000490526	30	30
0.14555	0.00000000493471	30	30
0.14504	0.00000000510291	30	30
0.14556	0.00000000533239	30	30
0.14540	0.00000000518908	30	30
0.14556	0.00000000531326	30	30
0.14550	0.00000000514327	30	30
0.14550	0.00000000514698	30	30
0.14544	0.00000000513613	30	30
0.14538	0.00000000514989	30	30
0.14550	0.00000000503148	30	30
0.14525	0.00000000500122	30	30
0.14561	0.00000000503097	30	30
0.14544	0.00000000504887	30	30
0.14542	0.00000000507320	30	30
0.14528	0.00000000512219	30	30
0.14544	0.00000000517095	30	30
0.14553	0.00000000491791	30	30
0.14528	0.00000000503356	30	30
0.14544	0.00000000518539	30	30
0.14548	0.00000000522258	30	30
0.14555	0.00000000519459	30	30
0.14552	0.00000000520063	30	30
0.14546	0.00000000516833	30	30
0.14551	0.00000000537900	30	30
0.14516	0.00000000519272	30	30
0.14563	0.00000000514239	30	30
0.15133	0.00000000520073	30	30
0.15175	0.00000000520631	30	30
0.15106	0.00000000526169	30	30
0.15150	0.00000000519623	30	30
0.15119	0.00000000526871	30	30
0.15143	0.00000000545533	30	30
0.15140	0.00000000525524	30	30
0.15129	0.00000000519343	30	30
0.15154	0.00000000539223	30	30
0.15120	0.00000000546888	30	30
0.15123	0.00000000540927	30	30
0.15151	0.00000000534289	30	30
0.15133	0.00000000541509	30	30
0.15135	0.00000000548065	30	30
0.15136	0.00000000548717	30	30
0.15127	0.00000000533381	30	30
0.15144	0.00000000531762	30	30
0.12405	0.00000000537314	30	30
0.14538	0.00000000501151	30	30
0.14526	0.00000000518807	30	30
0.14568	0.00000000513985	30	30
0.14536	0.00000000501231	30	30
0.14523	0.00000000515366	30	30
0.14565	0.00000000499442	30	30
0.14548	0.00000000491668	30	30
0.14524	0.00000000507807	30	30
0.14534	0.00000000524241	30	30
0.14544	0.00000000523808	30	30
0.14539	0.00000000529800	30	30
0.14537	0.00000000519779	30	30
0.14555	0.00000000530372	30	30
0.14535	0.00000000514608	30	30
0.14530	0.00000000516577	30	30
0.14571	0.00000000512919	30	30
0.14552	0.00000000502889	30	30
0.14533	0.00000000504956	30	30
0.14552	0.00000000506499	30	30
0.14535	0.00000000500192	30	30
0.14517	0.00000000509277	30	30
0.14578	0.00000000518225	30	30
0.14540	0.00000000507993	30	30
0.14535	0.00000000495542	30	30
0.14519	0.00000000518558	30	30
0.14554	0.00000000519004	30	30
0.14544	0.00000000520077	30	30
0.14527	0.00000000521138	30	30
0.14557	0.00000000519769	30	30
0.14544	0.00000000515074	30	30
0.14549	0.00000000518894	30	30
0.14522	0.00000000520393	30	30
0.14007	0.00000000497567	30	30
0.14903	0.00000000516001	30	30
0.14881	0.00000000509887	30	30
0.14894	0.00000000515634	30	30
0.14851	0.00000000508405	30	30
0.14898	0.00000000524503	30	30
0.14888	0.00000000521786	30	30
0.14863	0.00000000514006	30	30
0.14904	0.00000000519257	30	30
0.14870	0.00000000534169	30	30
0.14898	0.00000000530600	30	30
0.14876	0.00000000532729	30	30
0.14884	0.00000000529701	30	30
0.14884	0.00000000526148	30	30
0.14859	0.00000000528391	30	30
0.14908	0.00000000539944	30	30
0.14887	0.00000000529844	30	30
0.14552	0.00000000499586	30	30
0.14532	0.00000000501178	30	30
0.14544	0.00000000502207	30	30
0.14536	0.00000000500371	30	30
0.14528	0.00000000510075	30	30
0.14572	0.00000000507431	30	30
0.14549	0.00000000492727	30	30
0.14551	0.00000000512838	30	30
0.14503	0.00000000520332	30	30
0.14552	0.00000000517261	30	30
0.14539	0.00000000516168	30	30
0.14527	0.00000000515661	30	30
0.14568	0.00000000515297	30	30
0.14548	0.00000000510406	30	30
0.14531	0.00000000527854	30	30
0.14543	0.00000000517653	30	30
0.14556	0.00000000514510	30	30
0.14532	0.00000000514984	30	30
0.14526	0.00000000505876	30	30
0.14551	0.00000000498588	30	30
0.14505	0.00000000507230	30	30
0.14598	0.00000000512676	30	30
0.14524	0.00000000492601	30	30
0.14533	0.00000000497261	30	30
0.14536	0.00000000516924	30	30
0.14537	0.00000000534344	30	30
0.14568	0.00000000534331	30	30
0.14508	0.00000000519094	30	30
0.14556	0.00000000516875	30	30
0.14558	0.00000000517676	30	30
0.14512	0.00000000519457	30	30
0.14568	0.00000000514040	30	30
0.14495	0.00000000520747	30	30
0.15156	0.00000000523285	30	30
0.15152	0.00000000530938	30	30
0.15089	0.00000000523224	30	30
0.15171	0.00000000524300	30	30
0.15122	0.00000000521067	30	30
0.15161	0.00000000535799	30	30
0.15110	0.00000000518149	30	30
0.15144	0.00000000515448	30	30
0.15133	0.00000000533383	30	30
0.15104	0.00000000556224	30	30
0.15176	0.00000000542159	30	30
0.15129	0.00000000551642	30	30
0.15118	0.00000000538335	30	30
0.15152	0.00000000536717	30	30
0.15132	0.00000000539108	30	30
0.15158	0.00000000534067	30	30
0.15119	0.00000000527952	30	30
0.14574	0.00000000503974	30	30
0.14508	0.00000000513741	30	30
0.14565	0.00000000509288	30	30
0.14549	0.00000000510998	30	30
0.14512	0.00000000509853	30	30
0.14561	0.00000000503810	30	30
0.14559	0.00000000495032	30	30
0.14507	0.00000000499532	30	30
0.14533	0.00000000523498	30	30
0.14545	0.00000000518417	30	30
0.14561	0.00000000534595	30	30
0.14529	0.00000000516960	30	30
0.14555	0.00000000531738	30	30
0.14544	0.00000000512855	30	30
0.14528	0.00000000518554	30	30
0.14552	0.00000000510584	30	30
0.14441	0.00000000506387	30	30
0.14500	0.00000000502439	30	30
0.14528	0.00000000504907	30	30
0.14553	0.00000000511918	30	30
0.14527	0.00000000502266	30	30
0.14559	0.00000000528025	30	30
0.14545	0.00000000496883	30	30
0.14542	0.00000000494296	30	30
0.14537	0.00000000508758	30	30
0.14531	0.00000000523679	30	30
0.14562	0.00000000522223	30	30
0.14523	0.00000000522387	30	30
0.14562	0.00000000533040	30	30
0.14538	0.00000000518539	30	30
0.14535	0.00000000526955	30	30
0.14564	0.00000000519687	30	30
0.14552	0.00000000507522	30	30
0.14902	0.00000000524642	30	30
0.14878	0.00000000522536	30	30
0.14884	0.00000000517354	30	30
0.14884	0.00000000512695	30	30
0.14870	0.00000000516693	30	30
0.14890	0.00000000522500	30	30
0.14871	0.00000000507175	30	30
0.14900	0.00000000510309	30	30
0.14869	0.00000000531860	30	30
0.14889	0.00000000532000	30	30
0.14891	0.00000000535228	30	30
0.14880	0.00000000540199	30	30
0.14892	0.00000000540691	30	30
0.14873	0.00000000529015	30	30
0.14880	0.00000000527776	30	30
0.14895	0.00000000523642	30	30
0.14821	0.00000000515986	30	30
0.14800	0.00000000608206	30	30
0.14555	0.00000000498829	30	30
0.14532	0.00000000498149	30	30
0.14553	0.00000000504835	30	30
0.14533	0.00000000497793	30	30
0.14554	0.00000000502536	30	30
0.14529	0.00000000521296	30	30
0.14535	0.00000000492933	30	30
0.14550	0.00000000494523	30	30
0.14538	0.00000000520835	30	30
0.14539	0.00000000518768	30	30
0.14548	0.00000000521706	30	30
0.14551	0.00000000516868	30	30
0.14554	0.00000000513169	30	30
0.14528	0.00000000515877	30	30
0.14544	0.00000000515996	30	30
0.14536	0.00000000523319	30	30
0.14486	0.00000000516333	30	30
0.14546	0.00000000504174	30	30
0.14531	0.00000000515044	30	30
0.14543	0.00000000505533	30	30
0.14543	0.00000000501889	30	30
0.14526	0.00000000511327	30	30
0.14533	0.00000000498610	30	30
0.14577	0.00000000499278	30	30
0.14528	0.00000000501088	30	30
0.14564	0.00000000522640	30	30
0.14540	0.00000000535499	30	30
0.14535	0.00000000533152	30	30
0.14549	0.00000000515776	30	30
0.14523	0.00000000519292	30	30
0.14554	0.00000000516581	30	30
0.14557	0.00000000518477	30	30
0.14519	0.00000000506550	30	30
0.14277	0.00000000556049	30	30
0.15115	0.00000000536108	30	30
0.15155	0.00000000522376	30	30
0.15141	0.00000000525853	30	30
0.15131	0.00000000527642	30	30
0.15124	0.00000000532977	30	30
0.15152	0.00000000525954	30	30
0.15141	0.00000000515290	30	30
0.15105	0.00000000524780	30	30
0.15145	0.00000000541175	30	30
0.15125	0.00000000543422	30	30
0.15125	0.00000000555208	30	30
0.15173	0.00000000539892	30	30
0.15131	0.00000000550619	30	30
0.15126	0.00000000535135	30	30
0.15136	0.00000000539634	30	30
0.15155	0.00000000532021	30	30
0.12609	0.00000000572493	30	30
0.14515	0.00000000500536	30	30
0.14554	0.00000000501259	30	30
0.14545	0.00000000520320	30	30
0.14552	0.00000000501090	30	30
0.14512	0.00000000515753	30	30
0.14559	0.00000000514756	30	30
0.14544	0.00000000495283	30	30
0.14532	0.00000000495257	30	30
0.14539	0.00000000514483	30	30
0.14542	0.00000000521337	30	30
0.14514	0.00000000523790	30	30
0.14573	0.00000000523854	30	30
0.14551	0.00000000515642	30	30
0.14540	0.00000000530992	30	30
0.14530	0.00000000517107	30	30
0.14561	0.00000000530222	30	30
0.14546	0.00000000508593	30	30
0.14547	0.00000000503150	30	30
0.14535	0.00000000503553	30	30
0.14560	0.00000000506475	30	30
0.14514	0.00000000501448	30	30
0.14544	0.00000000512624	30	30
0.14556	0.00000000509557	30	30
0.14518	0.00000000495704	30	30
0.14556	0.00000000509698	30	30
0.14526	0.00000000531946	30	30
0.14563	0.00000000525420	30	30
0.14523	0.00000000518821	30	30
0.14555	0.00000000533919	30	30
0.14537	0.00000000517065	30	30
0.14524	0.00000000516277	30	30
0.14572	0.00000000517327	30	30
0.14536	0.00000000515537	30	30
0.14896	0.00000000513558	30	30
0.14877	0.00000000522960	30	30
0.14878	0.00000000520726	30	30
0.14882	0.00000000509051	30	30
0.14879	0.00000000524958	30	30
0.14876	0.00000000516901	30	30
0.14903	0.00000000506805	30	30
0.14866	0.00000000520360	30	30
0.14879	0.00000000546453	30	30
0.14886	0.00000000534841	30	30
0.14889	0.00000000544123	30	30
0.14876	0.00000000530203	30	30
0.14871	0.00000000530391	30	30
0.14905	0.00000000525783	30	30
0.14893	0.00000000529830	30	30
0.14877	0.00000000519633	30	30
0.14532	0.00000000501612	30	30
0.14538	0.00000000513362	30	30
0.14555	0.00000000502367	30	30
0.14516	0.00000000510337	30	30
0.14566	0.00000000511895	30	30
0.14546	0.00000000499161	30	30
0.14541	0.00000000492073	30	30
0.14518	0.00000000506578	30	30
0.14540	0.00000000519010	30	30
0.14551	0.00000000517216	30	30
0.14535	0.00000000522427	30	30
0.14545	0.00000000530246	30	30
0.14546	0.00000000525331	30	30
0.14547	0.00000000514785	30	30
0.14532	0.00000000515082	30	30
0.14556	0.00000000507110	30	30
0.14422	0.00000000505678	30	30
0.14526	0.00000000504242	30	30
0.14574	0.00000000503695	30	30
0.14537	0.00000000507548	30	30
0.14534	0.00000000500454	30	30
0.14542	0.00000000504143	30	30
0.14549	0.00000000516522	30	30
0.14563	0.00000000508306	30	30
0.14518	0.00000000495464	30	30
0.14541	0.00000000528446	30	30
0.14536	0.00000000522207	30	30
0.14513	0.00000000522810	30	30
0.14584	0.00000000520261	30	30
0.14537	0.00000000520392	30	30
0.14520	0.00000000515860	30	30
0.14561	0.00000000530730	30	30
0.14542	0.00000000531910	30	30
0.14577	0.00000000508377	30	30
0.15130	0.00000000523926	30	30
0.15185	0.00000000528962	30	30
0.15144	0.00000000522577	30	30
0.15128	0.00000000524566	30	30
0.15137	0.00000000549073	30	30
0.15176	0.00000000555275	30	30
0.15254	0.00000000551210	30	30
0.15267	0.00000000543583	30	30
0.15266	0.00000000554968	30	30
0.15247	0.00000000541894	30	30
0.15269	0.00000000555528	30	30
0.15260	0.00000000544940	30	30
0.15307	0.00000000554118	30	30
0.12495	0.00000000498564	30	30
0.14588	0.00000000502249	30	30
0.14521	0.00000000503471	30	30
0.14553	0.00000000521276	30	30
0.14527	0.00000000501663	30	30
0.14541	0.00000000509512	30	30
0.14617	0.00000000509266	30	30
0.14477	0.00000000494947	30	30
0.14546	0.00000000501586	30	30
0.14529	0.00000000518855	30	30
0.14534	0.00000000533736	30	30
0.14561	0.00000000525336	30	30
0.14529	0.00000000531554	30	30
0.14571	0.00000000518218	30	30
0.14503	0.00000000519265	30	30
0.14568	0.00000000520412	30	30
0.14531	0.00000000512129	30	30
0.14460	0.00000000508585	30	30
0.14547	0.00000000503710	30	30
0.14533	0.00000000503839	30	30
0.14547	0.00000000507258	30	30
0.14538	0.00000000513978	30	30
0.14546	0.00000000513840	30	30
0.14522	0.00000000499770	30	30
0.14562	0.00000000510001	30	30
0.14522	0.00000000505247	30	30
0.14561	0.00000000522651	30	30
0.14530	0.00000000523759	30	30
0.14540	0.00000000520253	30	30
0.14553	0.00000000520477	30	30
0.14519	0.00000000520100	30	30
0.14562	0.00000000531617	30	30
0.14548	0.00000000519040	30	30
0.14537	0.00000000519788	30	30
0.14872	0.00000000516951	30	30
0.14897	0.00000000503620	30	30
0.14878	0.00000000528514	30	30
0.14902	0.00000000523919	30	30
0.14861	0.00000000528968	30	30
0.14894	0.00000000510521	30	30
0.14887	0.00000000505219	30	30
0.14843	0.00000000524713	30	30
0.14910	0.00000000537174	30	30
0.14882	0.00000000533354	30	30
0.14876	0.00000000529428	30	30
0.14894	0.00000000546057	30	30
0.14882	0.00000000527298	30	30
0.14889	0.00000000541323	30	30
0.14871	0.00000000528257	30	30
0.14886	0.00000000519746	30	30
0.14524	0.00000000500822	30	30
0.14535	0.00000000503333	30	30
0.14550	0.00000000502310	30	30
0.14543	0.00000000500070	30	30
0.14538	0.00000000525773	30	30
0.14531	0.00000000497607	30	30
0.14559	0.00000000490824	30	30
0.14521	0.00000000515356	30	30
0.14540	0.00000000520383	30	30
0.14540	0.00000000518862	30	30
0.14557	0.00000000518009	30	30
0.14566	0.00000000515832	30	30
0.14520	0.00000000528190	30	30
0.14540	0.00000000514088	30	30
0.14547	0.00000000528671	30	30
0.14523	0.00000000506164	30	30
0.14542	0.00000000502812	30	30
0.14546	0.00000000502738	30	30
0.14532	0.00000000511555	30	30
0.14544	0.00000000499289	30	30
0.14534	0.00000000507842	30	30
0.14531	0.00000000515660	30	30
0.14565	0.00000000497060	30	30
0.14539	0.00000000495337	30	30
0.14510	0.00000000529822	30	30
0.14553	0.00000000538395	30	30
0.14558	0.00000000523721	30	30
0.14541	0.00000000521922	30	30
0.14514	0.00000000518546	30	30
0.14570	0.00000000518633	30	30
0.14535	0.00000000520104	30	30
0.14539	0.00000000515799	30	30
0.14471	0.00000000508144	30	30
0.15132	0.00000000525017	30	30
0.15161	0.00000000536824	30	30
0.15113	0.00000000527745	30	30
0.15148	0.00000000535217	30	30
0.15126	0.00000000522479	30	30
0.15142	0.00000000538366	30	30
0.15175	0.00000000516395	30	30
0.15117	0.00000000515849	30	30
0.15133	0.00000000536116	30	30
0.15138	0.00000000543342	30	30
0.15110	0.00000000556673	30	30
0.15173	0.00000000542343	30	30
0.15128	0.00000000552956	30	30
0.15156	0.00000000536283	30	30
0.15103	0.00000000541713	30	30
0.15148	0.00000000538480	30	30
0.15152	0.00000000527449	30	30
0.14561	0.00000000505784	30	30
0.14547	0.00000000504657	30	30
0.14524	0.00000000507752	30	30
0.14551	0.00000000501402	30	30
0.14531	0.00000000513223	30	30
0.14599	0.00000000516976	30	30
0.14504	0.00000000495623	30	30
0.14540	0.00000000513966	30	30
0.14527	0.00000000521888	30	30
0.14533	0.00000000521441	30	30
0.14569	0.00000000527052	30	30
0.14549	0.00000000520209	30	30
0.14529	0.00000000519236	30	30
0.14554	0.00000000530286	30	30
0.14540	0.00000000532326	30	30
0.14552	0.00000000516916	30	30
0.14498	0.00000000509795	30	30
0.14549	0.00000000503789	30	30
0.14532	0.00000000502406	30	30
0.14525	0.00000000511192	30	30
0.14565	0.00000000502197	30	30
0.14537	0.00000000509701	30	30
0.14532	0.00000000513368	30	30
0.14550	0.00000000496368	30	30
0.14544	0.00000000509469	30	30
0.14527	0.00000000519143	30	30
0.14541	0.00000000538139	30	30
0.14553	0.00000000526131	30	30
0.14542	0.00000000519368	30	30
0.14526	0.00000000520792	30	30
0.14561	0.00000000521295	30	30
0.14539	0.00000000519031	30	30
0.14558	0.00000000527578	30	30
0.14533	0.00000000514343	30	30
0.14863	0.00000000513951	30	30
0.14888	0.00000000513888	30	30
0.14885	0.00000000520762	30	30
0.14875	0.00000000509203	30	30
0.14873	0.00000000536073	30	30
0.14896	0.00000000521789	30	30
0.14891	0.00000000519019	30	30
0.14850	0.00000000511536	30	30
0.14895	0.00000000534517	30	30
0.14881	0.00000000535322	30	30
0.14881	0.00000000533654	30	30
0.14874	0.00000000531445	30	30
0.14900	0.00000000532076	30	30
0.14902	0.00000000526311	30	30
0.14850	0.00000000543860	30	30
0.14903	0.00000000511870	30	30
0.24890	0.00000001391284	30	30
0.25148	0.00000001542461	30	30
0.14558	0.00000000514758	30	30
0.14524	0.00000000501286	30	30
0.14544	0.00000000505537	30	30
0.14549	0.00000000499804	30	30
0.14549	0.00000000510945	30	30
0.14545	0.00000000503214	30	30
0.14540	0.00000000494488	30	30
0.14530	0.00000000501081	30	30
0.14568	0.00000000530710	30	30
0.14509	0.00000000521564	30	30
0.14576	0.00000000531270	30	30
0.14541	0.00000000520783	30	30
0.14532	0.00000000518128	30	30
0.14559	0.00000000515810	30	30
0.14537	0.00000000517927	30	30
0.14562	0.00000000510527	30	30
0.14568	0.00000000503622	30	30
0.14556	0.00000000504466	30	30
0.14570	0.00000000507553	30	30
0.14516	0.00000000504401	30	30
0.14531	0.00000000505691	30	30
0.14547	0.00000000516611	30	30
0.14534	0.00000000500564	30	30
0.14550	0.00000000510591	30	30
0.14523	0.00000000528658	30	30
0.14544	0.00000000525694	30	30
0.14558	0.00000000527219	30	30
0.14546	0.00000000518492	30	30
0.14555	0.00000000522085	30	30
0.14517	0.00000000519148	30	30
0.14555	0.00000000517822	30	30
0.14544	0.00000000531737	30	30
0.14521	0.00000000513410	30	30
0.15144	0.00000000536922	30	30
0.15119	0.00000000522741	30	30
0.15144	0.00000000522943	30	30
0.15129	0.00000000527823	30	30
0.15130	0.00000000518447	30	30
0.15141	0.00000000533908	30	30
0.15150	0.00000000528203	30	30
0.15112	0.00000000512120	30	30
0.15133	0.00000000532407	30	30
0.15154	0.00000000543011	30	30
0.15126	0.00000000559460	30	30
0.15133	0.00000000556676	30	30
0.15138	0.00000000541914	30	30
0.15162	0.00000000540287	30	30
0.15125	0.00000000536521	30	30
0.15127	0.00000000545424	30	30
0.15137	0.00000000531954	30	30
0.12770	0.00000000577205	30	30
0.14542	0.00000000505406	30	30
0.14563	0.00000000503365	30	30
0.14528	0.00000000509905	30	30
0.14541	0.00000000514939	30	30
0.14520	0.00000000518950	30	30
0.14580	0.00000000518041	30	30
0.14517	0.00000000499085	30	30
0.14548	0.00000000498263	30	30
0.14538	0.00000000517592	30	30
0.14545	0.00000000524671	30	30
0.14570	0.00000000527112	30	30
0.14503	0.00000000520442	30	30
0.14562	0.00000000521419	30	30
0.14553	0.00000000532651	30	30
0.14515	0.00000000530532	30	30
0.14573	0.00000000519739	30	30
0.14515	0.00000000513695	30	30
0.14545	0.00000000508168	30	30
0.14545	0.00000000504552	30	30
0.14556	0.00000000510661	30	30
0.14518	0.00000000503075	30	30
0.14544	0.00000000515724	30	30
0.14570	0.00000000507974	30	30
0.14541	0.00000000495815	30	30
0.14519	0.00000000504191	30	30
0.14538	0.00000000523970	30	30
0.14532	0.00000000527679	30	30
0.14523	0.00000000522746	30	30
0.14576	0.00000000546726	30	30
0.14547	0.00000000522179	30	30
0.14553	0.00000000515746	30	30
0.14539	0.00000000521289	30	30
0.14569	0.00000000515439	30	30
0.14884	0.00000000514562	30	30
0.14857	0.00000000514525	30	30
0.14908	0.00000000520649	30	30
0.14863	0.00000000511026	30	30
0.14899	0.00000000530221	30	30
0.14872	0.00000000511450	30	30
0.14899	0.00000000529910	30	30
0.14873	0.00000000526884	30	30
0.14863	0.00000000537641	30	30
0.14886	0.00000000536489	30	30
0.14885	0.00000000531461	30	30
0.14913	0.00000000532985	30	30
0.14867	0.00000000530967	30	30
0.14874	0.00000000530746	30	30
0.14899	0.00000000530256	30	30
0.14854	0.00000000532320	30	30
0.14561	0.00000000505251	30	30
0.14530	0.00000000505399	30	30
0.14552	0.00000000502919	30	30
0.14511	0.00000000503912	30	30
0.14573	0.00000000517236	30	30
0.14544	0.00000000507481	30	30
0.14517	0.00000000492384	30	30
0.14555	0.00000000525150	30	30
0.14543	0.00000000522451	30	30
0.14538	0.00000000518389	30	30
0.14550	0.00000000524446	30	30
0.14540	0.00000000517489	30	30
0.14547	0.00000000528305	30	30
0.14515	0.00000000507210	30	30
0.14563	0.00000000543049	30	30
0.14537	0.00000000510262	30	30
0.14456	0.00000000510370	30	30
0.14554	0.00000000509148	30	30
0.14544	0.00000000506583	30	30
0.14537	0.00000000508554	30	30
0.14523	0.00000000501311	30	30
0.14563	0.00000000520563	30	30
0.14553	0.00000000506142	30	30
0.14524	0.00000000501404	30	30
0.14540	0.00000000525237	30	30
0.14522	0.00000000538763	30	30
0.14550	0.00000000523620	30	30
0.14571	0.00000000522987	30	30
0.14533	0.00000000523282	30	30
0.14547	0.00000000521123	30	30
0.14525	0.00000000519544	30	30
0.14550	0.00000000533291	30	30
0.14549	0.00000000514005	30	30
0.15127	0.00000000526248	30	30
0.15143	0.00000000529063	30	30
0.15142	0.00000000522909	30	30
0.15111	0.00000000528754	30	30
0.15175	0.00000000536721	30	30
0.15128	0.00000000515851	30	30
0.15155	0.00000000519109	30	30
0.15103	0.00000000543316	30	30
0.15147	0.00000000546076	30	30
0.15140	0.00000000559548	30	30
0.15122	0.00000000553029	30	30
0.15172	0.00000000543935	30	30
0.15133	0.00000000538215	30	30
0.15147	0.00000000541077	30	30
0.15133	0.00000000539041	30	30
0.15124	0.00000000528760	30	30
0.12666	0.00000000510853	30	30
0.12618	0.00000000530829	30	30
0.12491	0.00000000540559	30	30
0.14563	0.00000000508608	30	30
0.14540	0.00000000506896	30	30
0.14543	0.00000000507935	30	30
0.14532	0.00000000515483	30	30
0.14553	0.00000000530930	30	30
0.14545	0.00000000502365	30	30
0.14531	0.00000000496158	30	30
0.14531	0.00000000511715	30	30
0.14549	0.00000000526149	30	30
0.14559	0.00000000524665	30	30
0.14540	0.00000000523749	30	30
0.14540	0.00000000520371	30	30
0.14538	0.00000000533618	30	30
0.14526	0.00000000530965	30	30
0.14565	0.00000000521963	30	30
0.14545	0.00000000512371	30	30
0.14543	0.00000000506834	30	30
0.14540	0.00000000502922	30	30
0.14543	0.00000000510589	30	30
0.14533	0.00000000504730	30	30
0.14558	0.00000000508731	30	30
0.14542	0.00000000515002	30	30
0.14533	0.00000000497337	30	30
0.14557	0.00000000499016	30	30
0.14527	0.00000000530676	30	30
0.14544	0.00000000536829	30	30
0.14518	0.00000000527654	30	30
0.14559	0.00000000524599	30	30
0.14550	0.00000000521183	30	30
0.14524	0.00000000519498	30	30
0.14550	0.00000000521689	30	30
0.14542	0.00000000517913	30	30
0.14500	0.00000000511936	30	30
0.14884	0.00000000525908	30	30
0.14893	0.00000000514151	30	30
0.14850	0.00000000521181	30	30
0.14904	0.00000000514032	30	30
0.14880	0.00000000522221	30	30
0.14891	0.00000000521860	30	30
0.14871	0.00000000508454	30	30
0.14878	0.00000000511994	30	30
0.14875	0.00000000536668	30	30
0.14880	0.00000000538760	30	30
0.14904	0.00000000562231	30	30
0.14875	0.00000000530114	30	30
0.14854	0.00000000531259	30	30
0.14908	0.00000000530288	30	30
0.14897	0.00000000533842	30	30
0.14894	0.00000000524209	30	30
0.14564	0.00000000516649	30	30
0.14541	0.00000000502209	30	30
0.14516	0.00000000507198	30	30
0.14574	0.00000000502991	30	30
0.14536	0.00000000504908	30	30
0.14543	0.00000000510323	30	30
0.14572	0.00000000498315	30	30
0.14537	0.00000000494362	30	30
0.14538	0.00000000530235	30	30
0.14665	0.00000000530032	30	30
0.14611	0.00000000533853	30	30
0.14643	0.00000000537203	30	30
0.14637	0.00000000526250	30	30
0.14644	0.00000000524007	30	30
0.14633	0.00000000525301	30	30
0.14699	0.00000000520136	30	30
0.14662	0.00000000517668	30	30
0.14722	0.00000000516727	30	30
0.14602	0.00000000512847	30	30
0.14551	0.00000000508115	30	30
0.14543	0.00000000504157	30	30
0.14536	0.00000000540952	30	30
0.14581	0.00000000505158	30	30
0.14530	0.00000000499381	30	30
0.14557	0.00000000510238	30	30
0.14525	0.00000000523543	30	30
0.14525	0.00000000525379	30	30
0.14575	0.00000000527299	30	30
0.14541	0.00000000522191	30	30
0.14535	0.00000000520267	30	30
0.14551	0.00000000544865	30	30
0.14540	0.00000000521995	30	30
0.14560	0.00000000513312	30	30
0.14418	0.00000000507348	30	30
0.15118	0.00000000524010	30	30
0.15153	0.00000000525753	30	30
0.15147	0.00000000531012	30	30
0.15137	0.00000000521726	30	30
0.15105	0.00000000532882	30	30
0.15171	0.00000000551073	30	30
0.15125	0.00000000527928	30	30
0.15139	0.00000000520797	30	30
0.15138	0.00000000545907	30	30
0.15145	0.00000000547035	30	30
0.15135	0.00000000545044	30	30
0.15137	0.00000000543807	30	30
0.15123	0.00000000541902	30	30
0.15147	0.00000000538401	30	30
0.15119	0.00000000545113	30	30
0.15180	0.00000000550050	30	30
0.15108	0.00000000542042	30	30
0.12487	0.00000000540849	30	30
0.14543	0.00000000507757	30	30
0.14537	0.00000000506322	30	30
0.14551	0.00000000518793	30	30
0.14522	0.00000000506018	30	30
0.14559	0.00000000529956	30	30
0.14556	0.00000000501174	30	30
0.14526	0.00000000496122	30	30
0.14537	0.00000000511279	30	30
0.14537	0.00000000527709	30	30
0.14563	0.00000000524181	30	30
0.14575	0.00000000534235	30	30
0.14511	0.00000000530799	30	30
0.14525	0.00000000520585	30	30
0.14524	0.00000000517260	30	30
0.14556	0.00000000521739	30	30
0.14543	0.00000000512444	30	30
0.14552	0.00000000508114	30	30
0.14548	0.00000000503054	30	30
0.14539	0.00000000511320	30	30
0.14533	0.00000000501487	30	30
0.14542	0.00000000510923	30	30
0.14549	0.00000000515262	30	30
0.14535	0.00000000508101	30	30
0.14550	0.00000000512363	30	30
0.14535	0.00000000521733	30	30
0.14542	0.00000000525779	30	30
0.14546	0.00000000526585	30	30
0.14550	0.00000000523227	30	30
0.14549	0.00000000519697	30	30
0.14528	0.00000000521123	30	30
0.14561	0.00000000534381	30	30
0.14545	0.00000000530132	30	30
0.14535	0.00000000513260	30	30
0.14901	0.00000000515351	30	30
0.14854	0.00000000513552	30	30
0.14903	0.00000000524921	30	30
0.14893	0.00000000512302	30	30
0.14860	0.00000000537920	30	30
0.14886	0.00000000538133	30	30
0.14871	0.00000000508589	30	30
0.14883	0.00000000516714	30	30
0.14872	0.00000000534765	30	30
0.14908	0.00000000540928	30	30
0.14888	0.00000000535394	30	30
0.14938	0.00000000533727	30	30
0.14835	0.00000000531752	30	30
0.14889	0.00000000542420	30	30
0.14894	0.00000000532886	30	30
0.14864	0.00000000539069	30	30
0.14570	0.00000000507024	30	30
0.14531	0.00000000499801	30	30
0.14559	0.00000000507461	30	30
0.14515	0.00000000499361	30	30
0.14531	0.00000000512892	30	30
0.14566	0.00000000505092	30	30
0.14524	0.00000000516109	30	30
0.14544	0.00000000506962	30	30
0.14530	0.00000000521920	30	30
0.14565	0.00000000519685	30	30
0.14533	0.00000000525879	30	30
0.14539	0.00000000519782	30	30
0.14537	0.00000000514353	30	30
0.14540	0.00000000521222	30	30
0.14559	0.00000000532565	30	30
0.14542	0.00000000523597	30	30
0.14541	0.00000000513291	30	30
0.14539	0.00000000507062	30	30
0.14580	0.00000000509928	30	30
0.14513	0.00000000506093	30	30
0.14523	0.00000000503480	30	30
0.14552	0.00000000517871	30	30
0.14540	0.00000000502184	30	30
0.14559	0.00000000509984	30	30
0.14522	0.00000000528956	30	30
0.14529	0.00000000525210	30	30
0.14562	0.00000000528076	30	30
0.14551	0.00000000525097	30	30
0.14531	0.00000000520914	30	30
0.14543	0.00000000523457	30	30
0.14541	0.00000000518918	30	30
0.14543	0.00000000544881	30	30
0.14545	0.00000000515903	30	30
0.15123	0.00000000523918	30	30
0.15130	0.00000000523969	30	30
0.15148	0.00000000529375	30	30
0.15123	0.00000000519577	30	30
0.15129	0.00000000535831	30	30
0.15147	0.00000000527175	30	30
0.15161	0.00000000513172	30	30
0.15094	0.00000000542404	30	30
0.15142	0.00000000559830	30	30
0.15141	0.00000000547030	30	30
0.15111	0.00000000545622	30	30
0.15160	0.00000000540860	30	30
0.15132	0.00000000541835	30	30
0.15131	0.00000000538481	30	30
0.15141	0.00000000541197	30	30
0.15156	0.00000000533992	30	30
0.12734	0.00000000570049	30	30
0.14536	0.00000000505210	30	30
0.14546	0.00000000505765	30	30
0.14540	0.00000000511085	30	30
0.14593	0.00000000505019	30	30
0.14473	0.00000000509143	30	30
0.14565	0.00000000540890	30	30
0.14536	0.00000000499507	30	30
0.14542	0.00000000497604	30	30
0.14518	0.00000000518862	30	30
0.14556	0.00000000527377	30	30
0.14546	0.00000000526358	30	30
0.14532	0.00000000525725	30	30
0.14552	0.00000000521532	30	30
0.14539	0.00000000523272	30	30
0.14530	0.00000000535314	30	30
0.14588	0.00000000532330	30	30
0.14545	0.00000000513940	30	30
0.14520	0.00000000508250	30	30
0.14551	0.00000000507487	30	30
0.14539	0.00000000508801	30	30
0.14520	0.00000000505872	30	30
0.14560	0.00000000517809	30	30
0.14553	0.00000000502675	30	30
0.14564	0.00000000501783	30	30
0.14509	0.00000000507771	30	30
0.14540	0.00000000524843	30	30
0.14550	0.00000000546155	30	30
0.14573	0.00000000526781	30	30
0.14512	0.00000000519530	30	30
0.14545	0.00000000519857	30	30
0.14505	0.00000000518500	30	30
0.14575	0.00000000528698	30	30
0.14557	0.00000000509057	30	30
0.14886	0.00000000517048	30	30
0.14871	0.00000000515410	30	30
0.14913	0.00000000521289	30	30
0.14880	0.00000000515207	30	30
0.14899	0.00000000540449	30	30
0.14863	0.00000000530140	30	30
0.14892	0.00000000508845	30	30
0.14867	0.00000000528864	30	30
0.14870	0.00000000534622	30	30
0.14893	0.00000000537035	30	30
0.14895	0.00000000533573	30	30
0.14875	0.00000000547803	30	30
0.14890	0.00000000532579	30	30
0.14868	0.00000000540243	30	30
0.14899	0.00000000535478	30	30
0.14862	0.00000000520403	30	30
0.14533	0.00000000501768	30	30
0.14545	0.00000000505247	30	30
0.14528	0.00000000505895	30	30
0.14547	0.00000000502725	30	30
0.14517	0.00000000505575	30	30
0.14557	0.00000000517045	30	30
0.14551	0.00000000498512	30	30
0.14531	0.00000000506423	30	30
0.14544	0.00000000525546	30	30
0.14529	0.00000000524367	30	30
0.14568	0.00000000524920	30	30
0.14529	0.00000000519964	30	30
0.14549	0.00000000523912	30	30
0.14542	0.00000000517522	30	30
0.14520	0.00000000517235	30	30
0.14572	0.00000000520471	30	30
0.14542	0.00000000523155	30	30
0.14555	0.00000000507589	30	30
0.14550	0.00000000530259	30	30
0.14541	0.00000000511069	30	30
0.14528	0.00000000502829	30	30
0.14553	0.00000000509194	30	30
0.14545	0.00000000515093	30	30
0.14543	0.00000000496782	30	30
0.14531	0.00000000500591	30	30
0.14538	0.00000000519258	30	30
0.14545	0.00000000527230	30	30
0.14522	0.00000000528945	30	30
0.14566	0.00000000536252	30	30
0.14536	0.00000000523026	30	30
0.14539	0.00000000533675	30	30
0.14548	0.00000000522575	30	30
0.14550	0.00000000516108	30	30
0.14468	0.00000000510594	30	30
0.15138	0.00000000525533	30	30
0.15117	0.00000000524157	30	30
0.15152	0.00000000528899	30	30
0.15151	0.00000000538736	30	30
0.15160	0.00000000535892	30	30
0.15103	0.00000000540908	30	30
0.15162	0.00000000519199	30	30
0.15118	0.00000000517602	30	30
0.15118	0.00000000540734	30	30
0.15153	0.00000000549543	30	30
0.15140	0.00000000546353	30	30
0.15140	0.00000000543696	30	30
0.15124	0.00000000545231	30	30
0.15159	0.00000000556024	30	30
0.15121	0.00000000551810	30	30
0.15127	0.00000000542533	30	30
0.15154	0.00000000530460	30	30
0.09764	0.00000000889542	30	30
0.14518	0.00000000508169	30	30
0.14533	0.00000000505488	30	30
0.14550	0.00000000512687	30	30
0.14526	0.00000000503481	30	30
0.14556	0.00000000513613	30	30
0.14551	0.00000000532878	30	30
0.14559	0.00000000496788	30	30
0.14519	0.00000000507235	30	30
0.14528	0.00000000523353	30	30
0.14545	0.00000000523000	30	30
0.14538	0.00000000525200	30	30
0.14547	0.00000000524200	30	30
0.14547	0.00000000532226	30	30
0.14540	0.00000000519424	30	30
0.14556	0.00000000538294	30	30
0.14540	0.00000000514214	30	30
0.14411	0.00000000509335	30	30
0.14519	0.00000000507040	30	30
0.14563	0.00000000507230	30	30
0.14546	0.00000000535814	30	30
0.14529	0.00000000504292	30	30
0.14543	0.00000000509197	30	30
0.14539	0.00000000519346	30	30
0.14579	0.00000000500515	30	30
0.14517	0.00000000497415	30	30
0.14546	0.00000000516450	30	30
0.14540	0.00000000528764	30	30
0.14511	0.00000000524418	30	30
0.14574	0.00000000548497	30	30
0.14546	0.00000000522829	30	30
0.14520	0.00000000520513	30	30
0.14551	0.00000000521739	30	30
0.14548	0.00000000523603	30	30
0.14544	0.00000000513426	30	30
0.14885	0.00000000516064	30	30
0.14857	0.00000000521092	30	30
0.14906	0.00000000517517	30	30
0.14881	0.00000000516831	30	30
0.14858	0.00000000544017	30	30
0.14904	0.00000000521931	30	30
0.14876	0.00000000510094	30	30
0.14887	0.00000000533464	30	30
0.14862	0.00000000539595	30	30
0.14895	0.00000000537185	30	30
0.14894	0.00000000532962	30	30
0.14878	0.00000000534365	30	30
0.14889	0.00000000530281	30	30
0.14884	0.00000000532693	30	30
0.14899	0.00000000541001	30	30
0.14825	0.00000000534654	30	30
0.14882	0.00000000529995	30	30
0.14543	0.00000000503697	30	30
0.14558	0.00000000504370	30	30
0.14519	0.00000000509157	30	30
0.14559	0.00000000516169	30	30
0.14522	0.00000000518027	30	30
0.14536	0.00000000515378	30	30
0.14570	0.00000000499580	30	30
0.14565	0.00000000496864	30	30
0.14526	0.00000000514774	30	30
0.14530	0.00000000526429	30	30
0.14545	0.00000000523306	30	30
0.14549	0.00000000518982	30	30
0.14528	0.00000000535751	30	30
0.14553	0.00000000533022	30	30
0.14552	0.00000000516331	30	30
0.14517	0.00000000518226	30	30
0.14555	0.00000000513810	30	30
0.14557	0.00000000506419	30	30
0.14513	0.00000000506653	30	30
0.14553	0.00000000511123	30	30
0.14538	0.00000000502768	30	30
0.14520	0.00000000514658	30	30
0.14576	0.00000000521490	30	30
0.14539	0.00000000512247	30	30
0.14543	0.00000000503384	30	30
0.14509	0.00000000525390	30	30
0.14547	0.00000000526228	30	30
0.14562	0.00000000523398	30	30
0.14514	0.00000000524485	30	30
0.14570	0.00000000522799	30	30
0.14531	0.00000000531608	30	30
0.14544	0.00000000534562	30	30
0.14566	0.00000000518449	30	30
0.14112	0.00000000520618	30	30
0.15151	0.00000000527033	30	30
0.15136	0.00000000522593	30	30
0.15135	0.00000000532114	30	30
0.15133	0.00000000521505	30	30
0.15135	0.00000000534053	30	30
0.15194	0.00000000561587	30	30
0.15068	0.00000000519139	30	30
0.15153	0.00000000527876	30	30
0.15132	0.00000000545866	30	30
0.15126	0.00000000550443	30	30
0.15156	0.00000000545434	30	30
0.15129	0.00000000542941	30	30
0.15140	0.00000000542989	30	30
0.15145	0.00000000555918	30	30
0.15122	0.00000000552018	30	30
0.15144	0.00000000536760	30	30
0.15125	0.00000000537935	30	30
0.12673	0.00000000514849	30	30
0.12605	0.00000000532974	30	30
0.12516	0.00000000556752	30	30
0.14531	0.00000000519814	30	30
0.14531	0.00000000521695	30	30
0.14554	0.00000000510324	30	30
0.14530	0.00000000505773	30	30
0.14559	0.00000000517875	30	30
0.14532	0.00000000508302	30	30
0.14565	0.00000000498814	30	30
0.14527	0.00000000512396	30	30
0.14521	0.00000000526584	30	30
0.14552	0.00000000528651	30	30
0.14539	0.00000000535320	30	30
0.14554	0.00000000537001	30	30
0.14532	0.00000000523780	30	30
0.14559	0.00000000519174	30	30
0.14554	0.00000000521500	30	30
0.14527	0.00000000517937	30	30
0.14546	0.00000000507248	30	30
0.14515	0.00000000507703	30	30
0.14566	0.00000000514493	30	30
0.14544	0.00000000503145	30	30
0.14528	0.00000000512570	30	30
0.14550	0.00000000518463	30	30
0.14558	0.00000000521330	30	30
0.14527	0.00000000500725	30	30
0.14500	0.00000000522634	30	30
0.14564	0.00000000528152	30	30
0.14551	0.00000000525766	30	30
0.14556	0.00000000524919	30	30
0.14548	0.00000000523782	30	30
0.14548	0.00000000522418	30	30
0.14554	0.00000000522329	30	30
0.14552	0.00000000533189	30	30
0.14523	0.00000000515967	30	30
0.14953	0.00000000525335	30	30
0.15010	0.00000000522669	30	30
0.14981	0.00000000528383	30	30
0.15010	0.00000000519955	30	30
0.15023	0.00000000539924	30	30
0.15015	0.00000000531282	30	30
0.14995	0.00000000520801	30	30
0.15004	0.00000000531381	30	30
0.14903	0.00000000537272	30	30
0.14857	0.00000000565579	30	30
0.14907	0.00000000539511	30	30
0.14888	0.00000000535311	30	30
0.14892	0.00000000530672	30	30
0.14880	0.00000000531139	30	30
0.14879	0.00000000532791	30	30
0.14880	0.00000000526596	30	30
0.14519	0.00000000502963	30	30
0.14553	0.00000000504474	30	30
0.14552	0.00000000521227	30	30
0.14530	0.00000000513855	30	30
0.14536	0.00000000512864	30	30
0.14553	0.00000000509029	30	30
0.14536	0.00000000496845	30	30
0.14511	0.00000000505029	30	30
0.14565	0.00000000521599	30	30
0.14551	0.00000000523258	30	30
0.14532	0.00000000524294	30	30
0.14547	0.00000000521108	30	30
0.14546	0.00000000543466	30	30
0.14567	0.00000000517178	30	30
0.14504	0.00000000523487	30	30
0.14563	0.00000000513886	30	30
0.14524	0.00000000507112	30	30
0.14526	0.00000000506508	30	30
0.14566	0.00000000506767	30	30
0.14518	0.00000000511072	30	30
0.14568	0.00000000505064	30	30
0.14503	0.00000000507668	30	30
0.14560	0.00000000519634	30	30
0.14553	0.00000000502302	30	30
0.14526	0.00000000509999	30	30
0.14553	0.00000000528721	30	30
0.14535	0.00000000527771	30	30
0.14533	0.00000000526418	30	30
0.14549	0.00000000526240	30	30
0.14548	0.00000000521838	30	30
0.14544	0.00000000522074	30	30
0.14531	0.00000000523302	30	30
0.14554	0.00000000518771	30	30
0.14561	0.00000000542084	30	30
0.15125	0.00000000525742	30	30
0.15110	0.00000000526035	30	30
0.15154	0.00000000533278	30	30
0.15154	0.00000000522475	30	30
0.15119	0.00000000539751	30	30
0.15158	0.00000000527732	30	30
0.15110	0.00000000517055	30	30
0.15137	0.00000000533254	30	30
0.15117	0.00000000550266	30	30
0.15161	0.00000000546459	30	30
0.15140	0.00000000571566	30	30
0.15122	0.00000000543628	30	30
0.15154	0.00000000543420	30	30
0.15131	0.00000000539319	30	30
0.15134	0.00000000542135	30	30
0.15142	0.00000000534289	30	30
0.12454	0.00000000502522	30	30
0.14539	0.00000000505816	30	30
0.14543	0.00000000508515	30	30
0.14537	0.00000000511208	30	30
0.14560	0.00000000516313	30	30
0.14518	0.00000000511583	30	30
0.14526	0.00000000528153	30	30
0.14545	0.00000000501292	30	30
0.14547	0.00000000500767	30	30
0.14527	0.00000000520736	30	30
0.14558	0.00000000528285	30	30
0.14537	0.00000000528706	30	30
0.14545	0.00000000524708	30	30
0.14523	0.00000000521957	30	30
0.14572	0.00000000523634	30	30
0.14534	0.00000000547438	30	30
0.14538	0.00000000516975	30	30
0.14558	0.00000000518693	30	30
0.14528	0.00000000506388	30	30
0.14541	0.00000000511099	30	30
0.14570	0.00000000508740	30	30
0.14529	0.00000000505402	30	30
0.14542	0.00000000520892	30	30
0.14560	0.00000000508338	30	30
0.14542	0.00000000511664	30	30
0.14518	0.00000000522982	30	30
0.14558	0.00000000529402	30	30
0.14565	0.00000000524519	30	30
0.14526	0.00000000527234	30	30
0.14528	0.00000000523007	30	30
0.14547	0.00000000523692	30	30
0.14546	0.00000000532530	30	30
0.14525	0.00000000535140	30	30
0.14571	0.00000000518107	30	30
0.14523	0.00000000513747	30	30
0.14796	0.00000000542634	30	30
0.14891	0.00000000520435	30	30
0.14872	0.00000000520998	30	30
0.14870	0.00000000517230	30	30
0.14888	0.00000000524033	30	30
0.14889	0.00000000528533	30	30
0.14906	0.00000000509265	30	30
0.14856	0.00000000513518	30	30
0.14888	0.00000000562459	30	30
0.14895	0.00000000539754	30	30
0.14852	0.00000000541782	30	30
0.14895	0.00000000534478	30	30
0.14876	0.00000000532009	30	30
0.14871	0.00000000534482	30	30
0.14904	0.00000000536071	30	30
0.14891	0.00000000527110	30	30
0.14907	0.00000000526670	30	30
0.14549	0.00000000505174	30	30
0.14548	0.00000000504293	30	30
0.14553	0.00000000509821	30	30
0.14518	0.00000000516131	30	30
0.14547	0.00000000518083	30	30
0.14563	0.00000000516068	30	30
0.14519	0.00000000496865	30	30
0.14563	0.00000000497751	30	30
0.14519	0.00000000511886	30	30
0.14557	0.00000000524976	30	30
0.14521	0.00000000525753	30	30
0.14555	0.00000000522007	30	30
0.14546	0.00000000544192	30	30
0.14512	0.00000000521650	30	30
0.14570	0.00000000519906	30	30
0.14552	0.00000000518359	30	30
0.14541	0.00000000509713	30	30
0.14544	0.00000000506606	30	30
0.14547	0.00000000508098	30	30
0.14529	0.00000000512184	30	30
0.14609	0.00000000517375	30	30
0.14503	0.00000000526773	30	30
0.14545	0.00000000511607	30	30
0.14553	0.00000000498818	30	30
0.14545	0.00000000508428	30	30
0.14513	0.00000000524337	30	30
0.14543	0.00000000528188	30	30
0.14586	0.00000000525346	30	30
0.14503	0.00000000522777	30	30
0.14524	0.00000000524836	30	30
0.14546	0.00000000544499	30	30
0.14569	0.00000000525765	30	30
0.14534	0.00000000514427	30	30
0.15164	0.00000000524309	30	30
0.15132	0.00000000533744	30	30
0.15132	0.00000000525954	30	30
0.15134	0.00000000529255	30	30
0.15148	0.00000000552883	30	30
0.15137	0.00000000529538	30	30
0.15122	0.00000000521838	30	30
0.15139	0.00000000544223	30	30
0.15158	0.00000000549226	30	30
0.15093	0.00000000548496	30	30
0.15174	0.00000000543219	30	30
0.15138	0.00000000544097	30	30
0.15167	0.00000000540457	30	30
0.15087	0.00000000556678	30	30
0.15155	0.00000000551202	30	30
0.15131	0.00000000532642	30	30
0.12737	0.00000000532311	30	30
0.12486	0.00000000569634	30	30
0.14542	0.00000000508138	30	30
0.14541	0.00000000509475	30	30
0.14522	0.00000000510397	30	30
0.14563	0.00000000506614	30	30
0.14528	0.00000000518747	30	30
0.14543	0.00000000505665	30	30
0.14541	0.00000000500184	30	30
0.14537	0.00000000510138	30	30
0.14555	0.00000000528536	30	30
0.14506	0.00000000541195	30	30
0.14617	0.00000000538820	30	30
0.14489	0.00000000520373	30	30
0.14525	0.00000000523763	30	30
0.14561	0.00000000521545	30	30
0.14545	0.00000000522398	30	30
0.14534	0.00000000515025	30	30
0.14545	0.00000000509218	30	30
0.14548	0.00000000506132	30	30
0.14514	0.00000000516228	30	30
0.14579	0.00000000528036	30	30
0.14530	0.00000000500846	30	30
0.14547	0.00000000529635	30	30
0.14548	0.00000000501100	30	30
0.14544	0.00000000500510	30	30
0.14524	0.00000000519292	30	30
0.14520	0.00000000529482	30	30
0.14564	0.00000000528614	30	30
0.14552	0.00000000525330	30	30
0.14537	0.00000000522310	30	30
0.14569	0.00000000536056	30	30
0.14520	0.00000000534451	30	30
0.14563	0.00000000520689	30	30
0.14495	0.00000000514310	30	30
0.14877	0.00000000516268	30	30
0.14867	0.00000000518359	30	30
0.14888	0.00000000525445	30	30
0.14902	0.00000000514381	30	30
0.14850	0.00000000537701	30	30
0.14911	0.00000000529529	30	30
0.14887	0.00000000520503	30	30
0.14861	0.00000000516036	30	30
0.14889	0.00000000541485	30	30
0.14916	0.00000000540183	30	30
0.14884	0.00000000536689	30	30
0.14844	0.00000000533961	30	30
0.14964	0.00000000534219	30	30
0.14836	0.00000000540310	30	30
0.14877	0.00000000548308	30	30
0.14884	0.00000000526388	30	30
0.24591	0.00000001399907	30	30
0.14546	0.00000000505716	30	30
0.14552	0.00000000503492	30	30
0.14546	0.00000000511311	30	30
0.14535	0.00000000499881	30	30
0.14519	0.00000000515607	30	30
0.14560	0.00000000521211	30	30
0.14527	0.00000000499748	30	30
0.14542	0.00000000518650	30	30
0.14538	0.00000000523881	30	30
0.14555	0.00000000523893	30	30
0.14546	0.00000000526050	30	30
0.14534	0.00000000524060	30	30
0.14542	0.00000000518344	30	30
0.14542	0.00000000521567	30	30
0.14549	0.00000000532744	30	30
0.14559	0.00000000530294	30	30
0.14510	0.00000000515743	30	30
0.14557	0.00000000531277	30	30
0.14535	0.00000000506713	30	30
0.14540	0.00000000511103	30	30
0.14549	0.00000000508306	30	30
0.14536	0.00000000508459	30	30
0.14559	0.00000000519931	30	30
0.14513	0.00000000503290	30	30
0.14557	0.00000000501265	30	30
0.14521	0.00000000518692	30	30
0.14526	0.00000000553286	30	30
0.14576	0.00000000529027	30	30
0.14543	0.00000000523611	30	30
0.14532	0.00000000524455	30	30
0.14555	0.00000000524929	30	30
0.14539	0.00000000519318	30	30
0.14554	0.00000000523529	30	30
0.14526	0.00000000541979	30	30
0.15162	0.00000000529751	30	30
0.15122	0.00000000525323	30	30
0.15149	0.00000000534192	30	30
0.15132	0.00000000526082	30	30
0.15119	0.00000000536111	30	30
0.15165	0.00000000533353	30	30
0.15109	0.00000000520792	30	30
0.15150	0.00000000531916	30	30
0.15122	0.00000000546852	30	30
0.15158	0.00000000575530	30	30
0.15108	0.00000000549838	30	30
0.15147	0.00000000541829	30	30
0.15137	0.00000000547126	30	30
0.15124	0.00000000543105	30	30
0.15155	0.00000000541762	30	30
0.15137	0.00000000542384	30	30
0.14935	0.00000000529453	30	30
0.14563	0.00000000510212	30	30
0.14534	0.00000000512110	30	30
0.14543	0.00000000509808	30	30
0.14532	0.00000000510053	30	30
0.14560	0.00000000521182	30	30
0.14542	0.00000000527513	30	30
0.14522	0.00000000502717	30	30
0.14547	0.00000000519231	30	30
0.14559	0.00000000529312	30	30
0.14536	0.00000000525645	30	30
0.14541	0.00000000527856	30	30
0.14587	0.00000000525455	30	30
0.14531	0.00000000547523	30	30
0.14527	0.00000000523630	30	30
0.14550	0.00000000524190	30	30
0.14545	0.00000000517335	30	30
0.14563	0.00000000509903	30	30
0.14536	0.00000000507169	30	30
0.14541	0.00000000513170	30	30
0.14541	0.00000000509178	30	30
0.14547	0.00000000516101	30	30
0.14551	0.00000000516940	30	30
0.14523	0.00000000500176	30	30
0.14556	0.00000000506447	30	30
0.14514	0.00000000526041	30	30
0.14574	0.00000000551698	30	30
0.14520	0.00000000530841	30	30
0.14545	0.00000000523566	30	30
0.14582	0.00000000522846	30	30
0.14508	0.00000000521213	30	30
0.14546	0.00000000523856	30	30
0.14550	0.00000000519722	30	30
0.14523	0.00000000541195	30	30
0.14873	0.00000000517874	30	30
0.14877	0.00000000520257	30	30
0.14885	0.00000000524791	30	30
0.14899	0.00000000514978	30	30
0.14882	0.00000000527022	30	30
0.14891	0.00000000526764	30	30
0.14870	0.00000000511650	30	30
0.14866	0.00000000541504	30	30
0.14844	0.00000000541444	30	30
0.14927	0.00000000541576	30	30
0.14893	0.00000000541860	30	30
0.14875	0.00000000532644	30	30
0.14902	0.00000000536610	30	30
0.14876	0.00000000532573	30	30
0.14887	0.00000000537875	30	30
0.14863	0.00000000526564	30	30
0.14542	0.00000000504533	30	30
0.14545	0.00000000505069	30	30
0.14521	0.00000000511355	30	30
0.14551	0.00000000503834	30	30
0.14540	0.00000000510910	30	30
0.14533	0.00000000514659	30	30
0.14597	0.00000000498300	30	30
0.14492	0.00000000523049	30	30
0.14531	0.00000000522251	30	30
0.14554	0.00000000529260	30	30
0.14537	0.00000000526501	30	30
0.14620	0.00000000523019	30	30
0.14455	0.00000000518218	30	30
0.14561	0.00000000521242	30	30
0.14537	0.00000000534159	30	30
0.14525	0.00000000530524	30	30
0.14562	0.00000000512503	30	30
0.14511	0.00000000509363	30	30
0.14565	0.00000000511598	30	30
0.14550	0.00000000510889	30	30
0.14562	0.00000000506244	30	30
0.14502	0.00000000517306	30	30
0.14567	0.00000000509808	30	30
0.14532	0.00000000498564	30	30
0.14517	0.00000000532761	30	30
0.14555	0.00000000528732	30	30
0.14545	0.00000000525747	30	30
0.14545	0.00000000528285	30	30
0.14532	0.00000000528473	30	30
0.14554	0.00000000522694	30	30
0.14539	0.00000000521376	30	30
0.14536	0.00000000527305	30	30
0.14561	0.00000000539836	30	30
0.14325	0.00000000617503	30	30
0.15145	0.00000000528574	30	30
0.15146	0.00000000527065	30	30
0.15114	0.00000000534958	30	30
0.15157	0.00000000525893	30	30
0.15140	0.00000000533032	30	30
0.15129	0.00000000534433	30	30
0.15124	0.00000000522013	30	30
0.15146	0.00000000524534	30	30
0.15130	0.00000000547846	30	30
0.15123	0.00000000577608	30	30
0.15155	0.00000000551413	30	30
0.15133	0.00000000542290	30	30
0.15130	0.00000000544322	30	30
0.15165	0.00000000543685	30	30
0.15116	0.00000000544923	30	30
0.15159	0.00000000538282	30	30
0.15064	0.00000000535528	30	30
0.12497	0.00000000545609	30	30
0.14528	0.00000000512370	30	30
0.14569	0.00000000523922	30	30
0.14551	0.00000000520862	30	30
0.14543	0.00000000508161	30	30
0.14662	0.00000000525787	30	30
0.14608	0.00000000511398	30	30
0.14586	0.00000000508430	30	30
0.14637	0.00000000526583	30	30
0.14643	0.00000000535538	30	30
0.14666	0.00000000533093	30	30
0.14645	0.00000000551611	30	30
0.14685	0.00000000546815	30	30
0.14649	0.00000000530659	30	30
0.14619	0.00000000526184	30	30
0.14574	0.00000000526809	30	30
0.14561	0.00000000516326	30	30
0.14481	0.00000000513362	30	30
0.14538	0.00000000510862	30	30
0.14536	0.00000000509365	30	30
0.14558	0.00000000514608	30	30
0.14530	0.00000000517551	30	30
0.14557	0.00000000533987	30	30
0.14563	0.00000000515288	30	30
0.14517	0.00000000504086	30	30
0.14554	0.00000000513390	30	30
0.14518	0.00000000528085	30	30
0.14578	0.00000000530206	30	30
0.14518	0.00000000533242	30	30
0.14555	0.00000000524043	30	30
0.14552	0.00000000550131	30	30
0.14515	0.00000000521894	30	30
0.14556	0.00000000524586	30	30
0.14546	0.00000000519811	30	30
0.14542	0.00000000518311	30	30
0.14891	0.00000000531394	30	30
0.14849	0.00000000517406	30	30
0.14919	0.00000000526672	30	30
0.14875	0.00000000513393	30	30
0.14877	0.00000000530043	30	30
0.14890	0.00000000523006	30	30
0.14894	0.00000000513222	30	30
0.14867	0.00000000522727	30	30
0.14868	0.00000000539369	30	30
0.14895	0.00000000566346	30	30
0.14891	0.00000000538409	30	30
0.14882	0.00000000536229	30	30
0.14886	0.00000000536312	30	30
0.14871	0.00000000533417	30	30
0.14903	0.00000000534067	30	30
0.14873	0.00000000529962	30	30
0.14544	0.00000000507328	30	30
0.14554	0.00000000507341	30	30
0.14550	0.00000000510169	30	30
0.14528	0.00000000504741	30	30
0.14537	0.00000000527309	30	30
0.14546	0.00000000518665	30	30
0.14552	0.00000000500839	30	30
0.14542	0.00000000503765	30	30
0.14540	0.00000000524514	30	30
0.14538	0.00000000524893	30	30
0.14523	0.00000000527832	30	30
0.14568	0.00000000524059	30	30
0.14537	0.00000000520284	30	30
0.14521	0.00000000542667	30	30
0.14568	0.00000000525996	30	30
0.14564	0.00000000512180	30	30
0.14532	0.00000000509397	30	30
0.14557	0.00000000532453	30	30
0.14543	0.00000000514328	30	30
0.14530	0.00000000506751	30	30
0.14548	0.00000000511353	30	30
0.14562	0.00000000521982	30	30
0.14542	0.00000000503795	30	30
0.14532	0.00000000500456	30	30
0.14545	0.00000000520915	30	30
0.14527	0.00000000527266	30	30
0.14518	0.00000000545752	30	30
0.14574	0.00000000526286	30	30
0.14537	0.00000000537404	30	30
0.14560	0.00000000526292	30	30
0.14544	0.00000000522885	30	30
0.14529	0.00000000523828	30	30
0.14556	0.00000000515817	30	30
0.15143	0.00000000529191	30	30
0.15127	0.00000000538819	30	30
0.15137	0.00000000530419	30	30
0.15149	0.00000000533413	30	30
0.15130	0.00000000536653	30	30
0.15125	0.00000000541935	30	30
0.15158	0.00000000528982	30	30
0.15112	0.00000000520563	30	30
0.15148	0.00000000535135	30	30
0.15126	0.00000000549592	30	30
0.15138	0.00000000552127	30	30
0.15169	0.00000000547186	30	30
0.15104	0.00000000545563	30	30
0.15134	0.00000000571371	30	30
0.15150	0.00000000542452	30	30
0.15122	0.00000000544428	30	30
0.15152	0.00000000536361	30	30
0.14548	0.00000000510924	30	30
0.14519	0.00000000509925	30	30
0.14547	0.00000000515327	30	30
0.14551	0.00000000506663	30	30
0.14521	0.00000000536828	30	30
0.14571	0.00000000520987	30	30
0.14539	0.00000000502185	30	30
0.14557	0.00000000503662	30	30
0.14495	0.00000000522977	30	30
0.14568	0.00000000527300	30	30
0.14538	0.00000000531093	30	30
0.14532	0.00000000527450	30	30
0.14552	0.00000000522094	30	30
0.14550	0.00000000536478	30	30
0.14546	0.00000000540798	30	30
0.14543	0.00000000523417	30	30
0.14527	0.00000000514360	30	30
0.14514	0.00000000510306	30	30
0.14577	0.00000000512547	30	30
0.14537	0.00000000511802	30	30
0.14528	0.00000000507266	30	30
0.14553	0.00000000523800	30	30
0.14548	0.00000000506738	30	30
0.14550	0.00000000501454	30	30
0.14522	0.00000000518668	30	30
0.14567	0.00000000527855	30	30
0.14545	0.00000000532951	30	30
0.14528	0.00000000550796	30	30
0.14563	0.00000000529441	30	30
0.14539	0.00000000523934	30	30
0.14550	0.00000000522456	30	30
0.14532	0.00000000526722	30	30
0.14552	0.00000000518323	30	30
0.14898	0.00000000520522	30	30
0.14873	0.00000000522375	30	30
0.14866	0.00000000522527	30	30
0.14885	0.00000000521224	30	30
0.14888	0.00000000533814	30	30
0.14874	0.00000000517192	30	30
0.14898	0.00000000516529	30	30
0.14874	0.00000000535506	30	30
0.14893	0.00000000567554	30	30
0.14863	0.00000000540733	30	30
0.14890	0.00000000535322	30	30
0.14906	0.00000000540582	30	30
0.14873	0.00000000533452	30	30
0.14882	0.00000000534170	30	30
0.14903	0.00000000535200	30	30
0.14882	0.00000000527980	30	30
0.14559	0.00000000507443	30	30
0.14543	0.00000000505593	30	30
0.14522	0.00000000510859	30	30
0.14567	0.00000000507159	30	30
0.14527	0.00000000531783	30	30
0.14559	0.00000000520663	30	30
0.14528	0.00000000504518	30	30
0.14546	0.00000000500209	30	30
0.14523	0.00000000520274	30	30
0.14530	0.00000000529284	30	30
0.14561	0.00000000524804	30	30
0.14556	0.00000000524852	30	30
0.14520	0.00000000546985	30	30
0.14545	0.00000000522831	30	30
0.14543	0.00000000521760	30	30
0.14544	0.00000000524003	30	30
0.14544	0.00000000516910	30	30
0.14512	0.00000000515062	30	30
0.14544	0.00000000510712	30	30
0.14512	0.00000000513343	30	30
0.14572	0.00000000511893	30	30
0.14530	0.00000000506982	30	30
0.14543	0.00000000523583	30	30
0.14551	0.00000000537328	30	30
0.14533	0.00000000500201	30	30
0.14540	0.00000000517408	30	30
0.14530	0.00000000532578	30	30
0.14560	0.00000000530416	30	30
0.14536	0.00000000526178	30	30
0.14543	0.00000000526769	30	30
0.14556	0.00000000525645	30	30
0.14529	0.00000000548285	30	30
0.14549	0.00000000525118	30	30
0.14545	0.00000000523147	30	30
0.15146	0.00000000531675	30	30
0.15149	0.00000000525553	30	30
0.15145	0.00000000534791	30	30
0.15116	0.00000000528830	30	30
0.15128	0.00000000534732	30	30
0.15150	0.00000000535888	30	30
0.15119	0.00000000523487	30	30
0.15143	0.00000000550290	30	30
0.15124	0.00000000550126	30	30
0.15154	0.00000000551422	30	30
0.15125	0.00000000553343	30	30
0.15149	0.00000000545182	30	30
0.15146	0.00000000545102	30	30
0.15114	0.00000000547011	30	30
0.15152	0.00000000547109	30	30
0.15130	0.00000000538362	30	30
0.14882	0.00000000531688	30	30
0.12401	0.00000000544206	30	30
0.14550	0.00000000512694	30	30
0.14521	0.00000000511281	30	30
0.14545	0.00000000510064	30	30
0.14554	0.00000000511201	30	30
0.14549	0.00000000521723	30	30
0.14545	0.00000000505623	30	30
0.14539	0.00000000504197	30	30
0.14521	0.00000000517982	30	30
0.14543	0.00000000556809	30	30
0.14520	0.00000000533173	30	30
0.14563	0.00000000526282	30	30
0.14542	0.00000000525829	30	30
0.14545	0.00000000526819	30	30
0.14556	0.00000000524904	30	30
0.14529	0.00000000523582	30	30
0.14571	0.00000000517650	30	30
0.14551	0.00000000508574	30	30
0.14532	0.00000000509800	30	30
0.14533	0.00000000515250	30	30
0.14552	0.00000000535073	30	30
0.14532	0.00000000516285	30	30
0.14563	0.00000000513397	30	30
0.14526	0.00000000505138	30	30
0.14544	0.00000000505828	30	30
0.14527	0.00000000525542	30	30
0.14537	0.00000000527627	30	30
0.14568	0.00000000530391	30	30
0.14529	0.00000000551963	30	30
0.14549	0.00000000523201	30	30
0.14548	0.00000000526635	30	30
0.14541	0.00000000527299	30	30
0.14556	0.00000000519359	30	30
0.14502	0.00000000515824	30	30
0.14905	0.00000000532870	30	30
0.14864	0.00000000519704	30	30
0.14889	0.00000000525865	30	30
0.14862	0.00000000515000	30	30
0.14868	0.00000000532812	30	30
0.14910	0.00000000526539	30	30
0.14883	0.00000000513744	30	30
0.14883	0.00000000525673	30	30
0.14869	0.00000000541531	30	30
0.14886	0.00000000540908	30	30
0.14901	0.00000000537904	30	30
0.14854	0.00000000561824	30	30
0.14913	0.00000000538579	30	30
0.14870	0.00000000532436	30	30
0.14876	0.00000000534792	30	30
0.14892	0.00000000528583	30	30
0.14550	0.00000000507926	30	30
0.14537	0.00000000507496	30	30
0.14534	0.00000000511770	30	30
0.14554	0.00000000504548	30	30
0.14525	0.00000000530910	30	30
0.14579	0.00000000519925	30	30
0.14520	0.00000000499252	30	30
0.14539	0.00000000510494	30	30
0.14547	0.00000000525739	30	30
0.14518	0.00000000527108	30	30
0.14583	0.00000000527577	30	30
0.14536	0.00000000523124	30	30
0.14536	0.00000000520910	30	30
0.14530	0.00000000536019	30	30
0.14563	0.00000000535758	30	30
0.14542	0.00000000516440	30	30
0.14573	0.00000000525596	30	30
0.14543	0.00000000509188	30	30
0.14520	0.00000000514318	30	30
0.14563	0.00000000509819	30	30
0.14535	0.00000000513119	30	30
0.14559	0.00000000519788	30	30
0.14532	0.00000000507452	30	30
0.14551	0.00000000503679	30	30
0.14520	0.00000000521311	30	30
0.14535	0.00000000557020	30	30
0.14548	0.00000000530825	30	30
0.14551	0.00000000527900	30	30
0.14545	0.00000000523528	30	30
0.14546	0.00000000527986	30	30
0.14529	0.00000000525403	30	30
0.14553	0.00000000521881	30	30
0.14520	0.00000000516811	30	30
0.15151	0.00000000543745	30	30
0.15114	0.00000000531402	30	30
0.15143	0.00000000540215	30	30
0.15158	0.00000000534245	30	30
0.15102	0.00000000526192	30	30
0.15152	0.00000000543351	30	30
0.15150	0.00000000529674	30	30
0.15131	0.00000000521153	30	30
0.15121	0.00000000539096	30	30
0.15146	0.00000000550215	30	30
0.15131	0.00000000551919	30	30
0.15137	0.00000000575190	30	30
0.15151	0.00000000547332	30	30
0.15134	0.00000000544680	30	30
0.15123	0.00000000544453	30	30
0.15148	0.00000000547805	30	30
0.15145	0.00000000537928	30	30
0.12461	0.00000000504999	30	30
0.14526	0.00000000510353	30	30
0.14550	0.00000000511069	30	30
0.14546	0.00000000539920	30	30
0.14521	0.00000000505775	30	30
0.14550	0.00000000518525	30	30
0.14573	0.00000000519677	30	30
0.14534	0.00000000500217	30	30
0.14528	0.00000000506048	30	30
0.14535	0.00000000526919	30	30
0.14552	0.00000000528696	30	30
0.14522	0.00000000555085	30	30
0.14561	0.00000000527002	30	30
0.14551	0.00000000524823	30	30
0.14534	0.00000000523679	30	30
0.14542	0.00000000528212	30	30
0.14556	0.00000000522452	30	30
0.14517	0.00000000537608	30	30
0.14536	0.00000000512162	30	30
0.14536	0.00000000511255	30	30
0.14538	0.00000000514325	30	30
0.14549	0.00000000508602	30	30
0.14533	0.00000000520378	30	30
0.14553	0.00000000510430	30	30
0.14541	0.00000000502926	30	30
0.14536	0.00000000512232	30	30
0.14544	0.00000000529382	30	30
0.14523	0.00000000533480	30	30
0.14568	0.00000000539447	30	30
0.14539	0.00000000538096	30	30
0.14527	0.00000000525710	30	30
0.14555	0.00000000524492	30	30
0.14546	0.00000000526066	30	30
0.14562	0.00000000518377	30	30
0.14867	0.00000000520868	30	30
0.14891	0.00000000522671	30	30
0.14880	0.00000000523734	30	30
0.14893	0.00000000517713	30	30
0.14868	0.00000000535729	30	30
0.14922	0.00000000516855	30	30
0.14867	0.00000000535197	30	30
0.14859	0.00000000531744	30	30
0.14891	0.00000000542595	30	30
0.14879	0.00000000541481	30	30
0.14897	0.00000000539780	30	30
0.14878	0.00000000537210	30	30
0.14885	0.00000000536235	30	30
0.14874	0.00000000537463	30	30
0.14874	0.00000000533054	30	30
0.14883	0.00000000526770	30	30
0.14541	0.00000000509654	30	30
0.14558	0.00000000504397	30	30
0.14530	0.00000000513782	30	30
0.14551	0.00000000505317	30	30
0.14537	0.00000000511669	30	30
0.14544	0.00000000519123	30	30
0.14559	0.00000000500515	30	30
0.14523	0.00000000501964	30	30
0.14542	0.00000000527756	30	30
0.14529	0.00000000539506	30	30
0.14562	0.00000000526754	30	30
0.14547	0.00000000526132	30	30
0.14539	0.00000000523553	30	30
0.14547	0.00000000524079	30	30
0.14527	0.00000000521085	30	30
0.14553	0.00000000523027	30	30
0.14546	0.00000000537348	30	30
0.14563	0.00000000510536	30	30
0.14535	0.00000000534536	30	30
0.14563	0.00000000516132	30	30
0.14525	0.00000000507685	30	30
0.14530	0.00000000518305	30	30
0.14555	0.00000000511454	30	30
0.14530	0.00000000505693	30	30
0.14547	0.00000000509178	30	30
0.14542	0.00000000527551	30	30
0.14509	0.00000000528294	30	30
0.14578	0.00000000557541	30	30
0.14530	0.00000000527933	30	30
0.14579	0.00000000527334	30	30
0.14540	0.00000000524690	30	30
0.14551	0.00000000528173	30	30
0.14653	0.00000000524138	30	30
0.14420	0.00000000515869	30	30
0.15257	0.00000000540610	30	30
0.15286	0.00000000568406	30	30
0.15238	0.00000000537522	30	30
0.15139	0.00000000544621	30	30
0.15148	0.00000000526035	30	30
0.15141	0.00000000523260	30	30
0.15115	0.00000000545888	30	30
0.15154	0.00000000554380	30	30
0.15265	0.00000000559108	30	30
0.15217	0.00000000553512	30	30
0.15123	0.00000000558646	30	30
0.15156	0.00000000547293	30	30
0.15150	0.00000000536602	30	30
0.12534	0.00000000522343	30	30
0.14556	0.00000000514794	30	30
0.14538	0.00000000508089	30	30
0.14540	0.00000000518249	30	30
0.14534	0.00000000508712	30	30
0.14529	0.00000000520077	30	30
0.14556	0.00000000516779	30	30
0.14543	0.00000000517411	30	30
0.14547	0.00000000511420	30	30
0.14526	0.00000000539287	30	30
0.14577	0.00000000532879	30	30
0.14539	0.00000000528914	30	30
0.14543	0.00000000528127	30	30
0.14537	0.00000000527913	30	30
0.14531	0.00000000521215	30	30
0.14561	0.00000000541345	30	30
0.14548	0.00000000533975	30	30
0.14416	0.00000000514656	30	30
0.14530	0.00000000512145	30	30
0.14551	0.00000000513125	30	30
0.14532	0.00000000513598	30	30
0.14540	0.00000000512763	30	30
0.14541	0.00000000522063	30	30
0.14536	0.00000000536490	30	30
0.14580	0.00000000506391	30	30
0.14517	0.00000000505226	30	30
0.14541	0.00000000519960	30	30
0.14535	0.00000000532237	30	30
0.14529	0.00000000532998	30	30
0.14568	0.00000000527037	30	30
0.14535	0.00000000527258	30	30
0.14529	0.00000000539914	30	30
0.14556	0.00000000526484	30	30
0.14551	0.00000000535754	30	30
0.14549	0.00000000522068	30	30
=============================================================================

============================ Tabulate Statistics ============================
PWR_PKG_ENERGY	INST_RETIRED	TOR_OCCUPANCY	RR_OCCUPANCY	TIPI	L3_MISS	L2_MISS	TIME	
11558.626831	2127590398418	156622202625	156625041403	0.147231	3635751978	14795897776	64716.959450	
=============================================================================

============================ TIPI SLAB Statistics ============================

==============================================================================
===== Test PASSED in 0.0 msec =====
