
-----
mkdir timedrun fake

Running with these driver parameters:
  solver ID    = 1

  Laplacian_27pt:
    (Nx, Ny, Nz) = (256, 256, 1024)
    (Px, Py, Pz) = (1, 1, 1)

=============================================
Generate Matrix:
=============================================
Spatial Operator:
  wall clock time = 12.498734 seconds
  wall MFLOPS     = 0.000000
  cpu clock time  = 179.502923 seconds
  cpu MFLOPS      = 0.000000

  RHS vector has unit components
  Initial guess is 0
=============================================
IJ Vector Setup:
=============================================
RHS and Initial Guess:
  wall clock time = 0.552369 seconds
  wall MFLOPS     = 0.000000
  cpu clock time  = 3.919924 seconds
  cpu MFLOPS      = 0.000000

=============================================
Problem 1: AMG Setup Time:
=============================================
PCG Setup:
  wall clock time = 40.049688 seconds
  wall MFLOPS     = 0.000000
  cpu clock time  = 452.283472 seconds
  cpu MFLOPS      = 0.000000


FOM_Setup: nnz_AP / Setup Phase Time: 4.914496e+07

=============================================
Problem 1: AMG-PCG Solve Time:
=============================================
PCG Solve:
  wall clock time = 66.936810 seconds
  wall MFLOPS     = 0.000000
  cpu clock time  = 1311.298652 seconds
  cpu MFLOPS      = 0.000000


Iterations = 22
Final Relative Residual Norm = 9.755986e-09


FOM_Solve: nnz_AP * Iterations / Solve Phase Time: 6.468980e+08



Figure of Merit (FOM_1): 4.974597e+08


============================ Unprocessed Statistics ============================
TIPI	JPI	Uncore1	Uncore2
0.14903	0.00000000508853	30	30
0.14876	0.00000000505854	30	30
0.14871	0.00000000509794	30	30
0.14914	0.00000000506366	30	30
0.14863	0.00000000504916	30	30
0.14917	0.00000000540796	30	30
0.14864	0.00000000497386	30	30
0.14884	0.00000000499297	30	30
0.14867	0.00000000521028	30	30
0.14874	0.00000000523567	30	30
0.14910	0.00000000525046	30	30
0.14867	0.00000000521107	30	30
0.14889	0.00000000520425	30	30
0.14878	0.00000000519369	30	30
0.14898	0.00000000535796	30	30
0.14877	0.00000000524835	30	30
0.14566	0.00000000494494	30	30
0.14527	0.00000000498468	30	30
0.14537	0.00000000500691	30	30
0.14558	0.00000000499148	30	30
0.14535	0.00000000488866	30	30
0.14559	0.00000000506392	30	30
0.14538	0.00000000496064	30	30
0.14544	0.00000000485780	30	30
0.14528	0.00000000519825	30	30
0.14508	0.00000000514892	30	30
0.14562	0.00000000513934	30	30
0.14548	0.00000000512647	30	30
0.14536	0.00000000510087	30	30
0.14556	0.00000000508344	30	30
0.14542	0.00000000507589	30	30
0.14551	0.00000000510518	30	30
0.14527	0.00000000502192	30	30
0.14542	0.00000000500193	30	30
0.14547	0.00000000462247	21	21
0.14550	0.00000000445259	21	21
0.14575	0.00000000435420	21	21
0.14525	0.00000000429464	21	21
0.14550	0.00000000442428	21	21
0.14552	0.00000000429934	21	21
0.14522	0.00000000445538	21	21
0.14525	0.00000000436053	21	21
0.14556	0.00000000446242	21	21
0.14527	0.00000000447991	21	21
0.14557	0.00000000445997	21	21
0.14550	0.00000000465122	21	21
0.14522	0.00000000443229	21	21
0.14557	0.00000000442760	21	21
0.14553	0.00000000442862	21	21
0.14518	0.00000000438530	21	21
0.15106	0.00000000455797	21	21
0.15142	0.00000000445513	21	21
0.15154	0.00000000447113	21	21
0.15113	0.00000000445839	21	21
0.15154	0.00000000443759	21	21
0.15127	0.00000000462090	21	21
0.15141	0.00000000449472	21	21
0.15161	0.00000000438192	21	21
0.15113	0.00000000445024	21	21
0.15121	0.00000000459297	21	21
0.15153	0.00000000460546	21	21
0.15150	0.00000000468432	21	21
0.15140	0.00000000465988	21	21
0.15124	0.00000000453898	21	21
0.15136	0.00000000455775	21	21
0.15155	0.00000000454175	21	21
0.15128	0.00000000464917	21	21
0.14559	0.00000000428445	21	21
0.14537	0.00000000429285	21	21
0.14546	0.00000000436437	21	21
0.14542	0.00000000431068	21	21
0.14562	0.00000000438635	21	21
0.14509	0.00000000440627	21	21
0.14563	0.00000000433598	21	21
0.14536	0.00000000424225	21	21
0.14542	0.00000000426679	21	21
0.14524	0.00000000442346	21	21
0.14558	0.00000000457175	21	21
0.14534	0.00000000459566	21	21
0.14560	0.00000000446397	21	21
0.14531	0.00000000442804	21	21
0.14529	0.00000000443752	21	21
0.14561	0.00000000455788	21	21
0.14563	0.00000000450321	21	21
0.14504	0.00000000439883	21	21
0.14538	0.00000000434974	21	21
0.14553	0.00000000449045	21	21
0.14541	0.00000000446153	21	21
0.14541	0.00000000433407	21	21
0.14559	0.00000000433351	21	21
0.14527	0.00000000441590	21	21
0.14552	0.00000000428110	21	21
0.14577	0.00000000438319	21	21
0.14476	0.00000000446498	21	21
0.14552	0.00000000447826	21	21
0.14545	0.00000000445427	21	21
0.14526	0.00000000446840	21	21
0.14576	0.00000000456192	21	21
0.14537	0.00000000453205	21	21
0.14525	0.00000000443708	21	21
0.14570	0.00000000443336	21	21
0.14547	0.00000000438793	21	21
0.14916	0.00000000433597	21	21
0.14910	0.00000000454327	21	21
0.14909	0.00000000448163	21	21
0.14922	0.00000000444353	21	21
0.14933	0.00000000442345	21	21
0.14891	0.00000000444737	21	21
0.14918	0.00000000444496	21	21
0.14921	0.00000000437874	21	21
0.14907	0.00000000437621	21	21
0.14911	0.00000000452306	21	21
0.14921	0.00000000456637	21	21
0.14913	0.00000000454072	21	21
0.14906	0.00000000454337	21	21
0.14919	0.00000000451441	21	21
0.14916	0.00000000452216	21	21
0.14925	0.00000000448683	21	21
0.14922	0.00000000449513	21	21
0.14557	0.00000000429440	21	21
0.14539	0.00000000432956	21	21
0.14547	0.00000000427854	21	21
0.14540	0.00000000445676	21	21
0.14521	0.00000000428398	21	21
0.14564	0.00000000434327	21	21
0.14542	0.00000000421564	21	21
0.14527	0.00000000421094	21	21
0.14556	0.00000000430202	21	21
0.14518	0.00000000459024	21	21
0.14551	0.00000000438294	21	21
0.14554	0.00000000442194	21	21
0.14549	0.00000000435087	21	21
0.14533	0.00000000446232	21	21
0.14550	0.00000000449770	21	21
0.14548	0.00000000436567	21	21
0.14618	0.00000000432202	21	21
0.14546	0.00000000441600	21	21
0.14536	0.00000000448053	21	21
0.14547	0.00000000437214	21	21
0.14551	0.00000000436684	21	21
0.14537	0.00000000430785	21	21
0.14551	0.00000000445046	21	21
0.14560	0.00000000454059	21	21
0.14548	0.00000000426260	21	21
0.14515	0.00000000437961	21	21
0.14558	0.00000000449308	21	21
0.14540	0.00000000457168	21	21
0.14528	0.00000000457209	21	21
0.14563	0.00000000444521	21	21
0.14547	0.00000000444736	21	21
0.14524	0.00000000441383	21	21
0.14547	0.00000000457943	21	21
0.14558	0.00000000450778	21	21
0.15144	0.00000000454516	21	21
0.15124	0.00000000456612	21	21
0.15121	0.00000000461648	21	21
0.15172	0.00000000457580	21	21
0.15127	0.00000000445183	21	21
0.15118	0.00000000443781	21	21
0.15133	0.00000000462143	21	21
0.15143	0.00000000475210	21	21
0.15138	0.00000000479574	21	21
0.15145	0.00000000462548	21	21
0.15142	0.00000000462808	21	21
0.15139	0.00000000460963	21	21
0.15137	0.00000000463888	21	21
0.15141	0.00000000479113	21	21
0.15057	0.00000000450601	21	21
0.12498	0.00000000463510	21	21
0.14540	0.00000000432450	21	21
0.14525	0.00000000453281	21	21
0.14547	0.00000000434005	21	21
0.14572	0.00000000432627	21	21
0.14564	0.00000000431913	21	21
0.14519	0.00000000442659	21	21
0.14538	0.00000000439738	21	21
0.14559	0.00000000438263	21	21
0.14508	0.00000000434540	21	21
0.14559	0.00000000449112	21	21
0.14526	0.00000000446751	21	21
0.14532	0.00000000459370	21	21
0.14565	0.00000000455390	21	21
0.14556	0.00000000444064	21	21
0.14509	0.00000000443616	21	21
0.14565	0.00000000444948	21	21
0.14540	0.00000000458262	21	21
0.14579	0.00000000434194	21	21
0.14539	0.00000000431799	21	21
0.14545	0.00000000433485	21	21
0.14554	0.00000000432991	21	21
0.14542	0.00000000445375	21	21
0.14549	0.00000000435461	21	21
0.14535	0.00000000431804	21	21
0.14550	0.00000000422144	21	21
0.14561	0.00000000428160	21	21
0.14492	0.00000000442771	21	21
0.14555	0.00000000456805	21	21
0.14552	0.00000000453112	21	21
0.14526	0.00000000438817	21	21
0.14557	0.00000000442911	21	21
0.14543	0.00000000438332	21	21
0.14515	0.00000000458555	21	21
0.14577	0.00000000437263	21	21
0.14886	0.00000000439319	21	21
0.14885	0.00000000441654	21	21
0.14875	0.00000000452578	21	21
0.14895	0.00000000446410	21	21
0.14879	0.00000000436751	21	21
0.14871	0.00000000445790	21	21
0.14904	0.00000000432549	21	21
0.14868	0.00000000431986	21	21
0.14850	0.00000000459384	21	21
0.14934	0.00000000463793	21	21
0.14876	0.00000000458307	21	21
0.14885	0.00000000454403	21	21
0.14892	0.00000000454799	21	21
0.14875	0.00000000452601	21	21
0.14903	0.00000000475902	21	21
0.14877	0.00000000448889	21	21
0.14527	0.00000000427438	21	21
0.14544	0.00000000428862	21	21
0.14558	0.00000000442651	21	21
0.14557	0.00000000439730	21	21
0.14557	0.00000000425303	21	21
0.14532	0.00000000432865	21	21
0.14567	0.00000000428619	21	21
0.14520	0.00000000420731	21	21
0.14545	0.00000000432975	21	21
0.14657	0.00000000453249	21	21
0.14572	0.00000000445502	21	21
0.14650	0.00000000446919	21	21
0.14653	0.00000000444074	21	21
0.14631	0.00000000443787	21	21
0.14688	0.00000000464240	21	21
0.14635	0.00000000444304	21	21
0.14655	0.00000000440309	21	21
0.14561	0.00000000435634	21	21
0.14543	0.00000000433918	21	21
0.14701	0.00000000455026	21	21
0.14557	0.00000000453413	21	21
0.14537	0.00000000435183	21	21
0.14558	0.00000000434825	21	21
0.14536	0.00000000436630	21	21
0.14562	0.00000000438492	21	21
0.14573	0.00000000447661	21	21
0.14498	0.00000000427186	21	21
0.14552	0.00000000445797	21	21
0.14544	0.00000000446824	21	21
0.14544	0.00000000473729	21	21
0.14559	0.00000000446868	21	21
0.14543	0.00000000445742	21	21
0.14520	0.00000000444452	21	21
0.14563	0.00000000446764	21	21
0.14560	0.00000000463745	21	21
0.14516	0.00000000437491	21	21
0.15139	0.00000000448020	21	21
0.15149	0.00000000473774	21	21
0.15140	0.00000000448695	21	21
0.15131	0.00000000445178	21	21
0.15139	0.00000000450530	21	21
0.15170	0.00000000446914	21	21
0.15139	0.00000000452610	21	21
0.15135	0.00000000457686	21	21
0.15125	0.00000000465294	21	21
0.15130	0.00000000466446	21	21
0.15154	0.00000000466953	21	21
0.15134	0.00000000472221	21	21
0.15132	0.00000000472510	21	21
0.15157	0.00000000462328	21	21
0.15119	0.00000000464214	21	21
0.15157	0.00000000457794	21	21
0.12658	0.00000000456395	21	21
0.12450	0.00000000481018	21	21
0.14529	0.00000000434193	21	21
0.14560	0.00000000435213	21	21
0.14547	0.00000000430499	21	21
0.14518	0.00000000447712	21	21
0.14568	0.00000000431247	21	21
0.14536	0.00000000432624	21	21
0.14530	0.00000000423544	21	21
0.14571	0.00000000425416	21	21
0.14551	0.00000000433138	21	21
0.14522	0.00000000461437	21	21
0.14546	0.00000000445550	21	21
0.14541	0.00000000442274	21	21
0.14597	0.00000000438333	21	21
0.14498	0.00000000461424	21	21
0.14537	0.00000000445779	21	21
0.14564	0.00000000444698	21	21
0.14524	0.00000000437660	21	21
0.14560	0.00000000429673	21	21
0.14550	0.00000000429730	21	21
0.14526	0.00000000457743	21	21
0.14556	0.00000000430156	21	21
0.14545	0.00000000427971	21	21
0.14506	0.00000000431207	21	21
0.14582	0.00000000437631	21	21
0.14539	0.00000000447898	21	21
0.14520	0.00000000429460	21	21
0.14553	0.00000000444303	21	21
0.14538	0.00000000447613	21	21
0.14528	0.00000000448541	21	21
0.14568	0.00000000468694	21	21
0.14544	0.00000000446031	21	21
0.14525	0.00000000442851	21	21
0.14568	0.00000000446106	21	21
0.14553	0.00000000454161	21	21
0.14533	0.00000000451244	21	21
0.14881	0.00000000437606	21	21
0.14872	0.00000000460157	21	21
0.14899	0.00000000445623	21	21
0.14887	0.00000000438847	21	21
0.14867	0.00000000437115	21	21
0.14890	0.00000000446516	21	21
0.14910	0.00000000437902	21	21
0.14896	0.00000000440446	21	21
0.14847	0.00000000450571	21	21
0.14884	0.00000000452829	21	21
0.14892	0.00000000452358	21	21
0.14863	0.00000000452877	21	21
0.14917	0.00000000450980	21	21
0.14948	0.00000000469163	21	21
0.14802	0.00000000447788	21	21
0.14905	0.00000000448997	21	21
0.14888	0.00000000445273	21	21
0.14538	0.00000000429682	21	21
0.14559	0.00000000433811	21	21
0.14535	0.00000000429480	21	21
0.14539	0.00000000437524	21	21
0.14547	0.00000000437707	21	21
0.14571	0.00000000435620	21	21
0.14595	0.00000000422232	21	21
0.14505	0.00000000420694	21	21
0.14513	0.00000000442940	21	21
0.14544	0.00000000451356	21	21
0.14543	0.00000000443420	21	21
0.14547	0.00000000440210	21	21
0.14533	0.00000000438225	21	21
0.14530	0.00000000438493	21	21
0.14569	0.00000000449682	21	21
0.14538	0.00000000446391	21	21
0.14521	0.00000000432950	21	21
0.14542	0.00000000432014	21	21
0.14516	0.00000000442387	21	21
0.14568	0.00000000445920	21	21
0.14547	0.00000000430404	21	21
0.14522	0.00000000428780	21	21
0.14559	0.00000000436581	21	21
0.14571	0.00000000428447	21	21
0.14547	0.00000000438082	21	21
0.14516	0.00000000445719	21	21
0.14536	0.00000000448841	21	21
0.14538	0.00000000447969	21	21
0.14536	0.00000000448585	21	21
0.14564	0.00000000444947	21	21
0.14548	0.00000000467026	21	21
0.14519	0.00000000445408	21	21
0.14564	0.00000000445282	21	21
0.14537	0.00000000438971	21	21
0.15136	0.00000000463349	21	21
0.15119	0.00000000463450	21	21
0.15149	0.00000000454313	21	21
0.15143	0.00000000452509	21	21
0.15113	0.00000000449288	21	21
0.15157	0.00000000458972	21	21
0.15145	0.00000000466122	21	21
0.15112	0.00000000442819	21	21
0.15144	0.00000000455436	21	21
0.15159	0.00000000464396	21	21
0.15121	0.00000000463719	21	21
0.15145	0.00000000464997	21	21
0.15140	0.00000000472857	21	21
0.15155	0.00000000470477	21	21
0.15110	0.00000000463128	21	21
0.15155	0.00000000461245	21	21
0.15127	0.00000000454696	21	21
0.14535	0.00000000430981	21	21
0.14514	0.00000000430591	21	21
0.14574	0.00000000438397	21	21
0.14539	0.00000000429620	21	21
0.14549	0.00000000427638	21	21
0.14532	0.00000000444670	21	21
0.14551	0.00000000445703	21	21
0.14543	0.00000000425407	21	21
0.14528	0.00000000431682	21	21
0.14546	0.00000000443674	21	21
0.14541	0.00000000447124	21	21
0.14520	0.00000000456437	21	21
0.14572	0.00000000462200	21	21
0.14541	0.00000000443879	21	21
0.14534	0.00000000445584	21	21
0.14558	0.00000000445429	21	21
0.14558	0.00000000450636	21	21
0.14169	0.00000000474115	21	21
0.14546	0.00000000437501	21	21
0.14544	0.00000000434964	21	21
0.14586	0.00000000440837	21	21
0.14492	0.00000000435500	21	21
0.14571	0.00000000432207	21	21
0.14528	0.00000000457781	21	21
0.14532	0.00000000439600	21	21
0.14571	0.00000000427202	21	21
0.14528	0.00000000429427	21	21
0.14550	0.00000000444081	21	21
0.14551	0.00000000469745	21	21
0.14538	0.00000000447055	21	21
0.14535	0.00000000447654	21	21
0.14561	0.00000000447234	21	21
0.14539	0.00000000444689	21	21
0.14549	0.00000000455376	21	21
0.14534	0.00000000454866	21	21
0.14907	0.00000000450576	21	21
0.14876	0.00000000440529	21	21
0.14882	0.00000000441697	21	21
0.14910	0.00000000439859	21	21
0.14868	0.00000000437771	21	21
0.14884	0.00000000468452	21	21
0.14887	0.00000000433680	21	21
0.14896	0.00000000432261	21	21
0.14894	0.00000000448264	21	21
0.14849	0.00000000461229	21	21
0.14878	0.00000000477771	21	21
0.14949	0.00000000455893	21	21
0.14870	0.00000000450115	21	21
0.14849	0.00000000450117	21	21
0.14874	0.00000000477445	21	21
0.14900	0.00000000443331	21	21
0.14836	0.00000000457256	21	21
0.14520	0.00000000437083	21	21
0.14568	0.00000000426893	21	21
0.14537	0.00000000433044	21	21
0.14532	0.00000000427630	21	21
0.14571	0.00000000425140	21	21
0.14531	0.00000000440713	21	21
0.14566	0.00000000443258	21	21
0.14515	0.00000000421357	21	21
0.14557	0.00000000422556	21	21
0.14527	0.00000000434592	21	21
0.14530	0.00000000442508	21	21
0.14568	0.00000000460120	21	21
0.14545	0.00000000438466	21	21
0.14516	0.00000000437888	21	21
0.14561	0.00000000437579	21	21
0.14548	0.00000000445996	21	21
0.14516	0.00000000446648	21	21
0.14464	0.00000000431711	21	21
0.14519	0.00000000435604	21	21
0.14562	0.00000000449920	21	21
0.14542	0.00000000446734	21	21
0.14542	0.00000000432076	21	21
0.14552	0.00000000436713	21	21
0.14538	0.00000000440522	21	21
0.14545	0.00000000438410	21	21
0.14534	0.00000000440781	21	21
0.14548	0.00000000439043	21	21
0.14527	0.00000000446499	21	21
0.14542	0.00000000450784	21	21
0.14544	0.00000000448655	21	21
0.14555	0.00000000463670	21	21
0.14530	0.00000000448606	21	21
0.14557	0.00000000445662	21	21
0.14549	0.00000000443777	21	21
0.14514	0.00000000439543	21	21
0.15116	0.00000000461631	21	21
0.15164	0.00000000452918	21	21
0.15127	0.00000000456941	21	21
0.15159	0.00000000452243	21	21
0.15116	0.00000000453560	21	21
0.15130	0.00000000451290	21	21
0.15156	0.00000000482451	21	21
0.15119	0.00000000444462	21	21
0.15146	0.00000000444673	21	21
0.15129	0.00000000460759	21	21
0.15115	0.00000000466046	21	21
0.15152	0.00000000477741	21	21
0.15149	0.00000000472309	21	21
0.15121	0.00000000464238	21	21
0.15148	0.00000000461988	21	21
0.15148	0.00000000459935	21	21
0.15172	0.00000000472479	21	21
0.15069	0.00000000466346	21	21
0.14549	0.00000000433548	21	21
0.14549	0.00000000432125	21	21
0.14544	0.00000000431633	21	21
0.14545	0.00000000430883	21	21
0.14538	0.00000000428332	21	21
0.14539	0.00000000455783	21	21
0.14542	0.00000000427110	21	21
0.14557	0.00000000422541	21	21
0.14528	0.00000000433381	21	21
0.14528	0.00000000445828	21	21
0.14558	0.00000000470335	21	21
0.14541	0.00000000446981	21	21
0.14540	0.00000000445110	21	21
0.14563	0.00000000444565	21	21
0.14523	0.00000000444092	21	21
0.14549	0.00000000465737	21	21
0.14543	0.00000000441808	21	21
0.14546	0.00000000432936	21	21
0.14534	0.00000000433317	21	21
0.14565	0.00000000436289	21	21
0.14554	0.00000000451245	21	21
0.14515	0.00000000428451	21	21
0.14544	0.00000000433723	21	21
0.14558	0.00000000430560	21	21
0.14526	0.00000000422994	21	21
0.14552	0.00000000438832	21	21
0.14547	0.00000000451362	21	21
0.14507	0.00000000442734	21	21
0.14581	0.00000000448677	21	21
0.14518	0.00000000444836	21	21
0.14542	0.00000000465043	21	21
0.14563	0.00000000443621	21	21
0.14534	0.00000000444528	21	21
0.14548	0.00000000440761	21	21
0.14849	0.00000000441069	21	21
0.14886	0.00000000454021	21	21
0.14889	0.00000000450722	21	21
0.14878	0.00000000440385	21	21
0.14890	0.00000000444154	21	21
0.14893	0.00000000451936	21	21
0.14864	0.00000000437091	21	21
0.14902	0.00000000458096	21	21
0.14849	0.00000000452303	21	21
0.14893	0.00000000457096	21	21
0.14888	0.00000000460063	21	21
0.14889	0.00000000454321	21	21
0.14930	0.00000000463678	21	21
0.14843	0.00000000461768	21	21
0.14901	0.00000000455415	21	21
0.14882	0.00000000450517	21	21
0.14552	0.00000000499310	21	21
0.14559	0.00000000448417	21	21
0.14543	0.00000000427297	21	21
0.14539	0.00000000434422	21	21
0.14539	0.00000000428000	21	21
0.14567	0.00000000423453	21	21
0.14498	0.00000000451228	21	21
0.14565	0.00000000431447	21	21
0.14531	0.00000000422071	21	21
0.14530	0.00000000423550	21	21
0.14552	0.00000000436836	21	21
0.14548	0.00000000449959	21	21
0.14526	0.00000000455136	21	21
0.14579	0.00000000448177	21	21
0.14536	0.00000000441650	21	21
0.14553	0.00000000442933	21	21
0.14558	0.00000000445255	21	21
0.14535	0.00000000460774	21	21
0.14525	0.00000000439779	21	21
0.14553	0.00000000431691	21	21
0.14534	0.00000000440284	21	21
0.14542	0.00000000436465	21	21
0.14565	0.00000000455556	21	21
0.14548	0.00000000434096	21	21
0.14522	0.00000000442308	21	21
0.14557	0.00000000427314	21	21
0.14542	0.00000000426151	21	21
0.14502	0.00000000463256	21	21
0.14573	0.00000000449689	21	21
0.14528	0.00000000446557	21	21
0.14537	0.00000000447456	21	21
0.14571	0.00000000445671	21	21
0.14523	0.00000000464506	21	21
0.14534	0.00000000445148	21	21
0.14571	0.00000000442735	21	21
0.14545	0.00000000440125	21	21
0.15160	0.00000000451727	21	21
0.15115	0.00000000456247	21	21
0.15164	0.00000000452567	21	21
0.15144	0.00000000451513	21	21
0.15115	0.00000000449490	21	21
0.15161	0.00000000486821	21	21
0.15135	0.00000000444809	21	21
0.15125	0.00000000443180	21	21
0.15127	0.00000000460253	21	21
0.15154	0.00000000465193	21	21
0.15109	0.00000000491017	21	21
0.15168	0.00000000461957	21	21
0.15134	0.00000000462786	21	21
0.15135	0.00000000460515	21	21
0.15138	0.00000000464294	21	21
0.15154	0.00000000471406	21	21
0.15175	0.00000000464808	21	21
0.12510	0.00000000484773	21	21
0.14572	0.00000000431271	21	21
0.14502	0.00000000433014	21	21
0.14552	0.00000000432286	21	21
0.14555	0.00000000431887	21	21
0.14520	0.00000000454079	21	21
0.14573	0.00000000442735	21	21
0.14534	0.00000000430281	21	21
0.14526	0.00000000428066	21	21
0.14546	0.00000000436398	21	21
0.14533	0.00000000468878	21	21
0.14538	0.00000000446509	21	21
0.14562	0.00000000446798	21	21
0.14547	0.00000000445844	21	21
0.14525	0.00000000454580	21	21
0.14556	0.00000000455281	21	21
0.14556	0.00000000445024	21	21
0.14531	0.00000000438526	21	21
0.14622	0.00000000439492	21	21
0.14626	0.00000000451805	21	21
0.14590	0.00000000454736	21	21
0.14629	0.00000000441833	21	21
0.14637	0.00000000437588	21	21
0.14598	0.00000000446452	21	21
0.14683	0.00000000441644	21	21
0.14680	0.00000000434503	21	21
0.14651	0.00000000461839	21	21
0.14662	0.00000000452089	21	21
0.14633	0.00000000452497	21	21
0.14552	0.00000000451092	21	21
0.14585	0.00000000445939	21	21
0.14544	0.00000000466466	21	21
0.14536	0.00000000443650	21	21
0.14576	0.00000000444475	21	21
0.14731	0.00000000450829	21	21
0.14497	0.00000000461332	21	21
0.14910	0.00000000438906	21	21
0.14843	0.00000000440671	21	21
0.14894	0.00000000440219	21	21
0.14902	0.00000000442198	21	21
0.14855	0.00000000441324	21	21
0.14897	0.00000000473826	21	21
0.14895	0.00000000437287	21	21
0.14865	0.00000000436299	21	21
0.14884	0.00000000450511	21	21
0.14901	0.00000000457697	21	21
0.14861	0.00000000480909	21	21
0.14953	0.00000000453866	21	21
0.14887	0.00000000451120	21	21
0.14827	0.00000000461502	21	21
0.14889	0.00000000466997	21	21
0.14916	0.00000000451254	21	21
0.14865	0.00000000448071	21	21
0.14550	0.00000000429248	21	21
0.14527	0.00000000433963	21	21
0.14552	0.00000000447485	21	21
0.14559	0.00000000442840	21	21
0.14523	0.00000000432543	21	21
0.14560	0.00000000433445	21	21
0.14549	0.00000000437865	21	21
0.14533	0.00000000433641	21	21
0.14558	0.00000000435295	21	21
0.14518	0.00000000441619	21	21
0.14512	0.00000000444506	21	21
0.14575	0.00000000448945	21	21
0.14552	0.00000000441075	21	21
0.14534	0.00000000465743	21	21
0.14558	0.00000000442447	21	21
0.14537	0.00000000444640	21	21
0.14548	0.00000000439457	21	21
0.14487	0.00000000434022	21	21
0.14550	0.00000000435930	21	21
0.14523	0.00000000442593	21	21
0.14551	0.00000000437201	21	21
0.14544	0.00000000434063	21	21
0.14529	0.00000000437097	21	21
0.14569	0.00000000453254	21	21
0.14537	0.00000000438052	21	21
0.14531	0.00000000428425	21	21
0.14540	0.00000000441732	21	21
0.14546	0.00000000447977	21	21
0.14536	0.00000000447260	21	21
0.14558	0.00000000469281	21	21
0.14549	0.00000000445327	21	21
0.14534	0.00000000441148	21	21
0.14548	0.00000000444865	21	21
0.14559	0.00000000443843	21	21
0.14523	0.00000000461310	21	21
0.15127	0.00000000449214	21	21
0.15144	0.00000000453751	21	21
0.15145	0.00000000456322	21	21
0.15137	0.00000000474360	21	21
0.15134	0.00000000449279	21	21
0.15126	0.00000000450655	21	21
0.15169	0.00000000459436	21	21
0.15150	0.00000000443922	21	21
0.15113	0.00000000444883	21	21
0.15135	0.00000000484058	21	21
0.15144	0.00000000465376	21	21
0.15114	0.00000000468490	21	21
0.15151	0.00000000463025	21	21
0.15148	0.00000000462517	21	21
0.15120	0.00000000460939	21	21
0.15164	0.00000000485383	21	21
0.15120	0.00000000460084	21	21
0.15081	0.00000000455994	21	21
0.14526	0.00000000432696	21	21
0.14537	0.00000000432481	21	21
0.14562	0.00000000435192	21	21
0.14556	0.00000000432910	21	21
0.14514	0.00000000442546	21	21
0.14550	0.00000000453613	21	21
0.14558	0.00000000434083	21	21
0.14527	0.00000000428029	21	21
0.14534	0.00000000433992	21	21
0.14545	0.00000000446925	21	21
0.14542	0.00000000470753	21	21
0.14559	0.00000000449605	21	21
0.14538	0.00000000446078	21	21
0.14529	0.00000000441771	21	21
0.14556	0.00000000445983	21	21
0.14548	0.00000000465914	21	21
0.14564	0.00000000441688	21	21
0.14541	0.00000000437747	21	21
0.14534	0.00000000435726	21	21
0.14543	0.00000000439528	21	21
0.14557	0.00000000457263	21	21
0.14583	0.00000000433959	21	21
0.14509	0.00000000439269	21	21
0.14565	0.00000000433179	21	21
0.14545	0.00000000437759	21	21
0.14513	0.00000000443326	21	21
0.14539	0.00000000449422	21	21
0.14551	0.00000000445209	21	21
0.14534	0.00000000450846	21	21
0.14553	0.00000000466334	21	21
0.14550	0.00000000444177	21	21
0.14520	0.00000000445896	21	21
0.14559	0.00000000447955	21	21
0.14548	0.00000000444131	21	21
0.14507	0.00000000457138	21	21
0.14859	0.00000000440663	21	21
0.14901	0.00000000445791	21	21
0.14893	0.00000000445504	21	21
0.14885	0.00000000462174	21	21
0.14875	0.00000000449553	21	21
0.14894	0.00000000443548	21	21
0.14907	0.00000000435791	21	21
0.14855	0.00000000447122	21	21
0.14869	0.00000000456629	21	21
0.14894	0.00000000479218	21	21
0.14888	0.00000000458153	21	21
0.14885	0.00000000454855	21	21
0.14936	0.00000000453145	21	21
0.14828	0.00000000463072	21	21
0.14895	0.00000000464092	21	21
0.14873	0.00000000445149	21	21
0.24551	0.00000001174336	21	21
0.14535	0.00000000430886	21	21
0.14550	0.00000000430833	21	21
0.14548	0.00000000430464	21	21
0.14523	0.00000000426327	21	21
0.14562	0.00000000439583	21	21
0.14543	0.00000000441633	21	21
0.14522	0.00000000423647	21	21
0.14578	0.00000000423938	21	21
0.14528	0.00000000427234	21	21
0.14554	0.00000000438647	21	21
0.14549	0.00000000464286	21	21
0.14542	0.00000000439711	21	21
0.14557	0.00000000436373	21	21
0.14520	0.00000000439707	21	21
0.14551	0.00000000436318	21	21
0.14545	0.00000000458005	21	21
0.14541	0.00000000433301	21	21
0.19908	0.00000000746190	21	21
0.14536	0.00000000436144	21	21
0.14551	0.00000000441567	21	21
0.14564	0.00000000457384	21	21
0.14554	0.00000000438494	21	21
0.14508	0.00000000431329	21	21
0.14570	0.00000000441836	21	21
0.14553	0.00000000435130	21	21
0.14525	0.00000000436696	21	21
0.14551	0.00000000446214	21	21
0.14530	0.00000000447274	21	21
0.14572	0.00000000451059	21	21
0.14526	0.00000000448410	21	21
0.14541	0.00000000445079	21	21
0.14568	0.00000000468505	21	21
0.14521	0.00000000445410	21	21
0.14542	0.00000000443242	21	21
0.14565	0.00000000443795	21	21
0.14377	0.00000000471616	21	21
0.15120	0.00000000452678	21	21
0.15144	0.00000000455404	21	21
0.15151	0.00000000455579	21	21
0.15137	0.00000000453419	21	21
0.15150	0.00000000448835	21	21
0.15122	0.00000000460045	21	21
0.15166	0.00000000469152	21	21
0.15127	0.00000000444471	21	21
0.15115	0.00000000456204	21	21
0.15149	0.00000000466799	21	21
0.15133	0.00000000464872	21	21
0.15153	0.00000000477025	21	21
0.15130	0.00000000474413	21	21
0.15126	0.00000000461557	21	21
0.15159	0.00000000461192	21	21
0.15132	0.00000000462255	21	21
0.15155	0.00000000475867	21	21
0.14537	0.00000000430789	21	21
0.14538	0.00000000432564	21	21
0.14568	0.00000000435976	21	21
0.14533	0.00000000436504	21	21
0.14528	0.00000000433608	21	21
0.14541	0.00000000461697	21	21
0.14556	0.00000000437927	21	21
0.14539	0.00000000428436	21	21
0.14536	0.00000000432007	21	21
0.14539	0.00000000444910	21	21
0.14561	0.00000000461488	21	21
0.14529	0.00000000460029	21	21
0.14551	0.00000000447148	21	21
0.14543	0.00000000445813	21	21
0.14536	0.00000000443583	21	21
0.14563	0.00000000445450	21	21
0.14545	0.00000000463697	21	21
0.14368	0.00000000458161	21	21
0.14573	0.00000000440991	21	21
0.14540	0.00000000432177	21	21
0.14544	0.00000000439128	21	21
0.14547	0.00000000438424	21	21
0.14546	0.00000000442790	21	21
0.14524	0.00000000448012	21	21
0.14556	0.00000000441591	21	21
0.14546	0.00000000428131	21	21
0.14542	0.00000000430998	21	21
0.14521	0.00000000446023	21	21
0.14555	0.00000000471862	21	21
0.14555	0.00000000447494	21	21
0.14524	0.00000000449205	21	21
0.14545	0.00000000444894	21	21
0.14553	0.00000000444073	21	21
0.14532	0.00000000456755	21	21
0.14540	0.00000000452813	21	21
0.14898	0.00000000451149	21	21
0.14865	0.00000000448659	21	21
0.14878	0.00000000444341	21	21
0.14925	0.00000000443043	21	21
0.14884	0.00000000435111	21	21
0.14869	0.00000000448614	21	21
0.14892	0.00000000447320	21	21
0.14897	0.00000000444943	21	21
0.14853	0.00000000447908	21	21
0.14890	0.00000000461162	21	21
0.14908	0.00000000458030	21	21
0.14943	0.00000000463739	21	21
0.14808	0.00000000465980	21	21
0.14944	0.00000000452300	21	21
0.14848	0.00000000452297	21	21
0.14867	0.00000000454079	21	21
0.14868	0.00000000460095	21	21
0.14558	0.00000000428699	21	21
0.14544	0.00000000428381	21	21
0.14518	0.00000000437595	21	21
0.14570	0.00000000439915	21	21
0.14543	0.00000000437404	21	21
0.14530	0.00000000429795	21	21
0.14567	0.00000000438723	21	21
0.14521	0.00000000427704	21	21
0.14558	0.00000000428792	21	21
0.14546	0.00000000455270	21	21
0.14551	0.00000000457312	21	21
0.14534	0.00000000445561	21	21
0.14547	0.00000000445831	21	21
0.14557	0.00000000443216	21	21
0.14580	0.00000000452557	21	21
0.14505	0.00000000451944	21	21
0.14560	0.00000000441666	21	21
0.14544	0.00000000438398	21	21
0.14528	0.00000000432559	21	21
0.14560	0.00000000446605	21	21
0.14541	0.00000000451582	21	21
0.14533	0.00000000438911	21	21
0.14560	0.00000000431665	21	21
0.14533	0.00000000437348	21	21
0.14536	0.00000000450621	21	21
0.14571	0.00000000437687	21	21
0.14538	0.00000000429609	21	21
0.14497	0.00000000443502	21	21
0.14579	0.00000000448713	21	21
0.14525	0.00000000448249	21	21
0.14549	0.00000000468595	21	21
0.14547	0.00000000446831	21	21
0.14545	0.00000000444635	21	21
0.14541	0.00000000445724	21	21
0.14545	0.00000000443667	21	21
0.15141	0.00000000452213	21	21
0.15109	0.00000000457180	21	21
0.15170	0.00000000455395	21	21
0.15128	0.00000000468071	21	21
0.15113	0.00000000454104	21	21
0.15171	0.00000000457497	21	21
0.15132	0.00000000444707	21	21
0.15144	0.00000000447686	21	21
0.15117	0.00000000465041	21	21
0.15138	0.00000000475696	21	21
0.15142	0.00000000479223	21	21
0.15122	0.00000000462752	21	21
0.15155	0.00000000464157	21	21
0.15131	0.00000000460669	21	21
0.15121	0.00000000474293	21	21
0.15161	0.00000000469348	21	21
0.12754	0.00000000458362	21	21
0.12455	0.00000000445966	21	21
0.12715	0.00000000454127	21	21
0.12491	0.00000000462832	21	21
0.14539	0.00000000447062	21	21
0.14567	0.00000000451384	21	21
0.14510	0.00000000434915	21	21
0.14561	0.00000000437462	21	21
0.14564	0.00000000434286	21	21
0.14523	0.00000000455898	21	21
0.14553	0.00000000442818	21	21
0.14546	0.00000000428422	21	21
0.14513	0.00000000440442	21	21
0.14567	0.00000000450519	21	21
0.14531	0.00000000448850	21	21
0.14537	0.00000000468139	21	21
0.14559	0.00000000447390	21	21
0.14555	0.00000000446088	21	21
0.14551	0.00000000442906	21	21
0.14528	0.00000000444652	21	21
0.14544	0.00000000463934	21	21
0.14547	0.00000000432188	21	21
0.14540	0.00000000436322	21	21
0.14575	0.00000000433257	21	21
0.14523	0.00000000430414	21	21
0.14543	0.00000000451334	21	21
0.14549	0.00000000441055	21	21
0.14526	0.00000000432518	21	21
0.14559	0.00000000427225	21	21
0.14523	0.00000000439271	21	21
0.14513	0.00000000460895	21	21
0.14576	0.00000000461263	21	21
0.14534	0.00000000445680	21	21
0.14533	0.00000000445938	21	21
0.14568	0.00000000445522	21	21
0.14541	0.00000000457402	21	21
0.14575	0.00000000453420	21	21
0.14532	0.00000000441795	21	21
0.14886	0.00000000440100	21	21
0.14905	0.00000000455742	21	21
0.14852	0.00000000449174	21	21
0.14898	0.00000000436533	21	21
0.14868	0.00000000443612	21	21
0.14887	0.00000000441743	21	21
0.14903	0.00000000441952	21	21
0.14867	0.00000000437401	21	21
0.14860	0.00000000463015	21	21
0.14906	0.00000000453324	21	21
0.14934	0.00000000451999	21	21
0.14841	0.00000000457801	21	21
0.14924	0.00000000459466	21	21
0.14843	0.00000000446920	21	21
0.14868	0.00000000449832	21	21
0.14912	0.00000000446109	21	21
0.14542	0.00000000429797	21	21
0.14550	0.00000000431674	21	21
0.14525	0.00000000436497	21	21
0.14553	0.00000000431544	21	21
0.14546	0.00000000456766	21	21
0.14538	0.00000000436967	21	21
0.14556	0.00000000426573	21	21
0.14531	0.00000000424411	21	21
0.14503	0.00000000438305	21	21
0.14572	0.00000000465604	21	21
0.14550	0.00000000447392	21	21
0.14514	0.00000000444420	21	21
0.14571	0.00000000446039	21	21
0.14548	0.00000000441602	21	21
0.14528	0.00000000464339	21	21
0.14567	0.00000000443371	21	21
0.14535	0.00000000433978	21	21
0.14548	0.00000000439283	21	21
0.14540	0.00000000449586	21	21
0.14555	0.00000000447969	21	21
0.14519	0.00000000436149	21	21
0.14558	0.00000000434275	21	21
0.14545	0.00000000440816	21	21
0.14541	0.00000000434573	21	21
0.14553	0.00000000437719	21	21
0.14538	0.00000000446146	21	21
0.14510	0.00000000448499	21	21
0.14587	0.00000000452705	21	21
0.14560	0.00000000447356	21	21
0.14517	0.00000000456792	21	21
0.14607	0.00000000458624	21	21
0.14534	0.00000000443841	21	21
0.14546	0.00000000443499	21	21
0.14549	0.00000000451687	21	21
0.14560	0.00000000441183	21	21
0.15201	0.00000000455368	21	21
0.15119	0.00000000462998	21	21
0.15134	0.00000000460178	21	21
0.15138	0.00000000466719	21	21
0.15129	0.00000000462219	21	21
0.15137	0.00000000478491	21	21
0.15161	0.00000000477345	21	21
0.15135	0.00000000461643	21	21
0.15117	0.00000000462102	21	21
0.15168	0.00000000456075	21	21
0.12489	0.00000000442715	21	21
0.14523	0.00000000431562	21	21
0.14573	0.00000000450969	21	21
0.14507	0.00000000435549	21	21
0.14556	0.00000000430186	21	21
0.14533	0.00000000427674	21	21
0.14545	0.00000000453029	21	21
0.14562	0.00000000448104	21	21
0.14546	0.00000000426616	21	21
0.14510	0.00000000434128	21	21
0.14553	0.00000000447098	21	21
0.14545	0.00000000449067	21	21
0.14522	0.00000000460969	21	21
0.14567	0.00000000457447	21	21
0.14532	0.00000000445310	21	21
0.14533	0.00000000444566	21	21
0.14551	0.00000000446492	21	21
0.14558	0.00000000464180	21	21
0.14558	0.00000000436796	21	21
0.14551	0.00000000436228	21	21
0.14543	0.00000000440624	21	21
0.14536	0.00000000437094	21	21
0.14547	0.00000000443739	21	21
0.14551	0.00000000447933	21	21
0.14541	0.00000000438602	21	21
0.14551	0.00000000427887	21	21
0.14535	0.00000000430336	21	21
0.14517	0.00000000460073	21	21
0.14568	0.00000000458149	21	21
0.14553	0.00000000450617	21	21
0.14520	0.00000000444436	21	21
0.14557	0.00000000457056	21	21
0.14552	0.00000000454343	21	21
0.14516	0.00000000448853	21	21
0.14568	0.00000000443076	21	21
0.14540	0.00000000439273	21	21
0.14890	0.00000000443999	21	21
0.14888	0.00000000443338	21	21
0.14889	0.00000000462151	21	21
0.14875	0.00000000455798	21	21
0.14890	0.00000000441471	21	21
0.14849	0.00000000450395	21	21
0.14925	0.00000000442690	21	21
0.14883	0.00000000434817	21	21
0.14837	0.00000000469807	21	21
0.14919	0.00000000460670	21	21
0.14868	0.00000000456243	21	21
0.14891	0.00000000458387	21	21
0.14915	0.00000000456854	21	21
0.14890	0.00000000465484	21	21
0.14867	0.00000000463934	21	21
0.14898	0.00000000454973	21	21
0.14880	0.00000000448030	21	21
0.14530	0.00000000429237	21	21
0.14551	0.00000000435139	21	21
0.14537	0.00000000429679	21	21
0.14574	0.00000000447021	21	21
0.14509	0.00000000429465	21	21
0.14556	0.00000000433461	21	21
0.14548	0.00000000421719	21	21
0.14525	0.00000000423464	21	21
0.14547	0.00000000445918	21	21
0.14530	0.00000000450518	21	21
0.14523	0.00000000443236	21	21
0.14573	0.00000000441543	21	21
0.14538	0.00000000437623	21	21
0.14549	0.00000000448464	21	21
0.14550	0.00000000449985	21	21
0.14539	0.00000000434994	21	21
0.14524	0.00000000432974	21	21
0.14545	0.00000000438034	21	21
0.14550	0.00000000460375	21	21
0.14522	0.00000000437105	21	21
0.14550	0.00000000435224	21	21
0.14547	0.00000000435289	21	21
0.14532	0.00000000444198	21	21
0.14550	0.00000000443462	21	21
0.14557	0.00000000438821	21	21
0.14495	0.00000000443570	21	21
0.14562	0.00000000448744	21	21
0.14549	0.00000000450728	21	21
0.14520	0.00000000448251	21	21
0.14571	0.00000000467996	21	21
0.14532	0.00000000445990	21	21
0.14525	0.00000000445439	21	21
0.14578	0.00000000445711	21	21
0.14516	0.00000000443526	21	21
0.15137	0.00000000451100	21	21
0.15170	0.00000000452697	21	21
0.15110	0.00000000458883	21	21
0.15156	0.00000000454580	21	21
0.15150	0.00000000462639	21	21
0.15101	0.00000000462533	21	21
0.15161	0.00000000461350	21	21
0.15143	0.00000000444838	21	21
0.15111	0.00000000445184	21	21
0.15135	0.00000000474940	21	21
0.15146	0.00000000478633	21	21
0.15113	0.00000000466459	21	21
0.15164	0.00000000465603	21	21
0.15146	0.00000000462812	21	21
0.15125	0.00000000473224	21	21
0.15135	0.00000000465848	21	21
0.15161	0.00000000471734	21	21
0.15136	0.00000000455628	21	21
0.14546	0.00000000437386	21	21
0.14508	0.00000000438747	21	21
0.14549	0.00000000439951	21	21
0.14562	0.00000000438084	21	21
0.14516	0.00000000432796	21	21
0.14566	0.00000000455426	21	21
0.14549	0.00000000446089	21	21
0.14534	0.00000000428744	21	21
0.14542	0.00000000437031	21	21
0.14539	0.00000000449350	21	21
0.14546	0.00000000462751	21	21
0.14544	0.00000000459075	21	21
0.14577	0.00000000449350	21	21
0.14537	0.00000000445299	21	21
0.14538	0.00000000447383	21	21
0.14542	0.00000000455254	21	21
0.14578	0.00000000452426	21	21
0.14532	0.00000000436525	21	21
0.14544	0.00000000436737	21	21
0.14528	0.00000000452417	21	21
0.14553	0.00000000447298	21	21
0.14544	0.00000000433646	21	21
0.14528	0.00000000440213	21	21
0.14564	0.00000000435549	21	21
0.14552	0.00000000428854	21	21
0.14517	0.00000000452011	21	21
0.14542	0.00000000447723	21	21
0.14546	0.00000000447056	21	21
0.14543	0.00000000448277	21	21
0.14553	0.00000000460634	21	21
0.14550	0.00000000456320	21	21
0.14540	0.00000000445398	21	21
0.14555	0.00000000448279	21	21
0.14541	0.00000000439722	21	21
0.14883	0.00000000447042	21	21
0.14873	0.00000000448513	21	21
0.14900	0.00000000446576	21	21
0.14887	0.00000000444198	21	21
0.14849	0.00000000454250	21	21
0.14913	0.00000000467681	21	21
0.14880	0.00000000439037	21	21
0.14871	0.00000000438952	21	21
0.14886	0.00000000453456	21	21
0.14895	0.00000000459133	21	21
0.14869	0.00000000483201	21	21
0.14895	0.00000000457116	21	21
0.14883	0.00000000455426	21	21
0.14891	0.00000000455038	21	21
0.14866	0.00000000457053	21	21
0.14899	0.00000000454539	21	21
0.14900	0.00000000468690	21	21
0.14809	0.00000000481216	21	21
0.14545	0.00000000429742	21	21
0.14547	0.00000000428712	21	21
0.14561	0.00000000433875	21	21
0.14532	0.00000000452087	21	21
0.14547	0.00000000426371	21	21
0.14539	0.00000000431678	21	21
0.14540	0.00000000430504	21	21
0.14549	0.00000000421478	21	21
0.14537	0.00000000434285	21	21
0.14520	0.00000000450514	21	21
0.14551	0.00000000445932	21	21
0.14576	0.00000000447734	21	21
0.14503	0.00000000443144	21	21
0.14575	0.00000000456384	21	21
0.14533	0.00000000452603	21	21
0.14511	0.00000000443725	21	21
0.14586	0.00000000440734	21	21
0.14400	0.00000000434134	21	21
0.14579	0.00000000436379	21	21
0.14511	0.00000000436389	21	21
0.14552	0.00000000464027	21	21
0.14540	0.00000000437188	21	21
0.14548	0.00000000435293	21	21
0.14543	0.00000000438256	21	21
0.14552	0.00000000441118	21	21
0.14528	0.00000000429841	21	21
0.14546	0.00000000451173	21	21
0.14533	0.00000000444159	21	21
0.14526	0.00000000450329	21	21
0.14561	0.00000000450115	21	21
0.14542	0.00000000447609	21	21
0.14528	0.00000000468785	21	21
0.14556	0.00000000446879	21	21
0.14562	0.00000000446801	21	21
0.14534	0.00000000442057	21	21
0.14431	0.00000000445159	21	21
0.15153	0.00000000465138	21	21
0.15139	0.00000000468989	21	21
0.15133	0.00000000454614	21	21
0.15148	0.00000000450699	21	21
0.15131	0.00000000454723	21	21
0.15144	0.00000000469220	21	21
0.15139	0.00000000454405	21	21
0.15134	0.00000000448223	21	21
0.15134	0.00000000463232	21	21
0.15132	0.00000000467442	21	21
0.15123	0.00000000468711	21	21
0.15162	0.00000000476791	21	21
0.15123	0.00000000473465	21	21
0.15154	0.00000000462764	21	21
0.15133	0.00000000462873	21	21
0.15104	0.00000000458831	21	21
0.14813	0.00000000448588	21	21
0.14513	0.00000000439067	21	21
0.14551	0.00000000439284	21	21
0.14550	0.00000000438358	21	21
0.14527	0.00000000448633	21	21
0.14544	0.00000000445627	21	21
0.14552	0.00000000443571	21	21
0.14539	0.00000000431861	21	21
0.14554	0.00000000430235	21	21
0.14526	0.00000000446884	21	21
0.14542	0.00000000459386	21	21
0.14544	0.00000000453499	21	21
0.14551	0.00000000448067	21	21
0.14528	0.00000000444188	21	21
0.14563	0.00000000450358	21	21
0.14527	0.00000000467106	21	21
0.14561	0.00000000445114	21	21
0.14542	0.00000000441853	21	21
0.14577	0.00000000443559	21	21
0.14498	0.00000000436552	21	21
0.14561	0.00000000442677	21	21
0.14554	0.00000000435167	21	21
0.14508	0.00000000434567	21	21
0.14561	0.00000000441506	21	21
0.14546	0.00000000445558	21	21
0.14520	0.00000000438855	21	21
0.14571	0.00000000436928	21	21
0.14512	0.00000000447732	21	21
0.14540	0.00000000449258	21	21
0.14563	0.00000000451192	21	21
0.14535	0.00000000457969	21	21
0.14536	0.00000000455738	21	21
0.14555	0.00000000448515	21	21
0.14548	0.00000000445706	21	21
0.14549	0.00000000441090	21	21
0.14874	0.00000000450962	21	21
0.14889	0.00000000446879	21	21
0.14899	0.00000000440183	21	21
0.14862	0.00000000436983	21	21
0.14896	0.00000000442953	21	21
0.14896	0.00000000451316	21	21
0.14872	0.00000000444250	21	21
0.14889	0.00000000437699	21	21
0.14860	0.00000000450834	21	21
0.14883	0.00000000453985	21	21
0.14900	0.00000000456724	21	21
0.14876	0.00000000460981	21	21
0.14909	0.00000000460994	21	21
0.14841	0.00000000451154	21	21
0.14906	0.00000000450884	21	21
0.14895	0.00000000442898	21	21
0.14521	0.00000000435322	21	21
0.14553	0.00000000436055	21	21
0.14551	0.00000000437000	21	21
0.14536	0.00000000437004	21	21
0.14571	0.00000000441360	21	21
0.14526	0.00000000450792	21	21
0.14564	0.00000000431753	21	21
0.14537	0.00000000427113	21	21
0.14530	0.00000000433749	21	21
0.14591	0.00000000446268	21	21
0.14480	0.00000000467508	21	21
0.14540	0.00000000447140	21	21
0.14558	0.00000000445124	21	21
0.14528	0.00000000445047	21	21
0.14546	0.00000000444437	21	21
0.14551	0.00000000464569	21	21
0.14533	0.00000000438713	21	21
0.14543	0.00000000437154	21	21
0.14509	0.00000000437848	21	21
0.14570	0.00000000441315	21	21
0.14544	0.00000000460184	21	21
0.14531	0.00000000433356	21	21
0.14569	0.00000000444718	21	21
0.14566	0.00000000437547	21	21
0.14539	0.00000000428059	21	21
0.14542	0.00000000447048	21	21
0.14532	0.00000000460381	21	21
0.14599	0.00000000448558	21	21
0.14498	0.00000000450394	21	21
0.14543	0.00000000446061	21	21
0.14563	0.00000000468408	21	21
0.14513	0.00000000446306	21	21
0.14557	0.00000000448161	21	21
0.14555	0.00000000443058	21	21
0.14429	0.00000000448856	21	21
0.15127	0.00000000455050	21	21
0.15151	0.00000000458956	21	21
0.15137	0.00000000454425	21	21
0.15137	0.00000000472833	21	21
0.15136	0.00000000454422	21	21
0.15133	0.00000000461301	21	21
0.15138	0.00000000446149	21	21
0.15146	0.00000000446915	21	21
0.15132	0.00000000482027	21	21
0.15125	0.00000000467219	21	21
0.15144	0.00000000470169	21	21
0.15137	0.00000000464884	21	21
0.15148	0.00000000463728	21	21
0.15132	0.00000000464017	21	21
0.15138	0.00000000478696	21	21
0.15136	0.00000000470017	21	21
0.15118	0.00000000457557	21	21
0.14523	0.00000000437152	21	21
0.14561	0.00000000438408	21	21
0.14535	0.00000000440683	21	21
0.14600	0.00000000438786	21	21
0.14494	0.00000000444017	21	21
0.14547	0.00000000451988	21	21
0.14568	0.00000000437701	21	21
0.14516	0.00000000429607	21	21
0.14543	0.00000000433934	21	21
0.14536	0.00000000447765	21	21
0.14521	0.00000000473332	21	21
0.14569	0.00000000448952	21	21
0.14536	0.00000000448124	21	21
0.14535	0.00000000447384	21	21
0.14560	0.00000000445925	21	21
0.14526	0.00000000467272	21	21
0.14537	0.00000000442818	21	21
0.14574	0.00000000437683	21	21
0.14545	0.00000000435288	21	21
0.14536	0.00000000462863	21	21
0.14548	0.00000000440010	21	21
0.14517	0.00000000432858	21	21
0.14546	0.00000000445604	21	21
0.14566	0.00000000441460	21	21
0.14557	0.00000000428810	21	21
0.14514	0.00000000433890	21	21
0.14543	0.00000000468862	21	21
0.14536	0.00000000449412	21	21
0.14524	0.00000000449099	21	21
0.14574	0.00000000451104	21	21
0.14533	0.00000000446139	21	21
0.14533	0.00000000466876	21	21
0.14563	0.00000000448098	21	21
0.14539	0.00000000442085	21	21
0.14368	0.00000000455815	21	21
0.14893	0.00000000458587	21	21
0.14844	0.00000000450589	21	21
0.14902	0.00000000457471	21	21
0.14927	0.00000000446886	21	21
0.14872	0.00000000445630	21	21
0.14892	0.00000000454261	21	21
0.14892	0.00000000439334	21	21
0.14968	0.00000000454475	21	21
0.14955	0.00000000470512	21	21
0.14950	0.00000000464989	21	21
0.14929	0.00000000465535	21	21
0.14993	0.00000000461953	21	21
0.15006	0.00000000464305	21	21
0.15057	0.00000000483134	21	21
0.14960	0.00000000463085	21	21
0.15031	0.00000000463004	21	21
0.14983	0.00000000454326	21	21
0.14722	0.00000000439441	21	21
0.14607	0.00000000432775	21	21
0.14507	0.00000000434678	21	21
0.14584	0.00000000443918	21	21
0.14537	0.00000000435033	21	21
0.14515	0.00000000432060	21	21
0.14584	0.00000000436826	21	21
0.14543	0.00000000423273	21	21
0.14541	0.00000000439659	21	21
0.14532	0.00000000454637	21	21
0.14546	0.00000000447874	21	21
0.14576	0.00000000448654	21	21
0.14513	0.00000000445419	21	21
0.14558	0.00000000444382	21	21
0.14570	0.00000000465034	21	21
0.14506	0.00000000443498	21	21
0.14556	0.00000000443537	21	21
0.14549	0.00000000439499	21	21
0.14548	0.00000000437719	21	21
0.14554	0.00000000440694	21	21
0.14512	0.00000000438833	21	21
0.14577	0.00000000436002	21	21
0.14545	0.00000000447162	21	21
0.14523	0.00000000452848	21	21
0.14553	0.00000000429129	21	21
0.14541	0.00000000430937	21	21
0.14522	0.00000000441687	21	21
0.14575	0.00000000461190	21	21
0.14531	0.00000000460581	21	21
0.14540	0.00000000448017	21	21
0.14561	0.00000000448539	21	21
0.14549	0.00000000446055	21	21
0.14536	0.00000000457718	21	21
0.14549	0.00000000456972	21	21
0.14543	0.00000000440293	21	21
0.15140	0.00000000452712	21	21
0.15118	0.00000000471583	21	21
0.15146	0.00000000464809	21	21
0.15146	0.00000000450658	21	21
0.15118	0.00000000455400	21	21
0.15156	0.00000000461301	21	21
0.15158	0.00000000447007	21	21
0.15131	0.00000000458703	21	21
0.15135	0.00000000477897	21	21
0.15142	0.00000000467890	21	21
0.15138	0.00000000468765	21	21
0.15132	0.00000000465696	21	21
0.15154	0.00000000465026	21	21
0.15142	0.00000000484236	21	21
0.15106	0.00000000465251	21	21
0.15156	0.00000000462290	21	21
0.14883	0.00000000451426	21	21
0.14541	0.00000000437712	21	21
0.14542	0.00000000441577	21	21
0.14543	0.00000000440005	21	21
0.14548	0.00000000437756	21	21
0.14556	0.00000000447160	21	21
0.14515	0.00000000454611	21	21
0.14558	0.00000000434188	21	21
0.14548	0.00000000428196	21	21
0.14520	0.00000000441419	21	21
0.14559	0.00000000462037	21	21
0.14552	0.00000000461210	21	21
0.14515	0.00000000448542	21	21
0.14565	0.00000000448777	21	21
0.14558	0.00000000447377	21	21
0.14516	0.00000000457413	21	21
0.14556	0.00000000455276	21	21
0.14553	0.00000000443611	21	21
0.14570	0.00000000439440	21	21
0.14532	0.00000000453204	21	21
0.14545	0.00000000448267	21	21
0.14541	0.00000000436752	21	21
0.14543	0.00000000437094	21	21
0.14572	0.00000000442226	21	21
0.14526	0.00000000431456	21	21
0.14538	0.00000000451472	21	21
0.14564	0.00000000441717	21	21
0.14505	0.00000000450300	21	21
0.14546	0.00000000451186	21	21
0.14552	0.00000000458969	21	21
0.14537	0.00000000459976	21	21
0.14563	0.00000000447118	21	21
0.14535	0.00000000447393	21	21
0.14527	0.00000000449655	21	21
0.14570	0.00000000440415	21	21
0.14855	0.00000000445738	21	21
0.14890	0.00000000446436	21	21
0.14899	0.00000000471751	21	21
0.14871	0.00000000448370	21	21
0.14888	0.00000000441253	21	21
0.14882	0.00000000452607	21	21
0.14862	0.00000000444245	21	21
0.14915	0.00000000438688	21	21
0.14870	0.00000000458661	21	21
0.14863	0.00000000469138	21	21
0.14903	0.00000000461121	21	21
0.14885	0.00000000456900	21	21
0.14903	0.00000000457138	21	21
0.14878	0.00000000457533	21	21
0.14889	0.00000000476462	21	21
0.14885	0.00000000455284	21	21
0.14876	0.00000000451465	21	21
0.14558	0.00000000431001	21	21
0.14549	0.00000000434498	21	21
0.14524	0.00000000431232	21	21
0.14556	0.00000000429026	21	21
0.14539	0.00000000449993	21	21
0.14550	0.00000000436967	21	21
0.14564	0.00000000422451	21	21
0.14546	0.00000000423284	21	21
0.14501	0.00000000433795	21	21
0.14563	0.00000000463736	21	21
0.14554	0.00000000444278	21	21
0.14514	0.00000000447532	21	21
0.14568	0.00000000445048	21	21
0.14561	0.00000000444248	21	21
0.14526	0.00000000466877	21	21
0.14564	0.00000000443893	21	21
0.14511	0.00000000439297	21	21
0.14535	0.00000000441370	21	21
0.14539	0.00000000441204	21	21
0.14545	0.00000000459580	21	21
0.14536	0.00000000437621	21	21
0.14545	0.00000000435246	21	21
0.14554	0.00000000443800	21	21
0.14521	0.00000000431853	21	21
0.14561	0.00000000450532	21	21
0.14521	0.00000000437840	21	21
0.14533	0.00000000449676	21	21
0.14561	0.00000000453023	21	21
0.14546	0.00000000447762	21	21
0.14517	0.00000000468617	21	21
0.14573	0.00000000449958	21	21
0.14533	0.00000000447949	21	21
0.14535	0.00000000445874	21	21
0.14555	0.00000000442274	21	21
0.15132	0.00000000464209	21	21
0.15148	0.00000000455569	21	21
0.15127	0.00000000456242	21	21
0.15114	0.00000000456760	21	21
0.15179	0.00000000455277	21	21
0.15126	0.00000000451371	21	21
0.15128	0.00000000485553	21	21
0.15166	0.00000000449342	21	21
0.15127	0.00000000445454	21	21
0.15124	0.00000000459727	21	21
0.15136	0.00000000470519	21	21
0.15137	0.00000000478755	21	21
0.15141	0.00000000476507	21	21
0.15141	0.00000000468029	21	21
0.15138	0.00000000463638	21	21
0.15127	0.00000000462514	21	21
0.15133	0.00000000463923	21	21
0.15162	0.00000000480618	21	21
0.14553	0.00000000438486	21	21
0.14539	0.00000000457685	21	21
0.14560	0.00000000441395	21	21
0.14542	0.00000000440499	21	21
0.14545	0.00000000434355	21	21
0.14553	0.00000000451090	21	21
0.14532	0.00000000439584	21	21
0.14531	0.00000000440596	21	21
0.14550	0.00000000434529	21	21
0.14505	0.00000000449055	21	21
0.14567	0.00000000450971	21	21
0.14542	0.00000000449954	21	21
0.14542	0.00000000461371	21	21
0.14558	0.00000000458556	21	21
0.14544	0.00000000446226	21	21
0.14524	0.00000000446069	21	21
0.14562	0.00000000445347	21	21
0.14544	0.00000000456361	21	21
0.14531	0.00000000438507	21	21
0.14545	0.00000000444847	21	21
0.14547	0.00000000438522	21	21
0.14542	0.00000000436095	21	21
0.14532	0.00000000440051	21	21
0.14558	0.00000000453862	21	21
0.14542	0.00000000442632	21	21
0.14553	0.00000000432822	21	21
0.14555	0.00000000446636	21	21
0.14517	0.00000000452624	21	21
0.14571	0.00000000461945	21	21
0.14543	0.00000000459034	21	21
0.14519	0.00000000447497	21	21
0.14560	0.00000000448500	21	21
0.14540	0.00000000446068	21	21
0.14535	0.00000000456760	21	21
0.14567	0.00000000448188	21	21
0.14875	0.00000000445349	21	21
0.14900	0.00000000468146	21	21
0.14877	0.00000000450609	21	21
0.14870	0.00000000447114	21	21
0.14908	0.00000000442802	21	21
0.14870	0.00000000451202	21	21
0.14881	0.00000000454694	21	21
0.14903	0.00000000449957	21	21
0.14868	0.00000000445708	21	21
0.14893	0.00000000460856	21	21
0.14867	0.00000000463114	21	21
0.14895	0.00000000456188	21	21
0.14904	0.00000000480007	21	21
0.14858	0.00000000456391	21	21
0.14899	0.00000000457125	21	21
0.14899	0.00000000454844	21	21
0.14864	0.00000000450223	21	21
0.14558	0.00000000430923	21	21
0.14546	0.00000000435592	21	21
0.14530	0.00000000431020	21	21
0.14551	0.00000000440853	21	21
0.14540	0.00000000440568	21	21
0.14547	0.00000000434635	21	21
0.14555	0.00000000426192	21	21
0.14539	0.00000000428424	21	21
0.14547	0.00000000452294	21	21
0.14522	0.00000000458841	21	21
0.14542	0.00000000448126	21	21
0.14558	0.00000000446164	21	21
0.14513	0.00000000445569	21	21
0.14574	0.00000000455906	21	21
0.14539	0.00000000454316	21	21
0.14533	0.00000000442650	21	21
0.14539	0.00000000441496	21	21
0.14527	0.00000000438274	21	21
0.14555	0.00000000454022	21	21
0.14551	0.00000000448120	21	21
0.14514	0.00000000435781	21	21
0.14564	0.00000000438689	21	21
0.14534	0.00000000444322	21	21
0.14596	0.00000000440301	21	21
0.14491	0.00000000430043	21	21
0.14534	0.00000000450994	21	21
0.14565	0.00000000449264	21	21
0.14517	0.00000000452419	21	21
0.14551	0.00000000448948	21	21
0.14562	0.00000000469205	21	21
0.14530	0.00000000449798	21	21
0.14541	0.00000000445158	21	21
0.14564	0.00000000445039	21	21
0.14510	0.00000000452777	21	21
0.15118	0.00000000452396	21	21
0.15156	0.00000000453101	21	21
0.15140	0.00000000459591	21	21
0.15120	0.00000000455766	21	21
0.15162	0.00000000464595	21	21
0.15128	0.00000000463882	21	21
0.15141	0.00000000462234	21	21
0.15134	0.00000000448270	21	21
0.15141	0.00000000446304	21	21
0.15130	0.00000000463521	21	21
0.15119	0.00000000492301	21	21
0.15144	0.00000000469700	21	21
0.15144	0.00000000465384	21	21
0.15124	0.00000000469406	21	21
0.15151	0.00000000464416	21	21
0.15144	0.00000000475070	21	21
0.15144	0.00000000474419	21	21
0.15118	0.00000000458829	21	21
0.14547	0.00000000450867	21	21
0.14536	0.00000000438700	21	21
0.14561	0.00000000440340	21	21
0.14531	0.00000000439864	21	21
0.14547	0.00000000445034	21	21
0.14542	0.00000000455168	21	21
0.14536	0.00000000435245	21	21
0.14565	0.00000000430923	21	21
0.14518	0.00000000436490	21	21
0.14526	0.00000000450169	21	21
0.14551	0.00000000472299	21	21
0.14561	0.00000000450721	21	21
0.14508	0.00000000447147	21	21
0.14568	0.00000000449702	21	21
0.14544	0.00000000456586	21	21
0.14543	0.00000000455763	21	21
0.14552	0.00000000445809	21	21
0.14527	0.00000000437226	21	21
0.14557	0.00000000437940	21	21
0.14542	0.00000000445319	21	21
0.14544	0.00000000459728	21	21
0.14547	0.00000000434856	21	21
0.14540	0.00000000442561	21	21
0.14546	0.00000000438786	21	21
0.14530	0.00000000433520	21	21
0.14555	0.00000000435701	21	21
0.14534	0.00000000471141	21	21
0.14521	0.00000000450779	21	21
0.14566	0.00000000452466	21	21
0.14553	0.00000000447230	21	21
0.14522	0.00000000457598	21	21
0.14562	0.00000000457902	21	21
0.14534	0.00000000448015	21	21
0.14554	0.00000000443990	21	21
0.14866	0.00000000447039	21	21
0.14893	0.00000000448693	21	21
0.14895	0.00000000448735	21	21
0.14864	0.00000000446393	21	21
0.14901	0.00000000456548	21	21
0.14879	0.00000000465115	21	21
0.14906	0.00000000439968	21	21
0.14871	0.00000000438234	21	21
0.14865	0.00000000451362	21	21
0.14898	0.00000000458893	21	21
0.14862	0.00000000472651	21	21
0.14902	0.00000000469653	21	21
0.14889	0.00000000456310	21	21
0.14896	0.00000000455762	21	21
0.14866	0.00000000456712	21	21
0.14877	0.00000000465024	21	21
0.14843	0.00000000463174	21	21
0.14535	0.00000000430590	21	21
0.14526	0.00000000431338	21	21
0.14563	0.00000000442924	21	21
0.14547	0.00000000446274	21	21
0.14537	0.00000000442983	21	21
0.14543	0.00000000438003	21	21
0.14558	0.00000000439582	21	21
0.14545	0.00000000426261	21	21
0.14526	0.00000000442988	21	21
0.14533	0.00000000453095	21	21
0.14556	0.00000000447436	21	21
0.14533	0.00000000452545	21	21
0.14550	0.00000000446121	21	21
0.14548	0.00000000454486	21	21
0.14557	0.00000000446999	21	21
0.14552	0.00000000457931	21	21
0.14546	0.00000000441850	21	21
0.14450	0.00000000439880	21	21
0.14546	0.00000000437788	21	21
0.14514	0.00000000452804	21	21
0.14564	0.00000000448593	21	21
0.14556	0.00000000437837	21	21
0.14541	0.00000000437041	21	21
0.14541	0.00000000445564	21	21
0.14565	0.00000000432318	21	21
0.14557	0.00000000449895	21	21
0.14490	0.00000000440639	21	21
0.14556	0.00000000449919	21	21
0.14548	0.00000000449936	21	21
0.14533	0.00000000451544	21	21
0.14545	0.00000000458779	21	21
0.14557	0.00000000456557	21	21
0.14520	0.00000000449099	21	21
0.14559	0.00000000446706	21	21
0.14555	0.00000000452430	21	21
0.15131	0.00000000463118	21	21
0.15144	0.00000000453664	21	21
0.15137	0.00000000455521	21	21
0.15119	0.00000000454701	21	21
0.15159	0.00000000485883	21	21
0.15150	0.00000000449954	21	21
0.15125	0.00000000447007	21	21
0.15141	0.00000000459817	21	21
0.15129	0.00000000471491	21	21
0.15107	0.00000000480772	21	21
0.15173	0.00000000477413	21	21
0.15137	0.00000000466599	21	21
0.15160	0.00000000464633	21	21
0.15114	0.00000000464747	21	21
0.15142	0.00000000475967	21	21
0.15141	0.00000000467439	21	21
0.14539	0.00000000448634	21	21
0.14642	0.00000000444744	21	21
0.14615	0.00000000447161	21	21
0.14634	0.00000000444308	21	21
0.14610	0.00000000448035	21	21
0.14646	0.00000000457909	21	21
0.14671	0.00000000442377	21	21
0.14633	0.00000000437137	21	21
0.14665	0.00000000441713	21	21
0.14653	0.00000000464828	21	21
0.14654	0.00000000467498	21	21
0.14693	0.00000000458782	21	21
0.14554	0.00000000449034	21	21
0.14518	0.00000000448169	21	21
0.14568	0.00000000458009	21	21
0.14562	0.00000000458951	21	21
0.14701	0.00000000455509	21	21
0.14458	0.00000000442363	21	21
0.14435	0.00000000558725	21	21
0.14544	0.00000000449568	21	21
0.14518	0.00000000446281	21	21
0.14577	0.00000000444527	21	21
0.14545	0.00000000440080	21	21
0.14542	0.00000000435538	21	21
0.14539	0.00000000452116	21	21
0.14570	0.00000000451742	21	21
0.14550	0.00000000429687	21	21
0.14502	0.00000000434464	21	21
0.14561	0.00000000448991	21	21
0.14538	0.00000000448433	21	21
0.14524	0.00000000477275	21	21
0.14551	0.00000000448208	21	21
0.14555	0.00000000447074	21	21
0.14525	0.00000000449707	21	21
0.14572	0.00000000450287	21	21
0.14544	0.00000000463233	21	21
0.14525	0.00000000442692	21	21
0.14886	0.00000000445709	21	21
0.14867	0.00000000448136	21	21
0.14905	0.00000000450796	21	21
0.14884	0.00000000447843	21	21
0.14866	0.00000000444643	21	21
0.14904	0.00000000464886	21	21
0.14885	0.00000000454180	21	21
0.14867	0.00000000437435	21	21
0.14886	0.00000000449229	21	21
0.14887	0.00000000462059	21	21
0.14861	0.00000000468600	21	21
0.14913	0.00000000470927	21	21
0.14866	0.00000000457015	21	21
0.14921	0.00000000456806	21	21
0.14866	0.00000000457121	21	21
0.14889	0.00000000456468	21	21
0.14876	0.00000000460776	21	21
0.14539	0.00000000436370	21	21
0.14548	0.00000000452449	21	21
0.14555	0.00000000446361	21	21
0.14530	0.00000000434675	21	21
0.14558	0.00000000436212	21	21
0.14543	0.00000000440658	21	21
0.14522	0.00000000437432	21	21
0.14546	0.00000000431375	21	21
0.14535	0.00000000450817	21	21
0.14532	0.00000000445474	21	21
0.14559	0.00000000451638	21	21
0.14536	0.00000000447527	21	21
0.14567	0.00000000445607	21	21
0.14533	0.00000000464907	21	21
0.14532	0.00000000446738	21	21
0.14566	0.00000000443871	21	21
0.14523	0.00000000439397	21	21
0.14557	0.00000000438526	21	21
0.14517	0.00000000452668	21	21
0.14562	0.00000000441236	21	21
0.14553	0.00000000438841	21	21
0.14528	0.00000000436371	21	21
0.14562	0.00000000456122	21	21
0.14548	0.00000000442330	21	21
0.14516	0.00000000429421	21	21
0.14558	0.00000000442757	21	21
0.14541	0.00000000450081	21	21
0.14541	0.00000000460868	21	21
0.14556	0.00000000461230	21	21
0.14544	0.00000000448655	21	21
0.14534	0.00000000446233	21	21
0.14541	0.00000000459294	21	21
0.14548	0.00000000457263	21	21
0.14531	0.00000000442447	21	21
0.15137	0.00000000452114	21	21
0.15128	0.00000000456399	21	21
0.15157	0.00000000470379	21	21
0.15123	0.00000000455564	21	21
0.15125	0.00000000463366	21	21
0.15159	0.00000000454218	21	21
0.15145	0.00000000464335	21	21
0.15134	0.00000000445669	21	21
0.15130	0.00000000459425	21	21
0.15144	0.00000000472914	21	21
0.15133	0.00000000470062	21	21
0.15141	0.00000000472209	21	21
0.15141	0.00000000466227	21	21
0.15148	0.00000000466766	21	21
0.15116	0.00000000465668	21	21
0.15151	0.00000000478939	21	21
0.15144	0.00000000472817	21	21
0.15052	0.00000000456319	21	21
0.12466	0.00000000474648	21	21
0.14516	0.00000000436904	21	21
0.14546	0.00000000441676	21	21
0.14555	0.00000000452825	21	21
0.14536	0.00000000438565	21	21
0.14537	0.00000000446089	21	21
0.14551	0.00000000443165	21	21
0.14566	0.00000000436763	21	21
0.14525	0.00000000430407	21	21
0.14533	0.00000000448353	21	21
0.14558	0.00000000450086	21	21
0.14530	0.00000000462414	21	21
0.14545	0.00000000451173	21	21
0.14536	0.00000000448499	21	21
0.14534	0.00000000448196	21	21
0.14557	0.00000000458033	21	21
0.14546	0.00000000457490	21	21
0.14540	0.00000000443592	21	21
0.14526	0.00000000450542	21	21
0.14516	0.00000000448988	21	21
0.14565	0.00000000444636	21	21
0.14558	0.00000000438000	21	21
0.14532	0.00000000434452	21	21
0.14559	0.00000000454795	21	21
0.14563	0.00000000448483	21	21
0.14530	0.00000000430653	21	21
0.14551	0.00000000435114	21	21
0.14510	0.00000000448776	21	21
0.14555	0.00000000461934	21	21
0.14555	0.00000000464117	21	21
0.14541	0.00000000447501	21	21
0.14543	0.00000000446643	21	21
0.14534	0.00000000447288	21	21
0.14549	0.00000000461379	21	21
0.14599	0.00000000454921	21	21
0.14417	0.00000000436503	21	21
0.14862	0.00000000460243	21	21
0.14884	0.00000000464447	21	21
0.14896	0.00000000448890	21	21
0.14862	0.00000000447255	21	21
0.14890	0.00000000450230	21	21
0.14916	0.00000000448668	21	21
0.14847	0.00000000451276	21	21
0.14906	0.00000000445652	21	21
0.14871	0.00000000471311	21	21
0.14872	0.00000000457979	21	21
0.14900	0.00000000462241	21	21
0.14876	0.00000000458441	21	21
0.14970	0.00000000476279	21	21
0.14814	0.00000000455467	21	21
0.14892	0.00000000457548	21	21
0.14919	0.00000000449106	21	21
0.24686	0.00000001170326	21	21
0.14526	0.00000000438055	21	21
0.14532	0.00000000449108	21	21
0.14568	0.00000000447307	21	21
0.14517	0.00000000436643	21	21
0.14535	0.00000000434359	21	21
0.14552	0.00000000441469	21	21
0.14533	0.00000000434265	21	21
0.14561	0.00000000439484	21	21
0.14530	0.00000000447274	21	21
0.14517	0.00000000447500	21	21
0.14584	0.00000000450661	21	21
0.14514	0.00000000447164	21	21
0.14540	0.00000000457941	21	21
0.14563	0.00000000455733	21	21
0.14544	0.00000000444330	21	21
0.14541	0.00000000445336	21	21
0.14551	0.00000000441251	21	21
0.14543	0.00000000439929	21	21
0.14545	0.00000000452294	21	21
0.14553	0.00000000440314	21	21
0.14558	0.00000000437636	21	21
0.14526	0.00000000435311	21	21
0.14542	0.00000000457327	21	21
0.14549	0.00000000445723	21	21
0.14525	0.00000000431845	21	21
0.14558	0.00000000438847	21	21
0.14527	0.00000000451776	21	21
0.14523	0.00000000451711	21	21
0.14570	0.00000000470891	21	21
0.14536	0.00000000450176	21	21
0.14529	0.00000000447483	21	21
0.14568	0.00000000447503	21	21
0.14535	0.00000000446707	21	21
0.14546	0.00000000464536	21	21
0.15121	0.00000000456246	21	21
0.15144	0.00000000456771	21	21
0.15139	0.00000000468796	21	21
0.15125	0.00000000456361	21	21
0.15152	0.00000000461481	21	21
0.15136	0.00000000463244	21	21
0.15132	0.00000000450140	21	21
0.15153	0.00000000448000	21	21
0.15123	0.00000000459186	21	21
0.15151	0.00000000481099	21	21
0.15127	0.00000000479557	21	21
0.15143	0.00000000467727	21	21
0.15153	0.00000000466650	21	21
0.15114	0.00000000465827	21	21
0.15141	0.00000000476500	21	21
0.15133	0.00000000475765	21	21
0.15136	0.00000000460118	21	21
0.14543	0.00000000437951	21	21
0.14517	0.00000000439181	21	21
0.14566	0.00000000444201	21	21
0.14546	0.00000000451111	21	21
0.14515	0.00000000436114	21	21
0.14564	0.00000000452592	21	21
0.14553	0.00000000438301	21	21
0.14514	0.00000000430749	21	21
0.14566	0.00000000434145	21	21
0.14522	0.00000000458879	21	21
0.14537	0.00000000459210	21	21
0.14539	0.00000000454440	21	21
0.14552	0.00000000450170	21	21
0.14557	0.00000000450358	21	21
0.14534	0.00000000447453	21	21
0.14534	0.00000000457848	21	21
0.14577	0.00000000454535	21	21
0.14553	0.00000000438906	21	21
0.14540	0.00000000437798	21	21
0.14533	0.00000000443767	21	21
0.14545	0.00000000440291	21	21
0.14565	0.00000000446124	21	21
0.14510	0.00000000449785	21	21
0.14572	0.00000000447736	21	21
0.14532	0.00000000432135	21	21
0.14565	0.00000000433065	21	21
0.14512	0.00000000448211	21	21
0.14557	0.00000000464602	21	21
0.14541	0.00000000460056	21	21
0.14530	0.00000000452343	21	21
0.14553	0.00000000449033	21	21
0.14554	0.00000000447596	21	21
0.14520	0.00000000450127	21	21
0.14569	0.00000000457970	21	21
0.14504	0.00000000453136	21	21
0.14882	0.00000000457665	21	21
0.14902	0.00000000447870	21	21
0.14866	0.00000000451131	21	21
0.14918	0.00000000449942	21	21
0.14885	0.00000000445072	21	21
0.14848	0.00000000465872	21	21
0.14922	0.00000000454128	21	21
0.14878	0.00000000439565	21	21
0.14852	0.00000000450103	21	21
0.14900	0.00000000463278	21	21
0.14881	0.00000000472674	21	21
0.14892	0.00000000458391	21	21
0.14885	0.00000000471621	21	21
0.14894	0.00000000455351	21	21
0.14895	0.00000000455953	21	21
0.14853	0.00000000456666	21	21
0.14897	0.00000000463575	21	21
0.14557	0.00000000435091	21	21
0.14513	0.00000000452372	21	21
0.14551	0.00000000438443	21	21
0.14542	0.00000000442999	21	21
0.14530	0.00000000437710	21	21
0.14561	0.00000000441677	21	21
0.14533	0.00000000427960	21	21
0.14525	0.00000000444093	21	21
0.14561	0.00000000451515	21	21
0.14552	0.00000000448946	21	21
0.14518	0.00000000448468	21	21
0.14574	0.00000000449781	21	21
0.14548	0.00000000457163	21	21
0.14539	0.00000000454675	21	21
0.14546	0.00000000445895	21	21
0.14554	0.00000000445491	21	21
0.14537	0.00000000451986	21	21
0.14558	0.00000000449703	21	21
0.14535	0.00000000437429	21	21
0.14567	0.00000000445065	21	21
0.14527	0.00000000440832	21	21
0.14546	0.00000000446363	21	21
0.14558	0.00000000441679	21	21
0.14536	0.00000000453811	21	21
0.14545	0.00000000431431	21	21
0.14539	0.00000000433682	21	21
0.14508	0.00000000449269	21	21
0.14570	0.00000000463786	21	21
0.14538	0.00000000461089	21	21
0.14526	0.00000000451963	21	21
0.14566	0.00000000449333	21	21
0.14538	0.00000000458471	21	21
0.14528	0.00000000448091	21	21
0.14571	0.00000000457736	21	21
0.15131	0.00000000455239	21	21
0.15124	0.00000000475382	21	21
0.15149	0.00000000467876	21	21
0.15150	0.00000000449586	21	21
0.15105	0.00000000459541	21	21
0.15171	0.00000000462614	21	21
0.15142	0.00000000448752	21	21
0.15101	0.00000000462170	21	21
0.15143	0.00000000477449	21	21
0.15145	0.00000000469992	21	21
0.15144	0.00000000469179	21	21
0.15124	0.00000000469188	21	21
0.15147	0.00000000477734	21	21
0.15160	0.00000000464061	21	21
0.15109	0.00000000478331	21	21
0.15142	0.00000000462201	21	21
0.14903	0.00000000457031	21	21
0.12432	0.00000000436568	21	21
0.12774	0.00000000465147	21	21
0.12509	0.00000000476166	21	21
0.17614	0.00000000630579	21	21
0.14549	0.00000000440618	21	21
0.14517	0.00000000442975	21	21
0.14575	0.00000000451275	21	21
0.14540	0.00000000441334	21	21
0.14568	0.00000000447125	21	21
0.14546	0.00000000446115	21	21
0.14549	0.00000000436595	21	21
0.14548	0.00000000440473	21	21
0.14518	0.00000000442671	21	21
0.14554	0.00000000462479	21	21
0.14542	0.00000000451202	21	21
0.14519	0.00000000452668	21	21
0.14551	0.00000000448663	21	21
0.14546	0.00000000460995	21	21
0.14535	0.00000000449940	21	21
0.14553	0.00000000457861	21	21
0.14544	0.00000000445105	21	21
0.14569	0.00000000440277	21	21
0.14512	0.00000000451387	21	21
0.14544	0.00000000441712	21	21
0.14567	0.00000000450895	21	21
0.14549	0.00000000437785	21	21
0.14532	0.00000000445171	21	21
0.14556	0.00000000438936	21	21
0.14538	0.00000000427153	21	21
0.14548	0.00000000459484	21	21
0.14510	0.00000000452415	21	21
0.14560	0.00000000452611	21	21
0.14539	0.00000000451547	21	21
0.14540	0.00000000447745	21	21
0.14557	0.00000000460180	21	21
0.14544	0.00000000459334	21	21
0.14530	0.00000000447627	21	21
0.14549	0.00000000444477	21	21
0.14883	0.00000000457553	21	21
0.14903	0.00000000452069	21	21
0.14863	0.00000000459349	21	21
0.14897	0.00000000445213	21	21
0.14862	0.00000000449702	21	21
0.14893	0.00000000453910	21	21
0.14905	0.00000000439978	21	21
0.14861	0.00000000454040	21	21
0.14858	0.00000000467889	21	21
0.14905	0.00000000463331	21	21
0.14887	0.00000000461437	21	21
0.14876	0.00000000458454	21	21
0.14886	0.00000000470012	21	21
0.14896	0.00000000456830	21	21
0.14893	0.00000000468196	21	21
0.14873	0.00000000454861	21	21
0.14552	0.00000000432672	21	21
0.14509	0.00000000437574	21	21
0.14559	0.00000000439528	21	21
0.14554	0.00000000449253	21	21
0.14523	0.00000000441728	21	21
0.14550	0.00000000443615	21	21
0.14557	0.00000000434721	21	21
0.14516	0.00000000428357	21	21
0.14567	0.00000000438011	21	21
0.14540	0.00000000456023	21	21
0.14557	0.00000000460870	21	21
0.14571	0.00000000449886	21	21
0.14541	0.00000000449103	21	21
0.14532	0.00000000456698	21	21
0.14549	0.00000000447225	21	21
0.14557	0.00000000456871	21	21
0.14654	0.00000000444488	21	21
0.14637	0.00000000455570	21	21
0.14644	0.00000000449297	21	21
0.14661	0.00000000448611	21	21
0.14693	0.00000000443987	21	21
0.14591	0.00000000453052	21	21
0.14568	0.00000000446323	21	21
0.14544	0.00000000440965	21	21
0.14621	0.00000000441665	21	21
0.14646	0.00000000452603	21	21
0.14568	0.00000000452301	21	21
0.14523	0.00000000464406	21	21
0.14582	0.00000000462483	21	21
0.14541	0.00000000447358	21	21
0.14526	0.00000000448153	21	21
0.14556	0.00000000452612	21	21
0.14572	0.00000000457900	21	21
0.14506	0.00000000449579	21	21
0.15127	0.00000000457528	21	21
0.15151	0.00000000459794	21	21
0.15136	0.00000000476878	21	21
0.15140	0.00000000453599	21	21
0.15143	0.00000000454481	21	21
0.15128	0.00000000462167	21	21
0.15129	0.00000000448373	21	21
0.15155	0.00000000461439	21	21
0.15138	0.00000000471603	21	21
0.15120	0.00000000468948	21	21
0.15148	0.00000000473173	21	21
0.15145	0.00000000467102	21	21
0.15146	0.00000000479342	21	21
0.15120	0.00000000473701	21	21
0.15141	0.00000000468780	21	21
0.15175	0.00000000462701	21	21
0.15099	0.00000000460008	21	21
0.14517	0.00000000441470	21	21
0.14548	0.00000000451065	21	21
0.14544	0.00000000452495	21	21
0.14531	0.00000000440645	21	21
0.14559	0.00000000436101	21	21
0.14540	0.00000000443956	21	21
0.14546	0.00000000438869	21	21
0.14557	0.00000000442076	21	21
0.14527	0.00000000444887	21	21
0.14545	0.00000000450149	21	21
0.14536	0.00000000455170	21	21
0.14549	0.00000000450855	21	21
0.14557	0.00000000459167	21	21
0.14525	0.00000000459183	21	21
0.14550	0.00000000448599	21	21
0.14555	0.00000000448836	21	21
0.14520	0.00000000444315	21	21
0.14540	0.00000000440739	21	21
0.14522	0.00000000449889	21	21
0.14574	0.00000000443836	21	21
0.14549	0.00000000438485	21	21
0.14524	0.00000000434906	21	21
0.14546	0.00000000456611	21	21
0.14562	0.00000000445737	21	21
0.14518	0.00000000430181	21	21
0.14554	0.00000000439210	21	21
0.14544	0.00000000451046	21	21
0.14525	0.00000000462377	21	21
0.14564	0.00000000463040	21	21
0.14544	0.00000000447141	21	21
0.14589	0.00000000448045	21	21
0.14487	0.00000000457551	21	21
0.14544	0.00000000460126	21	21
0.14583	0.00000000442781	21	21
0.14252	0.00000000537672	21	21
0.14864	0.00000000450408	21	21
0.14895	0.00000000462536	21	21
0.14879	0.00000000460364	21	21
0.14893	0.00000000447676	21	21
0.14880	0.00000000449337	21	21
0.14885	0.00000000454933	21	21
0.14867	0.00000000439032	21	21
0.14906	0.00000000453297	21	21
0.14858	0.00000000468970	21	21
0.14891	0.00000000459330	21	21
0.14900	0.00000000466078	21	21
0.14897	0.00000000459440	21	21
0.14893	0.00000000458619	21	21
0.14879	0.00000000469435	21	21
0.14893	0.00000000470171	21	21
0.14902	0.00000000452564	21	21
0.14820	0.00000000455954	21	21
0.14544	0.00000000434998	21	21
0.14553	0.00000000446866	21	21
0.14522	0.00000000451413	21	21
0.14552	0.00000000438140	21	21
0.14543	0.00000000432481	21	21
0.14530	0.00000000439108	21	21
0.14563	0.00000000449120	21	21
0.14528	0.00000000438662	21	21
0.14535	0.00000000430292	21	21
0.14549	0.00000000444632	21	21
0.14540	0.00000000448556	21	21
0.14529	0.00000000462573	21	21
0.14573	0.00000000459220	21	21
0.14539	0.00000000444509	21	21
0.14522	0.00000000445670	21	21
0.14571	0.00000000449848	21	21
0.14552	0.00000000453044	21	21
0.14474	0.00000000448739	21	21
0.14540	0.00000000438718	21	21
0.14556	0.00000000445751	21	21
0.14526	0.00000000449539	21	21
0.14554	0.00000000447680	21	21
0.14534	0.00000000438238	21	21
0.14548	0.00000000445737	21	21
0.14553	0.00000000432516	21	21
0.14536	0.00000000432203	21	21
0.14515	0.00000000454826	21	21
0.14566	0.00000000461068	21	21
0.14545	0.00000000453646	21	21
0.14517	0.00000000450634	21	21
0.14562	0.00000000448520	21	21
0.14550	0.00000000458204	21	21
0.14531	0.00000000459904	21	21
0.14565	0.00000000446999	21	21
0.14493	0.00000000442923	21	21
0.15132	0.00000000455107	21	21
0.15163	0.00000000476623	21	21
0.15101	0.00000000460989	21	21
0.15150	0.00000000458449	21	21
0.15137	0.00000000452187	21	21
0.15114	0.00000000457908	21	21
0.15170	0.00000000475332	21	21
0.15137	0.00000000459602	21	21
0.15111	0.00000000449558	21	21
0.15147	0.00000000467140	21	21
0.15147	0.00000000468974	21	21
0.15120	0.00000000470195	21	21
0.15160	0.00000000480032	21	21
0.15158	0.00000000476118	21	21
0.15109	0.00000000464152	21	21
0.15150	0.00000000469687	21	21
0.15138	0.00000000461745	21	21
0.15077	0.00000000472590	21	21
0.12452	0.00000000434662	21	21
0.14542	0.00000000442699	21	21
0.14517	0.00000000442483	21	21
0.14560	0.00000000451591	21	21
0.14548	0.00000000440761	21	21
0.14579	0.00000000447438	21	21
0.14506	0.00000000444249	21	21
0.14551	0.00000000436800	21	21
0.14545	0.00000000432083	21	21
0.14506	0.00000000453182	21	21
0.14560	0.00000000460259	21	21
0.14546	0.00000000454570	21	21
0.14541	0.00000000451202	21	21
0.14581	0.00000000451480	21	21
0.14552	0.00000000449722	21	21
0.14509	0.00000000459886	21	21
0.14571	0.00000000458071	21	21
0.14551	0.00000000444874	21	21
0.14562	0.00000000442208	21	21
0.14528	0.00000000450395	21	21
0.14539	0.00000000453293	21	21
0.14560	0.00000000440337	21	21
0.14540	0.00000000437471	21	21
0.14567	0.00000000442364	21	21
0.14534	0.00000000437329	21	21
0.14540	0.00000000443705	21	21
0.14551	0.00000000444585	21	21
0.14507	0.00000000454176	21	21
0.14551	0.00000000452172	21	21
0.14561	0.00000000462722	21	21
0.14523	0.00000000450200	21	21
0.14556	0.00000000458763	21	21
0.14549	0.00000000448986	21	21
0.14526	0.00000000451361	21	21
0.14576	0.00000000441595	21	21
0.14082	0.00000000592493	21	21
0.14888	0.00000000451408	21	21
0.14865	0.00000000451889	21	21
0.14896	0.00000000449774	21	21
0.14895	0.00000000458283	21	21
0.14882	0.00000000457048	21	21
0.14872	0.00000000457313	21	21
0.14885	0.00000000440897	21	21
0.14875	0.00000000439739	21	21
0.14870	0.00000000460350	21	21
0.14897	0.00000000483519	21	21
0.14890	0.00000000466556	21	21
0.14855	0.00000000457631	21	21
0.14911	0.00000000459852	21	21
0.14896	0.00000000457469	21	21
0.14847	0.00000000470941	21	21
0.14919	0.00000000456835	21	21
0.14884	0.00000000462994	21	21
0.15033	0.00000000486328	21	21
0.14517	0.00000000439644	21	21
0.14561	0.00000000437805	21	21
0.14551	0.00000000440944	21	21
0.14521	0.00000000447752	21	21
0.14568	0.00000000435493	21	21
0.14542	0.00000000450506	21	21
0.14549	0.00000000434040	21	21
0.14532	0.00000000431961	21	21
0.14548	0.00000000442250	21	21
0.14541	0.00000000445570	21	21
0.14530	0.00000000459448	21	21
0.14553	0.00000000447671	21	21
0.14553	0.00000000447657	21	21
0.14521	0.00000000456428	21	21
0.14563	0.00000000456437	21	21
0.14542	0.00000000447861	21	21
0.14522	0.00000000440944	21	21
0.14549	0.00000000450515	21	21
0.14519	0.00000000440335	21	21
0.14552	0.00000000444149	21	21
0.14561	0.00000000439567	21	21
0.14512	0.00000000437495	21	21
0.14557	0.00000000453360	21	21
0.14558	0.00000000446388	21	21
0.14515	0.00000000432705	21	21
0.14559	0.00000000435688	21	21
0.14532	0.00000000448678	21	21
0.14517	0.00000000465057	21	21
0.14569	0.00000000460967	21	21
0.14550	0.00000000450836	21	21
0.14570	0.00000000448609	21	21
0.14501	0.00000000452572	21	21
0.14553	0.00000000449464	21	21
0.14563	0.00000000464516	21	21
0.14289	0.00000000512858	21	21
0.15115	0.00000000454988	21	21
0.15157	0.00000000457260	21	21
0.15156	0.00000000459474	21	21
0.15109	0.00000000477802	21	21
0.15148	0.00000000454584	21	21
0.15141	0.00000000462362	21	21
0.15151	0.00000000454828	21	21
0.15133	0.00000000449394	21	21
0.15126	0.00000000466927	21	21
0.15140	0.00000000471440	21	21
0.15111	0.00000000479286	21	21
0.15158	0.00000000470213	21	21
0.15126	0.00000000467088	21	21
0.15129	0.00000000467001	21	21
0.15172	0.00000000477118	21	21
0.15130	0.00000000476946	21	21
0.15131	0.00000000458108	21	21
0.10414	0.00000000367129	21	21
0.14547	0.00000000439978	21	21
0.14527	0.00000000444615	21	21
0.14561	0.00000000441665	21	21
0.14555	0.00000000457505	21	21
0.14519	0.00000000440240	21	21
0.14565	0.00000000444597	21	21
0.14545	0.00000000431749	21	21
0.14533	0.00000000432134	21	21
0.14523	0.00000000460536	21	21
0.14550	0.00000000463166	21	21
0.14559	0.00000000454249	21	21
0.14530	0.00000000451262	21	21
0.14554	0.00000000449610	21	21
0.14544	0.00000000459674	21	21
0.14538	0.00000000453667	21	21
0.14555	0.00000000456057	21	21
0.14516	0.00000000442339	21	21
0.14556	0.00000000449906	21	21
0.14547	0.00000000444958	21	21
0.14531	0.00000000452060	21	21
0.14554	0.00000000437697	21	21
0.14548	0.00000000438484	21	21
0.14521	0.00000000444871	21	21
0.14566	0.00000000445672	21	21
0.14537	0.00000000440167	21	21
0.14511	0.00000000446260	21	21
0.14558	0.00000000452301	21	21
0.14554	0.00000000453557	21	21
0.14553	0.00000000451800	21	21
0.14532	0.00000000461125	21	21
0.14540	0.00000000458768	21	21
0.14563	0.00000000450696	21	21
0.14521	0.00000000444963	21	21
0.14510	0.00000000442549	21	21
=============================================================================

============================ Tabulate Statistics ============================
PWR_PKG_ENERGY	INST_RETIRED	TOR_OCCUPANCY	RR_OCCUPANCY	TIPI	L3_MISS	L2_MISS	TIME	
9965.952637	2128233704644	156624790959	156627672191	0.147189	3500342546	15746042539	66936.792722	
=============================================================================

============================ TIPI SLAB Statistics ============================

==============================================================================
===== Test PASSED in 0.0 msec =====
