
-----
mkdir timedrun fake

Running with these driver parameters:
  solver ID    = 1

  Laplacian_27pt:
    (Nx, Ny, Nz) = (256, 256, 1024)
    (Px, Py, Pz) = (1, 1, 1)

=============================================
Generate Matrix:
=============================================
Spatial Operator:
  wall clock time = 12.836066 seconds
  wall MFLOPS     = 0.000000
  cpu clock time  = 187.148775 seconds
  cpu MFLOPS      = 0.000000

  RHS vector has unit components
  Initial guess is 0
=============================================
IJ Vector Setup:
=============================================
RHS and Initial Guess:
  wall clock time = 0.546584 seconds
  wall MFLOPS     = 0.000000
  cpu clock time  = 3.877996 seconds
  cpu MFLOPS      = 0.000000

=============================================
Problem 1: AMG Setup Time:
=============================================
PCG Setup:
  wall clock time = 40.459458 seconds
  wall MFLOPS     = 0.000000
  cpu clock time  = 452.650210 seconds
  cpu MFLOPS      = 0.000000


FOM_Setup: nnz_AP / Setup Phase Time: 4.864722e+07

=============================================
Problem 1: AMG-PCG Solve Time:
=============================================
PCG Solve:
  wall clock time = 64.539086 seconds
  wall MFLOPS     = 0.000000
  cpu clock time  = 1264.601370 seconds
  cpu MFLOPS      = 0.000000


Iterations = 22
Final Relative Residual Norm = 9.755986e-09


FOM_Solve: nnz_AP * Iterations / Solve Phase Time: 6.709312e+08



Figure of Merit (FOM_1): 5.153602e+08


============================ Unprocessed Statistics ============================
TIPI	JPI	Uncore1	Uncore2
0.14889	0.00000000506125	30	30
0.14909	0.00000000496324	30	30
0.14820	0.00000000519788	30	30
0.14901	0.00000000512388	30	30
0.14880	0.00000000537079	30	30
0.14855	0.00000000508073	30	30
0.14918	0.00000000533593	30	30
0.14867	0.00000000523135	30	30
0.14866	0.00000000520536	30	30
0.14913	0.00000000525159	30	30
0.14890	0.00000000502658	30	30
0.14879	0.00000000508347	30	30
0.14873	0.00000000512683	30	30
0.14895	0.00000000518750	30	30
0.14932	0.00000000510901	30	30
0.14559	0.00000000497372	30	30
0.14545	0.00000000494581	30	30
0.14522	0.00000000488426	30	30
0.14551	0.00000000505428	30	30
0.14548	0.00000000505628	30	30
0.14540	0.00000000524735	30	30
0.14535	0.00000000507062	30	30
0.14535	0.00000000509029	30	30
0.14554	0.00000000510891	30	30
0.14516	0.00000000509778	30	30
0.14568	0.00000000512290	30	30
0.14538	0.00000000509704	30	30
0.14531	0.00000000510472	30	30
0.14546	0.00000000492603	30	30
0.14541	0.00000000489703	30	30
0.14525	0.00000000499582	30	30
0.14543	0.00000000500589	30	30
0.14548	0.00000000499580	30	30
0.14599	0.00000000457756	30	30
0.14519	0.00000000450749	30	30
0.14546	0.00000000454027	30	30
0.14555	0.00000000468484	30	30
0.14532	0.00000000452420	30	30
0.14540	0.00000000456021	30	30
0.14536	0.00000000474117	30	30
0.14542	0.00000000456762	30	30
0.14560	0.00000000459981	30	30
0.14556	0.00000000463451	30	30
0.14500	0.00000000448174	30	30
0.14575	0.00000000446625	30	30
0.14545	0.00000000436537	30	30
0.14512	0.00000000454543	30	30
0.14573	0.00000000462347	30	30
0.15135	0.00000000485305	30	30
0.15150	0.00000000461263	30	30
0.15121	0.00000000454978	30	30
0.15125	0.00000000475113	30	30
0.15153	0.00000000489402	30	30
0.15130	0.00000000466453	30	30
0.15144	0.00000000473438	30	30
0.15132	0.00000000496898	30	30
0.15124	0.00000000475040	30	30
0.15136	0.00000000474995	30	30
0.15146	0.00000000473737	30	30
0.15134	0.00000000479354	30	30
0.15160	0.00000000464743	30	30
0.15124	0.00000000454621	30	30
0.15110	0.00000000480931	30	30
0.15177	0.00000000470716	30	30
0.14546	0.00000000444720	30	30
0.14524	0.00000000461466	30	30
0.14555	0.00000000444499	30	30
0.14532	0.00000000455910	30	30
0.14543	0.00000000450928	30	30
0.14556	0.00000000461373	30	30
0.14529	0.00000000466795	30	30
0.14528	0.00000000454877	30	30
0.14547	0.00000000458672	30	30
0.14556	0.00000000478813	30	30
0.14532	0.00000000455527	30	30
0.14549	0.00000000442531	30	30
0.14542	0.00000000453338	30	30
0.14537	0.00000000451751	30	30
0.14548	0.00000000443161	30	30
0.14534	0.00000000446878	30	30
0.14574	0.00000000454799	30	30
0.14555	0.00000000443834	30	30
0.14516	0.00000000441166	30	30
0.14577	0.00000000480246	30	30
0.14531	0.00000000450654	30	30
0.14529	0.00000000450407	30	30
0.14566	0.00000000464848	30	30
0.14527	0.00000000467478	30	30
0.14511	0.00000000457285	30	30
0.14585	0.00000000457817	30	30
0.14537	0.00000000479109	30	30
0.14528	0.00000000445982	30	30
0.14557	0.00000000445669	30	30
0.14543	0.00000000459647	30	30
0.14529	0.00000000440430	30	30
0.14551	0.00000000451125	30	30
0.14548	0.00000000455897	30	30
0.14795	0.00000000482843	30	30
0.14905	0.00000000456213	30	30
0.14927	0.00000000458043	30	30
0.14909	0.00000000451742	30	30
0.14901	0.00000000464865	30	30
0.14911	0.00000000486110	30	30
0.14926	0.00000000462965	30	30
0.14915	0.00000000464246	30	30
0.14930	0.00000000470003	30	30
0.14889	0.00000000468027	30	30
0.14928	0.00000000466847	30	30
0.14915	0.00000000481581	30	30
0.14920	0.00000000467721	30	30
0.14907	0.00000000459841	30	30
0.14914	0.00000000448363	30	30
0.14921	0.00000000456142	30	30
0.14884	0.00000000462899	30	30
0.14571	0.00000000443640	30	30
0.14542	0.00000000442036	30	30
0.14522	0.00000000449499	30	30
0.14543	0.00000000464216	30	30
0.14557	0.00000000450828	30	30
0.14523	0.00000000449136	30	30
0.14573	0.00000000472789	30	30
0.14534	0.00000000455399	30	30
0.14525	0.00000000455095	30	30
0.14549	0.00000000457238	30	30
0.14547	0.00000000476994	30	30
0.14546	0.00000000445937	30	30
0.14572	0.00000000439801	30	30
0.14525	0.00000000457610	30	30
0.14520	0.00000000441088	30	30
0.14564	0.00000000445779	30	30
0.14480	0.00000000444939	30	30
0.14556	0.00000000447147	30	30
0.14599	0.00000000450191	30	30
0.14472	0.00000000461957	30	30
0.14561	0.00000000453413	30	30
0.14542	0.00000000451054	30	30
0.14527	0.00000000465263	30	30
0.14555	0.00000000465960	30	30
0.14570	0.00000000458557	30	30
0.14523	0.00000000459872	30	30
0.14549	0.00000000477523	30	30
0.14548	0.00000000450314	30	30
0.14533	0.00000000443955	30	30
0.14536	0.00000000452455	30	30
0.14592	0.00000000451616	30	30
0.14490	0.00000000446948	30	30
0.14546	0.00000000448650	30	30
0.15150	0.00000000462579	30	30
0.15118	0.00000000457226	30	30
0.15136	0.00000000491235	30	30
0.15136	0.00000000472036	30	30
0.15147	0.00000000471393	30	30
0.15123	0.00000000471328	30	30
0.15127	0.00000000496893	30	30
0.15132	0.00000000475093	30	30
0.15159	0.00000000477095	30	30
0.15133	0.00000000500788	30	30
0.15147	0.00000000468487	30	30
0.15138	0.00000000457995	30	30
0.15155	0.00000000460670	30	30
0.15118	0.00000000469697	30	30
0.15113	0.00000000478860	30	30
0.15167	0.00000000464475	30	30
0.14548	0.00000000444680	30	30
0.14534	0.00000000443769	30	30
0.14546	0.00000000463372	30	30
0.14544	0.00000000457035	30	30
0.14528	0.00000000451642	30	30
0.14550	0.00000000461268	30	30
0.14541	0.00000000465899	30	30
0.14527	0.00000000458219	30	30
0.14546	0.00000000457283	30	30
0.14558	0.00000000482082	30	30
0.14534	0.00000000454668	30	30
0.14542	0.00000000444844	30	30
0.14555	0.00000000442945	30	30
0.14527	0.00000000462210	30	30
0.14547	0.00000000443747	30	30
0.14546	0.00000000447900	30	30
0.14546	0.00000000444615	30	30
0.14582	0.00000000444595	30	30
0.14518	0.00000000439162	30	30
0.14530	0.00000000478522	30	30
0.14544	0.00000000451001	30	30
0.14544	0.00000000452361	30	30
0.14542	0.00000000466097	30	30
0.14561	0.00000000469519	30	30
0.14526	0.00000000456877	30	30
0.14550	0.00000000459597	30	30
0.14527	0.00000000479419	30	30
0.14569	0.00000000448895	30	30
0.14549	0.00000000439727	30	30
0.14543	0.00000000441770	30	30
0.14546	0.00000000452702	30	30
0.14539	0.00000000458649	30	30
0.14886	0.00000000463344	30	30
0.14877	0.00000000464815	30	30
0.14874	0.00000000450821	30	30
0.14896	0.00000000465405	30	30
0.14874	0.00000000472066	30	30
0.14877	0.00000000471724	30	30
0.14893	0.00000000466819	30	30
0.14889	0.00000000468837	30	30
0.14883	0.00000000479245	30	30
0.14876	0.00000000479402	30	30
0.14909	0.00000000463237	30	30
0.14865	0.00000000449873	30	30
0.14932	0.00000000472580	30	30
0.14855	0.00000000451448	30	30
0.14918	0.00000000455075	30	30
0.14852	0.00000000476363	30	30
0.14546	0.00000000463598	30	30
0.14531	0.00000000444584	30	30
0.14558	0.00000000437863	30	30
0.14527	0.00000000451069	30	30
0.14530	0.00000000474528	30	30
0.14578	0.00000000447878	30	30
0.14527	0.00000000451050	30	30
0.14536	0.00000000467015	30	30
0.14549	0.00000000465958	30	30
0.14541	0.00000000455876	30	30
0.14528	0.00000000458965	30	30
0.14558	0.00000000445820	30	30
0.14556	0.00000000467611	30	30
0.14526	0.00000000438725	30	30
0.14562	0.00000000439510	30	30
0.14529	0.00000000458420	30	30
0.14541	0.00000000457849	30	30
0.14523	0.00000000467229	30	30
0.14563	0.00000000444531	30	30
0.14526	0.00000000445028	30	30
0.14562	0.00000000457455	30	30
0.14544	0.00000000473292	30	30
0.14519	0.00000000451686	30	30
0.14542	0.00000000456717	30	30
0.14564	0.00000000468013	30	30
0.14517	0.00000000469962	30	30
0.14551	0.00000000459700	30	30
0.14563	0.00000000453659	30	30
0.14524	0.00000000452004	30	30
0.14603	0.00000000455589	30	30
0.14491	0.00000000442513	30	30
0.14541	0.00000000452384	30	30
0.14540	0.00000000458935	30	30
0.15155	0.00000000461383	30	30
0.15115	0.00000000472595	30	30
0.15135	0.00000000471948	30	30
0.15143	0.00000000458113	30	30
0.15117	0.00000000476373	30	30
0.15136	0.00000000490745	30	30
0.15195	0.00000000470320	30	30
0.15078	0.00000000472749	30	30
0.15145	0.00000000486976	30	30
0.15134	0.00000000488571	30	30
0.15130	0.00000000477939	30	30
0.15155	0.00000000473840	30	30
0.15141	0.00000000479890	30	30
0.15126	0.00000000464884	30	30
0.15144	0.00000000455479	30	30
0.15116	0.00000000463820	30	30
0.15159	0.00000000491938	30	30
0.10500	0.00000000392376	30	30
0.14552	0.00000000456029	30	30
0.14528	0.00000000458112	30	30
0.14542	0.00000000439963	30	30
0.14549	0.00000000453127	30	30
0.14524	0.00000000467088	30	30
0.14546	0.00000000461460	30	30
0.14549	0.00000000454471	30	30
0.14527	0.00000000455088	30	30
0.14543	0.00000000480206	30	30
0.14550	0.00000000460354	30	30
0.14535	0.00000000457389	30	30
0.14593	0.00000000447196	30	30
0.14541	0.00000000468496	30	30
0.14532	0.00000000445359	30	30
0.14541	0.00000000435301	30	30
0.14508	0.00000000470503	30	30
0.14508	0.00000000451846	30	30
0.14511	0.00000000458147	30	30
0.14562	0.00000000450853	30	30
0.14531	0.00000000449095	30	30
0.14538	0.00000000456355	30	30
0.14570	0.00000000461787	30	30
0.14518	0.00000000463902	30	30
0.14529	0.00000000455939	30	30
0.14559	0.00000000459925	30	30
0.14550	0.00000000481412	30	30
0.14516	0.00000000456991	30	30
0.14575	0.00000000452581	30	30
0.14521	0.00000000443456	30	30
0.14524	0.00000000465161	30	30
0.14569	0.00000000441271	30	30
0.14532	0.00000000445660	30	30
0.14529	0.00000000457713	30	30
0.14859	0.00000000453417	30	30
0.14919	0.00000000466512	30	30
0.14873	0.00000000460067	30	30
0.14849	0.00000000467040	30	30
0.14914	0.00000000462104	30	30
0.14890	0.00000000483299	30	30
0.14837	0.00000000464026	30	30
0.14919	0.00000000469221	30	30
0.14866	0.00000000480181	30	30
0.14873	0.00000000479416	30	30
0.14902	0.00000000469584	30	30
0.14894	0.00000000448819	30	30
0.14863	0.00000000477978	30	30
0.14908	0.00000000452416	30	30
0.14919	0.00000000452840	30	30
0.14886	0.00000000469662	30	30
0.14545	0.00000000443136	30	30
0.14521	0.00000000439867	30	30
0.14533	0.00000000456953	30	30
0.14556	0.00000000465852	30	30
0.14555	0.00000000446696	30	30
0.14533	0.00000000462111	30	30
0.14545	0.00000000465247	30	30
0.14526	0.00000000452626	30	30
0.14582	0.00000000468335	30	30
0.14525	0.00000000468018	30	30
0.14557	0.00000000449936	30	30
0.14542	0.00000000442633	30	30
0.14552	0.00000000451540	30	30
0.14519	0.00000000446882	30	30
0.14677	0.00000000448275	30	30
0.14578	0.00000000462574	30	30
0.14657	0.00000000451000	30	30
0.14645	0.00000000452165	30	30
0.14655	0.00000000458451	30	30
0.14635	0.00000000471111	30	30
0.14646	0.00000000457018	30	30
0.14505	0.00000000452710	30	30
0.14549	0.00000000476581	30	30
0.14567	0.00000000457682	30	30
0.14515	0.00000000458775	30	30
0.14650	0.00000000474152	30	30
0.14709	0.00000000481584	30	30
0.14547	0.00000000454240	30	30
0.14564	0.00000000444216	30	30
0.14562	0.00000000449134	30	30
0.14509	0.00000000454374	30	30
0.14554	0.00000000449295	30	30
0.14574	0.00000000447402	30	30
0.15094	0.00000000484976	30	30
0.15136	0.00000000460322	30	30
0.15129	0.00000000464981	30	30
0.15143	0.00000000476520	30	30
0.15162	0.00000000478554	30	30
0.15115	0.00000000481878	30	30
0.15129	0.00000000474786	30	30
0.15138	0.00000000475095	30	30
0.15158	0.00000000501358	30	30
0.15103	0.00000000477653	30	30
0.15176	0.00000000467982	30	30
0.15176	0.00000000472601	30	30
0.15095	0.00000000471070	30	30
0.15140	0.00000000456720	30	30
0.15135	0.00000000467922	30	30
0.15128	0.00000000491492	30	30
0.12659	0.00000000444959	30	30
0.14520	0.00000000446506	30	30
0.14570	0.00000000464381	30	30
0.14540	0.00000000440110	30	30
0.14524	0.00000000457068	30	30
0.14575	0.00000000463429	30	30
0.14543	0.00000000461496	30	30
0.14512	0.00000000456220	30	30
0.14564	0.00000000459138	30	30
0.14526	0.00000000478768	30	30
0.14549	0.00000000459414	30	30
0.14552	0.00000000459892	30	30
0.14554	0.00000000467468	30	30
0.14521	0.00000000447421	30	30
0.14561	0.00000000440333	30	30
0.14570	0.00000000442777	30	30
0.14492	0.00000000471455	30	30
0.14563	0.00000000449523	30	30
0.14513	0.00000000455070	30	30
0.14563	0.00000000444752	30	30
0.14533	0.00000000446420	30	30
0.14537	0.00000000467110	30	30
0.14574	0.00000000461027	30	30
0.14527	0.00000000453701	30	30
0.14524	0.00000000463297	30	30
0.14562	0.00000000467908	30	30
0.14537	0.00000000460703	30	30
0.14522	0.00000000459119	30	30
0.14566	0.00000000468419	30	30
0.14537	0.00000000453011	30	30
0.14547	0.00000000450281	30	30
0.14554	0.00000000441166	30	30
0.14531	0.00000000461330	30	30
0.14515	0.00000000453529	30	30
0.14411	0.00000000444350	30	30
0.12633	0.00000000419901	30	30
0.14893	0.00000000455160	30	30
0.14890	0.00000000449499	30	30
0.14858	0.00000000466262	30	30
0.14888	0.00000000479156	30	30
0.14897	0.00000000458266	30	30
0.14859	0.00000000464250	30	30
0.14907	0.00000000488839	30	30
0.14881	0.00000000466214	30	30
0.14866	0.00000000470778	30	30
0.14891	0.00000000480652	30	30
0.14902	0.00000000470136	30	30
0.14869	0.00000000452522	30	30
0.14889	0.00000000452699	30	30
0.14900	0.00000000461833	30	30
0.14900	0.00000000469890	30	30
0.14826	0.00000000456037	30	30
0.14564	0.00000000455597	30	30
0.14535	0.00000000454085	30	30
0.14561	0.00000000439728	30	30
0.14535	0.00000000451136	30	30
0.14553	0.00000000451881	30	30
0.14525	0.00000000469344	30	30
0.14544	0.00000000452018	30	30
0.14547	0.00000000455351	30	30
0.14540	0.00000000468825	30	30
0.14552	0.00000000466532	30	30
0.14543	0.00000000455764	30	30
0.14526	0.00000000445144	30	30
0.14565	0.00000000452085	30	30
0.14534	0.00000000449150	30	30
0.14537	0.00000000439174	30	30
0.14544	0.00000000446963	30	30
0.14537	0.00000000465032	30	30
0.14540	0.00000000468637	30	30
0.14538	0.00000000442380	30	30
0.14536	0.00000000450421	30	30
0.14555	0.00000000457375	30	30
0.14541	0.00000000459540	30	30
0.14540	0.00000000464996	30	30
0.14548	0.00000000457386	30	30
0.14527	0.00000000457347	30	30
0.14542	0.00000000481966	30	30
0.14558	0.00000000459649	30	30
0.14537	0.00000000455134	30	30
0.14556	0.00000000445629	30	30
0.14542	0.00000000461255	30	30
0.14528	0.00000000440313	30	30
0.14545	0.00000000448738	30	30
0.14537	0.00000000460296	30	30
0.15161	0.00000000462516	30	30
0.15120	0.00000000461498	30	30
0.15146	0.00000000472563	30	30
0.15132	0.00000000473414	30	30
0.15136	0.00000000474992	30	30
0.15129	0.00000000468810	30	30
0.15143	0.00000000494009	30	30
0.15168	0.00000000474646	30	30
0.15090	0.00000000475135	30	30
0.15137	0.00000000490839	30	30
0.15152	0.00000000488326	30	30
0.15131	0.00000000473313	30	30
0.15143	0.00000000459269	30	30
0.15163	0.00000000486111	30	30
0.15112	0.00000000455519	30	30
0.15121	0.00000000467087	30	30
0.14550	0.00000000446543	30	30
0.14529	0.00000000467673	30	30
0.14539	0.00000000440955	30	30
0.14542	0.00000000456987	30	30
0.14530	0.00000000454572	30	30
0.14559	0.00000000472986	30	30
0.14554	0.00000000455050	30	30
0.14524	0.00000000458238	30	30
0.14552	0.00000000456987	30	30
0.14544	0.00000000481964	30	30
0.14516	0.00000000460158	30	30
0.14571	0.00000000447639	30	30
0.14561	0.00000000463488	30	30
0.14523	0.00000000441461	30	30
0.14538	0.00000000442475	30	30
0.14594	0.00000000449893	30	30
0.14544	0.00000000458589	30	30
0.14556	0.00000000457434	30	30
0.14528	0.00000000441270	30	30
0.14553	0.00000000455451	30	30
0.14533	0.00000000463555	30	30
0.14526	0.00000000462471	30	30
0.14565	0.00000000454980	30	30
0.14546	0.00000000455824	30	30
0.14521	0.00000000480489	30	30
0.14590	0.00000000462640	30	30
0.14515	0.00000000458548	30	30
0.14553	0.00000000452523	30	30
0.14563	0.00000000464095	30	30
0.14536	0.00000000443351	30	30
0.14525	0.00000000441220	30	30
0.14556	0.00000000449344	30	30
0.14518	0.00000000470351	30	30
0.14886	0.00000000455151	30	30
0.14864	0.00000000454632	30	30
0.14900	0.00000000452762	30	30
0.14864	0.00000000488890	30	30
0.14878	0.00000000461325	30	30
0.14895	0.00000000465437	30	30
0.14869	0.00000000477204	30	30
0.14888	0.00000000477262	30	30
0.14884	0.00000000469473	30	30
0.14879	0.00000000468443	30	30
0.14893	0.00000000486582	30	30
0.14902	0.00000000452792	30	30
0.14893	0.00000000455255	30	30
0.14850	0.00000000450153	30	30
0.14943	0.00000000478940	30	30
0.14853	0.00000000459044	30	30
0.14547	0.00000000467865	30	30
0.14547	0.00000000438812	30	30
0.14521	0.00000000449481	30	30
0.14553	0.00000000455725	30	30
0.14533	0.00000000469302	30	30
0.14543	0.00000000451464	30	30
0.14550	0.00000000457161	30	30
0.14531	0.00000000473638	30	30
0.14535	0.00000000457144	30	30
0.14558	0.00000000460915	30	30
0.14565	0.00000000473249	30	30
0.14493	0.00000000438014	30	30
0.14559	0.00000000444965	30	30
0.14561	0.00000000439409	30	30
0.14507	0.00000000464893	30	30
0.14563	0.00000000453147	30	30
0.14538	0.00000000444773	30	30
0.14543	0.00000000447003	30	30
0.14547	0.00000000441480	30	30
0.14539	0.00000000475520	30	30
0.14537	0.00000000454142	30	30
0.14567	0.00000000452019	30	30
0.14535	0.00000000474915	30	30
0.14522	0.00000000457103	30	30
0.14544	0.00000000459263	30	30
0.14539	0.00000000460290	30	30
0.14538	0.00000000479749	30	30
0.14579	0.00000000451826	30	30
0.14531	0.00000000444682	30	30
0.14519	0.00000000451966	30	30
0.14570	0.00000000452248	30	30
0.14519	0.00000000450020	30	30
0.14517	0.00000000448556	30	30
0.15149	0.00000000463766	30	30
0.15148	0.00000000469531	30	30
0.15140	0.00000000475886	30	30
0.15131	0.00000000475201	30	30
0.15136	0.00000000470153	30	30
0.15108	0.00000000493202	30	30
0.15150	0.00000000476266	30	30
0.15137	0.00000000474408	30	30
0.15133	0.00000000489707	30	30
0.15139	0.00000000489457	30	30
0.15156	0.00000000470087	30	30
0.15108	0.00000000459226	30	30
0.15168	0.00000000483372	30	30
0.15118	0.00000000459513	30	30
0.15118	0.00000000466039	30	30
0.15098	0.00000000469315	30	30
0.12540	0.00000000463394	30	30
0.14556	0.00000000457717	30	30
0.14557	0.00000000444574	30	30
0.14505	0.00000000443629	30	30
0.14549	0.00000000460649	30	30
0.14560	0.00000000473037	30	30
0.14516	0.00000000451501	30	30
0.14552	0.00000000456510	30	30
0.14555	0.00000000480067	30	30
0.14504	0.00000000458872	30	30
0.14567	0.00000000460154	30	30
0.14551	0.00000000459034	30	30
0.14522	0.00000000464308	30	30
0.14574	0.00000000446312	30	30
0.14549	0.00000000443566	30	30
0.14498	0.00000000443168	30	30
0.14563	0.00000000472753	30	30
0.14526	0.00000000446950	30	30
0.14574	0.00000000468150	30	30
0.14540	0.00000000442249	30	30
0.14515	0.00000000458523	30	30
0.14554	0.00000000463877	30	30
0.14534	0.00000000462020	30	30
0.14530	0.00000000456644	30	30
0.14543	0.00000000458455	30	30
0.14576	0.00000000480462	30	30
0.14513	0.00000000460955	30	30
0.14550	0.00000000458564	30	30
0.14564	0.00000000446006	30	30
0.14516	0.00000000465827	30	30
0.14548	0.00000000444182	30	30
0.14556	0.00000000443917	30	30
0.14514	0.00000000448886	30	30
0.14899	0.00000000454917	30	30
0.14907	0.00000000455644	30	30
0.14838	0.00000000452002	30	30
0.14916	0.00000000480395	30	30
0.14878	0.00000000470945	30	30
0.14866	0.00000000462545	30	30
0.14906	0.00000000468064	30	30
0.14868	0.00000000488497	30	30
0.14867	0.00000000471620	30	30
0.14905	0.00000000472288	30	30
0.14911	0.00000000462860	30	30
0.14849	0.00000000472918	30	30
0.14900	0.00000000458536	30	30
0.14877	0.00000000447224	30	30
0.14869	0.00000000468321	30	30
0.14912	0.00000000471483	30	30
0.14555	0.00000000443409	30	30
0.14551	0.00000000446155	30	30
0.14527	0.00000000438431	30	30
0.14527	0.00000000472350	30	30
0.14570	0.00000000451968	30	30
0.14528	0.00000000449282	30	30
0.14529	0.00000000473603	30	30
0.14546	0.00000000455689	30	30
0.14525	0.00000000456382	30	30
0.14559	0.00000000457365	30	30
0.14558	0.00000000478418	30	30
0.14535	0.00000000448526	30	30
0.14538	0.00000000442266	30	30
0.14556	0.00000000459807	30	30
0.14534	0.00000000440706	30	30
0.14528	0.00000000446896	30	30
0.14552	0.00000000446124	30	30
0.14565	0.00000000448447	30	30
0.14517	0.00000000454310	30	30
0.14538	0.00000000457176	30	30
0.14551	0.00000000460168	30	30
0.14528	0.00000000451429	30	30
0.14559	0.00000000475793	30	30
0.14550	0.00000000456897	30	30
0.14514	0.00000000458052	30	30
0.14557	0.00000000459148	30	30
0.14531	0.00000000482041	30	30
0.14536	0.00000000457308	30	30
0.14563	0.00000000445961	30	30
0.14562	0.00000000460830	30	30
0.14498	0.00000000444584	30	30
0.14552	0.00000000444965	30	30
0.14552	0.00000000451513	30	30
0.15114	0.00000000462616	30	30
0.15162	0.00000000462799	30	30
0.15134	0.00000000472592	30	30
0.15105	0.00000000487258	30	30
0.15163	0.00000000468426	30	30
0.15120	0.00000000469828	30	30
0.15125	0.00000000497354	30	30
0.15169	0.00000000477139	30	30
0.15117	0.00000000477856	30	30
0.15126	0.00000000479535	30	30
0.15175	0.00000000497893	30	30
0.15151	0.00000000459141	30	30
0.15116	0.00000000465597	30	30
0.15158	0.00000000479258	30	30
0.15128	0.00000000463952	30	30
0.15114	0.00000000469435	30	30
0.10434	0.00000000388185	30	30
0.14538	0.00000000446318	30	30
0.14526	0.00000000450025	30	30
0.14577	0.00000000460450	30	30
0.14510	0.00000000456778	30	30
0.14526	0.00000000454367	30	30
0.14570	0.00000000462479	30	30
0.14530	0.00000000466245	30	30
0.14536	0.00000000458896	30	30
0.14565	0.00000000460243	30	30
0.14514	0.00000000481515	30	30
0.14530	0.00000000457120	30	30
0.14584	0.00000000448096	30	30
0.14528	0.00000000459437	30	30
0.14540	0.00000000452682	30	30
0.14541	0.00000000441456	30	30
0.14539	0.00000000451449	30	30
0.14451	0.00000000468509	30	30
0.14539	0.00000000447744	30	30
0.14551	0.00000000463669	30	30
0.14530	0.00000000453077	30	30
0.14551	0.00000000457202	30	30
0.14535	0.00000000452006	30	30
0.14533	0.00000000474733	30	30
0.14592	0.00000000454922	30	30
0.14498	0.00000000456659	30	30
0.14525	0.00000000458305	30	30
0.14570	0.00000000480854	30	30
0.14542	0.00000000453756	30	30
0.14561	0.00000000443210	30	30
0.14588	0.00000000466297	30	30
0.14473	0.00000000442686	30	30
0.14546	0.00000000447125	30	30
0.14542	0.00000000458610	30	30
0.14872	0.00000000464765	30	30
0.14868	0.00000000466044	30	30
0.14909	0.00000000450596	30	30
0.14865	0.00000000465210	30	30
0.14982	0.00000000479105	30	30
0.14963	0.00000000475227	30	30
0.14971	0.00000000471417	30	30
0.14937	0.00000000472845	30	30
0.14959	0.00000000498732	30	30
0.14988	0.00000000474778	30	30
0.15005	0.00000000475221	30	30
0.15005	0.00000000475505	30	30
0.14976	0.00000000463616	30	30
0.15000	0.00000000461122	30	30
0.14977	0.00000000456650	30	30
0.14934	0.00000000486092	30	30
0.14561	0.00000000445585	30	30
0.14552	0.00000000460218	30	30
0.14511	0.00000000448282	30	30
0.14565	0.00000000456384	30	30
0.14559	0.00000000458915	30	30
0.14527	0.00000000465347	30	30
0.14547	0.00000000456422	30	30
0.14543	0.00000000456000	30	30
0.14539	0.00000000477999	30	30
0.14560	0.00000000457685	30	30
0.14566	0.00000000454613	30	30
0.14517	0.00000000440509	30	30
0.14575	0.00000000465851	30	30
0.14550	0.00000000438908	30	30
0.14510	0.00000000445393	30	30
0.14561	0.00000000471466	30	30
0.14543	0.00000000447568	30	30
0.14549	0.00000000469138	30	30
0.14591	0.00000000443374	30	30
0.14481	0.00000000454896	30	30
0.14543	0.00000000463653	30	30
0.14539	0.00000000462937	30	30
0.14541	0.00000000458182	30	30
0.14536	0.00000000458220	30	30
0.14545	0.00000000479985	30	30
0.14545	0.00000000462186	30	30
0.14537	0.00000000456773	30	30
0.14541	0.00000000445857	30	30
0.14549	0.00000000468840	30	30
0.14542	0.00000000443362	30	30
0.14548	0.00000000443084	30	30
0.14529	0.00000000450946	30	30
0.15151	0.00000000463408	30	30
0.15153	0.00000000485705	30	30
0.15121	0.00000000459288	30	30
0.15127	0.00000000477096	30	30
0.15154	0.00000000469771	30	30
0.15123	0.00000000491833	30	30
0.15133	0.00000000474046	30	30
0.15142	0.00000000477198	30	30
0.15109	0.00000000501865	30	30
0.15146	0.00000000479886	30	30
0.15190	0.00000000477707	30	30
0.15109	0.00000000460233	30	30
0.15145	0.00000000488199	30	30
0.15146	0.00000000456216	30	30
0.15118	0.00000000463071	30	30
0.15138	0.00000000470683	30	30
0.12453	0.00000000491733	30	30
0.14549	0.00000000448188	30	30
0.14524	0.00000000465190	30	30
0.14553	0.00000000453806	30	30
0.14537	0.00000000455308	30	30
0.14524	0.00000000451895	30	30
0.14570	0.00000000475677	30	30
0.14534	0.00000000457830	30	30
0.14516	0.00000000461670	30	30
0.14566	0.00000000459994	30	30
0.14574	0.00000000471421	30	30
0.14529	0.00000000461573	30	30
0.14573	0.00000000446481	30	30
0.14532	0.00000000441273	30	30
0.14521	0.00000000461858	30	30
0.14555	0.00000000450375	30	30
0.14539	0.00000000448560	30	30
0.14549	0.00000000447669	30	30
0.14552	0.00000000443177	30	30
0.14526	0.00000000445211	30	30
0.14537	0.00000000481278	30	30
0.14572	0.00000000449786	30	30
0.14501	0.00000000452412	30	30
0.14548	0.00000000457516	30	30
0.14562	0.00000000482530	30	30
0.14510	0.00000000459896	30	30
0.14554	0.00000000461433	30	30
0.14551	0.00000000469379	30	30
0.14541	0.00000000455812	30	30
0.14547	0.00000000443806	30	30
0.14549	0.00000000443764	30	30
0.14519	0.00000000456542	30	30
0.14557	0.00000000460151	30	30
0.14881	0.00000000479894	30	30
0.14873	0.00000000453487	30	30
0.14870	0.00000000462404	30	30
0.14902	0.00000000465019	30	30
0.14853	0.00000000484859	30	30
0.14896	0.00000000465520	30	30
0.14886	0.00000000469570	30	30
0.14860	0.00000000481858	30	30
0.14904	0.00000000480319	30	30
0.14884	0.00000000470394	30	30
0.14893	0.00000000456291	30	30
0.14886	0.00000000479510	30	30
0.14905	0.00000000450509	30	30
0.14890	0.00000000452290	30	30
0.14907	0.00000000486502	30	30
0.14831	0.00000000453971	30	30
0.14520	0.00000000447471	30	30
0.14564	0.00000000460740	30	30
0.14520	0.00000000445146	30	30
0.14518	0.00000000457215	30	30
0.14573	0.00000000450665	30	30
0.14554	0.00000000473764	30	30
0.14515	0.00000000456459	30	30
0.14562	0.00000000455218	30	30
0.14532	0.00000000468614	30	30
0.14529	0.00000000470005	30	30
0.14568	0.00000000453882	30	30
0.14537	0.00000000442414	30	30
0.14532	0.00000000466460	30	30
0.14557	0.00000000441698	30	30
0.14539	0.00000000440759	30	30
0.14519	0.00000000449707	30	30
0.14546	0.00000000445832	30	30
0.14559	0.00000000469677	30	30
0.14531	0.00000000441502	30	30
0.14536	0.00000000457035	30	30
0.14560	0.00000000453890	30	30
0.14541	0.00000000475173	30	30
0.14527	0.00000000455364	30	30
0.14562	0.00000000462444	30	30
0.14535	0.00000000458387	30	30
0.14533	0.00000000480664	30	30
0.14569	0.00000000457696	30	30
0.14530	0.00000000445929	30	30
0.14524	0.00000000465752	30	30
0.14566	0.00000000444561	30	30
0.14551	0.00000000444389	30	30
0.14504	0.00000000468813	30	30
0.14426	0.00000000449461	30	30
0.15151	0.00000000478859	30	30
0.15122	0.00000000466785	30	30
0.15130	0.00000000475440	30	30
0.15163	0.00000000472597	30	30
0.15121	0.00000000490870	30	30
0.15151	0.00000000474815	30	30
0.15128	0.00000000477984	30	30
0.15118	0.00000000489070	30	30
0.15155	0.00000000491019	30	30
0.15131	0.00000000478603	30	30
0.15148	0.00000000462776	30	30
0.15145	0.00000000486843	30	30
0.15142	0.00000000458576	30	30
0.15118	0.00000000462236	30	30
0.15152	0.00000000482260	30	30
0.12452	0.00000000453137	30	30
0.12689	0.00000000488305	30	30
0.12475	0.00000000476629	30	30
0.14554	0.00000000457530	30	30
0.14523	0.00000000441950	30	30
0.14547	0.00000000451822	30	30
0.14542	0.00000000455347	30	30
0.14569	0.00000000472441	30	30
0.14504	0.00000000455115	30	30
0.14542	0.00000000457078	30	30
0.14545	0.00000000480382	30	30
0.14540	0.00000000461078	30	30
0.14546	0.00000000461469	30	30
0.14553	0.00000000455697	30	30
0.14544	0.00000000463748	30	30
0.14540	0.00000000444782	30	30
0.14544	0.00000000447652	30	30
0.14525	0.00000000444178	30	30
0.14563	0.00000000469932	30	30
0.14570	0.00000000448059	30	30
0.14543	0.00000000467951	30	30
0.14521	0.00000000441852	30	30
0.14559	0.00000000459816	30	30
0.14550	0.00000000452882	30	30
0.14536	0.00000000474532	30	30
0.14553	0.00000000455621	30	30
0.14538	0.00000000458836	30	30
0.14501	0.00000000479713	30	30
0.14578	0.00000000461631	30	30
0.14551	0.00000000458746	30	30
0.14538	0.00000000447094	30	30
0.14550	0.00000000468853	30	30
0.14549	0.00000000442359	30	30
0.14509	0.00000000442004	30	30
0.14577	0.00000000463610	30	30
0.14867	0.00000000452880	30	30
0.14873	0.00000000454831	30	30
0.14894	0.00000000454360	30	30
0.14867	0.00000000489654	30	30
0.14891	0.00000000460572	30	30
0.14890	0.00000000463570	30	30
0.14892	0.00000000468848	30	30
0.14883	0.00000000488482	30	30
0.14890	0.00000000473518	30	30
0.14882	0.00000000468727	30	30
0.14879	0.00000000475056	30	30
0.14899	0.00000000465133	30	30
0.14881	0.00000000453372	30	30
0.14869	0.00000000452532	30	30
0.14941	0.00000000482287	30	30
0.14834	0.00000000458730	30	30
0.14566	0.00000000444474	30	30
0.14541	0.00000000466560	30	30
0.14534	0.00000000438323	30	30
0.14551	0.00000000455570	30	30
0.14561	0.00000000453618	30	30
0.14519	0.00000000470279	30	30
0.14562	0.00000000452845	30	30
0.14527	0.00000000457091	30	30
0.14521	0.00000000469178	30	30
0.14559	0.00000000470721	30	30
0.14554	0.00000000458626	30	30
0.14525	0.00000000444917	30	30
0.14562	0.00000000467871	30	30
0.14548	0.00000000437746	30	30
0.14516	0.00000000442490	30	30
0.14565	0.00000000470992	30	30
0.14547	0.00000000445855	30	30
0.14528	0.00000000469110	30	30
0.14548	0.00000000443925	30	30
0.14524	0.00000000446677	30	30
0.14554	0.00000000458689	30	30
0.14559	0.00000000471575	30	30
0.14519	0.00000000454209	30	30
0.14553	0.00000000456906	30	30
0.14548	0.00000000459146	30	30
0.14503	0.00000000481988	30	30
0.14575	0.00000000461407	30	30
0.14569	0.00000000456642	30	30
0.14542	0.00000000459225	30	30
0.14534	0.00000000452300	30	30
0.14577	0.00000000441132	30	30
0.14504	0.00000000448573	30	30
0.14535	0.00000000472230	30	30
0.15140	0.00000000465548	30	30
0.15125	0.00000000483177	30	30
0.15146	0.00000000468134	30	30
0.15125	0.00000000475451	30	30
0.15134	0.00000000472399	30	30
0.15148	0.00000000496503	30	30
0.15134	0.00000000477638	30	30
0.15128	0.00000000475838	30	30
0.15143	0.00000000503875	30	30
0.15165	0.00000000477265	30	30
0.15125	0.00000000468640	30	30
0.15128	0.00000000462678	30	30
0.15153	0.00000000486067	30	30
0.15124	0.00000000459263	30	30
0.15136	0.00000000468906	30	30
0.15150	0.00000000492264	30	30
0.12734	0.00000000448835	30	30
0.14550	0.00000000447456	30	30
0.14519	0.00000000446836	30	30
0.14575	0.00000000464577	30	30
0.14537	0.00000000455739	30	30
0.14505	0.00000000455893	30	30
0.14558	0.00000000454145	30	30
0.14536	0.00000000478077	30	30
0.14550	0.00000000457697	30	30
0.14560	0.00000000459539	30	30
0.14531	0.00000000482844	30	30
0.14519	0.00000000460290	30	30
0.14583	0.00000000449165	30	30
0.14550	0.00000000455657	30	30
0.14527	0.00000000450574	30	30
0.14542	0.00000000448733	30	30
0.14542	0.00000000451298	30	30
0.14559	0.00000000458237	30	30
0.14546	0.00000000456309	30	30
0.14515	0.00000000442465	30	30
0.14557	0.00000000455281	30	30
0.14539	0.00000000466636	30	30
0.14507	0.00000000462459	30	30
0.14579	0.00000000457485	30	30
0.14541	0.00000000459132	30	30
0.14545	0.00000000483796	30	30
0.14549	0.00000000462048	30	30
0.14560	0.00000000459503	30	30
0.14528	0.00000000454615	30	30
0.14564	0.00000000461541	30	30
0.14539	0.00000000442677	30	30
0.14521	0.00000000440331	30	30
0.14553	0.00000000472935	30	30
0.14551	0.00000000448777	30	30
0.14882	0.00000000457136	30	30
0.14871	0.00000000465735	30	30
0.14890	0.00000000462229	30	30
0.14881	0.00000000468287	30	30
0.14865	0.00000000463356	30	30
0.14888	0.00000000475379	30	30
0.14889	0.00000000477788	30	30
0.14857	0.00000000466125	30	30
0.14909	0.00000000493076	30	30
0.14871	0.00000000471118	30	30
0.14885	0.00000000467373	30	30
0.14903	0.00000000452769	30	30
0.14888	0.00000000476889	30	30
0.14853	0.00000000450360	30	30
0.14950	0.00000000457419	30	30
0.14838	0.00000000478770	30	30
0.14545	0.00000000447480	30	30
0.14548	0.00000000439614	30	30
0.14512	0.00000000472752	30	30
0.14570	0.00000000457663	30	30
0.14546	0.00000000448899	30	30
0.14515	0.00000000453232	30	30
0.14542	0.00000000479031	30	30
0.14540	0.00000000455442	30	30
0.14552	0.00000000457077	30	30
0.14547	0.00000000474874	30	30
0.14561	0.00000000463202	30	30
0.14522	0.00000000439567	30	30
0.14555	0.00000000439685	30	30
0.14530	0.00000000452555	30	30
0.14525	0.00000000457202	30	30
0.14569	0.00000000448092	30	30
0.14510	0.00000000448230	30	30
0.14570	0.00000000445592	30	30
0.14528	0.00000000447916	30	30
0.14543	0.00000000482695	30	30
0.14566	0.00000000453058	30	30
0.14524	0.00000000454436	30	30
0.14526	0.00000000458922	30	30
0.14574	0.00000000480861	30	30
0.14534	0.00000000461158	30	30
0.14527	0.00000000460313	30	30
0.14568	0.00000000457609	30	30
0.14537	0.00000000464591	30	30
0.14514	0.00000000448085	30	30
0.14558	0.00000000445124	30	30
0.14551	0.00000000445109	30	30
0.14521	0.00000000473351	30	30
0.15145	0.00000000466780	30	30
0.15149	0.00000000484655	30	30
0.15104	0.00000000461346	30	30
0.15145	0.00000000479053	30	30
0.15155	0.00000000481391	30	30
0.15103	0.00000000484200	30	30
0.15141	0.00000000476838	30	30
0.15161	0.00000000476341	30	30
0.15122	0.00000000500669	30	30
0.15134	0.00000000480677	30	30
0.15157	0.00000000473280	30	30
0.15112	0.00000000481062	30	30
0.15167	0.00000000465474	30	30
0.15119	0.00000000460481	30	30
0.15120	0.00000000465815	30	30
0.15167	0.00000000492804	30	30
0.10499	0.00000000389441	30	30
0.14525	0.00000000468311	30	30
0.14560	0.00000000446272	30	30
0.14547	0.00000000440084	30	30
0.14509	0.00000000455617	30	30
0.14566	0.00000000476882	30	30
0.14540	0.00000000451675	30	30
0.14546	0.00000000458338	30	30
0.14568	0.00000000467988	30	30
0.14595	0.00000000472078	30	30
0.14635	0.00000000464314	30	30
0.14611	0.00000000465691	30	30
0.14616	0.00000000473265	30	30
0.14647	0.00000000451422	30	30
0.14644	0.00000000463078	30	30
0.14617	0.00000000449675	30	30
0.14661	0.00000000458915	30	30
0.14616	0.00000000457031	30	30
0.14558	0.00000000447274	30	30
0.14655	0.00000000448243	30	30
0.14669	0.00000000480208	30	30
0.14564	0.00000000457165	30	30
0.14523	0.00000000450402	30	30
0.14561	0.00000000479000	30	30
0.14529	0.00000000460243	30	30
0.14556	0.00000000457932	30	30
0.14559	0.00000000473042	30	30
0.14535	0.00000000474324	30	30
0.14545	0.00000000457788	30	30
0.14523	0.00000000442485	30	30
0.14592	0.00000000470290	30	30
0.14515	0.00000000441319	30	30
0.14540	0.00000000447169	30	30
0.14567	0.00000000475974	30	30
0.14885	0.00000000477622	30	30
0.14873	0.00000000454925	30	30
0.14880	0.00000000455373	30	30
0.14891	0.00000000477802	30	30
0.14878	0.00000000474587	30	30
0.14891	0.00000000465744	30	30
0.14884	0.00000000467132	30	30
0.14859	0.00000000488333	30	30
0.14907	0.00000000472396	30	30
0.14897	0.00000000469526	30	30
0.14866	0.00000000475580	30	30
0.14882	0.00000000464154	30	30
0.14912	0.00000000455669	30	30
0.14901	0.00000000451255	30	30
0.14889	0.00000000481164	30	30
0.14854	0.00000000456756	30	30
0.14541	0.00000000466025	30	30
0.14518	0.00000000444429	30	30
0.14580	0.00000000440411	30	30
0.14517	0.00000000462267	30	30
0.14526	0.00000000464453	30	30
0.14563	0.00000000450656	30	30
0.14548	0.00000000453236	30	30
0.14514	0.00000000478113	30	30
0.14552	0.00000000457134	30	30
0.14549	0.00000000457140	30	30
0.14504	0.00000000481384	30	30
0.14602	0.00000000452785	30	30
0.14535	0.00000000440941	30	30
0.14519	0.00000000439417	30	30
0.14558	0.00000000462467	30	30
0.14524	0.00000000447541	30	30
0.14551	0.00000000447918	30	30
0.14533	0.00000000446303	30	30
0.14538	0.00000000465267	30	30
0.14524	0.00000000444986	30	30
0.14550	0.00000000459276	30	30
0.14556	0.00000000453399	30	30
0.14537	0.00000000475403	30	30
0.14529	0.00000000459016	30	30
0.14548	0.00000000460358	30	30
0.14521	0.00000000480726	30	30
0.14552	0.00000000461617	30	30
0.14556	0.00000000458687	30	30
0.14557	0.00000000448795	30	30
0.14520	0.00000000459461	30	30
0.14552	0.00000000446504	30	30
0.14542	0.00000000445795	30	30
0.14529	0.00000000459164	30	30
0.15132	0.00000000466637	30	30
0.15168	0.00000000474397	30	30
0.15126	0.00000000472350	30	30
0.15120	0.00000000479040	30	30
0.15148	0.00000000468505	30	30
0.15125	0.00000000493208	30	30
0.15126	0.00000000475875	30	30
0.15158	0.00000000477293	30	30
0.15112	0.00000000477611	30	30
0.15143	0.00000000504213	30	30
0.15168	0.00000000478373	30	30
0.15162	0.00000000460616	30	30
0.15107	0.00000000485852	30	30
0.15142	0.00000000460651	30	30
0.15121	0.00000000466285	30	30
0.15150	0.00000000470789	30	30
0.14514	0.00000000468307	30	30
0.14565	0.00000000448646	30	30
0.14550	0.00000000440495	30	30
0.14489	0.00000000456293	30	30
0.14591	0.00000000477973	30	30
0.14525	0.00000000451172	30	30
0.14528	0.00000000455877	30	30
0.14558	0.00000000471089	30	30
0.14548	0.00000000471268	30	30
0.14520	0.00000000460582	30	30
0.14569	0.00000000461927	30	30
0.14543	0.00000000470827	30	30
0.14528	0.00000000448692	30	30
0.14550	0.00000000443615	30	30
0.14556	0.00000000451809	30	30
0.14498	0.00000000460245	30	30
0.14570	0.00000000450192	30	30
0.14536	0.00000000449050	30	30
0.14543	0.00000000444996	30	30
0.14529	0.00000000446841	30	30
0.14534	0.00000000481943	30	30
0.14548	0.00000000452201	30	30
0.14551	0.00000000453289	30	30
0.14523	0.00000000468461	30	30
0.14543	0.00000000471157	30	30
0.14558	0.00000000458218	30	30
0.14534	0.00000000462011	30	30
0.14566	0.00000000479451	30	30
0.14535	0.00000000447377	30	30
0.14550	0.00000000443863	30	30
0.14539	0.00000000441830	30	30
0.14553	0.00000000469235	30	30
0.14521	0.00000000451847	30	30
0.14888	0.00000000455981	30	30
0.14876	0.00000000449593	30	30
0.14894	0.00000000473115	30	30
0.14872	0.00000000476503	30	30
0.14923	0.00000000461033	30	30
0.14869	0.00000000465134	30	30
0.14874	0.00000000490079	30	30
0.14864	0.00000000468940	30	30
0.14901	0.00000000470475	30	30
0.14883	0.00000000494869	30	30
0.14875	0.00000000456630	30	30
0.14901	0.00000000456674	30	30
0.14892	0.00000000449834	30	30
0.14858	0.00000000474662	30	30
0.14957	0.00000000461396	30	30
0.14543	0.00000000444226	30	30
0.14548	0.00000000465684	30	30
0.14530	0.00000000443904	30	30
0.14535	0.00000000452094	30	30
0.14545	0.00000000450549	30	30
0.14535	0.00000000475047	30	30
0.14550	0.00000000452205	30	30
0.14546	0.00000000455927	30	30
0.14549	0.00000000468480	30	30
0.14527	0.00000000470334	30	30
0.14560	0.00000000455121	30	30
0.14548	0.00000000441497	30	30
0.14555	0.00000000468298	30	30
0.14525	0.00000000439034	30	30
0.14560	0.00000000444182	30	30
0.14528	0.00000000461787	30	30
0.14588	0.00000000450143	30	30
0.14531	0.00000000446993	30	30
0.14516	0.00000000463119	30	30
0.14573	0.00000000457851	30	30
0.14551	0.00000000453814	30	30
0.14506	0.00000000473051	30	30
0.14554	0.00000000457299	30	30
0.14550	0.00000000459242	30	30
0.14522	0.00000000460505	30	30
0.14548	0.00000000483000	30	30
0.14551	0.00000000458274	30	30
0.14528	0.00000000443317	30	30
0.14565	0.00000000458657	30	30
0.14548	0.00000000457725	30	30
0.14514	0.00000000441222	30	30
0.14577	0.00000000451336	30	30
0.15115	0.00000000464052	30	30
0.15180	0.00000000461364	30	30
0.15098	0.00000000495656	30	30
0.15130	0.00000000474432	30	30
0.15169	0.00000000471132	30	30
0.15118	0.00000000496699	30	30
0.15111	0.00000000478584	30	30
0.15151	0.00000000478967	30	30
0.15146	0.00000000476406	30	30
0.15105	0.00000000502239	30	30
0.15178	0.00000000465260	30	30
0.15126	0.00000000462262	30	30
0.15128	0.00000000469981	30	30
0.15150	0.00000000475012	30	30
0.15144	0.00000000470240	30	30
0.12525	0.00000000449875	30	30
0.14538	0.00000000448530	30	30
0.14552	0.00000000444667	30	30
0.14528	0.00000000471489	30	30
0.14545	0.00000000457773	30	30
0.14546	0.00000000454457	30	30
0.14537	0.00000000454995	30	30
0.14537	0.00000000481447	30	30
0.14531	0.00000000460793	30	30
0.14560	0.00000000462458	30	30
0.14568	0.00000000482136	30	30
0.14542	0.00000000452326	30	30
0.14546	0.00000000447901	30	30
0.14529	0.00000000445633	30	30
0.14552	0.00000000463555	30	30
0.14538	0.00000000445225	30	30
0.14534	0.00000000451977	30	30
0.14550	0.00000000447023	30	30
0.14514	0.00000000443650	30	30
0.14554	0.00000000446544	30	30
0.14545	0.00000000482192	30	30
0.14531	0.00000000454141	30	30
0.14546	0.00000000454527	30	30
0.14542	0.00000000457322	30	30
0.14534	0.00000000481823	30	30
0.14541	0.00000000461418	30	30
0.14568	0.00000000461984	30	30
0.14529	0.00000000470247	30	30
0.14571	0.00000000454330	30	30
0.14530	0.00000000444428	30	30
0.14511	0.00000000447724	30	30
0.14577	0.00000000455913	30	30
0.14523	0.00000000460535	30	30
0.14853	0.00000000469368	30	30
0.14916	0.00000000452430	30	30
0.14868	0.00000000462182	30	30
0.14859	0.00000000488912	30	30
0.14900	0.00000000462651	30	30
0.14891	0.00000000466176	30	30
0.14848	0.00000000472088	30	30
0.14923	0.00000000491898	30	30
0.14881	0.00000000471061	30	30
0.14841	0.00000000472650	30	30
0.14918	0.00000000458242	30	30
0.14890	0.00000000479541	30	30
0.14851	0.00000000451958	30	30
0.14935	0.00000000454708	30	30
0.14913	0.00000000483244	30	30
0.14534	0.00000000465164	30	30
0.14542	0.00000000443999	30	30
0.14546	0.00000000439549	30	30
0.14527	0.00000000455088	30	30
0.14538	0.00000000472590	30	30
0.14556	0.00000000451688	30	30
0.14543	0.00000000454166	30	30
0.14524	0.00000000455809	30	30
0.14553	0.00000000480477	30	30
0.14540	0.00000000456919	30	30
0.14536	0.00000000457940	30	30
0.14578	0.00000000464798	30	30
0.14513	0.00000000445337	30	30
0.14535	0.00000000442692	30	30
0.14556	0.00000000438804	30	30
0.14545	0.00000000470475	30	30
0.14483	0.00000000447446	30	30
0.14549	0.00000000450890	30	30
0.14529	0.00000000442370	30	30
0.14533	0.00000000452709	30	30
0.14550	0.00000000479016	30	30
0.14519	0.00000000452949	30	30
0.14561	0.00000000457301	30	30
0.14534	0.00000000460002	30	30
0.14537	0.00000000482199	30	30
0.14549	0.00000000460789	30	30
0.14554	0.00000000463414	30	30
0.14524	0.00000000465571	30	30
0.14557	0.00000000454158	30	30
0.14553	0.00000000442379	30	30
0.14525	0.00000000452500	30	30
0.14559	0.00000000467207	30	30
0.14518	0.00000000448846	30	30
0.15123	0.00000000464480	30	30
0.15138	0.00000000487645	30	30
0.15130	0.00000000460397	30	30
0.15121	0.00000000466132	30	30
0.15153	0.00000000502220	30	30
0.15133	0.00000000471445	30	30
0.15141	0.00000000472221	30	30
0.15109	0.00000000477327	30	30
0.15157	0.00000000499760	30	30
0.15144	0.00000000481303	30	30
0.15117	0.00000000477849	30	30
0.15171	0.00000000492411	30	30
0.15126	0.00000000462276	30	30
0.15130	0.00000000464831	30	30
0.15139	0.00000000457622	30	30
0.15127	0.00000000492762	30	30
0.15130	0.00000000471770	30	30
0.12483	0.00000000456791	30	30
0.14536	0.00000000468065	30	30
0.14580	0.00000000448478	30	30
0.14524	0.00000000444050	30	30
0.14521	0.00000000473410	30	30
0.14591	0.00000000464789	30	30
0.14522	0.00000000453798	30	30
0.14517	0.00000000458061	30	30
0.14571	0.00000000483956	30	30
0.14523	0.00000000460769	30	30
0.14513	0.00000000460811	30	30
0.14594	0.00000000483880	30	30
0.14538	0.00000000447552	30	30
0.14528	0.00000000447400	30	30
0.14564	0.00000000441681	30	30
0.14528	0.00000000462948	30	30
0.14509	0.00000000453891	30	30
0.14589	0.00000000448655	30	30
0.14527	0.00000000448055	30	30
0.14562	0.00000000445801	30	30
0.14526	0.00000000446048	30	30
0.14561	0.00000000479857	30	30
0.14539	0.00000000454563	30	30
0.14540	0.00000000455479	30	30
0.14510	0.00000000476828	30	30
0.14556	0.00000000458959	30	30
0.14548	0.00000000460162	30	30
0.14519	0.00000000473025	30	30
0.14583	0.00000000467744	30	30
0.14528	0.00000000442726	30	30
0.14528	0.00000000450077	30	30
0.14571	0.00000000465071	30	30
0.14525	0.00000000442328	30	30
0.14527	0.00000000452850	30	30
0.14901	0.00000000457919	30	30
0.14886	0.00000000450562	30	30
0.14851	0.00000000480883	30	30
0.14915	0.00000000469536	30	30
0.14881	0.00000000461026	30	30
0.14868	0.00000000466260	30	30
0.14899	0.00000000492913	30	30
0.14882	0.00000000467881	30	30
0.14862	0.00000000471805	30	30
0.14910	0.00000000496000	30	30
0.14891	0.00000000459782	30	30
0.14849	0.00000000454173	30	30
0.14907	0.00000000451377	30	30
0.14881	0.00000000479797	30	30
0.14895	0.00000000459718	30	30
0.14829	0.00000000457897	30	30
0.14512	0.00000000444344	30	30
0.14575	0.00000000467336	30	30
0.14557	0.00000000439195	30	30
0.14509	0.00000000454894	30	30
0.14565	0.00000000452125	30	30
0.14539	0.00000000473179	30	30
0.14526	0.00000000453141	30	30
0.14554	0.00000000455894	30	30
0.14539	0.00000000470131	30	30
0.14521	0.00000000470003	30	30
0.14560	0.00000000459143	30	30
0.14570	0.00000000445661	30	30
0.14511	0.00000000467400	30	30
0.14562	0.00000000441513	30	30
0.14539	0.00000000438657	30	30
0.14503	0.00000000449617	30	30
0.14586	0.00000000468410	30	30
0.14508	0.00000000470144	30	30
0.14558	0.00000000442843	30	30
0.14523	0.00000000450646	30	30
0.14541	0.00000000458870	30	30
0.14566	0.00000000473176	30	30
0.14518	0.00000000453605	30	30
0.14549	0.00000000459400	30	30
0.14547	0.00000000479540	30	30
0.14536	0.00000000460456	30	30
0.14554	0.00000000463002	30	30
0.14548	0.00000000454785	30	30
0.14544	0.00000000466280	30	30
0.14536	0.00000000442101	30	30
0.14543	0.00000000441347	30	30
0.14521	0.00000000448016	30	30
0.14547	0.00000000473127	30	30
0.15146	0.00000000476002	30	30
0.15149	0.00000000472097	30	30
0.15106	0.00000000467234	30	30
0.15146	0.00000000474556	30	30
0.15187	0.00000000476099	30	30
0.15161	0.00000000481849	30	30
0.15251	0.00000000486356	30	30
0.15248	0.00000000473708	30	30
0.15238	0.00000000472130	30	30
0.15291	0.00000000492274	30	30
0.15214	0.00000000462329	30	30
0.15226	0.00000000477358	30	30
0.15218	0.00000000496425	30	30
0.14546	0.00000000447495	30	30
0.14549	0.00000000447882	30	30
0.14553	0.00000000444091	30	30
0.14529	0.00000000470962	30	30
0.14535	0.00000000465600	30	30
0.14559	0.00000000452526	30	30
0.14556	0.00000000459974	30	30
0.14513	0.00000000482590	30	30
0.14554	0.00000000462540	30	30
0.14560	0.00000000462220	30	30
0.14533	0.00000000461940	30	30
0.14568	0.00000000468371	30	30
0.14541	0.00000000449150	30	30
0.14523	0.00000000445243	30	30
0.14546	0.00000000465581	30	30
0.14546	0.00000000454468	30	30
0.14552	0.00000000448231	30	30
0.14533	0.00000000470450	30	30
0.14545	0.00000000446752	30	30
0.14528	0.00000000452696	30	30
0.14551	0.00000000458911	30	30
0.14545	0.00000000473741	30	30
0.14534	0.00000000454402	30	30
0.14564	0.00000000459346	30	30
0.14538	0.00000000481390	30	30
0.14544	0.00000000461242	30	30
0.14547	0.00000000460217	30	30
0.14553	0.00000000454394	30	30
0.14549	0.00000000466764	30	30
0.14530	0.00000000441827	30	30
0.14531	0.00000000444624	30	30
0.14549	0.00000000471361	30	30
0.14519	0.00000000450311	30	30
0.14953	0.00000000457570	30	30
0.14824	0.00000000456402	30	30
0.14871	0.00000000472996	30	30
0.14869	0.00000000467580	30	30
0.14885	0.00000000464195	30	30
0.14879	0.00000000484384	30	30
0.14876	0.00000000466807	30	30
0.14902	0.00000000471901	30	30
0.14880	0.00000000472008	30	30
0.14864	0.00000000492405	30	30
0.14904	0.00000000470086	30	30
0.14886	0.00000000450420	30	30
0.14892	0.00000000469285	30	30
0.14872	0.00000000461579	30	30
0.14927	0.00000000458806	30	30
0.14841	0.00000000474264	30	30
0.14555	0.00000000445406	30	30
0.14550	0.00000000439058	30	30
0.14506	0.00000000472717	30	30
0.14554	0.00000000455650	30	30
0.14554	0.00000000451167	30	30
0.14527	0.00000000477463	30	30
0.14540	0.00000000457118	30	30
0.14549	0.00000000456207	30	30
0.14522	0.00000000460687	30	30
0.14547	0.00000000482739	30	30
0.14573	0.00000000452611	30	30
0.14532	0.00000000445688	30	30
0.14543	0.00000000463471	30	30
0.14530	0.00000000443966	30	30
0.14536	0.00000000445151	30	30
0.14541	0.00000000448838	30	30
0.14546	0.00000000448556	30	30
0.14550	0.00000000447156	30	30
0.14526	0.00000000456021	30	30
0.14554	0.00000000470767	30	30
0.14532	0.00000000453130	30	30
0.14522	0.00000000453834	30	30
0.14558	0.00000000479003	30	30
0.14555	0.00000000459943	30	30
0.14520	0.00000000457843	30	30
0.14560	0.00000000463381	30	30
0.14555	0.00000000482227	30	30
0.14531	0.00000000446432	30	30
0.14559	0.00000000446119	30	30
0.14527	0.00000000467803	30	30
0.14526	0.00000000443977	30	30
0.14551	0.00000000451244	30	30
0.15141	0.00000000465392	30	30
0.15138	0.00000000464865	30	30
0.15141	0.00000000461393	30	30
0.15117	0.00000000499371	30	30
0.15142	0.00000000471941	30	30
0.15142	0.00000000472266	30	30
0.15132	0.00000000485726	30	30
0.15130	0.00000000488992	30	30
0.15133	0.00000000481106	30	30
0.15144	0.00000000479973	30	30
0.15135	0.00000000500768	30	30
0.15164	0.00000000464665	30	30
0.15132	0.00000000465327	30	30
0.15098	0.00000000461901	30	30
0.15160	0.00000000485175	30	30
0.15132	0.00000000475739	30	30
0.14817	0.00000000462445	30	30
0.12461	0.00000000473657	30	30
0.12515	0.00000000490770	30	30
0.14566	0.00000000450639	30	30
0.14526	0.00000000441211	30	30
0.14528	0.00000000474225	30	30
0.14553	0.00000000459055	30	30
0.14530	0.00000000454679	30	30
0.14541	0.00000000476975	30	30
0.14531	0.00000000460823	30	30
0.14547	0.00000000461876	30	30
0.14543	0.00000000461191	30	30
0.14544	0.00000000483741	30	30
0.14565	0.00000000455092	30	30
0.14536	0.00000000445517	30	30
0.14537	0.00000000445335	30	30
0.14554	0.00000000466777	30	30
0.14533	0.00000000446494	30	30
0.14531	0.00000000450473	30	30
0.14549	0.00000000447558	30	30
0.14513	0.00000000443357	30	30
0.14546	0.00000000467965	30	30
0.14548	0.00000000459733	30	30
0.14525	0.00000000453114	30	30
0.14561	0.00000000454136	30	30
0.14546	0.00000000480040	30	30
0.14507	0.00000000458323	30	30
0.14559	0.00000000460200	30	30
0.14547	0.00000000485327	30	30
0.14541	0.00000000460287	30	30
0.14570	0.00000000445804	30	30
0.14522	0.00000000441395	30	30
0.14520	0.00000000465717	30	30
0.14568	0.00000000448779	30	30
0.14540	0.00000000449284	30	30
0.14865	0.00000000456362	30	30
0.14895	0.00000000454340	30	30
0.14855	0.00000000480446	30	30
0.14896	0.00000000468596	30	30
0.14893	0.00000000464702	30	30
0.14879	0.00000000477227	30	30
0.14859	0.00000000480158	30	30
0.14918	0.00000000468213	30	30
0.14867	0.00000000470747	30	30
0.14868	0.00000000495536	30	30
0.14918	0.00000000460230	30	30
0.14897	0.00000000454813	30	30
0.14862	0.00000000474058	30	30
0.14915	0.00000000451739	30	30
0.14919	0.00000000460853	30	30
0.14775	0.00000000549472	30	30
0.14579	0.00000000455023	30	30
0.14507	0.00000000456339	30	30
0.14553	0.00000000439058	30	30
0.14534	0.00000000457122	30	30
0.14538	0.00000000474741	30	30
0.14538	0.00000000449304	30	30
0.14534	0.00000000455164	30	30
0.14549	0.00000000457855	30	30
0.14533	0.00000000480699	30	30
0.14565	0.00000000457173	30	30
0.14519	0.00000000459884	30	30
0.14578	0.00000000456715	30	30
0.14543	0.00000000456017	30	30
0.14539	0.00000000439288	30	30
0.14527	0.00000000440017	30	30
0.14548	0.00000000473749	30	30
0.14522	0.00000000447536	30	30
0.14512	0.00000000449021	30	30
0.14573	0.00000000444170	30	30
0.14526	0.00000000449769	30	30
0.14526	0.00000000480751	30	30
0.14565	0.00000000453017	30	30
0.14545	0.00000000455069	30	30
0.14509	0.00000000457567	30	30
0.14569	0.00000000481598	30	30
0.14536	0.00000000463625	30	30
0.14515	0.00000000460468	30	30
0.14578	0.00000000457775	30	30
0.14536	0.00000000465340	30	30
0.14517	0.00000000444224	30	30
0.14573	0.00000000442639	30	30
0.14520	0.00000000467208	30	30
0.14522	0.00000000452616	30	30
0.15114	0.00000000464112	30	30
0.15151	0.00000000486095	30	30
0.15147	0.00000000462447	30	30
0.15099	0.00000000462714	30	30
0.15155	0.00000000479689	30	30
0.15144	0.00000000494698	30	30
0.15115	0.00000000471482	30	30
0.15139	0.00000000476743	30	30
0.15153	0.00000000500700	30	30
0.15114	0.00000000479882	30	30
0.15168	0.00000000481196	30	30
0.15130	0.00000000477182	30	30
0.15126	0.00000000481816	30	30
0.15164	0.00000000466165	30	30
0.15130	0.00000000459463	30	30
0.15102	0.00000000486824	30	30
0.15170	0.00000000472805	30	30
0.14537	0.00000000470133	30	30
0.14539	0.00000000446937	30	30
0.14551	0.00000000443162	30	30
0.14513	0.00000000459186	30	30
0.14561	0.00000000476560	30	30
0.14529	0.00000000452286	30	30
0.14542	0.00000000456937	30	30
0.14534	0.00000000471016	30	30
0.14539	0.00000000469212	30	30
0.14542	0.00000000463879	30	30
0.14542	0.00000000459989	30	30
0.14569	0.00000000471752	30	30
0.14544	0.00000000446271	30	30
0.14541	0.00000000445656	30	30
0.14506	0.00000000463191	30	30
0.14557	0.00000000453542	30	30
0.14578	0.00000000472264	30	30
0.14538	0.00000000442688	30	30
0.14501	0.00000000455274	30	30
0.14556	0.00000000458329	30	30
0.14554	0.00000000474065	30	30
0.14526	0.00000000455941	30	30
0.14571	0.00000000460770	30	30
0.14537	0.00000000481370	30	30
0.14519	0.00000000460374	30	30
0.14563	0.00000000461515	30	30
0.14551	0.00000000463539	30	30
0.14532	0.00000000459254	30	30
0.14548	0.00000000443677	30	30
0.14557	0.00000000442153	30	30
0.14505	0.00000000463512	30	30
0.14557	0.00000000462072	30	30
0.14885	0.00000000457670	30	30
0.14862	0.00000000451883	30	30
0.14916	0.00000000468330	30	30
0.14897	0.00000000486497	30	30
0.14855	0.00000000463226	30	30
0.14888	0.00000000466224	30	30
0.14893	0.00000000480992	30	30
0.14858	0.00000000481956	30	30
0.14887	0.00000000470931	30	30
0.14898	0.00000000470014	30	30
0.14881	0.00000000466875	30	30
0.14904	0.00000000466529	30	30
0.14881	0.00000000448862	30	30
0.14901	0.00000000468547	30	30
0.14841	0.00000000470428	30	30
0.14523	0.00000000446375	30	30
0.14562	0.00000000441862	30	30
0.14525	0.00000000469103	30	30
0.14536	0.00000000455008	30	30
0.14566	0.00000000452521	30	30
0.14533	0.00000000452864	30	30
0.14535	0.00000000477183	30	30
0.14532	0.00000000458778	30	30
0.14547	0.00000000459083	30	30
0.14529	0.00000000479129	30	30
0.14572	0.00000000454716	30	30
0.14544	0.00000000445062	30	30
0.14511	0.00000000441934	30	30
0.14578	0.00000000453023	30	30
0.14535	0.00000000455421	30	30
0.14520	0.00000000446587	30	30
0.14550	0.00000000449516	30	30
0.14527	0.00000000445408	30	30
0.14549	0.00000000448602	30	30
0.14548	0.00000000481786	30	30
0.14520	0.00000000454034	30	30
0.14559	0.00000000454020	30	30
0.14533	0.00000000457750	30	30
0.14524	0.00000000482311	30	30
0.14561	0.00000000461252	30	30
0.14542	0.00000000462826	30	30
0.14529	0.00000000460864	30	30
0.14559	0.00000000467794	30	30
0.14563	0.00000000442967	30	30
0.14496	0.00000000446995	30	30
0.14577	0.00000000446639	30	30
0.14533	0.00000000469532	30	30
0.15114	0.00000000475464	30	30
0.15165	0.00000000476399	30	30
0.15124	0.00000000461783	30	30
0.15109	0.00000000478104	30	30
0.15160	0.00000000483956	30	30
0.15134	0.00000000482538	30	30
0.15111	0.00000000476318	30	30
0.15157	0.00000000478657	30	30
0.15142	0.00000000502682	30	30
0.15109	0.00000000480257	30	30
0.15167	0.00000000477107	30	30
0.15126	0.00000000471026	30	30
0.15126	0.00000000476777	30	30
0.15164	0.00000000458931	30	30
0.15108	0.00000000465744	30	30
0.15135	0.00000000494286	30	30
0.10475	0.00000000391378	30	30
0.12580	0.00000000481959	30	30
0.14554	0.00000000447810	30	30
0.14533	0.00000000449395	30	30
0.14544	0.00000000464038	30	30
0.14546	0.00000000456488	30	30
0.14528	0.00000000456652	30	30
0.14559	0.00000000454047	30	30
0.14551	0.00000000477887	30	30
0.14512	0.00000000459912	30	30
0.14587	0.00000000461086	30	30
0.14548	0.00000000473592	30	30
0.14530	0.00000000471974	30	30
0.14558	0.00000000446921	30	30
0.14543	0.00000000447283	30	30
0.14536	0.00000000459390	30	30
0.14551	0.00000000451618	30	30
0.14535	0.00000000449485	30	30
0.14486	0.00000000453594	30	30
0.14526	0.00000000448235	30	30
0.14569	0.00000000454422	30	30
0.14515	0.00000000461884	30	30
0.14537	0.00000000460034	30	30
0.14566	0.00000000454007	30	30
0.14537	0.00000000465496	30	30
0.14513	0.00000000469247	30	30
0.14560	0.00000000461573	30	30
0.14538	0.00000000471544	30	30
0.14531	0.00000000473491	30	30
0.14586	0.00000000461885	30	30
0.14534	0.00000000444078	30	30
0.14523	0.00000000451457	30	30
0.14569	0.00000000457508	30	30
0.14534	0.00000000447176	30	30
0.14526	0.00000000449785	30	30
0.14917	0.00000000457076	30	30
0.14867	0.00000000462179	30	30
0.14858	0.00000000474679	30	30
0.14896	0.00000000465593	30	30
0.14895	0.00000000473399	30	30
0.14853	0.00000000478003	30	30
0.14903	0.00000000470164	30	30
0.14873	0.00000000469099	30	30
0.14860	0.00000000482935	30	30
0.14917	0.00000000483119	30	30
0.14898	0.00000000454508	30	30
0.14858	0.00000000458267	30	30
0.14905	0.00000000464326	30	30
0.14939	0.00000000462655	30	30
0.14851	0.00000000458673	30	30
0.14561	0.00000000457068	30	30
0.14552	0.00000000443250	30	30
0.14511	0.00000000442192	30	30
0.14556	0.00000000480999	30	30
0.14581	0.00000000453359	30	30
0.14523	0.00000000451708	30	30
0.14571	0.00000000467267	30	30
0.14552	0.00000000468347	30	30
0.14578	0.00000000461968	30	30
0.14611	0.00000000472193	30	30
0.14632	0.00000000460833	30	30
0.14597	0.00000000455028	30	30
0.14619	0.00000000464514	30	30
0.14653	0.00000000448694	30	30
0.14656	0.00000000444817	30	30
0.14635	0.00000000470518	30	30
0.14566	0.00000000469021	30	30
0.14538	0.00000000448487	30	30
0.14607	0.00000000446456	30	30
0.14635	0.00000000463619	30	30
0.14543	0.00000000477611	30	30
0.14526	0.00000000457178	30	30
0.14569	0.00000000456956	30	30
0.14560	0.00000000472963	30	30
0.14518	0.00000000472036	30	30
0.14564	0.00000000463156	30	30
0.14561	0.00000000459553	30	30
0.14538	0.00000000471189	30	30
0.14543	0.00000000449727	30	30
0.14556	0.00000000445479	30	30
0.14517	0.00000000453383	30	30
0.14538	0.00000000462316	30	30
0.14597	0.00000000451609	30	30
0.15119	0.00000000466941	30	30
0.15143	0.00000000461377	30	30
0.15143	0.00000000478552	30	30
0.15120	0.00000000488421	30	30
0.15141	0.00000000469284	30	30
0.15137	0.00000000484810	30	30
0.15116	0.00000000488713	30	30
0.15141	0.00000000478215	30	30
0.15181	0.00000000480869	30	30
0.15096	0.00000000502074	30	30
0.15168	0.00000000473984	30	30
0.15143	0.00000000459697	30	30
0.15119	0.00000000475269	30	30
0.15138	0.00000000472189	30	30
0.15122	0.00000000468441	30	30
0.15141	0.00000000470433	30	30
0.12492	0.00000000445781	30	30
0.14527	0.00000000448289	30	30
0.14553	0.00000000445176	30	30
0.14529	0.00000000466387	30	30
0.14534	0.00000000461711	30	30
0.14563	0.00000000452395	30	30
0.14530	0.00000000454818	30	30
0.14524	0.00000000477717	30	30
0.14567	0.00000000461477	30	30
0.14555	0.00000000460092	30	30
0.14504	0.00000000473464	30	30
0.14569	0.00000000469946	30	30
0.14540	0.00000000448387	30	30
0.14528	0.00000000447107	30	30
0.14580	0.00000000464954	30	30
0.14540	0.00000000445897	30	30
0.14505	0.00000000450139	30	30
0.14540	0.00000000448312	30	30
0.14532	0.00000000460419	30	30
0.14556	0.00000000454652	30	30
0.14550	0.00000000456198	30	30
0.14519	0.00000000455659	30	30
0.14568	0.00000000476163	30	30
0.14534	0.00000000456203	30	30
0.14519	0.00000000459123	30	30
0.14562	0.00000000482090	30	30
0.14539	0.00000000460597	30	30
0.14538	0.00000000461032	30	30
0.14572	0.00000000462057	30	30
0.14547	0.00000000456625	30	30
0.14510	0.00000000444223	30	30
0.14558	0.00000000442237	30	30
0.14531	0.00000000472529	30	30
0.14531	0.00000000452125	30	30
0.14860	0.00000000458374	30	30
0.14899	0.00000000469403	30	30
0.14876	0.00000000461990	30	30
0.14859	0.00000000473253	30	30
0.14923	0.00000000464694	30	30
0.14876	0.00000000475178	30	30
0.14866	0.00000000482401	30	30
0.14889	0.00000000471205	30	30
0.14897	0.00000000471789	30	30
0.14857	0.00000000482550	30	30
0.14909	0.00000000484185	30	30
0.14900	0.00000000452672	30	30
0.14863	0.00000000460460	30	30
0.14899	0.00000000473161	30	30
0.14925	0.00000000455416	30	30
0.14819	0.00000000462989	30	30
0.14556	0.00000000445547	30	30
0.14516	0.00000000442128	30	30
0.14545	0.00000000461671	30	30
0.14566	0.00000000466435	30	30
0.14524	0.00000000451400	30	30
0.14560	0.00000000454123	30	30
0.14529	0.00000000468436	30	30
0.14514	0.00000000465330	30	30
0.14554	0.00000000461254	30	30
0.14549	0.00000000469707	30	30
0.14534	0.00000000464118	30	30
0.14562	0.00000000446468	30	30
0.14544	0.00000000442111	30	30
0.14519	0.00000000453709	30	30
0.14549	0.00000000456321	30	30
0.14545	0.00000000450371	30	30
0.14538	0.00000000448891	30	30
0.14558	0.00000000445856	30	30
0.14519	0.00000000454747	30	30
0.14548	0.00000000470816	30	30
0.14549	0.00000000453484	30	30
0.14525	0.00000000454675	30	30
0.14540	0.00000000469636	30	30
0.14566	0.00000000470640	30	30
0.14547	0.00000000461034	30	30
0.14527	0.00000000462893	30	30
0.14581	0.00000000482703	30	30
0.14516	0.00000000447172	30	30
0.14556	0.00000000447542	30	30
0.14586	0.00000000453656	30	30
0.14492	0.00000000456119	30	30
0.14533	0.00000000454085	30	30
0.14402	0.00000000448358	30	30
0.15126	0.00000000465881	30	30
0.15127	0.00000000462647	30	30
0.15150	0.00000000488976	30	30
0.15143	0.00000000479835	30	30
0.15120	0.00000000470464	30	30
0.15139	0.00000000488176	30	30
0.15140	0.00000000488277	30	30
0.15120	0.00000000478477	30	30
0.15153	0.00000000480346	30	30
0.15100	0.00000000501694	30	30
0.15180	0.00000000475893	30	30
0.15131	0.00000000462953	30	30
0.15138	0.00000000464570	30	30
0.15134	0.00000000483538	30	30
0.15116	0.00000000470873	30	30
0.15134	0.00000000469742	30	30
0.10444	0.00000000392212	30	30
0.14548	0.00000000459132	30	30
0.14527	0.00000000460396	30	30
0.14562	0.00000000443036	30	30
0.14526	0.00000000459059	30	30
0.14520	0.00000000467059	30	30
0.14578	0.00000000466139	30	30
0.14526	0.00000000457217	30	30
0.14527	0.00000000460232	30	30
0.14564	0.00000000473718	30	30
0.14546	0.00000000471419	30	30
0.14516	0.00000000461054	30	30
0.14589	0.00000000462470	30	30
0.14534	0.00000000454875	30	30
0.14512	0.00000000442342	30	30
0.14569	0.00000000447374	30	30
0.14527	0.00000000463182	30	30
0.14486	0.00000000457988	30	30
0.14536	0.00000000471173	30	30
0.14518	0.00000000446251	30	30
0.14554	0.00000000452675	30	30
0.14549	0.00000000458256	30	30
0.14528	0.00000000465361	30	30
0.14584	0.00000000469703	30	30
0.14521	0.00000000457822	30	30
0.14530	0.00000000461626	30	30
0.14557	0.00000000483528	30	30
0.14553	0.00000000462644	30	30
0.14529	0.00000000452806	30	30
0.14564	0.00000000449050	30	30
0.14544	0.00000000466259	30	30
0.14521	0.00000000445267	30	30
0.14538	0.00000000449728	30	30
0.14530	0.00000000450780	30	30
0.14872	0.00000000468117	30	30
0.14864	0.00000000457484	30	30
0.14908	0.00000000454339	30	30
0.14864	0.00000000478973	30	30
0.14876	0.00000000475408	30	30
0.14899	0.00000000464456	30	30
0.14877	0.00000000468384	30	30
0.14879	0.00000000492101	30	30
0.14896	0.00000000473635	30	30
0.14876	0.00000000469846	30	30
0.14885	0.00000000469001	30	30
0.14880	0.00000000474201	30	30
0.14900	0.00000000461333	30	30
0.14876	0.00000000449450	30	30
0.14957	0.00000000479707	30	30
0.14866	0.00000000463160	30	30
0.14565	0.00000000447578	30	30
0.14538	0.00000000441008	30	30
0.14490	0.00000000449165	30	30
0.14598	0.00000000479336	30	30
0.14529	0.00000000451854	30	30
0.14524	0.00000000453238	30	30
0.14552	0.00000000457337	30	30
0.14542	0.00000000479760	30	30
0.14500	0.00000000459716	30	30
0.14574	0.00000000460385	30	30
0.14563	0.00000000470933	30	30
0.14518	0.00000000447960	30	30
0.14562	0.00000000444196	30	30
0.14546	0.00000000442299	30	30
0.14528	0.00000000465487	30	30
0.14535	0.00000000450496	30	30
0.14534	0.00000000461412	30	30
0.14550	0.00000000454710	30	30
0.14534	0.00000000447822	30	30
0.14515	0.00000000461791	30	30
0.14574	0.00000000466482	30	30
0.14531	0.00000000464640	30	30
0.14536	0.00000000460956	30	30
0.14550	0.00000000459597	30	30
0.14537	0.00000000482898	30	30
0.14538	0.00000000464680	30	30
0.14560	0.00000000459025	30	30
0.14554	0.00000000444722	30	30
0.14518	0.00000000468278	30	30
0.14567	0.00000000444871	30	30
0.14515	0.00000000444042	30	30
0.14530	0.00000000464786	30	30
0.15134	0.00000000466048	30	30
0.15149	0.00000000464024	30	30
0.15140	0.00000000475631	30	30
0.15101	0.00000000474222	30	30
0.15149	0.00000000478832	30	30
0.15146	0.00000000471267	30	30
0.15112	0.00000000496160	30	30
0.15151	0.00000000477448	30	30
0.15135	0.00000000477097	30	30
0.15118	0.00000000481437	30	30
0.15161	0.00000000505262	30	30
0.15151	0.00000000475764	30	30
0.15112	0.00000000461223	30	30
0.15148	0.00000000466117	30	30
0.15144	0.00000000483114	30	30
0.15108	0.00000000465830	30	30
0.15162	0.00000000475673	30	30
0.10487	0.00000000393184	30	30
0.12748	0.00000000509951	30	30
0.14545	0.00000000447862	30	30
0.14553	0.00000000469897	30	30
0.14538	0.00000000441467	30	30
0.14518	0.00000000459628	30	30
0.14559	0.00000000467649	30	30
0.14546	0.00000000463928	30	30
0.14519	0.00000000457836	30	30
0.14551	0.00000000458812	30	30
0.14545	0.00000000484616	30	30
0.14525	0.00000000462670	30	30
0.14564	0.00000000461178	30	30
0.14549	0.00000000455409	30	30
0.14523	0.00000000462245	30	30
0.14540	0.00000000446546	30	30
0.14568	0.00000000445025	30	30
0.14505	0.00000000462816	30	30
0.14547	0.00000000452002	30	30
0.14542	0.00000000465342	30	30
0.14547	0.00000000451092	30	30
0.14525	0.00000000459696	30	30
0.14533	0.00000000474521	30	30
0.14549	0.00000000456643	30	30
0.14537	0.00000000460182	30	30
0.14528	0.00000000478451	30	30
0.14535	0.00000000463958	30	30
0.14554	0.00000000465736	30	30
0.14577	0.00000000469146	30	30
0.14492	0.00000000450159	30	30
0.14576	0.00000000452399	30	30
0.14544	0.00000000441848	30	30
0.14513	0.00000000469570	30	30
0.14571	0.00000000457372	30	30
0.14903	0.00000000460006	30	30
0.14892	0.00000000455930	30	30
0.14849	0.00000000475261	30	30
0.14910	0.00000000471227	30	30
0.14871	0.00000000461959	30	30
0.14872	0.00000000465317	30	30
0.14883	0.00000000492403	30	30
0.14893	0.00000000468895	30	30
0.14871	0.00000000473085	30	30
0.14884	0.00000000474963	30	30
0.14910	0.00000000490388	30	30
0.14852	0.00000000451560	30	30
0.14901	0.00000000458203	30	30
0.14880	0.00000000473633	30	30
0.14911	0.00000000458848	30	30
0.14854	0.00000000462194	30	30
0.14583	0.00000000446616	30	30
0.14553	0.00000000466759	30	30
0.14515	0.00000000441659	30	30
0.14539	0.00000000454304	30	30
0.14553	0.00000000466112	30	30
0.14533	0.00000000462262	30	30
0.14540	0.00000000454637	30	30
0.14554	0.00000000457836	30	30
0.14518	0.00000000480062	30	30
0.14555	0.00000000459722	30	30
0.14591	0.00000000471754	30	30
0.14509	0.00000000461231	30	30
0.14525	0.00000000444388	30	30
0.14558	0.00000000441827	30	30
0.14535	0.00000000443041	30	30
0.14537	0.00000000469134	30	30
0.14554	0.00000000449957	30	30
0.14550	0.00000000447897	30	30
0.14520	0.00000000447095	30	30
0.14556	0.00000000445317	30	30
0.14524	0.00000000474015	30	30
0.14546	0.00000000465844	30	30
0.14546	0.00000000454157	30	30
0.14535	0.00000000459347	30	30
0.14528	0.00000000481897	30	30
0.14570	0.00000000462246	30	30
0.14531	0.00000000464352	30	30
0.14529	0.00000000472672	30	30
0.14568	0.00000000459017	30	30
0.14548	0.00000000446401	30	30
0.14524	0.00000000445968	30	30
0.14557	0.00000000466797	30	30
0.14536	0.00000000450984	30	30
0.14066	0.00000000615315	30	30
0.15107	0.00000000474897	30	30
0.15164	0.00000000479305	30	30
0.15141	0.00000000460641	30	30
0.15102	0.00000000478422	30	30
0.15156	0.00000000496998	30	30
0.15124	0.00000000470883	30	30
0.15113	0.00000000477015	30	30
0.15176	0.00000000480249	30	30
0.15134	0.00000000504380	30	30
0.15112	0.00000000479674	30	30
0.15169	0.00000000481511	30	30
0.15148	0.00000000473380	30	30
0.15114	0.00000000478469	30	30
0.15154	0.00000000462169	30	30
0.15118	0.00000000465214	30	30
0.15129	0.00000000496241	30	30
0.12494	0.00000000478904	30	30
0.14538	0.00000000463146	30	30
0.14553	0.00000000442359	30	30
0.14521	0.00000000455141	30	30
0.14548	0.00000000459684	30	30
0.14542	0.00000000473838	30	30
0.14558	0.00000000457098	30	30
0.14515	0.00000000460105	30	30
0.14547	0.00000000473752	30	30
0.14537	0.00000000471092	30	30
0.14538	0.00000000464880	30	30
0.14561	0.00000000464927	30	30
0.14568	0.00000000459682	30	30
0.14510	0.00000000443792	30	30
0.14538	0.00000000445680	30	30
0.14556	0.00000000449284	30	30
0.14536	0.00000000475094	30	30
0.14537	0.00000000460613	30	30
0.14569	0.00000000459846	30	30
0.14515	0.00000000445416	30	30
0.14522	0.00000000462402	30	30
0.14574	0.00000000455873	30	30
0.14541	0.00000000477384	30	30
0.14514	0.00000000458478	30	30
0.14570	0.00000000462489	30	30
0.14539	0.00000000472306	30	30
0.14532	0.00000000473420	30	30
0.14557	0.00000000460179	30	30
0.14563	0.00000000444098	30	30
0.14513	0.00000000469437	30	30
0.14559	0.00000000446237	30	30
0.14548	0.00000000446860	30	30
0.14547	0.00000000464269	30	30
0.15014	0.00000000478623	30	30
0.15014	0.00000000470731	30	30
0.14920	0.00000000466620	30	30
0.15027	0.00000000476583	30	30
0.15008	0.00000000481203	30	30
0.14957	0.00000000480914	30	30
0.15060	0.00000000478887	30	30
0.14934	0.00000000483641	30	30
0.14855	0.00000000484173	30	30
0.14913	0.00000000475292	30	30
0.14908	0.00000000464161	30	30
0.14961	0.00000000472909	30	30
0.14986	0.00000000468221	30	30
0.14868	0.00000000454322	30	30
0.14918	0.00000000474594	30	30
0.14834	0.00000000469977	30	30
0.14525	0.00000000457977	30	30
0.14567	0.00000000446827	30	30
0.14540	0.00000000440040	30	30
0.14516	0.00000000470443	30	30
0.14563	0.00000000464420	30	30
0.14555	0.00000000451907	30	30
0.14505	0.00000000459127	30	30
0.14564	0.00000000468832	30	30
0.14542	0.00000000470548	30	30
0.14557	0.00000000459759	30	30
0.14567	0.00000000472491	30	30
0.14537	0.00000000459419	30	30
0.14528	0.00000000446218	30	30
0.14551	0.00000000441613	30	30
0.14546	0.00000000462650	30	30
0.14507	0.00000000451725	30	30
0.14564	0.00000000450653	30	30
0.14571	0.00000000469757	30	30
0.14510	0.00000000450405	30	30
0.14565	0.00000000442277	30	30
0.14520	0.00000000468266	30	30
0.14541	0.00000000467945	30	30
0.14546	0.00000000452865	30	30
0.14555	0.00000000457402	30	30
0.14521	0.00000000482622	30	30
0.14546	0.00000000462623	30	30
0.14530	0.00000000461287	30	30
0.14568	0.00000000476574	30	30
0.14535	0.00000000459752	30	30
0.14539	0.00000000449111	30	30
0.14549	0.00000000443531	30	30
0.14544	0.00000000467495	30	30
0.14508	0.00000000450634	30	30
0.14579	0.00000000453613	30	30
0.15138	0.00000000468127	30	30
0.15139	0.00000000460433	30	30
0.15111	0.00000000493593	30	30
0.15143	0.00000000477954	30	30
0.15142	0.00000000471928	30	30
0.15131	0.00000000476110	30	30
0.15133	0.00000000502177	30	30
0.15147	0.00000000476522	30	30
0.15126	0.00000000482703	30	30
0.15143	0.00000000504901	30	30
0.15142	0.00000000471821	30	30
0.15126	0.00000000468495	30	30
0.15153	0.00000000464781	30	30
0.15120	0.00000000480739	30	30
0.15138	0.00000000472505	30	30
0.15048	0.00000000472655	30	30
0.12531	0.00000000449950	30	30
0.14537	0.00000000449892	30	30
0.14552	0.00000000457555	30	30
0.14536	0.00000000459149	30	30
0.14537	0.00000000458820	30	30
0.14565	0.00000000456164	30	30
0.14503	0.00000000467671	30	30
0.14584	0.00000000470373	30	30
0.14548	0.00000000459843	30	30
0.14523	0.00000000461914	30	30
0.14551	0.00000000485164	30	30
0.14544	0.00000000458548	30	30
0.14534	0.00000000448220	30	30
0.14555	0.00000000457337	30	30
0.14546	0.00000000454772	30	30
0.14532	0.00000000449230	30	30
0.14554	0.00000000452135	30	30
0.14569	0.00000000449016	30	30
0.14545	0.00000000448642	30	30
0.14518	0.00000000453966	30	30
0.14547	0.00000000472097	30	30
0.14553	0.00000000454974	30	30
0.14516	0.00000000453952	30	30
0.14549	0.00000000481165	30	30
0.14566	0.00000000460473	30	30
0.14515	0.00000000460431	30	30
0.14553	0.00000000464920	30	30
0.14550	0.00000000480367	30	30
0.14524	0.00000000449138	30	30
0.14561	0.00000000450062	30	30
0.14540	0.00000000467348	30	30
0.14519	0.00000000442803	30	30
0.14565	0.00000000453541	30	30
=============================================================================

============================ Tabulate Statistics ============================
PWR_PKG_ENERGY	INST_RETIRED	TOR_OCCUPANCY	RR_OCCUPANCY	TIPI	L3_MISS	L2_MISS	TIME	
10326.674866	2127677597424	156624537263	156627775150	0.147227	3534271108	13810989982	64539.067111	
=============================================================================

============================ TIPI SLAB Statistics ============================

==============================================================================
===== Test PASSED in 0.0 msec =====
