
-----
mkdir timedrun fake

Running with these driver parameters:
  solver ID    = 1

  Laplacian_27pt:
    (Nx, Ny, Nz) = (256, 256, 1024)
    (Px, Py, Pz) = (1, 1, 1)

=============================================
Generate Matrix:
=============================================
Spatial Operator:
  wall clock time = 12.955633 seconds
  wall MFLOPS     = 0.000000
  cpu clock time  = 184.701235 seconds
  cpu MFLOPS      = 0.000000

  RHS vector has unit components
  Initial guess is 0
=============================================
IJ Vector Setup:
=============================================
RHS and Initial Guess:
  wall clock time = 0.556578 seconds
  wall MFLOPS     = 0.000000
  cpu clock time  = 3.987198 seconds
  cpu MFLOPS      = 0.000000

=============================================
Problem 1: AMG Setup Time:
=============================================
PCG Setup:
  wall clock time = 40.635834 seconds
  wall MFLOPS     = 0.000000
  cpu clock time  = 453.864050 seconds
  cpu MFLOPS      = 0.000000


FOM_Setup: nnz_AP / Setup Phase Time: 4.843607e+07

=============================================
Problem 1: AMG-PCG Solve Time:
=============================================
PCG Solve:
  wall clock time = 68.142385 seconds
  wall MFLOPS     = 0.000000
  cpu clock time  = 1340.819067 seconds
  cpu MFLOPS      = 0.000000


Iterations = 22
Final Relative Residual Norm = 9.755986e-09


FOM_Solve: nnz_AP * Iterations / Solve Phase Time: 6.354530e+08



Figure of Merit (FOM_1): 4.886988e+08


============================ Unprocessed Statistics ============================
TIPI	JPI	Uncore1	Uncore2
0.14898	0.00000000511623	30	30
0.14929	0.00000000519417	30	30
0.14839	0.00000000524517	30	30
0.14886	0.00000000508373	30	30
0.14880	0.00000000515138	30	30
0.14892	0.00000000512378	30	30
0.14860	0.00000000503517	30	30
0.14887	0.00000000510694	30	30
0.14885	0.00000000528967	30	30
0.14860	0.00000000528520	30	30
0.14903	0.00000000531826	30	30
0.14880	0.00000000538594	30	30
0.14919	0.00000000522599	30	30
0.14840	0.00000000535608	30	30
0.14899	0.00000000527496	30	30
0.14875	0.00000000516028	30	30
0.21570	0.00000005296424	30	30
0.14557	0.00000000503453	30	30
0.14534	0.00000000497161	30	30
0.14519	0.00000000499960	30	30
0.14574	0.00000000512947	30	30
0.14516	0.00000000495093	30	30
0.14583	0.00000000509538	30	30
0.14539	0.00000000508174	30	30
0.14534	0.00000000491279	30	30
0.14527	0.00000000500450	30	30
0.14523	0.00000000517746	30	30
0.14569	0.00000000517886	30	30
0.14534	0.00000000518682	30	30
0.14552	0.00000000514049	30	30
0.14547	0.00000000526786	30	30
0.14546	0.00000000515078	30	30
0.14544	0.00000000526551	30	30
0.14537	0.00000000507306	30	30
0.14557	0.00000000515239	30	30
0.14662	0.00000000427061	30	30
0.14554	0.00000000446827	30	30
0.14546	0.00000000432875	30	30
0.14552	0.00000000437311	30	30
0.14528	0.00000000431997	30	30
0.14552	0.00000000439790	30	30
0.14546	0.00000000417289	30	30
0.14513	0.00000000451256	30	30
0.14554	0.00000000437728	30	30
0.14594	0.00000000456467	30	30
0.14506	0.00000000447399	30	30
0.14530	0.00000000447139	30	30
0.14535	0.00000000441427	30	30
0.14557	0.00000000445422	30	30
0.14557	0.00000000444366	30	30
0.14538	0.00000000439586	30	30
0.14448	0.00000000426706	30	30
0.14703	0.00000000484537	30	30
0.15130	0.00000000450047	30	30
0.15110	0.00000000449195	30	30
0.15164	0.00000000450740	30	30
0.15096	0.00000000447587	30	30
0.15174	0.00000000460416	30	30
0.15145	0.00000000452315	30	30
0.15113	0.00000000431435	30	30
0.15112	0.00000000467241	30	30
0.15114	0.00000000454514	30	30
0.15177	0.00000000474224	30	30
0.15177	0.00000000461381	30	30
0.15105	0.00000000463945	30	30
0.15133	0.00000000455930	30	30
0.15139	0.00000000462316	30	30
0.15149	0.00000000471434	30	30
0.15126	0.00000000451447	30	30
0.10497	0.00000000473892	30	30
0.09245	0.00000000867541	30	30
0.12561	0.00000000452623	30	30
0.12509	0.00000000526885	30	30
0.14546	0.00000000421629	30	30
0.14542	0.00000000431235	30	30
0.14531	0.00000000434953	30	30
0.14544	0.00000000427587	30	30
0.14531	0.00000000436719	30	30
0.14552	0.00000000431781	30	30
0.14554	0.00000000426916	30	30
0.14509	0.00000000426899	30	30
0.14568	0.00000000447678	30	30
0.14535	0.00000000434234	30	30
0.14529	0.00000000455770	30	30
0.14561	0.00000000432872	30	30
0.14520	0.00000000451780	30	30
0.14561	0.00000000432019	30	30
0.14545	0.00000000452304	30	30
0.14521	0.00000000429495	30	30
0.14579	0.00000000444924	30	30
0.14564	0.00000000433358	30	30
0.14522	0.00000000432120	30	30
0.14556	0.00000000436535	30	30
0.14559	0.00000000430040	30	30
0.14513	0.00000000425019	30	30
0.14572	0.00000000444583	30	30
0.14542	0.00000000424540	30	30
0.14520	0.00000000418229	30	30
0.14547	0.00000000441249	30	30
0.14534	0.00000000446026	30	30
0.14554	0.00000000446230	30	30
0.14558	0.00000000440294	30	30
0.14519	0.00000000442286	30	30
0.14566	0.00000000441199	30	30
0.14516	0.00000000438881	30	30
0.14564	0.00000000440377	30	30
0.14545	0.00000000434862	30	30
0.14897	0.00000000457038	30	30
0.14931	0.00000000452810	30	30
0.14934	0.00000000454501	30	30
0.14880	0.00000000452602	30	30
0.14928	0.00000000441316	30	30
0.14924	0.00000000454810	30	30
0.14934	0.00000000451009	30	30
0.14909	0.00000000442503	30	30
0.14914	0.00000000439034	30	30
0.14897	0.00000000460361	30	30
0.14920	0.00000000461068	30	30
0.14921	0.00000000460908	30	30
0.14908	0.00000000446430	30	30
0.14924	0.00000000467259	30	30
0.14893	0.00000000447781	30	30
0.14943	0.00000000456729	30	30
0.14903	0.00000000452371	30	30
0.14245	0.00000000900843	30	30
0.14561	0.00000000431327	30	30
0.14529	0.00000000428507	30	30
0.14551	0.00000000431655	30	30
0.14522	0.00000000426237	30	30
0.14555	0.00000000419856	30	30
0.14546	0.00000000446623	30	30
0.14534	0.00000000413291	30	30
0.14555	0.00000000431721	30	30
0.14572	0.00000000423341	30	30
0.14499	0.00000000450001	30	30
0.14561	0.00000000431746	30	30
0.14532	0.00000000449378	30	30
0.14554	0.00000000428566	30	30
0.14561	0.00000000447439	30	30
0.14517	0.00000000427389	30	30
0.14565	0.00000000448949	30	30
0.14522	0.00000000421710	30	30
0.14520	0.00000000424998	30	30
0.14555	0.00000000430963	30	30
0.14546	0.00000000434919	30	30
0.14529	0.00000000429008	30	30
0.14553	0.00000000433200	30	30
0.14532	0.00000000427105	30	30
0.14557	0.00000000435006	30	30
0.14554	0.00000000422264	30	30
0.14499	0.00000000439506	30	30
0.14571	0.00000000434338	30	30
0.14522	0.00000000453524	30	30
0.14558	0.00000000434378	30	30
0.14550	0.00000000450825	30	30
0.14522	0.00000000430507	30	30
0.14556	0.00000000452028	30	30
0.14554	0.00000000430950	30	30
0.14526	0.00000000434998	30	30
0.15161	0.00000000451583	30	30
0.15125	0.00000000449263	30	30
0.15140	0.00000000451912	30	30
0.15110	0.00000000444192	30	30
0.15142	0.00000000464332	30	30
0.15150	0.00000000443239	30	30
0.15139	0.00000000453293	30	30
0.15135	0.00000000434169	30	30
0.15102	0.00000000472847	30	30
0.15156	0.00000000457652	30	30
0.15144	0.00000000475283	30	30
0.15126	0.00000000460921	30	30
0.15161	0.00000000460772	30	30
0.15109	0.00000000458533	30	30
0.15156	0.00000000463460	30	30
0.15173	0.00000000467084	30	30
0.14904	0.00000000441959	30	30
0.10482	0.00000000466168	30	30
0.12747	0.00000000488321	30	30
0.12504	0.00000000516814	30	30
0.14533	0.00000000435960	30	30
0.14545	0.00000000431708	30	30
0.14534	0.00000000425033	30	30
0.14594	0.00000000441146	30	30
0.14530	0.00000000420809	30	30
0.14520	0.00000000440493	30	30
0.14576	0.00000000426820	30	30
0.14528	0.00000000424746	30	30
0.14528	0.00000000434676	30	30
0.14543	0.00000000444296	30	30
0.14530	0.00000000444932	30	30
0.14561	0.00000000444586	30	30
0.14556	0.00000000440058	30	30
0.14522	0.00000000441351	30	30
0.14544	0.00000000442031	30	30
0.14538	0.00000000440824	30	30
0.14558	0.00000000438569	30	30
0.14566	0.00000000437429	30	30
0.14561	0.00000000421065	30	30
0.14518	0.00000000443721	30	30
0.14554	0.00000000422148	30	30
0.14515	0.00000000430492	30	30
0.14567	0.00000000441045	30	30
0.14555	0.00000000427242	30	30
0.14525	0.00000000425959	30	30
0.14542	0.00000000432682	30	30
0.14544	0.00000000444964	30	30
0.14527	0.00000000445142	30	30
0.14576	0.00000000443128	30	30
0.14525	0.00000000440377	30	30
0.14557	0.00000000442601	30	30
0.14535	0.00000000438336	30	30
0.14545	0.00000000443263	30	30
0.14549	0.00000000426760	30	30
0.14473	0.00000000445637	30	30
0.13602	0.00000000742675	30	30
0.14911	0.00000000453868	30	30
0.14891	0.00000000429368	30	30
0.14860	0.00000000455333	30	30
0.14904	0.00000000437594	30	30
0.14842	0.00000000445517	30	30
0.14930	0.00000000444703	30	30
0.14871	0.00000000434590	30	30
0.14864	0.00000000439314	30	30
0.14891	0.00000000456261	30	30
0.14860	0.00000000455011	30	30
0.14910	0.00000000459110	30	30
0.14887	0.00000000452932	30	30
0.14856	0.00000000453522	30	30
0.14909	0.00000000453454	30	30
0.14856	0.00000000452995	30	30
0.14986	0.00000000457514	30	30
0.14553	0.00000000421562	30	30
0.14514	0.00000000431035	30	30
0.14558	0.00000000433036	30	30
0.14542	0.00000000424304	30	30
0.14548	0.00000000432750	30	30
0.14561	0.00000000435237	30	30
0.14523	0.00000000423460	30	30
0.14547	0.00000000421274	30	30
0.14523	0.00000000435448	30	30
0.14549	0.00000000442578	30	30
0.14547	0.00000000442937	30	30
0.14526	0.00000000438837	30	30
0.14564	0.00000000439968	30	30
0.14542	0.00000000436659	30	30
0.14541	0.00000000440864	30	30
0.14546	0.00000000437208	30	30
0.14540	0.00000000433516	30	30
0.14522	0.00000000433248	30	30
0.14552	0.00000000432301	30	30
0.14533	0.00000000434913	30	30
0.14551	0.00000000431769	30	30
0.14546	0.00000000432789	30	30
0.14635	0.00000000436462	30	30
0.14607	0.00000000442243	30	30
0.14594	0.00000000418720	30	30
0.14591	0.00000000439680	30	30
0.14627	0.00000000450603	30	30
0.14594	0.00000000446830	30	30
0.14687	0.00000000451101	30	30
0.14639	0.00000000446506	30	30
0.14660	0.00000000448968	30	30
0.14638	0.00000000443941	30	30
0.14654	0.00000000446723	30	30
0.14651	0.00000000443800	30	30
0.14034	0.00000000630563	30	30
0.15265	0.00000000453713	30	30
0.15105	0.00000000444497	30	30
0.15162	0.00000000457845	30	30
0.15134	0.00000000445492	30	30
0.15143	0.00000000460361	30	30
0.15157	0.00000000442563	30	30
0.15105	0.00000000448986	30	30
0.15140	0.00000000464980	30	30
0.15156	0.00000000465200	30	30
0.15112	0.00000000468633	30	30
0.15154	0.00000000461544	30	30
0.15130	0.00000000470789	30	30
0.15158	0.00000000451463	30	30
0.15130	0.00000000471643	30	30
0.15142	0.00000000445872	30	30
0.14816	0.00000000465176	30	30
0.10493	0.00000000460932	30	30
0.10487	0.00000000459423	30	30
0.12513	0.00000000513659	30	30
0.14542	0.00000000433470	30	30
0.14540	0.00000000429820	30	30
0.14542	0.00000000438686	30	30
0.14552	0.00000000419101	30	30
0.14524	0.00000000443182	30	30
0.14563	0.00000000428505	30	30
0.14558	0.00000000436477	30	30
0.14514	0.00000000415530	30	30
0.14542	0.00000000437863	30	30
0.14519	0.00000000445880	30	30
0.14566	0.00000000445163	30	30
0.14550	0.00000000443108	30	30
0.14533	0.00000000452594	30	30
0.14557	0.00000000429194	30	30
0.14507	0.00000000441089	30	30
0.14562	0.00000000443739	30	30
0.14550	0.00000000435818	30	30
0.14550	0.00000000444663	30	30
0.14528	0.00000000422392	30	30
0.14555	0.00000000434924	30	30
0.14530	0.00000000430300	30	30
0.14554	0.00000000433296	30	30
0.14548	0.00000000438352	30	30
0.14526	0.00000000426404	30	30
0.14569	0.00000000426927	30	30
0.14531	0.00000000434205	30	30
0.14535	0.00000000448007	30	30
0.14555	0.00000000442206	30	30
0.14512	0.00000000443748	30	30
0.14565	0.00000000431696	30	30
0.14566	0.00000000449464	30	30
0.14519	0.00000000431116	30	30
0.14560	0.00000000451659	30	30
0.14525	0.00000000434836	30	30
0.14870	0.00000000453146	30	30
0.14863	0.00000000430401	30	30
0.14893	0.00000000455789	30	30
0.14863	0.00000000428090	30	30
0.14891	0.00000000458863	30	30
0.14909	0.00000000431653	30	30
0.14868	0.00000000446585	30	30
0.14896	0.00000000431959	30	30
0.14910	0.00000000465273	30	30
0.14846	0.00000000457552	30	30
0.14894	0.00000000457163	30	30
0.14866	0.00000000452778	30	30
0.14920	0.00000000452959	30	30
0.14847	0.00000000463046	30	30
0.14905	0.00000000444612	30	30
0.14991	0.00000000455189	30	30
0.14563	0.00000000441345	30	30
0.14525	0.00000000419676	30	30
0.14554	0.00000000434345	30	30
0.14524	0.00000000426093	30	30
0.14558	0.00000000433190	30	30
0.14554	0.00000000436167	30	30
0.14527	0.00000000424259	30	30
0.14556	0.00000000423472	30	30
0.14524	0.00000000437782	30	30
0.14551	0.00000000445593	30	30
0.14556	0.00000000431512	30	30
0.14517	0.00000000450786	30	30
0.14565	0.00000000428388	30	30
0.14569	0.00000000448147	30	30
0.14516	0.00000000429526	30	30
0.14553	0.00000000448644	30	30
0.14524	0.00000000423518	30	30
0.14532	0.00000000425097	30	30
0.14545	0.00000000441762	30	30
0.14538	0.00000000426437	30	30
0.14549	0.00000000441332	30	30
0.14540	0.00000000421752	30	30
0.14531	0.00000000451287	30	30
0.14559	0.00000000417384	30	30
0.14547	0.00000000426253	30	30
0.14517	0.00000000439617	30	30
0.14555	0.00000000445953	30	30
0.14518	0.00000000443760	30	30
0.14562	0.00000000446440	30	30
0.14560	0.00000000442168	30	30
0.14520	0.00000000440925	30	30
0.14556	0.00000000440606	30	30
0.14528	0.00000000443298	30	30
0.14555	0.00000000438602	30	30
0.15155	0.00000000456722	30	30
0.15118	0.00000000433983	30	30
0.15151	0.00000000457255	30	30
0.15118	0.00000000442184	30	30
0.15141	0.00000000448530	30	30
0.15138	0.00000000447552	30	30
0.15130	0.00000000439126	30	30
0.15132	0.00000000441832	30	30
0.15106	0.00000000459008	30	30
0.15163	0.00000000461585	30	30
0.15127	0.00000000460575	30	30
0.15135	0.00000000467689	30	30
0.15150	0.00000000445849	30	30
0.15123	0.00000000466729	30	30
0.15168	0.00000000457873	30	30
0.15123	0.00000000451960	30	30
0.10494	0.00000000470225	30	30
0.12796	0.00000000485021	30	30
0.12508	0.00000000513830	30	30
0.14535	0.00000000438188	30	30
0.14553	0.00000000436164	30	30
0.14525	0.00000000439088	30	30
0.14554	0.00000000435293	30	30
0.14548	0.00000000424457	30	30
0.14523	0.00000000456019	30	30
0.14564	0.00000000431479	30	30
0.14543	0.00000000430923	30	30
0.14548	0.00000000431484	30	30
0.14553	0.00000000459779	30	30
0.14514	0.00000000438371	30	30
0.14555	0.00000000458915	30	30
0.14540	0.00000000437214	30	30
0.14551	0.00000000456014	30	30
0.14559	0.00000000434814	30	30
0.14505	0.00000000458923	30	30
0.14579	0.00000000430428	30	30
0.14486	0.00000000449178	30	30
0.14551	0.00000000425587	30	30
0.14528	0.00000000442446	30	30
0.14567	0.00000000424352	30	30
0.14540	0.00000000443482	30	30
0.14529	0.00000000419840	30	30
0.14557	0.00000000438955	30	30
0.14534	0.00000000431938	30	30
0.14538	0.00000000426843	30	30
0.14546	0.00000000432263	30	30
0.14521	0.00000000444550	30	30
0.14559	0.00000000446717	30	30
0.14561	0.00000000443966	30	30
0.14526	0.00000000443508	30	30
0.14555	0.00000000442022	30	30
0.14534	0.00000000438911	30	30
0.14550	0.00000000443581	30	30
0.14571	0.00000000439188	30	30
0.14510	0.00000000424923	30	30
0.14900	0.00000000429229	30	30
0.14879	0.00000000446784	30	30
0.14890	0.00000000432681	30	30
0.14872	0.00000000446127	30	30
0.14864	0.00000000444599	30	30
0.14918	0.00000000448546	30	30
0.14891	0.00000000434984	30	30
0.14846	0.00000000439585	30	30
0.14883	0.00000000455900	30	30
0.14873	0.00000000457537	30	30
0.14907	0.00000000458404	30	30
0.14888	0.00000000454946	30	30
0.14891	0.00000000464725	30	30
0.14868	0.00000000441900	30	30
0.14871	0.00000000466004	30	30
0.14977	0.00000000447159	30	30
0.14522	0.00000000441753	30	30
0.14570	0.00000000421455	30	30
0.14523	0.00000000442015	30	30
0.14550	0.00000000420099	30	30
0.14545	0.00000000428726	30	30
0.14541	0.00000000437832	30	30
0.14534	0.00000000425894	30	30
0.14553	0.00000000423082	30	30
0.14521	0.00000000434894	30	30
0.14540	0.00000000445149	30	30
0.14562	0.00000000444380	30	30
0.14516	0.00000000442303	30	30
0.14557	0.00000000429937	30	30
0.14534	0.00000000449788	30	30
0.14548	0.00000000429685	30	30
0.14547	0.00000000451929	30	30
0.14536	0.00000000424771	30	30
0.14531	0.00000000431696	30	30
0.14560	0.00000000436280	30	30
0.14524	0.00000000441299	30	30
0.14558	0.00000000437297	30	30
0.14538	0.00000000437503	30	30
0.14539	0.00000000445311	30	30
0.14555	0.00000000435746	30	30
0.14536	0.00000000420921	30	30
0.14542	0.00000000453189	30	30
0.14542	0.00000000441845	30	30
0.14532	0.00000000460404	30	30
0.14576	0.00000000440808	30	30
0.14562	0.00000000458077	30	30
0.14531	0.00000000435788	30	30
0.14554	0.00000000456298	30	30
0.14522	0.00000000436384	30	30
0.14570	0.00000000455324	30	30
0.15135	0.00000000448020	30	30
0.15137	0.00000000445603	30	30
0.15137	0.00000000448117	30	30
0.15129	0.00000000443411	30	30
0.15139	0.00000000447705	30	30
0.15156	0.00000000453211	30	30
0.15134	0.00000000438821	30	30
0.15115	0.00000000442902	30	30
0.15115	0.00000000474333	30	30
0.15170	0.00000000467789	30	30
0.15120	0.00000000465761	30	30
0.15142	0.00000000461356	30	30
0.15140	0.00000000464502	30	30
0.15134	0.00000000460705	30	30
0.15167	0.00000000461613	30	30
0.15112	0.00000000469402	30	30
0.15142	0.00000000446121	30	30
0.10485	0.00000000466666	30	30
0.12436	0.00000000443574	30	30
0.12420	0.00000000506277	30	30
0.14552	0.00000000425387	30	30
0.14547	0.00000000430781	30	30
0.14519	0.00000000433453	30	30
0.14568	0.00000000439893	30	30
0.14560	0.00000000434058	30	30
0.14508	0.00000000444622	30	30
0.14559	0.00000000436683	30	30
0.14527	0.00000000417384	30	30
0.14545	0.00000000450323	30	30
0.14543	0.00000000438732	30	30
0.14522	0.00000000459532	30	30
0.14570	0.00000000440797	30	30
0.14528	0.00000000457323	30	30
0.14549	0.00000000437602	30	30
0.14544	0.00000000457396	30	30
0.14526	0.00000000437144	30	30
0.14565	0.00000000454644	30	30
0.14597	0.00000000430201	30	30
0.14534	0.00000000433302	30	30
0.14549	0.00000000437116	30	30
0.14542	0.00000000432285	30	30
0.14528	0.00000000432968	30	30
0.14554	0.00000000427909	30	30
0.14546	0.00000000446888	30	30
0.14554	0.00000000417022	30	30
0.14544	0.00000000428485	30	30
0.14505	0.00000000444548	30	30
0.14578	0.00000000447758	30	30
0.14550	0.00000000444314	30	30
0.14526	0.00000000442475	30	30
0.14547	0.00000000442978	30	30
0.14547	0.00000000440070	30	30
0.14546	0.00000000440171	30	30
0.14578	0.00000000442047	30	30
0.14506	0.00000000434625	30	30
0.14904	0.00000000446114	30	30
0.14866	0.00000000441602	30	30
0.14902	0.00000000446421	30	30
0.14903	0.00000000438899	30	30
0.14851	0.00000000443262	30	30
0.14927	0.00000000459616	30	30
0.14859	0.00000000425363	30	30
0.14872	0.00000000447909	30	30
0.14880	0.00000000443100	30	30
0.14873	0.00000000469942	30	30
0.14897	0.00000000447614	30	30
0.14896	0.00000000465309	30	30
0.14918	0.00000000455636	30	30
0.14878	0.00000000453434	30	30
0.14855	0.00000000455049	30	30
0.14975	0.00000000448734	30	30
0.14660	0.00000000590067	30	30
0.14535	0.00000000442241	30	30
0.14573	0.00000000420150	30	30
0.14545	0.00000000441861	30	30
0.14533	0.00000000419792	30	30
0.14546	0.00000000436556	30	30
0.14507	0.00000000427252	30	30
0.14573	0.00000000428119	30	30
0.14542	0.00000000422869	30	30
0.14523	0.00000000434513	30	30
0.14544	0.00000000442680	30	30
0.14528	0.00000000441797	30	30
0.14554	0.00000000443476	30	30
0.14546	0.00000000439824	30	30
0.14533	0.00000000440011	30	30
0.14556	0.00000000437888	30	30
0.14530	0.00000000441977	30	30
0.14558	0.00000000435678	30	30
0.14485	0.00000000434457	30	30
0.14549	0.00000000426402	30	30
0.14559	0.00000000442102	30	30
0.14518	0.00000000424180	30	30
0.14574	0.00000000434082	30	30
0.14534	0.00000000429528	30	30
0.14548	0.00000000441486	30	30
0.14545	0.00000000430523	30	30
0.14521	0.00000000425020	30	30
0.14552	0.00000000433557	30	30
0.14550	0.00000000444072	30	30
0.14525	0.00000000446806	30	30
0.14547	0.00000000446067	30	30
0.14541	0.00000000441782	30	30
0.14559	0.00000000442861	30	30
0.14544	0.00000000440294	30	30
0.14523	0.00000000440869	30	30
0.14572	0.00000000442145	30	30
0.14532	0.00000000433391	30	30
0.15165	0.00000000439850	30	30
0.15131	0.00000000462970	30	30
0.15129	0.00000000449501	30	30
0.15132	0.00000000449213	30	30
0.15147	0.00000000458609	30	30
0.15136	0.00000000445835	30	30
0.15136	0.00000000441841	30	30
0.15119	0.00000000462612	30	30
0.15135	0.00000000476246	30	30
0.15126	0.00000000456279	30	30
0.15160	0.00000000473811	30	30
0.15128	0.00000000462844	30	30
0.15149	0.00000000462231	30	30
0.15145	0.00000000461613	30	30
0.15124	0.00000000460910	30	30
0.15149	0.00000000452095	30	30
0.10510	0.00000000479686	30	30
0.12498	0.00000000510719	30	30
0.14526	0.00000000433568	30	30
0.14560	0.00000000421800	30	30
0.14585	0.00000000443279	30	30
0.14495	0.00000000418746	30	30
0.14546	0.00000000448273	30	30
0.14533	0.00000000423507	30	30
0.14553	0.00000000424398	30	30
0.14539	0.00000000428755	30	30
0.14513	0.00000000455801	30	30
0.14571	0.00000000435302	30	30
0.14551	0.00000000457416	30	30
0.14548	0.00000000430529	30	30
0.14549	0.00000000452895	30	30
0.14538	0.00000000431319	30	30
0.14549	0.00000000451142	30	30
0.14537	0.00000000430524	30	30
0.14546	0.00000000445693	30	30
0.14555	0.00000000437712	30	30
0.14541	0.00000000423352	30	30
0.14537	0.00000000447805	30	30
0.14595	0.00000000420552	30	30
0.14518	0.00000000444029	30	30
0.14559	0.00000000430748	30	30
0.14548	0.00000000426880	30	30
0.14528	0.00000000427868	30	30
0.14538	0.00000000440788	30	30
0.14698	0.00000000451630	30	30
0.14547	0.00000000447061	30	30
0.14581	0.00000000447235	30	30
0.14614	0.00000000446664	30	30
0.14611	0.00000000446206	30	30
0.14585	0.00000000447641	30	30
0.14667	0.00000000448717	30	30
0.14649	0.00000000441949	30	30
0.14919	0.00000000429746	30	30
0.14883	0.00000000446444	30	30
0.14870	0.00000000434369	30	30
0.14900	0.00000000450394	30	30
0.14887	0.00000000445063	30	30
0.15081	0.00000000451632	30	30
0.14944	0.00000000438678	30	30
0.14852	0.00000000452804	30	30
0.14901	0.00000000448492	30	30
0.14889	0.00000000467955	30	30
0.14878	0.00000000459665	30	30
0.14894	0.00000000454959	30	30
0.14874	0.00000000453617	30	30
0.14902	0.00000000457123	30	30
0.14910	0.00000000453137	30	30
0.14935	0.00000000447959	30	30
0.14550	0.00000000421591	30	30
0.14527	0.00000000440989	30	30
0.14578	0.00000000432327	30	30
0.14539	0.00000000429515	30	30
0.14511	0.00000000419765	30	30
0.14554	0.00000000448156	30	30
0.14560	0.00000000414336	30	30
0.14532	0.00000000432341	30	30
0.14541	0.00000000424371	30	30
0.14528	0.00000000454295	30	30
0.14552	0.00000000431413	30	30
0.14524	0.00000000451628	30	30
0.14553	0.00000000431621	30	30
0.14559	0.00000000449346	30	30
0.14530	0.00000000428502	30	30
0.14552	0.00000000451708	30	30
0.14556	0.00000000427292	30	30
0.14473	0.00000000439535	30	30
0.14547	0.00000000437291	30	30
0.14545	0.00000000438810	30	30
0.14535	0.00000000438746	30	30
0.14559	0.00000000435857	30	30
0.14551	0.00000000445594	30	30
0.14531	0.00000000437612	30	30
0.14545	0.00000000420786	30	30
0.14522	0.00000000445176	30	30
0.14563	0.00000000440157	30	30
0.14553	0.00000000462373	30	30
0.14514	0.00000000439531	30	30
0.14551	0.00000000458139	30	30
0.14537	0.00000000435856	30	30
0.14580	0.00000000457614	30	30
0.14543	0.00000000436738	30	30
0.14538	0.00000000455802	30	30
0.14552	0.00000000431444	30	30
0.15111	0.00000000435697	30	30
0.15158	0.00000000456921	30	30
0.15148	0.00000000459691	30	30
0.15120	0.00000000445629	30	30
0.15168	0.00000000444308	30	30
0.15096	0.00000000455937	30	30
0.15155	0.00000000466932	30	30
0.15156	0.00000000464580	30	30
0.15094	0.00000000475238	30	30
0.15166	0.00000000453583	30	30
0.15095	0.00000000472327	30	30
0.15197	0.00000000463337	30	30
0.15147	0.00000000462284	30	30
0.15125	0.00000000454194	30	30
0.14537	0.00000000435789	30	30
0.14546	0.00000000420261	30	30
0.14534	0.00000000442827	30	30
0.14549	0.00000000420104	30	30
0.14548	0.00000000444295	30	30
0.14537	0.00000000428901	30	30
0.14567	0.00000000424327	30	30
0.14515	0.00000000424970	30	30
0.14543	0.00000000443648	30	30
0.14557	0.00000000447234	30	30
0.14513	0.00000000445340	30	30
0.14577	0.00000000442680	30	30
0.14549	0.00000000443369	30	30
0.14529	0.00000000441132	30	30
0.14543	0.00000000445098	30	30
0.14529	0.00000000447226	30	30
0.14565	0.00000000440574	30	30
0.14558	0.00000000434553	30	30
0.14556	0.00000000434806	30	30
0.14523	0.00000000426284	30	30
0.14562	0.00000000440231	30	30
0.14533	0.00000000426506	30	30
0.14550	0.00000000442936	30	30
0.14545	0.00000000417444	30	30
0.14507	0.00000000430315	30	30
0.14554	0.00000000445692	30	30
0.14526	0.00000000444905	30	30
0.14558	0.00000000446653	30	30
0.14534	0.00000000443803	30	30
0.14544	0.00000000444373	30	30
0.14551	0.00000000441084	30	30
0.14552	0.00000000441826	30	30
0.14534	0.00000000441401	30	30
0.14543	0.00000000436939	30	30
0.14881	0.00000000439039	30	30
0.14894	0.00000000437017	30	30
0.14870	0.00000000446010	30	30
0.14890	0.00000000441972	30	30
0.14887	0.00000000443783	30	30
0.14878	0.00000000447226	30	30
0.14907	0.00000000437611	30	30
0.14855	0.00000000445720	30	30
0.14888	0.00000000455877	30	30
0.14883	0.00000000458757	30	30
0.14850	0.00000000458553	30	30
0.14912	0.00000000455252	30	30
0.14942	0.00000000453314	30	30
0.14807	0.00000000453412	30	30
0.14950	0.00000000466382	30	30
0.14912	0.00000000447837	30	30
0.14552	0.00000000442403	30	30
0.14523	0.00000000419708	30	30
0.14564	0.00000000434191	30	30
0.14546	0.00000000429026	30	30
0.14529	0.00000000429954	30	30
0.14558	0.00000000438499	30	30
0.14542	0.00000000425607	30	30
0.14536	0.00000000424364	30	30
0.14532	0.00000000432169	30	30
0.14529	0.00000000443073	30	30
0.14557	0.00000000442872	30	30
0.14544	0.00000000444137	30	30
0.14526	0.00000000441732	30	30
0.14564	0.00000000440770	30	30
0.14523	0.00000000428310	30	30
0.14556	0.00000000453229	30	30
0.14558	0.00000000426012	30	30
0.14402	0.00000000444172	30	30
0.14523	0.00000000434054	30	30
0.14549	0.00000000434367	30	30
0.14541	0.00000000435304	30	30
0.14566	0.00000000430358	30	30
0.14535	0.00000000438737	30	30
0.14533	0.00000000433903	30	30
0.14557	0.00000000425754	30	30
0.14538	0.00000000432181	30	30
0.14533	0.00000000444108	30	30
0.14551	0.00000000445585	30	30
0.14518	0.00000000448048	30	30
0.14562	0.00000000442159	30	30
0.14566	0.00000000443196	30	30
0.14510	0.00000000441768	30	30
0.14556	0.00000000441645	30	30
0.14531	0.00000000440552	30	30
0.14554	0.00000000425656	30	30
0.15110	0.00000000440962	30	30
0.15147	0.00000000462952	30	30
0.15175	0.00000000452550	30	30
0.15093	0.00000000448600	30	30
0.15153	0.00000000457929	30	30
0.15110	0.00000000445388	30	30
0.15169	0.00000000443883	30	30
0.15117	0.00000000457037	30	30
0.15118	0.00000000466488	30	30
0.15160	0.00000000466917	30	30
0.15118	0.00000000476512	30	30
0.15157	0.00000000453225	30	30
0.15136	0.00000000472114	30	30
0.15124	0.00000000463396	30	30
0.15150	0.00000000460696	30	30
0.15124	0.00000000455118	30	30
0.10498	0.00000000472661	30	30
0.12510	0.00000000503955	30	30
0.18077	0.00000000639329	30	30
0.14529	0.00000000437414	30	30
0.14551	0.00000000432767	30	30
0.14532	0.00000000436726	30	30
0.14545	0.00000000422475	30	30
0.14552	0.00000000445450	30	30
0.14529	0.00000000427060	30	30
0.14561	0.00000000437166	30	30
0.14529	0.00000000418483	30	30
0.14519	0.00000000444403	30	30
0.14573	0.00000000448432	30	30
0.14527	0.00000000446408	30	30
0.14566	0.00000000443596	30	30
0.14538	0.00000000443857	30	30
0.14553	0.00000000444404	30	30
0.14555	0.00000000442684	30	30
0.14551	0.00000000441767	30	30
0.14547	0.00000000437773	30	30
0.14566	0.00000000436694	30	30
0.14538	0.00000000433462	30	30
0.14530	0.00000000435537	30	30
0.14560	0.00000000431047	30	30
0.14522	0.00000000434161	30	30
0.14550	0.00000000440978	30	30
0.14557	0.00000000417897	30	30
0.14526	0.00000000436903	30	30
0.14544	0.00000000431521	30	30
0.14545	0.00000000447642	30	30
0.14522	0.00000000447286	30	30
0.14557	0.00000000442666	30	30
0.14525	0.00000000445104	30	30
0.14573	0.00000000443683	30	30
0.14547	0.00000000441386	30	30
0.14522	0.00000000442873	30	30
0.14559	0.00000000437619	30	30
0.14919	0.00000000456683	30	30
0.14868	0.00000000442145	30	30
0.14883	0.00000000445967	30	30
0.14885	0.00000000438792	30	30
0.14869	0.00000000452315	30	30
0.14912	0.00000000439424	30	30
0.14879	0.00000000436346	30	30
0.14851	0.00000000449980	30	30
0.14900	0.00000000459299	30	30
0.14829	0.00000000467563	30	30
0.14943	0.00000000448002	30	30
0.14889	0.00000000465754	30	30
0.14866	0.00000000453504	30	30
0.14897	0.00000000456369	30	30
0.14880	0.00000000453057	30	30
0.14945	0.00000000445072	30	30
0.14560	0.00000000423692	30	30
0.14530	0.00000000438786	30	30
0.14549	0.00000000424334	30	30
0.14560	0.00000000429707	30	30
0.14525	0.00000000428638	30	30
0.14551	0.00000000438180	30	30
0.14544	0.00000000427807	30	30
0.14531	0.00000000425411	30	30
0.14532	0.00000000433035	30	30
0.14537	0.00000000442338	30	30
0.14556	0.00000000443903	30	30
0.14555	0.00000000445036	30	30
0.14516	0.00000000441674	30	30
0.14576	0.00000000440112	30	30
0.14513	0.00000000439693	30	30
0.14564	0.00000000441923	30	30
0.14542	0.00000000436961	30	30
0.14530	0.00000000425846	30	30
0.14553	0.00000000435111	30	30
0.14538	0.00000000434626	30	30
0.14535	0.00000000424707	30	30
0.14559	0.00000000442622	30	30
0.14536	0.00000000437705	30	30
0.14531	0.00000000434204	30	30
0.14559	0.00000000419267	30	30
0.14517	0.00000000428334	30	30
0.14547	0.00000000445348	30	30
0.14547	0.00000000445885	30	30
0.14532	0.00000000448144	30	30
0.14571	0.00000000442333	30	30
0.14534	0.00000000442671	30	30
0.14532	0.00000000442621	30	30
0.14546	0.00000000443113	30	30
0.14535	0.00000000441099	30	30
0.14561	0.00000000437403	30	30
0.15126	0.00000000447482	30	30
0.15150	0.00000000447268	30	30
0.15171	0.00000000449293	30	30
0.15109	0.00000000447457	30	30
0.15126	0.00000000459999	30	30
0.15131	0.00000000447120	30	30
0.15159	0.00000000445244	30	30
0.15102	0.00000000453920	30	30
0.15139	0.00000000467759	30	30
0.15151	0.00000000477285	30	30
0.15119	0.00000000465177	30	30
0.15148	0.00000000464043	30	30
0.15164	0.00000000462481	30	30
0.15117	0.00000000463564	30	30
0.15160	0.00000000462200	30	30
0.15096	0.00000000454545	30	30
0.10422	0.00000000484779	30	30
0.14511	0.00000000434232	30	30
0.14563	0.00000000433080	30	30
0.14546	0.00000000434604	30	30
0.14527	0.00000000431671	30	30
0.14551	0.00000000434879	30	30
0.14538	0.00000000439424	30	30
0.14548	0.00000000426295	30	30
0.14555	0.00000000428834	30	30
0.14502	0.00000000431482	30	30
0.14554	0.00000000458834	30	30
0.14538	0.00000000434957	30	30
0.14550	0.00000000454105	30	30
0.14576	0.00000000432790	30	30
0.14508	0.00000000450476	30	30
0.14553	0.00000000434275	30	30
0.14531	0.00000000450786	30	30
0.14556	0.00000000427422	30	30
0.14569	0.00000000436103	30	30
0.14579	0.00000000432888	30	30
0.14488	0.00000000435363	30	30
0.14570	0.00000000431691	30	30
0.14505	0.00000000423292	30	30
0.14580	0.00000000441981	30	30
0.14544	0.00000000428482	30	30
0.14526	0.00000000426573	30	30
0.14550	0.00000000439023	30	30
0.14525	0.00000000446421	30	30
0.14547	0.00000000448050	30	30
0.14543	0.00000000444062	30	30
0.14527	0.00000000442862	30	30
0.14565	0.00000000443756	30	30
0.14534	0.00000000443412	30	30
0.14534	0.00000000443349	30	30
0.14557	0.00000000438596	30	30
0.14924	0.00000000455990	30	30
0.14860	0.00000000432063	30	30
0.14896	0.00000000458301	30	30
0.14897	0.00000000440488	30	30
0.14837	0.00000000449206	30	30
0.14919	0.00000000442241	30	30
0.14901	0.00000000437001	30	30
0.14844	0.00000000445580	30	30
0.14871	0.00000000459287	30	30
0.14875	0.00000000468487	30	30
0.14917	0.00000000447671	30	30
0.14869	0.00000000466228	30	30
0.14892	0.00000000443635	30	30
0.14867	0.00000000465409	30	30
0.14939	0.00000000453558	30	30
0.14940	0.00000000453513	30	30
0.24868	0.00000001194226	30	30
0.14544	0.00000000422695	30	30
0.14518	0.00000000441784	30	30
0.14564	0.00000000425584	30	30
0.14535	0.00000000437224	30	30
0.14537	0.00000000426023	30	30
0.14564	0.00000000435844	30	30
0.14533	0.00000000424113	30	30
0.14541	0.00000000424085	30	30
0.14544	0.00000000439942	30	30
0.14534	0.00000000444597	30	30
0.14559	0.00000000444927	30	30
0.14526	0.00000000440677	30	30
0.14556	0.00000000441211	30	30
0.14551	0.00000000439402	30	30
0.14509	0.00000000441280	30	30
0.14569	0.00000000440471	30	30
0.14549	0.00000000432390	30	30
0.14527	0.00000000425270	30	30
0.14560	0.00000000433804	30	30
0.14559	0.00000000436202	30	30
0.14542	0.00000000430931	30	30
0.14545	0.00000000432073	30	30
0.14535	0.00000000440154	30	30
0.14550	0.00000000427567	30	30
0.14579	0.00000000424197	30	30
0.14483	0.00000000440148	30	30
0.14553	0.00000000447067	30	30
0.14528	0.00000000443730	30	30
0.14562	0.00000000445715	30	30
0.14547	0.00000000443688	30	30
0.14526	0.00000000440471	30	30
0.14545	0.00000000442631	30	30
0.14556	0.00000000443340	30	30
0.14548	0.00000000438119	30	30
0.15134	0.00000000461433	30	30
0.15125	0.00000000451889	30	30
0.15188	0.00000000453200	30	30
0.15105	0.00000000449076	30	30
0.15167	0.00000000462375	30	30
0.15138	0.00000000455587	30	30
0.15134	0.00000000435415	30	30
0.15108	0.00000000468660	30	30
0.15202	0.00000000480876	30	30
0.15216	0.00000000468869	30	30
0.15208	0.00000000468361	30	30
0.15189	0.00000000465828	30	30
0.15247	0.00000000459657	30	30
0.10676	0.00000000476693	30	30
0.14552	0.00000000435721	30	30
0.14529	0.00000000431783	30	30
0.14563	0.00000000434354	30	30
0.14547	0.00000000433420	30	30
0.14536	0.00000000431648	30	30
0.14546	0.00000000440030	30	30
0.14535	0.00000000430517	30	30
0.14562	0.00000000426470	30	30
0.14542	0.00000000432652	30	30
0.14517	0.00000000445699	30	30
0.14562	0.00000000446398	30	30
0.14539	0.00000000446535	30	30
0.14536	0.00000000442453	30	30
0.14552	0.00000000443823	30	30
0.14526	0.00000000441546	30	30
0.14569	0.00000000443254	30	30
0.14557	0.00000000440672	30	30
0.14536	0.00000000436223	30	30
0.14555	0.00000000441021	30	30
0.14557	0.00000000439798	30	30
0.14515	0.00000000440051	30	30
0.14561	0.00000000437416	30	30
0.14515	0.00000000442545	30	30
0.14563	0.00000000441754	30	30
0.14562	0.00000000421851	30	30
0.14504	0.00000000441877	30	30
0.14555	0.00000000449478	30	30
0.14598	0.00000000452188	30	30
0.14484	0.00000000452487	30	30
0.14558	0.00000000448687	30	30
0.14519	0.00000000446232	30	30
0.14568	0.00000000448358	30	30
0.14549	0.00000000448799	30	30
0.14535	0.00000000447334	30	30
0.14558	0.00000000440335	30	30
0.14920	0.00000000445018	30	30
0.14893	0.00000000456259	30	30
0.14886	0.00000000433348	30	30
0.14864	0.00000000452638	30	30
0.14868	0.00000000452946	30	30
0.14911	0.00000000437019	30	30
0.14921	0.00000000435366	30	30
0.14866	0.00000000461159	30	30
0.14924	0.00000000455340	30	30
0.14879	0.00000000456764	30	30
0.14876	0.00000000465427	30	30
0.14891	0.00000000444482	30	30
0.14935	0.00000000461730	30	30
0.14891	0.00000000443826	30	30
0.14524	0.00000000432962	30	30
0.14562	0.00000000435807	30	30
0.14537	0.00000000430943	30	30
0.14537	0.00000000434541	30	30
0.14552	0.00000000428164	30	30
0.14541	0.00000000439866	30	30
0.14535	0.00000000430397	30	30
0.14556	0.00000000425592	30	30
0.14500	0.00000000420759	30	30
0.14557	0.00000000456967	30	30
0.14563	0.00000000434274	30	30
0.14519	0.00000000455266	30	30
0.14564	0.00000000431529	30	30
0.14529	0.00000000450556	30	30
0.14547	0.00000000431434	30	30
0.14550	0.00000000451834	30	30
0.14528	0.00000000428242	30	30
0.14518	0.00000000436492	30	30
0.14562	0.00000000435553	30	30
0.14525	0.00000000434484	30	30
0.14555	0.00000000436756	30	30
0.14547	0.00000000430578	30	30
0.14528	0.00000000440679	30	30
0.14564	0.00000000433855	30	30
0.14549	0.00000000426382	30	30
0.14512	0.00000000432948	30	30
0.14547	0.00000000436201	30	30
0.14533	0.00000000457074	30	30
0.14556	0.00000000447810	30	30
0.14559	0.00000000441918	30	30
0.14528	0.00000000434629	30	30
0.14556	0.00000000452030	30	30
0.14513	0.00000000432079	30	30
0.14570	0.00000000451979	30	30
0.14542	0.00000000425772	30	30
0.15180	0.00000000447109	30	30
0.15132	0.00000000452093	30	30
0.15144	0.00000000452990	30	30
0.15132	0.00000000447934	30	30
0.15099	0.00000000459815	30	30
0.15179	0.00000000448581	30	30
0.15150	0.00000000442953	30	30
0.15070	0.00000000459104	30	30
0.15158	0.00000000478893	30	30
0.15105	0.00000000455251	30	30
0.15183	0.00000000479100	30	30
0.15158	0.00000000462591	30	30
0.15091	0.00000000462316	30	30
0.15141	0.00000000463148	30	30
0.15140	0.00000000463032	30	30
0.15154	0.00000000464923	30	30
0.14576	0.00000000436358	30	30
0.14552	0.00000000432498	30	30
0.14548	0.00000000436941	30	30
0.14540	0.00000000429275	30	30
0.14534	0.00000000434915	30	30
0.14555	0.00000000439418	30	30
0.14597	0.00000000424264	30	30
0.14479	0.00000000425451	30	30
0.14550	0.00000000444018	30	30
0.14514	0.00000000446014	30	30
0.14555	0.00000000447336	30	30
0.14574	0.00000000443739	30	30
0.14509	0.00000000445513	30	30
0.14564	0.00000000440824	30	30
0.14518	0.00000000442311	30	30
0.14546	0.00000000444733	30	30
0.14566	0.00000000436628	30	30
0.14544	0.00000000433697	30	30
0.14516	0.00000000433109	30	30
0.14567	0.00000000436782	30	30
0.14517	0.00000000419804	30	30
0.14548	0.00000000449967	30	30
0.14557	0.00000000422360	30	30
0.14523	0.00000000426977	30	30
0.14541	0.00000000434734	30	30
0.14528	0.00000000443639	30	30
0.14556	0.00000000446316	30	30
0.14556	0.00000000447845	30	30
0.14519	0.00000000444079	30	30
0.14565	0.00000000443496	30	30
0.14545	0.00000000441806	30	30
0.14529	0.00000000444636	30	30
0.14547	0.00000000440530	30	30
0.14528	0.00000000435470	30	30
0.14922	0.00000000448528	30	30
0.14893	0.00000000441745	30	30
0.14862	0.00000000445421	30	30
0.14889	0.00000000443715	30	30
0.14854	0.00000000444701	30	30
0.14940	0.00000000451090	30	30
0.14872	0.00000000445167	30	30
0.14858	0.00000000437987	30	30
0.14892	0.00000000457753	30	30
0.14859	0.00000000457939	30	30
0.14870	0.00000000461390	30	30
0.14909	0.00000000455547	30	30
0.14887	0.00000000458274	30	30
0.14891	0.00000000453709	30	30
0.14865	0.00000000454273	30	30
0.14968	0.00000000459294	30	30
0.14725	0.00000000624274	30	30
0.14530	0.00000000433971	30	30
0.14556	0.00000000431918	30	30
0.14548	0.00000000433590	30	30
0.14530	0.00000000432363	30	30
0.14559	0.00000000419504	30	30
0.14576	0.00000000449577	30	30
0.14509	0.00000000416955	30	30
0.14544	0.00000000435081	30	30
0.14511	0.00000000422232	30	30
0.14560	0.00000000458039	30	30
0.14574	0.00000000431884	30	30
0.14515	0.00000000454714	30	30
0.14552	0.00000000431951	30	30
0.14529	0.00000000450366	30	30
0.14553	0.00000000430885	30	30
0.14562	0.00000000451919	30	30
0.14525	0.00000000425418	30	30
0.14441	0.00000000445428	30	30
0.14538	0.00000000444536	30	30
0.14525	0.00000000425388	30	30
0.14574	0.00000000446618	30	30
0.14552	0.00000000420179	30	30
0.14523	0.00000000441293	30	30
0.14562	0.00000000431550	30	30
0.14518	0.00000000425693	30	30
0.14560	0.00000000433152	30	30
0.14553	0.00000000446210	30	30
0.14507	0.00000000446620	30	30
0.14561	0.00000000449202	30	30
0.14568	0.00000000440502	30	30
0.14521	0.00000000443673	30	30
0.14554	0.00000000442158	30	30
0.14528	0.00000000442273	30	30
0.14552	0.00000000441082	30	30
0.14525	0.00000000434582	30	30
0.15170	0.00000000452639	30	30
0.15108	0.00000000452599	30	30
0.15168	0.00000000454608	30	30
0.15135	0.00000000449384	30	30
0.15118	0.00000000460281	30	30
0.15161	0.00000000448598	30	30
0.15126	0.00000000454110	30	30
0.15109	0.00000000445806	30	30
0.15136	0.00000000478879	30	30
0.15137	0.00000000468178	30	30
0.15145	0.00000000466318	30	30
0.15125	0.00000000462951	30	30
0.15155	0.00000000464575	30	30
0.15140	0.00000000463389	30	30
0.15120	0.00000000463226	30	30
0.15155	0.00000000468593	30	30
0.10495	0.00000000479009	30	30
0.12498	0.00000000529808	30	30
0.14550	0.00000000424764	30	30
0.14511	0.00000000441854	30	30
0.14573	0.00000000428537	30	30
0.14551	0.00000000430332	30	30
0.14520	0.00000000434949	30	30
0.14564	0.00000000438137	30	30
0.14521	0.00000000425436	30	30
0.14561	0.00000000425471	30	30
0.14532	0.00000000439766	30	30
0.14521	0.00000000449631	30	30
0.14558	0.00000000445679	30	30
0.14536	0.00000000444140	30	30
0.14557	0.00000000445060	30	30
0.14545	0.00000000439411	30	30
0.14517	0.00000000444153	30	30
0.14561	0.00000000444472	30	30
0.14552	0.00000000435392	30	30
0.14523	0.00000000427197	30	30
0.14560	0.00000000434127	30	30
0.14548	0.00000000437773	30	30
0.14532	0.00000000434018	30	30
0.14555	0.00000000433947	30	30
0.14531	0.00000000441198	30	30
0.14544	0.00000000430491	30	30
0.14559	0.00000000428690	30	30
0.14500	0.00000000436895	30	30
0.14565	0.00000000447915	30	30
0.14540	0.00000000446789	30	30
0.14542	0.00000000447939	30	30
0.14549	0.00000000443067	30	30
0.14527	0.00000000442869	30	30
0.14553	0.00000000443875	30	30
0.14563	0.00000000443785	30	30
0.14515	0.00000000439763	30	30
0.14868	0.00000000435136	30	30
0.14879	0.00000000453437	30	30
0.14901	0.00000000436945	30	30
0.14869	0.00000000452299	30	30
0.14868	0.00000000440000	30	30
0.14907	0.00000000454773	30	30
0.14912	0.00000000436967	30	30
0.14850	0.00000000442991	30	30
0.14857	0.00000000459237	30	30
0.14931	0.00000000459999	30	30
0.14844	0.00000000460246	30	30
0.14908	0.00000000457302	30	30
0.14915	0.00000000464905	30	30
0.14843	0.00000000444080	30	30
0.14957	0.00000000467300	30	30
0.14823	0.00000000443331	30	30
0.14527	0.00000000421017	30	30
0.14551	0.00000000432347	30	30
0.14571	0.00000000433117	30	30
0.14507	0.00000000429851	30	30
0.14545	0.00000000438297	30	30
0.14538	0.00000000429075	30	30
0.14558	0.00000000426070	30	30
0.14547	0.00000000433030	30	30
0.14514	0.00000000450571	30	30
0.14560	0.00000000448863	30	30
0.14533	0.00000000449588	30	30
0.14544	0.00000000445680	30	30
0.14555	0.00000000447073	30	30
0.14522	0.00000000444600	30	30
0.14566	0.00000000446529	30	30
0.14540	0.00000000444831	30	30
0.14541	0.00000000438666	30	30
0.14514	0.00000000446210	30	30
0.14565	0.00000000427580	30	30
0.14544	0.00000000436744	30	30
0.14532	0.00000000434914	30	30
0.14542	0.00000000432597	30	30
0.14550	0.00000000443343	30	30
0.14553	0.00000000420902	30	30
0.14533	0.00000000435801	30	30
0.14519	0.00000000428245	30	30
0.14570	0.00000000458962	30	30
0.14560	0.00000000435055	30	30
0.14517	0.00000000458035	30	30
0.14559	0.00000000433865	30	30
0.14530	0.00000000451872	30	30
0.14555	0.00000000433758	30	30
0.14566	0.00000000453879	30	30
0.14514	0.00000000430667	30	30
0.14423	0.00000000435687	30	30
0.15149	0.00000000455533	30	30
0.15100	0.00000000449824	30	30
0.15187	0.00000000457982	30	30
0.15100	0.00000000448816	30	30
0.15127	0.00000000453533	30	30
0.15142	0.00000000446244	30	30
0.15101	0.00000000465526	30	30
0.15166	0.00000000479998	30	30
0.15126	0.00000000456960	30	30
0.15132	0.00000000473922	30	30
0.15150	0.00000000466293	30	30
0.15133	0.00000000462142	30	30
0.15148	0.00000000463898	30	30
0.15155	0.00000000462303	30	30
0.15126	0.00000000454353	30	30
0.10490	0.00000000480790	30	30
0.12586	0.00000000470664	30	30
0.12503	0.00000000533363	30	30
0.14559	0.00000000430751	30	30
0.14546	0.00000000440664	30	30
0.14547	0.00000000442692	30	30
0.14544	0.00000000425512	30	30
0.14535	0.00000000456130	30	30
0.14558	0.00000000437750	30	30
0.14552	0.00000000432347	30	30
0.14510	0.00000000426693	30	30
0.14560	0.00000000462163	30	30
0.14524	0.00000000441534	30	30
0.14554	0.00000000465352	30	30
0.14553	0.00000000438691	30	30
0.14520	0.00000000458760	30	30
0.14566	0.00000000437448	30	30
0.14533	0.00000000458856	30	30
0.14557	0.00000000438167	30	30
0.14539	0.00000000451133	30	30
0.14553	0.00000000437701	30	30
0.14527	0.00000000425611	30	30
0.14546	0.00000000447554	30	30
0.14536	0.00000000421700	30	30
0.14540	0.00000000439777	30	30
0.14555	0.00000000435855	30	30
0.14523	0.00000000430618	30	30
0.14560	0.00000000430583	30	30
0.14527	0.00000000444861	30	30
0.14541	0.00000000449550	30	30
0.14554	0.00000000446905	30	30
0.14526	0.00000000446542	30	30
0.14560	0.00000000444726	30	30
0.14543	0.00000000444662	30	30
0.14543	0.00000000433770	30	30
0.14545	0.00000000452475	30	30
0.14535	0.00000000425921	30	30
0.14906	0.00000000435259	30	30
0.14858	0.00000000456713	30	30
0.14900	0.00000000432550	30	30
0.14856	0.00000000453405	30	30
0.14961	0.00000000442828	30	30
0.14886	0.00000000448672	30	30
0.14856	0.00000000427177	30	30
0.14890	0.00000000468968	30	30
0.14976	0.00000000453802	30	30
0.14963	0.00000000477634	30	30
0.14931	0.00000000461291	30	30
0.14936	0.00000000449873	30	30
0.14947	0.00000000467964	30	30
0.14965	0.00000000460775	30	30
0.15058	0.00000000457867	30	30
0.14909	0.00000000452194	30	30
0.14541	0.00000000421832	30	30
0.14553	0.00000000435968	30	30
0.14571	0.00000000436121	30	30
0.14548	0.00000000428649	30	30
0.14578	0.00000000442816	30	30
0.14676	0.00000000436538	30	30
0.14544	0.00000000426801	30	30
0.14563	0.00000000422356	30	30
0.14541	0.00000000453497	30	30
0.14533	0.00000000444879	30	30
0.14555	0.00000000447261	30	30
0.14525	0.00000000438508	30	30
0.14581	0.00000000444551	30	30
0.14535	0.00000000429624	30	30
0.14533	0.00000000452727	30	30
0.14564	0.00000000430308	30	30
0.14647	0.00000000442436	30	30
0.14575	0.00000000436869	30	30
0.14528	0.00000000432586	30	30
0.14556	0.00000000437560	30	30
0.14546	0.00000000434495	30	30
0.14528	0.00000000423139	30	30
0.14560	0.00000000452393	30	30
0.14554	0.00000000420399	30	30
0.14542	0.00000000437022	30	30
0.14518	0.00000000426481	30	30
0.14534	0.00000000458948	30	30
0.14580	0.00000000435692	30	30
0.14549	0.00000000458858	30	30
0.14522	0.00000000432058	30	30
0.14565	0.00000000455216	30	30
0.14519	0.00000000429922	30	30
0.14563	0.00000000457301	30	30
0.14556	0.00000000427645	30	30
0.14509	0.00000000446139	30	30
0.15171	0.00000000443207	30	30
0.15140	0.00000000461192	30	30
0.15124	0.00000000455608	30	30
0.15135	0.00000000450092	30	30
0.15112	0.00000000455242	30	30
0.15180	0.00000000458744	30	30
0.15147	0.00000000444549	30	30
0.15097	0.00000000447903	30	30
0.15145	0.00000000475169	30	30
0.15127	0.00000000457264	30	30
0.15147	0.00000000481395	30	30
0.15137	0.00000000454305	30	30
0.15137	0.00000000476824	30	30
0.15141	0.00000000460231	30	30
0.15128	0.00000000469134	30	30
0.15166	0.00000000458163	30	30
0.15026	0.00000000454839	30	30
0.10510	0.00000000474118	30	30
0.12584	0.00000000446738	30	30
0.14532	0.00000000436308	30	30
0.14558	0.00000000433808	30	30
0.14556	0.00000000436608	30	30
0.14525	0.00000000435557	30	30
0.14562	0.00000000422177	30	30
0.14534	0.00000000451724	30	30
0.14540	0.00000000422171	30	30
0.14554	0.00000000425415	30	30
0.14518	0.00000000436428	30	30
0.14562	0.00000000447783	30	30
0.14561	0.00000000447945	30	30
0.14523	0.00000000446236	30	30
0.14553	0.00000000443925	30	30
0.14520	0.00000000443374	30	30
0.14564	0.00000000443539	30	30
0.14548	0.00000000444272	30	30
0.14524	0.00000000441761	30	30
0.14567	0.00000000435709	30	30
0.14545	0.00000000436815	30	30
0.14534	0.00000000436135	30	30
0.14588	0.00000000439300	30	30
0.14543	0.00000000433671	30	30
0.14519	0.00000000438972	30	30
0.14565	0.00000000436797	30	30
0.14529	0.00000000418225	30	30
0.14541	0.00000000442555	30	30
0.14551	0.00000000436489	30	30
0.14519	0.00000000457971	30	30
0.14563	0.00000000441213	30	30
0.14563	0.00000000451800	30	30
0.14508	0.00000000436769	30	30
0.14559	0.00000000443912	30	30
0.14520	0.00000000444095	30	30
0.14565	0.00000000443612	30	30
0.14564	0.00000000435440	30	30
0.14865	0.00000000447426	30	30
0.14907	0.00000000442842	30	30
0.14860	0.00000000448030	30	30
0.14901	0.00000000453044	30	30
0.14868	0.00000000434163	30	30
0.14904	0.00000000460753	30	30
0.14885	0.00000000428249	30	30
0.14855	0.00000000448145	30	30
0.14891	0.00000000456993	30	30
0.14875	0.00000000459507	30	30
0.14887	0.00000000461306	30	30
0.14912	0.00000000456456	30	30
0.14862	0.00000000455961	30	30
0.14893	0.00000000456379	30	30
0.14898	0.00000000455630	30	30
0.14957	0.00000000460668	30	30
0.14797	0.00000000566705	30	30
0.14552	0.00000000433972	30	30
0.14533	0.00000000430491	30	30
0.14558	0.00000000436135	30	30
0.14538	0.00000000430046	30	30
0.14528	0.00000000422107	30	30
0.14553	0.00000000449951	30	30
0.14536	0.00000000418557	30	30
0.14548	0.00000000436311	30	30
0.14542	0.00000000426298	30	30
0.14513	0.00000000456943	30	30
0.14567	0.00000000433494	30	30
0.14537	0.00000000455243	30	30
0.14541	0.00000000433943	30	30
0.14546	0.00000000450479	30	30
0.14534	0.00000000429341	30	30
0.14557	0.00000000445365	30	30
0.14561	0.00000000437397	30	30
0.14555	0.00000000447595	30	30
0.14518	0.00000000425492	30	30
0.14555	0.00000000436819	30	30
0.14541	0.00000000435577	30	30
0.14554	0.00000000433086	30	30
0.14540	0.00000000440199	30	30
0.14530	0.00000000431126	30	30
0.14568	0.00000000429814	30	30
0.14517	0.00000000432153	30	30
0.14551	0.00000000447727	30	30
0.14536	0.00000000446768	30	30
0.14529	0.00000000447218	30	30
0.14564	0.00000000443826	30	30
0.14556	0.00000000445841	30	30
0.14521	0.00000000442360	30	30
0.14557	0.00000000444486	30	30
0.14534	0.00000000439342	30	30
0.14541	0.00000000436376	30	30
0.15130	0.00000000450578	30	30
0.15124	0.00000000453075	30	30
0.15167	0.00000000455570	30	30
0.15109	0.00000000447105	30	30
0.15165	0.00000000462287	30	30
0.15115	0.00000000447817	30	30
0.15173	0.00000000445328	30	30
0.15107	0.00000000466750	30	30
0.15164	0.00000000460725	30	30
0.15147	0.00000000476890	30	30
0.15103	0.00000000455400	30	30
0.15176	0.00000000474328	30	30
0.15182	0.00000000462861	30	30
0.15087	0.00000000463307	30	30
0.15168	0.00000000474518	30	30
0.15083	0.00000000444208	30	30
0.12500	0.00000000508337	30	30
0.14534	0.00000000446920	30	30
0.14560	0.00000000422837	30	30
0.14539	0.00000000446539	30	30
0.14547	0.00000000423567	30	30
0.14542	0.00000000436204	30	30
0.14542	0.00000000440957	30	30
0.14554	0.00000000425746	30	30
0.14536	0.00000000427962	30	30
0.14525	0.00000000445301	30	30
0.14572	0.00000000447014	30	30
0.14523	0.00000000445828	30	30
0.14572	0.00000000445883	30	30
0.14547	0.00000000444459	30	30
0.14522	0.00000000442411	30	30
0.14562	0.00000000443599	30	30
0.14519	0.00000000443601	30	30
0.14564	0.00000000436747	30	30
0.14576	0.00000000437502	30	30
0.14536	0.00000000435839	30	30
0.14534	0.00000000427917	30	30
0.14563	0.00000000446876	30	30
0.14511	0.00000000431322	30	30
0.14571	0.00000000442055	30	30
0.14547	0.00000000431590	30	30
0.14512	0.00000000436155	30	30
0.14557	0.00000000450961	30	30
0.14558	0.00000000452474	30	30
0.14518	0.00000000453721	30	30
0.14554	0.00000000449721	30	30
0.14518	0.00000000450533	30	30
0.14562	0.00000000448682	30	30
0.14558	0.00000000449054	30	30
0.14524	0.00000000449141	30	30
0.14562	0.00000000443046	30	30
0.14917	0.00000000444498	30	30
0.14890	0.00000000446909	30	30
0.14883	0.00000000443551	30	30
0.14885	0.00000000443874	30	30
0.14852	0.00000000464520	30	30
0.14910	0.00000000428549	30	30
0.14909	0.00000000446735	30	30
0.14844	0.00000000455739	30	30
0.14901	0.00000000458818	30	30
0.14844	0.00000000461211	30	30
0.14911	0.00000000455628	30	30
0.14903	0.00000000468089	30	30
0.14858	0.00000000443995	30	30
0.14886	0.00000000468964	30	30
0.14911	0.00000000450376	30	30
0.14810	0.00000000445325	30	30
0.14560	0.00000000445133	30	30
0.14521	0.00000000421782	30	30
0.14551	0.00000000435709	30	30
0.14564	0.00000000432152	30	30
0.14509	0.00000000430556	30	30
0.14552	0.00000000439812	30	30
0.14592	0.00000000431991	30	30
0.14526	0.00000000425971	30	30
0.14527	0.00000000431746	30	30
0.14531	0.00000000445320	30	30
0.14560	0.00000000446136	30	30
0.14556	0.00000000444337	30	30
0.14522	0.00000000441136	30	30
0.14556	0.00000000442255	30	30
0.14526	0.00000000440594	30	30
0.14556	0.00000000444428	30	30
0.14553	0.00000000427944	30	30
0.14555	0.00000000428395	30	30
0.14523	0.00000000436097	30	30
0.14558	0.00000000436492	30	30
0.14537	0.00000000437826	30	30
0.14536	0.00000000431786	30	30
0.14552	0.00000000433639	30	30
0.14539	0.00000000444718	30	30
0.14550	0.00000000418019	30	30
0.14553	0.00000000432923	30	30
0.14510	0.00000000447592	30	30
0.14559	0.00000000448842	30	30
0.14523	0.00000000452236	30	30
0.14559	0.00000000450007	30	30
0.14550	0.00000000449300	30	30
0.14524	0.00000000447270	30	30
0.14564	0.00000000450620	30	30
0.14548	0.00000000446333	30	30
0.14546	0.00000000444713	30	30
0.15155	0.00000000452043	30	30
0.15120	0.00000000454042	30	30
0.15158	0.00000000453287	30	30
0.15102	0.00000000460568	30	30
0.15160	0.00000000450271	30	30
0.15139	0.00000000457192	30	30
0.15143	0.00000000436444	30	30
0.15101	0.00000000468221	30	30
0.15111	0.00000000469740	30	30
0.15166	0.00000000469078	30	30
0.15137	0.00000000464947	30	30
0.15129	0.00000000466481	30	30
0.15156	0.00000000463093	30	30
0.15116	0.00000000465143	30	30
0.15160	0.00000000473654	30	30
0.15123	0.00000000447444	30	30
0.10507	0.00000000488508	30	30
0.12628	0.00000000459904	30	30
0.12507	0.00000000516886	30	30
0.14551	0.00000000426535	30	30
0.14555	0.00000000435584	30	30
0.14523	0.00000000438291	30	30
0.14551	0.00000000431637	30	30
0.14534	0.00000000440867	30	30
0.14542	0.00000000427128	30	30
0.14553	0.00000000437536	30	30
0.14524	0.00000000422709	30	30
0.14554	0.00000000455837	30	30
0.14553	0.00000000437044	30	30
0.14532	0.00000000458663	30	30
0.14560	0.00000000435512	30	30
0.14528	0.00000000453861	30	30
0.14551	0.00000000434013	30	30
0.14560	0.00000000445390	30	30
0.14525	0.00000000441925	30	30
0.14568	0.00000000437840	30	30
0.14569	0.00000000442801	30	30
0.14514	0.00000000440701	30	30
0.14565	0.00000000442825	30	30
0.14559	0.00000000438406	30	30
0.14510	0.00000000444278	30	30
0.14570	0.00000000445043	30	30
0.14548	0.00000000433671	30	30
0.14545	0.00000000436946	30	30
0.14537	0.00000000448083	30	30
0.14532	0.00000000454601	30	30
0.14549	0.00000000452054	30	30
0.14567	0.00000000453131	30	30
0.14520	0.00000000441769	30	30
0.14552	0.00000000459373	30	30
0.14531	0.00000000439538	30	30
0.14562	0.00000000459825	30	30
0.14573	0.00000000434348	30	30
0.14899	0.00000000434442	30	30
0.14854	0.00000000458121	30	30
0.14913	0.00000000434076	30	30
0.14865	0.00000000453683	30	30
0.14892	0.00000000443697	30	30
0.14902	0.00000000448973	30	30
0.14853	0.00000000427871	30	30
0.14876	0.00000000466632	30	30
0.14894	0.00000000461064	30	30
0.14894	0.00000000462061	30	30
0.14886	0.00000000455970	30	30
0.14861	0.00000000456287	30	30
0.14913	0.00000000455789	30	30
0.14901	0.00000000457210	30	30
0.14947	0.00000000462017	30	30
0.14930	0.00000000455468	30	30
0.14536	0.00000000432364	30	30
0.14540	0.00000000431827	30	30
0.14555	0.00000000435106	30	30
0.14536	0.00000000430549	30	30
0.14548	0.00000000429069	30	30
0.14538	0.00000000440511	30	30
0.14543	0.00000000427088	30	30
0.14557	0.00000000427073	30	30
0.14505	0.00000000432422	30	30
0.14556	0.00000000447263	30	30
0.14550	0.00000000433236	30	30
0.14530	0.00000000454864	30	30
0.14548	0.00000000442192	30	30
0.14538	0.00000000440451	30	30
0.14559	0.00000000441269	30	30
0.14551	0.00000000443505	30	30
0.14518	0.00000000428213	30	30
0.14592	0.00000000444387	30	30
0.14544	0.00000000438507	30	30
0.14560	0.00000000436482	30	30
0.14530	0.00000000433844	30	30
0.14556	0.00000000439356	30	30
0.14544	0.00000000421855	30	30
0.14515	0.00000000453279	30	30
0.14572	0.00000000424747	30	30
0.14539	0.00000000437568	30	30
0.14526	0.00000000424848	30	30
0.14548	0.00000000447132	30	30
0.14530	0.00000000446062	30	30
0.14566	0.00000000447407	30	30
0.14553	0.00000000444080	30	30
0.14529	0.00000000445154	30	30
0.14547	0.00000000441717	30	30
0.14513	0.00000000452696	30	30
0.14572	0.00000000432115	30	30
0.14545	0.00000000436318	30	30
0.15143	0.00000000439759	30	30
0.15136	0.00000000464507	30	30
0.15144	0.00000000455681	30	30
0.15149	0.00000000451511	30	30
0.15097	0.00000000458806	30	30
0.15183	0.00000000449912	30	30
0.15123	0.00000000445172	30	30
0.15100	0.00000000460556	30	30
0.15154	0.00000000470094	30	30
0.15112	0.00000000467403	30	30
0.15167	0.00000000479604	30	30
0.15135	0.00000000453042	30	30
0.15154	0.00000000476962	30	30
0.15150	0.00000000454059	30	30
0.15130	0.00000000474316	30	30
0.15161	0.00000000458368	30	30
0.10485	0.00000000491977	30	30
0.12510	0.00000000509465	30	30
0.18143	0.00000000660815	30	30
0.14564	0.00000000446688	30	30
0.14535	0.00000000424410	30	30
0.14664	0.00000000455632	30	30
0.14603	0.00000000424591	30	30
0.14584	0.00000000452192	30	30
0.14611	0.00000000437691	30	30
0.14621	0.00000000447590	30	30
0.14620	0.00000000428117	30	30
0.14666	0.00000000464856	30	30
0.14606	0.00000000447486	30	30
0.14661	0.00000000458681	30	30
0.14622	0.00000000454464	30	30
0.14670	0.00000000457559	30	30
0.14642	0.00000000451946	30	30
0.14677	0.00000000455138	30	30
0.14588	0.00000000453730	30	30
0.14574	0.00000000435071	30	30
0.14542	0.00000000425167	30	30
0.14533	0.00000000443549	30	30
0.14566	0.00000000427406	30	30
0.14532	0.00000000441905	30	30
0.14540	0.00000000425297	30	30
0.14563	0.00000000450951	30	30
0.14525	0.00000000418945	30	30
0.14560	0.00000000438681	30	30
0.14545	0.00000000430835	30	30
0.14523	0.00000000448346	30	30
0.14554	0.00000000448445	30	30
0.14542	0.00000000445689	30	30
0.14551	0.00000000445794	30	30
0.14551	0.00000000442382	30	30
0.14512	0.00000000445953	30	30
0.14564	0.00000000446111	30	30
0.14574	0.00000000437151	30	30
0.14902	0.00000000455458	30	30
0.14859	0.00000000435557	30	30
0.14920	0.00000000456849	30	30
0.14861	0.00000000449805	30	30
0.14871	0.00000000443353	30	30
0.14909	0.00000000441157	30	30
0.14869	0.00000000436684	30	30
0.14875	0.00000000457073	30	30
0.14849	0.00000000451613	30	30
0.14909	0.00000000470122	30	30
0.14900	0.00000000447368	30	30
0.14864	0.00000000468496	30	30
0.14898	0.00000000454695	30	30
0.14851	0.00000000456701	30	30
0.14918	0.00000000465834	30	30
0.14897	0.00000000439060	30	30
0.14551	0.00000000439449	30	30
0.14514	0.00000000437592	30	30
0.14560	0.00000000442689	30	30
0.14529	0.00000000434437	30	30
0.14539	0.00000000442935	30	30
0.14570	0.00000000441186	30	30
0.14522	0.00000000419659	30	30
0.14556	0.00000000444439	30	30
0.14562	0.00000000449505	30	30
0.14533	0.00000000452322	30	30
0.14550	0.00000000450162	30	30
0.14521	0.00000000447648	30	30
0.14559	0.00000000447852	30	30
0.14562	0.00000000443717	30	30
0.14521	0.00000000437577	30	30
0.14553	0.00000000456225	30	30
0.14525	0.00000000430020	30	30
0.14532	0.00000000436474	30	30
0.14552	0.00000000435439	30	30
0.14528	0.00000000436915	30	30
0.14559	0.00000000436565	30	30
0.14537	0.00000000426863	30	30
0.14538	0.00000000447858	30	30
0.14558	0.00000000420332	30	30
0.14532	0.00000000438623	30	30
0.14514	0.00000000436140	30	30
0.14565	0.00000000458187	30	30
0.14537	0.00000000437886	30	30
0.14550	0.00000000456667	30	30
0.14549	0.00000000434246	30	30
0.14530	0.00000000454879	30	30
0.14553	0.00000000432790	30	30
0.14539	0.00000000453238	30	30
0.14563	0.00000000427667	30	30
0.15152	0.00000000440194	30	30
0.15123	0.00000000463890	30	30
0.15155	0.00000000444371	30	30
0.15112	0.00000000459050	30	30
0.15152	0.00000000448520	30	30
0.15124	0.00000000461250	30	30
0.15166	0.00000000435050	30	30
0.15092	0.00000000463391	30	30
0.15132	0.00000000456967	30	30
0.15149	0.00000000479942	30	30
0.15124	0.00000000468096	30	30
0.15155	0.00000000465208	30	30
0.15143	0.00000000476445	30	30
0.15114	0.00000000455020	30	30
0.15166	0.00000000474457	30	30
0.15106	0.00000000448320	30	30
0.10490	0.00000000492491	30	30
0.12496	0.00000000534772	30	30
0.14515	0.00000000427823	30	30
0.14544	0.00000000444608	30	30
0.14537	0.00000000428355	30	30
0.14543	0.00000000442726	30	30
0.14546	0.00000000427473	30	30
0.14530	0.00000000449879	30	30
0.14562	0.00000000421243	30	30
0.14545	0.00000000438462	30	30
0.14511	0.00000000433169	30	30
0.14551	0.00000000449016	30	30
0.14535	0.00000000448392	30	30
0.14559	0.00000000447040	30	30
0.14583	0.00000000444589	30	30
0.14498	0.00000000454315	30	30
0.14548	0.00000000434323	30	30
0.14529	0.00000000453703	30	30
0.14580	0.00000000430405	30	30
0.14566	0.00000000438279	30	30
0.14540	0.00000000425585	30	30
0.14521	0.00000000450689	30	30
0.14566	0.00000000422553	30	30
0.14523	0.00000000445363	30	30
0.14564	0.00000000434367	30	30
0.14554	0.00000000438652	30	30
0.14516	0.00000000418579	30	30
0.14553	0.00000000450001	30	30
0.14604	0.00000000437857	30	30
0.14503	0.00000000459109	30	30
0.14557	0.00000000434993	30	30
0.14521	0.00000000455816	30	30
0.14554	0.00000000435048	30	30
0.14543	0.00000000453716	30	30
0.14530	0.00000000435859	30	30
0.14560	0.00000000450381	30	30
0.18479	0.00000000684068	30	30
0.14912	0.00000000444354	30	30
0.14878	0.00000000444162	30	30
0.14890	0.00000000448350	30	30
0.14881	0.00000000440106	30	30
0.14854	0.00000000451483	30	30
0.14925	0.00000000443837	30	30
0.14890	0.00000000447966	30	30
0.14845	0.00000000435117	30	30
0.14873	0.00000000471179	30	30
0.14872	0.00000000452751	30	30
0.14918	0.00000000470325	30	30
0.14868	0.00000000454993	30	30
0.14900	0.00000000458612	30	30
0.14883	0.00000000456403	30	30
0.14882	0.00000000456899	30	30
0.14912	0.00000000448966	30	30
0.14560	0.00000000424141	30	30
0.14532	0.00000000443161	30	30
0.14557	0.00000000426170	30	30
0.14553	0.00000000440234	30	30
0.14503	0.00000000427460	30	30
0.14576	0.00000000447599	30	30
0.14555	0.00000000415491	30	30
0.14509	0.00000000439663	30	30
0.14552	0.00000000433811	30	30
0.14523	0.00000000457634	30	30
0.14565	0.00000000436031	30	30
0.14557	0.00000000452654	30	30
0.14516	0.00000000432634	30	30
0.14561	0.00000000440543	30	30
0.14517	0.00000000443157	30	30
0.14564	0.00000000440658	30	30
0.14554	0.00000000435980	30	30
0.14543	0.00000000428203	30	30
0.14534	0.00000000446317	30	30
0.14557	0.00000000429505	30	30
0.14523	0.00000000433507	30	30
0.14548	0.00000000438164	30	30
0.14561	0.00000000440624	30	30
0.14529	0.00000000429781	30	30
0.14552	0.00000000419498	30	30
0.14506	0.00000000455511	30	30
0.14577	0.00000000442505	30	30
0.14542	0.00000000457957	30	30
0.14530	0.00000000437081	30	30
0.14568	0.00000000455278	30	30
0.14529	0.00000000432345	30	30
0.14539	0.00000000455459	30	30
0.14553	0.00000000434299	30	30
0.14530	0.00000000448766	30	30
0.15075	0.00000000443127	30	30
0.15150	0.00000000463730	30	30
0.15119	0.00000000441446	30	30
0.15162	0.00000000466190	30	30
0.15183	0.00000000449732	30	30
0.15044	0.00000000459499	30	30
0.15194	0.00000000452200	30	30
0.15109	0.00000000447150	30	30
0.15133	0.00000000462635	30	30
0.15114	0.00000000458033	30	30
0.15160	0.00000000481034	30	30
0.15135	0.00000000458319	30	30
0.15111	0.00000000476124	30	30
0.15162	0.00000000453102	30	30
0.15155	0.00000000477030	30	30
0.15123	0.00000000456076	30	30
0.15178	0.00000000468083	30	30
0.10492	0.00000000489541	30	30
0.12568	0.00000000500424	30	30
0.12500	0.00000000504779	30	30
0.14531	0.00000000446492	30	30
0.14542	0.00000000424056	30	30
0.14542	0.00000000440719	30	30
0.14546	0.00000000436652	30	30
0.14541	0.00000000438757	30	30
0.14524	0.00000000444840	30	30
0.14560	0.00000000432945	30	30
0.14567	0.00000000430738	30	30
0.14504	0.00000000446249	30	30
0.14538	0.00000000454305	30	30
0.14528	0.00000000450836	30	30
0.14570	0.00000000450953	30	30
0.14588	0.00000000449279	30	30
0.14492	0.00000000448098	30	30
0.14543	0.00000000459996	30	30
0.14544	0.00000000438891	30	30
0.14581	0.00000000457026	30	30
0.14556	0.00000000429477	30	30
0.14549	0.00000000444121	30	30
0.14530	0.00000000428400	30	30
0.14569	0.00000000442923	30	30
0.14524	0.00000000423306	30	30
0.14551	0.00000000453265	30	30
0.14554	0.00000000417848	30	30
0.14527	0.00000000436414	30	30
0.14542	0.00000000428395	30	30
0.14564	0.00000000457519	30	30
0.14525	0.00000000434679	30	30
0.14544	0.00000000456551	30	30
0.14522	0.00000000432216	30	30
0.14557	0.00000000452723	30	30
0.14543	0.00000000432587	30	30
0.14545	0.00000000457683	30	30
0.14556	0.00000000427892	30	30
0.14886	0.00000000458435	30	30
0.14889	0.00000000435096	30	30
0.14866	0.00000000459656	30	30
0.14898	0.00000000431431	30	30
0.14847	0.00000000460812	30	30
0.14926	0.00000000445920	30	30
0.14884	0.00000000439284	30	30
0.14843	0.00000000445724	30	30
0.14897	0.00000000458947	30	30
0.14864	0.00000000469039	30	30
0.14903	0.00000000449928	30	30
0.14864	0.00000000468288	30	30
0.14907	0.00000000446577	30	30
0.14873	0.00000000464144	30	30
0.14867	0.00000000456621	30	30
0.14927	0.00000000450409	30	30
0.14564	0.00000000445723	30	30
0.14531	0.00000000422690	30	30
0.14547	0.00000000436082	30	30
0.14550	0.00000000429889	30	30
0.14526	0.00000000437254	30	30
0.14570	0.00000000437724	30	30
0.14531	0.00000000423193	30	30
0.14525	0.00000000428877	30	30
0.14553	0.00000000432488	30	30
0.14520	0.00000000458198	30	30
0.14560	0.00000000437299	30	30
0.14585	0.00000000452418	30	30
0.14516	0.00000000434415	30	30
0.14564	0.00000000453026	30	30
0.14530	0.00000000429695	30	30
0.14550	0.00000000454471	30	30
0.14553	0.00000000425391	30	30
0.14549	0.00000000427609	30	30
0.14521	0.00000000445386	30	30
0.14563	0.00000000431225	30	30
0.14529	0.00000000443826	30	30
0.14546	0.00000000425774	30	30
0.14558	0.00000000453675	30	30
0.14524	0.00000000420387	30	30
0.14546	0.00000000425748	30	30
0.14540	0.00000000441915	30	30
0.14527	0.00000000447917	30	30
0.14556	0.00000000447481	30	30
0.14517	0.00000000445480	30	30
0.14580	0.00000000446192	30	30
0.14535	0.00000000442264	30	30
0.14529	0.00000000444757	30	30
0.14550	0.00000000435466	30	30
0.14534	0.00000000448090	30	30
0.15177	0.00000000464913	30	30
0.15150	0.00000000439506	30	30
0.15115	0.00000000466874	30	30
0.15154	0.00000000449177	30	30
0.15101	0.00000000454491	30	30
0.15161	0.00000000467328	30	30
0.15113	0.00000000434814	30	30
0.15150	0.00000000458648	30	30
0.15118	0.00000000456004	30	30
0.15136	0.00000000482519	30	30
0.15151	0.00000000456077	30	30
0.15104	0.00000000475239	30	30
0.15176	0.00000000463865	30	30
0.15139	0.00000000463888	30	30
0.15132	0.00000000466257	30	30
0.15160	0.00000000459804	30	30
0.14852	0.00000000465418	30	30
0.10491	0.00000000494377	30	30
0.12528	0.00000000471554	30	30
0.14540	0.00000000429752	30	30
0.14563	0.00000000422917	30	30
0.14555	0.00000000446636	30	30
0.14523	0.00000000422109	30	30
0.14541	0.00000000442000	30	30
0.14528	0.00000000430767	30	30
0.14564	0.00000000441220	30	30
0.14556	0.00000000418272	30	30
0.14494	0.00000000452653	30	30
0.14559	0.00000000440573	30	30
0.14527	0.00000000460381	30	30
0.14563	0.00000000442311	30	30
0.14548	0.00000000458981	30	30
0.14521	0.00000000438231	30	30
0.14571	0.00000000458278	30	30
0.14529	0.00000000439618	30	30
0.14561	0.00000000457552	30	30
0.14541	0.00000000432681	30	30
0.14551	0.00000000435233	30	30
0.14517	0.00000000437043	30	30
0.14552	0.00000000429824	30	30
0.14535	0.00000000442168	30	30
0.14546	0.00000000432759	30	30
0.14569	0.00000000447955	30	30
0.14521	0.00000000418025	30	30
0.14551	0.00000000440776	30	30
0.14552	0.00000000436616	30	30
0.14533	0.00000000451249	30	30
0.14530	0.00000000448387	30	30
0.14536	0.00000000455592	30	30
0.14608	0.00000000438239	30	30
0.14542	0.00000000451932	30	30
0.14517	0.00000000434765	30	30
0.14557	0.00000000455265	30	30
0.14527	0.00000000425827	30	30
0.14918	0.00000000438021	30	30
0.14899	0.00000000452186	30	30
0.14848	0.00000000438693	30	30
0.14896	0.00000000453802	30	30
0.14859	0.00000000436119	30	30
0.14931	0.00000000464176	30	30
0.14894	0.00000000426929	30	30
0.14840	0.00000000449213	30	30
0.14881	0.00000000467141	30	30
0.14862	0.00000000449220	30	30
0.14911	0.00000000473453	30	30
0.14900	0.00000000447077	30	30
0.14934	0.00000000469908	30	30
0.14896	0.00000000444434	30	30
0.14870	0.00000000466454	30	30
0.14940	0.00000000450887	30	30
0.14524	0.00000000442909	30	30
0.14549	0.00000000420684	30	30
0.14555	0.00000000444570	30	30
0.14525	0.00000000417483	30	30
0.14558	0.00000000440482	30	30
0.14572	0.00000000431181	30	30
0.14548	0.00000000434858	30	30
0.14613	0.00000000416973	30	30
0.14592	0.00000000452095	30	30
0.14593	0.00000000437849	30	30
0.14601	0.00000000455824	30	30
0.14577	0.00000000439553	30	30
0.14630	0.00000000457546	30	30
0.14626	0.00000000433545	30	30
0.14678	0.00000000459209	30	30
0.14601	0.00000000435756	30	30
0.14649	0.00000000455033	30	30
0.14637	0.00000000430518	30	30
0.14626	0.00000000451629	30	30
0.14559	0.00000000423998	30	30
0.14516	0.00000000448783	30	30
0.14563	0.00000000422515	30	30
0.14522	0.00000000444505	30	30
0.14549	0.00000000435179	30	30
0.14571	0.00000000440837	30	30
0.14598	0.00000000420714	30	30
0.14665	0.00000000459400	30	30
0.14540	0.00000000437790	30	30
0.14531	0.00000000458229	30	30
0.14563	0.00000000437481	30	30
0.14524	0.00000000453584	30	30
0.14560	0.00000000434800	30	30
0.14555	0.00000000453735	30	30
0.14528	0.00000000435447	30	30
0.14555	0.00000000451120	30	30
0.14418	0.00000000428082	30	30
0.15115	0.00000000454539	30	30
0.15163	0.00000000453790	30	30
0.15151	0.00000000466031	30	30
0.15142	0.00000000440573	30	30
0.15116	0.00000000463733	30	30
0.15135	0.00000000449582	30	30
0.15175	0.00000000455684	30	30
0.15095	0.00000000435752	30	30
0.15130	0.00000000475998	30	30
0.15153	0.00000000467820	30	30
0.15137	0.00000000470051	30	30
0.15140	0.00000000463619	30	30
0.15130	0.00000000465205	30	30
0.15143	0.00000000475828	30	30
0.15133	0.00000000455207	30	30
0.15140	0.00000000473500	30	30
0.15142	0.00000000444889	30	30
0.10512	0.00000000472707	30	30
0.12478	0.00000000471557	30	30
0.12495	0.00000000529458	30	30
0.14527	0.00000000423777	30	30
0.14558	0.00000000446812	30	30
0.14570	0.00000000425205	30	30
0.14511	0.00000000440914	30	30
0.14557	0.00000000430628	30	30
0.14537	0.00000000441959	30	30
0.14537	0.00000000417926	30	30
0.14541	0.00000000421268	30	30
0.14523	0.00000000456373	30	30
0.14567	0.00000000437210	30	30
0.14544	0.00000000457379	30	30
0.14526	0.00000000433983	30	30
0.14556	0.00000000454370	30	30
0.14525	0.00000000440900	30	30
0.14556	0.00000000445002	30	30
0.14565	0.00000000442351	30	30
0.14523	0.00000000436898	30	30
0.14553	0.00000000425490	30	30
0.14542	0.00000000446452	30	30
0.14524	0.00000000427958	30	30
0.14568	0.00000000432748	30	30
0.14534	0.00000000439298	30	30
0.14539	0.00000000428644	30	30
0.14553	0.00000000437712	30	30
0.14517	0.00000000418796	30	30
0.14554	0.00000000457573	30	30
0.14567	0.00000000438343	30	30
0.14514	0.00000000460373	30	30
0.14565	0.00000000432205	30	30
0.14524	0.00000000455830	30	30
0.14553	0.00000000434530	30	30
0.14544	0.00000000451593	30	30
0.14526	0.00000000435187	30	30
0.14567	0.00000000447580	30	30
0.14871	0.00000000455196	30	30
0.14910	0.00000000437496	30	30
0.14855	0.00000000452335	30	30
0.14881	0.00000000433543	30	30
0.14862	0.00000000464427	30	30
0.14916	0.00000000431233	30	30
0.14879	0.00000000446485	30	30
0.14851	0.00000000454586	30	30
0.14887	0.00000000461292	30	30
0.14863	0.00000000470506	30	30
0.14904	0.00000000447098	30	30
0.14955	0.00000000468752	30	30
0.14809	0.00000000441997	30	30
0.14911	0.00000000467135	30	30
0.14885	0.00000000441260	30	30
0.14861	0.00000000458715	30	30
0.14563	0.00000000434134	30	30
0.14518	0.00000000419455	30	30
0.14556	0.00000000446021	30	30
0.14561	0.00000000421986	30	30
0.14516	0.00000000441126	30	30
0.14558	0.00000000432402	30	30
0.14532	0.00000000437546	30	30
0.14556	0.00000000417171	30	30
0.14530	0.00000000444402	30	30
0.14520	0.00000000434159	30	30
0.14561	0.00000000455313	30	30
0.14565	0.00000000436739	30	30
0.14518	0.00000000453133	30	30
0.14560	0.00000000430705	30	30
0.14532	0.00000000451153	30	30
0.14576	0.00000000436852	30	30
0.14553	0.00000000437337	30	30
0.14485	0.00000000435155	30	30
0.14497	0.00000000426047	30	30
0.14541	0.00000000445015	30	30
0.14541	0.00000000425240	30	30
0.14549	0.00000000424920	30	30
0.14552	0.00000000452864	30	30
0.14523	0.00000000424814	30	30
0.14550	0.00000000437608	30	30
0.14546	0.00000000423942	30	30
0.14539	0.00000000458525	30	30
0.14555	0.00000000436928	30	30
0.14520	0.00000000458522	30	30
0.14563	0.00000000434506	30	30
0.14550	0.00000000454511	30	30
0.14524	0.00000000434142	30	30
0.14546	0.00000000455661	30	30
0.14531	0.00000000431352	30	30
0.14552	0.00000000448161	30	30
0.15139	0.00000000464450	30	30
0.15128	0.00000000445133	30	30
0.15164	0.00000000466168	30	30
0.15142	0.00000000439689	30	30
0.15136	0.00000000473823	30	30
0.15115	0.00000000438049	30	30
0.15160	0.00000000456929	30	30
0.15137	0.00000000456846	30	30
0.15114	0.00000000468659	30	30
0.15142	0.00000000476789	30	30
0.15112	0.00000000458162	30	30
0.15147	0.00000000477090	30	30
0.15136	0.00000000450621	30	30
0.15153	0.00000000479713	30	30
0.15140	0.00000000466296	30	30
0.15123	0.00000000456477	30	30
0.10492	0.00000000457227	30	30
0.12501	0.00000000507141	30	30
0.14564	0.00000000435064	30	30
0.14556	0.00000000436673	30	30
0.14507	0.00000000426781	30	30
0.14557	0.00000000442066	30	30
0.14524	0.00000000432719	30	30
0.14566	0.00000000444162	30	30
0.14544	0.00000000419206	30	30
0.14521	0.00000000444085	30	30
0.14554	0.00000000437385	30	30
0.14536	0.00000000456835	30	30
0.14543	0.00000000437929	30	30
0.14559	0.00000000453041	30	30
0.14529	0.00000000435390	30	30
0.14556	0.00000000452926	30	30
0.14552	0.00000000433902	30	30
0.14525	0.00000000452450	30	30
0.14552	0.00000000429498	30	30
0.14548	0.00000000426375	30	30
0.14527	0.00000000445535	30	30
0.14559	0.00000000427159	30	30
0.14542	0.00000000441257	30	30
0.14527	0.00000000431718	30	30
0.14553	0.00000000437096	30	30
0.14527	0.00000000428019	30	30
0.14550	0.00000000421281	30	30
0.14534	0.00000000456622	30	30
0.14537	0.00000000439097	30	30
0.14555	0.00000000459146	30	30
0.14557	0.00000000433255	30	30
0.14521	0.00000000458790	30	30
0.14560	0.00000000433575	30	30
0.14519	0.00000000454705	30	30
0.14573	0.00000000435851	30	30
0.14556	0.00000000449206	30	30
0.14902	0.00000000455200	30	30
0.14868	0.00000000436750	30	30
0.14903	0.00000000452619	30	30
0.14864	0.00000000432888	30	30
0.14892	0.00000000463606	30	30
0.14895	0.00000000438088	30	30
0.14841	0.00000000437977	30	30
0.14880	0.00000000456211	30	30
0.14871	0.00000000461375	30	30
0.14913	0.00000000471491	30	30
0.14898	0.00000000447004	30	30
0.14865	0.00000000468459	30	30
0.14880	0.00000000445722	30	30
0.14850	0.00000000466528	30	30
0.14922	0.00000000444554	30	30
0.14841	0.00000000461013	30	30
0.14576	0.00000000443595	30	30
0.14520	0.00000000421139	30	30
0.14530	0.00000000442890	30	30
0.14537	0.00000000422228	30	30
0.14556	0.00000000439256	30	30
0.14551	0.00000000429866	30	30
0.14539	0.00000000438645	30	30
0.14547	0.00000000415188	30	30
0.14509	0.00000000443738	30	30
0.14566	0.00000000434522	30	30
0.14546	0.00000000456542	30	30
0.14532	0.00000000436922	30	30
0.14553	0.00000000450289	30	30
0.14534	0.00000000431255	30	30
0.14542	0.00000000451989	30	30
0.14552	0.00000000431956	30	30
0.14530	0.00000000438367	30	30
0.14554	0.00000000437783	30	30
0.14562	0.00000000425633	30	30
0.14530	0.00000000443451	30	30
0.14540	0.00000000429101	30	30
0.14551	0.00000000444045	30	30
0.14535	0.00000000430418	30	30
0.14552	0.00000000444123	30	30
0.14536	0.00000000419215	30	30
0.14543	0.00000000422104	30	30
0.14553	0.00000000456393	30	30
0.14532	0.00000000439979	30	30
0.14552	0.00000000458794	30	30
0.14538	0.00000000442896	30	30
0.14545	0.00000000445934	30	30
0.14543	0.00000000443675	30	30
0.14530	0.00000000442993	30	30
0.14562	0.00000000443867	30	30
0.14535	0.00000000437784	30	30
0.15168	0.00000000464504	30	30
0.15148	0.00000000442494	30	30
0.15118	0.00000000466660	30	30
0.15159	0.00000000449080	30	30
0.15092	0.00000000461744	30	30
0.15177	0.00000000460265	30	30
0.15151	0.00000000435909	30	30
0.15090	0.00000000467051	30	30
0.15147	0.00000000458369	30	30
0.15104	0.00000000478232	30	30
0.15197	0.00000000460134	30	30
0.15118	0.00000000474900	30	30
0.15145	0.00000000454358	30	30
0.15124	0.00000000474195	30	30
0.15133	0.00000000466613	30	30
0.15163	0.00000000458675	30	30
0.10434	0.00000000495673	30	30
0.12499	0.00000000506416	30	30
0.14547	0.00000000446452	30	30
0.14513	0.00000000424137	30	30
0.14582	0.00000000449362	30	30
0.14541	0.00000000422091	30	30
0.14517	0.00000000447194	30	30
0.14559	0.00000000432559	30	30
0.14564	0.00000000438458	30	30
0.14530	0.00000000417930	30	30
0.14520	0.00000000442149	30	30
0.14529	0.00000000449292	30	30
0.14559	0.00000000448090	30	30
0.14559	0.00000000446608	30	30
0.14519	0.00000000445178	30	30
0.14552	0.00000000443867	30	30
0.14528	0.00000000443635	30	30
0.14553	0.00000000444661	30	30
0.14559	0.00000000438699	30	30
0.14541	0.00000000447848	30	30
0.14560	0.00000000424637	30	30
0.14545	0.00000000436127	30	30
0.14525	0.00000000430952	30	30
0.14554	0.00000000432987	30	30
0.14592	0.00000000442655	30	30
0.14499	0.00000000427587	30	30
0.14537	0.00000000427106	30	30
0.14519	0.00000000429336	30	30
0.14570	0.00000000458156	30	30
0.14546	0.00000000444392	30	30
0.14528	0.00000000449700	30	30
0.14554	0.00000000454259	30	30
0.14515	0.00000000431775	30	30
0.14563	0.00000000445393	30	30
0.14552	0.00000000445337	30	30
0.14542	0.00000000430152	30	30
0.14549	0.00000000447289	30	30
=============================================================================

============================ Tabulate Statistics ============================
PWR_PKG_ENERGY	INST_RETIRED	TOR_OCCUPANCY	RR_OCCUPANCY	TIPI	L3_MISS	L2_MISS	TIME	
10051.314270	2126718427857	156619874151	156622687408	0.147289	3167190324	10156725041	68142.364686	
=============================================================================

============================ TIPI SLAB Statistics ============================

==============================================================================
===== Test PASSED in 0.0 msec =====
