Testing exp: 0.000000

-----
mkdir timedrun fake

Input(case 0): nx=32768, ny=32768, nt=200, leafmaxcol=8
Heat started...
Heat ended...

Heat
 dx =  0.000048
  dy =  0.000048
  dt =  0.000000
  Stability Value for explicit method must be > 0: 0.064855
 Options: granularity = 8
         nx          = 32768
         ny          = 32768
         nt          = 200

============================ Unprocessed Statistics ============================
TIPI	JPI	Uncore1	Uncore2
0.07001	0.00000000798744	30	30
0.07150	0.00000000799960	30	30
0.07051	0.00000000817904	30	30
0.07227	0.00000000800462	30	30
0.07125	0.00000000799973	30	30
0.07146	0.00000000798412	30	30
0.07033	0.00000000798622	30	30
0.07164	0.00000000797902	30	30
0.07018	0.00000000801314	30	30
0.07171	0.00000000817875	30	30
0.07076	0.00000000817480	30	30
0.07072	0.00000000800920	30	30
0.07128	0.00000000793387	30	30
0.07147	0.00000000797038	30	30
0.07116	0.00000000794777	30	30
0.07121	0.00000000793501	30	30
0.07082	0.00000000833061	30	30
0.06660	0.00000000743856	30	30
0.06789	0.00000000761709	30	30
0.07105	0.00000000802256	30	30
0.06964	0.00000000776598	30	30
0.06710	0.00000000756801	30	30
0.06629	0.00000000747993	30	30
0.06558	0.00000000742397	30	30
0.06088	0.00000000673785	30	30
0.06711	0.00000000375774	30	30
0.06697	0.00000000356953	30	30
0.06717	0.00000000378389	30	30
0.06760	0.00000000361535	30	30
0.06629	0.00000000359043	30	30
0.06755	0.00000000379069	30	30
0.06650	0.00000000360397	30	30
0.06741	0.00000000370196	30	30
0.06626	0.00000000363387	30	30
0.06695	0.00000000360258	30	30
0.06778	0.00000000384531	30	30
0.06636	0.00000000358288	30	30
0.06561	0.00000000354362	30	30
0.06539	0.00000000370562	30	30
0.06616	0.00000000373398	30	30
0.06767	0.00000000375156	30	30
0.06591	0.00000000354152	30	30
0.06718	0.00000000374567	30	30
0.06666	0.00000000358609	30	30
0.06690	0.00000000358061	30	30
0.06619	0.00000000372799	30	30
0.06699	0.00000000360737	30	30
0.06665	0.00000000359159	30	30
0.06694	0.00000000377578	30	30
0.06566	0.00000000353318	30	30
0.06632	0.00000000357507	30	30
0.06521	0.00000000370505	30	30
0.06667	0.00000000373928	30	30
0.06720	0.00000000358106	30	30
0.06666	0.00000000358887	30	30
0.06724	0.00000000377275	30	30
0.06610	0.00000000357055	30	30
0.06762	0.00000000363761	30	30
0.06675	0.00000000379178	30	30
0.06691	0.00000000361978	30	30
0.06602	0.00000000357459	30	30
0.06692	0.00000000377400	30	30
0.06704	0.00000000359446	30	30
0.06648	0.00000000358102	30	30
0.06546	0.00000000369869	30	30
0.06450	0.00000000349273	30	30
0.06619	0.00000000322503	30	30
0.06748	0.00000000333052	30	30
0.06610	0.00000000311791	30	30
0.06720	0.00000000333810	30	30
0.06734	0.00000000317106	30	30
0.06729	0.00000000333556	30	30
0.06710	0.00000000318134	30	30
0.06705	0.00000000332472	30	30
0.06661	0.00000000316358	30	30
0.06594	0.00000000330197	30	30
0.06684	0.00000000316861	30	30
0.06574	0.00000000327290	30	30
0.06542	0.00000000308579	30	30
0.06453	0.00000000309277	30	30
0.06436	0.00000000328740	30	30
0.06647	0.00000000314318	30	30
0.06758	0.00000000333207	30	30
0.06669	0.00000000329085	30	30
0.06676	0.00000000317009	30	30
0.06662	0.00000000330750	30	30
0.06754	0.00000000320099	30	30
0.06633	0.00000000331666	30	30
0.06754	0.00000000319630	30	30
0.06602	0.00000000322706	30	30
0.06672	0.00000000324070	30	30
0.06662	0.00000000315569	30	30
0.06566	0.00000000329887	30	30
0.06644	0.00000000314450	30	30
0.06586	0.00000000329503	30	30
0.06581	0.00000000313003	30	30
0.06553	0.00000000325379	30	30
0.06684	0.00000000318579	30	30
0.06800	0.00000000334991	30	30
0.06719	0.00000000332832	30	30
0.06629	0.00000000316383	30	30
0.06741	0.00000000319496	30	30
0.06631	0.00000000330317	30	30
0.06730	0.00000000319762	30	30
0.06744	0.00000000333322	30	30
0.06707	0.00000000316523	30	30
0.06645	0.00000000332369	30	30
0.06670	0.00000000316325	30	30
0.06620	0.00000000321423	30	30
0.06621	0.00000000323103	30	30
0.06464	0.00000000307957	30	30
0.06547	0.00000000326336	30	30
0.06491	0.00000000307867	30	30
0.06715	0.00000000333264	30	30
0.06726	0.00000000318723	30	30
0.06662	0.00000000330956	30	30
0.06695	0.00000000318742	30	30
0.06647	0.00000000331001	30	30
0.06741	0.00000000320102	30	30
0.06723	0.00000000334502	30	30
0.06708	0.00000000317512	30	30
0.06646	0.00000000331998	30	30
0.06604	0.00000000315036	30	30
0.06669	0.00000000316298	30	30
0.06704	0.00000000332558	30	30
0.06569	0.00000000310372	30	30
0.06588	0.00000000329039	30	30
0.06568	0.00000000315145	30	30
0.06452	0.00000000324314	30	30
0.06466	0.00000000312068	30	30
0.06753	0.00000000333015	30	30
0.06703	0.00000000315824	30	30
0.06727	0.00000000335313	30	30
0.06668	0.00000000316780	30	30
0.06656	0.00000000315908	30	30
0.06661	0.00000000330778	30	30
0.06674	0.00000000317481	30	30
0.06757	0.00000000334053	30	30
0.06629	0.00000000314587	30	30
0.06665	0.00000000331118	30	30
0.06664	0.00000000317095	30	30
0.06702	0.00000000333769	30	30
0.06701	0.00000000317896	30	30
0.06649	0.00000000329702	30	30
0.06601	0.00000000313191	30	30
0.06597	0.00000000314088	30	30
0.06621	0.00000000330959	30	30
0.06711	0.00000000318679	30	30
0.06639	0.00000000329628	30	30
0.06714	0.00000000316708	30	30
0.06758	0.00000000334727	30	30
0.06678	0.00000000315068	30	30
0.06622	0.00000000331631	30	30
0.06688	0.00000000318504	30	30
0.06629	0.00000000331231	30	30
0.06550	0.00000000312865	30	30
0.06622	0.00000000322050	30	30
0.06584	0.00000000320325	30	30
0.06534	0.00000000319141	30	30
0.06419	0.00000000315564	30	30
0.06422	0.00000000318291	30	30
0.06688	0.00000000324520	30	30
0.06719	0.00000000331092	30	30
0.06741	0.00000000319589	30	30
0.06764	0.00000000332117	30	30
0.06622	0.00000000315602	30	30
0.06737	0.00000000332104	30	30
0.06634	0.00000000316607	30	30
0.06676	0.00000000317142	30	30
0.06632	0.00000000323025	30	30
0.06676	0.00000000323074	30	30
0.06681	0.00000000317061	30	30
0.06595	0.00000000328142	30	30
0.06604	0.00000000314907	30	30
0.06514	0.00000000324751	30	30
0.06680	0.00000000334742	30	30
0.06782	0.00000000318751	30	30
0.06702	0.00000000328882	30	30
0.06646	0.00000000324184	30	30
0.06753	0.00000000332660	30	30
0.06633	0.00000000317616	30	30
0.06717	0.00000000318116	30	30
0.06672	0.00000000332595	30	30
0.06709	0.00000000317093	30	30
0.06674	0.00000000331036	30	30
0.06673	0.00000000317431	30	30
0.06639	0.00000000329602	30	30
0.06608	0.00000000310793	30	30
0.06547	0.00000000327618	30	30
0.06567	0.00000000314718	30	30
0.06529	0.00000000313825	30	30
0.06419	0.00000000325842	30	30
0.06672	0.00000000329202	30	30
0.06713	0.00000000317130	30	30
0.06728	0.00000000333332	30	30
0.06719	0.00000000318488	30	30
0.06697	0.00000000332524	30	30
0.06664	0.00000000315865	30	30
0.06679	0.00000000332934	30	30
0.06765	0.00000000318795	30	30
0.06707	0.00000000332074	30	30
0.06637	0.00000000314441	30	30
0.06654	0.00000000329947	30	30
0.06671	0.00000000316666	30	30
0.06712	0.00000000324600	30	30
0.06624	0.00000000322419	30	30
0.06670	0.00000000317976	30	30
0.06644	0.00000000330061	30	30
0.06478	0.00000000310208	30	30
0.06453	0.00000000329965	30	30
0.06737	0.00000000317189	30	30
0.06728	0.00000000332106	30	30
0.06751	0.00000000317427	30	30
0.06627	0.00000000330259	30	30
0.06717	0.00000000318276	30	30
0.06632	0.00000000331337	30	30
0.06699	0.00000000318411	30	30
0.06731	0.00000000333409	30	30
0.06637	0.00000000315481	30	30
0.06696	0.00000000331975	30	30
0.06668	0.00000000316813	30	30
0.06696	0.00000000325159	30	30
0.06756	0.00000000326489	30	30
0.06635	0.00000000315767	30	30
0.06525	0.00000000323947	30	30
0.06431	0.00000000307535	30	30
0.06627	0.00000000329833	30	30
0.06735	0.00000000318431	30	30
0.06652	0.00000000316714	30	30
0.06716	0.00000000333126	30	30
0.06708	0.00000000318681	30	30
0.06734	0.00000000332829	30	30
0.06697	0.00000000316765	30	30
0.06683	0.00000000330261	30	30
0.06609	0.00000000316137	30	30
0.06596	0.00000000314286	30	30
0.06683	0.00000000332630	30	30
0.06653	0.00000000314692	30	30
0.06518	0.00000000326999	30	30
0.06573	0.00000000311418	30	30
0.06401	0.00000000310466	30	30
0.06682	0.00000000333912	30	30
0.06745	0.00000000316682	30	30
0.06690	0.00000000331521	30	30
0.06742	0.00000000319330	30	30
0.06597	0.00000000328474	30	30
0.06666	0.00000000316144	30	30
0.06639	0.00000000331183	30	30
0.06771	0.00000000320757	30	30
0.06599	0.00000000320734	30	30
0.06662	0.00000000324199	30	30
0.06641	0.00000000328451	30	30
0.06586	0.00000000313094	30	30
0.06541	0.00000000324041	30	30
0.06582	0.00000000312752	30	30
0.06608	0.00000000327316	30	30
0.06419	0.00000000304953	30	30
0.06653	0.00000000315454	30	30
0.06662	0.00000000326117	30	30
0.06714	0.00000000318669	30	30
0.06629	0.00000000330751	30	30
0.06771	0.00000000318684	30	30
0.06719	0.00000000331517	30	30
0.06685	0.00000000317320	30	30
0.06612	0.00000000329031	30	30
0.06667	0.00000000315588	30	30
0.06531	0.00000000313814	30	30
0.06680	0.00000000331524	30	30
0.06567	0.00000000313183	30	30
0.06576	0.00000000326957	30	30
0.06470	0.00000000308596	30	30
0.06410	0.00000000322000	30	30
0.06636	0.00000000313296	30	30
0.06722	0.00000000332333	30	30
0.06755	0.00000000332899	30	30
0.06693	0.00000000316654	30	30
0.06597	0.00000000329760	30	30
0.06710	0.00000000317207	30	30
0.06643	0.00000000329757	30	30
0.06749	0.00000000319743	30	30
0.06710	0.00000000317536	30	30
0.06640	0.00000000331091	30	30
0.06703	0.00000000318755	30	30
0.06647	0.00000000328813	30	30
0.06592	0.00000000311950	30	30
0.06588	0.00000000326915	30	30
0.06619	0.00000000313212	30	30
0.06548	0.00000000325559	30	30
0.06424	0.00000000305911	30	30
0.06466	0.00000000325921	30	30
0.06759	0.00000000318200	30	30
0.06754	0.00000000332228	30	30
0.06748	0.00000000318372	30	30
0.06636	0.00000000328893	30	30
0.06757	0.00000000319077	30	30
0.06683	0.00000000328931	30	30
0.06677	0.00000000312528	30	30
0.06681	0.00000000333158	30	30
0.06686	0.00000000316226	30	30
0.06615	0.00000000320057	30	30
0.06618	0.00000000322372	30	30
0.06704	0.00000000316112	30	30
0.06634	0.00000000328937	30	30
0.06561	0.00000000311552	30	30
0.06565	0.00000000326156	30	30
0.06523	0.00000000311517	30	30
0.06676	0.00000000324150	30	30
0.06770	0.00000000333923	30	30
0.06607	0.00000000313124	30	30
0.06721	0.00000000332636	30	30
0.06720	0.00000000316525	30	30
0.06721	0.00000000333198	30	30
0.06651	0.00000000314578	30	30
0.06644	0.00000000331106	30	30
0.06667	0.00000000316752	30	30
0.06669	0.00000000324193	30	30
0.06650	0.00000000323483	30	30
0.06665	0.00000000317714	30	30
0.06605	0.00000000327748	30	30
0.06388	0.00000000325834	30	30
0.06746	0.00000000333885	30	30
0.06713	0.00000000318471	30	30
0.06726	0.00000000334482	30	30
0.06644	0.00000000315630	30	30
0.06726	0.00000000332251	30	30
0.06666	0.00000000317733	30	30
0.06692	0.00000000317857	30	30
0.06615	0.00000000329651	30	30
0.06639	0.00000000314181	30	30
0.06679	0.00000000331531	30	30
0.06639	0.00000000315532	30	30
0.06590	0.00000000327928	30	30
0.06606	0.00000000312699	30	30
0.06656	0.00000000322225	30	30
0.06663	0.00000000322530	30	30
0.06708	0.00000000317444	30	30
0.06670	0.00000000329939	30	30
0.06709	0.00000000318182	30	30
0.06745	0.00000000332824	30	30
0.06734	0.00000000317656	30	30
0.06613	0.00000000330168	30	30
0.06728	0.00000000318901	30	30
0.06629	0.00000000331321	30	30
0.06736	0.00000000316875	30	30
0.06604	0.00000000327178	30	30
0.06629	0.00000000314052	30	30
0.06392	0.00000000310992	30	30
0.06740	0.00000000332910	30	30
0.06722	0.00000000318435	30	30
0.06760	0.00000000318610	30	30
0.06661	0.00000000332355	30	30
0.06721	0.00000000317137	30	30
0.06660	0.00000000331270	30	30
0.06783	0.00000000319484	30	30
0.06686	0.00000000330115	30	30
0.06625	0.00000000312755	30	30
0.06694	0.00000000331165	30	30
0.06672	0.00000000317152	30	30
0.06657	0.00000000328901	30	30
0.06613	0.00000000313595	30	30
0.06685	0.00000000325064	30	30
0.06636	0.00000000321638	30	30
0.06415	0.00000000307122	30	30
0.06537	0.00000000329253	30	30
0.06742	0.00000000318382	30	30
0.06731	0.00000000331844	30	30
0.06731	0.00000000319376	30	30
0.06654	0.00000000329814	30	30
0.06717	0.00000000316759	30	30
0.06644	0.00000000331251	30	30
0.06754	0.00000000319252	30	30
0.06726	0.00000000331382	30	30
0.06691	0.00000000314138	30	30
0.06618	0.00000000328727	30	30
0.06731	0.00000000317156	30	30
0.06653	0.00000000328145	30	30
0.06633	0.00000000313598	30	30
0.06660	0.00000000330079	30	30
0.06470	0.00000000315640	30	30
0.06352	0.00000000316060	30	30
0.06699	0.00000000320013	30	30
0.06740	0.00000000332972	30	30
0.06633	0.00000000315487	30	30
0.06758	0.00000000331112	30	30
0.06740	0.00000000318062	30	30
0.06762	0.00000000333367	30	30
0.06647	0.00000000314960	30	30
0.06704	0.00000000332099	30	30
0.06708	0.00000000314472	30	30
0.06665	0.00000000330568	30	30
0.06724	0.00000000316716	30	30
0.06600	0.00000000327786	30	30
0.06445	0.00000000306372	30	30
0.06431	0.00000000309248	30	30
0.06495	0.00000000328308	30	30
0.06745	0.00000000324021	30	30
0.06745	0.00000000325568	30	30
0.06723	0.00000000317715	30	30
0.06647	0.00000000330655	30	30
0.06680	0.00000000317049	30	30
0.06674	0.00000000331277	30	30
0.06675	0.00000000317310	30	30
0.06652	0.00000000323347	30	30
0.06708	0.00000000323315	30	30
0.06623	0.00000000314142	30	30
0.06645	0.00000000329881	30	30
0.06531	0.00000000309547	30	30
0.06634	0.00000000331488	30	30
0.06574	0.00000000312480	30	30
0.06637	0.00000000331502	30	30
0.06732	0.00000000334872	30	30
0.06622	0.00000000315128	30	30
0.06697	0.00000000330685	30	30
0.06697	0.00000000315598	30	30
0.06683	0.00000000329820	30	30
0.06708	0.00000000315797	30	30
0.06686	0.00000000324064	30	30
0.06686	0.00000000323542	30	30
0.06583	0.00000000313430	30	30
0.06560	0.00000000323389	30	30
0.06587	0.00000000310349	30	30
0.06468	0.00000000320015	30	30
0.06506	0.00000000311798	30	30
0.06737	0.00000000330849	30	30
0.06711	0.00000000324093	30	30
0.06760	0.00000000325793	30	30
0.06640	0.00000000329069	30	30
0.06735	0.00000000317408	30	30
0.06627	0.00000000315362	30	30
0.06687	0.00000000330569	30	30
0.06682	0.00000000317408	30	30
0.06653	0.00000000328982	30	30
0.06683	0.00000000317586	30	30
0.06637	0.00000000326946	30	30
0.06542	0.00000000310455	30	30
0.06421	0.00000000323322	30	30
0.06787	0.00000000320190	30	30
0.06712	0.00000000333261	30	30
0.06648	0.00000000314682	30	30
0.06753	0.00000000318603	30	30
0.06640	0.00000000329539	30	30
0.06760	0.00000000317603	30	30
0.06696	0.00000000329531	30	30
0.06766	0.00000000319478	30	30
0.06663	0.00000000330237	30	30
0.06710	0.00000000316067	30	30
0.06669	0.00000000330658	30	30
0.06778	0.00000000318325	30	30
0.06687	0.00000000331592	30	30
0.06571	0.00000000311834	30	30
0.06637	0.00000000325819	30	30
0.06454	0.00000000317816	30	30
0.06667	0.00000000331350	30	30
0.06785	0.00000000320308	30	30
0.06756	0.00000000333697	30	30
0.06771	0.00000000321711	30	30
0.06738	0.00000000332411	30	30
0.06740	0.00000000327461	30	30
0.06718	0.00000000318368	30	30
0.06662	0.00000000315519	30	30
0.06615	0.00000000330151	30	30
0.06667	0.00000000316517	30	30
0.06592	0.00000000314019	30	30
0.06590	0.00000000329824	30	30
0.06432	0.00000000312142	30	30
0.06584	0.00000000329080	30	30
0.06718	0.00000000319663	30	30
0.06765	0.00000000331538	30	30
0.06735	0.00000000318016	30	30
0.06654	0.00000000315268	30	30
0.06731	0.00000000331926	30	30
0.06642	0.00000000313860	30	30
0.06745	0.00000000334070	30	30
0.06733	0.00000000316867	30	30
0.06704	0.00000000333075	30	30
0.06617	0.00000000313818	30	30
0.06651	0.00000000330664	30	30
0.06661	0.00000000314417	30	30
0.06582	0.00000000326692	30	30
0.06582	0.00000000313980	30	30
0.06629	0.00000000320170	30	30
0.06533	0.00000000315184	30	30
0.06698	0.00000000318249	30	30
0.06778	0.00000000333906	30	30
0.06650	0.00000000315302	30	30
0.06735	0.00000000333781	30	30
0.06620	0.00000000313504	30	30
0.06666	0.00000000333286	30	30
0.06725	0.00000000318095	30	30
0.06661	0.00000000327198	30	30
0.06662	0.00000000316087	30	30
0.06657	0.00000000329495	30	30
0.06574	0.00000000314288	30	30
0.06646	0.00000000323125	30	30
0.06661	0.00000000321687	30	30
0.06498	0.00000000308783	30	30
0.06621	0.00000000329705	30	30
0.06474	0.00000000307007	30	30
0.06430	0.00000000326626	30	30
0.06742	0.00000000318015	30	30
0.06743	0.00000000332909	30	30
0.06723	0.00000000318729	30	30
0.06689	0.00000000330586	30	30
0.06686	0.00000000316439	30	30
0.06701	0.00000000331656	30	30
0.06666	0.00000000315788	30	30
0.06751	0.00000000320354	30	30
0.06611	0.00000000329184	30	30
0.06721	0.00000000316731	30	30
0.06687	0.00000000331838	30	30
0.06719	0.00000000318093	30	30
0.06628	0.00000000329293	30	30
0.06543	0.00000000312313	30	30
0.06644	0.00000000314197	30	30
0.06734	0.00000000333588	30	30
0.06635	0.00000000314818	30	30
0.06708	0.00000000332083	30	30
0.06732	0.00000000318530	30	30
0.06709	0.00000000331591	30	30
0.06707	0.00000000315927	30	30
0.06632	0.00000000331595	30	30
0.06665	0.00000000317393	30	30
0.06713	0.00000000330799	30	30
0.06749	0.00000000317655	30	30
0.06622	0.00000000328479	30	30
0.06509	0.00000000309374	30	30
0.06421	0.00000000307383	30	30
0.06426	0.00000000323887	30	30
0.06629	0.00000000315450	30	30
0.06771	0.00000000331999	30	30
0.06734	0.00000000330942	30	30
0.06776	0.00000000319433	30	30
0.06638	0.00000000328209	30	30
0.06734	0.00000000317669	30	30
0.06674	0.00000000317784	30	30
0.06710	0.00000000332426	30	30
0.06715	0.00000000316511	30	30
0.06615	0.00000000327344	30	30
0.06543	0.00000000309090	30	30
0.06586	0.00000000327358	30	30
0.06611	0.00000000312925	30	30
0.06506	0.00000000324089	30	30
0.06709	0.00000000332801	30	30
0.06753	0.00000000316605	30	30
0.06721	0.00000000332257	30	30
0.06623	0.00000000315054	30	30
0.06762	0.00000000325794	30	30
0.06639	0.00000000321152	30	30
0.06727	0.00000000334271	30	30
0.06743	0.00000000319329	30	30
0.06728	0.00000000318451	30	30
0.06666	0.00000000331068	30	30
0.06679	0.00000000315094	30	30
0.06649	0.00000000332283	30	30
0.06713	0.00000000316946	30	30
0.06489	0.00000000324149	30	30
0.06560	0.00000000311872	30	30
0.06415	0.00000000320583	30	30
0.06719	0.00000000332915	30	30
0.06768	0.00000000319126	30	30
0.06693	0.00000000331454	30	30
0.06754	0.00000000317030	30	30
0.06643	0.00000000328086	30	30
0.06721	0.00000000316311	30	30
0.06775	0.00000000334657	30	30
0.06757	0.00000000318721	30	30
0.06631	0.00000000330842	30	30
0.06730	0.00000000317609	30	30
0.06655	0.00000000327535	30	30
0.06714	0.00000000316565	30	30
0.06712	0.00000000332247	30	30
0.06617	0.00000000313517	30	30
0.06576	0.00000000328474	30	30
0.06470	0.00000000307224	30	30
0.06433	0.00000000321153	30	30
0.06779	0.00000000325087	30	30
0.06718	0.00000000332748	30	30
0.06706	0.00000000317386	30	30
0.06636	0.00000000321503	30	30
0.06692	0.00000000325669	30	30
0.06645	0.00000000314820	30	30
0.06680	0.00000000331895	30	30
0.06735	0.00000000317681	30	30
0.06657	0.00000000330407	30	30
0.06718	0.00000000316327	30	30
0.06654	0.00000000332218	30	30
0.06716	0.00000000316156	30	30
0.06704	0.00000000330310	30	30
0.06644	0.00000000315400	30	30
0.06560	0.00000000320064	30	30
0.06464	0.00000000316688	30	30
0.06645	0.00000000315844	30	30
0.06760	0.00000000328274	30	30
0.06646	0.00000000322489	30	30
0.06736	0.00000000330173	30	30
0.06707	0.00000000317838	30	30
0.06701	0.00000000322631	30	30
0.06688	0.00000000324369	30	30
0.06615	0.00000000313782	30	30
0.06688	0.00000000332282	30	30
0.06612	0.00000000311396	30	30
0.06700	0.00000000334117	30	30
0.06594	0.00000000312561	30	30
0.06620	0.00000000327897	30	30
0.06461	0.00000000307357	30	30
0.06439	0.00000000318819	30	30
0.06662	0.00000000320275	30	30
0.06728	0.00000000331320	30	30
0.06714	0.00000000315317	30	30
0.06690	0.00000000332936	30	30
0.06658	0.00000000315900	30	30
0.06740	0.00000000331289	30	30
0.06627	0.00000000316445	30	30
0.06768	0.00000000334491	30	30
0.06661	0.00000000316248	30	30
0.06676	0.00000000316777	30	30
0.06589	0.00000000330613	30	30
0.06605	0.00000000313700	30	30
0.06637	0.00000000329427	30	30
0.06575	0.00000000311935	30	30
0.06633	0.00000000329813	30	30
0.06563	0.00000000310984	30	30
0.06683	0.00000000318104	30	30
0.06772	0.00000000318111	30	30
0.06731	0.00000000333341	30	30
0.06651	0.00000000314552	30	30
0.06712	0.00000000328954	30	30
0.06641	0.00000000326972	30	30
0.06688	0.00000000315480	30	30
0.06621	0.00000000327040	30	30
0.06594	0.00000000313952	30	30
0.06649	0.00000000314880	30	30
0.06704	0.00000000331367	30	30
0.06571	0.00000000312567	30	30
0.06692	0.00000000333381	30	30
0.06603	0.00000000313428	30	30
0.06621	0.00000000328696	30	30
0.06558	0.00000000313528	30	30
0.06718	0.00000000318090	30	30
0.06775	0.00000000334272	30	30
0.06678	0.00000000317749	30	30
0.06705	0.00000000317764	30	30
0.06645	0.00000000329566	30	30
0.06722	0.00000000318449	30	30
0.06724	0.00000000332558	30	30
0.06718	0.00000000317209	30	30
0.06632	0.00000000329858	30	30
0.06599	0.00000000312105	30	30
0.06682	0.00000000332550	30	30
0.06623	0.00000000314056	30	30
0.06700	0.00000000332218	30	30
0.06588	0.00000000312973	30	30
0.06428	0.00000000307119	30	30
0.06760	0.00000000334258	30	30
0.06727	0.00000000319129	30	30
0.06730	0.00000000325753	30	30
0.06681	0.00000000324329	30	30
0.06687	0.00000000317128	30	30
0.06715	0.00000000330079	30	30
0.06646	0.00000000315444	30	30
0.06799	0.00000000333372	30	30
0.06652	0.00000000314564	30	30
0.06659	0.00000000331217	30	30
0.06599	0.00000000313058	30	30
0.06595	0.00000000325824	30	30
0.06596	0.00000000312932	30	30
0.06636	0.00000000329683	30	30
0.06660	0.00000000315544	30	30
0.06548	0.00000000310721	30	30
0.06633	0.00000000315374	30	30
0.06728	0.00000000325831	30	30
0.06654	0.00000000323831	30	30
0.06742	0.00000000325024	30	30
0.06688	0.00000000324789	30	30
0.06733	0.00000000317782	30	30
0.06679	0.00000000331923	30	30
0.06629	0.00000000314667	30	30
0.06619	0.00000000330863	30	30
0.06568	0.00000000311887	30	30
0.06609	0.00000000314353	30	30
0.06525	0.00000000327851	30	30
0.06459	0.00000000312365	30	30
0.06670	0.00000000322610	30	30
0.06714	0.00000000325213	30	30
0.06754	0.00000000331426	30	30
0.06768	0.00000000316810	30	30
0.06658	0.00000000329219	30	30
0.06726	0.00000000316427	30	30
0.06656	0.00000000330784	30	30
0.06685	0.00000000331839	30	30
0.06656	0.00000000316594	30	30
0.06583	0.00000000327941	30	30
0.06665	0.00000000313810	30	30
0.06447	0.00000000320965	30	30
0.06485	0.00000000309460	30	30
0.06574	0.00000000325658	30	30
0.06657	0.00000000329549	30	30
0.06793	0.00000000318840	30	30
0.06706	0.00000000333271	30	30
0.06624	0.00000000315113	30	30
0.06749	0.00000000332898	30	30
0.06569	0.00000000312718	30	30
0.06720	0.00000000332933	30	30
0.06702	0.00000000313904	30	30
0.06659	0.00000000331763	30	30
0.06657	0.00000000314933	30	30
0.06665	0.00000000317065	30	30
0.06655	0.00000000330904	30	30
0.06697	0.00000000316026	30	30
0.06652	0.00000000330718	30	30
0.06576	0.00000000313043	30	30
0.06567	0.00000000326539	30	30
0.06734	0.00000000317578	30	30
0.06753	0.00000000324902	30	30
0.06704	0.00000000326082	30	30
0.06680	0.00000000316168	30	30
0.06697	0.00000000330777	30	30
0.06733	0.00000000317349	30	30
0.06727	0.00000000333267	30	30
0.06767	0.00000000316651	30	30
0.06549	0.00000000326801	30	30
0.06689	0.00000000316053	30	30
0.06663	0.00000000330567	30	30
0.06585	0.00000000313184	30	30
0.06658	0.00000000315638	30	30
0.06642	0.00000000328703	30	30
0.06576	0.00000000325138	30	30
0.06494	0.00000000308995	30	30
0.06452	0.00000000319616	30	30
0.06784	0.00000000325255	30	30
0.06721	0.00000000331661	30	30
0.06741	0.00000000317771	30	30
0.06658	0.00000000329120	30	30
0.06685	0.00000000315892	30	30
0.06661	0.00000000329803	30	30
0.06697	0.00000000316773	30	30
0.06771	0.00000000327908	30	30
0.06612	0.00000000318974	30	30
0.06672	0.00000000324230	30	30
0.06626	0.00000000322179	30	30
0.06693	0.00000000316473	30	30
0.06672	0.00000000332378	30	30
0.06598	0.00000000312732	30	30
0.06575	0.00000000327591	30	30
0.06541	0.00000000311123	30	30
0.06659	0.00000000330559	30	30
0.06758	0.00000000319860	30	30
0.06647	0.00000000314288	30	30
0.06751	0.00000000334891	30	30
0.06742	0.00000000317261	30	30
0.06723	0.00000000330461	30	30
0.06668	0.00000000317127	30	30
0.06686	0.00000000331149	30	30
0.06699	0.00000000316141	30	30
0.06659	0.00000000330059	30	30
0.06663	0.00000000315641	30	30
0.06650	0.00000000315588	30	30
0.06571	0.00000000326371	30	30
0.06501	0.00000000309899	30	30
0.06428	0.00000000325714	30	30
0.06679	0.00000000315809	30	30
0.06722	0.00000000332930	30	30
0.06718	0.00000000319263	30	30
0.06734	0.00000000331845	30	30
0.06648	0.00000000316063	30	30
0.06732	0.00000000331565	30	30
0.06637	0.00000000317325	30	30
0.06706	0.00000000318535	30	30
0.06677	0.00000000332358	30	30
0.06689	0.00000000316467	30	30
0.06725	0.00000000333131	30	30
0.06675	0.00000000314389	30	30
0.06606	0.00000000326687	30	30
0.06444	0.00000000306829	30	30
0.06630	0.00000000329309	30	30
0.06672	0.00000000315979	30	30
0.06701	0.00000000330870	30	30
0.06679	0.00000000313884	30	30
0.06700	0.00000000332916	30	30
0.06673	0.00000000314282	30	30
0.06703	0.00000000329908	30	30
0.06602	0.00000000314143	30	30
0.06685	0.00000000329170	30	30
0.06681	0.00000000315997	30	30
0.06660	0.00000000329466	30	30
0.06565	0.00000000310457	30	30
0.06561	0.00000000326264	30	30
0.06473	0.00000000310531	30	30
0.06411	0.00000000312892	30	30
0.06671	0.00000000330213	30	30
0.06733	0.00000000330776	30	30
0.06722	0.00000000318837	30	30
0.06757	0.00000000318521	30	30
0.06641	0.00000000330562	30	30
0.06738	0.00000000330356	30	30
0.06655	0.00000000313726	30	30
0.06774	0.00000000332452	30	30
0.06615	0.00000000313017	30	30
0.06621	0.00000000329802	30	30
0.06698	0.00000000317691	30	30
0.06687	0.00000000329084	30	30
0.06710	0.00000000317458	30	30
0.06632	0.00000000327260	30	30
0.06490	0.00000000308964	30	30
0.06372	0.00000000306170	30	30
0.06708	0.00000000319854	30	30
0.06770	0.00000000334594	30	30
0.06746	0.00000000319417	30	30
0.06653	0.00000000330627	30	30
0.06754	0.00000000319379	30	30
0.06657	0.00000000315077	30	30
0.06744	0.00000000332736	30	30
0.06766	0.00000000319145	30	30
0.06721	0.00000000332246	30	30
0.06684	0.00000000317712	30	30
0.06662	0.00000000331059	30	30
0.06707	0.00000000316559	30	30
0.06709	0.00000000332140	30	30
0.06649	0.00000000315055	30	30
0.06655	0.00000000321434	30	30
0.06550	0.00000000320425	30	30
0.06671	0.00000000317404	30	30
0.06739	0.00000000335470	30	30
0.06613	0.00000000315126	30	30
0.06750	0.00000000333975	30	30
0.06729	0.00000000316421	30	30
0.06697	0.00000000330703	30	30
0.06613	0.00000000315835	30	30
0.06616	0.00000000314039	30	30
0.06671	0.00000000333097	30	30
0.06729	0.00000000316986	30	30
0.06641	0.00000000330458	30	30
0.06575	0.00000000312551	30	30
0.06532	0.00000000324570	30	30
0.06402	0.00000000306606	30	30
0.06490	0.00000000321204	30	30
0.06755	0.00000000325902	30	30
0.06727	0.00000000330474	30	30
0.06709	0.00000000318303	30	30
0.06701	0.00000000331822	30	30
0.06685	0.00000000316168	30	30
0.06749	0.00000000325004	30	30
0.06621	0.00000000321282	30	30
0.06745	0.00000000319823	30	30
0.06599	0.00000000327892	30	30
0.06720	0.00000000319227	30	30
0.06669	0.00000000329737	30	30
0.06611	0.00000000312197	30	30
0.06660	0.00000000315988	30	30
0.06569	0.00000000328355	30	30
0.06431	0.00000000310227	30	30
0.06693	0.00000000333838	30	30
0.06644	0.00000000315573	30	30
0.06699	0.00000000318467	30	30
0.06688	0.00000000333216	30	30
0.06666	0.00000000315341	30	30
0.06727	0.00000000335556	30	30
0.06755	0.00000000317786	30	30
0.06742	0.00000000332517	30	30
0.06588	0.00000000313769	30	30
0.06679	0.00000000324435	30	30
0.06625	0.00000000321719	30	30
0.06656	0.00000000315821	30	30
0.06481	0.00000000323823	30	30
0.06656	0.00000000315708	30	30
0.06578	0.00000000328066	30	30
0.06412	0.00000000311440	30	30
0.06635	0.00000000330741	30	30
0.06758	0.00000000316701	30	30
0.06725	0.00000000331038	30	30
0.06766	0.00000000318949	30	30
0.06654	0.00000000328398	30	30
0.06721	0.00000000316901	30	30
0.06693	0.00000000333541	30	30
0.06745	0.00000000319388	30	30
0.06731	0.00000000327160	30	30
0.06686	0.00000000316764	30	30
0.06646	0.00000000329769	30	30
0.06668	0.00000000317869	30	30
0.06616	0.00000000327161	30	30
0.06613	0.00000000315024	30	30
0.06783	0.00000000320954	30	30
0.06642	0.00000000317328	30	30
0.06738	0.00000000333527	30	30
0.06686	0.00000000317209	30	30
0.06623	0.00000000329287	30	30
0.06669	0.00000000317849	30	30
0.06493	0.00000000326310	30	30
0.06687	0.00000000316421	30	30
0.06594	0.00000000319765	30	30
0.06457	0.00000000316219	30	30
0.06495	0.00000000308652	30	30
0.06609	0.00000000327638	30	30
0.06459	0.00000000310590	30	30
0.06495	0.00000000328016	30	30
0.06695	0.00000000318213	30	30
0.06724	0.00000000329772	30	30
0.06719	0.00000000319672	30	30
0.06751	0.00000000325844	30	30
0.06637	0.00000000321651	30	30
0.06744	0.00000000326607	30	30
0.06636	0.00000000321586	30	30
0.06698	0.00000000317915	30	30
0.06639	0.00000000327328	30	30
0.06626	0.00000000315157	30	30
0.06535	0.00000000326350	30	30
0.06578	0.00000000311976	30	30
0.06603	0.00000000328807	30	30
0.06494	0.00000000309271	30	30
0.06602	0.00000000316919	30	30
0.06660	0.00000000325154	30	30
0.06716	0.00000000327299	30	30
0.06634	0.00000000320372	30	30
0.06723	0.00000000327827	30	30
0.06665	0.00000000315256	30	30
0.06507	0.00000000321557	30	30
0.06647	0.00000000319885	30	30
0.06594	0.00000000320075	30	30
0.06642	0.00000000322508	30	30
0.06697	0.00000000325367	30	30
0.06573	0.00000000317718	30	30
0.06550	0.00000000318804	30	30
0.06468	0.00000000322174	30	30
0.06442	0.00000000310893	30	30
0.06652	0.00000000328210	30	30
0.06707	0.00000000317468	30	30
0.06764	0.00000000333953	30	30
0.06751	0.00000000317953	30	30
0.06649	0.00000000331275	30	30
0.06692	0.00000000315608	30	30
0.06681	0.00000000331809	30	30
0.06732	0.00000000317050	30	30
0.06704	0.00000000330130	30	30
0.06625	0.00000000314070	30	30
0.06701	0.00000000317238	30	30
0.06617	0.00000000328346	30	30
0.06672	0.00000000315399	30	30
0.06665	0.00000000330056	30	30
0.06594	0.00000000313330	30	30
0.06554	0.00000000326796	30	30
0.06736	0.00000000326404	30	30
0.06758	0.00000000332480	30	30
0.06741	0.00000000318403	30	30
0.06625	0.00000000328569	30	30
0.06722	0.00000000319021	30	30
0.06663	0.00000000323753	30	30
0.06726	0.00000000325130	30	30
0.06733	0.00000000325622	30	30
0.06669	0.00000000322587	30	30
0.06607	0.00000000314835	30	30
0.06633	0.00000000329484	30	30
0.06635	0.00000000315615	30	30
0.06682	0.00000000328655	30	30
0.06609	0.00000000314344	30	30
0.06575	0.00000000326630	30	30
0.06559	0.00000000313010	30	30
0.06685	0.00000000330591	30	30
0.06774	0.00000000317158	30	30
0.06656	0.00000000331101	30	30
0.06741	0.00000000332932	30	30
0.06622	0.00000000315681	30	30
0.06794	0.00000000332965	30	30
0.06698	0.00000000316348	30	30
0.06738	0.00000000332148	30	30
0.06653	0.00000000316771	30	30
0.06660	0.00000000316081	30	30
0.06545	0.00000000327652	30	30
0.06732	0.00000000315906	30	30
0.06595	0.00000000327679	30	30
0.06533	0.00000000310891	30	30
0.06565	0.00000000326975	30	30
0.06438	0.00000000308612	30	30
0.06504	0.00000000314397	30	30
0.06735	0.00000000333559	30	30
0.06732	0.00000000318477	30	30
0.06687	0.00000000332363	30	30
0.06667	0.00000000317460	30	30
0.06679	0.00000000331716	30	30
0.06679	0.00000000316468	30	30
0.06687	0.00000000332482	30	30
0.06781	0.00000000319444	30	30
0.06641	0.00000000316988	30	30
0.06681	0.00000000330601	30	30
0.06577	0.00000000311481	30	30
0.06641	0.00000000330863	30	30
0.06666	0.00000000315975	30	30
0.06679	0.00000000326317	30	30
0.06623	0.00000000320689	30	30
0.06435	0.00000000313692	30	30
0.06610	0.00000000315871	30	30
0.06725	0.00000000318139	30	30
0.06667	0.00000000331181	30	30
0.06695	0.00000000316130	30	30
0.06714	0.00000000334153	30	30
0.06723	0.00000000316703	30	30
0.06629	0.00000000327976	30	30
0.06589	0.00000000312777	30	30
0.06613	0.00000000320797	30	30
0.06500	0.00000000319603	30	30
0.06562	0.00000000310338	30	30
0.06537	0.00000000325651	30	30
0.06658	0.00000000315233	30	30
0.06519	0.00000000322475	30	30
0.06740	0.00000000331602	30	30
0.06727	0.00000000317589	30	30
0.06750	0.00000000325938	30	30
0.06597	0.00000000323538	30	30
0.06725	0.00000000318507	30	30
0.06628	0.00000000330407	30	30
0.06792	0.00000000320576	30	30
0.06662	0.00000000329568	30	30
0.06661	0.00000000316037	30	30
0.06605	0.00000000329983	30	30
0.06667	0.00000000314726	30	30
0.06592	0.00000000313392	30	30
0.06564	0.00000000327104	30	30
0.06595	0.00000000312355	30	30
0.06595	0.00000000328599	30	30
0.06687	0.00000000326673	30	30
0.06761	0.00000000318555	30	30
0.06727	0.00000000333239	30	30
0.06667	0.00000000317129	30	30
0.06731	0.00000000332131	30	30
0.06658	0.00000000315606	30	30
0.06724	0.00000000332587	30	30
0.06711	0.00000000316824	30	30
0.06709	0.00000000318499	30	30
0.06671	0.00000000332076	30	30
0.06660	0.00000000316755	30	30
0.06663	0.00000000331249	30	30
0.06658	0.00000000315212	30	30
0.06607	0.00000000327849	30	30
0.06689	0.00000000317470	30	30
0.06505	0.00000000315881	30	30
0.06700	0.00000000316839	30	30
0.06760	0.00000000326492	30	30
0.06644	0.00000000323289	30	30
0.06710	0.00000000319154	30	30
0.06636	0.00000000329499	30	30
0.06695	0.00000000318479	30	30
0.06731	0.00000000332342	30	30
0.06701	0.00000000316349	30	30
0.06638	0.00000000330425	30	30
0.06669	0.00000000316117	30	30
0.06663	0.00000000330473	30	30
0.06647	0.00000000314932	30	30
0.06704	0.00000000331341	30	30
0.06600	0.00000000310902	30	30
0.06431	0.00000000322355	30	30
0.06468	0.00000000307178	30	30
0.06438	0.00000000326622	30	30
0.06748	0.00000000317635	30	30
0.06769	0.00000000334362	30	30
0.06712	0.00000000316567	30	30
0.06660	0.00000000329149	30	30
0.06725	0.00000000317563	30	30
0.06702	0.00000000329786	30	30
0.06679	0.00000000317168	30	30
0.06767	0.00000000333698	30	30
0.06660	0.00000000314610	30	30
0.06581	0.00000000327641	30	30
0.06656	0.00000000315742	30	30
0.06562	0.00000000319658	30	30
0.06632	0.00000000323225	30	30
0.06584	0.00000000325525	30	30
0.06409	0.00000000306207	30	30
0.06434	0.00000000310305	30	30
0.06647	0.00000000329803	30	30
0.06747	0.00000000328165	30	30
0.06611	0.00000000314300	30	30
0.06705	0.00000000333921	30	30
0.06719	0.00000000317345	30	30
0.06671	0.00000000329855	30	30
0.06650	0.00000000317265	30	30
0.06653	0.00000000331197	30	30
0.06742	0.00000000316558	30	30
0.06635	0.00000000320577	30	30
0.06740	0.00000000327970	30	30
0.06596	0.00000000320892	30	30
0.06432	0.00000000315154	30	30
0.06523	0.00000000312685	30	30
0.06740	0.00000000334056	30	30
0.06751	0.00000000318325	30	30
0.06753	0.00000000332733	30	30
0.06630	0.00000000315068	30	30
0.06739	0.00000000325353	30	30
0.06683	0.00000000324339	30	30
0.06703	0.00000000316835	30	30
0.06652	0.00000000332623	30	30
0.06640	0.00000000316537	30	30
0.06681	0.00000000322664	30	30
0.06642	0.00000000321325	30	30
0.06659	0.00000000315782	30	30
0.06529	0.00000000324206	30	30
0.06716	0.00000000333391	30	30
0.06733	0.00000000330776	30	30
0.06665	0.00000000314741	30	30
0.06635	0.00000000330708	30	30
0.06755	0.00000000318475	30	30
0.06667	0.00000000332076	30	30
0.06704	0.00000000317559	30	30
0.06691	0.00000000322893	30	30
0.06617	0.00000000321802	30	30
0.06641	0.00000000316204	30	30
0.06648	0.00000000328860	30	30
0.06652	0.00000000316364	30	30
0.06715	0.00000000332875	30	30
0.06635	0.00000000314644	30	30
0.06450	0.00000000324686	30	30
0.06641	0.00000000315237	30	30
0.06710	0.00000000333790	30	30
0.06776	0.00000000317706	30	30
0.06691	0.00000000331723	30	30
0.06712	0.00000000317760	30	30
0.06653	0.00000000317126	30	30
0.06751	0.00000000332133	30	30
0.06721	0.00000000322790	30	30
0.06747	0.00000000323267	30	30
0.06646	0.00000000329114	30	30
0.06659	0.00000000313891	30	30
0.06643	0.00000000328881	30	30
0.06735	0.00000000319605	30	30
0.06676	0.00000000329528	30	30
0.06569	0.00000000312172	30	30
0.06541	0.00000000324875	30	30
0.06416	0.00000000305944	30	30
0.06422	0.00000000327078	30	30
0.06752	0.00000000317680	30	30
0.06741	0.00000000333784	30	30
0.06692	0.00000000317740	30	30
0.06639	0.00000000323337	30	30
0.06713	0.00000000326359	30	30
0.06665	0.00000000318261	30	30
0.06690	0.00000000331488	30	30
0.06687	0.00000000318926	30	30
0.06663	0.00000000329766	30	30
0.06692	0.00000000316443	30	30
0.06619	0.00000000323509	30	30
0.06702	0.00000000325153	30	30
0.06535	0.00000000310981	30	30
0.06607	0.00000000327669	30	30
0.06515	0.00000000310062	30	30
0.06507	0.00000000325854	30	30
0.06656	0.00000000317056	30	30
0.06751	0.00000000333453	30	30
0.06633	0.00000000314321	30	30
0.06732	0.00000000325001	30	30
0.06707	0.00000000326652	30	30
0.06706	0.00000000316971	30	30
0.06705	0.00000000332011	30	30
0.06661	0.00000000315335	30	30
0.06603	0.00000000329539	30	30
0.06600	0.00000000312219	30	30
0.06522	0.00000000325240	30	30
0.06554	0.00000000312314	30	30
0.06624	0.00000000314959	30	30
0.06534	0.00000000323477	30	30
0.06709	0.00000000319071	30	30
0.06704	0.00000000335406	30	30
0.06751	0.00000000316757	30	30
0.06657	0.00000000332309	30	30
0.06715	0.00000000316349	30	30
0.06626	0.00000000331200	30	30
0.06759	0.00000000319455	30	30
0.06650	0.00000000329475	30	30
0.06723	0.00000000318535	30	30
0.06635	0.00000000329917	30	30
0.06672	0.00000000317048	30	30
0.06627	0.00000000321687	30	30
0.06558	0.00000000319662	30	30
0.06575	0.00000000314362	30	30
0.06510	0.00000000325425	30	30
0.06796	0.00000000318321	30	30
0.06694	0.00000000332114	30	30
0.06651	0.00000000314588	30	30
0.06738	0.00000000327141	30	30
0.06665	0.00000000322616	30	30
0.06755	0.00000000332239	30	30
0.06745	0.00000000317581	30	30
0.06737	0.00000000332778	30	30
0.06637	0.00000000315109	30	30
0.06709	0.00000000324968	30	30
0.06641	0.00000000323170	30	30
0.06726	0.00000000316813	30	30
0.06638	0.00000000329525	30	30
0.06488	0.00000000310131	30	30
0.06512	0.00000000324040	30	30
0.06459	0.00000000311622	30	30
0.06616	0.00000000329736	30	30
0.06751	0.00000000319902	30	30
0.06744	0.00000000334321	30	30
0.06676	0.00000000316299	30	30
0.06694	0.00000000332725	30	30
0.06641	0.00000000315390	30	30
0.06713	0.00000000324533	30	30
0.06710	0.00000000325919	30	30
0.06698	0.00000000316540	30	30
0.06633	0.00000000330425	30	30
0.06747	0.00000000319605	30	30
0.06624	0.00000000329551	30	30
0.06663	0.00000000315462	30	30
0.06667	0.00000000330774	30	30
0.06682	0.00000000317415	30	30
0.06601	0.00000000327311	30	30
0.06431	0.00000000310524	30	30
0.06432	0.00000000311728	30	30
0.06741	0.00000000331065	30	30
0.06752	0.00000000331905	30	30
0.06745	0.00000000318115	30	30
0.06638	0.00000000321541	30	30
0.06708	0.00000000324621	30	30
0.06670	0.00000000321811	30	30
0.06700	0.00000000324757	30	30
0.06767	0.00000000326148	30	30
0.06670	0.00000000326043	30	30
0.06719	0.00000000316701	30	30
0.06652	0.00000000331947	30	30
0.06717	0.00000000317777	30	30
0.06611	0.00000000325243	30	30
0.06621	0.00000000313091	30	30
0.06589	0.00000000327014	30	30
0.06436	0.00000000307626	30	30
0.06631	0.00000000330431	30	30
0.06742	0.00000000320224	30	30
0.06635	0.00000000322042	30	30
0.06721	0.00000000326032	30	30
0.06725	0.00000000319367	30	30
0.06713	0.00000000330231	30	30
0.06627	0.00000000314648	30	30
0.06686	0.00000000332357	30	30
0.06609	0.00000000318126	30	30
0.06598	0.00000000319010	30	30
0.06687	0.00000000330710	30	30
0.06639	0.00000000315023	30	30
0.06504	0.00000000324209	30	30
0.06526	0.00000000309234	30	30
0.06420	0.00000000328199	30	30
0.06716	0.00000000317137	30	30
0.06732	0.00000000332858	30	30
0.06739	0.00000000318539	30	30
0.06716	0.00000000332180	30	30
0.06643	0.00000000316507	30	30
0.06758	0.00000000331753	30	30
0.06608	0.00000000316438	30	30
0.06657	0.00000000317494	30	30
0.06616	0.00000000330044	30	30
0.06695	0.00000000317513	30	30
0.06679	0.00000000324977	30	30
0.06671	0.00000000323569	30	30
0.06622	0.00000000316422	30	30
0.06627	0.00000000328352	30	30
0.06628	0.00000000325786	30	30
0.06676	0.00000000317831	30	30
0.06697	0.00000000332193	30	30
0.06667	0.00000000318562	30	30
0.06726	0.00000000332978	30	30
0.06727	0.00000000317733	30	30
0.06746	0.00000000333183	30	30
0.06558	0.00000000312223	30	30
0.06528	0.00000000318915	30	30
0.06647	0.00000000324349	30	30
0.06547	0.00000000310092	30	30
0.06594	0.00000000328771	30	30
0.06603	0.00000000313746	30	30
0.06401	0.00000000322678	30	30
0.06744	0.00000000318062	30	30
0.06740	0.00000000332791	30	30
0.06718	0.00000000319131	30	30
0.06675	0.00000000331050	30	30
0.06704	0.00000000316263	30	30
0.06674	0.00000000332740	30	30
0.06776	0.00000000319140	30	30
0.06684	0.00000000331842	30	30
0.06628	0.00000000315391	30	30
0.06711	0.00000000324584	30	30
0.06646	0.00000000321472	30	30
0.06713	0.00000000330453	30	30
0.06562	0.00000000309818	30	30
0.06628	0.00000000324205	30	30
0.06477	0.00000000319092	30	30
0.06741	0.00000000319829	30	30
0.06741	0.00000000333139	30	30
0.06740	0.00000000319071	30	30
0.06617	0.00000000329272	30	30
0.06760	0.00000000319484	30	30
0.06627	0.00000000321964	30	30
0.06715	0.00000000325961	30	30
0.06759	0.00000000319158	30	30
0.06656	0.00000000331118	30	30
0.06704	0.00000000317412	30	30
0.06682	0.00000000330539	30	30
0.06672	0.00000000317182	30	30
0.06715	0.00000000334095	30	30
0.06661	0.00000000318886	30	30
0.06514	0.00000000318045	30	30
0.06659	0.00000000316249	30	30
0.06674	0.00000000332196	30	30
0.06776	0.00000000320697	30	30
0.06743	0.00000000333427	30	30
0.06774	0.00000000318017	30	30
0.06744	0.00000000334504	30	30
0.06768	0.00000000327171	30	30
0.06730	0.00000000326825	30	30
0.06759	0.00000000319500	30	30
0.06742	0.00000000326676	30	30
0.06679	0.00000000326599	30	30
0.06710	0.00000000325468	30	30
0.06703	0.00000000324889	30	30
0.06551	0.00000000313052	30	30
0.06423	0.00000000324329	30	30
0.06489	0.00000000317744	30	30
0.06781	0.00000000334129	30	30
0.06728	0.00000000316931	30	30
0.06744	0.00000000333732	30	30
0.06646	0.00000000315527	30	30
0.06688	0.00000000330151	30	30
0.06773	0.00000000322475	30	30
0.06751	0.00000000332905	30	30
0.06760	0.00000000320034	30	30
0.06589	0.00000000326093	30	30
0.06679	0.00000000316433	30	30
0.06634	0.00000000331421	30	30
0.06722	0.00000000318271	30	30
0.06716	0.00000000331845	30	30
0.06630	0.00000000315908	30	30
0.06583	0.00000000329831	30	30
0.06526	0.00000000311248	30	30
0.06636	0.00000000315736	30	30
0.06753	0.00000000334596	30	30
0.06595	0.00000000313862	30	30
0.06757	0.00000000334041	30	30
0.06712	0.00000000319106	30	30
0.06726	0.00000000320280	30	30
0.06703	0.00000000331185	30	30
0.06699	0.00000000318412	30	30
0.06701	0.00000000333345	30	30
0.06645	0.00000000315386	30	30
0.06771	0.00000000334544	30	30
0.06668	0.00000000315404	30	30
0.06583	0.00000000325002	30	30
0.06461	0.00000000310181	30	30
0.06418	0.00000000324343	30	30
0.06671	0.00000000315878	30	30
0.06754	0.00000000332735	30	30
0.06730	0.00000000317740	30	30
0.06707	0.00000000332147	30	30
0.06640	0.00000000316654	30	30
0.06723	0.00000000333173	30	30
0.06661	0.00000000318091	30	30
0.06683	0.00000000316239	30	30
0.06656	0.00000000331848	30	30
0.06682	0.00000000317138	30	30
0.06647	0.00000000330627	30	30
0.06553	0.00000000313005	30	30
0.06557	0.00000000314647	30	30
0.06514	0.00000000328130	30	30
0.06782	0.00000000320925	30	30
0.06710	0.00000000334151	30	30
0.06654	0.00000000315152	30	30
0.06749	0.00000000334628	30	30
0.06649	0.00000000314471	30	30
0.06768	0.00000000334308	30	30
0.06758	0.00000000318441	30	30
0.06744	0.00000000332636	30	30
0.06658	0.00000000316397	30	30
0.06725	0.00000000332111	30	30
0.06650	0.00000000315416	30	30
0.06722	0.00000000333707	30	30
0.06699	0.00000000316277	30	30
0.06630	0.00000000315876	30	30
0.06563	0.00000000325770	30	30
0.06493	0.00000000314873	30	30
0.06657	0.00000000329988	30	30
0.06721	0.00000000317548	30	30
0.06743	0.00000000334330	30	30
0.06726	0.00000000318772	30	30
0.06688	0.00000000331165	30	30
0.06673	0.00000000318693	30	30
0.06715	0.00000000326247	30	30
0.06723	0.00000000326608	30	30
0.06738	0.00000000325557	30	30
0.06635	0.00000000323583	30	30
0.06647	0.00000000315328	30	30
0.06660	0.00000000331571	30	30
0.06723	0.00000000317687	30	30
0.06682	0.00000000330954	30	30
0.06571	0.00000000311322	30	30
0.06447	0.00000000323903	30	30
0.06720	0.00000000328193	30	30
0.06778	0.00000000325206	30	30
0.06736	0.00000000326219	30	30
0.06646	0.00000000315340	30	30
0.06724	0.00000000332608	30	30
0.06677	0.00000000315000	30	30
0.06680	0.00000000331457	30	30
0.06669	0.00000000315364	30	30
0.06656	0.00000000332763	30	30
0.06689	0.00000000317700	30	30
0.06698	0.00000000317047	30	30
0.06587	0.00000000327393	30	30
0.06665	0.00000000316516	30	30
0.06564	0.00000000327237	30	30
0.06618	0.00000000314146	30	30
0.06706	0.00000000333634	30	30
0.06682	0.00000000317395	30	30
0.06729	0.00000000333061	30	30
0.06730	0.00000000319686	30	30
0.06732	0.00000000331451	30	30
0.06668	0.00000000318213	30	30
0.06650	0.00000000329569	30	30
0.06703	0.00000000317601	30	30
0.06567	0.00000000327227	30	30
0.06669	0.00000000315708	30	30
0.06587	0.00000000315062	30	30
0.06565	0.00000000327026	30	30
0.06508	0.00000000309847	30	30
0.06446	0.00000000326731	30	30
0.06676	0.00000000317431	30	30
0.06737	0.00000000333393	30	30
0.06709	0.00000000317201	30	30
0.06758	0.00000000327226	30	30
0.06652	0.00000000323225	30	30
0.06719	0.00000000330792	30	30
0.06558	0.00000000312959	30	30
0.06716	0.00000000324213	30	30
0.06648	0.00000000322019	30	30
0.06678	0.00000000316592	30	30
0.06683	0.00000000331853	30	30
0.06583	0.00000000317892	30	30
0.06609	0.00000000321577	30	30
0.06622	0.00000000312816	30	30
0.06613	0.00000000328953	30	30
0.06464	0.00000000309793	30	30
0.06639	0.00000000318066	30	30
0.06664	0.00000000323792	30	30
0.06736	0.00000000327752	30	30
0.06618	0.00000000322214	30	30
0.06721	0.00000000325566	30	30
0.06670	0.00000000316145	30	30
0.06713	0.00000000333665	30	30
0.06594	0.00000000314175	30	30
0.06679	0.00000000325602	30	30
0.06660	0.00000000325005	30	30
0.06687	0.00000000329200	30	30
0.06535	0.00000000314030	30	30
0.06606	0.00000000315430	30	30
0.06488	0.00000000324665	30	30
0.06740	0.00000000320102	30	30
0.06756	0.00000000325472	30	30
0.06719	0.00000000326443	30	30
0.06700	0.00000000317750	30	30
0.06660	0.00000000330664	30	30
0.06683	0.00000000316774	30	30
0.06755	0.00000000333925	30	30
0.06695	0.00000000315870	30	30
0.06585	0.00000000327043	30	30
0.06668	0.00000000314314	30	30
0.06599	0.00000000328571	30	30
0.06718	0.00000000317136	30	30
0.06694	0.00000000333241	30	30
0.06717	0.00000000317414	30	30
0.06618	0.00000000325863	30	30
0.06410	0.00000000308945	30	30
0.06563	0.00000000330088	30	30
0.06740	0.00000000318321	30	30
0.06748	0.00000000331729	30	30
0.06726	0.00000000317297	30	30
0.06627	0.00000000330722	30	30
0.06735	0.00000000319213	30	30
0.06642	0.00000000330233	30	30
0.06681	0.00000000316649	30	30
0.06737	0.00000000324940	30	30
0.06637	0.00000000324414	30	30
0.06670	0.00000000316760	30	30
0.06615	0.00000000329259	30	30
0.06680	0.00000000316984	30	30
0.06661	0.00000000332101	30	30
0.06629	0.00000000315547	30	30
0.06548	0.00000000318577	30	30
0.06536	0.00000000319132	30	30
0.06641	0.00000000316577	30	30
0.06763	0.00000000334803	30	30
0.06596	0.00000000314939	30	30
0.06732	0.00000000324401	30	30
0.06671	0.00000000323431	30	30
0.06653	0.00000000321715	30	30
0.06674	0.00000000323790	30	30
0.06675	0.00000000315733	30	30
0.06677	0.00000000332944	30	30
0.06645	0.00000000316103	30	30
0.06621	0.00000000330206	30	30
0.06546	0.00000000312397	30	30
0.06418	0.00000000306773	30	30
0.06511	0.00000000323902	30	30
0.06418	0.00000000326096	30	30
0.06678	0.00000000317047	30	30
0.06736	0.00000000332159	30	30
0.06725	0.00000000317573	30	30
0.06701	0.00000000333316	30	30
0.06642	0.00000000314178	30	30
0.06699	0.00000000331115	30	30
0.06648	0.00000000317203	30	30
0.06773	0.00000000333357	30	30
0.06621	0.00000000314452	30	30
0.06699	0.00000000332354	30	30
0.06711	0.00000000317742	30	30
0.06677	0.00000000318151	30	30
0.06688	0.00000000331162	30	30
0.06682	0.00000000317542	30	30
0.06631	0.00000000331258	30	30
0.06507	0.00000000309992	30	30
0.06616	0.00000000316971	30	30
0.06692	0.00000000332449	30	30
0.06697	0.00000000315762	30	30
0.06648	0.00000000330268	30	30
0.06668	0.00000000316941	30	30
0.06706	0.00000000323039	30	30
0.06747	0.00000000327614	30	30
0.06663	0.00000000323736	30	30
0.06661	0.00000000322771	30	30
0.06631	0.00000000316752	30	30
0.06718	0.00000000333018	30	30
0.06567	0.00000000310604	30	30
0.06558	0.00000000320396	30	30
0.06477	0.00000000315250	30	30
0.06722	0.00000000319457	30	30
0.06734	0.00000000331829	30	30
0.06739	0.00000000320102	30	30
0.06642	0.00000000331319	30	30
0.06686	0.00000000315710	30	30
0.06672	0.00000000331262	30	30
0.06700	0.00000000317665	30	30
0.06683	0.00000000330320	30	30
0.06610	0.00000000314698	30	30
0.06618	0.00000000330564	30	30
0.06540	0.00000000312527	30	30
0.06516	0.00000000325611	30	30
0.06595	0.00000000314090	30	30
0.06715	0.00000000324198	30	30
0.06562	0.00000000320648	30	30
0.06429	0.00000000308802	30	30
0.06541	0.00000000327641	30	30
0.06702	0.00000000319381	30	30
0.06756	0.00000000333922	30	30
0.06755	0.00000000318873	30	30
0.06652	0.00000000329378	30	30
0.06744	0.00000000318915	30	30
0.06674	0.00000000330673	30	30
0.06725	0.00000000316877	30	30
0.06734	0.00000000333576	30	30
0.06686	0.00000000316346	30	30
0.06605	0.00000000329614	30	30
0.06674	0.00000000317010	30	30
0.06686	0.00000000317356	30	30
0.06722	0.00000000331920	30	30
0.06661	0.00000000316949	30	30
0.06612	0.00000000329261	30	30
0.06513	0.00000000311101	30	30
0.06679	0.00000000330197	30	30
0.06740	0.00000000318835	30	30
0.06642	0.00000000331155	30	30
0.06730	0.00000000318869	30	30
0.06608	0.00000000330121	30	30
0.06743	0.00000000320783	30	30
0.06672	0.00000000323169	30	30
0.06714	0.00000000324626	30	30
0.06669	0.00000000317765	30	30
0.06608	0.00000000329611	30	30
0.06640	0.00000000315391	30	30
0.06653	0.00000000329995	30	30
0.06645	0.00000000316300	30	30
0.06627	0.00000000328306	30	30
0.06483	0.00000000308292	30	30
0.06409	0.00000000322259	30	30
0.06491	0.00000000313647	30	30
0.06758	0.00000000333011	30	30
0.06701	0.00000000317747	30	30
0.06737	0.00000000332877	30	30
0.06694	0.00000000315849	30	30
0.06686	0.00000000333148	30	30
0.06709	0.00000000317200	30	30
0.06644	0.00000000323695	30	30
0.06796	0.00000000328797	30	30
0.06642	0.00000000313988	30	30
0.06616	0.00000000330287	30	30
0.06575	0.00000000312576	30	30
0.06700	0.00000000331896	30	30
0.06715	0.00000000318603	30	30
0.06687	0.00000000329736	30	30
0.06632	0.00000000313778	30	30
0.06505	0.00000000322363	30	30
0.06649	0.00000000321916	30	30
0.06750	0.00000000317952	30	30
0.06581	0.00000000327784	30	30
0.06714	0.00000000318033	30	30
0.06651	0.00000000317077	30	30
0.06681	0.00000000330772	30	30
0.06679	0.00000000315225	30	30
0.06680	0.00000000332418	30	30
0.06694	0.00000000317465	30	30
0.06572	0.00000000325809	30	30
0.06620	0.00000000320673	30	30
0.06591	0.00000000319866	30	30
0.06451	0.00000000315116	30	30
0.06491	0.00000000317245	30	30
0.06715	0.00000000319630	30	30
0.06732	0.00000000334746	30	30
0.06774	0.00000000319675	30	30
0.06658	0.00000000323462	30	30
0.06726	0.00000000326647	30	30
0.06662	0.00000000316700	30	30
0.06764	0.00000000334433	30	30
0.06666	0.00000000316532	30	30
0.06704	0.00000000331468	30	30
0.06648	0.00000000313836	30	30
0.06577	0.00000000325960	30	30
0.06586	0.00000000313232	30	30
0.06624	0.00000000329180	30	30
0.06607	0.00000000313490	30	30
0.06564	0.00000000312392	30	30
0.06672	0.00000000318673	30	30
0.06783	0.00000000335646	30	30
0.06708	0.00000000318423	30	30
0.06633	0.00000000330948	30	30
0.06732	0.00000000318350	30	30
0.06636	0.00000000327871	30	30
0.06748	0.00000000319362	30	30
0.06713	0.00000000332719	30	30
0.06717	0.00000000317442	30	30
0.06650	0.00000000331817	30	30
0.06695	0.00000000317257	30	30
0.06619	0.00000000327271	30	30
0.06639	0.00000000312429	30	30
0.06563	0.00000000325494	30	30
0.06577	0.00000000312048	30	30
0.06447	0.00000000323721	30	30
0.06741	0.00000000317232	30	30
0.06734	0.00000000334338	30	30
0.06722	0.00000000317372	30	30
0.06688	0.00000000331184	30	30
0.06689	0.00000000316891	30	30
0.06702	0.00000000331151	30	30
0.06721	0.00000000317089	30	30
0.06727	0.00000000325415	30	30
0.06616	0.00000000322751	30	30
0.06687	0.00000000323905	30	30
0.06662	0.00000000322338	30	30
0.06674	0.00000000317047	30	30
0.06695	0.00000000333424	30	30
0.06630	0.00000000314149	30	30
0.06546	0.00000000326381	30	30
0.06747	0.00000000319823	30	30
0.06723	0.00000000326295	30	30
0.06753	0.00000000328588	30	30
0.06646	0.00000000314889	30	30
0.06687	0.00000000333230	30	30
0.06667	0.00000000315982	30	30
0.06700	0.00000000334887	30	30
0.06773	0.00000000319589	30	30
0.06636	0.00000000328601	30	30
0.06694	0.00000000317323	30	30
0.06637	0.00000000323385	30	30
0.06625	0.00000000321154	30	30
0.06642	0.00000000316434	30	30
0.06663	0.00000000329726	30	30
0.06561	0.00000000312859	30	30
0.06568	0.00000000325949	30	30
0.06631	0.00000000316024	30	30
0.06750	0.00000000333272	30	30
0.06618	0.00000000315235	30	30
0.06692	0.00000000331706	30	30
0.06709	0.00000000317957	30	30
0.06712	0.00000000332647	30	30
0.06665	0.00000000316147	30	30
0.06619	0.00000000327276	30	30
0.06658	0.00000000316997	30	30
0.06639	0.00000000328529	30	30
0.06660	0.00000000315175	30	30
0.06544	0.00000000324642	30	30
0.06442	0.00000000305685	30	30
0.06434	0.00000000325029	30	30
0.06426	0.00000000309897	30	30
0.06703	0.00000000332720	30	30
0.06704	0.00000000317315	30	30
0.06715	0.00000000333926	30	30
0.06729	0.00000000319734	30	30
0.06609	0.00000000330246	30	30
0.06714	0.00000000316786	30	30
0.06654	0.00000000330971	30	30
0.06715	0.00000000318743	30	30
0.06652	0.00000000316050	30	30
0.06688	0.00000000334671	30	30
0.06617	0.00000000315311	30	30
0.06632	0.00000000331011	30	30
0.06583	0.00000000313522	30	30
0.06549	0.00000000311116	30	30
0.06640	0.00000000329616	30	30
0.06671	0.00000000318179	30	30
0.06718	0.00000000319128	30	30
0.06704	0.00000000331267	30	30
0.06726	0.00000000330705	30	30
0.06652	0.00000000314610	30	30
0.06663	0.00000000316142	30	30
0.06646	0.00000000330236	30	30
0.06667	0.00000000315735	30	30
0.06600	0.00000000330288	30	30
0.06691	0.00000000317323	30	30
0.06642	0.00000000329012	30	30
0.06658	0.00000000314630	30	30
0.06409	0.00000000320838	30	30
0.06760	0.00000000318912	30	30
0.06688	0.00000000332869	30	30
0.06743	0.00000000319454	30	30
0.06624	0.00000000323567	30	30
0.06723	0.00000000325878	30	30
0.06654	0.00000000316684	30	30
0.06750	0.00000000335376	30	30
0.06686	0.00000000317099	30	30
0.06641	0.00000000330053	30	30
0.06677	0.00000000317668	30	30
0.06653	0.00000000330685	30	30
0.06665	0.00000000316752	30	30
0.06714	0.00000000332738	30	30
0.06704	0.00000000316962	30	30
0.06556	0.00000000314264	30	30
0.06780	0.00000000335401	30	30
0.06705	0.00000000325976	30	30
0.06793	0.00000000320841	30	30
0.06688	0.00000000325384	30	30
0.06739	0.00000000335599	30	30
0.06724	0.00000000321033	30	30
0.06741	0.00000000320696	30	30
0.06739	0.00000000333488	30	30
0.06616	0.00000000313935	30	30
0.06697	0.00000000334030	30	30
0.06579	0.00000000314032	30	30
0.06458	0.00000000324005	30	30
0.06719	0.00000000320248	30	30
0.06644	0.00000000315292	30	30
0.06686	0.00000000332150	30	30
0.06742	0.00000000318543	30	30
0.06720	0.00000000333782	30	30
0.06731	0.00000000318958	30	30
0.06646	0.00000000330836	30	30
0.06687	0.00000000316756	30	30
0.06614	0.00000000331022	30	30
0.06748	0.00000000320359	30	30
0.06586	0.00000000321781	30	30
0.06669	0.00000000322664	30	30
0.06512	0.00000000315721	30	30
0.06719	0.00000000318880	30	30
0.06715	0.00000000325306	30	30
0.06715	0.00000000323917	30	30
0.06606	0.00000000315214	30	30
0.06718	0.00000000332810	30	30
0.06671	0.00000000315917	30	30
0.06741	0.00000000333136	30	30
0.06660	0.00000000315558	30	30
0.06679	0.00000000332385	30	30
0.06656	0.00000000313568	30	30
0.06628	0.00000000328180	30	30
0.06681	0.00000000317943	30	30
0.06595	0.00000000327766	30	30
0.06595	0.00000000313578	30	30
0.06545	0.00000000327378	30	30
0.06705	0.00000000334275	30	30
0.06702	0.00000000317697	30	30
0.06731	0.00000000335110	30	30
0.06653	0.00000000316984	30	30
0.06719	0.00000000331177	30	30
0.06638	0.00000000316615	30	30
0.06723	0.00000000332735	30	30
0.06684	0.00000000316609	30	30
0.06675	0.00000000331774	30	30
0.06676	0.00000000315545	30	30
0.06676	0.00000000324284	30	30
0.06638	0.00000000323667	30	30
0.06591	0.00000000313859	30	30
0.06663	0.00000000331263	30	30
0.06671	0.00000000318600	30	30
0.06499	0.00000000326315	30	30
0.06698	0.00000000317525	30	30
0.06797	0.00000000319531	30	30
0.06645	0.00000000331821	30	30
0.06714	0.00000000317173	30	30
0.06627	0.00000000330001	30	30
0.06756	0.00000000320640	30	30
0.06706	0.00000000331600	30	30
0.06727	0.00000000317845	30	30
0.06690	0.00000000331741	30	30
0.06657	0.00000000314594	30	30
0.06594	0.00000000326440	30	30
0.06613	0.00000000312364	30	30
0.06649	0.00000000329885	30	30
0.06649	0.00000000315798	30	30
0.06616	0.00000000327460	30	30
0.06460	0.00000000308201	30	30
0.06461	0.00000000326469	30	30
0.06726	0.00000000325413	30	30
0.06758	0.00000000327178	30	30
0.06715	0.00000000318638	30	30
0.06653	0.00000000330885	30	30
0.06709	0.00000000315552	30	30
0.06657	0.00000000329621	30	30
0.06679	0.00000000323808	30	30
0.06743	0.00000000324446	30	30
0.06631	0.00000000328997	30	30
0.06626	0.00000000313688	30	30
0.06551	0.00000000326013	30	30
0.06659	0.00000000317568	30	30
0.06626	0.00000000330021	30	30
0.06662	0.00000000317377	30	30
0.06666	0.00000000331065	30	30
0.06456	0.00000000309139	30	30
0.06616	0.00000000316294	30	30
0.06734	0.00000000335559	30	30
0.06620	0.00000000313816	30	30
0.06732	0.00000000334248	30	30
0.06732	0.00000000320166	30	30
0.06738	0.00000000324243	30	30
0.06713	0.00000000325627	30	30
0.06647	0.00000000329438	30	30
0.06676	0.00000000315015	30	30
0.06670	0.00000000330486	30	30
0.06609	0.00000000312474	30	30
0.06554	0.00000000321082	30	30
0.06489	0.00000000316692	30	30
0.06411	0.00000000307113	30	30
0.06424	0.00000000326797	30	30
0.06693	0.00000000315989	30	30
0.06699	0.00000000333272	30	30
0.06725	0.00000000318821	30	30
0.06751	0.00000000332804	30	30
0.06645	0.00000000323309	30	30
0.06765	0.00000000323402	30	30
0.06602	0.00000000328871	30	30
0.06692	0.00000000316683	30	30
0.06590	0.00000000327471	30	30
0.06700	0.00000000316718	30	30
0.06683	0.00000000331510	30	30
0.06670	0.00000000316722	30	30
0.06612	0.00000000331882	30	30
0.06500	0.00000000311157	30	30
0.06656	0.00000000329699	30	30
0.06688	0.00000000323932	30	30
0.06694	0.00000000317077	30	30
0.06681	0.00000000329013	30	30
0.06706	0.00000000331568	30	30
0.06710	0.00000000317252	30	30
0.06733	0.00000000331555	30	30
0.06623	0.00000000316263	30	30
0.06724	0.00000000333879	30	30
0.06547	0.00000000311299	30	30
0.06663	0.00000000328662	30	30
0.06639	0.00000000313389	30	30
0.06512	0.00000000325206	30	30
0.06499	0.00000000309562	30	30
0.06424	0.00000000325435	30	30
0.06676	0.00000000316397	30	30
0.06747	0.00000000332137	30	30
0.06734	0.00000000318746	30	30
0.06736	0.00000000334115	30	30
0.06649	0.00000000315578	30	30
0.06688	0.00000000331933	30	30
0.06642	0.00000000316694	30	30
0.06782	0.00000000336824	30	30
0.06679	0.00000000315352	30	30
0.06587	0.00000000328655	30	30
0.06580	0.00000000313973	30	30
0.06672	0.00000000317752	30	30
0.06631	0.00000000330098	30	30
0.06601	0.00000000313671	30	30
0.06584	0.00000000327543	30	30
0.06627	0.00000000315671	30	30
0.06443	0.00000000311338	30	30
0.06484	0.00000000329580	30	30
0.06722	0.00000000320035	30	30
0.06739	0.00000000333327	30	30
0.06757	0.00000000319416	30	30
0.06659	0.00000000330604	30	30
0.06738	0.00000000317329	30	30
0.06643	0.00000000331075	30	30
0.06734	0.00000000319025	30	30
0.06717	0.00000000332445	30	30
0.06698	0.00000000318215	30	30
0.06641	0.00000000314748	30	30
0.06614	0.00000000329655	30	30
0.06628	0.00000000313627	30	30
0.06701	0.00000000332725	30	30
0.06645	0.00000000314909	30	30
0.06550	0.00000000325377	30	30
0.06508	0.00000000308808	30	30
0.06664	0.00000000332966	30	30
0.06781	0.00000000320249	30	30
0.06641	0.00000000330855	30	30
0.06737	0.00000000319016	30	30
0.06648	0.00000000324091	30	30
0.06698	0.00000000325138	30	30
0.06731	0.00000000319562	30	30
0.06745	0.00000000334128	30	30
0.06603	0.00000000315490	30	30
0.06619	0.00000000327201	30	30
0.06618	0.00000000314284	30	30
0.06644	0.00000000329025	30	30
0.06649	0.00000000321420	30	30
0.06493	0.00000000316539	30	30
0.06424	0.00000000319975	30	30
0.06465	0.00000000308710	30	30
0.06474	0.00000000328057	30	30
0.06780	0.00000000318228	30	30
0.06702	0.00000000332390	30	30
0.06730	0.00000000319279	30	30
0.06660	0.00000000316619	30	30
0.06685	0.00000000334099	30	30
0.06718	0.00000000317131	30	30
0.06696	0.00000000332674	30	30
0.06748	0.00000000317907	30	30
0.06621	0.00000000329301	30	30
0.06615	0.00000000315268	30	30
0.06628	0.00000000329863	30	30
0.06629	0.00000000314013	30	30
0.06647	0.00000000329385	30	30
0.06636	0.00000000315535	30	30
0.06602	0.00000000314879	30	30
0.06659	0.00000000329891	30	30
0.06650	0.00000000314946	30	30
0.06727	0.00000000335460	30	30
0.06593	0.00000000314483	30	30
0.06698	0.00000000332067	30	30
0.06692	0.00000000317853	30	30
0.06735	0.00000000318626	30	30
0.06685	0.00000000332320	30	30
0.06660	0.00000000317129	30	30
0.06651	0.00000000330862	30	30
0.06690	0.00000000317175	30	30
0.06655	0.00000000331836	30	30
0.06631	0.00000000314861	30	30
0.06512	0.00000000325469	30	30
0.06480	0.00000000310543	30	30
0.06731	0.00000000319168	30	30
0.06785	0.00000000333520	30	30
0.06756	0.00000000333431	30	30
0.06647	0.00000000314685	30	30
0.06710	0.00000000326215	30	30
0.06686	0.00000000325249	30	30
0.06749	0.00000000324852	30	30
0.06566	0.00000000319983	30	30
0.06659	0.00000000316274	30	30
0.06671	0.00000000331274	30	30
0.06717	0.00000000317275	30	30
0.06653	0.00000000329567	30	30
0.06602	0.00000000313491	30	30
0.06586	0.00000000325487	30	30
0.06157	0.00000000307300	30	30
0.06661	0.00000000319214	30	30
0.06780	0.00000000334279	30	30
0.06722	0.00000000320235	30	30
0.06631	0.00000000323028	30	30
0.06741	0.00000000327195	30	30
0.06638	0.00000000321622	30	30
0.06675	0.00000000324144	30	30
0.06717	0.00000000317568	30	30
0.06645	0.00000000331262	30	30
0.06674	0.00000000315692	30	30
0.06648	0.00000000330527	30	30
0.06525	0.00000000312379	30	30
0.06608	0.00000000331791	30	30
0.06423	0.00000000308246	30	30
0.06485	0.00000000309838	30	30
0.06533	0.00000000327074	30	30
0.06412	0.00000000310344	30	30
0.06644	0.00000000331874	30	30
0.06719	0.00000000318153	30	30
0.06778	0.00000000335762	30	30
0.06684	0.00000000317212	30	30
0.06714	0.00000000333988	30	30
0.06668	0.00000000314920	30	30
0.06716	0.00000000331915	30	30
0.06739	0.00000000319574	30	30
0.06739	0.00000000317384	30	30
0.06650	0.00000000330441	30	30
0.06744	0.00000000332548	30	30
0.06618	0.00000000314176	30	30
0.06718	0.00000000333485	30	30
0.06735	0.00000000317845	30	30
0.06682	0.00000000325331	30	30
0.06539	0.00000000318919	30	30
0.06751	0.00000000320664	30	30
0.06750	0.00000000326128	30	30
0.06700	0.00000000328426	30	30
0.06656	0.00000000317053	30	30
0.06695	0.00000000333468	30	30
0.06697	0.00000000317746	30	30
0.06662	0.00000000330318	30	30
0.06744	0.00000000333951	30	30
0.06619	0.00000000321179	30	30
0.06655	0.00000000324388	30	30
0.06496	0.00000000309559	30	30
0.06486	0.00000000325100	30	30
0.06561	0.00000000315386	30	30
0.06480	0.00000000324248	30	30
0.06615	0.00000000317687	30	30
0.06712	0.00000000319088	30	30
0.06640	0.00000000329399	30	30
0.06709	0.00000000317435	30	30
0.06642	0.00000000321623	30	30
0.06644	0.00000000322680	30	30
0.06626	0.00000000315340	30	30
0.06689	0.00000000332897	30	30
0.06628	0.00000000314938	30	30
0.06477	0.00000000311522	30	30
0.06619	0.00000000328512	30	30
0.06426	0.00000000306786	30	30
0.06596	0.00000000328183	30	30
0.06524	0.00000000314220	30	30
0.06753	0.00000000326657	30	30
0.06739	0.00000000326642	30	30
0.06736	0.00000000325485	30	30
0.06644	0.00000000324604	30	30
0.06743	0.00000000319532	30	30
0.06642	0.00000000332107	30	30
0.06653	0.00000000316740	30	30
0.06730	0.00000000334084	30	30
0.06649	0.00000000314728	30	30
0.06705	0.00000000325838	30	30
0.06632	0.00000000321873	30	30
0.06541	0.00000000320094	30	30
0.06481	0.00000000319030	30	30
0.06722	0.00000000320301	30	30
0.06756	0.00000000331510	30	30
0.06737	0.00000000320510	30	30
0.06659	0.00000000330411	30	30
0.06733	0.00000000317256	30	30
0.06646	0.00000000330483	30	30
0.06761	0.00000000321190	30	30
0.06732	0.00000000318179	30	30
0.06732	0.00000000334603	30	30
0.06709	0.00000000317625	30	30
0.06612	0.00000000330833	30	30
0.06675	0.00000000317067	30	30
0.06705	0.00000000320033	30	30
0.06500	0.00000000324110	30	30
0.06529	0.00000000309931	30	30
0.06534	0.00000000323772	30	30
0.06400	0.00000000311708	30	30
0.06673	0.00000000329959	30	30
0.06669	0.00000000317759	30	30
0.06795	0.00000000337242	30	30
0.06651	0.00000000315650	30	30
0.06757	0.00000000334519	30	30
0.06580	0.00000000312915	30	30
0.06740	0.00000000336743	30	30
0.06726	0.00000000318126	30	30
0.06695	0.00000000330159	30	30
0.06576	0.00000000311607	30	30
0.06722	0.00000000332014	30	30
0.06617	0.00000000315092	30	30
0.06613	0.00000000329752	30	30
0.06625	0.00000000313744	30	30
0.06571	0.00000000329209	30	30
0.06580	0.00000000312654	30	30
0.06420	0.00000000309226	30	30
0.06514	0.00000000329760	30	30
0.06721	0.00000000318856	30	30
0.06724	0.00000000334457	30	30
0.06731	0.00000000318356	30	30
0.06682	0.00000000332718	30	30
0.06686	0.00000000318340	30	30
0.06621	0.00000000313304	30	30
0.06654	0.00000000331514	30	30
0.06774	0.00000000319789	30	30
0.06664	0.00000000330199	30	30
0.06639	0.00000000315560	30	30
0.06676	0.00000000332625	30	30
0.06702	0.00000000317984	30	30
0.06729	0.00000000319482	30	30
0.06635	0.00000000331260	30	30
0.06577	0.00000000311658	30	30
0.06548	0.00000000327891	30	30
0.06653	0.00000000326268	30	30
0.06733	0.00000000318451	30	30
0.06641	0.00000000329494	30	30
0.06679	0.00000000316377	30	30
0.06692	0.00000000331888	30	30
0.06624	0.00000000315002	30	30
0.06604	0.00000000328902	30	30
0.06641	0.00000000315975	30	30
0.06631	0.00000000316437	30	30
0.06620	0.00000000330067	30	30
0.06676	0.00000000316298	30	30
0.06622	0.00000000330368	30	30
0.06480	0.00000000307331	30	30
0.06546	0.00000000328815	30	30
0.06464	0.00000000312930	30	30
0.06640	0.00000000329763	30	30
0.06774	0.00000000318872	30	30
0.06724	0.00000000331988	30	30
0.06751	0.00000000320191	30	30
0.06671	0.00000000331290	30	30
0.06746	0.00000000317146	30	30
0.06655	0.00000000330564	30	30
0.06677	0.00000000316206	30	30
0.06616	0.00000000327875	30	30
0.06627	0.00000000314490	30	30
0.06659	0.00000000332381	30	30
0.06661	0.00000000317230	30	30
0.06559	0.00000000328953	30	30
0.06584	0.00000000315026	30	30
0.06693	0.00000000319023	30	30
0.06733	0.00000000336215	30	30
0.06749	0.00000000319501	30	30
0.06627	0.00000000330060	30	30
0.06753	0.00000000318900	30	30
0.06636	0.00000000331079	30	30
0.06724	0.00000000317669	30	30
0.06696	0.00000000318964	30	30
0.06698	0.00000000334057	30	30
0.06672	0.00000000318295	30	30
0.06668	0.00000000329610	30	30
0.06631	0.00000000314993	30	30
0.06680	0.00000000328327	30	30
0.06540	0.00000000325473	30	30
0.06588	0.00000000314971	30	30
0.06528	0.00000000311421	30	30
0.06740	0.00000000333959	30	30
0.06713	0.00000000317691	30	30
0.06666	0.00000000330676	30	30
0.06686	0.00000000316816	30	30
0.06682	0.00000000317657	30	30
0.06734	0.00000000334510	30	30
0.06702	0.00000000317737	30	30
0.06714	0.00000000332894	30	30
0.06643	0.00000000316723	30	30
0.06655	0.00000000329870	30	30
0.06653	0.00000000315874	30	30
0.06600	0.00000000327587	30	30
0.06649	0.00000000315829	30	30
0.06428	0.00000000321004	30	30
0.06573	0.00000000312550	30	30
0.06749	0.00000000320459	30	30
0.06751	0.00000000333062	30	30
0.06708	0.00000000325800	30	30
0.06653	0.00000000323726	30	30
0.06698	0.00000000317416	30	30
0.06688	0.00000000333405	30	30
0.06676	0.00000000317243	30	30
0.06681	0.00000000317890	30	30
0.06635	0.00000000331251	30	30
0.06653	0.00000000316135	30	30
0.06666	0.00000000331929	30	30
0.06700	0.00000000317325	30	30
0.06679	0.00000000333886	30	30
0.06574	0.00000000314869	30	30
0.06486	0.00000000330293	30	30
0.06692	0.00000000318808	30	30
0.06841	0.00000000338215	30	30
0.06780	0.00000000336840	30	30
0.06783	0.00000000321509	30	30
0.06796	0.00000000334480	30	30
0.06791	0.00000000321503	30	30
0.06796	0.00000000337079	30	30
0.06650	0.00000000314251	30	30
0.06675	0.00000000333038	30	30
0.06785	0.00000000322840	30	30
0.06630	0.00000000315891	30	30
0.06425	0.00000000324949	30	30
0.06518	0.00000000311246	30	30
0.06457	0.00000000311155	30	30
0.06705	0.00000000333920	30	30
0.06724	0.00000000320299	30	30
0.06736	0.00000000334035	30	30
0.06704	0.00000000318647	30	30
0.06653	0.00000000332364	30	30
0.06707	0.00000000317314	30	30
0.06652	0.00000000325088	30	30
0.06685	0.00000000333954	30	30
0.06602	0.00000000314000	30	30
0.06707	0.00000000334158	30	30
0.06673	0.00000000319039	30	30
0.06710	0.00000000332203	30	30
0.06570	0.00000000313977	30	30
0.06512	0.00000000324722	30	30
0.06659	0.00000000324648	30	30
0.06712	0.00000000317417	30	30
0.06706	0.00000000331883	30	30
0.06688	0.00000000315800	30	30
0.06745	0.00000000332758	30	30
0.06723	0.00000000330140	30	30
0.06699	0.00000000317713	30	30
0.06655	0.00000000323613	30	30
0.06683	0.00000000324421	30	30
0.06640	0.00000000315562	30	30
0.06706	0.00000000331757	30	30
0.06573	0.00000000318672	30	30
0.06557	0.00000000319834	30	30
0.06430	0.00000000306050	30	30
0.06466	0.00000000325482	30	30
0.06645	0.00000000330642	30	30
0.06735	0.00000000318473	30	30
0.06771	0.00000000332834	30	30
0.06733	0.00000000316776	30	30
0.06624	0.00000000331377	30	30
0.06744	0.00000000319302	30	30
0.06643	0.00000000331406	30	30
0.06785	0.00000000320968	30	30
0.06617	0.00000000321330	30	30
0.06668	0.00000000325425	30	30
0.06652	0.00000000329861	30	30
0.06600	0.00000000314567	30	30
0.06581	0.00000000327202	30	30
0.06626	0.00000000313433	30	30
0.06641	0.00000000332019	30	30
0.06600	0.00000000315115	30	30
0.06709	0.00000000328040	30	30
0.06774	0.00000000320319	30	30
0.06736	0.00000000334127	30	30
0.06652	0.00000000315351	30	30
0.06756	0.00000000333471	30	30
0.06666	0.00000000314965	30	30
0.06730	0.00000000333234	30	30
0.06742	0.00000000318088	30	30
0.06736	0.00000000334187	30	30
0.06659	0.00000000316388	30	30
0.06687	0.00000000331244	30	30
0.06667	0.00000000316112	30	30
0.06778	0.00000000334950	30	30
0.06658	0.00000000315868	30	30
0.06607	0.00000000328487	30	30
0.06444	0.00000000307846	30	30
0.06414	0.00000000327449	30	30
0.06630	0.00000000314294	30	30
0.06733	0.00000000332937	30	30
0.06772	0.00000000318282	30	30
0.06672	0.00000000332392	30	30
0.06690	0.00000000317317	30	30
0.06651	0.00000000332488	30	30
0.06726	0.00000000319209	30	30
0.06706	0.00000000332649	30	30
0.06694	0.00000000317475	30	30
0.06582	0.00000000329770	30	30
0.06584	0.00000000312678	30	30
0.06589	0.00000000314860	30	30
0.06526	0.00000000326914	30	30
0.06533	0.00000000311624	30	30
0.06539	0.00000000327156	30	30
0.06547	0.00000000312779	30	30
0.06479	0.00000000325754	30	30
0.06426	0.00000000311715	30	30
0.06724	0.00000000334301	30	30
0.06753	0.00000000317581	30	30
0.06741	0.00000000326344	30	30
0.06645	0.00000000323231	30	30
0.06737	0.00000000320235	30	30
0.06665	0.00000000331685	30	30
0.06689	0.00000000318240	30	30
0.06771	0.00000000336322	30	30
0.06636	0.00000000312350	30	30
0.06721	0.00000000335013	30	30
0.06530	0.00000000310276	30	30
0.06689	0.00000000331887	30	30
0.06677	0.00000000317372	30	30
0.06613	0.00000000329632	30	30
0.06516	0.00000000309251	30	30
0.06486	0.00000000317417	30	30
0.06640	0.00000000316903	30	30
0.06744	0.00000000319654	30	30
0.06620	0.00000000331001	30	30
0.06730	0.00000000318956	30	30
0.06689	0.00000000333469	30	30
0.06599	0.00000000314111	30	30
0.06680	0.00000000332178	30	30
0.06645	0.00000000316807	30	30
0.06618	0.00000000315732	30	30
0.06577	0.00000000329117	30	30
0.06614	0.00000000316080	30	30
0.06646	0.00000000324124	30	30
0.06541	0.00000000319317	30	30
0.06584	0.00000000312260	30	30
0.06730	0.00000000334584	30	30
0.06724	0.00000000318211	30	30
0.06769	0.00000000335595	30	30
0.06663	0.00000000313961	30	30
0.06728	0.00000000333721	30	30
0.06651	0.00000000316487	30	30
0.06705	0.00000000319919	30	30
0.06664	0.00000000331688	30	30
0.06653	0.00000000316185	30	30
0.06657	0.00000000331914	30	30
0.06628	0.00000000314605	30	30
0.06654	0.00000000332256	30	30
0.06454	0.00000000308498	30	30
0.06789	0.00000000327904	30	30
0.06709	0.00000000324703	30	30
0.06639	0.00000000329472	30	30
0.06719	0.00000000318079	30	30
0.06611	0.00000000330222	30	30
0.06704	0.00000000318072	30	30
0.06698	0.00000000324421	30	30
0.06648	0.00000000323730	30	30
0.06653	0.00000000331082	30	30
0.06605	0.00000000317038	30	30
0.06577	0.00000000316189	30	30
0.06698	0.00000000333113	30	30
0.06562	0.00000000311897	30	30
0.06668	0.00000000317522	30	30
0.06508	0.00000000325379	30	30
0.06426	0.00000000312080	30	30
0.06650	0.00000000329249	30	30
0.06715	0.00000000318771	30	30
0.06766	0.00000000335208	30	30
0.06699	0.00000000317432	30	30
0.06693	0.00000000333663	30	30
0.06682	0.00000000316366	30	30
0.06729	0.00000000333543	30	30
0.06715	0.00000000318055	30	30
0.06682	0.00000000330380	30	30
0.06656	0.00000000317129	30	30
0.06678	0.00000000324555	30	30
0.06682	0.00000000325354	30	30
0.06715	0.00000000317040	30	30
0.06627	0.00000000330235	30	30
0.06535	0.00000000310913	30	30
0.06537	0.00000000326458	30	30
0.06486	0.00000000309791	30	30
0.06437	0.00000000327576	30	30
0.06751	0.00000000319931	30	30
0.06754	0.00000000332837	30	30
0.06718	0.00000000319506	30	30
0.06640	0.00000000330453	30	30
0.06688	0.00000000316823	30	30
0.06658	0.00000000332192	30	30
0.06671	0.00000000318204	30	30
0.06711	0.00000000318180	30	30
0.06647	0.00000000331253	30	30
0.06710	0.00000000318171	30	30
0.06618	0.00000000331427	30	30
0.06715	0.00000000319757	30	30
0.06710	0.00000000331503	30	30
0.06677	0.00000000317683	30	30
0.06648	0.00000000331478	30	30
0.06569	0.00000000313444	30	30
0.06639	0.00000000332667	30	30
0.06760	0.00000000321547	30	30
0.06633	0.00000000314928	30	30
0.06738	0.00000000335081	30	30
0.06684	0.00000000318530	30	30
0.06690	0.00000000331427	30	30
0.06670	0.00000000317837	30	30
0.06646	0.00000000324730	30	30
0.06701	0.00000000324596	30	30
0.06632	0.00000000317057	30	30
0.06625	0.00000000327802	30	30
0.06610	0.00000000316600	30	30
0.06545	0.00000000319782	30	30
0.06487	0.00000000316743	30	30
0.06710	0.00000000318159	30	30
0.06755	0.00000000334040	30	30
0.06745	0.00000000318040	30	30
0.06635	0.00000000330954	30	30
0.06725	0.00000000318368	30	30
0.06644	0.00000000331202	30	30
0.06610	0.00000000316789	30	30
0.06612	0.00000000314643	30	30
0.06638	0.00000000332196	30	30
0.06664	0.00000000315923	30	30
0.06617	0.00000000330391	30	30
0.06659	0.00000000317531	30	30
0.06514	0.00000000325283	30	30
0.06701	0.00000000320352	30	30
0.06767	0.00000000334006	30	30
0.06732	0.00000000319172	30	30
0.06651	0.00000000331030	30	30
0.06704	0.00000000316163	30	30
0.06656	0.00000000331253	30	30
0.06675	0.00000000316625	30	30
0.06675	0.00000000325904	30	30
0.06736	0.00000000326315	30	30
0.06596	0.00000000314247	30	30
0.06606	0.00000000329755	30	30
0.06652	0.00000000317703	30	30
0.06695	0.00000000329944	30	30
0.06631	0.00000000317168	30	30
0.06590	0.00000000326975	30	30
0.06558	0.00000000312154	30	30
0.06422	0.00000000317959	30	30
0.06669	0.00000000323416	30	30
0.06689	0.00000000332140	30	30
0.06790	0.00000000318379	30	30
0.06626	0.00000000329244	30	30
0.06712	0.00000000318346	30	30
0.06655	0.00000000329109	30	30
0.06657	0.00000000314586	30	30
0.06666	0.00000000330568	30	30
0.06670	0.00000000316655	30	30
0.06607	0.00000000327983	30	30
0.06732	0.00000000325301	30	30
0.06548	0.00000000320764	30	30
0.06679	0.00000000317810	30	30
0.06540	0.00000000325907	30	30
0.06566	0.00000000312319	30	30
0.06609	0.00000000329998	30	30
0.06402	0.00000000307391	30	30
0.06470	0.00000000327832	30	30
0.06728	0.00000000318073	30	30
0.06764	0.00000000333705	30	30
0.06727	0.00000000319085	30	30
0.06646	0.00000000331231	30	30
0.06723	0.00000000316629	30	30
0.06670	0.00000000329529	30	30
0.06686	0.00000000316525	30	30
0.06776	0.00000000334515	30	30
0.06638	0.00000000314788	30	30
0.06733	0.00000000334672	30	30
0.06671	0.00000000315993	30	30
0.06708	0.00000000335002	30	30
0.06675	0.00000000316828	30	30
0.06650	0.00000000322560	30	30
0.06490	0.00000000318342	30	30
0.06477	0.00000000309332	30	30
0.06632	0.00000000331771	30	30
0.06654	0.00000000317677	30	30
0.06665	0.00000000331253	30	30
0.06690	0.00000000317361	30	30
0.06692	0.00000000318281	30	30
0.06711	0.00000000334264	30	30
0.06689	0.00000000317981	30	30
0.06656	0.00000000331176	30	30
0.06672	0.00000000316208	30	30
0.06674	0.00000000331474	30	30
0.06655	0.00000000314471	30	30
0.06671	0.00000000329286	30	30
0.06529	0.00000000312373	30	30
0.06532	0.00000000328045	30	30
0.06749	0.00000000317938	30	30
0.06706	0.00000000333308	30	30
0.06747	0.00000000318484	30	30
0.06636	0.00000000331139	30	30
0.06776	0.00000000320148	30	30
0.06636	0.00000000322122	30	30
0.06628	0.00000000331000	30	30
0.06617	0.00000000314405	30	30
0.06667	0.00000000332030	30	30
0.06653	0.00000000315885	30	30
0.06620	0.00000000315305	30	30
0.06637	0.00000000330307	30	30
0.06604	0.00000000315317	30	30
0.06664	0.00000000318552	30	30
0.06774	0.00000000335495	30	30
0.06699	0.00000000317879	30	30
0.06651	0.00000000333170	30	30
0.06666	0.00000000315829	30	30
0.06610	0.00000000322608	30	30
0.06727	0.00000000325594	30	30
0.06693	0.00000000331212	30	30
0.06716	0.00000000317986	30	30
0.06639	0.00000000331015	30	30
0.06707	0.00000000316727	30	30
0.06613	0.00000000329259	30	30
0.06664	0.00000000316149	30	30
0.06583	0.00000000319729	30	30
0.06598	0.00000000323007	30	30
0.06504	0.00000000310433	30	30
0.06431	0.00000000329213	30	30
0.06674	0.00000000316306	30	30
0.06726	0.00000000333314	30	30
0.06764	0.00000000318294	30	30
0.06698	0.00000000331836	30	30
0.06618	0.00000000315943	30	30
0.06702	0.00000000333654	30	30
0.06652	0.00000000315453	30	30
0.06739	0.00000000332391	30	30
0.06700	0.00000000316390	30	30
0.06629	0.00000000330830	30	30
0.06675	0.00000000316240	30	30
0.06638	0.00000000323020	30	30
0.06699	0.00000000326266	30	30
0.06677	0.00000000316744	30	30
0.06585	0.00000000328163	30	30
0.06412	0.00000000306497	30	30
0.06745	0.00000000334009	30	30
0.06715	0.00000000318175	30	30
0.06740	0.00000000328170	30	30
0.06647	0.00000000323659	30	30
0.06717	0.00000000317061	30	30
0.06637	0.00000000331540	30	30
0.06739	0.00000000320380	30	30
0.06742	0.00000000334397	30	30
0.06674	0.00000000317582	30	30
0.06623	0.00000000330430	30	30
0.06582	0.00000000314160	30	30
0.06642	0.00000000331142	30	30
0.06606	0.00000000315037	30	30
0.06601	0.00000000314021	30	30
0.06586	0.00000000325755	30	30
0.06419	0.00000000321803	30	30
0.06640	0.00000000331979	30	30
0.06753	0.00000000319257	30	30
0.06650	0.00000000331252	30	30
0.06745	0.00000000318076	30	30
0.06726	0.00000000334043	30	30
0.06718	0.00000000318128	30	30
0.06665	0.00000000332286	30	30
0.06694	0.00000000317708	30	30
0.06689	0.00000000324903	30	30
0.06671	0.00000000323158	30	30
0.06710	0.00000000319485	30	30
0.06632	0.00000000329717	30	30
0.06701	0.00000000314787	30	30
0.06446	0.00000000322303	30	30
0.06423	0.00000000314528	30	30
0.06674	0.00000000330643	30	30
0.06765	0.00000000320739	30	30
0.06710	0.00000000335367	30	30
0.06731	0.00000000319524	30	30
0.06629	0.00000000330923	30	30
0.06720	0.00000000317372	30	30
0.06666	0.00000000333654	30	30
0.06762	0.00000000319846	30	30
0.06620	0.00000000321824	30	30
0.06632	0.00000000323862	30	30
0.06580	0.00000000315308	30	30
0.06705	0.00000000331969	30	30
0.06627	0.00000000316035	30	30
0.06555	0.00000000325441	30	30
0.06622	0.00000000315660	30	30
0.06570	0.00000000326901	30	30
0.06653	0.00000000317099	30	30
0.06660	0.00000000331968	30	30
0.06701	0.00000000319606	30	30
0.06674	0.00000000315826	30	30
0.06677	0.00000000330982	30	30
0.06649	0.00000000315890	30	30
0.06687	0.00000000332101	30	30
0.06622	0.00000000315746	30	30
0.06649	0.00000000329930	30	30
0.06626	0.00000000313207	30	30
0.06674	0.00000000333078	30	30
0.06655	0.00000000315264	30	30
0.06611	0.00000000321715	30	30
0.06528	0.00000000317281	30	30
0.06411	0.00000000326886	30	30
0.06665	0.00000000316385	30	30
0.06683	0.00000000331634	30	30
0.06727	0.00000000318494	30	30
0.06702	0.00000000333460	30	30
0.06639	0.00000000315516	30	30
0.06700	0.00000000324850	30	30
0.06657	0.00000000325794	30	30
0.06760	0.00000000319776	30	30
0.06685	0.00000000334434	30	30
0.06589	0.00000000313461	30	30
0.06607	0.00000000331599	30	30
0.06633	0.00000000314910	30	30
0.06631	0.00000000330296	30	30
0.06561	0.00000000312355	30	30
0.06534	0.00000000313214	30	30
0.06497	0.00000000326185	30	30
0.06755	0.00000000328452	30	30
0.06771	0.00000000332754	30	30
0.06713	0.00000000318107	30	30
0.06661	0.00000000323784	30	30
0.06743	0.00000000326514	30	30
0.06655	0.00000000315200	30	30
0.06705	0.00000000333701	30	30
0.06725	0.00000000318788	30	30
0.06680	0.00000000332781	30	30
0.06641	0.00000000314081	30	30
0.06555	0.00000000326893	30	30
0.06704	0.00000000318718	30	30
0.06648	0.00000000329075	30	30
0.06614	0.00000000314925	30	30
0.06511	0.00000000323941	30	30
0.06430	0.00000000309630	30	30
0.06647	0.00000000331743	30	30
0.06781	0.00000000337448	30	30
0.06654	0.00000000316099	30	30
0.06694	0.00000000332831	30	30
0.06739	0.00000000319256	30	30
0.06724	0.00000000333499	30	30
0.06713	0.00000000319295	30	30
0.06704	0.00000000333964	30	30
0.06628	0.00000000316876	30	30
0.06620	0.00000000318580	30	30
0.06649	0.00000000331148	30	30
0.06661	0.00000000318644	30	30
0.06538	0.00000000327837	30	30
0.06540	0.00000000314532	30	30
0.06456	0.00000000328702	30	30
0.06765	0.00000000322099	30	30
0.06782	0.00000000338175	30	30
0.06803	0.00000000337034	30	30
0.06728	0.00000000319406	30	30
0.06676	0.00000000332534	30	30
0.06773	0.00000000321353	30	30
0.06644	0.00000000316469	30	30
0.06590	0.00000000330087	30	30
0.06569	0.00000000314171	30	30
0.06585	0.00000000326705	30	30
0.06610	0.00000000314663	30	30
0.06567	0.00000000326724	30	30
0.06736	0.00000000326866	30	30
0.06752	0.00000000332695	30	30
0.06722	0.00000000321063	30	30
0.06647	0.00000000329726	30	30
0.06737	0.00000000319090	30	30
0.06658	0.00000000330837	30	30
0.06707	0.00000000317936	30	30
0.06722	0.00000000326504	30	30
0.06674	0.00000000325931	30	30
0.06677	0.00000000324286	30	30
0.06647	0.00000000323484	30	30
0.06627	0.00000000314426	30	30
0.06682	0.00000000332633	30	30
0.06531	0.00000000312842	30	30
0.06568	0.00000000325940	30	30
0.06510	0.00000000311487	30	30
0.06683	0.00000000327629	30	30
0.06754	0.00000000334173	30	30
0.06649	0.00000000315274	30	30
0.06735	0.00000000333434	30	30
0.06712	0.00000000317887	30	30
0.06649	0.00000000329220	30	30
0.06618	0.00000000317181	30	30
0.06672	0.00000000330668	30	30
0.06604	0.00000000313833	30	30
0.06614	0.00000000315116	30	30
0.06661	0.00000000330366	30	30
0.06621	0.00000000316101	30	30
0.06535	0.00000000326723	30	30
0.06402	0.00000000307801	30	30
0.06450	0.00000000328824	30	30
0.06713	0.00000000319367	30	30
0.06720	0.00000000335447	30	30
0.06713	0.00000000317701	30	30
0.06683	0.00000000332036	30	30
0.06608	0.00000000315060	30	30
0.06592	0.00000000327588	30	30
0.06611	0.00000000315004	30	30
0.06725	0.00000000333685	30	30
0.06618	0.00000000316213	30	30
0.06600	0.00000000321784	30	30
0.06631	0.00000000325304	30	30
0.06600	0.00000000314672	30	30
0.06600	0.00000000330323	30	30
0.06704	0.00000000316830	30	30
0.06558	0.00000000325980	30	30
0.06445	0.00000000309768	30	30
0.06639	0.00000000330473	30	30
0.06712	0.00000000319080	30	30
0.06599	0.00000000314748	30	30
0.06730	0.00000000334667	30	30
0.06723	0.00000000318967	30	30
0.06759	0.00000000333972	30	30
0.06714	0.00000000318416	30	30
0.06614	0.00000000328199	30	30
0.06715	0.00000000315943	30	30
0.06637	0.00000000328228	30	30
0.06741	0.00000000331985	30	30
0.06567	0.00000000310409	30	30
0.06588	0.00000000326947	30	30
0.06432	0.00000000308233	30	30
0.06709	0.00000000332597	30	30
0.06718	0.00000000320695	30	30
0.06762	0.00000000333873	30	30
0.06609	0.00000000315489	30	30
0.06716	0.00000000333460	30	30
0.06665	0.00000000317804	30	30
0.06733	0.00000000319431	30	30
0.06612	0.00000000328616	30	30
0.06655	0.00000000328892	30	30
0.06681	0.00000000315892	30	30
0.06708	0.00000000333498	30	30
0.06659	0.00000000314355	30	30
0.06643	0.00000000330035	30	30
0.06645	0.00000000316023	30	30
0.06481	0.00000000324645	30	30
0.06673	0.00000000332160	30	30
0.06762	0.00000000319279	30	30
0.06693	0.00000000333830	30	30
0.06675	0.00000000318043	30	30
0.06719	0.00000000318244	30	30
0.06677	0.00000000332568	30	30
0.06703	0.00000000318124	30	30
0.06729	0.00000000333625	30	30
0.06738	0.00000000317609	30	30
0.06654	0.00000000330960	30	30
0.06639	0.00000000316187	30	30
0.06667	0.00000000331092	30	30
0.06677	0.00000000316348	30	30
0.06558	0.00000000321389	30	30
0.06605	0.00000000321887	30	30
0.06474	0.00000000310092	30	30
0.06466	0.00000000327334	30	30
0.06669	0.00000000322501	30	30
0.06709	0.00000000326158	30	30
0.06740	0.00000000325062	30	30
0.06700	0.00000000323857	30	30
0.06681	0.00000000330917	30	30
0.06639	0.00000000314298	30	30
0.06689	0.00000000332781	30	30
0.06701	0.00000000317862	30	30
0.06647	0.00000000330706	30	30
0.06633	0.00000000316882	30	30
0.06632	0.00000000329309	30	30
0.06646	0.00000000318232	30	30
0.06697	0.00000000325473	30	30
0.06634	0.00000000324420	30	30
0.06536	0.00000000313105	30	30
0.06611	0.00000000327174	30	30
0.06506	0.00000000311113	30	30
0.06474	0.00000000328077	30	30
0.06756	0.00000000333385	30	30
0.06754	0.00000000319497	30	30
0.06736	0.00000000319073	30	30
0.06646	0.00000000331725	30	30
0.06746	0.00000000318565	30	30
0.06658	0.00000000331347	30	30
0.06675	0.00000000317562	30	30
0.06756	0.00000000333954	30	30
0.06671	0.00000000317005	30	30
0.06731	0.00000000325999	30	30
0.06646	0.00000000323870	30	30
0.06698	0.00000000318324	30	30
0.06659	0.00000000332977	30	30
0.06657	0.00000000316285	30	30
0.06516	0.00000000325045	30	30
0.06480	0.00000000307500	30	30
0.06649	0.00000000330922	30	30
0.06746	0.00000000318439	30	30
0.06630	0.00000000324735	30	30
0.06739	0.00000000326891	30	30
0.06647	0.00000000322369	30	30
0.06643	0.00000000324032	30	30
0.06603	0.00000000313581	30	30
0.06601	0.00000000328174	30	30
0.06674	0.00000000317117	30	30
0.06638	0.00000000331332	30	30
0.06691	0.00000000317837	30	30
0.06650	0.00000000329089	30	30
0.06527	0.00000000310415	30	30
0.06476	0.00000000324230	30	30
0.06724	0.00000000317039	30	30
0.06707	0.00000000332897	30	30
0.06735	0.00000000318879	30	30
0.06648	0.00000000330828	30	30
0.06740	0.00000000318909	30	30
0.06642	0.00000000331193	30	30
0.06726	0.00000000318918	30	30
0.06665	0.00000000330466	30	30
0.06705	0.00000000316506	30	30
0.06635	0.00000000330545	30	30
0.06675	0.00000000317060	30	30
0.06600	0.00000000322039	30	30
0.06536	0.00000000318409	30	30
0.06655	0.00000000319461	30	30
0.06689	0.00000000334184	30	30
0.06696	0.00000000317750	30	30
0.06606	0.00000000329198	30	30
0.06665	0.00000000316388	30	30
0.06701	0.00000000324279	30	30
0.06731	0.00000000327506	30	30
0.06628	0.00000000314079	30	30
0.06676	0.00000000332688	30	30
0.06650	0.00000000316692	30	30
0.06685	0.00000000333021	30	30
0.06634	0.00000000317024	30	30
0.06627	0.00000000322986	30	30
0.06408	0.00000000315643	30	30
0.06403	0.00000000318479	30	30
0.06628	0.00000000323518	30	30
0.06741	0.00000000320260	30	30
0.06751	0.00000000334044	30	30
0.06764	0.00000000319828	30	30
0.06638	0.00000000330947	30	30
0.06664	0.00000000315522	30	30
0.06627	0.00000000331476	30	30
0.06694	0.00000000317103	30	30
0.06575	0.00000000319791	30	30
0.06636	0.00000000324054	30	30
0.06607	0.00000000314921	30	30
0.06674	0.00000000332579	30	30
0.06650	0.00000000316776	30	30
0.06598	0.00000000329325	30	30
0.06606	0.00000000314362	30	30
0.06545	0.00000000317974	30	30
0.06464	0.00000000319352	30	30
0.06474	0.00000000318442	30	30
0.06743	0.00000000333650	30	30
0.06751	0.00000000319553	30	30
0.06721	0.00000000336413	30	30
0.06648	0.00000000314920	30	30
0.06699	0.00000000332809	30	30
0.06654	0.00000000316605	30	30
0.06701	0.00000000333665	30	30
0.06736	0.00000000318283	30	30
0.06572	0.00000000322091	30	30
0.06676	0.00000000325326	30	30
0.06614	0.00000000315099	30	30
0.06687	0.00000000333173	30	30
0.06629	0.00000000315911	30	30
0.06638	0.00000000328142	30	30
0.06659	0.00000000317283	30	30
0.06496	0.00000000324818	30	30
0.06689	0.00000000317251	30	30
0.06777	0.00000000320954	30	30
0.06612	0.00000000329218	30	30
0.06739	0.00000000319285	30	30
0.06684	0.00000000333199	30	30
0.06686	0.00000000315096	30	30
0.06710	0.00000000334832	30	30
0.06754	0.00000000318554	30	30
0.06625	0.00000000329327	30	30
0.06700	0.00000000318214	30	30
0.06661	0.00000000324139	30	30
0.06664	0.00000000323410	30	30
0.06565	0.00000000310905	30	30
0.06470	0.00000000325100	30	30
0.06689	0.00000000318288	30	30
0.06725	0.00000000334338	30	30
0.06703	0.00000000317731	30	30
0.06662	0.00000000324662	30	30
0.06723	0.00000000326771	30	30
0.06624	0.00000000317118	30	30
0.06623	0.00000000331682	30	30
0.06587	0.00000000314997	30	30
0.06680	0.00000000319183	30	30
0.06706	0.00000000334180	30	30
0.06580	0.00000000314970	30	30
0.06596	0.00000000329859	30	30
0.06557	0.00000000310287	30	30
0.06634	0.00000000316915	30	30
0.06703	0.00000000333540	30	30
0.06669	0.00000000315849	30	30
0.06658	0.00000000330618	30	30
0.06708	0.00000000318539	30	30
0.06701	0.00000000333814	30	30
0.06729	0.00000000316343	30	30
0.06660	0.00000000331476	30	30
0.06739	0.00000000317664	30	30
0.06673	0.00000000330770	30	30
0.06695	0.00000000323311	30	30
0.06629	0.00000000322468	30	30
0.06616	0.00000000315574	30	30
0.06587	0.00000000328418	30	30
0.06432	0.00000000312008	30	30
0.06640	0.00000000331787	30	30
0.06764	0.00000000325254	30	30
0.06690	0.00000000325992	30	30
0.06745	0.00000000319846	30	30
0.06650	0.00000000331073	30	30
0.06706	0.00000000317605	30	30
0.06668	0.00000000332545	30	30
0.06729	0.00000000317564	30	30
0.06681	0.00000000332335	30	30
0.06678	0.00000000317244	30	30
0.06616	0.00000000329643	30	30
0.06646	0.00000000316164	30	30
0.06695	0.00000000331834	30	30
0.06689	0.00000000320848	30	30
0.06679	0.00000000324749	30	30
0.06625	0.00000000323658	30	30
0.06711	0.00000000320907	30	30
0.06765	0.00000000334480	30	30
0.06751	0.00000000319707	30	30
0.06651	0.00000000331242	30	30
0.06737	0.00000000318979	30	30
0.06666	0.00000000332596	30	30
0.06737	0.00000000319740	30	30
0.06745	0.00000000326004	30	30
0.06711	0.00000000326166	30	30
0.06675	0.00000000316605	30	30
0.06646	0.00000000330888	30	30
0.06709	0.00000000320929	30	30
0.06741	0.00000000332929	30	30
0.06679	0.00000000316912	30	30
0.06605	0.00000000313985	30	30
0.06521	0.00000000326082	30	30
0.06651	0.00000000316437	30	30
0.06724	0.00000000335141	30	30
0.06656	0.00000000322478	30	30
0.06737	0.00000000326513	30	30
0.06751	0.00000000333405	30	30
0.06725	0.00000000318009	30	30
0.06630	0.00000000323796	30	30
0.06724	0.00000000326002	30	30
0.06637	0.00000000330289	30	30
0.06687	0.00000000318249	30	30
0.06730	0.00000000319450	30	30
0.06613	0.00000000333134	30	30
0.06645	0.00000000315741	30	30
0.06525	0.00000000325347	30	30
0.06431	0.00000000310746	30	30
0.06720	0.00000000333542	30	30
0.06717	0.00000000319023	30	30
0.06743	0.00000000327212	30	30
0.06698	0.00000000325893	30	30
0.06674	0.00000000317624	30	30
0.06710	0.00000000332083	30	30
0.06673	0.00000000317964	30	30
0.06799	0.00000000335640	30	30
0.06627	0.00000000315688	30	30
0.06748	0.00000000333111	30	30
0.06659	0.00000000317467	30	30
0.06728	0.00000000334613	30	30
0.06640	0.00000000316691	30	30
0.06629	0.00000000321547	30	30
0.06593	0.00000000320281	30	30
0.06609	0.00000000322429	30	30
0.06629	0.00000000331365	30	30
0.06668	0.00000000318677	30	30
0.06577	0.00000000314065	30	30
0.06640	0.00000000331108	30	30
0.06629	0.00000000317631	30	30
0.06712	0.00000000332802	30	30
0.06647	0.00000000319562	30	30
0.06632	0.00000000330220	30	30
0.06670	0.00000000317544	30	30
0.06592	0.00000000314212	30	30
0.06491	0.00000000324210	30	30
0.06560	0.00000000312570	30	30
0.06485	0.00000000320917	30	30
0.06604	0.00000000315704	30	30
0.06753	0.00000000336615	30	30
0.06743	0.00000000318871	30	30
0.06727	0.00000000331376	30	30
0.06639	0.00000000315317	30	30
0.06727	0.00000000332782	30	30
0.06655	0.00000000316722	30	30
0.06759	0.00000000334474	30	30
0.06670	0.00000000315574	30	30
0.06725	0.00000000332612	30	30
0.06694	0.00000000315914	30	30
0.06644	0.00000000331840	30	30
0.06733	0.00000000319840	30	30
0.06686	0.00000000331326	30	30
0.06532	0.00000000310902	30	30
0.06465	0.00000000323142	30	30
0.06694	0.00000000333692	30	30
0.06767	0.00000000319086	30	30
0.06716	0.00000000331245	30	30
0.06619	0.00000000315613	30	30
0.06706	0.00000000332620	30	30
0.06645	0.00000000327167	30	30
0.06658	0.00000000315044	30	30
0.06597	0.00000000327766	30	30
0.06658	0.00000000316025	30	30
0.06680	0.00000000333439	30	30
0.06682	0.00000000317754	30	30
0.06644	0.00000000316877	30	30
0.06662	0.00000000332641	30	30
0.06605	0.00000000314975	30	30
0.06508	0.00000000326286	30	30
0.06578	0.00000000314564	30	30
0.06748	0.00000000335155	30	30
0.06752	0.00000000319171	30	30
0.06693	0.00000000325618	30	30
0.06694	0.00000000327304	30	30
0.06679	0.00000000316955	30	30
0.06725	0.00000000334521	30	30
0.06744	0.00000000320108	30	30
0.06706	0.00000000332954	30	30
0.06666	0.00000000315918	30	30
0.06695	0.00000000332169	30	30
0.06645	0.00000000315541	30	30
0.06725	0.00000000333946	30	30
0.06699	0.00000000316721	30	30
0.06706	0.00000000330954	30	30
0.06475	0.00000000307384	30	30
0.06515	0.00000000325580	30	30
0.06436	0.00000000315854	30	30
0.06760	0.00000000334530	30	30
0.06745	0.00000000318083	30	30
0.06720	0.00000000335665	30	30
0.06642	0.00000000315829	30	30
0.06698	0.00000000333020	30	30
0.06685	0.00000000317714	30	30
0.06665	0.00000000332692	30	30
0.06673	0.00000000317111	30	30
0.06646	0.00000000317349	30	30
0.06701	0.00000000333562	30	30
0.06661	0.00000000318058	30	30
0.06676	0.00000000332149	30	30
0.06678	0.00000000317435	30	30
0.06642	0.00000000330885	30	30
0.06486	0.00000000310341	30	30
0.06553	0.00000000313688	30	30
0.06646	0.00000000330737	30	30
0.06778	0.00000000319901	30	30
0.06642	0.00000000330257	30	30
0.06750	0.00000000320258	30	30
0.06660	0.00000000322771	30	30
0.06720	0.00000000328644	30	30
0.06672	0.00000000324872	30	30
0.06724	0.00000000325542	30	30
0.06716	0.00000000319390	30	30
0.06688	0.00000000334562	30	30
0.06679	0.00000000316745	30	30
0.06647	0.00000000329532	30	30
0.06741	0.00000000332063	30	30
0.06655	0.00000000315930	30	30
0.06602	0.00000000317842	30	30
0.06494	0.00000000319882	30	30
0.06463	0.00000000312767	30	30
0.06693	0.00000000334326	30	30
0.06709	0.00000000317671	30	30
0.06706	0.00000000334257	30	30
0.06733	0.00000000318523	30	30
0.06644	0.00000000332130	30	30
0.06745	0.00000000317796	30	30
0.06621	0.00000000325434	30	30
0.06690	0.00000000333932	30	30
0.06600	0.00000000314063	30	30
0.06623	0.00000000329137	30	30
0.06648	0.00000000316096	30	30
0.06688	0.00000000331903	30	30
0.06608	0.00000000320190	30	30
0.06536	0.00000000322730	30	30
0.06731	0.00000000319838	30	30
0.06741	0.00000000334457	30	30
0.06770	0.00000000321196	30	30
0.06746	0.00000000320535	30	30
0.06668	0.00000000333037	30	30
0.06689	0.00000000316932	30	30
0.06624	0.00000000327993	30	30
0.06611	0.00000000313423	30	30
0.06744	0.00000000335242	30	30
0.06752	0.00000000322149	30	30
0.06619	0.00000000329433	30	30
0.06407	0.00000000306777	30	30
0.06427	0.00000000329937	30	30
0.06753	0.00000000319526	30	30
0.06706	0.00000000332016	30	30
0.06736	0.00000000320683	30	30
0.06681	0.00000000330073	30	30
0.06679	0.00000000319155	30	30
0.06717	0.00000000333398	30	30
0.06613	0.00000000315561	30	30
0.06798	0.00000000328657	30	30
0.06653	0.00000000323462	30	30
0.06695	0.00000000325567	30	30
0.06697	0.00000000324260	30	30
0.06688	0.00000000331328	30	30
0.06745	0.00000000318360	30	30
0.06652	0.00000000330129	30	30
0.06596	0.00000000314377	30	30
0.06570	0.00000000328845	30	30
0.06621	0.00000000317618	30	30
0.06718	0.00000000320261	30	30
0.06619	0.00000000329630	30	30
0.06724	0.00000000317888	30	30
0.06688	0.00000000332741	30	30
0.06683	0.00000000316495	30	30
0.06615	0.00000000315117	30	30
0.06679	0.00000000333980	30	30
0.06690	0.00000000316738	30	30
0.06673	0.00000000329369	30	30
0.06627	0.00000000327628	30	30
0.06603	0.00000000314407	30	30
0.06568	0.00000000311740	30	30
0.06525	0.00000000327983	30	30
0.06422	0.00000000312116	30	30
0.06615	0.00000000331110	30	30
0.06757	0.00000000320307	30	30
0.06752	0.00000000333870	30	30
0.06741	0.00000000319290	30	30
0.06626	0.00000000331347	30	30
0.06722	0.00000000318128	30	30
0.06640	0.00000000318661	30	30
0.06775	0.00000000336455	30	30
0.06659	0.00000000316347	30	30
0.06662	0.00000000331542	30	30
0.06610	0.00000000315026	30	30
0.06693	0.00000000334958	30	30
0.06654	0.00000000316296	30	30
0.06683	0.00000000324117	30	30
0.06513	0.00000000320119	30	30
0.06591	0.00000000312687	30	30
=============================================================================

============================ Tabulate Statistics ============================
PWR_PKG_ENERGY	INST_RETIRED	TOR_OCCUPANCY	RR_OCCUPANCY	TIPI	L3_MISS	L2_MISS	TIME	
12701.846069	3900243295480	129653750748	129655599955	0.066485	519248728	4709751069	76380.127045	
=============================================================================

============================ TIPI SLAB Statistics ============================

==============================================================================
===== Test PASSED in 0.0 msec =====
