Testing exp: 0.000000

-----
mkdir timedrun fake

Input(case 0): nx=32768, ny=32768, nt=200, leafmaxcol=8
Heat started...
Heat ended...

Heat
 dx =  0.000048
  dy =  0.000048
  dt =  0.000000
  Stability Value for explicit method must be > 0: 0.064855
 Options: granularity = 8
         nx          = 32768
         ny          = 32768
         nt          = 200

============================ Unprocessed Statistics ============================
TIPI	JPI	Uncore1	Uncore2
0.07007	0.00000000819572	30	30
0.07086	0.00000000835388	30	30
0.07086	0.00000000820016	30	30
0.07029	0.00000000825437	30	30
0.07043	0.00000000817891	30	30
0.07059	0.00000000817254	30	30
0.07099	0.00000000811369	30	30
0.07389	0.00000000809056	30	30
0.07153	0.00000000817726	30	30
0.07043	0.00000000855117	30	30
0.07135	0.00000000814661	30	30
0.07019	0.00000000817450	30	30
0.07088	0.00000000815603	30	30
0.07020	0.00000000816873	30	30
0.07074	0.00000000813734	30	30
0.07014	0.00000000813726	30	30
0.06986	0.00000000813578	30	30
0.06800	0.00000000794479	30	30
0.07055	0.00000000814977	30	30
0.06834	0.00000000791796	30	30
0.06955	0.00000000801847	30	30
0.06768	0.00000000779238	30	30
0.06622	0.00000000772950	30	30
0.06452	0.00000000750826	30	30
0.06790	0.00000000806925	30	30
0.06649	0.00000000773624	30	30
0.06111	0.00000000683237	30	30
0.06723	0.00000000353148	30	30
0.06715	0.00000000373583	30	30
0.06724	0.00000000356383	30	30
0.06606	0.00000000361489	30	30
0.06702	0.00000000364013	30	30
0.06632	0.00000000351438	30	30
0.06746	0.00000000372341	30	30
0.06592	0.00000000351952	30	30
0.06688	0.00000000359959	30	30
0.06694	0.00000000375410	30	30
0.06648	0.00000000357672	30	30
0.06645	0.00000000356980	30	30
0.06688	0.00000000372773	30	30
0.06603	0.00000000353981	30	30
0.06505	0.00000000349540	30	30
0.06641	0.00000000354643	30	30
0.06763	0.00000000359209	30	30
0.06681	0.00000000355264	30	30
0.06646	0.00000000374134	30	30
0.06727	0.00000000357087	30	30
0.06616	0.00000000355489	30	30
0.06731	0.00000000375722	30	30
0.06733	0.00000000361399	30	30
0.06725	0.00000000361004	30	30
0.06636	0.00000000372025	30	30
0.06680	0.00000000357698	30	30
0.06637	0.00000000358617	30	30
0.06693	0.00000000375043	30	30
0.06545	0.00000000351429	30	30
0.06608	0.00000000355779	30	30
0.06537	0.00000000358724	30	30
0.06726	0.00000000359315	30	30
0.06695	0.00000000374242	30	30
0.06644	0.00000000358478	30	30
0.06578	0.00000000353338	30	30
0.06672	0.00000000373595	30	30
0.06609	0.00000000355603	30	30
0.06656	0.00000000356079	30	30
0.06607	0.00000000364594	30	30
0.06572	0.00000000362788	30	30
0.06625	0.00000000353770	30	30
0.06655	0.00000000373242	30	30
0.06655	0.00000000357155	30	30
0.06670	0.00000000357503	30	30
0.06599	0.00000000372153	30	30
0.06661	0.00000000357312	30	30
0.06474	0.00000000350045	30	30
0.06559	0.00000000331421	30	30
0.06805	0.00000000317874	30	30
0.06801	0.00000000319825	30	30
0.06745	0.00000000317036	30	30
0.06746	0.00000000303462	30	30
0.06722	0.00000000315341	30	30
0.06754	0.00000000303466	30	30
0.06677	0.00000000314458	30	30
0.06627	0.00000000307826	30	30
0.06695	0.00000000309033	30	30
0.06739	0.00000000318115	30	30
0.06621	0.00000000300315	30	30
0.06615	0.00000000315037	30	30
0.06498	0.00000000298650	30	30
0.06551	0.00000000322565	30	30
0.06757	0.00000000312045	30	30
0.06782	0.00000000310170	30	30
0.06672	0.00000000316576	30	30
0.06694	0.00000000301641	30	30
0.06735	0.00000000316359	30	30
0.06720	0.00000000315188	30	30
0.06729	0.00000000304611	30	30
0.06687	0.00000000315363	30	30
0.06639	0.00000000301433	30	30
0.06530	0.00000000315363	30	30
0.06537	0.00000000300744	30	30
0.06484	0.00000000321698	30	30
0.06741	0.00000000316442	30	30
0.06791	0.00000000302768	30	30
0.06795	0.00000000319914	30	30
0.06784	0.00000000303392	30	30
0.06744	0.00000000316268	30	30
0.06761	0.00000000315396	30	30
0.06763	0.00000000303727	30	30
0.06736	0.00000000317494	30	30
0.06711	0.00000000303724	30	30
0.06674	0.00000000314135	30	30
0.06749	0.00000000303785	30	30
0.06683	0.00000000314960	30	30
0.06635	0.00000000315645	30	30
0.06719	0.00000000301068	30	30
0.06668	0.00000000316609	30	30
0.06654	0.00000000298648	30	30
0.06513	0.00000000312072	30	30
0.06534	0.00000000319387	30	30
0.06715	0.00000000301917	30	30
0.06767	0.00000000318550	30	30
0.06788	0.00000000303540	30	30
0.06680	0.00000000316194	30	30
0.06781	0.00000000304768	30	30
0.06732	0.00000000316213	30	30
0.06741	0.00000000317987	30	30
0.06757	0.00000000300955	30	30
0.06708	0.00000000316754	30	30
0.06798	0.00000000317527	30	30
0.06659	0.00000000300166	30	30
0.06626	0.00000000314679	30	30
0.06616	0.00000000307439	30	30
0.06695	0.00000000303812	30	30
0.06760	0.00000000318699	30	30
0.06738	0.00000000302692	30	30
0.06758	0.00000000316630	30	30
0.06790	0.00000000304047	30	30
0.06733	0.00000000316433	30	30
0.06740	0.00000000302490	30	30
0.06704	0.00000000315142	30	30
0.06717	0.00000000317293	30	30
0.06762	0.00000000303171	30	30
0.06718	0.00000000316120	30	30
0.06699	0.00000000301360	30	30
0.06501	0.00000000312932	30	30
0.06575	0.00000000299859	30	30
0.06722	0.00000000303908	30	30
0.06716	0.00000000316510	30	30
0.06737	0.00000000302382	30	30
0.06697	0.00000000315555	30	30
0.06784	0.00000000317223	30	30
0.06705	0.00000000302946	30	30
0.06723	0.00000000314403	30	30
0.06691	0.00000000301745	30	30
0.06763	0.00000000317003	30	30
0.06634	0.00000000314190	30	30
0.06754	0.00000000302771	30	30
0.06774	0.00000000315664	30	30
0.06656	0.00000000301986	30	30
0.06558	0.00000000317494	30	30
0.06796	0.00000000304269	30	30
0.06829	0.00000000306903	30	30
0.06781	0.00000000304542	30	30
0.06763	0.00000000318110	30	30
0.06716	0.00000000300219	30	30
0.06784	0.00000000313297	30	30
0.06719	0.00000000314368	30	30
0.06732	0.00000000302493	30	30
0.06640	0.00000000313342	30	30
0.06701	0.00000000301409	30	30
0.06694	0.00000000316096	30	30
0.06628	0.00000000301821	30	30
0.06533	0.00000000314282	30	30
0.06525	0.00000000308407	30	30
0.06786	0.00000000304714	30	30
0.06778	0.00000000318976	30	30
0.06681	0.00000000301550	30	30
0.06787	0.00000000318433	30	30
0.06678	0.00000000300446	30	30
0.06785	0.00000000318001	30	30
0.06647	0.00000000303679	30	30
0.06741	0.00000000316270	30	30
0.06726	0.00000000314822	30	30
0.06745	0.00000000302426	30	30
0.06672	0.00000000315567	30	30
0.06688	0.00000000304391	30	30
0.06638	0.00000000314798	30	30
0.06692	0.00000000302825	30	30
0.06487	0.00000000311584	30	30
0.06457	0.00000000306884	30	30
0.06754	0.00000000316271	30	30
0.06784	0.00000000317489	30	30
0.06713	0.00000000301170	30	30
0.06780	0.00000000316067	30	30
0.06800	0.00000000315664	30	30
0.06725	0.00000000300827	30	30
0.06721	0.00000000316565	30	30
0.06696	0.00000000300227	30	30
0.06749	0.00000000317852	30	30
0.06743	0.00000000309211	30	30
0.06742	0.00000000309086	30	30
0.06718	0.00000000316162	30	30
0.06670	0.00000000301994	30	30
0.06629	0.00000000313277	30	30
0.06603	0.00000000298988	30	30
0.06769	0.00000000316633	30	30
0.06798	0.00000000305100	30	30
0.06692	0.00000000315787	30	30
0.06719	0.00000000316018	30	30
0.06744	0.00000000302920	30	30
0.06704	0.00000000313353	30	30
0.06684	0.00000000315038	30	30
0.06751	0.00000000301265	30	30
0.06729	0.00000000316507	30	30
0.06688	0.00000000313952	30	30
0.06543	0.00000000298462	30	30
0.06566	0.00000000312888	30	30
0.06724	0.00000000314240	30	30
0.06799	0.00000000303174	30	30
0.06718	0.00000000317267	30	30
0.06754	0.00000000300675	30	30
0.06786	0.00000000315842	30	30
0.06726	0.00000000317144	30	30
0.06779	0.00000000303126	30	30
0.06731	0.00000000317044	30	30
0.06757	0.00000000303065	30	30
0.06708	0.00000000317157	30	30
0.06786	0.00000000302770	30	30
0.06697	0.00000000314985	30	30
0.06643	0.00000000301769	30	30
0.06639	0.00000000313999	30	30
0.06687	0.00000000315841	30	30
0.06799	0.00000000302585	30	30
0.06747	0.00000000316441	30	30
0.06727	0.00000000310033	30	30
0.06723	0.00000000307768	30	30
0.06751	0.00000000316511	30	30
0.06714	0.00000000302335	30	30
0.06649	0.00000000314738	30	30
0.06706	0.00000000303137	30	30
0.06615	0.00000000311787	30	30
0.06594	0.00000000300470	30	30
0.06779	0.00000000319083	30	30
0.06750	0.00000000302237	30	30
0.06747	0.00000000316460	30	30
0.06767	0.00000000302024	30	30
0.06715	0.00000000314428	30	30
0.06798	0.00000000319071	30	30
0.06733	0.00000000301178	30	30
0.06760	0.00000000317250	30	30
0.06704	0.00000000303222	30	30
0.06610	0.00000000314593	30	30
0.06650	0.00000000302202	30	30
0.06608	0.00000000314205	30	30
0.06686	0.00000000301130	30	30
0.06671	0.00000000316598	30	30
0.06566	0.00000000298603	30	30
0.06498	0.00000000321910	30	30
0.06795	0.00000000320766	30	30
0.06794	0.00000000302994	30	30
0.06685	0.00000000315748	30	30
0.06697	0.00000000315180	30	30
0.06733	0.00000000301430	30	30
0.06749	0.00000000316818	30	30
0.06739	0.00000000314912	30	30
0.06720	0.00000000300236	30	30
0.06673	0.00000000313090	30	30
0.06609	0.00000000312793	30	30
0.06527	0.00000000298559	30	30
0.06435	0.00000000321502	30	30
0.06751	0.00000000303576	30	30
0.06797	0.00000000318196	30	30
0.06744	0.00000000317213	30	30
0.06772	0.00000000302558	30	30
0.06769	0.00000000316088	30	30
0.06747	0.00000000301764	30	30
0.06722	0.00000000317212	30	30
0.06730	0.00000000302666	30	30
0.06786	0.00000000316371	30	30
0.06732	0.00000000308772	30	30
0.06699	0.00000000308055	30	30
0.06769	0.00000000316249	30	30
0.06763	0.00000000301793	30	30
0.06661	0.00000000313957	30	30
0.06566	0.00000000300592	30	30
0.06495	0.00000000321211	30	30
0.06723	0.00000000302651	30	30
0.06730	0.00000000303270	30	30
0.06722	0.00000000315870	30	30
0.06663	0.00000000298236	30	30
0.06765	0.00000000316537	30	30
0.06714	0.00000000303885	30	30
0.06746	0.00000000316012	30	30
0.06688	0.00000000314217	30	30
0.06659	0.00000000300600	30	30
0.06654	0.00000000315233	30	30
0.06688	0.00000000301369	30	30
0.06619	0.00000000313732	30	30
0.06578	0.00000000298400	30	30
0.06643	0.00000000313138	30	30
0.06655	0.00000000312556	30	30
0.06707	0.00000000302303	30	30
0.06754	0.00000000317371	30	30
0.06786	0.00000000316057	30	30
0.06747	0.00000000302818	30	30
0.06790	0.00000000316930	30	30
0.06738	0.00000000312877	30	30
0.06689	0.00000000299943	30	30
0.06748	0.00000000312062	30	30
0.06786	0.00000000314264	30	30
0.06771	0.00000000306096	30	30
0.06655	0.00000000303857	30	30
0.06469	0.00000000310659	30	30
0.06729	0.00000000302556	30	30
0.06770	0.00000000315862	30	30
0.06698	0.00000000308396	30	30
0.06725	0.00000000318260	30	30
0.06665	0.00000000313423	30	30
0.06681	0.00000000300799	30	30
0.06749	0.00000000315596	30	30
0.06772	0.00000000302228	30	30
0.06655	0.00000000314087	30	30
0.06685	0.00000000307515	30	30
0.06643	0.00000000307248	30	30
0.06733	0.00000000313792	30	30
0.06814	0.00000000319260	30	30
0.06795	0.00000000320674	30	30
0.06734	0.00000000300244	30	30
0.06788	0.00000000317622	30	30
0.06775	0.00000000304151	30	30
0.06697	0.00000000315258	30	30
0.06725	0.00000000301005	30	30
0.06721	0.00000000315104	30	30
0.06792	0.00000000315734	30	30
0.06799	0.00000000302287	30	30
0.06759	0.00000000314713	30	30
0.06653	0.00000000314332	30	30
0.06643	0.00000000299978	30	30
0.06445	0.00000000313982	30	30
0.06574	0.00000000309926	30	30
0.06723	0.00000000302679	30	30
0.06775	0.00000000316420	30	30
0.06714	0.00000000299165	30	30
0.06733	0.00000000308361	30	30
0.06731	0.00000000315741	30	30
0.06682	0.00000000301923	30	30
0.06717	0.00000000316582	30	30
0.06780	0.00000000302437	30	30
0.06738	0.00000000316027	30	30
0.06678	0.00000000307580	30	30
0.06485	0.00000000304300	30	30
0.06470	0.00000000323299	30	30
0.06786	0.00000000302783	30	30
0.06777	0.00000000315294	30	30
0.06790	0.00000000303945	30	30
0.06798	0.00000000317930	30	30
0.06726	0.00000000315180	30	30
0.06795	0.00000000303787	30	30
0.06729	0.00000000316042	30	30
0.06713	0.00000000302323	30	30
0.06787	0.00000000316933	30	30
0.06721	0.00000000301433	30	30
0.06754	0.00000000314985	30	30
0.06734	0.00000000316703	30	30
0.06693	0.00000000301463	30	30
0.06673	0.00000000315348	30	30
0.06526	0.00000000299658	30	30
0.06525	0.00000000317418	30	30
0.06744	0.00000000301723	30	30
0.06858	0.00000000321262	30	30
0.06798	0.00000000313170	30	30
0.06793	0.00000000319335	30	30
0.06778	0.00000000304037	30	30
0.06800	0.00000000306936	30	30
0.06811	0.00000000319303	30	30
0.06734	0.00000000317760	30	30
0.06678	0.00000000303377	30	30
0.06766	0.00000000320681	30	30
0.06510	0.00000000301250	30	30
0.06509	0.00000000322157	30	30
0.06711	0.00000000314448	30	30
0.06883	0.00000000322059	30	30
0.06787	0.00000000316990	30	30
0.06702	0.00000000300520	30	30
0.06767	0.00000000301904	30	30
0.06723	0.00000000314751	30	30
0.06750	0.00000000301523	30	30
0.06700	0.00000000313588	30	30
0.06569	0.00000000312328	30	30
0.06667	0.00000000299651	30	30
0.06645	0.00000000312941	30	30
0.06764	0.00000000317253	30	30
0.06615	0.00000000301360	30	30
0.06698	0.00000000314544	30	30
0.06763	0.00000000310815	30	30
0.06781	0.00000000310669	30	30
0.06775	0.00000000317279	30	30
0.06770	0.00000000303080	30	30
0.06702	0.00000000316160	30	30
0.06769	0.00000000302712	30	30
0.06745	0.00000000315478	30	30
0.06659	0.00000000313670	30	30
0.06740	0.00000000300382	30	30
0.06671	0.00000000314029	30	30
0.06564	0.00000000311650	30	30
0.06762	0.00000000314901	30	30
0.06759	0.00000000303048	30	30
0.06767	0.00000000314064	30	30
0.06792	0.00000000315864	30	30
0.06687	0.00000000313908	30	30
0.06719	0.00000000300728	30	30
0.06692	0.00000000313738	30	30
0.06703	0.00000000313947	30	30
0.06683	0.00000000298855	30	30
0.06691	0.00000000313627	30	30
0.06597	0.00000000311076	30	30
0.06450	0.00000000302832	30	30
0.06774	0.00000000317783	30	30
0.06709	0.00000000301172	30	30
0.06707	0.00000000309488	30	30
0.06796	0.00000000317413	30	30
0.06709	0.00000000300478	30	30
0.06788	0.00000000315281	30	30
0.06775	0.00000000304154	30	30
0.06739	0.00000000315246	30	30
0.06742	0.00000000315616	30	30
0.06735	0.00000000301675	30	30
0.06748	0.00000000314651	30	30
0.06729	0.00000000308703	30	30
0.06716	0.00000000309075	30	30
0.06589	0.00000000313981	30	30
0.06562	0.00000000301350	30	30
0.06762	0.00000000317254	30	30
0.06765	0.00000000303888	30	30
0.06733	0.00000000313601	30	30
0.06716	0.00000000317799	30	30
0.06676	0.00000000300155	30	30
0.06607	0.00000000313011	30	30
0.06750	0.00000000302794	30	30
0.06645	0.00000000312984	30	30
0.06711	0.00000000302932	30	30
0.06653	0.00000000314796	30	30
0.06627	0.00000000299512	30	30
0.06521	0.00000000324594	30	30
0.06782	0.00000000318727	30	30
0.06771	0.00000000302733	30	30
0.06724	0.00000000314875	30	30
0.06714	0.00000000315910	30	30
0.06746	0.00000000301390	30	30
0.06675	0.00000000314558	30	30
0.06732	0.00000000308166	30	30
0.06718	0.00000000309279	30	30
0.06680	0.00000000313547	30	30
0.06593	0.00000000299104	30	30
0.06461	0.00000000313086	30	30
0.06473	0.00000000317833	30	30
0.06697	0.00000000299605	30	30
0.06761	0.00000000318326	30	30
0.06758	0.00000000301605	30	30
0.06732	0.00000000315092	30	30
0.06688	0.00000000307763	30	30
0.06703	0.00000000308420	30	30
0.06689	0.00000000316846	30	30
0.06664	0.00000000299902	30	30
0.06643	0.00000000315333	30	30
0.06641	0.00000000301167	30	30
0.06657	0.00000000312839	30	30
0.06742	0.00000000315231	30	30
0.06778	0.00000000309064	30	30
0.06789	0.00000000315630	30	30
0.06762	0.00000000300367	30	30
0.06682	0.00000000314013	30	30
0.06712	0.00000000313896	30	30
0.06708	0.00000000299139	30	30
0.06770	0.00000000316670	30	30
0.06611	0.00000000311800	30	30
0.06674	0.00000000307147	30	30
0.06617	0.00000000306293	30	30
0.06576	0.00000000312753	30	30
0.06730	0.00000000302808	30	30
0.06786	0.00000000317317	30	30
0.06748	0.00000000302853	30	30
0.06766	0.00000000315248	30	30
0.06782	0.00000000313388	30	30
0.06786	0.00000000302359	30	30
0.06720	0.00000000314538	30	30
0.06664	0.00000000308199	30	30
0.06794	0.00000000309200	30	30
0.06719	0.00000000316351	30	30
0.06773	0.00000000302441	30	30
0.06664	0.00000000315698	30	30
0.06610	0.00000000299476	30	30
0.06735	0.00000000315668	30	30
0.06694	0.00000000299561	30	30
0.06785	0.00000000312577	30	30
0.06751	0.00000000316089	30	30
0.06705	0.00000000300661	30	30
0.06696	0.00000000300038	30	30
0.06646	0.00000000312189	30	30
0.06594	0.00000000302032	30	30
0.06807	0.00000000320343	30	30
0.06781	0.00000000317133	30	30
0.06701	0.00000000301034	30	30
0.06758	0.00000000316827	30	30
0.06782	0.00000000303244	30	30
0.06710	0.00000000316930	30	30
0.06717	0.00000000313823	30	30
0.06656	0.00000000300508	30	30
0.06677	0.00000000318413	30	30
0.06624	0.00000000298990	30	30
0.06558	0.00000000315079	30	30
0.06578	0.00000000301591	30	30
0.06480	0.00000000323154	30	30
0.06759	0.00000000304585	30	30
0.06781	0.00000000316799	30	30
0.06683	0.00000000312916	30	30
0.06781	0.00000000303208	30	30
0.06753	0.00000000312847	30	30
0.06795	0.00000000316544	30	30
0.06720	0.00000000299578	30	30
0.06700	0.00000000313955	30	30
0.06714	0.00000000314308	30	30
0.06732	0.00000000302762	30	30
0.06751	0.00000000316929	30	30
0.06697	0.00000000299598	30	30
0.06684	0.00000000316175	30	30
0.06608	0.00000000301345	30	30
0.06586	0.00000000312811	30	30
0.06409	0.00000000321244	30	30
0.06716	0.00000000298654	30	30
0.06851	0.00000000313346	30	30
0.06709	0.00000000316769	30	30
0.06722	0.00000000301545	30	30
0.06774	0.00000000315746	30	30
0.06670	0.00000000299340	30	30
0.06722	0.00000000316220	30	30
0.06727	0.00000000302275	30	30
0.06718	0.00000000316228	30	30
0.06758	0.00000000303157	30	30
0.06630	0.00000000314541	30	30
0.06569	0.00000000314139	30	30
0.06604	0.00000000300170	30	30
0.06496	0.00000000323611	30	30
0.06733	0.00000000301653	30	30
0.06764	0.00000000317366	30	30
0.06790	0.00000000316521	30	30
0.06787	0.00000000303221	30	30
0.06769	0.00000000315770	30	30
0.06759	0.00000000315684	30	30
0.06707	0.00000000299754	30	30
0.06714	0.00000000313827	30	30
0.06734	0.00000000314143	30	30
0.06707	0.00000000300333	30	30
0.06678	0.00000000314480	30	30
0.06716	0.00000000301449	30	30
0.06464	0.00000000311389	30	30
0.06418	0.00000000313161	30	30
0.06779	0.00000000301631	30	30
0.06703	0.00000000315407	30	30
0.06768	0.00000000301688	30	30
0.06755	0.00000000314655	30	30
0.06783	0.00000000315719	30	30
0.06798	0.00000000304348	30	30
0.06726	0.00000000313816	30	30
0.06744	0.00000000316149	30	30
0.06718	0.00000000301570	30	30
0.06731	0.00000000316225	30	30
0.06750	0.00000000301192	30	30
0.06698	0.00000000316181	30	30
0.06645	0.00000000305706	30	30
0.06709	0.00000000315469	30	30
0.06768	0.00000000302400	30	30
0.06712	0.00000000315055	30	30
0.06760	0.00000000314995	30	30
0.06710	0.00000000302770	30	30
0.06498	0.00000000313208	30	30
0.06701	0.00000000301015	30	30
0.06713	0.00000000315951	30	30
0.06705	0.00000000300185	30	30
0.06726	0.00000000314913	30	30
0.06700	0.00000000314899	30	30
0.06721	0.00000000302094	30	30
0.06637	0.00000000313279	30	30
0.06814	0.00000000304666	30	30
0.06776	0.00000000303346	30	30
0.06740	0.00000000314642	30	30
0.06743	0.00000000313324	30	30
0.06726	0.00000000316675	30	30
0.06729	0.00000000301639	30	30
0.06702	0.00000000315139	30	30
0.06710	0.00000000301400	30	30
0.06513	0.00000000312843	30	30
0.06445	0.00000000300400	30	30
0.06570	0.00000000318652	30	30
0.06766	0.00000000316656	30	30
0.06753	0.00000000301834	30	30
0.06676	0.00000000315064	30	30
0.06742	0.00000000316608	30	30
0.06722	0.00000000315544	30	30
0.06689	0.00000000298472	30	30
0.06763	0.00000000318667	30	30
0.06710	0.00000000301762	30	30
0.06617	0.00000000314295	30	30
0.06655	0.00000000306328	30	30
0.06578	0.00000000306128	30	30
0.06500	0.00000000319679	30	30
0.06794	0.00000000304335	30	30
0.06777	0.00000000317413	30	30
0.06812	0.00000000318318	30	30
0.06797	0.00000000317795	30	30
0.06731	0.00000000313386	30	30
0.06741	0.00000000314978	30	30
0.06729	0.00000000301148	30	30
0.06776	0.00000000314822	30	30
0.06780	0.00000000308912	30	30
0.06742	0.00000000307586	30	30
0.06674	0.00000000312860	30	30
0.06578	0.00000000298102	30	30
0.06594	0.00000000312055	30	30
0.06786	0.00000000303817	30	30
0.06710	0.00000000314743	30	30
0.06751	0.00000000300804	30	30
0.06760	0.00000000314715	30	30
0.06783	0.00000000311061	30	30
0.06774	0.00000000309311	30	30
0.06678	0.00000000314694	30	30
0.06742	0.00000000303228	30	30
0.06677	0.00000000315011	30	30
0.06747	0.00000000303329	30	30
0.06753	0.00000000315946	30	30
0.06689	0.00000000314142	30	30
0.06631	0.00000000298332	30	30
0.06481	0.00000000311474	30	30
0.06770	0.00000000303343	30	30
0.06770	0.00000000302915	30	30
0.06726	0.00000000317791	30	30
0.06657	0.00000000309839	30	30
0.06630	0.00000000300369	30	30
0.06607	0.00000000311065	30	30
0.06612	0.00000000312927	30	30
0.06626	0.00000000298759	30	30
0.06726	0.00000000299079	30	30
0.06758	0.00000000316774	30	30
0.06733	0.00000000309746	30	30
0.06706	0.00000000307036	30	30
0.06760	0.00000000318242	30	30
0.06767	0.00000000303838	30	30
0.06724	0.00000000313846	30	30
0.06719	0.00000000302253	30	30
0.06734	0.00000000316107	30	30
0.06780	0.00000000304132	30	30
0.06716	0.00000000316335	30	30
0.06692	0.00000000315394	30	30
0.06642	0.00000000300469	30	30
0.06610	0.00000000313366	30	30
0.06418	0.00000000307049	30	30
0.06788	0.00000000315516	30	30
0.06709	0.00000000300900	30	30
0.06740	0.00000000300887	30	30
0.06817	0.00000000304137	30	30
0.06731	0.00000000315489	30	30
0.06684	0.00000000308385	30	30
0.06677	0.00000000308229	30	30
0.06737	0.00000000313761	30	30
0.06683	0.00000000300781	30	30
0.06778	0.00000000316889	30	30
0.06781	0.00000000317120	30	30
0.06738	0.00000000309756	30	30
0.06759	0.00000000317694	30	30
0.06693	0.00000000300133	30	30
0.06729	0.00000000317072	30	30
0.06715	0.00000000299336	30	30
0.06700	0.00000000314411	30	30
0.06735	0.00000000310279	30	30
0.06664	0.00000000306477	30	30
0.06693	0.00000000315815	30	30
0.06542	0.00000000299528	30	30
0.06780	0.00000000318502	30	30
0.06799	0.00000000302983	30	30
0.06728	0.00000000314224	30	30
0.06767	0.00000000310992	30	30
0.06732	0.00000000307629	30	30
0.06693	0.00000000307446	30	30
0.06765	0.00000000309742	30	30
0.06685	0.00000000315275	30	30
0.06768	0.00000000302027	30	30
0.06728	0.00000000313957	30	30
0.06711	0.00000000312431	30	30
0.06613	0.00000000299234	30	30
0.06475	0.00000000313249	30	30
0.06537	0.00000000310913	30	30
0.06707	0.00000000306883	30	30
0.06738	0.00000000317029	30	30
0.06748	0.00000000316055	30	30
0.06747	0.00000000301658	30	30
0.06750	0.00000000318170	30	30
0.06554	0.00000000296754	30	30
0.06669	0.00000000314051	30	30
0.06703	0.00000000299750	30	30
0.06723	0.00000000317286	30	30
0.06626	0.00000000300069	30	30
0.06577	0.00000000313217	30	30
0.06666	0.00000000304407	30	30
0.06587	0.00000000317930	30	30
0.06484	0.00000000309186	30	30
0.06822	0.00000000304958	30	30
0.06886	0.00000000323132	30	30
0.06870	0.00000000306360	30	30
0.06818	0.00000000320044	30	30
0.06837	0.00000000312772	30	30
0.06853	0.00000000312488	30	30
0.06826	0.00000000320287	30	30
0.06870	0.00000000308482	30	30
0.06810	0.00000000318661	30	30
0.06801	0.00000000306319	30	30
0.06813	0.00000000319179	30	30
0.06631	0.00000000301209	30	30
0.06580	0.00000000306444	30	30
0.06445	0.00000000313946	30	30
0.06797	0.00000000311418	30	30
0.06722	0.00000000310113	30	30
0.06714	0.00000000307837	30	30
0.06780	0.00000000316036	30	30
0.06770	0.00000000304801	30	30
0.06752	0.00000000315550	30	30
0.06653	0.00000000300834	30	30
0.06771	0.00000000318504	30	30
0.06743	0.00000000301925	30	30
0.06736	0.00000000315600	30	30
0.06718	0.00000000315261	30	30
0.06642	0.00000000299305	30	30
0.06642	0.00000000313579	30	30
0.06708	0.00000000316066	30	30
0.06733	0.00000000301140	30	30
0.06764	0.00000000309809	30	30
0.06759	0.00000000315424	30	30
0.06722	0.00000000300728	30	30
0.06765	0.00000000317400	30	30
0.06772	0.00000000314341	30	30
0.06661	0.00000000299278	30	30
0.06657	0.00000000312741	30	30
0.06691	0.00000000301844	30	30
0.06726	0.00000000315430	30	30
0.06596	0.00000000304663	30	30
0.06778	0.00000000319744	30	30
0.06811	0.00000000320017	30	30
0.06735	0.00000000318055	30	30
0.06757	0.00000000302284	30	30
0.06732	0.00000000315606	30	30
0.06750	0.00000000310298	30	30
0.06635	0.00000000306376	30	30
0.06763	0.00000000317776	30	30
0.06641	0.00000000299925	30	30
0.06620	0.00000000314083	30	30
0.06708	0.00000000301203	30	30
0.06520	0.00000000311949	30	30
0.06514	0.00000000300802	30	30
0.06476	0.00000000320924	30	30
0.06753	0.00000000309774	30	30
0.06663	0.00000000312717	30	30
0.06708	0.00000000299646	30	30
0.06642	0.00000000310842	30	30
0.06730	0.00000000314806	30	30
0.06681	0.00000000306978	30	30
0.06685	0.00000000308879	30	30
0.06630	0.00000000311288	30	30
0.06609	0.00000000298428	30	30
0.06509	0.00000000319855	30	30
0.06713	0.00000000316300	30	30
0.06731	0.00000000301892	30	30
0.06752	0.00000000316597	30	30
0.06751	0.00000000308472	30	30
0.06754	0.00000000309860	30	30
0.06775	0.00000000316597	30	30
0.06746	0.00000000303857	30	30
0.06709	0.00000000314931	30	30
0.06760	0.00000000301929	30	30
0.06706	0.00000000316401	30	30
0.06705	0.00000000301675	30	30
0.06756	0.00000000320019	30	30
0.06677	0.00000000299978	30	30
0.06630	0.00000000316065	30	30
0.06590	0.00000000301067	30	30
0.06440	0.00000000324300	30	30
0.06725	0.00000000303418	30	30
0.06770	0.00000000315554	30	30
0.06785	0.00000000310416	30	30
0.06731	0.00000000307082	30	30
0.06762	0.00000000317653	30	30
0.06697	0.00000000301580	30	30
0.06744	0.00000000317237	30	30
0.06748	0.00000000302279	30	30
0.06695	0.00000000315540	30	30
0.06723	0.00000000307639	30	30
0.06670	0.00000000306533	30	30
0.06656	0.00000000314463	30	30
0.06524	0.00000000299919	30	30
0.06722	0.00000000317125	30	30
0.06694	0.00000000300949	30	30
0.06723	0.00000000317215	30	30
0.06707	0.00000000300069	30	30
0.06771	0.00000000313801	30	30
0.06755	0.00000000317525	30	30
0.06731	0.00000000300626	30	30
0.06734	0.00000000315266	30	30
0.06663	0.00000000308436	30	30
0.06680	0.00000000310662	30	30
0.06656	0.00000000306591	30	30
0.06704	0.00000000307917	30	30
0.06597	0.00000000312841	30	30
0.06527	0.00000000297808	30	30
0.06757	0.00000000317492	30	30
0.06824	0.00000000319414	30	30
0.06772	0.00000000315961	30	30
0.06718	0.00000000315556	30	30
0.06680	0.00000000300669	30	30
0.06741	0.00000000316911	30	30
0.06721	0.00000000301355	30	30
0.06650	0.00000000314404	30	30
0.06689	0.00000000300909	30	30
0.06516	0.00000000316634	30	30
0.06583	0.00000000299401	30	30
0.06510	0.00000000321533	30	30
0.06767	0.00000000319092	30	30
0.06766	0.00000000302735	30	30
0.06694	0.00000000314568	30	30
0.06641	0.00000000299633	30	30
0.06722	0.00000000315710	30	30
0.06730	0.00000000315870	30	30
0.06671	0.00000000301041	30	30
0.06713	0.00000000316379	30	30
0.06577	0.00000000299612	30	30
0.06670	0.00000000315157	30	30
0.06566	0.00000000303179	30	30
0.06465	0.00000000308738	30	30
0.06779	0.00000000316001	30	30
0.06758	0.00000000301473	30	30
0.06810	0.00000000317521	30	30
0.06783	0.00000000316736	30	30
0.06741	0.00000000300429	30	30
0.06689	0.00000000315152	30	30
0.06759	0.00000000302671	30	30
0.06738	0.00000000316116	30	30
0.06735	0.00000000315980	30	30
0.06713	0.00000000301183	30	30
0.06625	0.00000000315792	30	30
0.06702	0.00000000301898	30	30
0.06538	0.00000000313195	30	30
0.06498	0.00000000305649	30	30
0.06689	0.00000000315958	30	30
0.06816	0.00000000306352	30	30
0.06766	0.00000000309650	30	30
0.06708	0.00000000315725	30	30
0.06782	0.00000000302457	30	30
0.06786	0.00000000317428	30	30
0.06782	0.00000000304609	30	30
0.06745	0.00000000316246	30	30
0.06706	0.00000000301226	30	30
0.06706	0.00000000317453	30	30
0.06712	0.00000000301071	30	30
0.06764	0.00000000317252	30	30
0.06694	0.00000000308988	30	30
0.06602	0.00000000306791	30	30
0.06486	0.00000000306232	30	30
0.06435	0.00000000309426	30	30
0.06722	0.00000000315825	30	30
0.06760	0.00000000299539	30	30
0.06796	0.00000000302921	30	30
0.06746	0.00000000316126	30	30
0.06760	0.00000000300778	30	30
0.06780	0.00000000316305	30	30
0.06773	0.00000000315687	30	30
0.06738	0.00000000301084	30	30
0.06674	0.00000000314147	30	30
0.06709	0.00000000300165	30	30
0.06759	0.00000000314976	30	30
0.06756	0.00000000314131	30	30
0.06632	0.00000000299283	30	30
0.06699	0.00000000313441	30	30
0.06693	0.00000000313539	30	30
0.06702	0.00000000314250	30	30
0.06749	0.00000000302397	30	30
0.06738	0.00000000316569	30	30
0.06738	0.00000000301533	30	30
0.06786	0.00000000316125	30	30
0.06751	0.00000000316824	30	30
0.06663	0.00000000300315	30	30
0.06633	0.00000000313849	30	30
0.06743	0.00000000301178	30	30
0.06706	0.00000000314065	30	30
0.06723	0.00000000302882	30	30
0.06714	0.00000000314929	30	30
0.06716	0.00000000317262	30	30
0.06617	0.00000000300207	30	30
0.06724	0.00000000316325	30	30
0.06698	0.00000000300713	30	30
0.06765	0.00000000317655	30	30
0.06780	0.00000000303274	30	30
0.06723	0.00000000315000	30	30
0.06720	0.00000000307766	30	30
0.06708	0.00000000307499	30	30
0.06681	0.00000000312988	30	30
0.06560	0.00000000298307	30	30
0.06702	0.00000000313448	30	30
0.06659	0.00000000313834	30	30
0.06570	0.00000000298198	30	30
0.06402	0.00000000313216	30	30
0.06556	0.00000000308010	30	30
0.06799	0.00000000319648	30	30
0.06714	0.00000000301945	30	30
0.06725	0.00000000315584	30	30
0.06766	0.00000000316397	30	30
0.06727	0.00000000300444	30	30
0.06750	0.00000000315987	30	30
0.06677	0.00000000313355	30	30
0.06705	0.00000000300668	30	30
0.06750	0.00000000316669	30	30
0.06743	0.00000000303313	30	30
0.06651	0.00000000315030	30	30
0.06598	0.00000000300983	30	30
0.06615	0.00000000314411	30	30
0.06466	0.00000000307010	30	30
0.06770	0.00000000317683	30	30
0.06799	0.00000000305333	30	30
0.06731	0.00000000318041	30	30
0.06723	0.00000000300418	30	30
0.06777	0.00000000315261	30	30
0.06745	0.00000000311294	30	30
0.06687	0.00000000307657	30	30
0.06769	0.00000000318934	30	30
0.06653	0.00000000300716	30	30
0.06635	0.00000000313338	30	30
0.06746	0.00000000301240	30	30
0.06799	0.00000000316195	30	30
0.06793	0.00000000312301	30	30
0.06754	0.00000000307523	30	30
0.06739	0.00000000316356	30	30
0.06709	0.00000000300192	30	30
0.06764	0.00000000316526	30	30
0.06719	0.00000000302501	30	30
0.06775	0.00000000315267	30	30
0.06725	0.00000000315023	30	30
0.06763	0.00000000303431	30	30
0.06679	0.00000000316577	30	30
0.06769	0.00000000302168	30	30
0.06725	0.00000000317509	30	30
0.06763	0.00000000304289	30	30
0.06652	0.00000000315280	30	30
0.06450	0.00000000299173	30	30
0.06493	0.00000000324340	30	30
0.06743	0.00000000299564	30	30
0.06737	0.00000000316321	30	30
0.06785	0.00000000318139	30	30
0.06741	0.00000000300743	30	30
0.06762	0.00000000316068	30	30
0.06791	0.00000000314401	30	30
0.06622	0.00000000297962	30	30
0.06676	0.00000000314558	30	30
0.06628	0.00000000313392	30	30
0.06753	0.00000000302096	30	30
0.06635	0.00000000314869	30	30
0.06691	0.00000000301955	30	30
0.06544	0.00000000313652	30	30
0.06731	0.00000000300860	30	30
0.06765	0.00000000316858	30	30
0.06731	0.00000000307024	30	30
0.06715	0.00000000309040	30	30
0.06780	0.00000000316824	30	30
0.06726	0.00000000301273	30	30
0.06716	0.00000000315148	30	30
0.06713	0.00000000301151	30	30
0.06729	0.00000000316608	30	30
0.06719	0.00000000302159	30	30
0.06764	0.00000000317543	30	30
0.06652	0.00000000308024	30	30
0.06635	0.00000000306921	30	30
0.06746	0.00000000310092	30	30
0.06801	0.00000000319454	30	30
0.06767	0.00000000317616	30	30
0.06708	0.00000000300847	30	30
0.06783	0.00000000316492	30	30
0.06696	0.00000000302376	30	30
0.06666	0.00000000314719	30	30
0.06787	0.00000000317121	30	30
0.06657	0.00000000299488	30	30
0.06657	0.00000000316742	30	30
0.06650	0.00000000299195	30	30
0.06655	0.00000000312333	30	30
0.06489	0.00000000297521	30	30
0.06514	0.00000000321296	30	30
0.06812	0.00000000304959	30	30
0.06724	0.00000000301457	30	30
0.06697	0.00000000315627	30	30
0.06776	0.00000000303888	30	30
0.06725	0.00000000313355	30	30
0.06738	0.00000000302562	30	30
0.06721	0.00000000315815	30	30
0.06740	0.00000000315589	30	30
0.06726	0.00000000301717	30	30
0.06711	0.00000000317890	30	30
0.06630	0.00000000300745	30	30
0.06630	0.00000000314686	30	30
0.06583	0.00000000299116	30	30
0.06425	0.00000000317219	30	30
0.06785	0.00000000308191	30	30
0.06787	0.00000000317518	30	30
0.06856	0.00000000320194	30	30
0.06800	0.00000000311342	30	30
0.06730	0.00000000314225	30	30
0.06720	0.00000000301995	30	30
0.06729	0.00000000315897	30	30
0.06716	0.00000000302158	30	30
0.06753	0.00000000316212	30	30
0.06698	0.00000000300746	30	30
0.06580	0.00000000314731	30	30
0.06732	0.00000000314041	30	30
0.06600	0.00000000298000	30	30
0.06408	0.00000000317897	30	30
0.06690	0.00000000314765	30	30
0.06797	0.00000000305244	30	30
0.06748	0.00000000317472	30	30
0.06693	0.00000000301125	30	30
0.06777	0.00000000318663	30	30
0.06734	0.00000000301395	30	30
0.06730	0.00000000315691	30	30
0.06675	0.00000000315095	30	30
0.06723	0.00000000301255	30	30
0.06709	0.00000000316855	30	30
0.06619	0.00000000299778	30	30
0.06620	0.00000000315165	30	30
0.06617	0.00000000298967	30	30
0.06478	0.00000000318306	30	30
0.06704	0.00000000308780	30	30
0.06753	0.00000000308461	30	30
0.06765	0.00000000317255	30	30
0.06779	0.00000000310282	30	30
0.06744	0.00000000307808	30	30
0.06757	0.00000000314054	30	30
0.06688	0.00000000311531	30	30
0.06799	0.00000000299974	30	30
0.06651	0.00000000314226	30	30
0.06625	0.00000000313109	30	30
0.06538	0.00000000297334	30	30
0.06778	0.00000000317238	30	30
0.06737	0.00000000302402	30	30
0.06733	0.00000000316090	30	30
0.06757	0.00000000317670	30	30
0.06695	0.00000000300895	30	30
0.06757	0.00000000316325	30	30
0.06685	0.00000000302059	30	30
0.06632	0.00000000314116	30	30
0.06676	0.00000000300507	30	30
0.06649	0.00000000313832	30	30
0.06571	0.00000000299774	30	30
0.06745	0.00000000316867	30	30
0.06769	0.00000000309449	30	30
0.06757	0.00000000308316	30	30
0.06754	0.00000000315422	30	30
0.06703	0.00000000301119	30	30
0.06728	0.00000000316179	30	30
0.06720	0.00000000302249	30	30
0.06763	0.00000000316840	30	30
0.06747	0.00000000302078	30	30
0.06711	0.00000000314909	30	30
0.06686	0.00000000316683	30	30
0.06694	0.00000000300517	30	30
0.06510	0.00000000313730	30	30
0.06555	0.00000000310743	30	30
0.06717	0.00000000315433	30	30
0.06755	0.00000000303563	30	30
0.06668	0.00000000316389	30	30
0.06702	0.00000000320391	30	30
0.06570	0.00000000303181	30	30
0.06533	0.00000000324435	30	30
0.06793	0.00000000306564	30	30
0.06833	0.00000000305939	30	30
0.06758	0.00000000302309	30	30
0.06799	0.00000000320150	30	30
0.06788	0.00000000317893	30	30
0.06669	0.00000000301248	30	30
0.06680	0.00000000314678	30	30
0.06765	0.00000000300629	30	30
0.06669	0.00000000313702	30	30
0.06630	0.00000000312897	30	30
0.06640	0.00000000300436	30	30
0.06680	0.00000000315471	30	30
0.06487	0.00000000299713	30	30
0.06521	0.00000000319683	30	30
0.06755	0.00000000304725	30	30
0.06695	0.00000000313031	30	30
0.06713	0.00000000315442	30	30
0.06760	0.00000000302123	30	30
0.06763	0.00000000317042	30	30
0.06790	0.00000000302806	30	30
0.06737	0.00000000316052	30	30
0.06742	0.00000000301983	30	30
0.06679	0.00000000313907	30	30
0.06739	0.00000000315284	30	30
0.06700	0.00000000299912	30	30
0.06633	0.00000000311898	30	30
0.06478	0.00000000299769	30	30
0.06750	0.00000000314610	30	30
0.06762	0.00000000300954	30	30
0.06737	0.00000000314754	30	30
0.06781	0.00000000310071	30	30
0.06760	0.00000000310293	30	30
0.06686	0.00000000314428	30	30
0.06731	0.00000000301787	30	30
0.06742	0.00000000315685	30	30
0.06718	0.00000000314195	30	30
0.06795	0.00000000303907	30	30
0.06761	0.00000000315479	30	30
0.06623	0.00000000298808	30	30
0.06565	0.00000000312055	30	30
0.06726	0.00000000310251	30	30
0.06814	0.00000000319086	30	30
0.06742	0.00000000315851	30	30
0.06706	0.00000000301753	30	30
0.06779	0.00000000317589	30	30
0.06703	0.00000000314705	30	30
0.06711	0.00000000302286	30	30
0.06540	0.00000000313681	30	30
0.06427	0.00000000302160	30	30
0.06530	0.00000000321362	30	30
0.06792	0.00000000303348	30	30
0.06799	0.00000000318308	30	30
0.06780	0.00000000303514	30	30
0.06764	0.00000000316658	30	30
0.06712	0.00000000300109	30	30
0.06780	0.00000000316845	30	30
0.06748	0.00000000314816	30	30
0.06765	0.00000000300272	30	30
0.06701	0.00000000314337	30	30
0.06736	0.00000000313589	30	30
0.06745	0.00000000315441	30	30
0.06758	0.00000000299612	30	30
0.06740	0.00000000315205	30	30
0.06634	0.00000000312589	30	30
0.06589	0.00000000298773	30	30
0.06483	0.00000000323188	30	30
0.06770	0.00000000301785	30	30
0.06764	0.00000000316918	30	30
0.06789	0.00000000317869	30	30
0.06639	0.00000000301491	30	30
0.06723	0.00000000316697	30	30
0.06658	0.00000000306646	30	30
0.06735	0.00000000309175	30	30
0.06641	0.00000000314470	30	30
0.06664	0.00000000302122	30	30
0.06723	0.00000000315057	30	30
0.06469	0.00000000299244	30	30
0.06423	0.00000000324118	30	30
0.06711	0.00000000300091	30	30
0.06834	0.00000000313829	30	30
0.06783	0.00000000317291	30	30
0.06704	0.00000000299364	30	30
0.06749	0.00000000311597	30	30
0.06724	0.00000000308343	30	30
0.06744	0.00000000308601	30	30
0.06780	0.00000000317367	30	30
0.06757	0.00000000302965	30	30
0.06648	0.00000000314259	30	30
0.06647	0.00000000300719	30	30
0.06539	0.00000000319401	30	30
0.06705	0.00000000315764	30	30
0.06776	0.00000000300152	30	30
0.06784	0.00000000305528	30	30
0.06706	0.00000000314163	30	30
0.06759	0.00000000302535	30	30
0.06751	0.00000000316715	30	30
0.06768	0.00000000302487	30	30
0.06722	0.00000000315270	30	30
0.06718	0.00000000300576	30	30
0.06747	0.00000000315020	30	30
0.06756	0.00000000311980	30	30
0.06698	0.00000000307429	30	30
0.06632	0.00000000308509	30	30
0.06577	0.00000000305835	30	30
0.06610	0.00000000312674	30	30
0.06739	0.00000000308518	30	30
0.06786	0.00000000310184	30	30
0.06797	0.00000000319590	30	30
0.06782	0.00000000302156	30	30
0.06724	0.00000000315168	30	30
0.06738	0.00000000300716	30	30
0.06759	0.00000000314865	30	30
0.06718	0.00000000315489	30	30
0.06671	0.00000000298499	30	30
0.06567	0.00000000312980	30	30
0.06618	0.00000000299109	30	30
0.06706	0.00000000303111	30	30
0.06708	0.00000000315753	30	30
0.06782	0.00000000302455	30	30
0.06724	0.00000000315830	30	30
0.06780	0.00000000302062	30	30
0.06786	0.00000000302908	30	30
0.06660	0.00000000313060	30	30
0.06771	0.00000000315071	30	30
0.06657	0.00000000300094	30	30
0.06723	0.00000000315097	30	30
0.06692	0.00000000299636	30	30
0.06555	0.00000000312490	30	30
0.06783	0.00000000310383	30	30
0.06823	0.00000000319193	30	30
0.06782	0.00000000316777	30	30
0.06745	0.00000000301261	30	30
0.06753	0.00000000314832	30	30
0.06789	0.00000000303378	30	30
0.06711	0.00000000315658	30	30
0.06730	0.00000000315829	30	30
0.06631	0.00000000300704	30	30
0.06642	0.00000000315400	30	30
0.06718	0.00000000301063	30	30
0.06614	0.00000000314883	30	30
0.06539	0.00000000299409	30	30
0.06519	0.00000000322000	30	30
0.06735	0.00000000318906	30	30
0.06774	0.00000000303085	30	30
0.06677	0.00000000314386	30	30
0.06787	0.00000000303811	30	30
0.06696	0.00000000313090	30	30
0.06789	0.00000000311013	30	30
0.06733	0.00000000308770	30	30
0.06714	0.00000000316096	30	30
0.06754	0.00000000302809	30	30
0.06718	0.00000000315255	30	30
0.06703	0.00000000301369	30	30
0.06648	0.00000000314128	30	30
0.06648	0.00000000305752	30	30
0.06629	0.00000000308616	30	30
0.06544	0.00000000312336	30	30
0.06493	0.00000000304964	30	30
0.06740	0.00000000315244	30	30
0.06808	0.00000000317576	30	30
0.06888	0.00000000322151	30	30
0.06785	0.00000000317920	30	30
0.06713	0.00000000300641	30	30
0.06659	0.00000000316063	30	30
0.06738	0.00000000302035	30	30
0.06688	0.00000000315302	30	30
0.06744	0.00000000310211	30	30
0.06678	0.00000000307951	30	30
0.06761	0.00000000315783	30	30
0.06654	0.00000000299688	30	30
0.06620	0.00000000314453	30	30
0.06489	0.00000000306191	30	30
0.06745	0.00000000318265	30	30
0.06794	0.00000000309135	30	30
0.06775	0.00000000310607	30	30
0.06777	0.00000000318029	30	30
0.06759	0.00000000300258	30	30
0.06814	0.00000000318797	30	30
0.06767	0.00000000316324	30	30
0.06728	0.00000000313302	30	30
0.06740	0.00000000307904	30	30
0.06744	0.00000000306516	30	30
0.06684	0.00000000313497	30	30
0.06610	0.00000000312488	30	30
0.06613	0.00000000299925	30	30
0.06465	0.00000000320767	30	30
0.06736	0.00000000314212	30	30
0.06798	0.00000000303723	30	30
0.06740	0.00000000316857	30	30
0.06745	0.00000000301036	30	30
0.06790	0.00000000315752	30	30
0.06787	0.00000000316928	30	30
0.06763	0.00000000302452	30	30
0.06683	0.00000000314017	30	30
0.06726	0.00000000301729	30	30
0.06712	0.00000000314766	30	30
0.06773	0.00000000316202	30	30
0.06665	0.00000000299162	30	30
0.06605	0.00000000312740	30	30
0.06697	0.00000000307880	30	30
0.06658	0.00000000307813	30	30
0.06479	0.00000000317172	30	30
0.06691	0.00000000301674	30	30
0.06813	0.00000000304768	30	30
0.06777	0.00000000304214	30	30
0.06697	0.00000000314849	30	30
0.06794	0.00000000314419	30	30
0.06766	0.00000000301614	30	30
0.06736	0.00000000315230	30	30
0.06662	0.00000000308046	30	30
0.06740	0.00000000309008	30	30
0.06745	0.00000000316195	30	30
0.06682	0.00000000300623	30	30
0.06726	0.00000000318403	30	30
0.06625	0.00000000297260	30	30
0.06594	0.00000000312941	30	30
0.06571	0.00000000307044	30	30
0.06416	0.00000000312648	30	30
0.06740	0.00000000316259	30	30
0.06716	0.00000000301827	30	30
0.06769	0.00000000316519	30	30
0.06793	0.00000000302922	30	30
0.06707	0.00000000315865	30	30
0.06778	0.00000000310654	30	30
0.06732	0.00000000307676	30	30
0.06708	0.00000000315652	30	30
0.06759	0.00000000301244	30	30
0.06692	0.00000000314543	30	30
0.06762	0.00000000315059	30	30
0.06549	0.00000000304887	30	30
0.06606	0.00000000308865	30	30
0.06722	0.00000000301798	30	30
0.06770	0.00000000317185	30	30
0.06709	0.00000000299658	30	30
0.06787	0.00000000316976	30	30
0.06742	0.00000000310551	30	30
0.06635	0.00000000307191	30	30
0.06761	0.00000000316996	30	30
0.06725	0.00000000302520	30	30
0.06718	0.00000000315290	30	30
0.06668	0.00000000301291	30	30
0.06665	0.00000000314764	30	30
0.06767	0.00000000303867	30	30
0.06819	0.00000000303369	30	30
0.06749	0.00000000300745	30	30
0.06795	0.00000000304194	30	30
0.06704	0.00000000313863	30	30
0.06765	0.00000000315807	30	30
0.06750	0.00000000303168	30	30
0.06760	0.00000000316012	30	30
0.06759	0.00000000301934	30	30
0.06603	0.00000000315723	30	30
0.06609	0.00000000300372	30	30
0.06485	0.00000000324439	30	30
0.06775	0.00000000317658	30	30
0.06732	0.00000000301296	30	30
0.06728	0.00000000314154	30	30
0.06757	0.00000000309368	30	30
0.06699	0.00000000305971	30	30
0.06727	0.00000000315716	30	30
0.06685	0.00000000309211	30	30
0.06680	0.00000000307165	30	30
0.06710	0.00000000315986	30	30
0.06713	0.00000000303350	30	30
0.06535	0.00000000311304	30	30
0.06627	0.00000000302370	30	30
0.06538	0.00000000312028	30	30
0.06497	0.00000000303798	30	30
0.06793	0.00000000305242	30	30
0.06665	0.00000000315679	30	30
0.06726	0.00000000309200	30	30
0.06665	0.00000000306119	30	30
0.06752	0.00000000310375	30	30
0.06720	0.00000000309453	30	30
0.06686	0.00000000308220	30	30
0.06644	0.00000000308010	30	30
0.06568	0.00000000312116	30	30
0.06466	0.00000000305234	30	30
0.06713	0.00000000315917	30	30
0.06795	0.00000000304579	30	30
0.06758	0.00000000317874	30	30
0.06697	0.00000000315584	30	30
0.06761	0.00000000303023	30	30
0.06775	0.00000000318917	30	30
0.06772	0.00000000303611	30	30
0.06722	0.00000000316180	30	30
0.06706	0.00000000306989	30	30
0.06721	0.00000000307820	30	30
0.06735	0.00000000316236	30	30
0.06707	0.00000000302205	30	30
0.06685	0.00000000314661	30	30
0.06696	0.00000000302749	30	30
0.06557	0.00000000313603	30	30
0.06443	0.00000000305899	30	30
0.06733	0.00000000317481	30	30
0.06776	0.00000000308003	30	30
0.06779	0.00000000303836	30	30
0.06725	0.00000000314999	30	30
0.06784	0.00000000303849	30	30
0.06755	0.00000000315913	30	30
0.06663	0.00000000306966	30	30
0.06773	0.00000000309766	30	30
0.06735	0.00000000314894	30	30
0.06700	0.00000000303170	30	30
0.06649	0.00000000314766	30	30
0.06701	0.00000000314016	30	30
0.06742	0.00000000302992	30	30
0.06721	0.00000000317109	30	30
0.06700	0.00000000300068	30	30
0.06786	0.00000000318817	30	30
0.06780	0.00000000303110	30	30
0.06762	0.00000000316293	30	30
0.06604	0.00000000307774	30	30
0.06772	0.00000000309884	30	30
0.06710	0.00000000315379	30	30
0.06738	0.00000000300026	30	30
0.06726	0.00000000314359	30	30
0.06740	0.00000000304459	30	30
0.06599	0.00000000312134	30	30
0.06436	0.00000000317451	30	30
0.06770	0.00000000301296	30	30
0.06697	0.00000000316263	30	30
0.06724	0.00000000309897	30	30
0.06823	0.00000000319007	30	30
0.06767	0.00000000309996	30	30
0.06712	0.00000000313936	30	30
0.06780	0.00000000306735	30	30
0.06746	0.00000000309436	30	30
0.06761	0.00000000316562	30	30
0.06666	0.00000000301151	30	30
0.06654	0.00000000311960	30	30
0.06778	0.00000000310688	30	30
0.06751	0.00000000317935	30	30
0.06727	0.00000000302499	30	30
0.06680	0.00000000315156	30	30
0.06775	0.00000000301687	30	30
0.06624	0.00000000313690	30	30
0.06652	0.00000000300614	30	30
0.06515	0.00000000312810	30	30
0.06671	0.00000000313996	30	30
0.06611	0.00000000298466	30	30
0.06707	0.00000000316545	30	30
0.06721	0.00000000300952	30	30
0.06526	0.00000000312460	30	30
0.06494	0.00000000299381	30	30
0.06468	0.00000000323810	30	30
0.06786	0.00000000317293	30	30
0.06782	0.00000000302041	30	30
0.06741	0.00000000313460	30	30
0.06780	0.00000000315370	30	30
0.06714	0.00000000305270	30	30
0.06750	0.00000000304455	30	30
0.06753	0.00000000316761	30	30
0.06830	0.00000000304615	30	30
0.06742	0.00000000303003	30	30
0.06674	0.00000000316898	30	30
0.06549	0.00000000313882	30	30
0.06611	0.00000000326457	30	30
0.06862	0.00000000313744	30	30
0.06893	0.00000000318795	30	30
0.06787	0.00000000315199	30	30
0.06788	0.00000000317823	30	30
0.06814	0.00000000323231	30	30
0.06667	0.00000000315132	30	30
0.06704	0.00000000299992	30	30
0.06705	0.00000000313735	30	30
0.06673	0.00000000314736	30	30
0.06548	0.00000000300179	30	30
0.06768	0.00000000309981	30	30
0.06754	0.00000000310117	30	30
0.06701	0.00000000314222	30	30
0.06799	0.00000000303596	30	30
0.06732	0.00000000315157	30	30
0.06786	0.00000000303298	30	30
0.06766	0.00000000314712	30	30
0.06715	0.00000000309782	30	30
0.06756	0.00000000308425	30	30
0.06734	0.00000000315549	30	30
0.06755	0.00000000302264	30	30
0.06678	0.00000000315964	30	30
0.06631	0.00000000301599	30	30
0.06756	0.00000000316129	30	30
0.06690	0.00000000308418	30	30
0.06785	0.00000000310966	30	30
0.06721	0.00000000315171	30	30
0.06777	0.00000000301560	30	30
0.06769	0.00000000318274	30	30
0.06729	0.00000000301677	30	30
0.06757	0.00000000316218	30	30
0.06711	0.00000000315758	30	30
0.06652	0.00000000301452	30	30
0.06628	0.00000000314115	30	30
0.06664	0.00000000297651	30	30
0.06405	0.00000000313261	30	30
0.06597	0.00000000322271	30	30
0.06758	0.00000000302740	30	30
0.06775	0.00000000316031	30	30
0.06695	0.00000000300246	30	30
0.06766	0.00000000302644	30	30
0.06759	0.00000000316763	30	30
0.06739	0.00000000303033	30	30
0.06759	0.00000000317135	30	30
0.06528	0.00000000307052	30	30
0.06488	0.00000000307482	30	30
0.06506	0.00000000321177	30	30
0.06775	0.00000000302773	30	30
0.06796	0.00000000315360	30	30
0.06748	0.00000000316119	30	30
0.06796	0.00000000303862	30	30
0.06700	0.00000000314951	30	30
0.06793	0.00000000303561	30	30
0.06707	0.00000000315474	30	30
0.06693	0.00000000316137	30	30
0.06750	0.00000000303336	30	30
0.06722	0.00000000315950	30	30
0.06723	0.00000000301753	30	30
0.06712	0.00000000316317	30	30
0.06765	0.00000000302340	30	30
0.06688	0.00000000314078	30	30
0.06598	0.00000000307150	30	30
0.06416	0.00000000312369	30	30
0.06711	0.00000000317523	30	30
0.06826	0.00000000321381	30	30
0.06810	0.00000000302668	30	30
0.06731	0.00000000301239	30	30
0.06797	0.00000000316359	30	30
0.06696	0.00000000301223	30	30
0.06773	0.00000000315982	30	30
0.06710	0.00000000315936	30	30
0.06787	0.00000000304697	30	30
0.06766	0.00000000316208	30	30
0.06705	0.00000000300410	30	30
0.06721	0.00000000314082	30	30
0.06550	0.00000000311304	30	30
0.06765	0.00000000303317	30	30
0.06761	0.00000000317258	30	30
0.06769	0.00000000301821	30	30
0.06732	0.00000000315860	30	30
0.06719	0.00000000310177	30	30
0.06713	0.00000000307889	30	30
0.06686	0.00000000315770	30	30
0.06718	0.00000000300753	30	30
0.06716	0.00000000316540	30	30
0.06696	0.00000000300658	30	30
0.06618	0.00000000314577	30	30
0.06475	0.00000000300367	30	30
0.06723	0.00000000309494	30	30
0.06794	0.00000000310077	30	30
0.06740	0.00000000309286	30	30
0.06748	0.00000000315573	30	30
0.06787	0.00000000302181	30	30
0.06816	0.00000000304751	30	30
0.06747	0.00000000310590	30	30
0.06692	0.00000000306843	30	30
0.06644	0.00000000314668	30	30
0.06611	0.00000000302466	30	30
0.06711	0.00000000314043	30	30
0.06674	0.00000000315539	30	30
0.06788	0.00000000302922	30	30
0.06713	0.00000000315934	30	30
0.06773	0.00000000302181	30	30
0.06786	0.00000000317047	30	30
0.06737	0.00000000308789	30	30
0.06746	0.00000000309329	30	30
0.06703	0.00000000317099	30	30
0.06738	0.00000000302192	30	30
0.06663	0.00000000315406	30	30
0.06590	0.00000000299271	30	30
0.06779	0.00000000320541	30	30
0.06724	0.00000000302357	30	30
0.06769	0.00000000315469	30	30
0.06760	0.00000000308948	30	30
0.06721	0.00000000306915	30	30
0.06777	0.00000000317745	30	30
0.06694	0.00000000302967	30	30
0.06751	0.00000000315769	30	30
0.06715	0.00000000310272	30	30
0.06676	0.00000000308712	30	30
0.06697	0.00000000301352	30	30
0.06648	0.00000000315479	30	30
0.06591	0.00000000301463	30	30
0.06500	0.00000000321850	30	30
0.06771	0.00000000304885	30	30
0.06790	0.00000000316663	30	30
0.06695	0.00000000315055	30	30
0.06800	0.00000000304064	30	30
0.06727	0.00000000314051	30	30
0.06635	0.00000000314188	30	30
0.06769	0.00000000303468	30	30
0.06732	0.00000000315074	30	30
0.06763	0.00000000303982	30	30
0.06665	0.00000000314319	30	30
0.06617	0.00000000313342	30	30
0.06650	0.00000000297404	30	30
0.06464	0.00000000313368	30	30
0.06496	0.00000000303929	30	30
0.06750	0.00000000315325	30	30
0.06771	0.00000000317842	30	30
0.06807	0.00000000313434	30	30
0.06718	0.00000000309073	30	30
0.06775	0.00000000314888	30	30
0.06694	0.00000000299619	30	30
0.06753	0.00000000314975	30	30
0.06740	0.00000000314009	30	30
0.06726	0.00000000299480	30	30
0.06656	0.00000000314735	30	30
0.06684	0.00000000315586	30	30
0.06433	0.00000000304499	30	30
0.06701	0.00000000316453	30	30
0.06768	0.00000000303298	30	30
0.06743	0.00000000316543	30	30
0.06714	0.00000000308731	30	30
0.06776	0.00000000301785	30	30
0.06674	0.00000000314878	30	30
0.06727	0.00000000308599	30	30
0.06769	0.00000000310133	30	30
0.06707	0.00000000314627	30	30
0.06790	0.00000000303501	30	30
0.06705	0.00000000315389	30	30
0.06603	0.00000000300401	30	30
0.06540	0.00000000314302	30	30
0.06427	0.00000000313260	30	30
0.06732	0.00000000310040	30	30
0.06766	0.00000000310454	30	30
0.06809	0.00000000316534	30	30
0.06762	0.00000000309821	30	30
0.06713	0.00000000314873	30	30
0.06743	0.00000000302489	30	30
0.06693	0.00000000313972	30	30
0.06793	0.00000000303612	30	30
0.06627	0.00000000314895	30	30
0.06670	0.00000000302056	30	30
0.06570	0.00000000315662	30	30
0.06724	0.00000000309719	30	30
0.06748	0.00000000302750	30	30
0.06753	0.00000000317809	30	30
0.06720	0.00000000301603	30	30
0.06774	0.00000000318081	30	30
0.06645	0.00000000299653	30	30
0.06728	0.00000000315457	30	30
0.06705	0.00000000312120	30	30
0.06725	0.00000000308291	30	30
0.06721	0.00000000306495	30	30
0.06657	0.00000000312264	30	30
0.06603	0.00000000304645	30	30
0.06709	0.00000000316417	30	30
0.06795	0.00000000302302	30	30
0.06783	0.00000000317446	30	30
0.06725	0.00000000313689	30	30
0.06784	0.00000000302978	30	30
0.06660	0.00000000313883	30	30
0.06783	0.00000000302023	30	30
0.06743	0.00000000314657	30	30
0.06735	0.00000000314946	30	30
0.06738	0.00000000299211	30	30
0.06663	0.00000000315155	30	30
0.06796	0.00000000319535	30	30
0.06796	0.00000000304477	30	30
0.06709	0.00000000315397	30	30
0.06772	0.00000000302781	30	30
0.06732	0.00000000317269	30	30
0.06711	0.00000000314860	30	30
0.06763	0.00000000301748	30	30
0.06590	0.00000000314045	30	30
0.06646	0.00000000300871	30	30
0.06590	0.00000000315382	30	30
0.06697	0.00000000303017	30	30
0.06626	0.00000000312376	30	30
0.06655	0.00000000301200	30	30
0.06488	0.00000000313615	30	30
0.06439	0.00000000317498	30	30
0.06787	0.00000000303914	30	30
0.06704	0.00000000309901	30	30
0.06768	0.00000000303956	30	30
0.06644	0.00000000313574	30	30
0.06677	0.00000000304748	30	30
0.06649	0.00000000313232	30	30
0.06628	0.00000000313782	30	30
0.06559	0.00000000301174	30	30
0.06624	0.00000000314668	30	30
0.06448	0.00000000309842	30	30
0.06753	0.00000000315452	30	30
0.06772	0.00000000302343	30	30
0.06761	0.00000000318198	30	30
0.06688	0.00000000313963	30	30
0.06790	0.00000000303763	30	30
0.06766	0.00000000317591	30	30
0.06787	0.00000000303705	30	30
0.06722	0.00000000317740	30	30
0.06746	0.00000000301969	30	30
0.06725	0.00000000316939	30	30
0.06738	0.00000000307607	30	30
0.06700	0.00000000310021	30	30
0.06701	0.00000000301348	30	30
0.06628	0.00000000311969	30	30
0.06480	0.00000000312700	30	30
0.06741	0.00000000303252	30	30
0.06789	0.00000000318200	30	30
0.06757	0.00000000318267	30	30
0.06617	0.00000000299868	30	30
0.06728	0.00000000316476	30	30
0.06744	0.00000000301124	30	30
0.06766	0.00000000318584	30	30
0.06623	0.00000000313210	30	30
0.06564	0.00000000298634	30	30
0.06624	0.00000000314993	30	30
0.06726	0.00000000307014	30	30
0.06765	0.00000000317172	30	30
0.06693	0.00000000299450	30	30
0.06787	0.00000000318640	30	30
0.06773	0.00000000315459	30	30
0.06710	0.00000000302424	30	30
0.06698	0.00000000313078	30	30
0.06758	0.00000000302759	30	30
0.06660	0.00000000316024	30	30
0.06747	0.00000000302773	30	30
0.06686	0.00000000316357	30	30
0.06705	0.00000000312673	30	30
0.06675	0.00000000298095	30	30
0.06732	0.00000000301101	30	30
0.06728	0.00000000315886	30	30
0.06782	0.00000000302180	30	30
0.06773	0.00000000317742	30	30
0.06740	0.00000000303338	30	30
0.06669	0.00000000314254	30	30
0.06726	0.00000000316931	30	30
0.06745	0.00000000300687	30	30
0.06702	0.00000000314808	30	30
0.06718	0.00000000301807	30	30
0.06609	0.00000000313934	30	30
0.06655	0.00000000301300	30	30
0.06472	0.00000000312364	30	30
0.06596	0.00000000310214	30	30
0.06816	0.00000000317977	30	30
0.06830	0.00000000303910	30	30
0.06723	0.00000000304483	30	30
0.06761	0.00000000316944	30	30
0.06696	0.00000000314058	30	30
0.06724	0.00000000302984	30	30
0.06674	0.00000000313865	30	30
0.06725	0.00000000316378	30	30
0.06767	0.00000000301195	30	30
0.06701	0.00000000316119	30	30
0.06611	0.00000000300429	30	30
0.06553	0.00000000312976	30	30
0.06458	0.00000000299895	30	30
0.06540	0.00000000316739	30	30
0.06799	0.00000000319305	30	30
0.06777	0.00000000304165	30	30
0.06729	0.00000000316074	30	30
0.06796	0.00000000303431	30	30
0.06729	0.00000000314909	30	30
0.06684	0.00000000315654	30	30
0.06718	0.00000000302666	30	30
0.06706	0.00000000314834	30	30
0.06776	0.00000000303194	30	30
0.06700	0.00000000314941	30	30
0.06700	0.00000000300057	30	30
0.06650	0.00000000315169	30	30
0.06615	0.00000000300918	30	30
0.06413	0.00000000323935	30	30
0.06731	0.00000000310490	30	30
0.06798	0.00000000310868	30	30
0.06713	0.00000000315619	30	30
0.06753	0.00000000301945	30	30
0.06752	0.00000000315036	30	30
0.06794	0.00000000310712	30	30
0.06781	0.00000000310117	30	30
0.06677	0.00000000314311	30	30
0.06716	0.00000000302584	30	30
0.06728	0.00000000315240	30	30
0.06751	0.00000000302921	30	30
0.06723	0.00000000315506	30	30
0.06658	0.00000000308246	30	30
0.06672	0.00000000307644	30	30
0.06547	0.00000000312545	30	30
0.06467	0.00000000306704	30	30
0.06710	0.00000000314843	30	30
0.06779	0.00000000311130	30	30
0.06795	0.00000000305163	30	30
0.06741	0.00000000316676	30	30
0.06690	0.00000000300951	30	30
0.06670	0.00000000313481	30	30
0.06757	0.00000000314420	30	30
0.06774	0.00000000307402	30	30
0.06785	0.00000000307741	30	30
0.06737	0.00000000315003	30	30
0.06681	0.00000000300666	30	30
0.06717	0.00000000315065	30	30
0.06674	0.00000000308894	30	30
0.06454	0.00000000310178	30	30
0.06699	0.00000000314062	30	30
0.06739	0.00000000302314	30	30
0.06807	0.00000000321328	30	30
0.06807	0.00000000308979	30	30
0.06805	0.00000000311368	30	30
0.06866	0.00000000318900	30	30
0.06790	0.00000000321721	30	30
0.06724	0.00000000309917	30	30
0.06765	0.00000000312597	30	30
0.06706	0.00000000313408	30	30
0.06574	0.00000000309218	30	30
0.06509	0.00000000315325	30	30
0.06812	0.00000000323991	30	30
0.06761	0.00000000317884	30	30
0.06796	0.00000000310914	30	30
0.06748	0.00000000310390	30	30
0.06684	0.00000000313402	30	30
0.06674	0.00000000300100	30	30
0.06706	0.00000000316842	30	30
0.06653	0.00000000301802	30	30
0.06744	0.00000000316989	30	30
0.06661	0.00000000299183	30	30
0.06570	0.00000000314243	30	30
0.06699	0.00000000301836	30	30
0.06680	0.00000000315727	30	30
0.06787	0.00000000312106	30	30
0.06780	0.00000000310315	30	30
0.06665	0.00000000315595	30	30
0.06777	0.00000000301900	30	30
0.06745	0.00000000315566	30	30
0.06707	0.00000000314881	30	30
0.06603	0.00000000299817	30	30
0.06598	0.00000000313401	30	30
0.06405	0.00000000300613	30	30
0.06554	0.00000000320435	30	30
0.06759	0.00000000302449	30	30
0.06785	0.00000000316143	30	30
0.06738	0.00000000313292	30	30
0.06715	0.00000000316052	30	30
0.06734	0.00000000301475	30	30
0.06731	0.00000000313202	30	30
0.06764	0.00000000316780	30	30
0.06724	0.00000000299697	30	30
0.06678	0.00000000314139	30	30
0.06599	0.00000000313264	30	30
0.06792	0.00000000310664	30	30
0.06766	0.00000000316880	30	30
0.06772	0.00000000301674	30	30
0.06759	0.00000000315472	30	30
0.06698	0.00000000303301	30	30
0.06729	0.00000000309344	30	30
0.06740	0.00000000315419	30	30
0.06711	0.00000000300598	30	30
0.06764	0.00000000314194	30	30
0.06704	0.00000000312564	30	30
0.06695	0.00000000301055	30	30
0.06637	0.00000000315503	30	30
0.06441	0.00000000297958	30	30
0.06407	0.00000000323139	30	30
0.06721	0.00000000310291	30	30
0.06798	0.00000000309516	30	30
0.06709	0.00000000313866	30	30
0.06752	0.00000000301812	30	30
0.06720	0.00000000314376	30	30
0.06730	0.00000000308858	30	30
0.06739	0.00000000308614	30	30
0.06753	0.00000000314271	30	30
0.06763	0.00000000307753	30	30
0.06696	0.00000000305811	30	30
0.06684	0.00000000315178	30	30
0.06746	0.00000000302242	30	30
0.06639	0.00000000314352	30	30
0.06543	0.00000000298074	30	30
0.06610	0.00000000314512	30	30
0.06471	0.00000000313565	30	30
0.06711	0.00000000309706	30	30
0.06780	0.00000000317479	30	30
0.06786	0.00000000305640	30	30
0.06718	0.00000000316793	30	30
0.06737	0.00000000301012	30	30
0.06748	0.00000000316899	30	30
0.06724	0.00000000311101	30	30
0.06674	0.00000000306599	30	30
0.06736	0.00000000317319	30	30
0.06731	0.00000000302862	30	30
0.06674	0.00000000313835	30	30
0.06651	0.00000000299779	30	30
0.06735	0.00000000316348	30	30
0.06674	0.00000000312585	30	30
0.06597	0.00000000300318	30	30
0.06724	0.00000000315022	30	30
0.06762	0.00000000316132	30	30
0.06793	0.00000000302035	30	30
0.06714	0.00000000317673	30	30
0.06764	0.00000000302856	30	30
0.06722	0.00000000312242	30	30
0.06728	0.00000000316951	30	30
0.06747	0.00000000303009	30	30
0.06661	0.00000000312899	30	30
0.06629	0.00000000306182	30	30
0.06704	0.00000000316067	30	30
0.06810	0.00000000319579	30	30
0.06754	0.00000000310436	30	30
0.06642	0.00000000312243	30	30
0.06780	0.00000000303004	30	30
0.06722	0.00000000315997	30	30
0.06748	0.00000000302862	30	30
0.06590	0.00000000315553	30	30
0.06631	0.00000000301131	30	30
0.06812	0.00000000304805	30	30
0.06758	0.00000000317339	30	30
0.06739	0.00000000302338	30	30
0.06782	0.00000000314320	30	30
0.06765	0.00000000303760	30	30
0.06748	0.00000000316799	30	30
0.06763	0.00000000303807	30	30
0.06753	0.00000000316469	30	30
0.06751	0.00000000316745	30	30
0.06736	0.00000000300175	30	30
0.06678	0.00000000312944	30	30
0.06566	0.00000000311369	30	30
0.06432	0.00000000307861	30	30
0.06765	0.00000000312221	30	30
0.06755	0.00000000315725	30	30
0.06700	0.00000000301724	30	30
0.06715	0.00000000314992	30	30
0.06731	0.00000000309849	30	30
0.06739	0.00000000307752	30	30
0.06772	0.00000000315865	30	30
0.06654	0.00000000299726	30	30
0.06608	0.00000000312334	30	30
0.06626	0.00000000312921	30	30
0.06592	0.00000000298575	30	30
0.06501	0.00000000321958	30	30
0.06760	0.00000000313953	30	30
0.06802	0.00000000316899	30	30
0.06737	0.00000000307652	30	30
0.06766	0.00000000316167	30	30
0.06773	0.00000000303104	30	30
0.06688	0.00000000314780	30	30
0.06718	0.00000000303436	30	30
0.06696	0.00000000315629	30	30
0.06772	0.00000000302868	30	30
0.06769	0.00000000317984	30	30
0.06661	0.00000000299224	30	30
0.06694	0.00000000316932	30	30
0.06466	0.00000000299574	30	30
0.06449	0.00000000322151	30	30
0.06681	0.00000000315399	30	30
0.06786	0.00000000305075	30	30
0.06752	0.00000000318061	30	30
0.06696	0.00000000301905	30	30
0.06678	0.00000000317866	30	30
0.06700	0.00000000301532	30	30
0.06610	0.00000000313543	30	30
0.06643	0.00000000303164	30	30
0.06661	0.00000000315083	30	30
0.06669	0.00000000301578	30	30
0.06656	0.00000000312929	30	30
0.06402	0.00000000314532	30	30
0.06781	0.00000000301385	30	30
0.06703	0.00000000315076	30	30
0.06778	0.00000000315528	30	30
0.06799	0.00000000302747	30	30
0.06796	0.00000000316319	30	30
0.06767	0.00000000316461	30	30
0.06687	0.00000000298928	30	30
0.06761	0.00000000316992	30	30
0.06717	0.00000000308007	30	30
0.06769	0.00000000311119	30	30
0.06638	0.00000000315768	30	30
0.06622	0.00000000299489	30	30
0.06611	0.00000000314674	30	30
0.06762	0.00000000308527	30	30
0.06750	0.00000000308699	30	30
0.06742	0.00000000315760	30	30
0.06732	0.00000000301323	30	30
0.06787	0.00000000316346	30	30
0.06728	0.00000000316014	30	30
0.06719	0.00000000300228	30	30
0.06737	0.00000000316431	30	30
0.06738	0.00000000314792	30	30
0.06630	0.00000000297514	30	30
0.06666	0.00000000316849	30	30
0.06642	0.00000000299347	30	30
0.06673	0.00000000315062	30	30
0.06515	0.00000000300922	30	30
0.06745	0.00000000319125	30	30
0.06825	0.00000000321468	30	30
0.06747	0.00000000317378	30	30
0.06793	0.00000000304029	30	30
0.06602	0.00000000313301	30	30
0.06729	0.00000000309829	30	30
0.06689	0.00000000307796	30	30
0.06722	0.00000000310909	30	30
0.06767	0.00000000308966	30	30
0.06682	0.00000000314748	30	30
0.06638	0.00000000300032	30	30
0.06619	0.00000000312768	30	30
0.06531	0.00000000298720	30	30
0.06545	0.00000000321650	30	30
0.06796	0.00000000318002	30	30
0.06755	0.00000000303337	30	30
0.06717	0.00000000314193	30	30
0.06769	0.00000000303744	30	30
0.06729	0.00000000315227	30	30
0.06760	0.00000000316764	30	30
0.06738	0.00000000300313	30	30
0.06735	0.00000000314435	30	30
0.06714	0.00000000314103	30	30
0.06714	0.00000000301174	30	30
0.06698	0.00000000313229	30	30
0.06659	0.00000000302811	30	30
0.06575	0.00000000314168	30	30
0.06493	0.00000000311683	30	30
0.06797	0.00000000312911	30	30
0.06703	0.00000000316053	30	30
0.06740	0.00000000316275	30	30
0.06643	0.00000000299627	30	30
0.06579	0.00000000312931	30	30
0.06447	0.00000000309192	30	30
0.06727	0.00000000312832	30	30
0.06813	0.00000000311089	30	30
0.06714	0.00000000315905	30	30
0.06718	0.00000000303351	30	30
0.06750	0.00000000316477	30	30
0.06720	0.00000000301997	30	30
0.06765	0.00000000318409	30	30
0.06747	0.00000000302872	30	30
0.06750	0.00000000315347	30	30
0.06780	0.00000000312346	30	30
0.06658	0.00000000305971	30	30
0.06556	0.00000000308517	30	30
0.06614	0.00000000305189	30	30
0.06437	0.00000000318805	30	30
0.06669	0.00000000313911	30	30
0.06793	0.00000000303174	30	30
0.06793	0.00000000316108	30	30
0.06691	0.00000000301299	30	30
0.06732	0.00000000308080	30	30
0.06690	0.00000000312883	30	30
0.06743	0.00000000302679	30	30
0.06731	0.00000000315160	30	30
0.06753	0.00000000315239	30	30
0.06637	0.00000000298623	30	30
0.06623	0.00000000313599	30	30
0.06707	0.00000000301350	30	30
0.06487	0.00000000313559	30	30
0.06429	0.00000000308233	30	30
0.06764	0.00000000316718	30	30
0.06691	0.00000000313145	30	30
0.06796	0.00000000305463	30	30
0.06702	0.00000000315526	30	30
0.06743	0.00000000301626	30	30
0.06774	0.00000000315661	30	30
0.06754	0.00000000314782	30	30
0.06785	0.00000000302928	30	30
0.06660	0.00000000311045	30	30
0.06728	0.00000000316031	30	30
0.06639	0.00000000310973	30	30
0.06692	0.00000000300715	30	30
0.06674	0.00000000314259	30	30
0.06586	0.00000000298176	30	30
0.06667	0.00000000313883	30	30
0.06401	0.00000000314423	30	30
0.06764	0.00000000301881	30	30
0.06770	0.00000000317161	30	30
0.06728	0.00000000308512	30	30
0.06838	0.00000000319050	30	30
0.06763	0.00000000318942	30	30
0.06719	0.00000000313959	30	30
0.06702	0.00000000300001	30	30
0.06768	0.00000000315842	30	30
0.06785	0.00000000303250	30	30
0.06676	0.00000000314487	30	30
0.06649	0.00000000312843	30	30
0.06434	0.00000000303165	30	30
0.06773	0.00000000316376	30	30
0.06712	0.00000000314091	30	30
0.06717	0.00000000301954	30	30
0.06795	0.00000000317161	30	30
0.06729	0.00000000314768	30	30
0.06774	0.00000000300668	30	30
0.06737	0.00000000318233	30	30
0.06763	0.00000000301778	30	30
0.06710	0.00000000315995	30	30
0.06737	0.00000000316995	30	30
0.06742	0.00000000301951	30	30
0.06593	0.00000000315044	30	30
0.06589	0.00000000300975	30	30
0.06568	0.00000000313422	30	30
0.06689	0.00000000302097	30	30
0.06445	0.00000000314267	30	30
0.06737	0.00000000309095	30	30
0.06787	0.00000000317201	30	30
0.06799	0.00000000302523	30	30
0.06753	0.00000000310690	30	30
0.06763	0.00000000308641	30	30
0.06729	0.00000000306832	30	30
0.06788	0.00000000319094	30	30
0.06686	0.00000000301141	30	30
0.06694	0.00000000314626	30	30
0.06759	0.00000000309791	30	30
0.06640	0.00000000304003	30	30
0.06729	0.00000000316838	30	30
0.06645	0.00000000300649	30	30
0.06517	0.00000000314828	30	30
0.06497	0.00000000310613	30	30
0.06737	0.00000000311036	30	30
0.06758	0.00000000310076	30	30
0.06665	0.00000000308423	30	30
0.06795	0.00000000318295	30	30
0.06708	0.00000000301005	30	30
0.06798	0.00000000319789	30	30
0.06674	0.00000000301253	30	30
0.06711	0.00000000315710	30	30
0.06636	0.00000000300416	30	30
0.06709	0.00000000317757	30	30
0.06770	0.00000000315496	30	30
0.06690	0.00000000300637	30	30
0.06568	0.00000000312169	30	30
0.06485	0.00000000299925	30	30
0.06548	0.00000000314045	30	30
0.06475	0.00000000307527	30	30
0.06730	0.00000000316805	30	30
0.06750	0.00000000317186	30	30
0.06799	0.00000000310041	30	30
0.06787	0.00000000310695	30	30
0.06777	0.00000000310907	30	30
0.06699	0.00000000306463	30	30
0.06788	0.00000000317893	30	30
0.06742	0.00000000302843	30	30
0.06716	0.00000000314685	30	30
0.06697	0.00000000307439	30	30
0.06681	0.00000000309072	30	30
0.06621	0.00000000308285	30	30
0.06647	0.00000000306559	30	30
0.06462	0.00000000324217	30	30
0.06747	0.00000000301777	30	30
0.06749	0.00000000317231	30	30
0.06742	0.00000000317462	30	30
0.06700	0.00000000301983	30	30
0.06727	0.00000000316150	30	30
0.06688	0.00000000301047	30	30
0.06779	0.00000000318360	30	30
0.06743	0.00000000302560	30	30
0.06699	0.00000000315601	30	30
0.06719	0.00000000303276	30	30
0.06748	0.00000000316159	30	30
0.06750	0.00000000310369	30	30
0.06750	0.00000000310414	30	30
0.06635	0.00000000308563	30	30
0.06512	0.00000000308162	30	30
0.06815	0.00000000320565	30	30
0.06949	0.00000000307726	30	30
0.06819	0.00000000314219	30	30
0.06812	0.00000000320092	30	30
0.06809	0.00000000316925	30	30
0.06620	0.00000000314115	30	30
0.06652	0.00000000299615	30	30
0.06735	0.00000000316999	30	30
0.06700	0.00000000308209	30	30
0.06682	0.00000000314936	30	30
0.06609	0.00000000322316	30	30
0.06735	0.00000000303792	30	30
0.06726	0.00000000316878	30	30
0.06712	0.00000000303141	30	30
0.06687	0.00000000315864	30	30
0.06702	0.00000000315463	30	30
0.06717	0.00000000300018	30	30
0.06725	0.00000000316022	30	30
0.06649	0.00000000300533	30	30
0.06614	0.00000000316616	30	30
0.06589	0.00000000299062	30	30
0.06552	0.00000000314724	30	30
0.06421	0.00000000307862	30	30
0.06769	0.00000000317375	30	30
0.06791	0.00000000303367	30	30
0.06829	0.00000000312385	30	30
0.06778	0.00000000317973	30	30
0.06749	0.00000000301405	30	30
0.06664	0.00000000315145	30	30
0.06726	0.00000000302116	30	30
0.06717	0.00000000315078	30	30
0.06759	0.00000000315538	30	30
0.06671	0.00000000300833	30	30
0.06597	0.00000000313368	30	30
0.06774	0.00000000303269	30	30
0.06602	0.00000000313528	30	30
0.06441	0.00000000308727	30	30
0.06726	0.00000000317195	30	30
0.06804	0.00000000306313	30	30
0.06758	0.00000000303646	30	30
0.06712	0.00000000316081	30	30
0.06727	0.00000000315255	30	30
0.06705	0.00000000307200	30	30
0.06724	0.00000000308136	30	30
0.06709	0.00000000313806	30	30
0.06681	0.00000000315199	30	30
0.06593	0.00000000298574	30	30
0.06544	0.00000000312607	30	30
0.06453	0.00000000312753	30	30
0.06701	0.00000000306900	30	30
0.06754	0.00000000317875	30	30
0.06817	0.00000000302302	30	30
0.06787	0.00000000316771	30	30
0.06697	0.00000000299836	30	30
0.06759	0.00000000317857	30	30
0.06760	0.00000000302763	30	30
0.06642	0.00000000307940	30	30
0.06565	0.00000000310892	30	30
0.06688	0.00000000313068	30	30
0.06759	0.00000000302195	30	30
0.06739	0.00000000316712	30	30
0.06697	0.00000000300495	30	30
0.06751	0.00000000318060	30	30
0.06785	0.00000000310847	30	30
0.06755	0.00000000309486	30	30
0.06630	0.00000000313934	30	30
0.06738	0.00000000302975	30	30
0.06762	0.00000000317626	30	30
0.06786	0.00000000302714	30	30
0.06714	0.00000000316487	30	30
0.06610	0.00000000301607	30	30
0.06656	0.00000000317169	30	30
0.06688	0.00000000308604	30	30
0.06747	0.00000000302008	30	30
0.06773	0.00000000317504	30	30
0.06748	0.00000000302409	30	30
0.06749	0.00000000316153	30	30
0.06655	0.00000000312973	30	30
0.06707	0.00000000300774	30	30
0.06660	0.00000000316082	30	30
0.06665	0.00000000299723	30	30
0.06665	0.00000000319069	30	30
0.06714	0.00000000299566	30	30
0.06670	0.00000000317051	30	30
0.06484	0.00000000299891	30	30
0.06617	0.00000000324016	30	30
0.06819	0.00000000318199	30	30
0.06813	0.00000000306343	30	30
0.06725	0.00000000301742	30	30
0.06759	0.00000000316059	30	30
0.06714	0.00000000314426	30	30
0.06771	0.00000000304123	30	30
0.06753	0.00000000314739	30	30
0.06679	0.00000000312800	30	30
0.06705	0.00000000314896	30	30
0.06646	0.00000000298521	30	30
0.06477	0.00000000311783	30	30
0.06530	0.00000000317786	30	30
0.06783	0.00000000303920	30	30
0.06756	0.00000000317741	30	30
0.06734	0.00000000301617	30	30
0.06787	0.00000000316867	30	30
0.06758	0.00000000314760	30	30
0.06742	0.00000000315223	30	30
0.06742	0.00000000302489	30	30
0.06704	0.00000000314814	30	30
0.06774	0.00000000302647	30	30
0.06758	0.00000000316244	30	30
0.06703	0.00000000314762	30	30
0.06544	0.00000000299964	30	30
0.06558	0.00000000312881	30	30
0.06460	0.00000000307909	30	30
0.06793	0.00000000316687	30	30
0.06763	0.00000000315994	30	30
0.06789	0.00000000304701	30	30
0.06774	0.00000000317486	30	30
0.06689	0.00000000299232	30	30
0.06674	0.00000000300894	30	30
0.06750	0.00000000317366	30	30
0.06685	0.00000000300587	30	30
0.06783	0.00000000318110	30	30
0.06681	0.00000000314058	30	30
0.06723	0.00000000301765	30	30
0.06654	0.00000000312589	30	30
0.06484	0.00000000297380	30	30
0.06442	0.00000000321051	30	30
0.06726	0.00000000315487	30	30
0.06837	0.00000000321291	30	30
0.06770	0.00000000317417	30	30
0.06687	0.00000000300822	30	30
0.06750	0.00000000310019	30	30
0.06600	0.00000000312441	30	30
0.06757	0.00000000308146	30	30
0.06692	0.00000000306393	30	30
0.06738	0.00000000317071	30	30
0.06754	0.00000000303512	30	30
0.06770	0.00000000317826	30	30
0.06653	0.00000000306056	30	30
0.06359	0.00000000318276	30	30
0.06730	0.00000000301984	30	30
0.06797	0.00000000319504	30	30
0.06715	0.00000000308947	30	30
0.06781	0.00000000308820	30	30
0.06790	0.00000000316595	30	30
0.06798	0.00000000308441	30	30
0.06744	0.00000000309047	30	30
0.06732	0.00000000314424	30	30
0.06751	0.00000000308499	30	30
0.06705	0.00000000306718	30	30
0.06753	0.00000000316075	30	30
0.06688	0.00000000308424	30	30
0.06608	0.00000000306193	30	30
0.06614	0.00000000307330	30	30
0.06433	0.00000000310287	30	30
0.06773	0.00000000317376	30	30
0.06707	0.00000000307494	30	30
0.06756	0.00000000309847	30	30
0.06786	0.00000000316474	30	30
0.06766	0.00000000303567	30	30
0.06781	0.00000000316316	30	30
0.06574	0.00000000301415	30	30
0.06752	0.00000000316112	30	30
0.06670	0.00000000314673	30	30
0.06717	0.00000000299716	30	30
0.06511	0.00000000312435	30	30
0.06690	0.00000000302040	30	30
0.06779	0.00000000318425	30	30
0.06751	0.00000000311890	30	30
0.06702	0.00000000307893	30	30
0.06764	0.00000000316469	30	30
0.06717	0.00000000306533	30	30
0.06677	0.00000000308000	30	30
0.06662	0.00000000315578	30	30
0.06653	0.00000000301075	30	30
0.06787	0.00000000312909	30	30
0.06810	0.00000000319544	30	30
0.06759	0.00000000318646	30	30
0.06749	0.00000000303249	30	30
0.06735	0.00000000315955	30	30
0.06796	0.00000000303816	30	30
0.06725	0.00000000314869	30	30
0.06677	0.00000000313789	30	30
0.06745	0.00000000301235	30	30
0.06732	0.00000000315644	30	30
0.06680	0.00000000299663	30	30
0.06667	0.00000000314175	30	30
0.06534	0.00000000314993	30	30
0.06459	0.00000000306583	30	30
0.06786	0.00000000319202	30	30
0.06785	0.00000000311412	30	30
0.06702	0.00000000307899	30	30
0.06796	0.00000000318978	30	30
0.06700	0.00000000302257	30	30
0.06718	0.00000000317239	30	30
0.06778	0.00000000303437	30	30
0.06658	0.00000000315497	30	30
0.06735	0.00000000301813	30	30
0.06734	0.00000000315860	30	30
0.06729	0.00000000309963	30	30
0.06590	0.00000000306515	30	30
0.06492	0.00000000302535	30	30
0.06407	0.00000000320591	30	30
0.06731	0.00000000308529	30	30
0.06727	0.00000000302725	30	30
0.06800	0.00000000321235	30	30
0.06720	0.00000000300316	30	30
0.06771	0.00000000317107	30	30
0.06740	0.00000000315729	30	30
0.06695	0.00000000299262	30	30
0.06750	0.00000000315896	30	30
0.06671	0.00000000308883	30	30
0.06660	0.00000000307261	30	30
0.06642	0.00000000309009	30	30
0.06452	0.00000000316180	30	30
0.06698	0.00000000316228	30	30
0.06765	0.00000000303005	30	30
0.06799	0.00000000317695	30	30
0.06696	0.00000000301815	30	30
0.06742	0.00000000316761	30	30
0.06726	0.00000000309422	30	30
0.06708	0.00000000309409	30	30
0.06673	0.00000000314130	30	30
0.06700	0.00000000301040	30	30
0.06738	0.00000000315213	30	30
0.06637	0.00000000301348	30	30
0.06798	0.00000000319222	30	30
0.06673	0.00000000300124	30	30
0.06706	0.00000000315200	30	30
0.06577	0.00000000306781	30	30
0.06778	0.00000000309821	30	30
0.06743	0.00000000308799	30	30
0.06710	0.00000000314670	30	30
0.06729	0.00000000303027	30	30
0.06711	0.00000000315568	30	30
0.06691	0.00000000309436	30	30
0.06471	0.00000000306153	30	30
0.06438	0.00000000303574	30	30
0.06791	0.00000000316150	30	30
0.06697	0.00000000316727	30	30
0.06709	0.00000000301343	30	30
0.06778	0.00000000310640	30	30
0.06774	0.00000000317433	30	30
0.06661	0.00000000300335	30	30
0.06743	0.00000000316942	30	30
0.06729	0.00000000308815	30	30
0.06754	0.00000000308677	30	30
0.06510	0.00000000311530	30	30
0.06573	0.00000000300935	30	30
0.06448	0.00000000314156	30	30
0.06542	0.00000000308208	30	30
0.06812	0.00000000304605	30	30
0.06823	0.00000000320313	30	30
0.06762	0.00000000311985	30	30
0.06788	0.00000000310978	30	30
0.06716	0.00000000308353	30	30
0.06791	0.00000000313388	30	30
0.06709	0.00000000307611	30	30
0.06746	0.00000000314998	30	30
0.06716	0.00000000307446	30	30
0.06703	0.00000000306334	30	30
0.06663	0.00000000312993	30	30
0.06634	0.00000000299560	30	30
0.06511	0.00000000312949	30	30
0.06588	0.00000000308941	30	30
0.06799	0.00000000316889	30	30
0.06761	0.00000000309880	30	30
0.06778	0.00000000310093	30	30
0.06767	0.00000000318410	30	30
0.06703	0.00000000301073	30	30
0.06798	0.00000000316881	30	30
0.06698	0.00000000307879	30	30
0.06720	0.00000000309306	30	30
0.06724	0.00000000309473	30	30
0.06722	0.00000000310866	30	30
0.06796	0.00000000317577	30	30
0.06765	0.00000000304086	30	30
0.06745	0.00000000316098	30	30
0.06606	0.00000000299053	30	30
0.06517	0.00000000312480	30	30
0.06461	0.00000000319594	30	30
0.06698	0.00000000301375	30	30
0.06809	0.00000000312828	30	30
0.06815	0.00000000310687	30	30
0.06777	0.00000000311323	30	30
0.06766	0.00000000315008	30	30
0.06826	0.00000000319481	30	30
0.06760	0.00000000308338	30	30
0.06449	0.00000000319157	30	30
0.06731	0.00000000314493	30	30
0.06788	0.00000000302456	30	30
0.06759	0.00000000304485	30	30
0.06708	0.00000000313947	30	30
0.06788	0.00000000308664	30	30
0.06790	0.00000000310713	30	30
0.06783	0.00000000319720	30	30
0.06720	0.00000000300571	30	30
0.06711	0.00000000315930	30	30
0.06764	0.00000000301929	30	30
0.06688	0.00000000314300	30	30
0.06747	0.00000000316318	30	30
0.06683	0.00000000298459	30	30
0.06591	0.00000000312336	30	30
0.06623	0.00000000307220	30	30
0.06421	0.00000000310565	30	30
0.06744	0.00000000317734	30	30
0.06766	0.00000000302561	30	30
0.06774	0.00000000304518	30	30
0.06749	0.00000000313383	30	30
0.06734	0.00000000308877	30	30
0.06774	0.00000000310137	30	30
0.06727	0.00000000315039	30	30
0.06738	0.00000000301679	30	30
0.06710	0.00000000314787	30	30
0.06675	0.00000000309104	30	30
0.06700	0.00000000307455	30	30
0.06469	0.00000000317284	30	30
0.06756	0.00000000302647	30	30
0.06743	0.00000000314930	30	30
0.06796	0.00000000312441	30	30
0.06704	0.00000000308828	30	30
0.06729	0.00000000315992	30	30
0.06778	0.00000000302279	30	30
0.06769	0.00000000316875	30	30
0.06681	0.00000000315013	30	30
0.06617	0.00000000300152	30	30
0.06762	0.00000000317007	30	30
0.06671	0.00000000302015	30	30
0.06675	0.00000000316047	30	30
0.06614	0.00000000300989	30	30
0.06666	0.00000000314607	30	30
0.06494	0.00000000299324	30	30
0.06738	0.00000000315202	30	30
0.06772	0.00000000303192	30	30
0.06752	0.00000000314590	30	30
0.06762	0.00000000308867	30	30
0.06793	0.00000000311607	30	30
0.06761	0.00000000310708	30	30
0.06729	0.00000000309279	30	30
0.06756	0.00000000316561	30	30
0.06771	0.00000000304587	30	30
0.06693	0.00000000316247	30	30
0.06693	0.00000000317610	30	30
0.07159	0.00000000312466	30	30
0.06812	0.00000000312325	30	30
0.06814	0.00000000318401	30	30
0.06893	0.00000000306222	30	30
0.06730	0.00000000311534	30	30
0.06650	0.00000000304716	30	30
0.06658	0.00000000313906	30	30
0.06770	0.00000000314413	30	30
0.06553	0.00000000298168	30	30
0.06566	0.00000000315408	30	30
0.06571	0.00000000309435	30	30
0.06795	0.00000000305307	30	30
0.06744	0.00000000316367	30	30
0.06733	0.00000000300997	30	30
0.06728	0.00000000302858	30	30
0.06744	0.00000000317581	30	30
0.06777	0.00000000299678	30	30
0.06733	0.00000000318010	30	30
0.06728	0.00000000300486	30	30
0.06712	0.00000000315486	30	30
0.06709	0.00000000313926	30	30
0.06478	0.00000000299573	30	30
0.06528	0.00000000322342	30	30
0.06793	0.00000000310249	30	30
0.06749	0.00000000308516	30	30
0.06784	0.00000000318677	30	30
0.06780	0.00000000303074	30	30
0.06711	0.00000000316047	30	30
0.06712	0.00000000310863	30	30
0.06765	0.00000000308366	30	30
0.06745	0.00000000317538	30	30
0.06775	0.00000000303354	30	30
0.06705	0.00000000316108	30	30
0.06759	0.00000000314671	30	30
0.06656	0.00000000299756	30	30
0.06508	0.00000000314279	30	30
0.06484	0.00000000304291	30	30
0.06726	0.00000000315320	30	30
0.06799	0.00000000317756	30	30
0.06831	0.00000000318826	30	30
0.06762	0.00000000316739	30	30
0.06778	0.00000000307457	30	30
0.06786	0.00000000309799	30	30
0.06786	0.00000000317969	30	30
0.06721	0.00000000302985	30	30
0.06708	0.00000000318230	30	30
0.06724	0.00000000302917	30	30
0.06668	0.00000000314913	30	30
0.06693	0.00000000303459	30	30
0.06505	0.00000000314042	30	30
0.06525	0.00000000308140	30	30
0.06729	0.00000000317176	30	30
0.06798	0.00000000309582	30	30
0.06784	0.00000000312769	30	30
0.06689	0.00000000314366	30	30
0.06775	0.00000000304381	30	30
0.06741	0.00000000316949	30	30
0.06730	0.00000000302927	30	30
0.06758	0.00000000317910	30	30
0.06685	0.00000000308023	30	30
0.06767	0.00000000309657	30	30
0.06695	0.00000000309337	30	30
0.06705	0.00000000308565	30	30
0.06574	0.00000000312868	30	30
0.06698	0.00000000301069	30	30
0.06772	0.00000000317367	30	30
0.06763	0.00000000310868	30	30
0.06771	0.00000000311064	30	30
0.06751	0.00000000315519	30	30
0.06630	0.00000000300382	30	30
0.06718	0.00000000314288	30	30
0.06713	0.00000000308527	30	30
0.06775	0.00000000309892	30	30
0.06715	0.00000000315944	30	30
0.06708	0.00000000302738	30	30
0.06692	0.00000000316370	30	30
0.06719	0.00000000314850	30	30
0.06756	0.00000000310870	30	30
0.06706	0.00000000305771	30	30
0.06713	0.00000000313869	30	30
0.06785	0.00000000309541	30	30
0.06746	0.00000000306863	30	30
0.06727	0.00000000316881	30	30
0.06703	0.00000000307606	30	30
0.06725	0.00000000308324	30	30
0.06726	0.00000000315165	30	30
0.06721	0.00000000307553	30	30
0.06703	0.00000000308451	30	30
0.06653	0.00000000314301	30	30
0.06731	0.00000000301617	30	30
0.06808	0.00000000305373	30	30
0.06784	0.00000000315990	30	30
0.06668	0.00000000317380	30	30
0.06765	0.00000000309747	30	30
0.06695	0.00000000306853	30	30
0.06421	0.00000000315341	30	30
0.06526	0.00000000304944	30	30
0.06749	0.00000000312009	30	30
0.06745	0.00000000314973	30	30
0.06691	0.00000000300018	30	30
0.06723	0.00000000310082	30	30
0.06642	0.00000000308161	30	30
0.06695	0.00000000307210	30	30
0.06713	0.00000000315813	30	30
0.06636	0.00000000299141	30	30
0.06636	0.00000000313797	30	30
0.06666	0.00000000307357	30	30
0.06529	0.00000000307461	30	30
0.06510	0.00000000315234	30	30
0.06778	0.00000000304553	30	30
0.06788	0.00000000311605	30	30
0.06752	0.00000000309379	30	30
0.06686	0.00000000306763	30	30
0.06699	0.00000000307713	30	30
0.06718	0.00000000315782	30	30
0.06740	0.00000000307952	30	30
0.06779	0.00000000309607	30	30
0.06704	0.00000000314136	30	30
0.06658	0.00000000306696	30	30
0.06592	0.00000000305557	30	30
0.06509	0.00000000320226	30	30
0.06753	0.00000000302296	30	30
0.06779	0.00000000317985	30	30
0.06799	0.00000000313076	30	30
0.06788	0.00000000311319	30	30
0.06727	0.00000000309733	30	30
0.06806	0.00000000312355	30	30
0.06781	0.00000000317694	30	30
0.06681	0.00000000300199	30	30
0.06740	0.00000000316289	30	30
0.06722	0.00000000310088	30	30
0.06591	0.00000000305621	30	30
0.06531	0.00000000312168	30	30
0.06539	0.00000000298566	30	30
0.06490	0.00000000318715	30	30
0.06723	0.00000000308215	30	30
0.06789	0.00000000311336	30	30
0.06785	0.00000000311048	30	30
0.06735	0.00000000308859	30	30
0.06780	0.00000000319305	30	30
0.06719	0.00000000301704	30	30
0.06696	0.00000000314391	30	30
0.06710	0.00000000310645	30	30
0.06762	0.00000000308464	30	30
0.06771	0.00000000309885	30	30
0.06691	0.00000000308523	30	30
0.06664	0.00000000314840	30	30
0.06654	0.00000000299888	30	30
0.06466	0.00000000318537	30	30
0.06710	0.00000000315694	30	30
0.06746	0.00000000308823	30	30
0.06790	0.00000000304490	30	30
0.06718	0.00000000318083	30	30
0.06768	0.00000000303159	30	30
0.06762	0.00000000317123	30	30
0.06773	0.00000000304404	30	30
0.06787	0.00000000317430	30	30
0.06694	0.00000000307823	30	30
0.06762	0.00000000310464	30	30
0.06699	0.00000000315717	30	30
0.06746	0.00000000302592	30	30
0.06637	0.00000000317543	30	30
0.06684	0.00000000301020	30	30
0.06577	0.00000000311122	30	30
=============================================================================

============================ Tabulate Statistics ============================
PWR_PKG_ENERGY	INST_RETIRED	TOR_OCCUPANCY	RR_OCCUPANCY	TIPI	L3_MISS	L2_MISS	TIME	
12216.904663	3894713222259	130759913420	130760602708	0.067148	389380639	2360161830	79183.102617	
=============================================================================

============================ TIPI SLAB Statistics ============================

==============================================================================
===== Test PASSED in 0.0 msec =====
