Testing exp: 0.000000

-----
mkdir timedrun fake

Input(case 0): nx=32768, ny=32768, nt=200, leafmaxcol=8
Heat started...
Heat ended...

Heat
 dx =  0.000048
  dy =  0.000048
  dt =  0.000000
  Stability Value for explicit method must be > 0: 0.064855
 Options: granularity = 8
         nx          = 32768
         ny          = 32768
         nt          = 200

============================ Unprocessed Statistics ============================
TIPI	JPI	Uncore1	Uncore2
0.06898	0.00000000828277	30	30
0.07195	0.00000000813267	30	30
0.06968	0.00000000807475	30	30
0.07206	0.00000000807603	30	30
0.07075	0.00000000809630	30	30
0.07032	0.00000000806112	30	30
0.07047	0.00000000805997	30	30
0.07023	0.00000000837416	30	30
0.06994	0.00000000808137	30	30
0.07104	0.00000000806664	30	30
0.07007	0.00000000809579	30	30
0.06850	0.00000000777929	30	30
0.06810	0.00000000780368	30	30
0.07036	0.00000000805358	30	30
0.06921	0.00000000800128	30	30
0.07046	0.00000000802507	30	30
0.06837	0.00000000793227	30	30
0.06516	0.00000000752549	30	30
0.06837	0.00000000785916	30	30
0.06857	0.00000000785489	30	30
0.07007	0.00000000807234	30	30
0.07037	0.00000000805256	30	30
0.06984	0.00000000797742	30	30
0.07068	0.00000000812152	30	30
0.06968	0.00000000833709	30	30
0.06404	0.00000000739826	30	30
0.06526	0.00000000746747	30	30
0.06281	0.00000000726854	30	30
0.06392	0.00000000447550	30	30
0.06719	0.00000000349199	30	30
0.06696	0.00000000356443	30	30
0.06707	0.00000000356418	30	30
0.06574	0.00000000345426	30	30
0.06723	0.00000000368094	30	30
0.06621	0.00000000347816	30	30
0.06734	0.00000000349886	30	30
0.06623	0.00000000364227	30	30
0.06646	0.00000000347848	30	30
0.06572	0.00000000344888	30	30
0.06645	0.00000000365032	30	30
0.06642	0.00000000349823	30	30
0.06674	0.00000000364300	30	30
0.06531	0.00000000340498	30	30
0.06573	0.00000000345948	30	30
0.06636	0.00000000350306	30	30
0.06635	0.00000000349745	30	30
0.06737	0.00000000351040	30	30
0.06618	0.00000000363737	30	30
0.06751	0.00000000351071	30	30
0.06652	0.00000000362368	30	30
0.06597	0.00000000345580	30	30
0.06558	0.00000000346951	30	30
0.06718	0.00000000364929	30	30
0.06532	0.00000000342689	30	30
0.06651	0.00000000364045	30	30
0.06564	0.00000000343035	30	30
0.06563	0.00000000344911	30	30
0.06622	0.00000000348431	30	30
0.06734	0.00000000367009	30	30
0.06710	0.00000000351207	30	30
0.06723	0.00000000367138	30	30
0.06608	0.00000000345483	30	30
0.06718	0.00000000352442	30	30
0.06604	0.00000000364428	30	30
0.06670	0.00000000366319	30	30
0.06640	0.00000000348511	30	30
0.06625	0.00000000350352	30	30
0.06585	0.00000000363466	30	30
0.06671	0.00000000349983	30	30
0.06617	0.00000000355075	30	30
0.06441	0.00000000346098	30	30
0.06560	0.00000000310481	21	21
0.06771	0.00000000300807	21	21
0.06612	0.00000000310955	21	21
0.06634	0.00000000298393	21	21
0.06630	0.00000000312581	21	21
0.06579	0.00000000297311	21	21
0.06680	0.00000000314939	21	21
0.06635	0.00000000299480	21	21
0.06701	0.00000000313328	21	21
0.06576	0.00000000297851	21	21
0.06524	0.00000000309439	21	21
0.06604	0.00000000297585	21	21
0.06640	0.00000000311128	21	21
0.06559	0.00000000295307	21	21
0.06515	0.00000000295811	21	21
0.06295	0.00000000295711	21	21
0.06634	0.00000000300404	21	21
0.06711	0.00000000315199	21	21
0.06618	0.00000000297067	21	21
0.06640	0.00000000306061	21	21
0.06590	0.00000000305740	21	21
0.06702	0.00000000301041	21	21
0.06665	0.00000000313070	21	21
0.06624	0.00000000294570	21	21
0.06469	0.00000000305492	21	21
0.06580	0.00000000310068	21	21
0.06634	0.00000000299311	21	21
0.06544	0.00000000296579	21	21
0.06442	0.00000000308715	21	21
0.06413	0.00000000293770	21	21
0.06459	0.00000000299060	21	21
0.06445	0.00000000300795	21	21
0.06665	0.00000000299920	21	21
0.06676	0.00000000313981	21	21
0.06706	0.00000000299913	21	21
0.06592	0.00000000303793	21	21
0.06711	0.00000000308001	21	21
0.06582	0.00000000297614	21	21
0.06640	0.00000000315078	21	21
0.06582	0.00000000298270	21	21
0.06566	0.00000000299060	21	21
0.06605	0.00000000311802	21	21
0.06625	0.00000000296842	21	21
0.06556	0.00000000302318	21	21
0.06415	0.00000000298435	21	21
0.06651	0.00000000299334	21	21
0.06705	0.00000000313265	21	21
0.06669	0.00000000298986	21	21
0.06586	0.00000000304728	21	21
0.06623	0.00000000304513	21	21
0.06583	0.00000000297187	21	21
0.06650	0.00000000314172	21	21
0.06677	0.00000000299283	21	21
0.06600	0.00000000311043	21	21
0.06636	0.00000000297917	21	21
0.06492	0.00000000294299	21	21
0.06561	0.00000000310200	21	21
0.06507	0.00000000291084	21	21
0.06536	0.00000000309924	21	21
0.06541	0.00000000295115	21	21
0.06210	0.00000000303700	21	21
0.06593	0.00000000310482	21	21
0.06735	0.00000000302330	21	21
0.06583	0.00000000311713	21	21
0.06602	0.00000000299274	21	21
0.06585	0.00000000298266	21	21
0.06605	0.00000000311497	21	21
0.06594	0.00000000297582	21	21
0.06558	0.00000000309181	21	21
0.06625	0.00000000298017	21	21
0.06607	0.00000000295937	21	21
0.06565	0.00000000309840	21	21
0.06569	0.00000000294629	21	21
0.06518	0.00000000308088	21	21
0.06494	0.00000000292116	21	21
0.06499	0.00000000308640	21	21
0.06360	0.00000000292014	21	21
0.06667	0.00000000301189	21	21
0.06673	0.00000000315644	21	21
0.06659	0.00000000299538	21	21
0.06642	0.00000000298072	21	21
0.06613	0.00000000313244	21	21
0.06665	0.00000000300799	21	21
0.06672	0.00000000312684	21	21
0.06700	0.00000000299118	21	21
0.06584	0.00000000309096	21	21
0.06591	0.00000000295198	21	21
0.06544	0.00000000307338	21	21
0.06648	0.00000000309991	21	21
0.06561	0.00000000293588	21	21
0.06566	0.00000000310255	21	21
0.06403	0.00000000300675	21	21
0.06660	0.00000000299264	21	21
0.06668	0.00000000313357	21	21
0.06643	0.00000000299557	21	21
0.06650	0.00000000311564	21	21
0.06615	0.00000000296697	21	21
0.06669	0.00000000314109	21	21
0.06616	0.00000000298629	21	21
0.06686	0.00000000298637	21	21
0.06498	0.00000000307625	21	21
0.06630	0.00000000298142	21	21
0.06589	0.00000000311880	21	21
0.06632	0.00000000298014	21	21
0.06593	0.00000000297432	21	21
0.06545	0.00000000308663	21	21
0.06521	0.00000000293336	21	21
0.06420	0.00000000302550	21	21
0.06642	0.00000000311658	21	21
0.06687	0.00000000300137	21	21
0.06662	0.00000000312466	21	21
0.06572	0.00000000296643	21	21
0.06673	0.00000000298782	21	21
0.06606	0.00000000311031	21	21
0.06665	0.00000000299094	21	21
0.06703	0.00000000312872	21	21
0.06629	0.00000000295796	21	21
0.06547	0.00000000308941	21	21
0.06634	0.00000000299121	21	21
0.06621	0.00000000312579	21	21
0.06656	0.00000000297484	21	21
0.06572	0.00000000311070	21	21
0.06529	0.00000000296140	21	21
0.06514	0.00000000293268	21	21
0.06592	0.00000000309717	21	21
0.06781	0.00000000300960	21	21
0.06587	0.00000000311122	21	21
0.06712	0.00000000298941	21	21
0.06552	0.00000000302542	21	21
0.06650	0.00000000304103	21	21
0.06662	0.00000000310952	21	21
0.06628	0.00000000295590	21	21
0.06562	0.00000000308175	21	21
0.06652	0.00000000296330	21	21
0.06604	0.00000000309500	21	21
0.06609	0.00000000297670	21	21
0.06668	0.00000000311162	21	21
0.06494	0.00000000294186	21	21
0.06427	0.00000000304278	21	21
0.06475	0.00000000292804	21	21
0.06691	0.00000000306550	21	21
0.06570	0.00000000303148	21	21
0.06701	0.00000000300162	21	21
0.06572	0.00000000310430	21	21
0.06608	0.00000000299729	21	21
0.06537	0.00000000308156	21	21
0.06663	0.00000000296973	21	21
0.06568	0.00000000308465	21	21
0.06615	0.00000000296996	21	21
0.06617	0.00000000305070	21	21
0.06602	0.00000000304245	21	21
0.06561	0.00000000294264	21	21
0.06555	0.00000000310002	21	21
0.06554	0.00000000296264	21	21
0.06439	0.00000000306122	21	21
0.06706	0.00000000309612	21	21
0.06709	0.00000000307905	21	21
0.06633	0.00000000297089	21	21
0.06604	0.00000000312712	21	21
0.06653	0.00000000298397	21	21
0.06649	0.00000000312773	21	21
0.06647	0.00000000299915	21	21
0.06700	0.00000000305976	21	21
0.06593	0.00000000305392	21	21
0.06611	0.00000000298517	21	21
0.06567	0.00000000311443	21	21
0.06524	0.00000000293017	21	21
0.06576	0.00000000308538	21	21
0.06561	0.00000000293101	21	21
0.06431	0.00000000296809	21	21
0.06288	0.00000000293456	21	21
0.06566	0.00000000296837	21	21
0.06772	0.00000000308014	21	21
0.06601	0.00000000305407	21	21
0.06638	0.00000000298207	21	21
0.06647	0.00000000313227	21	21
0.06614	0.00000000297545	21	21
0.06642	0.00000000313764	21	21
0.06701	0.00000000299669	21	21
0.06628	0.00000000305100	21	21
0.06580	0.00000000303938	21	21
0.06664	0.00000000311227	21	21
0.06602	0.00000000295880	21	21
0.06700	0.00000000315079	21	21
0.06610	0.00000000296427	21	21
0.06555	0.00000000306974	21	21
0.06463	0.00000000289813	21	21
0.06678	0.00000000300964	21	21
0.06699	0.00000000315281	21	21
0.06643	0.00000000299944	21	21
0.06659	0.00000000312781	21	21
0.06581	0.00000000296830	21	21
0.06662	0.00000000298940	21	21
0.06641	0.00000000309560	21	21
0.06565	0.00000000294359	21	21
0.06618	0.00000000312301	21	21
0.06588	0.00000000297846	21	21
0.06633	0.00000000312609	21	21
0.06554	0.00000000295938	21	21
0.06560	0.00000000308451	21	21
0.06609	0.00000000293740	21	21
0.06540	0.00000000307264	21	21
0.06633	0.00000000300331	21	21
0.06631	0.00000000305224	21	21
0.06673	0.00000000305790	21	21
0.06634	0.00000000298102	21	21
0.06628	0.00000000312494	21	21
0.06665	0.00000000299019	21	21
0.06595	0.00000000313669	21	21
0.06772	0.00000000302481	21	21
0.06579	0.00000000311672	21	21
0.06679	0.00000000299470	21	21
0.06560	0.00000000297157	21	21
0.06594	0.00000000311236	21	21
0.06593	0.00000000297158	21	21
0.06565	0.00000000303417	21	21
0.06556	0.00000000307016	21	21
0.06494	0.00000000294731	21	21
0.06658	0.00000000300023	21	21
0.06678	0.00000000304834	21	21
0.06707	0.00000000308761	21	21
0.06568	0.00000000294877	21	21
0.06618	0.00000000310870	21	21
0.06644	0.00000000298550	21	21
0.06674	0.00000000313823	21	21
0.06652	0.00000000299021	21	21
0.06628	0.00000000304570	21	21
0.06540	0.00000000303955	21	21
0.06645	0.00000000299243	21	21
0.06588	0.00000000312436	21	21
0.06576	0.00000000294820	21	21
0.06542	0.00000000294441	21	21
0.06369	0.00000000291792	21	21
0.06162	0.00000000301353	21	21
0.06594	0.00000000310956	21	21
0.06687	0.00000000300999	21	21
0.06580	0.00000000297039	21	21
0.06645	0.00000000314371	21	21
0.06691	0.00000000299073	21	21
0.06622	0.00000000310530	21	21
0.06619	0.00000000296533	21	21
0.06549	0.00000000307961	21	21
0.06621	0.00000000299716	21	21
0.06527	0.00000000309535	21	21
0.06662	0.00000000299954	21	21
0.06598	0.00000000298168	21	21
0.06548	0.00000000307203	21	21
0.06367	0.00000000304103	21	21
0.06679	0.00000000309099	21	21
0.06679	0.00000000306416	21	21
0.06649	0.00000000304215	21	21
0.06612	0.00000000305961	21	21
0.06642	0.00000000298984	21	21
0.06651	0.00000000312286	21	21
0.06691	0.00000000299359	21	21
0.06676	0.00000000309650	21	21
0.06577	0.00000000306909	21	21
0.06595	0.00000000296922	21	21
0.06550	0.00000000294394	21	21
0.06646	0.00000000312587	21	21
0.06584	0.00000000306345	21	21
0.06527	0.00000000293211	21	21
0.06327	0.00000000297008	21	21
0.06691	0.00000000307133	21	21
0.06693	0.00000000308861	21	21
0.06684	0.00000000299371	21	21
0.06596	0.00000000310298	21	21
0.06623	0.00000000298895	21	21
0.06624	0.00000000311822	21	21
0.06591	0.00000000298252	21	21
0.06778	0.00000000316795	21	21
0.06578	0.00000000295409	21	21
0.06558	0.00000000310765	21	21
0.06446	0.00000000291554	21	21
0.06516	0.00000000300543	21	21
0.06453	0.00000000295528	21	21
0.06427	0.00000000303358	21	21
0.06598	0.00000000299027	21	21
0.06551	0.00000000310321	21	21
0.06660	0.00000000315148	21	21
0.06754	0.00000000310945	21	21
0.06704	0.00000000308773	21	21
0.06784	0.00000000303946	21	21
0.06694	0.00000000315794	21	21
0.06658	0.00000000301002	21	21
0.06634	0.00000000312827	21	21
0.06483	0.00000000292530	21	21
0.06477	0.00000000292583	21	21
0.06491	0.00000000308668	21	21
0.06559	0.00000000297736	21	21
0.06410	0.00000000304959	21	21
0.06708	0.00000000314793	21	21
0.06671	0.00000000299251	21	21
0.06633	0.00000000309690	21	21
0.06632	0.00000000304602	21	21
0.06656	0.00000000307624	21	21
0.06559	0.00000000302261	21	21
0.06597	0.00000000296731	21	21
0.06611	0.00000000311416	21	21
0.06465	0.00000000292501	21	21
0.06504	0.00000000307923	21	21
0.06590	0.00000000297144	21	21
0.06608	0.00000000310310	21	21
0.06646	0.00000000300785	21	21
0.06443	0.00000000291926	21	21
0.06540	0.00000000309831	21	21
0.06434	0.00000000291754	21	21
0.06423	0.00000000308079	21	21
0.06705	0.00000000299818	21	21
0.06670	0.00000000306598	21	21
0.06645	0.00000000306902	21	21
0.06624	0.00000000298289	21	21
0.06622	0.00000000312223	21	21
0.06665	0.00000000297550	21	21
0.06576	0.00000000309721	21	21
0.06708	0.00000000299691	21	21
0.06456	0.00000000305959	21	21
0.06554	0.00000000295251	21	21
0.06563	0.00000000303465	21	21
0.06583	0.00000000303034	21	21
0.06551	0.00000000296217	21	21
0.06548	0.00000000309178	21	21
0.06468	0.00000000292733	21	21
0.06430	0.00000000293503	21	21
0.06597	0.00000000305565	21	21
0.06729	0.00000000309644	21	21
0.06652	0.00000000299128	21	21
0.06579	0.00000000311163	21	21
0.06665	0.00000000301610	21	21
0.06634	0.00000000311807	21	21
0.06671	0.00000000298248	21	21
0.06663	0.00000000312068	21	21
0.06651	0.00000000298002	21	21
0.06572	0.00000000309221	21	21
0.06549	0.00000000301338	21	21
0.06572	0.00000000301131	21	21
0.06582	0.00000000296585	21	21
0.06615	0.00000000310159	21	21
0.06458	0.00000000304515	21	21
0.06430	0.00000000291080	21	21
0.06600	0.00000000298697	21	21
0.06716	0.00000000307739	21	21
0.06582	0.00000000303453	21	21
0.06690	0.00000000301585	21	21
0.06608	0.00000000311099	21	21
0.06604	0.00000000298449	21	21
0.06639	0.00000000305910	21	21
0.06504	0.00000000300031	21	21
0.06522	0.00000000298823	21	21
0.06577	0.00000000303782	21	21
0.06627	0.00000000305529	21	21
0.06607	0.00000000304901	21	21
0.06583	0.00000000297424	21	21
0.06468	0.00000000306468	21	21
0.06583	0.00000000296749	21	21
0.06448	0.00000000292106	21	21
0.06705	0.00000000316601	21	21
0.06675	0.00000000304685	21	21
0.06677	0.00000000305910	21	21
0.06564	0.00000000297709	21	21
0.06646	0.00000000313424	21	21
0.06599	0.00000000299613	21	21
0.06731	0.00000000314491	21	21
0.06600	0.00000000294718	21	21
0.06540	0.00000000309257	21	21
0.06584	0.00000000295945	21	21
0.06568	0.00000000312091	21	21
0.06590	0.00000000295567	21	21
0.06570	0.00000000311262	21	21
0.06443	0.00000000293370	21	21
0.06586	0.00000000296709	21	21
0.06708	0.00000000314705	21	21
0.06685	0.00000000299911	21	21
0.06693	0.00000000313724	21	21
0.06572	0.00000000297472	21	21
0.06709	0.00000000306341	21	21
0.06602	0.00000000304168	21	21
0.06675	0.00000000300444	21	21
0.06718	0.00000000314861	21	21
0.06607	0.00000000295606	21	21
0.06584	0.00000000312801	21	21
0.06543	0.00000000294357	21	21
0.06615	0.00000000311687	21	21
0.06592	0.00000000296975	21	21
0.06578	0.00000000311102	21	21
0.06502	0.00000000292528	21	21
0.06169	0.00000000291792	21	21
0.06589	0.00000000303200	21	21
0.06777	0.00000000304287	21	21
0.06575	0.00000000312313	21	21
0.06687	0.00000000299024	21	21
0.06546	0.00000000303860	21	21
0.06629	0.00000000306923	21	21
0.06650	0.00000000306113	21	21
0.06678	0.00000000305363	21	21
0.06552	0.00000000301375	21	21
0.06486	0.00000000299629	21	21
0.06560	0.00000000309686	21	21
0.06539	0.00000000296567	21	21
0.06685	0.00000000301276	21	21
0.06529	0.00000000309748	21	21
0.06507	0.00000000293951	21	21
0.06585	0.00000000311078	21	21
0.06681	0.00000000306099	21	21
0.06669	0.00000000312533	21	21
0.06684	0.00000000300599	21	21
0.06595	0.00000000298734	21	21
0.06682	0.00000000313823	21	21
0.06633	0.00000000298735	21	21
0.06645	0.00000000312602	21	21
0.06637	0.00000000297651	21	21
0.06540	0.00000000311098	21	21
0.06528	0.00000000295181	21	21
0.06487	0.00000000294623	21	21
0.06497	0.00000000306838	21	21
0.06632	0.00000000298822	21	21
0.06601	0.00000000311388	21	21
0.06604	0.00000000297581	21	21
0.06434	0.00000000292727	21	21
0.06432	0.00000000309673	21	21
0.06719	0.00000000301359	21	21
0.06671	0.00000000314273	21	21
0.06670	0.00000000299789	21	21
0.06613	0.00000000313557	21	21
0.06573	0.00000000296461	21	21
0.06673	0.00000000315001	21	21
0.06562	0.00000000297235	21	21
0.06770	0.00000000314857	21	21
0.06527	0.00000000294677	21	21
0.06630	0.00000000311951	21	21
0.06621	0.00000000297819	21	21
0.06616	0.00000000311879	21	21
0.06632	0.00000000296834	21	21
0.06569	0.00000000310725	21	21
0.06546	0.00000000297609	21	21
0.06450	0.00000000298077	21	21
0.06577	0.00000000311893	21	21
0.06745	0.00000000302786	21	21
0.06643	0.00000000304461	21	21
0.06599	0.00000000305570	21	21
0.06671	0.00000000299795	21	21
0.06597	0.00000000312096	21	21
0.06703	0.00000000298924	21	21
0.06660	0.00000000311174	21	21
0.06693	0.00000000304994	21	21
0.06509	0.00000000300432	21	21
0.06579	0.00000000302095	21	21
0.06507	0.00000000301339	21	21
0.06626	0.00000000298671	21	21
0.06447	0.00000000304855	21	21
0.06531	0.00000000294706	21	21
0.06333	0.00000000293489	21	21
0.06645	0.00000000298922	21	21
0.06709	0.00000000308985	21	21
0.06609	0.00000000305754	21	21
0.06648	0.00000000298701	21	21
0.06578	0.00000000313436	21	21
0.06694	0.00000000300621	21	21
0.06701	0.00000000314577	21	21
0.06698	0.00000000298708	21	21
0.06603	0.00000000310795	21	21
0.06571	0.00000000295865	21	21
0.06570	0.00000000312950	21	21
0.06526	0.00000000295372	21	21
0.06592	0.00000000297208	21	21
0.06477	0.00000000307164	21	21
0.06506	0.00000000294341	21	21
0.06402	0.00000000307176	21	21
0.06679	0.00000000314915	21	21
0.06660	0.00000000298211	21	21
0.06678	0.00000000314742	21	21
0.06594	0.00000000297077	21	21
0.06673	0.00000000313020	21	21
0.06593	0.00000000300729	21	21
0.06772	0.00000000300653	21	21
0.06607	0.00000000312268	21	21
0.06597	0.00000000297766	21	21
0.06521	0.00000000308307	21	21
0.06641	0.00000000302313	21	21
0.06580	0.00000000303710	21	21
0.06509	0.00000000301598	21	21
0.06482	0.00000000292324	21	21
0.06460	0.00000000307690	21	21
0.06660	0.00000000312481	21	21
0.06651	0.00000000300934	21	21
0.06676	0.00000000313468	21	21
0.06549	0.00000000296663	21	21
0.06658	0.00000000301239	21	21
0.06573	0.00000000310659	21	21
0.06652	0.00000000299395	21	21
0.06661	0.00000000314292	21	21
0.06619	0.00000000298689	21	21
0.06638	0.00000000307163	21	21
0.06479	0.00000000302284	21	21
0.06536	0.00000000294301	21	21
0.06496	0.00000000308713	21	21
0.06543	0.00000000295763	21	21
0.06461	0.00000000305055	21	21
0.06419	0.00000000293851	21	21
0.06578	0.00000000297160	21	21
0.06659	0.00000000300398	21	21
0.06622	0.00000000312275	21	21
0.06649	0.00000000298443	21	21
0.06679	0.00000000312784	21	21
0.06626	0.00000000296255	21	21
0.06675	0.00000000314063	21	21
0.06567	0.00000000296399	21	21
0.06628	0.00000000310931	21	21
0.06496	0.00000000291559	21	21
0.06553	0.00000000309522	21	21
0.06550	0.00000000296786	21	21
0.06415	0.00000000304501	21	21
0.06397	0.00000000294610	21	21
0.06710	0.00000000301925	21	21
0.06659	0.00000000313454	21	21
0.06631	0.00000000298640	21	21
0.06613	0.00000000312896	21	21
0.06598	0.00000000298557	21	21
0.06641	0.00000000297926	21	21
0.06645	0.00000000314137	21	21
0.06541	0.00000000295742	21	21
0.06612	0.00000000312182	21	21
0.06600	0.00000000297571	21	21
0.06636	0.00000000313648	21	21
0.06632	0.00000000299475	21	21
0.06563	0.00000000301925	21	21
0.06488	0.00000000300975	21	21
0.06501	0.00000000294972	21	21
0.06669	0.00000000300343	21	21
0.06685	0.00000000313307	21	21
0.06659	0.00000000299203	21	21
0.06656	0.00000000313952	21	21
0.06606	0.00000000299152	21	21
0.06705	0.00000000313134	21	21
0.06577	0.00000000297775	21	21
0.06780	0.00000000303550	21	21
0.06629	0.00000000310673	21	21
0.06587	0.00000000304292	21	21
0.06535	0.00000000301526	21	21
0.06511	0.00000000297288	21	21
0.06582	0.00000000310860	21	21
0.06506	0.00000000294593	21	21
0.06523	0.00000000307194	21	21
0.06497	0.00000000294280	21	21
0.06625	0.00000000300936	21	21
0.06715	0.00000000313622	21	21
0.06649	0.00000000299112	21	21
0.06515	0.00000000296552	21	21
0.06670	0.00000000313979	21	21
0.06596	0.00000000297748	21	21
0.06675	0.00000000314335	21	21
0.06660	0.00000000299606	21	21
0.06691	0.00000000312518	21	21
0.06612	0.00000000298890	21	21
0.06574	0.00000000310557	21	21
0.06586	0.00000000295118	21	21
0.06476	0.00000000306946	21	21
0.06424	0.00000000293006	21	21
0.06600	0.00000000298892	21	21
0.06714	0.00000000300910	21	21
0.06576	0.00000000311364	21	21
0.06683	0.00000000300517	21	21
0.06691	0.00000000314311	21	21
0.06677	0.00000000297651	21	21
0.06615	0.00000000312515	21	21
0.06477	0.00000000292837	21	21
0.06553	0.00000000308970	21	21
0.06647	0.00000000299082	21	21
0.06505	0.00000000306268	21	21
0.06549	0.00000000296923	21	21
0.06463	0.00000000302032	21	21
0.06357	0.00000000295443	21	21
0.06705	0.00000000309136	21	21
0.06694	0.00000000307046	21	21
0.06659	0.00000000307548	21	21
0.06567	0.00000000297287	21	21
0.06646	0.00000000314769	21	21
0.06628	0.00000000297276	21	21
0.06711	0.00000000315283	21	21
0.06603	0.00000000296059	21	21
0.06517	0.00000000308234	21	21
0.06640	0.00000000300159	21	21
0.06552	0.00000000308886	21	21
0.06596	0.00000000296859	21	21
0.06571	0.00000000311590	21	21
0.06580	0.00000000297403	21	21
0.06463	0.00000000293038	21	21
0.06748	0.00000000316862	21	21
0.06657	0.00000000298975	21	21
0.06692	0.00000000299733	21	21
0.06591	0.00000000311737	21	21
0.06631	0.00000000298678	21	21
0.06637	0.00000000313412	21	21
0.06615	0.00000000298839	21	21
0.06719	0.00000000315490	21	21
0.06584	0.00000000297940	21	21
0.06588	0.00000000296700	21	21
0.06534	0.00000000309374	21	21
0.06502	0.00000000294584	21	21
0.06495	0.00000000307102	21	21
0.06607	0.00000000297587	21	21
0.06501	0.00000000308000	21	21
0.06373	0.00000000299606	21	21
0.06552	0.00000000298859	21	21
0.06636	0.00000000315919	21	21
0.06612	0.00000000298804	21	21
0.06580	0.00000000297590	21	21
0.06686	0.00000000315686	21	21
0.06613	0.00000000297494	21	21
0.06649	0.00000000315423	21	21
0.06604	0.00000000298193	21	21
0.06677	0.00000000315580	21	21
0.06558	0.00000000297710	21	21
0.06694	0.00000000300900	21	21
0.06586	0.00000000310649	21	21
0.06501	0.00000000295585	21	21
0.06419	0.00000000306191	21	21
0.06675	0.00000000314814	21	21
0.06691	0.00000000304502	21	21
0.06553	0.00000000303496	21	21
0.06596	0.00000000296941	21	21
0.06574	0.00000000312659	21	21
0.06676	0.00000000300164	21	21
0.06684	0.00000000314310	21	21
0.06640	0.00000000297561	21	21
0.06502	0.00000000308880	21	21
0.06551	0.00000000296030	21	21
0.06619	0.00000000312122	21	21
0.06552	0.00000000295571	21	21
0.06568	0.00000000296235	21	21
0.06530	0.00000000309589	21	21
0.06424	0.00000000293730	21	21
0.06375	0.00000000308246	21	21
0.06669	0.00000000313971	21	21
0.06631	0.00000000299810	21	21
0.06645	0.00000000313561	21	21
0.06586	0.00000000297316	21	21
0.06657	0.00000000301117	21	21
0.06579	0.00000000312534	21	21
0.06696	0.00000000299964	21	21
0.06602	0.00000000312150	21	21
0.06598	0.00000000296660	21	21
0.06528	0.00000000310725	21	21
0.06597	0.00000000297933	21	21
0.06613	0.00000000311368	21	21
0.06527	0.00000000293390	21	21
0.06569	0.00000000308382	21	21
0.06350	0.00000000307740	21	21
0.06627	0.00000000299366	21	21
0.06681	0.00000000314617	21	21
0.06687	0.00000000300948	21	21
0.06577	0.00000000304429	21	21
0.06676	0.00000000306934	21	21
0.06581	0.00000000303035	21	21
0.06617	0.00000000305904	21	21
0.06470	0.00000000292855	21	21
0.06570	0.00000000312196	21	21
0.06541	0.00000000297293	21	21
0.06544	0.00000000295471	21	21
0.06484	0.00000000309906	21	21
0.06528	0.00000000295713	21	21
0.06560	0.00000000311768	21	21
0.06546	0.00000000296200	21	21
0.06520	0.00000000296029	21	21
0.06592	0.00000000299315	21	21
0.06795	0.00000000318910	21	21
0.06586	0.00000000298547	21	21
0.06694	0.00000000314368	21	21
0.06543	0.00000000297956	21	21
0.06612	0.00000000312732	21	21
0.06614	0.00000000300047	21	21
0.06671	0.00000000300022	21	21
0.06637	0.00000000313662	21	21
0.06466	0.00000000294945	21	21
0.06639	0.00000000313937	21	21
0.06576	0.00000000295010	21	21
0.06655	0.00000000313153	21	21
0.06531	0.00000000294932	21	21
0.06403	0.00000000300564	21	21
0.06351	0.00000000292584	21	21
0.06690	0.00000000301074	21	21
0.06716	0.00000000300054	21	21
0.06633	0.00000000314378	21	21
0.06546	0.00000000296545	21	21
0.06618	0.00000000311099	21	21
0.06624	0.00000000299070	21	21
0.06667	0.00000000313330	21	21
0.06623	0.00000000298009	21	21
0.06551	0.00000000310591	21	21
0.06603	0.00000000297709	21	21
0.06518	0.00000000295426	21	21
0.06644	0.00000000313948	21	21
0.06490	0.00000000293012	21	21
0.06700	0.00000000301069	21	21
0.06628	0.00000000314680	21	21
0.06642	0.00000000298896	21	21
0.06556	0.00000000297453	21	21
0.06699	0.00000000302039	21	21
0.06563	0.00000000313509	21	21
0.06638	0.00000000303507	21	21
0.06550	0.00000000297912	21	21
0.06580	0.00000000311847	21	21
0.06561	0.00000000297271	21	21
0.06616	0.00000000314260	21	21
0.06594	0.00000000304519	21	21
0.06414	0.00000000293194	21	21
0.06693	0.00000000301988	21	21
0.06796	0.00000000319409	21	21
0.06570	0.00000000296128	21	21
0.06662	0.00000000313229	21	21
0.06611	0.00000000298734	21	21
0.06739	0.00000000302341	21	21
0.06731	0.00000000314611	21	21
0.06600	0.00000000309986	21	21
0.06574	0.00000000297816	21	21
0.06528	0.00000000296523	21	21
0.06595	0.00000000313533	21	21
0.06603	0.00000000297118	21	21
0.06505	0.00000000307875	21	21
0.06432	0.00000000292839	21	21
0.06503	0.00000000309455	21	21
0.06437	0.00000000291348	21	21
0.06667	0.00000000301520	21	21
0.06684	0.00000000314574	21	21
0.06693	0.00000000300979	21	21
0.06576	0.00000000312561	21	21
0.06692	0.00000000301722	21	21
0.06594	0.00000000299272	21	21
0.06695	0.00000000315730	21	21
0.06594	0.00000000297651	21	21
0.06585	0.00000000312638	21	21
0.06614	0.00000000299776	21	21
0.06620	0.00000000299930	21	21
0.06566	0.00000000310135	21	21
0.06545	0.00000000295432	21	21
0.06548	0.00000000311261	21	21
0.06521	0.00000000296753	21	21
0.06692	0.00000000308163	21	21
0.06683	0.00000000301019	21	21
0.06700	0.00000000315021	21	21
0.06591	0.00000000298817	21	21
0.06663	0.00000000314207	21	21
0.06644	0.00000000298417	21	21
0.06615	0.00000000313808	21	21
0.06792	0.00000000302417	21	21
0.06558	0.00000000297322	21	21
0.06668	0.00000000315537	21	21
0.06567	0.00000000296517	21	21
0.06605	0.00000000310594	21	21
0.06598	0.00000000298650	21	21
0.06602	0.00000000312964	21	21
0.06535	0.00000000294877	21	21
0.06174	0.00000000288375	21	21
0.06605	0.00000000314793	21	21
0.06780	0.00000000305105	21	21
0.06614	0.00000000305909	21	21
0.06618	0.00000000306476	21	21
0.06632	0.00000000298493	21	21
0.06621	0.00000000314864	21	21
0.06679	0.00000000299316	21	21
0.06628	0.00000000312151	21	21
0.06626	0.00000000298168	21	21
0.06461	0.00000000307792	21	21
0.06607	0.00000000298434	21	21
0.06564	0.00000000309839	21	21
0.06539	0.00000000294661	21	21
0.06522	0.00000000309270	21	21
0.06554	0.00000000294353	21	21
0.06482	0.00000000306417	21	21
0.06676	0.00000000301338	21	21
0.06690	0.00000000316123	21	21
0.06614	0.00000000298882	21	21
0.06555	0.00000000297067	21	21
0.06596	0.00000000312445	21	21
0.06667	0.00000000300971	21	21
0.06639	0.00000000310038	21	21
0.06520	0.00000000294116	21	21
0.06612	0.00000000313506	21	21
0.06610	0.00000000296581	21	21
0.06548	0.00000000309464	21	21
0.06604	0.00000000296455	21	21
0.06574	0.00000000310523	21	21
0.06524	0.00000000294392	21	21
0.06434	0.00000000306998	21	21
0.06399	0.00000000297820	21	21
0.06654	0.00000000302115	21	21
0.06682	0.00000000301646	21	21
0.06666	0.00000000313783	21	21
0.06575	0.00000000299979	21	21
0.06711	0.00000000316338	21	21
0.06601	0.00000000298640	21	21
0.06749	0.00000000309019	21	21
0.06605	0.00000000305158	21	21
0.06572	0.00000000300634	21	21
0.06567	0.00000000313807	21	21
0.06610	0.00000000298297	21	21
0.06629	0.00000000300802	21	21
0.06598	0.00000000313889	21	21
0.06465	0.00000000291368	21	21
0.06219	0.00000000288636	21	21
0.06657	0.00000000314265	21	21
0.06670	0.00000000300895	21	21
0.06659	0.00000000314556	21	21
0.06588	0.00000000297207	21	21
0.06590	0.00000000310582	21	21
0.06577	0.00000000298896	21	21
0.06653	0.00000000300089	21	21
0.06661	0.00000000312830	21	21
0.06603	0.00000000297744	21	21
0.06639	0.00000000315168	21	21
0.06615	0.00000000298628	21	21
0.06630	0.00000000299327	21	21
0.06602	0.00000000312200	21	21
0.06501	0.00000000294427	21	21
0.06436	0.00000000305679	21	21
0.06449	0.00000000293583	21	21
0.06578	0.00000000298769	21	21
0.06680	0.00000000302267	21	21
0.06573	0.00000000312363	21	21
0.06644	0.00000000299449	21	21
0.06681	0.00000000316168	21	21
0.06626	0.00000000296909	21	21
0.06569	0.00000000311717	21	21
0.06604	0.00000000299985	21	21
0.06544	0.00000000312603	21	21
0.06567	0.00000000297737	21	21
0.06565	0.00000000298857	21	21
0.06433	0.00000000306999	21	21
0.06330	0.00000000296477	21	21
0.06321	0.00000000298155	21	21
0.06657	0.00000000300908	21	21
0.06708	0.00000000302811	21	21
0.06667	0.00000000314470	21	21
0.06617	0.00000000299337	21	21
0.06600	0.00000000307138	21	21
0.06694	0.00000000308810	21	21
0.06672	0.00000000298865	21	21
0.06683	0.00000000314115	21	21
0.06440	0.00000000292677	21	21
0.06593	0.00000000312705	21	21
0.06627	0.00000000298414	21	21
0.06640	0.00000000312628	21	21
0.06610	0.00000000298299	21	21
0.06479	0.00000000307397	21	21
0.06404	0.00000000291787	21	21
0.06453	0.00000000293142	21	21
0.06447	0.00000000309205	21	21
0.06683	0.00000000301107	21	21
0.06679	0.00000000314584	21	21
0.06649	0.00000000300177	21	21
0.06633	0.00000000313824	21	21
0.06622	0.00000000298906	21	21
0.06639	0.00000000314007	21	21
0.06594	0.00000000300222	21	21
0.06796	0.00000000316053	21	21
0.06555	0.00000000296310	21	21
0.06626	0.00000000298952	21	21
0.06600	0.00000000312815	21	21
0.06592	0.00000000298522	21	21
0.06581	0.00000000312524	21	21
0.06604	0.00000000298155	21	21
0.06455	0.00000000306622	21	21
0.06414	0.00000000291573	21	21
0.06566	0.00000000299231	21	21
0.06760	0.00000000318277	21	21
0.06640	0.00000000299420	21	21
0.06602	0.00000000312701	21	21
0.06679	0.00000000302882	21	21
0.06595	0.00000000297886	21	21
0.06688	0.00000000317134	21	21
0.06682	0.00000000301292	21	21
0.06673	0.00000000314126	21	21
0.06618	0.00000000301580	21	21
0.06603	0.00000000304527	21	21
0.06616	0.00000000305912	21	21
0.06645	0.00000000299213	21	21
0.06647	0.00000000313338	21	21
0.06542	0.00000000295684	21	21
0.06428	0.00000000303678	21	21
0.06614	0.00000000297747	21	21
0.06727	0.00000000317272	21	21
0.06597	0.00000000298363	21	21
0.06722	0.00000000314192	21	21
0.06554	0.00000000297998	21	21
0.06669	0.00000000313787	21	21
0.06586	0.00000000298284	21	21
0.06673	0.00000000315072	21	21
0.06593	0.00000000297772	21	21
0.06585	0.00000000298627	21	21
0.06646	0.00000000315081	21	21
0.06638	0.00000000299430	21	21
0.06564	0.00000000310987	21	21
0.06532	0.00000000300931	21	21
0.06491	0.00000000301178	21	21
0.06453	0.00000000305430	21	21
0.06668	0.00000000298682	21	21
0.06637	0.00000000312441	21	21
0.06676	0.00000000300302	21	21
0.06585	0.00000000298122	21	21
0.06680	0.00000000315579	21	21
0.06557	0.00000000295662	21	21
0.06703	0.00000000315943	21	21
0.06572	0.00000000298367	21	21
0.06577	0.00000000311671	21	21
0.06461	0.00000000293687	21	21
0.06514	0.00000000294167	21	21
0.06431	0.00000000304391	21	21
0.06468	0.00000000294475	21	21
0.06529	0.00000000308674	21	21
0.06409	0.00000000292524	21	21
0.06661	0.00000000301734	21	21
0.06680	0.00000000308730	21	21
0.06713	0.00000000308489	21	21
0.06555	0.00000000297084	21	21
0.06679	0.00000000315732	21	21
0.06584	0.00000000297734	21	21
0.06649	0.00000000316487	21	21
0.06722	0.00000000301885	21	21
0.06582	0.00000000299004	21	21
0.06633	0.00000000314666	21	21
0.06586	0.00000000297849	21	21
0.06684	0.00000000317346	21	21
0.06565	0.00000000298244	21	21
0.06598	0.00000000304806	21	21
0.06525	0.00000000303021	21	21
0.06073	0.00000000299360	21	21
0.06589	0.00000000312185	21	21
0.06791	0.00000000303934	21	21
0.06597	0.00000000298507	21	21
0.06680	0.00000000316393	21	21
0.06598	0.00000000297868	21	21
0.06645	0.00000000314771	21	21
0.06672	0.00000000301151	21	21
0.06653	0.00000000300192	21	21
0.06656	0.00000000312955	21	21
0.06511	0.00000000296819	21	21
0.06632	0.00000000313962	21	21
0.06572	0.00000000297081	21	21
0.06631	0.00000000313484	21	21
0.06471	0.00000000294663	21	21
0.06339	0.00000000304718	21	21
0.06336	0.00000000292190	21	21
0.06708	0.00000000303496	21	21
0.06689	0.00000000302109	21	21
0.06644	0.00000000314532	21	21
0.06631	0.00000000299336	21	21
0.06653	0.00000000313393	21	21
0.06638	0.00000000299973	21	21
0.06681	0.00000000315324	21	21
0.06638	0.00000000298887	21	21
0.06574	0.00000000311936	21	21
0.06598	0.00000000298955	21	21
0.06571	0.00000000299625	21	21
0.06579	0.00000000311813	21	21
0.06533	0.00000000296335	21	21
0.06452	0.00000000300039	21	21
0.06507	0.00000000303022	21	21
0.06388	0.00000000309726	21	21
0.06641	0.00000000302143	21	21
0.06688	0.00000000315666	21	21
0.06667	0.00000000300386	21	21
0.06573	0.00000000313582	21	21
0.06634	0.00000000298287	21	21
0.06624	0.00000000313493	21	21
0.06701	0.00000000300450	21	21
0.06516	0.00000000294671	21	21
0.06561	0.00000000313052	21	21
0.06612	0.00000000299100	21	21
0.06617	0.00000000305959	21	21
0.06640	0.00000000306661	21	21
0.06568	0.00000000302580	21	21
0.06475	0.00000000301775	21	21
0.06424	0.00000000292358	21	21
0.06642	0.00000000301623	21	21
0.06679	0.00000000315730	21	21
0.06691	0.00000000301760	21	21
0.06590	0.00000000312416	21	21
0.06656	0.00000000299376	21	21
0.06579	0.00000000298944	21	21
0.06688	0.00000000314854	21	21
0.06648	0.00000000299978	21	21
0.06569	0.00000000310581	21	21
0.06571	0.00000000297315	21	21
0.06571	0.00000000309548	21	21
0.06596	0.00000000303318	21	21
0.06604	0.00000000305572	21	21
0.06619	0.00000000299909	21	21
0.06561	0.00000000310885	21	21
0.06450	0.00000000293823	21	21
0.06568	0.00000000313087	21	21
0.06796	0.00000000302962	21	21
0.06584	0.00000000298433	21	21
0.06672	0.00000000314429	21	21
0.06565	0.00000000297029	21	21
0.06697	0.00000000316672	21	21
0.06636	0.00000000298456	21	21
0.06547	0.00000000309932	21	21
0.06546	0.00000000294786	21	21
0.06482	0.00000000307884	21	21
0.06629	0.00000000301860	21	21
0.06611	0.00000000312568	21	21
0.06543	0.00000000294562	21	21
0.06474	0.00000000294162	21	21
0.06523	0.00000000309201	21	21
0.06345	0.00000000296631	21	21
0.06700	0.00000000302910	21	21
0.06688	0.00000000317064	21	21
0.06684	0.00000000300423	21	21
0.06572	0.00000000310101	21	21
0.06654	0.00000000301846	21	21
0.06617	0.00000000305827	21	21
0.06644	0.00000000307685	21	21
0.06648	0.00000000300291	21	21
0.06549	0.00000000312410	21	21
0.06595	0.00000000299050	21	21
0.06548	0.00000000309406	21	21
0.06651	0.00000000301690	21	21
0.06624	0.00000000298516	21	21
0.06608	0.00000000314387	21	21
0.06544	0.00000000297323	21	21
0.06664	0.00000000302259	21	21
0.06685	0.00000000316734	21	21
0.06677	0.00000000299793	21	21
0.06580	0.00000000312456	21	21
0.06624	0.00000000300111	21	21
0.06606	0.00000000301537	21	21
0.06628	0.00000000314191	21	21
0.06720	0.00000000301574	21	21
0.06583	0.00000000307463	21	21
0.06584	0.00000000304098	21	21
0.06619	0.00000000299501	21	21
0.06540	0.00000000311086	21	21
0.06627	0.00000000300486	21	21
0.06603	0.00000000307728	21	21
0.06563	0.00000000304136	21	21
0.06459	0.00000000292041	21	21
0.06622	0.00000000299219	21	21
0.06690	0.00000000315411	21	21
0.06640	0.00000000300195	21	21
0.06599	0.00000000312954	21	21
0.06640	0.00000000299921	21	21
0.06548	0.00000000309382	21	21
0.06660	0.00000000301749	21	21
0.06608	0.00000000299881	21	21
0.06605	0.00000000312528	21	21
0.06567	0.00000000299190	21	21
0.06628	0.00000000315786	21	21
0.06528	0.00000000295743	21	21
0.06559	0.00000000302651	21	21
0.06523	0.00000000304121	21	21
0.06406	0.00000000291957	21	21
0.06292	0.00000000291737	21	21
0.06621	0.00000000298166	21	21
0.06742	0.00000000317401	21	21
0.06594	0.00000000298348	21	21
0.06708	0.00000000315564	21	21
0.06579	0.00000000297527	21	21
0.06688	0.00000000302627	21	21
0.06705	0.00000000315677	21	21
0.06653	0.00000000299260	21	21
0.06586	0.00000000312467	21	21
0.06526	0.00000000295607	21	21
0.06543	0.00000000311866	21	21
0.06624	0.00000000297977	21	21
0.06539	0.00000000297139	21	21
0.06454	0.00000000307463	21	21
0.06413	0.00000000292577	21	21
0.06595	0.00000000312454	21	21
0.06673	0.00000000302213	21	21
0.06684	0.00000000314689	21	21
0.06690	0.00000000301566	21	21
0.06579	0.00000000312511	21	21
0.06666	0.00000000300045	21	21
0.06581	0.00000000300032	21	21
0.06750	0.00000000316532	21	21
0.06590	0.00000000297852	21	21
0.06551	0.00000000309221	21	21
0.06614	0.00000000299560	21	21
0.06584	0.00000000311394	21	21
0.06637	0.00000000312657	21	21
0.06537	0.00000000297757	21	21
0.06643	0.00000000300276	21	21
0.06460	0.00000000306148	21	21
0.06651	0.00000000299697	21	21
0.06691	0.00000000302157	21	21
0.06697	0.00000000314753	21	21
0.06533	0.00000000298839	21	21
0.06712	0.00000000315769	21	21
0.06611	0.00000000298414	21	21
0.06639	0.00000000315472	21	21
0.06595	0.00000000298770	21	21
0.06628	0.00000000299479	21	21
0.06635	0.00000000315134	21	21
0.06612	0.00000000298334	21	21
0.06568	0.00000000311031	21	21
0.06633	0.00000000300131	21	21
0.06592	0.00000000303944	21	21
0.06459	0.00000000299676	21	21
0.06473	0.00000000294226	21	21
0.06590	0.00000000311739	21	21
0.06768	0.00000000303698	21	21
0.06565	0.00000000311659	21	21
0.06694	0.00000000300764	21	21
0.06560	0.00000000313756	21	21
0.06660	0.00000000301424	21	21
0.06659	0.00000000299471	21	21
0.06612	0.00000000311244	21	21
0.06577	0.00000000310760	21	21
0.06551	0.00000000295218	21	21
0.06574	0.00000000311741	21	21
0.06598	0.00000000298525	21	21
0.06612	0.00000000300459	21	21
0.06483	0.00000000307646	21	21
0.06408	0.00000000291910	21	21
0.06390	0.00000000293449	21	21
0.06679	0.00000000316691	21	21
0.06713	0.00000000303067	21	21
0.06651	0.00000000314864	21	21
0.06598	0.00000000298901	21	21
0.06597	0.00000000299249	21	21
0.06664	0.00000000315279	21	21
0.06636	0.00000000298349	21	21
0.06603	0.00000000313559	21	21
0.06560	0.00000000296988	21	21
0.06503	0.00000000295847	21	21
0.06589	0.00000000314117	21	21
0.06553	0.00000000294779	21	21
0.06489	0.00000000308088	21	21
0.06502	0.00000000296036	21	21
0.06654	0.00000000301873	21	21
0.06437	0.00000000309862	21	21
0.06460	0.00000000295979	21	21
0.06691	0.00000000316284	21	21
0.06752	0.00000000304784	21	21
0.06697	0.00000000304105	21	21
0.06700	0.00000000318029	21	21
0.06641	0.00000000302600	21	21
0.06755	0.00000000320459	21	21
0.06679	0.00000000302504	21	21
0.06716	0.00000000312188	21	21
0.06618	0.00000000308565	21	21
0.06744	0.00000000305641	21	21
0.06615	0.00000000314668	21	21
0.06412	0.00000000291937	21	21
0.06448	0.00000000308356	21	21
0.06204	0.00000000288190	21	21
0.06685	0.00000000307606	21	21
0.06574	0.00000000297840	21	21
0.06685	0.00000000315627	21	21
0.06628	0.00000000300497	21	21
0.06662	0.00000000313927	21	21
0.06741	0.00000000301900	21	21
0.06633	0.00000000312970	21	21
0.06663	0.00000000299339	21	21
0.06559	0.00000000311074	21	21
0.06611	0.00000000296832	21	21
0.06581	0.00000000311899	21	21
0.06510	0.00000000294212	21	21
0.06493	0.00000000308988	21	21
0.06403	0.00000000292350	21	21
0.06559	0.00000000299798	21	21
0.06670	0.00000000315615	21	21
0.06617	0.00000000298638	21	21
0.06617	0.00000000300732	21	21
0.06684	0.00000000315975	21	21
0.06678	0.00000000313238	21	21
0.06675	0.00000000301944	21	21
0.06563	0.00000000297349	21	21
0.06637	0.00000000313507	21	21
0.06594	0.00000000297152	21	21
0.06645	0.00000000313326	21	21
0.06598	0.00000000305449	21	21
0.06588	0.00000000303592	21	21
0.06305	0.00000000297495	21	21
0.06685	0.00000000302174	21	21
0.06701	0.00000000301852	21	21
0.06663	0.00000000315627	21	21
0.06643	0.00000000299769	21	21
0.06626	0.00000000315117	21	21
0.06662	0.00000000302494	21	21
0.06725	0.00000000302353	21	21
0.06699	0.00000000313422	21	21
0.06586	0.00000000306098	21	21
0.06587	0.00000000305254	21	21
0.06589	0.00000000298360	21	21
0.06679	0.00000000316396	21	21
0.06648	0.00000000299700	21	21
0.06596	0.00000000305927	21	21
0.06458	0.00000000301254	21	21
0.06414	0.00000000293100	21	21
0.06419	0.00000000309498	21	21
0.06661	0.00000000298766	21	21
0.06642	0.00000000316302	21	21
0.06685	0.00000000302509	21	21
0.06630	0.00000000298876	21	21
0.06614	0.00000000316144	21	21
0.06684	0.00000000301979	21	21
0.06584	0.00000000313083	21	21
0.06649	0.00000000300929	21	21
0.06580	0.00000000299659	21	21
0.06650	0.00000000312209	21	21
0.06652	0.00000000314187	21	21
0.06566	0.00000000297307	21	21
0.06492	0.00000000295109	21	21
0.06258	0.00000000294152	21	21
0.06644	0.00000000303002	21	21
0.06699	0.00000000316387	21	21
0.06695	0.00000000301570	21	21
0.06620	0.00000000313677	21	21
0.06672	0.00000000299572	21	21
0.06574	0.00000000312181	21	21
0.06671	0.00000000300395	21	21
0.06652	0.00000000299290	21	21
0.06625	0.00000000312570	21	21
0.06530	0.00000000295372	21	21
0.06516	0.00000000311326	21	21
0.06647	0.00000000300930	21	21
0.06634	0.00000000306267	21	21
0.06586	0.00000000305910	21	21
0.06553	0.00000000298832	21	21
0.06796	0.00000000318564	21	21
0.06571	0.00000000298383	21	21
0.06660	0.00000000309064	21	21
0.06592	0.00000000307300	21	21
0.06571	0.00000000296765	21	21
0.06619	0.00000000314307	21	21
0.06573	0.00000000298659	21	21
0.06523	0.00000000308927	21	21
0.06487	0.00000000296798	21	21
0.06612	0.00000000299564	21	21
0.06462	0.00000000294012	21	21
0.06693	0.00000000313915	21	21
0.06665	0.00000000301485	21	21
0.06685	0.00000000315430	21	21
0.06609	0.00000000299687	21	21
0.06624	0.00000000307649	21	21
0.06557	0.00000000302850	21	21
0.06610	0.00000000297747	21	21
0.06460	0.00000000308921	21	21
0.06309	0.00000000297372	21	21
0.06513	0.00000000310562	21	21
0.06471	0.00000000293776	21	21
0.06492	0.00000000296021	21	21
0.06535	0.00000000307097	21	21
0.06690	0.00000000301113	21	21
0.06702	0.00000000315297	21	21
0.06661	0.00000000312361	21	21
0.06589	0.00000000297966	21	21
0.06624	0.00000000312964	21	21
0.06634	0.00000000298774	21	21
0.06578	0.00000000312835	21	21
0.06717	0.00000000301306	21	21
0.06557	0.00000000310794	21	21
0.06562	0.00000000295347	21	21
0.06500	0.00000000307553	21	21
0.06602	0.00000000298979	21	21
0.06495	0.00000000308878	21	21
0.06536	0.00000000297110	21	21
0.06615	0.00000000306344	21	21
0.06210	0.00000000288838	21	21
0.06588	0.00000000299908	21	21
0.06702	0.00000000317474	21	21
0.06618	0.00000000298613	21	21
0.06642	0.00000000299577	21	21
0.06630	0.00000000313518	21	21
0.06611	0.00000000300541	21	21
0.06647	0.00000000313559	21	21
0.06611	0.00000000301455	21	21
0.06709	0.00000000315350	21	21
0.06609	0.00000000298541	21	21
0.06601	0.00000000312883	21	21
0.06560	0.00000000297830	21	21
0.06658	0.00000000299712	21	21
0.06574	0.00000000311937	21	21
0.06500	0.00000000296440	21	21
0.06386	0.00000000296769	21	21
0.06630	0.00000000315564	21	21
0.06717	0.00000000302821	21	21
0.06610	0.00000000312755	21	21
0.06621	0.00000000299994	21	21
0.06607	0.00000000307777	21	21
0.06682	0.00000000307158	21	21
0.06633	0.00000000312872	21	21
0.06628	0.00000000297046	21	21
0.06578	0.00000000310248	21	21
0.06639	0.00000000299274	21	21
0.06588	0.00000000311240	21	21
0.06499	0.00000000294609	21	21
0.06456	0.00000000308289	21	21
0.06701	0.00000000314431	21	21
0.06643	0.00000000301208	21	21
0.06678	0.00000000315019	21	21
0.06675	0.00000000302472	21	21
0.06569	0.00000000311182	21	21
0.06706	0.00000000303637	21	21
0.06578	0.00000000300273	21	21
0.06788	0.00000000318666	21	21
0.06604	0.00000000298960	21	21
0.06633	0.00000000314115	21	21
0.06479	0.00000000295024	21	21
0.06503	0.00000000308525	21	21
0.06543	0.00000000296598	21	21
0.06561	0.00000000296322	21	21
0.06605	0.00000000312621	21	21
0.06430	0.00000000291525	21	21
0.06659	0.00000000300667	21	21
0.06674	0.00000000315654	21	21
0.06690	0.00000000301357	21	21
0.06583	0.00000000313748	21	21
0.06657	0.00000000301113	21	21
0.06573	0.00000000299019	21	21
0.06643	0.00000000315887	21	21
0.06614	0.00000000298039	21	21
0.06573	0.00000000309602	21	21
0.06566	0.00000000310797	21	21
0.06570	0.00000000298739	21	21
0.06653	0.00000000300822	21	21
0.06541	0.00000000310708	21	21
0.06512	0.00000000296914	21	21
0.06553	0.00000000311086	21	21
0.06518	0.00000000295415	21	21
0.06578	0.00000000298954	21	21
0.06676	0.00000000309300	21	21
0.06598	0.00000000298650	21	21
0.06708	0.00000000314985	21	21
0.06663	0.00000000298777	21	21
0.06663	0.00000000313053	21	21
0.06555	0.00000000295595	21	21
0.06535	0.00000000306486	21	21
0.06550	0.00000000309276	21	21
0.06500	0.00000000296079	21	21
0.06636	0.00000000305761	21	21
0.06531	0.00000000302509	21	21
0.06284	0.00000000301431	21	21
0.06317	0.00000000290822	21	21
0.06658	0.00000000300583	21	21
0.06689	0.00000000315321	21	21
0.06688	0.00000000300896	21	21
0.06565	0.00000000313029	21	21
0.06671	0.00000000301316	21	21
0.06577	0.00000000311794	21	21
0.06740	0.00000000301696	21	21
0.06616	0.00000000311191	21	21
0.06593	0.00000000298445	21	21
0.06601	0.00000000312796	21	21
0.06529	0.00000000296368	21	21
0.06595	0.00000000312799	21	21
0.06629	0.00000000297616	21	21
0.06482	0.00000000307323	21	21
0.06302	0.00000000302190	21	21
0.06642	0.00000000315858	21	21
0.06660	0.00000000300509	21	21
0.06734	0.00000000317577	21	21
0.06592	0.00000000299262	21	21
0.06628	0.00000000299609	21	21
0.06584	0.00000000310254	21	21
0.06638	0.00000000299477	21	21
0.06693	0.00000000315284	21	21
0.06652	0.00000000300452	21	21
0.06657	0.00000000316387	21	21
0.06613	0.00000000299005	21	21
0.06651	0.00000000311970	21	21
0.06630	0.00000000296634	21	21
0.06608	0.00000000311871	21	21
0.06527	0.00000000296716	21	21
0.06539	0.00000000309993	21	21
0.06606	0.00000000314460	21	21
0.06799	0.00000000304074	21	21
0.06540	0.00000000312316	21	21
0.06651	0.00000000298846	21	21
0.06552	0.00000000312752	21	21
0.06640	0.00000000300476	21	21
0.06626	0.00000000313126	21	21
0.06458	0.00000000292331	21	21
0.06499	0.00000000308042	21	21
0.06599	0.00000000297322	21	21
0.06581	0.00000000311252	21	21
0.06585	0.00000000298546	21	21
0.06615	0.00000000314442	21	21
0.06582	0.00000000298404	21	21
0.06493	0.00000000294649	21	21
0.06463	0.00000000308379	21	21
0.06686	0.00000000302212	21	21
0.06692	0.00000000303685	21	21
0.06684	0.00000000315944	21	21
0.06593	0.00000000298944	21	21
0.06638	0.00000000314494	21	21
0.06635	0.00000000301048	21	21
0.06687	0.00000000315351	21	21
0.06582	0.00000000297769	21	21
0.06609	0.00000000305472	21	21
0.06573	0.00000000304574	21	21
0.06539	0.00000000298303	21	21
0.06551	0.00000000309095	21	21
0.06570	0.00000000297599	21	21
0.06542	0.00000000314466	21	21
0.06494	0.00000000295122	21	21
0.06400	0.00000000307311	21	21
0.06652	0.00000000315495	21	21
0.06651	0.00000000299146	21	21
0.06602	0.00000000312431	21	21
0.06624	0.00000000301360	21	21
0.06634	0.00000000314958	21	21
0.06599	0.00000000299885	21	21
0.06753	0.00000000304490	21	21
0.06610	0.00000000313710	21	21
0.06662	0.00000000302878	21	21
0.06487	0.00000000309144	21	21
0.06649	0.00000000300885	21	21
0.06548	0.00000000311413	21	21
0.06527	0.00000000297004	21	21
0.06588	0.00000000299345	21	21
0.06501	0.00000000308611	21	21
0.06578	0.00000000301120	21	21
0.06768	0.00000000303410	21	21
0.06623	0.00000000313805	21	21
0.06629	0.00000000300320	21	21
0.06685	0.00000000314270	21	21
0.06593	0.00000000298644	21	21
0.06689	0.00000000314338	21	21
0.06625	0.00000000299920	21	21
0.06674	0.00000000314683	21	21
0.06579	0.00000000299170	21	21
0.06569	0.00000000312838	21	21
0.06613	0.00000000297927	21	21
0.06632	0.00000000315412	21	21
0.06610	0.00000000299573	21	21
0.06452	0.00000000299074	21	21
0.06378	0.00000000294405	21	21
0.06650	0.00000000301321	21	21
0.06728	0.00000000316235	21	21
0.06598	0.00000000299945	21	21
0.06678	0.00000000315275	21	21
0.06559	0.00000000297881	21	21
0.06672	0.00000000317584	21	21
0.06681	0.00000000301942	21	21
0.06664	0.00000000299997	21	21
0.06613	0.00000000313627	21	21
0.06524	0.00000000296145	21	21
0.06622	0.00000000313120	21	21
0.06554	0.00000000298584	21	21
0.06611	0.00000000309145	21	21
0.06597	0.00000000306474	21	21
0.06484	0.00000000300458	21	21
0.06300	0.00000000299728	21	21
0.06642	0.00000000316898	21	21
0.06662	0.00000000300396	21	21
0.06649	0.00000000314375	21	21
0.06577	0.00000000299605	21	21
0.06634	0.00000000299541	21	21
0.06525	0.00000000311961	21	21
0.06606	0.00000000298126	21	21
0.06511	0.00000000311106	21	21
0.06594	0.00000000300671	21	21
0.06682	0.00000000301739	21	21
0.06544	0.00000000310805	21	21
0.06581	0.00000000298662	21	21
0.06463	0.00000000307900	21	21
0.06527	0.00000000296744	21	21
0.06539	0.00000000303406	21	21
0.06665	0.00000000315561	21	21
0.06677	0.00000000301196	21	21
0.06706	0.00000000317102	21	21
0.06575	0.00000000297783	21	21
0.06618	0.00000000313886	21	21
0.06582	0.00000000299499	21	21
0.06668	0.00000000302230	21	21
0.06618	0.00000000311936	21	21
0.06588	0.00000000299742	21	21
0.06625	0.00000000315556	21	21
0.06582	0.00000000298671	21	21
0.06658	0.00000000315340	21	21
0.06551	0.00000000298575	21	21
0.06479	0.00000000293935	21	21
0.06434	0.00000000307021	21	21
0.06415	0.00000000293377	21	21
0.06624	0.00000000312251	21	21
0.06777	0.00000000303341	21	21
0.06580	0.00000000313305	21	21
0.06694	0.00000000302353	21	21
0.06567	0.00000000313453	21	21
0.06646	0.00000000301518	21	21
0.06664	0.00000000301099	21	21
0.06599	0.00000000312241	21	21
0.06670	0.00000000302057	21	21
0.06551	0.00000000311104	21	21
0.06549	0.00000000297890	21	21
0.06600	0.00000000298916	21	21
0.06564	0.00000000310318	21	21
0.06534	0.00000000295414	21	21
0.06554	0.00000000311432	21	21
0.06445	0.00000000294532	21	21
0.06683	0.00000000303105	21	21
0.06692	0.00000000317095	21	21
0.06658	0.00000000301458	21	21
0.06629	0.00000000309233	21	21
0.06611	0.00000000307424	21	21
0.06632	0.00000000300771	21	21
0.06685	0.00000000317109	21	21
0.06571	0.00000000297369	21	21
0.06514	0.00000000312967	21	21
0.06584	0.00000000299340	21	21
0.06598	0.00000000304473	21	21
0.06542	0.00000000303015	21	21
0.06638	0.00000000307506	21	21
0.06576	0.00000000306357	21	21
0.06529	0.00000000297118	21	21
0.06375	0.00000000295398	21	21
0.06674	0.00000000301686	21	21
0.06639	0.00000000306255	21	21
0.06612	0.00000000304721	21	21
0.06555	0.00000000305063	21	21
0.06655	0.00000000307950	21	21
0.06616	0.00000000300033	21	21
0.06642	0.00000000314543	21	21
0.06566	0.00000000297686	21	21
0.06627	0.00000000310138	21	21
0.06438	0.00000000293543	21	21
0.06568	0.00000000313565	21	21
0.06555	0.00000000298442	21	21
0.06597	0.00000000300448	21	21
0.06500	0.00000000310182	21	21
0.06521	0.00000000295524	21	21
0.06580	0.00000000299865	21	21
0.06715	0.00000000315663	21	21
0.06643	0.00000000300130	21	21
0.06561	0.00000000299402	21	21
0.06695	0.00000000316288	21	21
0.06582	0.00000000298630	21	21
0.06708	0.00000000317293	21	21
0.06582	0.00000000298068	21	21
0.06645	0.00000000314307	21	21
0.06557	0.00000000296833	21	21
0.06646	0.00000000313252	21	21
0.06605	0.00000000310081	21	21
0.06648	0.00000000299579	21	21
0.06523	0.00000000309935	21	21
0.06505	0.00000000294606	21	21
0.06348	0.00000000292207	21	21
0.06601	0.00000000300312	21	21
0.06754	0.00000000304158	21	21
0.06588	0.00000000312409	21	21
0.06699	0.00000000303289	21	21
0.06581	0.00000000312307	21	21
0.06675	0.00000000301399	21	21
0.06604	0.00000000305611	21	21
0.06637	0.00000000306139	21	21
0.06603	0.00000000301511	21	21
0.06722	0.00000000318151	21	21
0.06588	0.00000000299808	21	21
0.06667	0.00000000310680	21	21
0.06512	0.00000000314133	21	21
0.06605	0.00000000298657	21	21
0.06549	0.00000000296946	21	21
0.06453	0.00000000307998	21	21
0.06737	0.00000000305627	21	21
0.06753	0.00000000319187	21	21
0.06745	0.00000000303218	21	21
0.06629	0.00000000315502	21	21
0.06664	0.00000000301474	21	21
0.06600	0.00000000308852	21	21
0.06790	0.00000000311163	21	21
0.06693	0.00000000304029	21	21
0.06465	0.00000000311150	21	21
0.06487	0.00000000294765	21	21
0.06596	0.00000000306147	21	21
0.06576	0.00000000306349	21	21
0.06545	0.00000000298988	21	21
0.06574	0.00000000313544	21	21
0.06587	0.00000000297912	21	21
0.06415	0.00000000304939	21	21
0.06407	0.00000000297408	21	21
0.06699	0.00000000314869	21	21
0.06670	0.00000000300373	21	21
0.06680	0.00000000315802	21	21
0.06585	0.00000000298808	21	21
0.06625	0.00000000314587	21	21
0.06608	0.00000000299024	21	21
0.06562	0.00000000298327	21	21
0.06653	0.00000000313697	21	21
0.06592	0.00000000298979	21	21
0.06649	0.00000000316137	21	21
0.06552	0.00000000296282	21	21
0.06526	0.00000000308877	21	21
0.06628	0.00000000300199	21	21
0.06576	0.00000000312152	21	21
0.06516	0.00000000296224	21	21
0.06472	0.00000000295934	21	21
0.06597	0.00000000308699	21	21
0.06775	0.00000000310959	21	21
0.06610	0.00000000301622	21	21
0.06591	0.00000000313189	21	21
0.06606	0.00000000299087	21	21
0.06543	0.00000000311605	21	21
0.06707	0.00000000302483	21	21
0.06621	0.00000000313218	21	21
0.06682	0.00000000299849	21	21
0.06573	0.00000000312077	21	21
0.06629	0.00000000299079	21	21
0.06582	0.00000000311372	21	21
0.06633	0.00000000304530	21	21
0.06569	0.00000000303759	21	21
0.06404	0.00000000293319	21	21
0.06368	0.00000000294675	21	21
0.06677	0.00000000302696	21	21
0.06722	0.00000000316080	21	21
0.06630	0.00000000300183	21	21
0.06656	0.00000000307438	21	21
0.06589	0.00000000305808	21	21
0.06683	0.00000000303147	21	21
0.06709	0.00000000315657	21	21
0.06654	0.00000000299963	21	21
0.06584	0.00000000311303	21	21
0.06629	0.00000000298373	21	21
0.06597	0.00000000313592	21	21
0.06632	0.00000000298551	21	21
0.06577	0.00000000311928	21	21
0.06631	0.00000000301122	21	21
0.06537	0.00000000311811	21	21
0.06403	0.00000000294025	21	21
0.06406	0.00000000293526	21	21
0.06685	0.00000000315253	21	21
0.06681	0.00000000301273	21	21
0.06656	0.00000000315708	21	21
0.06648	0.00000000301149	21	21
0.06570	0.00000000311977	21	21
0.06674	0.00000000301361	21	21
0.06572	0.00000000299749	21	21
0.06751	0.00000000318625	21	21
0.06598	0.00000000299077	21	21
0.06635	0.00000000316816	21	21
0.06556	0.00000000298281	21	21
0.06607	0.00000000301761	21	21
0.06660	0.00000000315109	21	21
0.06487	0.00000000298557	21	21
0.06545	0.00000000304270	21	21
0.06560	0.00000000297860	21	21
0.06643	0.00000000302809	21	21
0.06693	0.00000000316360	21	21
0.06680	0.00000000302131	21	21
0.06575	0.00000000306676	21	21
0.06660	0.00000000308283	21	21
0.06595	0.00000000298749	21	21
0.06644	0.00000000314281	21	21
0.06639	0.00000000299267	21	21
0.06574	0.00000000311040	21	21
0.06537	0.00000000296730	21	21
0.06583	0.00000000312485	21	21
0.06592	0.00000000298281	21	21
0.06535	0.00000000299097	21	21
0.06479	0.00000000309452	21	21
0.06506	0.00000000295877	21	21
0.06482	0.00000000311066	21	21
0.06575	0.00000000307937	21	21
0.06702	0.00000000304418	21	21
0.06577	0.00000000297834	21	21
0.06642	0.00000000315589	21	21
0.06665	0.00000000301793	21	21
0.06672	0.00000000315581	21	21
0.06561	0.00000000297928	21	21
0.06548	0.00000000297527	21	21
0.06474	0.00000000310264	21	21
0.06595	0.00000000300491	21	21
0.06567	0.00000000313017	21	21
0.06539	0.00000000299334	21	21
0.06407	0.00000000292932	21	21
0.06396	0.00000000298950	21	21
0.06718	0.00000000309729	21	21
0.06688	0.00000000301256	21	21
0.06644	0.00000000314173	21	21
0.06620	0.00000000301298	21	21
0.06642	0.00000000315813	21	21
0.06639	0.00000000299961	21	21
0.06687	0.00000000302989	21	21
0.06694	0.00000000316419	21	21
0.06604	0.00000000299398	21	21
0.06643	0.00000000315363	21	21
0.06512	0.00000000296275	21	21
0.06566	0.00000000313718	21	21
0.06575	0.00000000298647	21	21
0.06566	0.00000000299243	21	21
0.06552	0.00000000310004	21	21
0.06441	0.00000000294964	21	21
0.06406	0.00000000307967	21	21
0.06666	0.00000000300622	21	21
0.06652	0.00000000317199	21	21
0.06674	0.00000000302210	21	21
0.06645	0.00000000308017	21	21
0.06611	0.00000000306927	21	21
0.06679	0.00000000302069	21	21
0.06589	0.00000000315345	21	21
0.06664	0.00000000301724	21	21
0.06592	0.00000000315378	21	21
0.06644	0.00000000298598	21	21
0.06614	0.00000000312220	21	21
0.06654	0.00000000314235	21	21
0.06610	0.00000000298227	21	21
0.06376	0.00000000294481	21	21
0.06555	0.00000000299042	21	21
0.06773	0.00000000311308	21	21
0.06600	0.00000000305643	21	21
0.06629	0.00000000300392	21	21
0.06663	0.00000000315582	21	21
0.06563	0.00000000297335	21	21
0.06717	0.00000000317659	21	21
0.06669	0.00000000299858	21	21
0.06688	0.00000000315032	21	21
0.06588	0.00000000298974	21	21
0.06596	0.00000000313909	21	21
0.06555	0.00000000297326	21	21
0.06583	0.00000000311466	21	21
0.06549	0.00000000298244	21	21
0.06550	0.00000000313870	21	21
0.06424	0.00000000294509	21	21
0.06638	0.00000000301410	21	21
0.06732	0.00000000311401	21	21
0.06614	0.00000000306232	21	21
0.06659	0.00000000302446	21	21
0.06597	0.00000000314553	21	21
0.06666	0.00000000300411	21	21
0.06681	0.00000000316379	21	21
0.06662	0.00000000298708	21	21
0.06525	0.00000000311334	21	21
0.06596	0.00000000305699	21	21
0.06591	0.00000000304422	21	21
0.06571	0.00000000298475	21	21
0.06565	0.00000000311477	21	21
0.06579	0.00000000299086	21	21
0.06574	0.00000000312577	21	21
0.06426	0.00000000294383	21	21
0.06625	0.00000000300876	21	21
0.06651	0.00000000309027	21	21
0.06686	0.00000000308922	21	21
0.06601	0.00000000299911	21	21
0.06682	0.00000000315921	21	21
0.06624	0.00000000300861	21	21
0.06721	0.00000000316652	21	21
0.06616	0.00000000299857	21	21
0.06628	0.00000000309023	21	21
0.06562	0.00000000306235	21	21
0.06617	0.00000000300002	21	21
0.06581	0.00000000312009	21	21
0.06610	0.00000000298871	21	21
0.06441	0.00000000308903	21	21
0.06511	0.00000000296777	21	21
0.06666	0.00000000302537	21	21
0.06709	0.00000000317552	21	21
0.06676	0.00000000301961	21	21
0.06572	0.00000000300342	21	21
0.06693	0.00000000317528	21	21
0.06591	0.00000000300026	21	21
0.06651	0.00000000308981	21	21
0.06712	0.00000000308177	21	21
0.06574	0.00000000312319	21	21
0.06604	0.00000000298672	21	21
0.06477	0.00000000304036	21	21
0.06625	0.00000000307607	21	21
0.06637	0.00000000301384	21	21
0.06554	0.00000000312209	21	21
0.06489	0.00000000297243	21	21
0.06186	0.00000000297424	21	21
0.06559	0.00000000304080	21	21
0.06750	0.00000000304227	21	21
0.06594	0.00000000314608	21	21
0.06662	0.00000000302378	21	21
0.06643	0.00000000309735	21	21
0.06618	0.00000000303989	21	21
0.06638	0.00000000308841	21	21
0.06655	0.00000000308714	21	21
0.06595	0.00000000299715	21	21
0.06627	0.00000000314353	21	21
0.06564	0.00000000296730	21	21
0.06484	0.00000000302974	21	21
0.06601	0.00000000306106	21	21
0.06613	0.00000000299246	21	21
0.06683	0.00000000302019	21	21
0.06667	0.00000000315767	21	21
0.06646	0.00000000300017	21	21
0.06639	0.00000000314946	21	21
0.06618	0.00000000301211	21	21
0.06686	0.00000000316052	21	21
0.06657	0.00000000300645	21	21
0.06594	0.00000000305620	21	21
0.06587	0.00000000304892	21	21
0.06656	0.00000000302535	21	21
0.06597	0.00000000311380	21	21
0.06541	0.00000000310396	21	21
0.06491	0.00000000297323	21	21
0.06482	0.00000000295630	21	21
0.06411	0.00000000308742	21	21
0.06456	0.00000000294833	21	21
0.06670	0.00000000301554	21	21
0.06679	0.00000000315035	21	21
0.06642	0.00000000300725	21	21
0.06612	0.00000000314905	21	21
0.06671	0.00000000300276	21	21
0.06598	0.00000000308659	21	21
0.06751	0.00000000310345	21	21
0.06559	0.00000000297970	21	21
0.06610	0.00000000313284	21	21
0.06588	0.00000000296274	21	21
0.06602	0.00000000313235	21	21
0.06601	0.00000000304099	21	21
0.06564	0.00000000303346	21	21
0.06519	0.00000000302519	21	21
0.06505	0.00000000301171	21	21
0.06616	0.00000000298491	21	21
0.06705	0.00000000316657	21	21
0.06605	0.00000000299787	21	21
0.06573	0.00000000308320	21	21
0.06710	0.00000000308238	21	21
0.06604	0.00000000300761	21	21
0.06676	0.00000000316334	21	21
0.06681	0.00000000302573	21	21
0.06590	0.00000000312326	21	21
0.06536	0.00000000299751	21	21
0.06623	0.00000000314404	21	21
0.06520	0.00000000298227	21	21
0.06477	0.00000000293784	21	21
0.06558	0.00000000312389	21	21
0.06505	0.00000000294989	21	21
0.06249	0.00000000290133	21	21
0.06617	0.00000000301246	21	21
0.06785	0.00000000305507	21	21
0.06595	0.00000000313471	21	21
0.06746	0.00000000302794	21	21
0.06568	0.00000000311981	21	21
0.06676	0.00000000303110	21	21
0.06686	0.00000000316384	21	21
0.06645	0.00000000300366	21	21
0.06647	0.00000000309893	21	21
0.06548	0.00000000303389	21	21
0.06608	0.00000000307855	21	21
0.06641	0.00000000308179	21	21
0.06591	0.00000000300095	21	21
0.06599	0.00000000314347	21	21
0.06502	0.00000000296661	21	21
0.06340	0.00000000311113	21	21
0.06731	0.00000000311858	21	21
0.06684	0.00000000308502	21	21
0.06680	0.00000000303091	21	21
0.06609	0.00000000315538	21	21
0.06660	0.00000000303225	21	21
0.06624	0.00000000309864	21	21
0.06730	0.00000000311312	21	21
0.06649	0.00000000300753	21	21
0.06604	0.00000000315320	21	21
0.06655	0.00000000301508	21	21
0.06568	0.00000000313725	21	21
0.06663	0.00000000303631	21	21
0.06575	0.00000000310501	21	21
0.06564	0.00000000299076	21	21
0.06475	0.00000000295511	21	21
0.06686	0.00000000310661	21	21
0.06686	0.00000000309403	21	21
0.06678	0.00000000301124	21	21
0.06613	0.00000000313519	21	21
0.06622	0.00000000301068	21	21
0.06663	0.00000000316278	21	21
0.06584	0.00000000301409	21	21
0.06706	0.00000000309307	21	21
0.06550	0.00000000304767	21	21
0.06538	0.00000000303372	21	21
0.06592	0.00000000306650	21	21
0.06677	0.00000000308159	21	21
0.06660	0.00000000307403	21	21
0.06636	0.00000000305992	21	21
0.06574	0.00000000305944	21	21
0.06518	0.00000000304104	21	21
0.06566	0.00000000314094	21	21
0.06760	0.00000000305597	21	21
0.06629	0.00000000315683	21	21
0.06616	0.00000000298840	21	21
0.06619	0.00000000306064	21	21
0.06604	0.00000000306948	21	21
0.06620	0.00000000311862	21	21
0.06634	0.00000000302646	21	21
0.06582	0.00000000297607	21	21
0.06542	0.00000000312352	21	21
0.06623	0.00000000302054	21	21
0.06661	0.00000000314314	21	21
0.06564	0.00000000301504	21	21
0.06522	0.00000000304885	21	21
0.06503	0.00000000302041	21	21
0.06235	0.00000000304616	21	21
0.06656	0.00000000309683	21	21
0.06706	0.00000000309797	21	21
0.06622	0.00000000300773	21	21
0.06682	0.00000000316687	21	21
0.06609	0.00000000300023	21	21
0.06665	0.00000000314038	21	21
0.06670	0.00000000300653	21	21
0.06682	0.00000000314801	21	21
0.06595	0.00000000297787	21	21
0.06622	0.00000000312300	21	21
0.06616	0.00000000306751	21	21
0.06627	0.00000000306462	21	21
0.06612	0.00000000300737	21	21
0.06594	0.00000000306029	21	21
0.06499	0.00000000301558	21	21
0.06431	0.00000000299793	21	21
0.06431	0.00000000301792	21	21
0.06616	0.00000000306936	21	21
0.06661	0.00000000308970	21	21
0.06669	0.00000000301783	21	21
0.06664	0.00000000315645	21	21
0.06588	0.00000000299394	21	21
0.06689	0.00000000317441	21	21
0.06576	0.00000000299165	21	21
0.06751	0.00000000310763	21	21
0.06619	0.00000000306192	21	21
0.06540	0.00000000304742	21	21
0.06568	0.00000000306114	21	21
0.06579	0.00000000306884	21	21
0.06662	0.00000000309343	21	21
0.06604	0.00000000299469	21	21
0.06465	0.00000000308631	21	21
0.06315	0.00000000298969	21	21
0.06634	0.00000000309893	21	21
0.06677	0.00000000309047	21	21
0.06722	0.00000000303816	21	21
0.06575	0.00000000312347	21	21
0.06669	0.00000000301881	21	21
0.06595	0.00000000313484	21	21
0.06678	0.00000000303817	21	21
0.06650	0.00000000300791	21	21
0.06652	0.00000000316612	21	21
0.06593	0.00000000298053	21	21
0.06561	0.00000000314552	21	21
0.06532	0.00000000294863	21	21
0.06611	0.00000000313507	21	21
0.06511	0.00000000294890	21	21
0.06410	0.00000000299284	21	21
0.06239	0.00000000290834	21	21
0.06585	0.00000000300149	21	21
0.06652	0.00000000309436	21	21
0.06586	0.00000000307330	21	21
0.06683	0.00000000302276	21	21
0.06622	0.00000000313937	21	21
0.06643	0.00000000300922	21	21
0.06537	0.00000000307638	21	21
0.06630	0.00000000309425	21	21
0.06656	0.00000000301790	21	21
0.06640	0.00000000316040	21	21
0.06581	0.00000000298443	21	21
0.06453	0.00000000309756	21	21
0.06554	0.00000000296746	21	21
0.06467	0.00000000303355	21	21
0.06416	0.00000000302356	21	21
0.06585	0.00000000309715	21	21
0.06684	0.00000000301030	21	21
0.06678	0.00000000317000	21	21
0.06667	0.00000000302140	21	21
0.06599	0.00000000298859	21	21
0.06618	0.00000000314356	21	21
0.06607	0.00000000301216	21	21
0.06694	0.00000000316478	21	21
0.06567	0.00000000298158	21	21
0.06573	0.00000000313207	21	21
0.06511	0.00000000296568	21	21
0.06435	0.00000000301961	21	21
0.06561	0.00000000303990	21	21
0.06500	0.00000000301864	21	21
0.06441	0.00000000301934	21	21
0.06472	0.00000000292631	21	21
0.06698	0.00000000303076	21	21
0.06681	0.00000000316403	21	21
0.06688	0.00000000308504	21	21
0.06578	0.00000000302823	21	21
0.06612	0.00000000315063	21	21
0.06626	0.00000000301708	21	21
0.06627	0.00000000307549	21	21
0.06732	0.00000000311970	21	21
0.06571	0.00000000298333	21	21
0.06545	0.00000000313230	21	21
0.06588	0.00000000299937	21	21
0.06538	0.00000000306677	21	21
0.06586	0.00000000306363	21	21
0.06550	0.00000000298186	21	21
0.06563	0.00000000314244	21	21
0.06408	0.00000000294507	21	21
0.06609	0.00000000300452	21	21
0.06724	0.00000000318027	21	21
0.06643	0.00000000302156	21	21
0.06693	0.00000000311011	21	21
0.06707	0.00000000312900	21	21
0.06590	0.00000000299299	21	21
0.06725	0.00000000316753	21	21
0.06695	0.00000000309948	21	21
0.06674	0.00000000304222	21	21
0.06622	0.00000000316358	21	21
0.06655	0.00000000302745	21	21
0.06579	0.00000000304995	21	21
0.06679	0.00000000310148	21	21
0.06559	0.00000000299360	21	21
0.06472	0.00000000308787	21	21
0.06472	0.00000000294369	21	21
0.06762	0.00000000325212	21	21
0.06650	0.00000000303095	21	21
0.06627	0.00000000301093	21	21
0.06645	0.00000000312018	21	21
0.06676	0.00000000306848	21	21
0.06544	0.00000000315029	21	21
0.06624	0.00000000300576	21	21
0.06557	0.00000000299115	21	21
0.06491	0.00000000309469	21	21
0.06414	0.00000000293518	21	21
0.06595	0.00000000308511	21	21
0.06606	0.00000000307431	21	21
0.06471	0.00000000296607	21	21
0.06658	0.00000000303271	21	21
0.06669	0.00000000316942	21	21
0.06670	0.00000000301962	21	21
0.06663	0.00000000311160	21	21
0.06601	0.00000000308820	21	21
0.06685	0.00000000309113	21	21
0.06569	0.00000000304776	21	21
0.06622	0.00000000303054	21	21
0.06464	0.00000000308701	21	21
0.06663	0.00000000301795	21	21
0.06667	0.00000000315633	21	21
0.06603	0.00000000299332	21	21
0.06523	0.00000000311786	21	21
0.06453	0.00000000294522	21	21
0.06606	0.00000000315180	21	21
0.06709	0.00000000302566	21	21
0.06652	0.00000000316393	21	21
0.06621	0.00000000301366	21	21
0.06653	0.00000000308835	21	21
0.06583	0.00000000303999	21	21
0.06684	0.00000000315109	21	21
0.06610	0.00000000297777	21	21
0.06560	0.00000000312399	21	21
0.06580	0.00000000300195	21	21
0.06557	0.00000000305517	21	21
0.06514	0.00000000301368	21	21
0.06589	0.00000000312773	21	21
0.06520	0.00000000297213	21	21
0.06456	0.00000000302594	21	21
0.06250	0.00000000290937	21	21
0.06594	0.00000000301414	21	21
0.06705	0.00000000310793	21	21
0.06601	0.00000000306715	21	21
0.06686	0.00000000302801	21	21
0.06680	0.00000000316413	21	21
0.06675	0.00000000301925	21	21
0.06638	0.00000000302180	21	21
0.06595	0.00000000314172	21	21
0.06642	0.00000000302214	21	21
0.06607	0.00000000313034	21	21
0.06667	0.00000000297742	21	21
0.06511	0.00000000309204	21	21
0.06342	0.00000000289101	21	21
0.06362	0.00000000298275	21	21
0.06714	0.00000000301937	21	21
0.06672	0.00000000315750	21	21
0.06659	0.00000000301263	21	21
0.06585	0.00000000313717	21	21
0.06626	0.00000000302104	21	21
0.06555	0.00000000307700	21	21
0.06668	0.00000000308892	21	21
0.06642	0.00000000300996	21	21
0.06610	0.00000000315715	21	21
0.06653	0.00000000301572	21	21
0.06544	0.00000000312383	21	21
0.06614	0.00000000300190	21	21
0.06592	0.00000000313319	21	21
0.06553	0.00000000299829	21	21
0.06447	0.00000000294756	21	21
0.06456	0.00000000309101	21	21
0.06406	0.00000000300006	21	21
0.06706	0.00000000316224	21	21
0.06701	0.00000000302261	21	21
0.06660	0.00000000309060	21	21
0.06585	0.00000000306567	21	21
0.06607	0.00000000300503	21	21
0.06555	0.00000000310511	21	21
0.06683	0.00000000301445	21	21
0.06622	0.00000000310848	21	21
0.06552	0.00000000302748	21	21
0.06562	0.00000000306221	21	21
0.06592	0.00000000299631	21	21
0.06580	0.00000000312475	21	21
0.06628	0.00000000301015	21	21
0.06440	0.00000000306409	21	21
0.06489	0.00000000296760	21	21
0.06419	0.00000000300840	21	21
0.06593	0.00000000315047	21	21
0.06774	0.00000000304281	21	21
0.06591	0.00000000313746	21	21
0.06623	0.00000000300419	21	21
0.06600	0.00000000313967	21	21
0.06591	0.00000000300959	21	21
0.06713	0.00000000310773	21	21
0.06661	0.00000000306562	21	21
0.06613	0.00000000311172	21	21
0.06563	0.00000000297277	21	21
0.06644	0.00000000314047	21	21
0.06601	0.00000000299582	21	21
0.06583	0.00000000312248	21	21
0.06601	0.00000000300069	21	21
0.06585	0.00000000307188	21	21
0.06404	0.00000000300211	21	21
0.06422	0.00000000295799	21	21
0.06585	0.00000000313351	21	21
0.06673	0.00000000303319	21	21
0.06720	0.00000000310846	21	21
0.06614	0.00000000307536	21	21
0.06665	0.00000000302544	21	21
0.06603	0.00000000311144	21	21
0.06675	0.00000000308572	21	21
0.06612	0.00000000305249	21	21
0.06625	0.00000000306119	21	21
0.06539	0.00000000302457	21	21
0.06583	0.00000000309801	21	21
0.06582	0.00000000296214	21	21
0.06609	0.00000000313109	21	21
0.06492	0.00000000295997	21	21
0.06628	0.00000000315217	21	21
0.06391	0.00000000292797	21	21
0.06681	0.00000000303110	21	21
0.06662	0.00000000311758	21	21
0.06670	0.00000000308664	21	21
0.06635	0.00000000302133	21	21
0.06571	0.00000000314097	21	21
0.06677	0.00000000301523	21	21
0.06562	0.00000000314408	21	21
0.06751	0.00000000302065	21	21
0.06559	0.00000000311390	21	21
0.06565	0.00000000298056	21	21
0.06518	0.00000000303245	21	21
0.06609	0.00000000309224	21	21
0.06480	0.00000000295180	21	21
0.06569	0.00000000312082	21	21
0.06593	0.00000000299446	21	21
0.06573	0.00000000305558	21	21
0.06654	0.00000000308025	21	21
0.06710	0.00000000307550	21	21
0.06673	0.00000000307409	21	21
0.06586	0.00000000304205	21	21
0.06638	0.00000000306935	21	21
0.06588	0.00000000306511	21	21
0.06687	0.00000000301193	21	21
0.06627	0.00000000315752	21	21
0.06662	0.00000000299379	21	21
0.06562	0.00000000313260	21	21
0.06578	0.00000000298478	21	21
0.06616	0.00000000307025	21	21
0.06579	0.00000000305989	21	21
0.06581	0.00000000310213	21	21
0.06509	0.00000000293077	21	21
0.06248	0.00000000292082	21	21
0.06585	0.00000000301128	21	21
0.06796	0.00000000312595	21	21
0.06575	0.00000000306240	21	21
0.06679	0.00000000309253	21	21
0.06553	0.00000000305661	21	21
0.06649	0.00000000301255	21	21
0.06619	0.00000000309215	21	21
0.06653	0.00000000308367	21	21
0.06636	0.00000000308271	21	21
0.06568	0.00000000305202	21	21
0.06589	0.00000000301156	21	21
0.06615	0.00000000316147	21	21
0.06652	0.00000000300869	21	21
0.06599	0.00000000313144	21	21
0.06592	0.00000000298252	21	21
0.06427	0.00000000305837	21	21
0.06743	0.00000000303380	21	21
0.06687	0.00000000314467	21	21
0.06646	0.00000000302168	21	21
0.06601	0.00000000314098	21	21
0.06657	0.00000000300111	21	21
0.06613	0.00000000307329	21	21
0.06703	0.00000000306205	21	21
0.06447	0.00000000301483	21	21
0.06511	0.00000000302969	21	21
0.06552	0.00000000295883	21	21
0.06539	0.00000000311940	21	21
0.06423	0.00000000291079	21	21
0.06531	0.00000000309574	21	21
0.06504	0.00000000299605	21	21
0.06462	0.00000000295852	21	21
0.06712	0.00000000309075	21	21
0.06669	0.00000000310366	21	21
0.06689	0.00000000302761	21	21
0.06576	0.00000000315499	21	21
0.06658	0.00000000302498	21	21
0.06621	0.00000000300358	21	21
0.06597	0.00000000314978	21	21
0.06659	0.00000000301616	21	21
0.06523	0.00000000307596	21	21
0.06600	0.00000000299881	21	21
0.06624	0.00000000313808	21	21
0.06658	0.00000000300890	21	21
0.06620	0.00000000314766	21	21
0.06601	0.00000000305570	21	21
0.06542	0.00000000306179	21	21
0.06452	0.00000000295611	21	21
0.06594	0.00000000307663	21	21
0.06791	0.00000000311806	21	21
0.06588	0.00000000299197	21	21
0.06622	0.00000000314966	21	21
0.06622	0.00000000301455	21	21
0.06637	0.00000000308739	21	21
0.06713	0.00000000307643	21	21
0.06536	0.00000000305801	21	21
0.06631	0.00000000306585	21	21
0.06533	0.00000000297223	21	21
0.06590	0.00000000313723	21	21
0.06595	0.00000000300373	21	21
0.06572	0.00000000312187	21	21
0.06583	0.00000000299972	21	21
0.06462	0.00000000301902	21	21
0.06508	0.00000000303191	21	21
0.06628	0.00000000302563	21	21
0.06734	0.00000000311893	21	21
0.06612	0.00000000308537	21	21
0.06665	0.00000000302753	21	21
0.06565	0.00000000314163	21	21
0.06625	0.00000000300412	21	21
0.06592	0.00000000314220	21	21
0.06655	0.00000000301040	21	21
0.06563	0.00000000312982	21	21
0.06624	0.00000000300318	21	21
0.06477	0.00000000305301	21	21
0.06654	0.00000000309606	21	21
0.06518	0.00000000296713	21	21
0.06599	0.00000000312766	21	21
0.06521	0.00000000297907	21	21
0.06614	0.00000000298868	21	21
0.06683	0.00000000316504	21	21
0.06656	0.00000000301672	21	21
0.06681	0.00000000315706	21	21
0.06536	0.00000000297753	21	21
0.06702	0.00000000310348	21	21
0.06597	0.00000000306039	21	21
0.06774	0.00000000307781	21	21
0.06624	0.00000000314114	21	21
0.06633	0.00000000301586	21	21
0.06584	0.00000000314804	21	21
0.06559	0.00000000297579	21	21
0.06468	0.00000000308298	21	21
0.06563	0.00000000297728	21	21
0.06471	0.00000000300157	21	21
0.06471	0.00000000302008	21	21
0.06666	0.00000000303012	21	21
0.06646	0.00000000308413	21	21
0.06580	0.00000000305340	21	21
0.06555	0.00000000305036	21	21
0.06543	0.00000000306013	21	21
0.06601	0.00000000299892	21	21
0.06603	0.00000000313879	21	21
0.06667	0.00000000299540	21	21
0.06623	0.00000000314422	21	21
0.06625	0.00000000301444	21	21
0.06609	0.00000000309205	21	21
0.06626	0.00000000306816	21	21
0.06597	0.00000000299409	21	21
0.06571	0.00000000314057	21	21
0.06475	0.00000000295812	21	21
0.06252	0.00000000299673	21	21
0.06562	0.00000000304457	21	21
0.06765	0.00000000304023	21	21
0.06517	0.00000000311585	21	21
0.06676	0.00000000301768	21	21
0.06607	0.00000000313337	21	21
0.06643	0.00000000301921	21	21
0.06668	0.00000000309952	21	21
0.06645	0.00000000307581	21	21
0.06591	0.00000000299869	21	21
0.06504	0.00000000309396	21	21
0.06546	0.00000000297411	21	21
0.06616	0.00000000308396	21	21
0.06591	0.00000000304068	21	21
0.06476	0.00000000295010	21	21
0.06463	0.00000000310190	21	21
0.06482	0.00000000293310	21	21
0.06694	0.00000000311052	21	21
0.06681	0.00000000309755	21	21
0.06665	0.00000000302722	21	21
0.06612	0.00000000315608	21	21
0.06572	0.00000000300551	21	21
0.06651	0.00000000309414	21	21
0.06623	0.00000000307366	21	21
0.06624	0.00000000298914	21	21
0.06492	0.00000000310495	21	21
0.06594	0.00000000299809	21	21
0.06533	0.00000000306274	21	21
0.06556	0.00000000305934	21	21
0.06624	0.00000000300428	21	21
0.06530	0.00000000311905	21	21
0.06539	0.00000000298402	21	21
0.06407	0.00000000301996	21	21
0.06690	0.00000000316306	21	21
0.06689	0.00000000299526	21	21
0.06622	0.00000000315155	21	21
0.06586	0.00000000299586	21	21
0.06651	0.00000000308670	21	21
0.06566	0.00000000304604	21	21
0.06685	0.00000000308751	21	21
0.06575	0.00000000307090	21	21
0.06693	0.00000000302609	21	21
0.06510	0.00000000310667	21	21
0.06628	0.00000000299964	21	21
0.06549	0.00000000304660	21	21
0.06554	0.00000000303344	21	21
0.06513	0.00000000307903	21	21
0.06190	0.00000000292495	21	21
0.06610	0.00000000306722	21	21
0.06716	0.00000000303515	21	21
0.06666	0.00000000315041	21	21
0.06606	0.00000000306053	21	21
0.06646	0.00000000307201	21	21
0.06531	0.00000000296980	21	21
0.06659	0.00000000314671	21	21
0.06690	0.00000000301598	21	21
0.06659	0.00000000316689	21	21
0.06604	0.00000000300436	21	21
0.06494	0.00000000298923	21	21
0.06566	0.00000000312334	21	21
0.06556	0.00000000299036	21	21
0.06595	0.00000000313036	21	21
0.06590	0.00000000299123	21	21
0.06200	0.00000000295483	21	21
0.06568	0.00000000305766	21	21
0.06693	0.00000000302690	21	21
0.06579	0.00000000307310	21	21
0.06702	0.00000000309963	21	21
0.06707	0.00000000315566	21	21
0.06655	0.00000000300661	21	21
0.06645	0.00000000315555	21	21
0.06537	0.00000000299388	21	21
0.06622	0.00000000309889	21	21
0.06629	0.00000000308492	21	21
0.06673	0.00000000301264	21	21
0.06603	0.00000000314472	21	21
0.06495	0.00000000294030	21	21
0.06298	0.00000000295397	21	21
0.06669	0.00000000309501	21	21
0.06533	0.00000000297370	21	21
0.06617	0.00000000314784	21	21
0.06583	0.00000000299337	21	21
0.06584	0.00000000308082	21	21
0.06507	0.00000000303592	21	21
0.06621	0.00000000301072	21	21
0.06517	0.00000000312286	21	21
0.06488	0.00000000296487	21	21
0.06456	0.00000000302758	21	21
0.06499	0.00000000304484	21	21
0.06649	0.00000000302707	21	21
0.06529	0.00000000311432	21	21
0.06466	0.00000000296557	21	21
0.06414	0.00000000294541	21	21
0.06679	0.00000000303629	21	21
0.06691	0.00000000317792	21	21
0.06664	0.00000000302349	21	21
0.06635	0.00000000308802	21	21
0.06635	0.00000000309116	21	21
0.06665	0.00000000300830	21	21
0.06585	0.00000000316663	21	21
0.06774	0.00000000303969	21	21
0.06587	0.00000000314369	21	21
0.06618	0.00000000300017	21	21
0.06483	0.00000000296135	21	21
0.06583	0.00000000312246	21	21
0.06495	0.00000000294881	21	21
0.06536	0.00000000310935	21	21
0.06446	0.00000000295176	21	21
0.06425	0.00000000293344	21	21
0.06576	0.00000000313522	21	21
0.06745	0.00000000303035	21	21
0.06606	0.00000000314308	21	21
0.06615	0.00000000301675	21	21
0.06672	0.00000000309579	21	21
0.06567	0.00000000307153	21	21
0.06705	0.00000000303964	21	21
0.06733	0.00000000316801	21	21
0.06646	0.00000000307695	21	21
0.06614	0.00000000306806	21	21
0.06572	0.00000000305998	21	21
0.06564	0.00000000305931	21	21
0.06560	0.00000000298991	21	21
0.06509	0.00000000311572	21	21
0.06607	0.00000000299174	21	21
0.06305	0.00000000297902	21	21
0.06592	0.00000000316322	21	21
0.06787	0.00000000305237	21	21
0.06575	0.00000000307561	21	21
0.06704	0.00000000310270	21	21
0.06582	0.00000000299779	21	21
0.06664	0.00000000315656	21	21
0.06689	0.00000000303005	21	21
0.06643	0.00000000314121	21	21
0.06574	0.00000000298631	21	21
0.06621	0.00000000315429	21	21
0.06590	0.00000000299677	21	21
0.06616	0.00000000308543	21	21
0.06537	0.00000000304096	21	21
0.06533	0.00000000298939	21	21
0.06654	0.00000000316488	21	21
0.06422	0.00000000293941	21	21
0.06662	0.00000000316388	21	21
0.06619	0.00000000300925	21	21
0.06671	0.00000000316556	21	21
0.06579	0.00000000299774	21	21
0.06691	0.00000000309609	21	21
0.06598	0.00000000309158	21	21
0.06743	0.00000000304538	21	21
0.06591	0.00000000312827	21	21
0.06556	0.00000000297568	21	21
0.06588	0.00000000309299	21	21
0.06630	0.00000000308331	21	21
0.06596	0.00000000306741	21	21
0.06562	0.00000000306029	21	21
0.06513	0.00000000296351	21	21
0.06469	0.00000000303805	21	21
0.06690	0.00000000310718	21	21
0.06697	0.00000000309199	21	21
0.06693	0.00000000309766	21	21
0.06554	0.00000000298942	21	21
0.06683	0.00000000317484	21	21
0.06656	0.00000000301919	21	21
0.06740	0.00000000314681	21	21
0.06765	0.00000000312829	21	21
0.06636	0.00000000302909	21	21
0.06663	0.00000000318059	21	21
0.06574	0.00000000300348	21	21
0.06753	0.00000000317009	21	21
0.06676	0.00000000309399	21	21
0.06697	0.00000000303900	21	21
0.06531	0.00000000312779	21	21
0.06544	0.00000000300100	21	21
0.06641	0.00000000304320	21	21
0.06777	0.00000000313109	21	21
0.06601	0.00000000305225	21	21
0.06741	0.00000000316019	21	21
0.06699	0.00000000311086	21	21
0.06608	0.00000000300708	21	21
0.06685	0.00000000315027	21	21
0.06674	0.00000000300528	21	21
0.06706	0.00000000315578	21	21
0.06586	0.00000000306140	21	21
0.06638	0.00000000308243	21	21
0.06588	0.00000000305222	21	21
0.06675	0.00000000307444	21	21
0.06543	0.00000000309529	21	21
0.06502	0.00000000295868	21	21
0.06319	0.00000000303576	21	21
0.06653	0.00000000316530	21	21
0.06677	0.00000000302190	21	21
0.06581	0.00000000312896	21	21
0.06554	0.00000000297769	21	21
0.06583	0.00000000299855	21	21
0.06551	0.00000000314321	21	21
0.06638	0.00000000300265	21	21
0.06586	0.00000000313834	21	21
0.06637	0.00000000300128	21	21
0.06599	0.00000000307195	21	21
0.06595	0.00000000306716	21	21
0.06576	0.00000000298399	21	21
0.06585	0.00000000312145	21	21
0.06564	0.00000000299159	21	21
0.06366	0.00000000299864	21	21
0.06365	0.00000000296801	21	21
0.06658	0.00000000302788	21	21
0.06672	0.00000000310870	21	21
0.06684	0.00000000309012	21	21
0.06576	0.00000000299878	21	21
0.06691	0.00000000318070	21	21
0.06614	0.00000000298862	21	21
0.06738	0.00000000314761	21	21
0.06590	0.00000000310878	21	21
0.06628	0.00000000301322	21	21
0.06532	0.00000000305516	21	21
0.06587	0.00000000307130	21	21
0.06621	0.00000000301541	21	21
0.06573	0.00000000312956	21	21
0.06594	0.00000000298986	21	21
0.06439	0.00000000309325	21	21
0.06673	0.00000000318191	21	21
0.06694	0.00000000303142	21	21
0.06699	0.00000000311637	21	21
0.06579	0.00000000306332	21	21
0.06655	0.00000000301318	21	21
0.06602	0.00000000316361	21	21
0.06677	0.00000000300809	21	21
0.06641	0.00000000313214	21	21
0.06624	0.00000000300365	21	21
0.06512	0.00000000309679	21	21
0.06599	0.00000000301041	21	21
0.06569	0.00000000313135	21	21
0.06536	0.00000000296791	21	21
0.06444	0.00000000295301	21	21
0.06439	0.00000000308980	21	21
0.06411	0.00000000294661	21	21
0.06597	0.00000000301339	21	21
0.06793	0.00000000319715	21	21
0.06605	0.00000000300904	21	21
0.06666	0.00000000311740	21	21
0.06555	0.00000000305658	21	21
0.06648	0.00000000301948	21	21
0.06648	0.00000000316907	21	21
0.06647	0.00000000302125	21	21
0.06566	0.00000000312248	21	21
0.06619	0.00000000300187	21	21
0.06510	0.00000000310916	21	21
0.06586	0.00000000301341	21	21
0.06643	0.00000000309270	21	21
0.06577	0.00000000304963	21	21
0.06406	0.00000000294562	21	21
0.06407	0.00000000305130	21	21
0.06690	0.00000000303264	21	21
0.06694	0.00000000310931	21	21
0.06661	0.00000000308866	21	21
0.06621	0.00000000300879	21	21
0.06564	0.00000000314296	21	21
0.06630	0.00000000301778	21	21
0.06482	0.00000000303300	21	21
0.06526	0.00000000302318	21	21
0.06438	0.00000000293063	21	21
0.06497	0.00000000310166	21	21
0.06471	0.00000000303295	21	21
0.06483	0.00000000303201	21	21
0.06538	0.00000000297310	21	21
0.06721	0.00000000305546	21	21
0.06676	0.00000000316626	21	21
0.06638	0.00000000301502	21	21
0.06634	0.00000000317611	21	21
0.06593	0.00000000300320	21	21
0.06652	0.00000000308005	21	21
0.06608	0.00000000305940	21	21
0.06682	0.00000000312839	21	21
0.06528	0.00000000298110	21	21
0.06594	0.00000000313005	21	21
0.06495	0.00000000294117	21	21
0.06556	0.00000000309278	21	21
0.06563	0.00000000298660	21	21
0.06522	0.00000000313203	21	21
0.06592	0.00000000300264	21	21
0.06442	0.00000000295528	21	21
0.06567	0.00000000313779	21	21
0.06763	0.00000000304143	21	21
0.06638	0.00000000315428	21	21
0.06612	0.00000000302048	21	21
0.06664	0.00000000300921	21	21
0.06590	0.00000000312316	21	21
0.06702	0.00000000309328	21	21
0.06623	0.00000000305876	21	21
0.06604	0.00000000301517	21	21
0.06578	0.00000000312183	21	21
0.06579	0.00000000300154	21	21
0.06510	0.00000000297487	21	21
0.06481	0.00000000309123	21	21
0.06497	0.00000000296140	21	21
0.06555	0.00000000311652	21	21
0.06282	0.00000000301143	21	21
0.06608	0.00000000314906	21	21
0.06727	0.00000000305222	21	21
0.06582	0.00000000299807	21	21
0.06666	0.00000000317128	21	21
0.06599	0.00000000299832	21	21
0.06665	0.00000000316813	21	21
0.06635	0.00000000302288	21	21
0.06663	0.00000000310094	21	21
0.06549	0.00000000304767	21	21
0.06556	0.00000000298618	21	21
0.06584	0.00000000312617	21	21
0.06492	0.00000000296596	21	21
0.06655	0.00000000316297	21	21
0.06504	0.00000000297091	21	21
0.06678	0.00000000318446	21	21
0.06706	0.00000000302280	21	21
0.06696	0.00000000317981	21	21
0.06544	0.00000000299424	21	21
0.06695	0.00000000303435	21	21
0.06600	0.00000000315614	21	21
0.06645	0.00000000302143	21	21
0.06611	0.00000000316043	21	21
0.06580	0.00000000299418	21	21
0.06577	0.00000000298111	21	21
0.06515	0.00000000314046	21	21
0.06504	0.00000000294614	21	21
0.06623	0.00000000315423	21	21
0.06623	0.00000000302414	21	21
0.06493	0.00000000298168	21	21
0.06734	0.00000000309823	21	21
0.06668	0.00000000308167	21	21
0.06667	0.00000000301786	21	21
0.06549	0.00000000311746	21	21
0.06644	0.00000000302352	21	21
0.06618	0.00000000313436	21	21
0.06627	0.00000000301120	21	21
0.06694	0.00000000316353	21	21
0.06633	0.00000000297016	21	21
0.06490	0.00000000306668	21	21
0.06520	0.00000000309276	21	21
0.06607	0.00000000301487	21	21
0.06644	0.00000000308239	21	21
0.06547	0.00000000305441	21	21
0.06571	0.00000000299867	21	21
0.06498	0.00000000311800	21	21
0.06588	0.00000000299363	21	21
0.06766	0.00000000317551	21	21
0.06589	0.00000000299499	21	21
0.06627	0.00000000308645	21	21
0.06583	0.00000000307217	21	21
0.06659	0.00000000301444	21	21
0.06649	0.00000000314884	21	21
0.06662	0.00000000301516	21	21
0.06630	0.00000000314223	21	21
0.06507	0.00000000298851	21	21
0.06595	0.00000000314580	21	21
0.06579	0.00000000299355	21	21
0.06644	0.00000000301411	21	21
0.06552	0.00000000312600	21	21
0.06560	0.00000000299227	21	21
0.06411	0.00000000307767	21	21
0.06674	0.00000000301924	21	21
0.06672	0.00000000309816	21	21
0.06631	0.00000000308905	21	21
0.06638	0.00000000301141	21	21
0.06597	0.00000000317129	21	21
0.06684	0.00000000304071	21	21
0.06663	0.00000000314087	21	21
0.06621	0.00000000299489	21	21
0.06537	0.00000000311353	21	21
0.06561	0.00000000298279	21	21
0.06627	0.00000000301781	21	21
0.06566	0.00000000311924	21	21
0.06557	0.00000000300775	21	21
0.06453	0.00000000308211	21	21
0.06528	0.00000000297841	21	21
0.06393	0.00000000308894	21	21
0.06670	0.00000000304953	21	21
0.06687	0.00000000316940	21	21
0.06690	0.00000000302085	21	21
0.06559	0.00000000314028	21	21
0.06697	0.00000000302777	21	21
0.06584	0.00000000315618	21	21
0.06658	0.00000000305472	21	21
0.06509	0.00000000298681	21	21
0.06639	0.00000000315505	21	21
0.06660	0.00000000302502	21	21
0.06574	0.00000000313829	21	21
0.06525	0.00000000295795	21	21
0.06452	0.00000000307445	21	21
0.06635	0.00000000310742	21	21
0.06700	0.00000000309302	21	21
0.06679	0.00000000302992	21	21
0.06589	0.00000000313959	21	21
0.06643	0.00000000300797	21	21
0.06589	0.00000000308464	21	21
0.06688	0.00000000310290	21	21
0.06667	0.00000000302087	21	21
0.06601	0.00000000313097	21	21
0.06589	0.00000000299764	21	21
0.06567	0.00000000312189	21	21
0.06638	0.00000000299956	21	21
0.06576	0.00000000313176	21	21
0.06590	0.00000000299577	21	21
0.06544	0.00000000312256	21	21
0.06499	0.00000000296198	21	21
0.06591	0.00000000299956	21	21
0.06797	0.00000000320130	21	21
0.06574	0.00000000298210	21	21
0.06690	0.00000000318827	21	21
0.06574	0.00000000300851	21	21
0.06652	0.00000000317331	21	21
0.06686	0.00000000303448	21	21
0.06610	0.00000000301977	21	21
0.06551	0.00000000312976	21	21
0.06580	0.00000000301595	21	21
0.06646	0.00000000303047	21	21
0.06628	0.00000000315589	21	21
0.06607	0.00000000300649	21	21
0.06473	0.00000000308200	21	21
0.06616	0.00000000299356	21	21
0.06367	0.00000000311181	21	21
0.06680	0.00000000316945	21	21
0.06675	0.00000000300863	21	21
0.06681	0.00000000316865	21	21
0.06580	0.00000000299893	21	21
0.06644	0.00000000316459	21	21
0.06639	0.00000000299212	21	21
0.06671	0.00000000315357	21	21
0.06652	0.00000000298699	21	21
0.06546	0.00000000311924	21	21
0.06623	0.00000000307835	21	21
0.06530	0.00000000302882	21	21
0.06603	0.00000000306984	21	21
0.06575	0.00000000307002	21	21
0.06508	0.00000000300373	21	21
0.06488	0.00000000303766	21	21
0.06365	0.00000000297884	21	21
0.06696	0.00000000302297	21	21
0.06633	0.00000000315207	21	21
0.06627	0.00000000301720	21	21
0.06593	0.00000000307552	21	21
0.06662	0.00000000308360	21	21
0.06604	0.00000000299383	21	21
0.06709	0.00000000317782	21	21
0.06574	0.00000000298276	21	21
0.06526	0.00000000311223	21	21
0.06585	0.00000000300924	21	21
0.06666	0.00000000318199	21	21
0.06578	0.00000000297947	21	21
0.06631	0.00000000315971	21	21
0.06489	0.00000000295066	21	21
0.06508	0.00000000296398	21	21
0.06565	0.00000000301868	21	21
0.06766	0.00000000305647	21	21
0.06617	0.00000000316754	21	21
0.06618	0.00000000301126	21	21
0.06655	0.00000000309032	21	21
0.06589	0.00000000307222	21	21
0.06701	0.00000000309750	21	21
0.06636	0.00000000307892	21	21
0.06619	0.00000000298910	21	21
0.06545	0.00000000314458	21	21
0.06582	0.00000000301114	21	21
0.06643	0.00000000310208	21	21
0.06596	0.00000000305489	21	21
0.06426	0.00000000294667	21	21
0.06586	0.00000000313460	21	21
0.06361	0.00000000310421	21	21
0.06632	0.00000000314470	21	21
0.06722	0.00000000303716	21	21
0.06621	0.00000000315147	21	21
0.06674	0.00000000304298	21	21
0.06580	0.00000000315235	21	21
0.06713	0.00000000302795	21	21
0.06700	0.00000000315032	21	21
0.06649	0.00000000301805	21	21
0.06552	0.00000000312550	21	21
0.06572	0.00000000298223	21	21
0.06600	0.00000000315413	21	21
0.06679	0.00000000303753	21	21
0.06555	0.00000000298281	21	21
0.06448	0.00000000311552	21	21
0.06465	0.00000000294631	21	21
0.06465	0.00000000301781	21	21
0.06433	0.00000000306437	21	21
0.06633	0.00000000308597	21	21
0.06661	0.00000000309382	21	21
0.06681	0.00000000302047	21	21
0.06652	0.00000000314956	21	21
0.06561	0.00000000300431	21	21
0.06665	0.00000000314641	21	21
0.06599	0.00000000300102	21	21
0.06639	0.00000000317144	21	21
0.06556	0.00000000294760	21	21
0.06619	0.00000000314443	21	21
0.06614	0.00000000300083	21	21
0.06579	0.00000000315326	21	21
0.06507	0.00000000296017	21	21
0.06489	0.00000000311838	21	21
0.06430	0.00000000294070	21	21
0.06448	0.00000000303459	21	21
0.06684	0.00000000310046	21	21
0.06667	0.00000000309234	21	21
0.06696	0.00000000317053	21	21
0.06581	0.00000000300183	21	21
0.06671	0.00000000301851	21	21
0.06611	0.00000000313129	21	21
0.06607	0.00000000305154	21	21
0.06603	0.00000000305674	21	21
0.06621	0.00000000313544	21	21
0.06600	0.00000000302709	21	21
0.06651	0.00000000308531	21	21
0.06583	0.00000000304660	21	21
0.06525	0.00000000304215	21	21
0.06432	0.00000000299696	21	21
0.06471	0.00000000296449	21	21
0.06191	0.00000000290820	21	21
0.06560	0.00000000308085	21	21
0.06694	0.00000000303610	21	21
0.06560	0.00000000313395	21	21
0.06601	0.00000000300704	21	21
0.06637	0.00000000302444	21	21
0.06561	0.00000000313533	21	21
0.06583	0.00000000300087	21	21
0.06489	0.00000000308682	21	21
0.06621	0.00000000300245	21	21
0.06651	0.00000000316618	21	21
0.06445	0.00000000293895	21	21
0.06452	0.00000000301969	21	21
0.06674	0.00000000302514	21	21
0.06675	0.00000000316563	21	21
0.06659	0.00000000301016	21	21
0.06596	0.00000000308317	21	21
0.06609	0.00000000307109	21	21
0.06608	0.00000000300170	21	21
0.06669	0.00000000318264	21	21
0.06599	0.00000000299438	21	21
0.06648	0.00000000314681	21	21
0.06582	0.00000000300213	21	21
0.06555	0.00000000305178	21	21
0.06544	0.00000000305130	21	21
0.06509	0.00000000297537	21	21
0.06569	0.00000000313896	21	21
0.06511	0.00000000297762	21	21
0.06401	0.00000000305226	21	21
0.06409	0.00000000298343	21	21
0.06728	0.00000000309380	21	21
0.06646	0.00000000309329	21	21
0.06666	0.00000000303110	21	21
0.06616	0.00000000314269	21	21
0.06629	0.00000000301560	21	21
0.06668	0.00000000316051	21	21
0.06585	0.00000000306176	21	21
0.06730	0.00000000309402	21	21
0.06591	0.00000000306945	21	21
0.06703	0.00000000307668	21	21
0.06550	0.00000000313174	21	21
0.06664	0.00000000301158	21	21
0.06629	0.00000000315860	21	21
0.06513	0.00000000297083	21	21
0.06512	0.00000000298415	21	21
0.06229	0.00000000292880	21	21
0.06561	0.00000000301097	21	21
0.06772	0.00000000304940	21	21
0.06628	0.00000000316076	21	21
0.06606	0.00000000300884	21	21
0.06639	0.00000000314281	21	21
0.06621	0.00000000298700	21	21
0.06655	0.00000000314093	21	21
0.06526	0.00000000302522	21	21
0.06598	0.00000000304625	21	21
0.06614	0.00000000312815	21	21
0.06600	0.00000000298584	21	21
0.06522	0.00000000310035	21	21
0.06521	0.00000000294576	21	21
0.06418	0.00000000304654	21	21
0.06718	0.00000000304592	21	21
0.06654	0.00000000316947	21	21
0.06630	0.00000000301468	21	21
0.06635	0.00000000315871	21	21
0.06590	0.00000000299617	21	21
0.06595	0.00000000301335	21	21
0.06647	0.00000000315590	21	21
0.06632	0.00000000301910	21	21
0.06578	0.00000000313996	21	21
0.06643	0.00000000302469	21	21
0.06558	0.00000000298748	21	21
0.06575	0.00000000314050	21	21
0.06572	0.00000000299501	21	21
0.06526	0.00000000312495	21	21
0.06444	0.00000000296484	21	21
0.06516	0.00000000298470	21	21
0.06480	0.00000000315626	21	21
0.06693	0.00000000307425	21	21
0.06741	0.00000000305337	21	21
0.06729	0.00000000316934	21	21
0.06668	0.00000000303449	21	21
0.06688	0.00000000318845	21	21
0.06701	0.00000000306108	21	21
0.06690	0.00000000316530	21	21
0.06787	0.00000000306201	21	21
0.06708	0.00000000318249	21	21
0.06652	0.00000000301677	21	21
0.06616	0.00000000301740	21	21
0.06666	0.00000000317933	21	21
0.06653	0.00000000303054	21	21
0.06495	0.00000000309210	21	21
0.06572	0.00000000297879	21	21
0.06481	0.00000000304215	21	21
0.06777	0.00000000313594	21	21
0.06582	0.00000000300181	21	21
0.06679	0.00000000317761	21	21
0.06570	0.00000000300263	21	21
0.06625	0.00000000310094	21	21
0.06655	0.00000000309988	21	21
0.06639	0.00000000308811	21	21
0.06630	0.00000000309161	21	21
0.06508	0.00000000298983	21	21
0.06644	0.00000000316054	21	21
0.06666	0.00000000302282	21	21
0.06614	0.00000000314248	21	21
0.06559	0.00000000300719	21	21
0.06495	0.00000000310811	21	21
0.06430	0.00000000294142	21	21
0.06680	0.00000000302927	21	21
0.06690	0.00000000303559	21	21
0.06683	0.00000000316477	21	21
0.06616	0.00000000300286	21	21
0.06688	0.00000000319853	21	21
0.06647	0.00000000302146	21	21
0.06724	0.00000000318040	21	21
0.06661	0.00000000299846	21	21
0.06573	0.00000000314947	21	21
0.06609	0.00000000302114	21	21
0.06547	0.00000000304989	21	21
0.06605	0.00000000308126	21	21
0.06588	0.00000000299095	21	21
0.06432	0.00000000309270	21	21
0.06490	0.00000000294213	21	21
0.06367	0.00000000297485	21	21
0.06665	0.00000000317644	21	21
0.06655	0.00000000301345	21	21
0.06658	0.00000000302225	21	21
0.06596	0.00000000314268	21	21
0.06690	0.00000000303682	21	21
0.06603	0.00000000315197	21	21
0.06645	0.00000000308871	21	21
0.06555	0.00000000298796	21	21
0.06638	0.00000000314756	21	21
0.06661	0.00000000300301	21	21
0.06602	0.00000000312614	21	21
0.06597	0.00000000312314	21	21
0.06518	0.00000000297010	21	21
0.06622	0.00000000302223	21	21
0.06696	0.00000000302870	21	21
0.06700	0.00000000316476	21	21
0.06596	0.00000000299351	21	21
0.06679	0.00000000316313	21	21
0.06530	0.00000000296725	21	21
0.06717	0.00000000318619	21	21
0.06577	0.00000000295943	21	21
0.06643	0.00000000313952	21	21
0.06597	0.00000000299000	21	21
0.06602	0.00000000311925	21	21
0.06607	0.00000000299332	21	21
0.06519	0.00000000309920	21	21
0.06505	0.00000000295735	21	21
0.06580	0.00000000299990	21	21
0.06784	0.00000000314976	21	21
0.06589	0.00000000308008	21	21
0.06666	0.00000000303399	21	21
0.06603	0.00000000315791	21	21
0.06662	0.00000000303247	21	21
0.06623	0.00000000315859	21	21
0.06618	0.00000000299510	21	21
0.06624	0.00000000299969	21	21
0.06506	0.00000000311484	21	21
0.06503	0.00000000297480	21	21
0.06573	0.00000000314169	21	21
0.06551	0.00000000297501	21	21
0.06503	0.00000000296932	21	21
0.06501	0.00000000314376	21	21
0.06367	0.00000000293483	21	21
0.06685	0.00000000309019	21	21
0.06667	0.00000000307020	21	21
0.06681	0.00000000302498	21	21
0.06605	0.00000000313995	21	21
0.06645	0.00000000301607	21	21
0.06659	0.00000000315780	21	21
0.06675	0.00000000300035	21	21
0.06629	0.00000000314633	21	21
0.06598	0.00000000298853	21	21
0.06602	0.00000000314501	21	21
0.06607	0.00000000299201	21	21
0.06660	0.00000000308152	21	21
0.06535	0.00000000303189	21	21
0.06485	0.00000000296634	21	21
0.06425	0.00000000298616	21	21
0.06677	0.00000000316799	21	21
0.06697	0.00000000304604	21	21
0.06657	0.00000000302034	21	21
0.06604	0.00000000315273	21	21
0.06613	0.00000000300237	21	21
0.06628	0.00000000316263	21	21
0.06570	0.00000000301148	21	21
0.06547	0.00000000305739	21	21
0.06591	0.00000000305854	21	21
0.06507	0.00000000303741	21	21
0.06516	0.00000000304168	21	21
0.06611	0.00000000300653	21	21
0.06500	0.00000000306014	21	21
0.06517	0.00000000305484	21	21
0.06510	0.00000000296811	21	21
0.06262	0.00000000290481	21	21
0.06565	0.00000000299054	21	21
0.06758	0.00000000319144	21	21
0.06652	0.00000000299294	21	21
0.06606	0.00000000313621	21	21
0.06638	0.00000000301707	21	21
0.06597	0.00000000316067	21	21
0.06658	0.00000000300163	21	21
0.06644	0.00000000315447	21	21
0.06558	0.00000000299503	21	21
0.06595	0.00000000299762	21	21
0.06644	0.00000000316242	21	21
0.06626	0.00000000301285	21	21
0.06565	0.00000000314277	21	21
0.06452	0.00000000293726	21	21
0.06491	0.00000000303785	21	21
0.06422	0.00000000300575	21	21
0.06630	0.00000000301196	21	21
0.06756	0.00000000317269	21	21
0.06566	0.00000000299254	21	21
0.06668	0.00000000316164	21	21
0.06583	0.00000000300157	21	21
0.06686	0.00000000316964	21	21
0.06635	0.00000000301266	21	21
0.06664	0.00000000310629	21	21
0.06593	0.00000000306500	21	21
0.06609	0.00000000306608	21	21
0.06441	0.00000000302431	21	21
0.06418	0.00000000294177	21	21
0.06461	0.00000000309945	21	21
0.06533	0.00000000297293	21	21
0.06591	0.00000000300368	21	21
0.06451	0.00000000309980	21	21
0.06654	0.00000000301437	21	21
0.06680	0.00000000315127	21	21
0.06688	0.00000000302699	21	21
0.06616	0.00000000314634	21	21
0.06697	0.00000000302702	21	21
0.06586	0.00000000314576	21	21
0.06785	0.00000000303634	21	21
0.06568	0.00000000313568	21	21
0.06537	0.00000000299091	21	21
0.06581	0.00000000299897	21	21
0.06599	0.00000000313754	21	21
0.06680	0.00000000302212	21	21
0.06600	0.00000000313266	21	21
0.06513	0.00000000297922	21	21
0.06414	0.00000000294905	21	21
0.06662	0.00000000316816	21	21
0.06654	0.00000000300218	21	21
0.06690	0.00000000317381	21	21
0.06587	0.00000000299432	21	21
0.06676	0.00000000304597	21	21
0.06608	0.00000000317392	21	21
0.06649	0.00000000302468	21	21
0.06670	0.00000000316913	21	21
0.06612	0.00000000300600	21	21
0.06579	0.00000000312957	21	21
0.06543	0.00000000298880	21	21
0.06588	0.00000000300173	21	21
0.06450	0.00000000309722	21	21
0.06532	0.00000000296923	21	21
0.06564	0.00000000313094	21	21
0.06458	0.00000000296070	21	21
=============================================================================

============================ Tabulate Statistics ============================
PWR_PKG_ENERGY	INST_RETIRED	TOR_OCCUPANCY	RR_OCCUPANCY	TIPI	L3_MISS	L2_MISS	TIME	
12020.360535	3905145327768	128542258578	128543462639	0.065833	584756767	7408592081	76872.845573	
=============================================================================

============================ TIPI SLAB Statistics ============================

==============================================================================
===== Test PASSED in 0.0 msec =====
