Testing exp: 0.000000

-----
mkdir timedrun fake

Input(case 0): nx=32768, ny=32768, nt=200, leafmaxcol=8
Heat started...
Heat ended...

Heat
 dx =  0.000048
  dy =  0.000048
  dt =  0.000000
  Stability Value for explicit method must be > 0: 0.064855
 Options: granularity = 8
         nx          = 32768
         ny          = 32768
         nt          = 200

============================ Unprocessed Statistics ============================
TIPI	JPI	Uncore1	Uncore2
0.07078	0.00000000769005	30	30
0.06935	0.00000000792400	30	30
0.07164	0.00000000776995	30	30
0.06915	0.00000000793726	30	30
0.06988	0.00000000776015	30	30
0.07022	0.00000000778078	30	30
0.07038	0.00000000776597	30	30
0.06972	0.00000000775233	30	30
0.07084	0.00000000778999	30	30
0.06962	0.00000000775248	30	30
0.07052	0.00000000781363	30	30
0.06926	0.00000000791486	30	30
0.07029	0.00000000767017	30	30
0.06885	0.00000000768999	30	30
0.07064	0.00000000780315	30	30
0.07028	0.00000000775849	30	30
0.06859	0.00000000763411	30	30
0.07031	0.00000000775121	30	30
0.06920	0.00000000764382	30	30
0.07163	0.00000000778777	30	30
0.06904	0.00000000767628	30	30
0.07027	0.00000000776642	30	30
0.06821	0.00000000754174	30	30
0.06896	0.00000000760911	30	30
0.06895	0.00000000761291	30	30
0.06887	0.00000000755049	30	30
0.07147	0.00000000765325	30	30
0.06979	0.00000000754304	30	30
0.06777	0.00000000721390	30	30
0.06658	0.00000000698855	30	30
0.06647	0.00000000723136	30	30
0.06422	0.00000000708403	30	30
0.06691	0.00000000350055	30	30
0.06694	0.00000000350976	30	30
0.06723	0.00000000370053	30	30
0.06680	0.00000000344672	30	30
0.06635	0.00000000367473	30	30
0.06727	0.00000000350760	30	30
0.06555	0.00000000345772	30	30
0.06760	0.00000000371578	30	30
0.06640	0.00000000349142	30	30
0.06737	0.00000000359705	30	30
0.06544	0.00000000354615	30	30
0.06656	0.00000000350247	30	30
0.06623	0.00000000356727	30	30
0.06631	0.00000000357080	30	30
0.06592	0.00000000347320	30	30
0.06495	0.00000000358099	30	30
0.06588	0.00000000357851	30	30
0.06725	0.00000000361942	30	30
0.06632	0.00000000349645	30	30
0.06714	0.00000000350157	30	30
0.06721	0.00000000371667	30	30
0.06719	0.00000000352671	30	30
0.06604	0.00000000348884	30	30
0.06584	0.00000000355785	30	30
0.06639	0.00000000357988	30	30
0.06687	0.00000000352004	30	30
0.06650	0.00000000360932	30	30
0.06619	0.00000000356860	30	30
0.06468	0.00000000342472	30	30
0.06687	0.00000000354528	30	30
0.06720	0.00000000353894	30	30
0.06696	0.00000000368687	30	30
0.06655	0.00000000351872	30	30
0.06646	0.00000000351211	30	30
0.06664	0.00000000367376	30	30
0.06654	0.00000000350968	30	30
0.06747	0.00000000352988	30	30
0.06598	0.00000000365282	30	30
0.06681	0.00000000352300	30	30
0.06553	0.00000000352521	30	30
0.06605	0.00000000357265	30	30
0.06691	0.00000000352101	30	30
0.06639	0.00000000363961	30	30
0.06538	0.00000000346954	30	30
0.06616	0.00000000349273	30	30
0.06638	0.00000000364443	30	30
0.06771	0.00000000354200	30	30
0.06654	0.00000000367493	30	30
0.06710	0.00000000352733	30	30
0.06614	0.00000000357870	30	30
0.06700	0.00000000361061	30	30
0.06720	0.00000000353341	30	30
0.06738	0.00000000354886	30	30
0.06631	0.00000000368265	30	30
0.06667	0.00000000352380	30	30
0.06586	0.00000000350590	30	30
0.06690	0.00000000371511	30	30
0.06694	0.00000000351074	30	30
0.06681	0.00000000351781	30	30
0.06480	0.00000000360553	30	30
0.06741	0.00000000370936	30	30
0.06717	0.00000000353394	30	30
0.06706	0.00000000351897	30	30
0.06612	0.00000000365516	30	30
0.06694	0.00000000354051	30	30
0.06604	0.00000000351059	30	30
0.06694	0.00000000369082	30	30
0.06694	0.00000000352641	30	30
0.06641	0.00000000351915	30	30
0.06660	0.00000000370606	30	30
0.06649	0.00000000351613	30	30
0.06696	0.00000000353774	30	30
0.06652	0.00000000368129	30	30
0.06699	0.00000000352018	30	30
0.06515	0.00000000346253	30	30
0.06526	0.00000000359534	30	30
0.06696	0.00000000363152	30	30
0.06729	0.00000000354085	30	30
0.06697	0.00000000351196	30	30
0.06648	0.00000000366399	30	30
0.06653	0.00000000349627	30	30
0.06685	0.00000000368930	30	30
0.06706	0.00000000352487	30	30
0.06650	0.00000000351495	30	30
0.06601	0.00000000366596	30	30
0.06676	0.00000000353438	30	30
0.06634	0.00000000349533	30	30
0.06614	0.00000000365567	30	30
0.06631	0.00000000352115	30	30
0.06615	0.00000000348660	30	30
0.06471	0.00000000358508	30	30
0.06684	0.00000000369682	30	30
0.06717	0.00000000352751	30	30
0.06700	0.00000000360568	30	30
0.06625	0.00000000360101	30	30
0.06722	0.00000000352853	30	30
0.06601	0.00000000363899	30	30
0.06702	0.00000000353521	30	30
0.06664	0.00000000352072	30	30
0.06709	0.00000000371893	30	30
0.06625	0.00000000353656	30	30
0.06591	0.00000000348091	30	30
0.06632	0.00000000359371	30	30
0.06591	0.00000000357877	30	30
0.06521	0.00000000346661	30	30
0.06282	0.00000000344910	30	30
0.06299	0.00000000338093	30	30
0.06728	0.00000000353139	30	30
0.06701	0.00000000353668	30	30
0.06715	0.00000000369907	30	30
0.06614	0.00000000352374	30	30
0.06670	0.00000000350503	30	30
0.06632	0.00000000367443	30	30
0.06650	0.00000000350094	30	30
0.06610	0.00000000351288	30	30
0.06545	0.00000000365471	30	30
0.06636	0.00000000350931	30	30
0.06634	0.00000000351513	30	30
0.06713	0.00000000369415	30	30
0.06672	0.00000000352091	30	30
0.06544	0.00000000348213	30	30
0.06514	0.00000000361999	30	30
0.06688	0.00000000352559	30	30
0.06734	0.00000000369948	30	30
0.06695	0.00000000351895	30	30
0.06608	0.00000000366670	30	30
0.06718	0.00000000352251	30	30
0.06593	0.00000000348555	30	30
0.06706	0.00000000371283	30	30
0.06683	0.00000000353641	30	30
0.06692	0.00000000356189	30	30
0.06509	0.00000000362454	30	30
0.06626	0.00000000350732	30	30
0.06626	0.00000000351003	30	30
0.06648	0.00000000365512	30	30
0.06531	0.00000000345195	30	30
0.06480	0.00000000359062	30	30
0.06503	0.00000000346808	30	30
0.06693	0.00000000352344	30	30
0.06746	0.00000000370405	30	30
0.06713	0.00000000351209	30	30
0.06575	0.00000000348514	30	30
0.06693	0.00000000369237	30	30
0.06635	0.00000000350545	30	30
0.06687	0.00000000360341	30	30
0.06610	0.00000000360933	30	30
0.06711	0.00000000354021	30	30
0.06635	0.00000000359355	30	30
0.06666	0.00000000363472	30	30
0.06621	0.00000000350732	30	30
0.06665	0.00000000361348	30	30
0.06633	0.00000000358869	30	30
0.06456	0.00000000342379	30	30
0.06603	0.00000000351397	30	30
0.06794	0.00000000359101	30	30
0.06673	0.00000000368800	30	30
0.06647	0.00000000351557	30	30
0.06653	0.00000000352538	30	30
0.06670	0.00000000368808	30	30
0.06688	0.00000000351010	30	30
0.06681	0.00000000360313	30	30
0.06679	0.00000000359511	30	30
0.06562	0.00000000348885	30	30
0.06659	0.00000000368633	30	30
0.06542	0.00000000348270	30	30
0.06626	0.00000000367322	30	30
0.06531	0.00000000347778	30	30
0.06503	0.00000000346049	30	30
0.06498	0.00000000346280	30	30
0.06732	0.00000000360792	30	30
0.06694	0.00000000363354	30	30
0.06737	0.00000000353975	30	30
0.06634	0.00000000360874	30	30
0.06684	0.00000000361524	30	30
0.06628	0.00000000349951	30	30
0.06720	0.00000000370839	30	30
0.06619	0.00000000350589	30	30
0.06677	0.00000000355798	30	30
0.06590	0.00000000364950	30	30
0.06547	0.00000000346457	30	30
0.06612	0.00000000351183	30	30
0.06658	0.00000000352935	30	30
0.06522	0.00000000361803	30	30
0.06511	0.00000000345865	30	30
0.06640	0.00000000353388	30	30
0.06670	0.00000000353819	30	30
0.06654	0.00000000354050	30	30
0.06699	0.00000000362509	30	30
0.06713	0.00000000364781	30	30
0.06595	0.00000000349831	30	30
0.06588	0.00000000351462	30	30
0.06640	0.00000000370477	30	30
0.06604	0.00000000350501	30	30
0.06634	0.00000000352185	30	30
0.06523	0.00000000357017	30	30
0.06432	0.00000000351719	30	30
0.06495	0.00000000347313	30	30
0.06443	0.00000000348692	30	30
0.06705	0.00000000370737	30	30
0.06698	0.00000000354498	30	30
0.06699	0.00000000354275	30	30
0.06625	0.00000000368698	30	30
0.06686	0.00000000351246	30	30
0.06577	0.00000000347460	30	30
0.06730	0.00000000369433	30	30
0.06638	0.00000000350480	30	30
0.06719	0.00000000371120	30	30
0.06634	0.00000000350977	30	30
0.06564	0.00000000347817	30	30
0.06559	0.00000000365294	30	30
0.06549	0.00000000348291	30	30
0.06467	0.00000000344115	30	30
0.06440	0.00000000357764	30	30
0.06612	0.00000000366109	30	30
0.06774	0.00000000355417	30	30
0.06612	0.00000000351690	30	30
0.06723	0.00000000370921	30	30
0.06602	0.00000000351211	30	30
0.06689	0.00000000352274	30	30
0.06685	0.00000000371737	30	30
0.06651	0.00000000351538	30	30
0.06580	0.00000000350652	30	30
0.06587	0.00000000367247	30	30
0.06620	0.00000000351220	30	30
0.06683	0.00000000368096	30	30
0.06552	0.00000000346779	30	30
0.06525	0.00000000347923	30	30
0.06541	0.00000000346143	30	30
0.06401	0.00000000355015	30	30
0.06686	0.00000000351792	30	30
0.06715	0.00000000354460	30	30
0.06672	0.00000000365940	30	30
0.06652	0.00000000351686	30	30
0.06682	0.00000000369420	30	30
0.06656	0.00000000352429	30	30
0.06770	0.00000000354869	30	30
0.06598	0.00000000368469	30	30
0.06567	0.00000000349455	30	30
0.06625	0.00000000353363	30	30
0.06581	0.00000000357873	30	30
0.06589	0.00000000359178	30	30
0.06574	0.00000000348487	30	30
0.06534	0.00000000346702	30	30
0.06478	0.00000000362573	30	30
0.06590	0.00000000366891	30	30
0.06717	0.00000000372196	30	30
0.06613	0.00000000351629	30	30
0.06711	0.00000000353754	30	30
0.06725	0.00000000371701	30	30
0.06720	0.00000000354025	30	30
0.06608	0.00000000368653	30	30
0.06646	0.00000000355577	30	30
0.06666	0.00000000351043	30	30
0.06637	0.00000000351957	30	30
0.06670	0.00000000369772	30	30
0.06641	0.00000000351929	30	30
0.06538	0.00000000347319	30	30
0.06435	0.00000000359603	30	30
0.06429	0.00000000347944	30	30
0.06734	0.00000000355336	30	30
0.06691	0.00000000373271	30	30
0.06699	0.00000000353639	30	30
0.06632	0.00000000351515	30	30
0.06638	0.00000000357999	30	30
0.06671	0.00000000360300	30	30
0.06601	0.00000000349073	30	30
0.06709	0.00000000362390	30	30
0.06583	0.00000000356724	30	30
0.06601	0.00000000350156	30	30
0.06682	0.00000000360398	30	30
0.06646	0.00000000360446	30	30
0.06583	0.00000000346884	30	30
0.06621	0.00000000365582	30	30
0.06507	0.00000000345220	30	30
0.06228	0.00000000338736	30	30
0.06628	0.00000000350037	30	30
0.06785	0.00000000371970	30	30
0.06632	0.00000000349070	30	30
0.06702	0.00000000371261	30	30
0.06633	0.00000000351988	30	30
0.06714	0.00000000354840	30	30
0.06680	0.00000000372395	30	30
0.06691	0.00000000354089	30	30
0.06566	0.00000000350291	30	30
0.06716	0.00000000371094	30	30
0.06651	0.00000000352844	30	30
0.06628	0.00000000355518	30	30
0.06611	0.00000000358063	30	30
0.06548	0.00000000347315	30	30
0.06502	0.00000000361366	30	30
0.06738	0.00000000368843	30	30
0.06718	0.00000000349145	30	30
0.06699	0.00000000368971	30	30
0.06604	0.00000000347715	30	30
0.06690	0.00000000350756	30	30
0.06574	0.00000000364743	30	30
0.06653	0.00000000352862	30	30
0.06715	0.00000000353686	30	30
0.06680	0.00000000368679	30	30
0.06640	0.00000000351942	30	30
0.06638	0.00000000349718	30	30
0.06644	0.00000000366153	30	30
0.06582	0.00000000346532	30	30
0.06592	0.00000000349982	30	30
0.06509	0.00000000361430	30	30
0.06488	0.00000000345354	30	30
0.06666	0.00000000352475	30	30
0.06763	0.00000000356914	30	30
0.06667	0.00000000367861	30	30
0.06670	0.00000000353042	30	30
0.06627	0.00000000351495	30	30
0.06695	0.00000000369069	30	30
0.06703	0.00000000352690	30	30
0.06683	0.00000000354669	30	30
0.06631	0.00000000368638	30	30
0.06594	0.00000000347760	30	30
0.06533	0.00000000348055	30	30
0.06623	0.00000000366832	30	30
0.06497	0.00000000343321	30	30
0.06555	0.00000000348476	30	30
0.06587	0.00000000364043	30	30
0.06693	0.00000000368163	30	30
0.06721	0.00000000352074	30	30
0.06738	0.00000000369743	30	30
0.06620	0.00000000346378	30	30
0.06681	0.00000000353844	30	30
0.06608	0.00000000366195	30	30
0.06715	0.00000000354319	30	30
0.06711	0.00000000362158	30	30
0.06715	0.00000000363375	30	30
0.06640	0.00000000350458	30	30
0.06642	0.00000000360913	30	30
0.06567	0.00000000353735	30	30
0.06470	0.00000000344468	30	30
0.06547	0.00000000348321	30	30
0.06659	0.00000000366134	30	30
0.06441	0.00000000343295	30	30
0.06713	0.00000000352589	30	30
0.06717	0.00000000368619	30	30
0.06699	0.00000000352984	30	30
0.06619	0.00000000351357	30	30
0.06685	0.00000000371225	30	30
0.06632	0.00000000351426	30	30
0.06768	0.00000000357891	30	30
0.06663	0.00000000370702	30	30
0.06671	0.00000000354057	30	30
0.06652	0.00000000360994	30	30
0.06629	0.00000000360084	30	30
0.06687	0.00000000353139	30	30
0.06619	0.00000000348435	30	30
0.06633	0.00000000366677	30	30
0.06471	0.00000000341671	30	30
0.06661	0.00000000361521	30	30
0.06747	0.00000000352956	30	30
0.06712	0.00000000368538	30	30
0.06608	0.00000000349924	30	30
0.06705	0.00000000353143	30	30
0.06589	0.00000000363869	30	30
0.06706	0.00000000354132	30	30
0.06700	0.00000000349905	30	30
0.06638	0.00000000367371	30	30
0.06553	0.00000000347165	30	30
0.06642	0.00000000350219	30	30
0.06614	0.00000000363820	30	30
0.06634	0.00000000348288	30	30
0.06500	0.00000000359798	30	30
0.06533	0.00000000347453	30	30
0.06288	0.00000000340787	30	30
0.06718	0.00000000354473	30	30
0.06656	0.00000000367364	30	30
0.06701	0.00000000354012	30	30
0.06624	0.00000000351960	30	30
0.06724	0.00000000369342	30	30
0.06619	0.00000000350783	30	30
0.06714	0.00000000353509	30	30
0.06617	0.00000000360395	30	30
0.06639	0.00000000360973	30	30
0.06607	0.00000000348228	30	30
0.06618	0.00000000360116	30	30
0.06569	0.00000000355078	30	30
0.06563	0.00000000345548	30	30
0.06620	0.00000000368570	30	30
0.06442	0.00000000342558	30	30
0.06684	0.00000000351897	30	30
0.06759	0.00000000369845	30	30
0.06664	0.00000000352777	30	30
0.06659	0.00000000348748	30	30
0.06705	0.00000000368562	30	30
0.06608	0.00000000348680	30	30
0.06715	0.00000000363204	30	30
0.06706	0.00000000361328	30	30
0.06712	0.00000000353792	30	30
0.06590	0.00000000365223	30	30
0.06676	0.00000000353218	30	30
0.06619	0.00000000349583	30	30
0.06600	0.00000000356771	30	30
0.06444	0.00000000344075	30	30
0.06420	0.00000000360358	30	30
0.06611	0.00000000350818	30	30
0.06730	0.00000000353169	30	30
0.06704	0.00000000370605	30	30
0.06735	0.00000000354846	30	30
0.06609	0.00000000350119	30	30
0.06709	0.00000000371425	30	30
0.06625	0.00000000349842	30	30
0.06766	0.00000000356748	30	30
0.06587	0.00000000365088	30	30
0.06587	0.00000000348376	30	30
0.06565	0.00000000348487	30	30
0.06649	0.00000000370003	30	30
0.06563	0.00000000345214	30	30
0.06563	0.00000000363350	30	30
0.06428	0.00000000342890	30	30
0.06567	0.00000000347128	30	30
0.06613	0.00000000350864	30	30
0.06648	0.00000000353430	30	30
0.06663	0.00000000351686	30	30
0.06709	0.00000000362279	30	30
0.06748	0.00000000363493	30	30
0.06639	0.00000000351478	30	30
0.06714	0.00000000372215	30	30
0.06573	0.00000000349845	30	30
0.06662	0.00000000354953	30	30
0.06735	0.00000000370190	30	30
0.06639	0.00000000349706	30	30
0.06656	0.00000000353494	30	30
0.06571	0.00000000358062	30	30
0.06444	0.00000000352190	30	30
0.06722	0.00000000354044	30	30
0.06675	0.00000000353357	30	30
0.06746	0.00000000372378	30	30
0.06736	0.00000000360285	30	30
0.06666	0.00000000354085	30	30
0.06625	0.00000000361807	30	30
0.06684	0.00000000361990	30	30
0.06628	0.00000000352160	30	30
0.06459	0.00000000358977	30	30
0.06609	0.00000000349529	30	30
0.06649	0.00000000351866	30	30
0.06650	0.00000000362237	30	30
0.06622	0.00000000361019	30	30
0.06566	0.00000000349125	30	30
0.06540	0.00000000362297	30	30
0.06677	0.00000000359620	30	30
0.06754	0.00000000360197	30	30
0.06687	0.00000000351973	30	30
0.06608	0.00000000366794	30	30
0.06719	0.00000000353870	30	30
0.06610	0.00000000347445	30	30
0.06677	0.00000000369239	30	30
0.06682	0.00000000353393	30	30
0.06706	0.00000000353080	30	30
0.06625	0.00000000367397	30	30
0.06668	0.00000000351774	30	30
0.06625	0.00000000349072	30	30
0.06703	0.00000000368559	30	30
0.06559	0.00000000348118	30	30
0.06499	0.00000000358258	30	30
0.06433	0.00000000341407	30	30
0.06747	0.00000000356796	30	30
0.06698	0.00000000354270	30	30
0.06700	0.00000000369674	30	30
0.06625	0.00000000353159	30	30
0.06728	0.00000000354234	30	30
0.06615	0.00000000368463	30	30
0.06773	0.00000000356481	30	30
0.06639	0.00000000351514	30	30
0.06646	0.00000000368583	30	30
0.06642	0.00000000351472	30	30
0.06615	0.00000000350272	30	30
0.06670	0.00000000370221	30	30
0.06615	0.00000000350715	30	30
0.06525	0.00000000347561	30	30
0.06475	0.00000000358748	30	30
0.06650	0.00000000355416	30	30
0.06764	0.00000000354691	30	30
0.06676	0.00000000369439	30	30
0.06658	0.00000000350584	30	30
0.06692	0.00000000353460	30	30
0.06621	0.00000000366731	30	30
0.06686	0.00000000353606	30	30
0.06662	0.00000000353292	30	30
0.06699	0.00000000369772	30	30
0.06634	0.00000000354201	30	30
0.06588	0.00000000348763	30	30
0.06566	0.00000000363773	30	30
0.06633	0.00000000350944	30	30
0.06629	0.00000000349009	30	30
0.06623	0.00000000365693	30	30
0.06337	0.00000000343239	30	30
0.06756	0.00000000354987	30	30
0.06714	0.00000000354794	30	30
0.06704	0.00000000370437	30	30
0.06629	0.00000000349727	30	30
0.06699	0.00000000353013	30	30
0.06616	0.00000000368333	30	30
0.06776	0.00000000355940	30	30
0.06607	0.00000000367973	30	30
0.06661	0.00000000353248	30	30
0.06608	0.00000000350825	30	30
0.06653	0.00000000367850	30	30
0.06650	0.00000000351681	30	30
0.06618	0.00000000365498	30	30
0.06549	0.00000000347807	30	30
0.06554	0.00000000344997	30	30
0.06620	0.00000000367646	30	30
0.06694	0.00000000370768	30	30
0.06652	0.00000000352961	30	30
0.06673	0.00000000352251	30	30
0.06703	0.00000000363394	30	30
0.06696	0.00000000362379	30	30
0.06715	0.00000000355052	30	30
0.06612	0.00000000361127	30	30
0.06662	0.00000000362635	30	30
0.06635	0.00000000351126	30	30
0.06712	0.00000000353676	30	30
0.06536	0.00000000364178	30	30
0.06591	0.00000000348809	30	30
0.06489	0.00000000343857	30	30
0.06401	0.00000000351829	30	30
0.06661	0.00000000361659	30	30
0.06722	0.00000000352460	30	30
0.06673	0.00000000371379	30	30
0.06725	0.00000000354155	30	30
0.06636	0.00000000360322	30	30
0.06717	0.00000000362857	30	30
0.06601	0.00000000352426	30	30
0.06771	0.00000000363411	30	30
0.06604	0.00000000360437	30	30
0.06668	0.00000000352855	30	30
0.06559	0.00000000348553	30	30
0.06675	0.00000000370820	30	30
0.06653	0.00000000349428	30	30
0.06601	0.00000000359626	30	30
0.06526	0.00000000355349	30	30
0.06515	0.00000000347136	30	30
0.06604	0.00000000350184	30	30
0.06783	0.00000000366102	30	30
0.06621	0.00000000359355	30	30
0.06720	0.00000000352259	30	30
0.06626	0.00000000353295	30	30
0.06709	0.00000000370784	30	30
0.06701	0.00000000353394	30	30
0.06637	0.00000000351366	30	30
0.06688	0.00000000370423	30	30
0.06585	0.00000000349499	30	30
0.06593	0.00000000362701	30	30
0.06660	0.00000000351313	30	30
0.06612	0.00000000362398	30	30
0.06532	0.00000000345459	30	30
0.06573	0.00000000354969	30	30
0.06367	0.00000000343706	30	30
0.06706	0.00000000364039	30	30
0.06714	0.00000000355257	30	30
0.06654	0.00000000354058	30	30
0.06648	0.00000000368523	30	30
0.06723	0.00000000355730	30	30
0.06595	0.00000000367081	30	30
0.06735	0.00000000367630	30	30
0.06606	0.00000000355998	30	30
0.06681	0.00000000361199	30	30
0.06514	0.00000000354683	30	30
0.06609	0.00000000352397	30	30
0.06544	0.00000000347179	30	30
0.06509	0.00000000356346	30	30
0.06633	0.00000000360316	30	30
0.06721	0.00000000355122	30	30
0.06641	0.00000000369222	30	30
0.06690	0.00000000352537	30	30
0.06714	0.00000000356080	30	30
0.06703	0.00000000371929	30	30
0.06636	0.00000000350715	30	30
0.06658	0.00000000360922	30	30
0.06668	0.00000000361371	30	30
0.06617	0.00000000350183	30	30
0.06649	0.00000000361618	30	30
0.06534	0.00000000353800	30	30
0.06559	0.00000000349110	30	30
0.06417	0.00000000350657	30	30
0.06428	0.00000000354413	30	30
0.06724	0.00000000353334	30	30
0.06711	0.00000000370670	30	30
0.06704	0.00000000351831	30	30
0.06628	0.00000000359870	30	30
0.06678	0.00000000362805	30	30
0.06653	0.00000000351883	30	30
0.06622	0.00000000368802	30	30
0.06746	0.00000000354883	30	30
0.06585	0.00000000350677	30	30
0.06551	0.00000000365295	30	30
0.06629	0.00000000351263	30	30
0.06655	0.00000000355130	30	30
0.06663	0.00000000370855	30	30
0.06563	0.00000000345361	30	30
0.06604	0.00000000359660	30	30
0.06244	0.00000000343724	30	30
0.06634	0.00000000358865	30	30
0.06771	0.00000000357302	30	30
0.06639	0.00000000368656	30	30
0.06727	0.00000000353416	30	30
0.06636	0.00000000350094	30	30
0.06726	0.00000000371736	30	30
0.06723	0.00000000353192	30	30
0.06694	0.00000000361493	30	30
0.06593	0.00000000361166	30	30
0.06520	0.00000000349670	30	30
0.06610	0.00000000351004	30	30
0.06599	0.00000000366693	30	30
0.06610	0.00000000349410	30	30
0.06612	0.00000000352904	30	30
0.06585	0.00000000357518	30	30
0.06707	0.00000000363773	30	30
0.06716	0.00000000363950	30	30
0.06721	0.00000000356556	30	30
0.06617	0.00000000350518	30	30
0.06684	0.00000000369373	30	30
0.06644	0.00000000352244	30	30
0.06680	0.00000000362264	30	30
0.06667	0.00000000362919	30	30
0.06589	0.00000000350134	30	30
0.06684	0.00000000360904	30	30
0.06566	0.00000000357107	30	30
0.06666	0.00000000349871	30	30
0.06526	0.00000000362055	30	30
0.06323	0.00000000343703	30	30
0.06643	0.00000000359834	30	30
0.06785	0.00000000366468	30	30
0.06614	0.00000000350558	30	30
0.06649	0.00000000359886	30	30
0.06647	0.00000000361750	30	30
0.06708	0.00000000355276	30	30
0.06706	0.00000000363082	30	30
0.06674	0.00000000362594	30	30
0.06609	0.00000000352921	30	30
0.06670	0.00000000363489	30	30
0.06568	0.00000000358205	30	30
0.06647	0.00000000353849	30	30
0.06553	0.00000000348453	30	30
0.06598	0.00000000367746	30	30
0.06518	0.00000000345403	30	30
0.06739	0.00000000363579	30	30
0.06695	0.00000000355364	30	30
0.06725	0.00000000364244	30	30
0.06628	0.00000000357607	30	30
0.06696	0.00000000354688	30	30
0.06624	0.00000000370898	30	30
0.06660	0.00000000353033	30	30
0.06581	0.00000000352029	30	30
0.06509	0.00000000354795	30	30
0.06515	0.00000000357818	30	30
0.06639	0.00000000352590	30	30
0.06601	0.00000000349023	30	30
0.06616	0.00000000367727	30	30
0.06573	0.00000000352226	30	30
0.06469	0.00000000346275	30	30
0.06530	0.00000000364541	30	30
0.06663	0.00000000367284	30	30
0.06754	0.00000000356403	30	30
0.06672	0.00000000352953	30	30
0.06668	0.00000000370680	30	30
0.06639	0.00000000353181	30	30
0.06708	0.00000000363287	30	30
0.06708	0.00000000365500	30	30
0.06723	0.00000000355243	30	30
0.06561	0.00000000349343	30	30
0.06601	0.00000000369139	30	30
0.06551	0.00000000350484	30	30
0.06511	0.00000000346792	30	30
0.06644	0.00000000369878	30	30
0.06640	0.00000000354517	30	30
0.06574	0.00000000352022	30	30
0.06456	0.00000000364843	30	30
0.06441	0.00000000348968	30	30
0.06724	0.00000000354781	30	30
0.06742	0.00000000371447	30	30
0.06710	0.00000000354581	30	30
0.06618	0.00000000351327	30	30
0.06684	0.00000000371527	30	30
0.06615	0.00000000352062	30	30
0.06648	0.00000000371888	30	30
0.06541	0.00000000348128	30	30
0.06657	0.00000000352920	30	30
0.06648	0.00000000370800	30	30
0.06562	0.00000000351774	30	30
0.06643	0.00000000354501	30	30
0.06553	0.00000000347616	30	30
0.06584	0.00000000365668	30	30
0.06490	0.00000000346376	30	30
0.06383	0.00000000361745	30	30
0.06702	0.00000000355722	30	30
0.06743	0.00000000373341	30	30
0.06681	0.00000000353394	30	30
0.06679	0.00000000353428	30	30
0.06665	0.00000000369872	30	30
0.06676	0.00000000354603	30	30
0.06706	0.00000000353917	30	30
0.06684	0.00000000371858	30	30
0.06604	0.00000000354183	30	30
0.06679	0.00000000354445	30	30
0.06609	0.00000000369623	30	30
0.06674	0.00000000353982	30	30
0.06671	0.00000000356791	30	30
0.06553	0.00000000356703	30	30
0.06622	0.00000000363196	30	30
0.06691	0.00000000356301	30	30
0.06736	0.00000000373504	30	30
0.06731	0.00000000355090	30	30
0.06621	0.00000000368842	30	30
0.06711	0.00000000355315	30	30
0.06623	0.00000000355333	30	30
0.06724	0.00000000375630	30	30
0.06682	0.00000000353297	30	30
0.06661	0.00000000352531	30	30
0.06623	0.00000000369146	30	30
0.06656	0.00000000360227	30	30
0.06610	0.00000000359324	30	30
0.06637	0.00000000354477	30	30
0.06564	0.00000000364167	30	30
0.06554	0.00000000347090	30	30
0.06426	0.00000000341953	30	30
0.06729	0.00000000371624	30	30
0.06699	0.00000000355402	30	30
0.06713	0.00000000355665	30	30
0.06639	0.00000000368864	30	30
0.06701	0.00000000355085	30	30
0.06664	0.00000000356644	30	30
0.06782	0.00000000373779	30	30
0.06629	0.00000000352140	30	30
0.06619	0.00000000351915	30	30
0.06629	0.00000000369556	30	30
0.06649	0.00000000353551	30	30
0.06668	0.00000000353627	30	30
0.06576	0.00000000368152	30	30
0.06570	0.00000000351402	30	30
0.06473	0.00000000344352	30	30
0.06668	0.00000000353427	30	30
0.06736	0.00000000357139	30	30
0.06709	0.00000000372964	30	30
0.06597	0.00000000351892	30	30
0.06733	0.00000000367361	30	30
0.06601	0.00000000361158	30	30
0.06738	0.00000000356101	30	30
0.06662	0.00000000371012	30	30
0.06559	0.00000000351966	30	30
0.06577	0.00000000351833	30	30
0.06642	0.00000000362499	30	30
0.06663	0.00000000362953	30	30
0.06654	0.00000000354879	30	30
0.06511	0.00000000348148	30	30
0.06529	0.00000000366187	30	30
0.06240	0.00000000340861	30	30
0.06700	0.00000000355924	30	30
0.06694	0.00000000355048	30	30
0.06728	0.00000000372906	30	30
0.06633	0.00000000353715	30	30
0.06707	0.00000000356018	30	30
0.06628	0.00000000367059	30	30
0.06772	0.00000000357163	30	30
0.06650	0.00000000355131	30	30
0.06630	0.00000000370141	30	30
0.06628	0.00000000355867	30	30
0.06576	0.00000000351613	30	30
0.06657	0.00000000371246	30	30
0.06587	0.00000000350140	30	30
0.06642	0.00000000352358	30	30
0.06116	0.00000000342298	30	30
0.06666	0.00000000353118	30	30
0.06738	0.00000000357487	30	30
0.06704	0.00000000371220	30	30
0.06614	0.00000000354113	30	30
0.06703	0.00000000365067	30	30
0.06613	0.00000000360547	30	30
0.06654	0.00000000353171	30	30
0.06704	0.00000000373236	30	30
0.06661	0.00000000355828	30	30
0.06495	0.00000000347476	30	30
0.06692	0.00000000364638	30	30
0.06612	0.00000000360578	30	30
0.06583	0.00000000349717	30	30
0.06551	0.00000000364403	30	30
0.06577	0.00000000348063	30	30
0.06529	0.00000000364194	30	30
0.06729	0.00000000370957	30	30
0.06718	0.00000000355400	30	30
0.06707	0.00000000363418	30	30
0.06607	0.00000000361792	30	30
0.06698	0.00000000353160	30	30
0.06618	0.00000000370099	30	30
0.06777	0.00000000357705	30	30
0.06642	0.00000000352984	30	30
0.06669	0.00000000371971	30	30
0.06576	0.00000000351866	30	30
0.06620	0.00000000354296	30	30
0.06597	0.00000000351851	30	30
0.06630	0.00000000368510	30	30
0.06612	0.00000000350207	30	30
0.06509	0.00000000364782	30	30
0.06618	0.00000000369809	30	30
0.06772	0.00000000358111	30	30
0.06632	0.00000000361316	30	30
0.06650	0.00000000362116	30	30
0.06590	0.00000000351632	30	30
0.06672	0.00000000357808	30	30
0.06697	0.00000000370212	30	30
0.06687	0.00000000358124	30	30
0.06625	0.00000000361935	30	30
0.06595	0.00000000361852	30	30
0.06639	0.00000000354418	30	30
0.06561	0.00000000351875	30	30
0.06672	0.00000000373427	30	30
0.06563	0.00000000351491	30	30
0.06545	0.00000000349631	30	30
0.06383	0.00000000348404	30	30
0.06689	0.00000000356841	30	30
0.06703	0.00000000356684	30	30
0.06726	0.00000000366895	30	30
0.06635	0.00000000361348	30	30
0.06717	0.00000000356606	30	30
0.06633	0.00000000370191	30	30
0.06798	0.00000000357551	30	30
0.06585	0.00000000354024	30	30
0.06681	0.00000000373565	30	30
0.06604	0.00000000351862	30	30
0.06652	0.00000000354043	30	30
0.06653	0.00000000370494	30	30
0.06602	0.00000000350392	30	30
0.06522	0.00000000350118	30	30
0.06204	0.00000000341406	30	30
0.06582	0.00000000359257	30	30
0.06797	0.00000000359853	30	30
0.06626	0.00000000353067	30	30
0.06728	0.00000000373651	30	30
0.06588	0.00000000352938	30	30
0.06693	0.00000000355908	30	30
0.06716	0.00000000376987	30	30
0.06651	0.00000000356644	30	30
0.06592	0.00000000353381	30	30
0.06627	0.00000000371182	30	30
0.06499	0.00000000348909	30	30
0.06610	0.00000000354083	30	30
0.06578	0.00000000368370	30	30
0.06481	0.00000000348179	30	30
0.06580	0.00000000351764	30	30
0.06406	0.00000000359652	30	30
0.06692	0.00000000373334	30	30
0.06713	0.00000000358887	30	30
0.06729	0.00000000358457	30	30
0.06635	0.00000000370569	30	30
0.06702	0.00000000356437	30	30
0.06631	0.00000000351009	30	30
0.06696	0.00000000359743	30	30
0.06678	0.00000000355148	30	30
0.06662	0.00000000372302	30	30
0.06677	0.00000000357958	30	30
0.06701	0.00000000356436	30	30
0.06669	0.00000000370295	30	30
0.06514	0.00000000351181	30	30
0.06699	0.00000000370022	30	30
0.06721	0.00000000373472	30	30
0.06623	0.00000000354665	30	30
0.06687	0.00000000356214	30	30
0.06625	0.00000000370621	30	30
0.06626	0.00000000353654	30	30
0.06499	0.00000000348335	30	30
0.06534	0.00000000365892	30	30
0.06595	0.00000000351030	30	30
0.06510	0.00000000349770	30	30
0.06462	0.00000000356168	30	30
0.06748	0.00000000366361	30	30
0.06716	0.00000000364442	30	30
0.06695	0.00000000356605	30	30
0.06663	0.00000000368464	30	30
0.06663	0.00000000354345	30	30
0.06660	0.00000000355767	30	30
0.06665	0.00000000373619	30	30
0.06749	0.00000000354659	30	30
0.06633	0.00000000370374	30	30
0.06654	0.00000000354817	30	30
0.06618	0.00000000352487	30	30
0.06535	0.00000000349974	30	30
0.06598	0.00000000368262	30	30
0.06609	0.00000000352565	30	30
0.06475	0.00000000350512	30	30
0.06260	0.00000000350926	30	30
0.06627	0.00000000370312	30	30
0.06711	0.00000000373872	30	30
0.06607	0.00000000354270	30	30
0.06721	0.00000000356382	30	30
0.06655	0.00000000370953	30	30
0.06656	0.00000000353051	30	30
0.06565	0.00000000352792	30	30
0.06600	0.00000000360747	30	30
0.06636	0.00000000363195	30	30
0.06666	0.00000000355901	30	30
0.06615	0.00000000362652	30	30
0.06444	0.00000000354435	30	30
0.06536	0.00000000348928	30	30
0.06437	0.00000000348398	30	30
0.06473	0.00000000362880	30	30
0.06700	0.00000000351741	30	30
0.06734	0.00000000369985	30	30
0.06690	0.00000000353296	30	30
0.06583	0.00000000350914	30	30
0.06700	0.00000000372186	30	30
0.06634	0.00000000356759	30	30
0.06669	0.00000000358221	30	30
0.06669	0.00000000372631	30	30
0.06597	0.00000000354440	30	30
0.06682	0.00000000356940	30	30
0.06646	0.00000000369055	30	30
0.06583	0.00000000353477	30	30
0.06674	0.00000000353896	30	30
0.06471	0.00000000355425	30	30
0.06439	0.00000000353683	30	30
0.06404	0.00000000347248	30	30
0.06657	0.00000000355736	30	30
0.06771	0.00000000358840	30	30
0.06647	0.00000000370224	30	30
0.06716	0.00000000358190	30	30
0.06596	0.00000000353037	30	30
0.06701	0.00000000372749	30	30
0.06712	0.00000000356807	30	30
0.06632	0.00000000360693	30	30
0.06607	0.00000000364382	30	30
0.06590	0.00000000350523	30	30
0.06609	0.00000000369163	30	30
0.06722	0.00000000357868	30	30
0.06548	0.00000000351355	30	30
0.06474	0.00000000363926	30	30
0.06442	0.00000000345323	30	30
0.06754	0.00000000367731	30	30
0.06740	0.00000000357176	30	30
0.06699	0.00000000364406	30	30
0.06629	0.00000000361820	30	30
0.06703	0.00000000356174	30	30
0.06636	0.00000000373179	30	30
0.06694	0.00000000357068	30	30
0.06677	0.00000000356034	30	30
0.06588	0.00000000360561	30	30
0.06646	0.00000000364138	30	30
0.06616	0.00000000355124	30	30
0.06569	0.00000000359341	30	30
0.06515	0.00000000355519	30	30
0.06496	0.00000000348463	30	30
0.06411	0.00000000358215	30	30
0.06421	0.00000000343463	30	30
0.06734	0.00000000355867	30	30
0.06696	0.00000000371775	30	30
0.06685	0.00000000354213	30	30
0.06581	0.00000000360429	30	30
0.06636	0.00000000363049	30	30
0.06674	0.00000000356668	30	30
0.06627	0.00000000362275	30	30
0.06555	0.00000000361310	30	30
0.06599	0.00000000353442	30	30
0.06637	0.00000000354290	30	30
0.06611	0.00000000371815	30	30
0.06628	0.00000000352781	30	30
0.06661	0.00000000362984	30	30
0.06543	0.00000000359231	30	30
0.06524	0.00000000349085	30	30
0.06707	0.00000000363697	30	30
0.06718	0.00000000355981	30	30
0.06729	0.00000000372318	30	30
0.06621	0.00000000351066	30	30
0.06740	0.00000000366130	30	30
0.06607	0.00000000360575	30	30
0.06695	0.00000000355808	30	30
0.06712	0.00000000373428	30	30
0.06717	0.00000000357140	30	30
0.06643	0.00000000358323	30	30
0.06643	0.00000000363299	30	30
0.06666	0.00000000365402	30	30
0.06574	0.00000000353500	30	30
0.06517	0.00000000349059	30	30
0.06450	0.00000000361007	30	30
0.06477	0.00000000345767	30	30
0.06706	0.00000000357914	30	30
0.06718	0.00000000359724	30	30
0.06704	0.00000000372403	30	30
0.06638	0.00000000356029	30	30
0.06673	0.00000000356843	30	30
0.06660	0.00000000364832	30	30
0.06728	0.00000000369271	30	30
0.06703	0.00000000356426	30	30
0.06606	0.00000000363798	30	30
0.06660	0.00000000367154	30	30
0.06501	0.00000000347833	30	30
0.06461	0.00000000346248	30	30
0.06504	0.00000000363333	30	30
0.06495	0.00000000345464	30	30
0.06400	0.00000000351307	30	30
0.06670	0.00000000354596	30	30
0.06733	0.00000000373519	30	30
0.06710	0.00000000357368	30	30
0.06605	0.00000000351221	30	30
0.06703	0.00000000371274	30	30
0.06630	0.00000000351921	30	30
0.06696	0.00000000361129	30	30
0.06683	0.00000000361296	30	30
0.06617	0.00000000351647	30	30
0.06583	0.00000000367537	30	30
0.06621	0.00000000348767	30	30
0.06565	0.00000000365431	30	30
0.06577	0.00000000353153	30	30
0.06470	0.00000000345721	30	30
0.06544	0.00000000359676	30	30
0.06308	0.00000000344168	30	30
0.06719	0.00000000376178	30	30
0.06711	0.00000000356951	30	30
0.06719	0.00000000357059	30	30
0.06620	0.00000000372278	30	30
0.06665	0.00000000352979	30	30
0.06600	0.00000000353550	30	30
0.06746	0.00000000377029	30	30
0.06640	0.00000000352895	30	30
0.06558	0.00000000352545	30	30
0.06558	0.00000000368766	30	30
0.06611	0.00000000352786	30	30
0.06549	0.00000000351174	30	30
0.06599	0.00000000360876	30	30
0.06572	0.00000000359258	30	30
0.06487	0.00000000348973	30	30
0.06649	0.00000000352390	30	30
0.06774	0.00000000374136	30	30
0.06646	0.00000000354009	30	30
0.06654	0.00000000355910	30	30
0.06688	0.00000000365932	30	30
0.06641	0.00000000363369	30	30
0.06716	0.00000000356737	30	30
0.06720	0.00000000374776	30	30
0.06712	0.00000000360605	30	30
0.06643	0.00000000355293	30	30
0.06686	0.00000000371100	30	30
0.06631	0.00000000352684	30	30
0.06633	0.00000000368685	30	30
0.06571	0.00000000351599	30	30
0.06693	0.00000000354052	30	30
0.06636	0.00000000353913	30	30
0.06709	0.00000000369859	30	30
0.06720	0.00000000356578	30	30
0.06736	0.00000000373577	30	30
0.06603	0.00000000352284	30	30
0.06722	0.00000000371787	30	30
0.06593	0.00000000351062	30	30
0.06574	0.00000000359971	30	30
0.06549	0.00000000351521	30	30
0.06507	0.00000000357739	30	30
0.06481	0.00000000357231	30	30
0.06445	0.00000000347169	30	30
0.06437	0.00000000345453	30	30
0.06174	0.00000000336338	30	30
0.06605	0.00000000360259	30	30
0.06662	0.00000000361347	30	30
0.06586	0.00000000351497	30	30
0.06683	0.00000000362674	30	30
0.06686	0.00000000365324	30	30
0.06654	0.00000000356664	30	30
0.06670	0.00000000367424	30	30
0.06653	0.00000000364182	30	30
0.06681	0.00000000356864	30	30
0.06542	0.00000000353541	30	30
0.06618	0.00000000373547	30	30
0.06606	0.00000000353565	30	30
0.06463	0.00000000347291	30	30
0.06357	0.00000000347413	30	30
0.06687	0.00000000354873	30	30
0.06711	0.00000000373647	30	30
0.06703	0.00000000355143	30	30
0.06610	0.00000000354292	30	30
0.06742	0.00000000374591	30	30
0.06611	0.00000000351700	30	30
0.06704	0.00000000360603	30	30
0.06619	0.00000000355881	30	30
0.06668	0.00000000374918	30	30
0.06658	0.00000000357569	30	30
0.06589	0.00000000353595	30	30
0.06577	0.00000000366572	30	30
0.06104	0.00000000335441	30	30
0.06586	0.00000000350104	30	30
0.06724	0.00000000356175	30	30
0.06605	0.00000000361195	30	30
0.06718	0.00000000364603	30	30
0.06656	0.00000000354966	30	30
0.06685	0.00000000365009	30	30
0.06649	0.00000000362305	30	30
0.06645	0.00000000353752	30	30
0.06718	0.00000000372725	30	30
0.06653	0.00000000352271	30	30
0.06643	0.00000000362235	30	30
0.06536	0.00000000357056	30	30
0.06525	0.00000000350537	30	30
0.06434	0.00000000353643	30	30
0.06456	0.00000000359144	30	30
0.06695	0.00000000354218	30	30
0.06716	0.00000000366426	30	30
0.06696	0.00000000364387	30	30
0.06673	0.00000000352809	30	30
0.06647	0.00000000371063	30	30
0.06703	0.00000000355893	30	30
0.06624	0.00000000353491	30	30
0.06787	0.00000000376633	30	30
0.06621	0.00000000352348	30	30
0.06640	0.00000000362994	30	30
0.06626	0.00000000362280	30	30
0.06575	0.00000000351300	30	30
0.06641	0.00000000355019	30	30
0.06624	0.00000000366870	30	30
0.06512	0.00000000349781	30	30
0.06277	0.00000000339071	30	30
0.06613	0.00000000369986	30	30
0.06629	0.00000000360314	30	30
0.06551	0.00000000356663	30	30
0.06647	0.00000000355708	30	30
0.06622	0.00000000368472	30	30
0.06643	0.00000000353381	30	30
0.06597	0.00000000354678	30	30
0.06654	0.00000000369747	30	30
0.06558	0.00000000349990	30	30
0.06601	0.00000000351297	30	30
0.06580	0.00000000364658	30	30
0.06514	0.00000000347199	30	30
0.06403	0.00000000350958	30	30
0.06729	0.00000000374855	30	30
0.06701	0.00000000355618	30	30
0.06704	0.00000000357273	30	30
0.06644	0.00000000362311	30	30
0.06665	0.00000000363129	30	30
0.06642	0.00000000352820	30	30
0.06627	0.00000000373084	30	30
0.06752	0.00000000360178	30	30
0.06604	0.00000000355255	30	30
0.06652	0.00000000364774	30	30
0.06513	0.00000000356484	30	30
0.06539	0.00000000350299	30	30
0.06516	0.00000000359188	30	30
0.06528	0.00000000357878	30	30
0.06547	0.00000000349236	30	30
0.06408	0.00000000360152	30	30
0.06677	0.00000000370136	30	30
0.06748	0.00000000355246	30	30
0.06610	0.00000000370418	30	30
0.06716	0.00000000357510	30	30
0.06634	0.00000000362311	30	30
0.06749	0.00000000367801	30	30
0.06693	0.00000000355577	30	30
0.06685	0.00000000369509	30	30
0.06607	0.00000000351298	30	30
0.06574	0.00000000351797	30	30
0.06605	0.00000000364044	30	30
0.06637	0.00000000363662	30	30
0.06612	0.00000000353420	30	30
0.06670	0.00000000371660	30	30
0.06547	0.00000000346830	30	30
0.06724	0.00000000364127	30	30
0.06685	0.00000000355035	30	30
0.06717	0.00000000364419	30	30
0.06607	0.00000000356319	30	30
0.06710	0.00000000357739	30	30
0.06571	0.00000000369645	30	30
0.06672	0.00000000355752	30	30
0.06639	0.00000000352208	30	30
0.06652	0.00000000370223	30	30
0.06671	0.00000000356547	30	30
0.06594	0.00000000352952	30	30
0.06499	0.00000000356352	30	30
0.06597	0.00000000359440	30	30
0.06600	0.00000000351280	30	30
0.06512	0.00000000365923	30	30
0.06422	0.00000000345794	30	30
0.06407	0.00000000347260	30	30
0.06635	0.00000000370048	30	30
0.06686	0.00000000355867	30	30
0.06743	0.00000000357751	30	30
0.06694	0.00000000371037	30	30
0.06660	0.00000000354109	30	30
0.06637	0.00000000361499	30	30
0.06692	0.00000000361487	30	30
0.06714	0.00000000356699	30	30
0.06718	0.00000000373680	30	30
0.06639	0.00000000354584	30	30
0.06721	0.00000000359062	30	30
0.06534	0.00000000367346	30	30
0.06570	0.00000000352394	30	30
0.06607	0.00000000355331	30	30
0.06556	0.00000000357541	30	30
0.06569	0.00000000356674	30	30
0.06691	0.00000000353363	30	30
0.06678	0.00000000361808	30	30
0.06672	0.00000000360154	30	30
0.06608	0.00000000359335	30	30
0.06638	0.00000000360877	30	30
0.06624	0.00000000354303	30	30
0.06677	0.00000000361498	30	30
0.06511	0.00000000358935	30	30
0.06578	0.00000000352555	30	30
0.06608	0.00000000369843	30	30
0.06597	0.00000000350430	30	30
0.06614	0.00000000354678	30	30
0.06534	0.00000000358496	30	30
0.06494	0.00000000357883	30	30
0.06601	0.00000000353160	30	30
0.06501	0.00000000346795	30	30
0.06734	0.00000000372162	30	30
0.06699	0.00000000355419	30	30
0.06724	0.00000000357373	30	30
0.06605	0.00000000370862	30	30
0.06680	0.00000000355824	30	30
0.06622	0.00000000352900	30	30
0.06763	0.00000000375820	30	30
0.06623	0.00000000354956	30	30
0.06646	0.00000000353842	30	30
0.06636	0.00000000372934	30	30
0.06655	0.00000000356108	30	30
0.06635	0.00000000362655	30	30
0.06599	0.00000000360864	30	30
0.06615	0.00000000350568	30	30
0.06509	0.00000000353701	30	30
0.06655	0.00000000354114	30	30
0.06746	0.00000000367690	30	30
0.06700	0.00000000364968	30	30
0.06611	0.00000000353133	30	30
0.06691	0.00000000365121	30	30
0.06630	0.00000000362773	30	30
0.06661	0.00000000354186	30	30
0.06587	0.00000000370640	30	30
0.06617	0.00000000353832	30	30
0.06638	0.00000000355062	30	30
0.06672	0.00000000373827	30	30
0.06634	0.00000000355837	30	30
0.06700	0.00000000355301	30	30
0.06676	0.00000000362351	30	30
0.06577	0.00000000359738	30	30
0.06513	0.00000000347309	30	30
0.06689	0.00000000357641	30	30
0.06725	0.00000000364646	30	30
0.06710	0.00000000366590	30	30
0.06612	0.00000000353754	30	30
0.06619	0.00000000354133	30	30
0.06601	0.00000000370934	30	30
0.06674	0.00000000355602	30	30
0.06641	0.00000000355138	30	30
0.06607	0.00000000370088	30	30
0.06589	0.00000000354152	30	30
0.06616	0.00000000351661	30	30
0.06544	0.00000000363796	30	30
0.06559	0.00000000352818	30	30
0.06592	0.00000000349142	30	30
0.06659	0.00000000367492	30	30
0.06662	0.00000000353105	30	30
0.06785	0.00000000375991	30	30
0.06616	0.00000000351973	30	30
0.06622	0.00000000362549	30	30
0.06673	0.00000000366900	30	30
0.06651	0.00000000354299	30	30
0.06551	0.00000000366952	30	30
0.06560	0.00000000352051	30	30
0.06600	0.00000000354154	30	30
0.06524	0.00000000358434	30	30
0.06562	0.00000000357576	30	30
0.06517	0.00000000349312	30	30
0.06444	0.00000000346634	30	30
0.06589	0.00000000368721	30	30
0.06448	0.00000000345408	30	30
0.06338	0.00000000360022	30	30
0.06740	0.00000000359068	30	30
0.06723	0.00000000372835	30	30
0.06713	0.00000000355616	30	30
0.06653	0.00000000368919	30	30
0.06696	0.00000000356760	30	30
0.06590	0.00000000352264	30	30
0.06755	0.00000000374740	30	30
0.06718	0.00000000360887	30	30
0.06593	0.00000000363784	30	30
0.06729	0.00000000365871	30	30
0.06567	0.00000000359685	30	30
0.06621	0.00000000352614	30	30
0.06609	0.00000000353044	30	30
0.06467	0.00000000363003	30	30
0.06422	0.00000000347216	30	30
0.06451	0.00000000354772	30	30
0.06710	0.00000000374731	30	30
0.06756	0.00000000359570	30	30
0.06795	0.00000000364039	30	30
0.06738	0.00000000366188	30	30
0.06594	0.00000000362176	30	30
0.06688	0.00000000355204	30	30
0.06646	0.00000000371996	30	30
0.06715	0.00000000359869	30	30
0.06698	0.00000000359385	30	30
0.06607	0.00000000352936	30	30
0.06647	0.00000000364696	30	30
0.06525	0.00000000356891	30	30
0.06599	0.00000000354493	30	30
0.06500	0.00000000355834	30	30
0.06669	0.00000000355095	30	30
0.06762	0.00000000359048	30	30
0.06711	0.00000000374949	30	30
0.06615	0.00000000350062	30	30
0.06698	0.00000000363833	30	30
0.06617	0.00000000360734	30	30
0.06718	0.00000000357548	30	30
0.06723	0.00000000365214	30	30
0.06705	0.00000000363246	30	30
0.06589	0.00000000354218	30	30
0.06687	0.00000000373199	30	30
0.06608	0.00000000354013	30	30
0.06616	0.00000000353125	30	30
0.06624	0.00000000372772	30	30
0.06619	0.00000000351506	30	30
0.06436	0.00000000358320	30	30
0.06408	0.00000000343388	30	30
0.06613	0.00000000358747	30	30
0.06716	0.00000000364310	30	30
0.06749	0.00000000356696	30	30
0.06690	0.00000000371356	30	30
0.06611	0.00000000353853	30	30
0.06695	0.00000000366893	30	30
0.06596	0.00000000362695	30	30
0.06740	0.00000000359221	30	30
0.06620	0.00000000355125	30	30
0.06653	0.00000000373454	30	30
0.06632	0.00000000353839	30	30
0.06624	0.00000000360883	30	30
0.06688	0.00000000364907	30	30
0.06669	0.00000000352865	30	30
0.06445	0.00000000361553	30	30
0.06412	0.00000000344902	30	30
0.06623	0.00000000354338	30	30
0.06704	0.00000000357949	30	30
0.06661	0.00000000375212	30	30
0.06678	0.00000000357916	30	30
0.06714	0.00000000358082	30	30
0.06714	0.00000000367292	30	30
0.06686	0.00000000364792	30	30
0.06638	0.00000000361725	30	30
0.06637	0.00000000365073	30	30
0.06573	0.00000000353433	30	30
0.06510	0.00000000348859	30	30
0.06429	0.00000000354724	30	30
0.06249	0.00000000338894	30	30
0.06667	0.00000000370354	30	30
0.06708	0.00000000355691	30	30
0.06672	0.00000000365963	30	30
0.06709	0.00000000365654	30	30
0.06593	0.00000000352671	30	30
0.06748	0.00000000367668	30	30
0.06599	0.00000000360282	30	30
0.06751	0.00000000357825	30	30
0.06619	0.00000000371089	30	30
0.06664	0.00000000353965	30	30
0.06578	0.00000000352347	30	30
0.06462	0.00000000361347	30	30
0.06673	0.00000000356131	30	30
0.06646	0.00000000355451	30	30
0.06555	0.00000000358766	30	30
0.06404	0.00000000352279	30	30
0.06638	0.00000000352352	30	30
0.06723	0.00000000358437	30	30
0.06618	0.00000000354038	30	30
0.06674	0.00000000370936	30	30
0.06620	0.00000000353015	30	30
0.06721	0.00000000357595	30	30
0.06618	0.00000000371032	30	30
0.06566	0.00000000352257	30	30
0.06667	0.00000000365027	30	30
0.06672	0.00000000363406	30	30
0.06628	0.00000000353242	30	30
0.06595	0.00000000359322	30	30
0.06612	0.00000000360506	30	30
0.06683	0.00000000357906	30	30
0.06714	0.00000000374503	30	30
0.06701	0.00000000358291	30	30
0.06692	0.00000000354380	30	30
0.06639	0.00000000366090	30	30
0.06690	0.00000000364358	30	30
0.06622	0.00000000354191	30	30
0.06789	0.00000000376469	30	30
0.06586	0.00000000354217	30	30
0.06660	0.00000000356165	30	30
0.06601	0.00000000370480	30	30
0.06658	0.00000000354884	30	30
0.06551	0.00000000358524	30	30
0.06589	0.00000000361071	30	30
0.06252	0.00000000338858	30	30
0.06176	0.00000000354790	30	30
0.06623	0.00000000369123	30	30
0.06703	0.00000000356724	30	30
0.06612	0.00000000361926	30	30
0.06670	0.00000000364909	30	30
0.06686	0.00000000355682	30	30
0.06689	0.00000000373716	30	30
0.06577	0.00000000353174	30	30
0.06647	0.00000000364294	30	30
0.06596	0.00000000362750	30	30
0.06638	0.00000000354311	30	30
0.06576	0.00000000361164	30	30
0.06564	0.00000000357544	30	30
0.06709	0.00000000356953	30	30
0.06679	0.00000000364019	30	30
0.06649	0.00000000363273	30	30
0.06671	0.00000000357652	30	30
0.06640	0.00000000362590	30	30
0.06658	0.00000000364937	30	30
0.06766	0.00000000360483	30	30
0.06615	0.00000000363588	30	30
0.06659	0.00000000364072	30	30
0.06524	0.00000000349701	30	30
0.06640	0.00000000361761	30	30
0.06646	0.00000000364371	30	30
0.06696	0.00000000358484	30	30
0.06437	0.00000000355960	30	30
0.06466	0.00000000355245	30	30
0.06628	0.00000000360941	30	30
0.06793	0.00000000358924	30	30
0.06629	0.00000000363502	30	30
0.06728	0.00000000365241	30	30
0.06621	0.00000000354488	30	30
0.06741	0.00000000376610	30	30
0.06697	0.00000000356186	30	30
0.06640	0.00000000357065	30	30
0.06562	0.00000000368180	30	30
0.06659	0.00000000354639	30	30
0.06570	0.00000000354310	30	30
0.06670	0.00000000363953	30	30
0.06659	0.00000000364169	30	30
0.06460	0.00000000345140	30	30
0.06612	0.00000000370806	30	30
0.06409	0.00000000345006	30	30
0.06427	0.00000000349583	30	30
0.06726	0.00000000366017	30	30
0.06725	0.00000000363147	30	30
0.06719	0.00000000365379	30	30
0.06623	0.00000000362820	30	30
0.06743	0.00000000360225	30	30
0.06702	0.00000000365176	30	30
0.06749	0.00000000369384	30	30
0.06704	0.00000000377192	30	30
0.06686	0.00000000358840	30	30
0.06704	0.00000000359163	30	30
0.06598	0.00000000362105	30	30
0.06682	0.00000000369006	30	30
0.06618	0.00000000353120	30	30
0.06481	0.00000000348499	30	30
0.06673	0.00000000367805	30	30
0.06774	0.00000000360926	30	30
0.06705	0.00000000374302	30	30
0.06759	0.00000000360150	30	30
0.06789	0.00000000361880	30	30
0.06774	0.00000000370588	30	30
0.06682	0.00000000367532	30	30
0.06657	0.00000000357156	30	30
0.06679	0.00000000367905	30	30
0.06703	0.00000000369066	30	30
0.06633	0.00000000356446	30	30
0.06536	0.00000000352846	30	30
0.06425	0.00000000355536	30	30
0.06504	0.00000000358411	30	30
0.06452	0.00000000351028	30	30
0.06725	0.00000000365319	30	30
0.06759	0.00000000368925	30	30
0.06777	0.00000000361288	30	30
0.06727	0.00000000367851	30	30
0.06656	0.00000000367639	30	30
0.06690	0.00000000358791	30	30
0.06623	0.00000000363678	30	30
0.06735	0.00000000366422	30	30
0.06643	0.00000000356653	30	30
0.06676	0.00000000366856	30	30
0.06557	0.00000000361648	30	30
0.06660	0.00000000353992	30	30
0.06591	0.00000000369318	30	30
0.06621	0.00000000354370	30	30
0.06601	0.00000000362049	30	30
0.06453	0.00000000354668	30	30
0.06591	0.00000000362264	30	30
0.06784	0.00000000359885	30	30
0.06657	0.00000000355527	30	30
0.06668	0.00000000372604	30	30
0.06675	0.00000000357551	30	30
0.06609	0.00000000362127	30	30
0.06683	0.00000000364116	30	30
0.06639	0.00000000354048	30	30
0.06671	0.00000000371179	30	30
0.06661	0.00000000357128	30	30
0.06677	0.00000000357724	30	30
0.06627	0.00000000372075	30	30
0.06644	0.00000000355009	30	30
0.06547	0.00000000351035	30	30
0.06500	0.00000000357559	30	30
0.06636	0.00000000364355	30	30
0.06716	0.00000000364802	30	30
0.06709	0.00000000366665	30	30
0.06703	0.00000000366840	30	30
0.06625	0.00000000356019	30	30
0.06733	0.00000000375556	30	30
0.06615	0.00000000354711	30	30
0.06735	0.00000000360392	30	30
0.06610	0.00000000362694	30	30
0.06670	0.00000000361662	30	30
0.06672	0.00000000358228	30	30
0.06642	0.00000000369042	30	30
0.06509	0.00000000349024	30	30
0.06510	0.00000000352114	30	30
0.06626	0.00000000359449	30	30
0.06725	0.00000000367028	30	30
0.06614	0.00000000362134	30	30
0.06698	0.00000000359267	30	30
0.06696	0.00000000358219	30	30
0.06702	0.00000000376109	30	30
0.06691	0.00000000359408	30	30
0.06670	0.00000000358217	30	30
0.06539	0.00000000359747	30	30
0.06599	0.00000000361945	30	30
0.06689	0.00000000356693	30	30
0.06569	0.00000000367038	30	30
0.06567	0.00000000350430	30	30
0.06378	0.00000000358926	30	30
0.06688	0.00000000356953	30	30
0.06719	0.00000000365370	30	30
0.06645	0.00000000363781	30	30
0.06644	0.00000000354569	30	30
0.06670	0.00000000367305	30	30
0.06615	0.00000000363479	30	30
0.06777	0.00000000359913	30	30
0.06554	0.00000000368931	30	30
0.06699	0.00000000358871	30	30
0.06593	0.00000000362037	30	30
0.06603	0.00000000361595	30	30
0.06559	0.00000000351384	30	30
0.06541	0.00000000358846	30	30
0.06493	0.00000000355019	30	30
0.06328	0.00000000346116	30	30
0.06596	0.00000000351754	30	30
0.06687	0.00000000356698	30	30
0.06616	0.00000000355968	30	30
0.06706	0.00000000377038	30	30
0.06692	0.00000000356745	30	30
0.06693	0.00000000361017	30	30
0.06547	0.00000000369648	30	30
0.06711	0.00000000357063	30	30
0.06659	0.00000000359126	30	30
0.06653	0.00000000370759	30	30
0.06633	0.00000000355277	30	30
0.06623	0.00000000371287	30	30
0.06501	0.00000000345708	30	30
0.06734	0.00000000366516	30	30
0.06696	0.00000000358816	30	30
0.06698	0.00000000366779	30	30
0.06643	0.00000000364127	30	30
0.06684	0.00000000357952	30	30
0.06666	0.00000000365179	30	30
0.06622	0.00000000363106	30	30
0.06710	0.00000000359274	30	30
0.06604	0.00000000363472	30	30
0.06648	0.00000000364826	30	30
0.06623	0.00000000354057	30	30
0.06659	0.00000000364396	30	30
0.06661	0.00000000363788	30	30
0.06533	0.00000000350801	30	30
0.06495	0.00000000357068	30	30
0.06239	0.00000000340674	30	30
0.06650	0.00000000353612	30	30
0.06767	0.00000000377544	30	30
0.06596	0.00000000351499	30	30
0.06663	0.00000000353811	30	30
0.06583	0.00000000368847	30	30
0.06685	0.00000000355824	30	30
0.06678	0.00000000365732	30	30
0.06690	0.00000000366475	30	30
0.06596	0.00000000354178	30	30
0.06581	0.00000000359013	30	30
0.06641	0.00000000361786	30	30
0.06609	0.00000000353259	30	30
0.06681	0.00000000371311	30	30
0.06464	0.00000000349096	30	30
0.06503	0.00000000351515	30	30
0.06680	0.00000000358198	30	30
0.06729	0.00000000364979	30	30
0.06725	0.00000000364281	30	30
0.06629	0.00000000354131	30	30
0.06658	0.00000000372756	30	30
0.06592	0.00000000353580	30	30
0.06650	0.00000000354761	30	30
0.06688	0.00000000375483	30	30
0.06585	0.00000000353770	30	30
0.06598	0.00000000355387	30	30
0.06525	0.00000000365425	30	30
0.06527	0.00000000353197	30	30
0.06587	0.00000000351992	30	30
0.06576	0.00000000366534	30	30
0.06496	0.00000000348990	30	30
0.06403	0.00000000342963	30	30
0.06688	0.00000000355998	30	30
0.06782	0.00000000374495	30	30
0.06649	0.00000000356419	30	30
0.06686	0.00000000365766	30	30
0.06630	0.00000000364688	30	30
0.06720	0.00000000358603	30	30
0.06723	0.00000000358449	30	30
0.06626	0.00000000371324	30	30
0.06634	0.00000000356660	30	30
0.06669	0.00000000365203	30	30
0.06614	0.00000000362486	30	30
0.06681	0.00000000353878	30	30
0.06578	0.00000000368563	30	30
0.06613	0.00000000352861	30	30
0.06430	0.00000000351596	30	30
0.06698	0.00000000371602	30	30
0.06689	0.00000000355991	30	30
0.06744	0.00000000367872	30	30
0.06614	0.00000000362790	30	30
0.06709	0.00000000357960	30	30
0.06617	0.00000000363986	30	30
0.06705	0.00000000366048	30	30
0.06681	0.00000000360746	30	30
0.06672	0.00000000373983	30	30
0.06563	0.00000000353722	30	30
0.06545	0.00000000350812	30	30
0.06484	0.00000000366116	30	30
0.06538	0.00000000351889	30	30
0.06552	0.00000000353759	30	30
0.06583	0.00000000353882	30	30
0.06460	0.00000000364082	30	30
0.06701	0.00000000374466	30	30
0.06696	0.00000000362314	30	30
0.06709	0.00000000358678	30	30
0.06623	0.00000000373777	30	30
0.06645	0.00000000356014	30	30
0.06604	0.00000000353890	30	30
0.06629	0.00000000364877	30	30
0.06666	0.00000000367694	30	30
0.06669	0.00000000355820	30	30
0.06648	0.00000000371977	30	30
0.06586	0.00000000356190	30	30
0.06585	0.00000000353722	30	30
0.06598	0.00000000363000	30	30
0.06615	0.00000000363448	30	30
0.06542	0.00000000350565	30	30
0.06698	0.00000000366866	30	30
0.06701	0.00000000358744	30	30
0.06716	0.00000000363924	30	30
0.06604	0.00000000359499	30	30
0.06678	0.00000000357456	30	30
0.06627	0.00000000368323	30	30
0.06615	0.00000000354007	30	30
0.06631	0.00000000356013	30	30
0.06589	0.00000000371302	30	30
0.06622	0.00000000354657	30	30
0.06654	0.00000000358055	30	30
0.06646	0.00000000374814	30	30
0.06543	0.00000000354641	30	30
0.06535	0.00000000349621	30	30
0.06468	0.00000000365035	30	30
0.06351	0.00000000347556	30	30
0.06667	0.00000000356757	30	30
0.06767	0.00000000374210	30	30
0.06676	0.00000000356547	30	30
0.06623	0.00000000356078	30	30
0.06690	0.00000000367546	30	30
0.06614	0.00000000363204	30	30
0.06782	0.00000000361954	30	30
0.06640	0.00000000373072	30	30
0.06543	0.00000000354202	30	30
0.06636	0.00000000358376	30	30
0.06678	0.00000000366003	30	30
0.06671	0.00000000364814	30	30
0.06576	0.00000000352217	30	30
0.06520	0.00000000360685	30	30
0.06409	0.00000000353169	30	30
0.06632	0.00000000353839	30	30
0.06760	0.00000000378798	30	30
0.06697	0.00000000357809	30	30
0.06618	0.00000000355844	30	30
0.06703	0.00000000376443	30	30
0.06628	0.00000000355678	30	30
0.06721	0.00000000362009	30	30
0.06716	0.00000000377174	30	30
0.06721	0.00000000357339	30	30
0.06614	0.00000000358795	30	30
0.06692	0.00000000374039	30	30
0.06596	0.00000000353376	30	30
0.06647	0.00000000356565	30	30
0.06550	0.00000000368452	30	30
0.06408	0.00000000345997	30	30
0.06424	0.00000000347435	30	30
0.06717	0.00000000360867	30	30
0.06704	0.00000000359655	30	30
0.06751	0.00000000377047	30	30
0.06616	0.00000000356858	30	30
0.06717	0.00000000369863	30	30
0.06616	0.00000000365934	30	30
0.06763	0.00000000361190	30	30
0.06658	0.00000000366401	30	30
0.06724	0.00000000369908	30	30
0.06742	0.00000000362747	30	30
0.06689	0.00000000368351	30	30
0.06713	0.00000000369217	30	30
0.06740	0.00000000362124	30	30
0.06696	0.00000000356811	30	30
0.06588	0.00000000372568	30	30
0.06466	0.00000000347094	30	30
0.06581	0.00000000365785	30	30
0.06763	0.00000000369520	30	30
0.06742	0.00000000360902	30	30
0.06625	0.00000000365958	30	30
0.06696	0.00000000368539	30	30
0.06676	0.00000000356696	30	30
0.06778	0.00000000361219	30	30
0.06570	0.00000000374470	30	30
0.06616	0.00000000356039	30	30
0.06550	0.00000000353601	30	30
0.06597	0.00000000371015	30	30
0.06565	0.00000000355489	30	30
0.06483	0.00000000349606	30	30
0.06545	0.00000000360522	30	30
0.06381	0.00000000353207	30	30
0.06718	0.00000000373569	30	30
0.06679	0.00000000356832	30	30
0.06657	0.00000000354534	30	30
0.06656	0.00000000373151	30	30
0.06644	0.00000000357867	30	30
0.06661	0.00000000357672	30	30
0.06721	0.00000000370708	30	30
0.06616	0.00000000364253	30	30
0.06681	0.00000000356965	30	30
0.06623	0.00000000372670	30	30
0.06711	0.00000000357477	30	30
0.06606	0.00000000354740	30	30
0.06604	0.00000000362813	30	30
0.06460	0.00000000358571	30	30
0.06445	0.00000000347766	30	30
0.06663	0.00000000355922	30	30
0.06768	0.00000000374371	30	30
0.06604	0.00000000355727	30	30
0.06729	0.00000000359169	30	30
0.06585	0.00000000371956	30	30
0.06667	0.00000000356586	30	30
0.06683	0.00000000374042	30	30
0.06667	0.00000000357354	30	30
0.06583	0.00000000354475	30	30
0.06621	0.00000000365406	30	30
0.06625	0.00000000365843	30	30
0.06664	0.00000000364030	30	30
0.06522	0.00000000359128	30	30
0.06423	0.00000000348178	30	30
0.06504	0.00000000351747	30	30
0.06724	0.00000000366533	30	30
0.06681	0.00000000365167	30	30
0.06735	0.00000000359641	30	30
0.06638	0.00000000365184	30	30
0.06703	0.00000000366792	30	30
0.06635	0.00000000356232	30	30
0.06672	0.00000000367053	30	30
0.06755	0.00000000368979	30	30
0.06672	0.00000000357614	30	30
0.06701	0.00000000368554	30	30
0.06569	0.00000000360849	30	30
0.06683	0.00000000359218	30	30
0.06696	0.00000000374376	30	30
0.06656	0.00000000360075	30	30
0.06582	0.00000000350573	30	30
0.06344	0.00000000347975	30	30
0.06680	0.00000000376771	30	30
0.06765	0.00000000362419	30	30
0.06648	0.00000000356464	30	30
0.06625	0.00000000364319	30	30
0.06654	0.00000000364886	30	30
0.06704	0.00000000355164	30	30
0.06653	0.00000000373118	30	30
0.06667	0.00000000358705	30	30
0.06654	0.00000000365717	30	30
0.06685	0.00000000366839	30	30
0.06581	0.00000000353515	30	30
0.06540	0.00000000367213	30	30
0.06500	0.00000000350824	30	30
0.06499	0.00000000352961	30	30
0.06369	0.00000000347226	30	30
0.06689	0.00000000359307	30	30
0.06769	0.00000000377972	30	30
0.06718	0.00000000356717	30	30
0.06608	0.00000000362682	30	30
0.06725	0.00000000367867	30	30
0.06620	0.00000000356657	30	30
0.06723	0.00000000369037	30	30
0.06737	0.00000000368352	30	30
0.06697	0.00000000358983	30	30
0.06643	0.00000000367706	30	30
0.06570	0.00000000362286	30	30
0.06589	0.00000000354226	30	30
0.06571	0.00000000370745	30	30
0.06523	0.00000000350283	30	30
0.06615	0.00000000353249	30	30
0.06314	0.00000000355848	30	30
0.06710	0.00000000361233	30	30
0.06728	0.00000000370652	30	30
0.06620	0.00000000363837	30	30
0.06658	0.00000000358612	30	30
0.06570	0.00000000369277	30	30
0.06640	0.00000000355972	30	30
0.06700	0.00000000359638	30	30
0.06672	0.00000000374744	30	30
0.06600	0.00000000357553	30	30
0.06647	0.00000000362080	30	30
0.06606	0.00000000363110	30	30
0.06656	0.00000000355312	30	30
0.06635	0.00000000365338	30	30
0.06648	0.00000000364431	30	30
0.06603	0.00000000357163	30	30
0.06706	0.00000000355870	30	30
0.06720	0.00000000367443	30	30
0.06687	0.00000000367572	30	30
0.06638	0.00000000355321	30	30
0.06721	0.00000000374260	30	30
0.06625	0.00000000355312	30	30
0.06737	0.00000000360802	30	30
0.06694	0.00000000373790	30	30
0.06685	0.00000000359237	30	30
0.06649	0.00000000357534	30	30
0.06580	0.00000000370437	30	30
0.06581	0.00000000355400	30	30
0.06649	0.00000000357440	30	30
0.06515	0.00000000367286	30	30
0.06421	0.00000000344377	30	30
0.06409	0.00000000346801	30	30
0.06724	0.00000000374687	30	30
0.06707	0.00000000360338	30	30
0.06723	0.00000000359799	30	30
0.06644	0.00000000373538	30	30
0.06653	0.00000000356269	30	30
0.06641	0.00000000356714	30	30
0.06773	0.00000000377936	30	30
0.06673	0.00000000358428	30	30
0.06633	0.00000000365506	30	30
0.06645	0.00000000365091	30	30
0.06602	0.00000000355931	30	30
0.06703	0.00000000367528	30	30
0.06550	0.00000000361064	30	30
0.06521	0.00000000349437	30	30
0.06085	0.00000000339018	30	30
0.06656	0.00000000364627	30	30
0.06732	0.00000000368030	30	30
0.06708	0.00000000361428	30	30
0.06646	0.00000000363666	30	30
0.06698	0.00000000369528	30	30
0.06626	0.00000000355977	30	30
0.06692	0.00000000366392	30	30
0.06711	0.00000000368482	30	30
0.06684	0.00000000356853	30	30
0.06631	0.00000000366704	30	30
0.06541	0.00000000361681	30	30
0.06562	0.00000000349634	30	30
0.06667	0.00000000370509	30	30
0.06582	0.00000000352288	30	30
0.06548	0.00000000367782	30	30
0.06396	0.00000000350403	30	30
0.06708	0.00000000366954	30	30
0.06723	0.00000000359662	30	30
0.06730	0.00000000366401	30	30
0.06590	0.00000000363642	30	30
0.06730	0.00000000359209	30	30
0.06608	0.00000000370869	30	30
0.06796	0.00000000364568	30	30
0.06629	0.00000000357812	30	30
0.06631	0.00000000373459	30	30
0.06622	0.00000000357516	30	30
0.06518	0.00000000351695	30	30
0.06572	0.00000000362249	30	30
0.06628	0.00000000364217	30	30
0.06532	0.00000000349786	30	30
0.06461	0.00000000357232	30	30
0.06577	0.00000000361620	30	30
0.06741	0.00000000369147	30	30
0.06575	0.00000000354180	30	30
0.06638	0.00000000373445	30	30
0.06666	0.00000000356013	30	30
0.06721	0.00000000373583	30	30
0.06656	0.00000000354754	30	30
0.06696	0.00000000366589	30	30
0.06589	0.00000000363565	30	30
0.06651	0.00000000357228	30	30
0.06702	0.00000000358440	30	30
0.06602	0.00000000370666	30	30
0.06614	0.00000000354796	30	30
0.06578	0.00000000354171	30	30
0.06515	0.00000000367340	30	30
0.06365	0.00000000349872	30	30
0.06693	0.00000000357277	30	30
0.06705	0.00000000358692	30	30
0.06728	0.00000000375681	30	30
0.06629	0.00000000357385	30	30
0.06708	0.00000000368054	30	30
0.06602	0.00000000365467	30	30
0.06775	0.00000000362081	30	30
0.06549	0.00000000361682	30	30
0.06687	0.00000000369832	30	30
0.06620	0.00000000356116	30	30
0.06543	0.00000000362848	30	30
0.06657	0.00000000366708	30	30
0.06639	0.00000000356984	30	30
0.06516	0.00000000358949	30	30
0.06275	0.00000000343942	30	30
0.06605	0.00000000362778	30	30
0.06707	0.00000000376964	30	30
0.06630	0.00000000356646	30	30
0.06691	0.00000000364707	30	30
0.06678	0.00000000367367	30	30
0.06590	0.00000000354222	30	30
0.06628	0.00000000365492	30	30
0.06637	0.00000000366043	30	30
0.06631	0.00000000355081	30	30
0.06534	0.00000000368676	30	30
0.06579	0.00000000355157	30	30
0.06559	0.00000000355757	30	30
0.06553	0.00000000359660	30	30
0.06669	0.00000000364498	30	30
0.06700	0.00000000366644	30	30
0.06690	0.00000000359745	30	30
0.06670	0.00000000373091	30	30
0.06619	0.00000000357562	30	30
0.06719	0.00000000368709	30	30
0.06611	0.00000000364050	30	30
0.06735	0.00000000360502	30	30
0.06582	0.00000000363762	30	30
0.06647	0.00000000363674	30	30
0.06587	0.00000000355334	30	30
0.06590	0.00000000363484	30	30
0.06568	0.00000000360920	30	30
0.06504	0.00000000352604	30	30
0.06613	0.00000000371092	30	30
0.06237	0.00000000345105	30	30
0.06631	0.00000000355166	30	30
0.06707	0.00000000358730	30	30
0.06554	0.00000000353713	30	30
0.06710	0.00000000375826	30	30
0.06684	0.00000000359926	30	30
0.06680	0.00000000359738	30	30
0.06580	0.00000000371132	30	30
0.06648	0.00000000358996	30	30
0.06553	0.00000000358907	30	30
0.06538	0.00000000361793	30	30
0.06657	0.00000000359937	30	30
0.06563	0.00000000353758	30	30
0.06453	0.00000000362722	30	30
0.06709	0.00000000360228	30	30
0.06701	0.00000000377528	30	30
0.06725	0.00000000359599	30	30
0.06653	0.00000000357821	30	30
0.06629	0.00000000375017	30	30
0.06682	0.00000000359282	30	30
0.06627	0.00000000356120	30	30
0.06673	0.00000000361056	30	30
0.06595	0.00000000373375	30	30
0.06653	0.00000000358331	30	30
0.06672	0.00000000358474	30	30
0.06519	0.00000000368959	30	30
0.06625	0.00000000356572	30	30
0.06712	0.00000000359542	30	30
0.06638	0.00000000374873	30	30
0.06705	0.00000000359057	30	30
0.06694	0.00000000361044	30	30
0.06696	0.00000000378322	30	30
0.06548	0.00000000353365	30	30
0.06626	0.00000000357883	30	30
0.06602	0.00000000374498	30	30
0.06674	0.00000000358063	30	30
0.06653	0.00000000356979	30	30
0.06601	0.00000000370877	30	30
0.06469	0.00000000347649	30	30
0.06506	0.00000000352988	30	30
0.06413	0.00000000361073	30	30
0.06696	0.00000000366914	30	30
0.06709	0.00000000361111	30	30
0.06715	0.00000000369779	30	30
0.06651	0.00000000365879	30	30
0.06648	0.00000000356991	30	30
0.06672	0.00000000375688	30	30
0.06642	0.00000000358422	30	30
0.06715	0.00000000362238	30	30
0.06608	0.00000000372496	30	30
0.06624	0.00000000354870	30	30
0.06507	0.00000000354411	30	30
0.06552	0.00000000371407	30	30
0.06479	0.00000000348606	30	30
0.06550	0.00000000354687	30	30
0.06481	0.00000000368203	30	30
0.06434	0.00000000350453	30	30
0.06609	0.00000000365607	30	30
0.06725	0.00000000369972	30	30
0.06615	0.00000000364476	30	30
0.06705	0.00000000359183	30	30
0.06720	0.00000000369530	30	30
0.06669	0.00000000366396	30	30
0.06585	0.00000000354617	30	30
0.06502	0.00000000362348	30	30
0.06626	0.00000000364117	30	30
0.06629	0.00000000356314	30	30
0.06686	0.00000000367004	30	30
0.06532	0.00000000358205	30	30
0.06475	0.00000000352382	30	30
0.06716	0.00000000362757	30	30
0.06710	0.00000000359132	30	30
0.06681	0.00000000374769	30	30
0.06617	0.00000000357285	30	30
0.06688	0.00000000355858	30	30
0.06604	0.00000000370560	30	30
0.06651	0.00000000360777	30	30
0.06549	0.00000000353269	30	30
0.06464	0.00000000366600	30	30
0.06416	0.00000000347907	30	30
0.06602	0.00000000353167	30	30
0.06553	0.00000000369078	30	30
0.06581	0.00000000354309	30	30
0.06662	0.00000000357739	30	30
0.06533	0.00000000371269	30	30
0.06548	0.00000000353990	30	30
0.06638	0.00000000358909	30	30
0.06793	0.00000000363922	30	30
0.06594	0.00000000364869	30	30
0.06702	0.00000000365578	30	30
0.06638	0.00000000356557	30	30
0.06718	0.00000000378248	30	30
0.06679	0.00000000358266	30	30
0.06607	0.00000000356812	30	30
0.06496	0.00000000359383	30	30
0.06630	0.00000000365505	30	30
0.06545	0.00000000350231	30	30
0.06611	0.00000000365127	30	30
0.06482	0.00000000359622	30	30
0.06505	0.00000000350795	30	30
0.06536	0.00000000355286	30	30
0.06731	0.00000000360656	30	30
0.06708	0.00000000375113	30	30
0.06708	0.00000000362233	30	30
0.06622	0.00000000356665	30	30
0.06683	0.00000000369117	30	30
0.06631	0.00000000364884	30	30
0.06657	0.00000000360178	30	30
0.06751	0.00000000369484	30	30
0.06628	0.00000000366919	30	30
0.06665	0.00000000357120	30	30
0.06595	0.00000000365207	30	30
0.06679	0.00000000368896	30	30
0.06610	0.00000000356050	30	30
0.06402	0.00000000354946	30	30
0.06495	0.00000000360229	30	30
0.06325	0.00000000344650	30	30
0.06641	0.00000000356769	30	30
0.06740	0.00000000369848	30	30
0.06582	0.00000000364332	30	30
0.06686	0.00000000360524	30	30
0.06627	0.00000000357524	30	30
0.06699	0.00000000375428	30	30
0.06652	0.00000000358209	30	30
0.06588	0.00000000356304	30	30
0.06556	0.00000000370804	30	30
0.06606	0.00000000355761	30	30
0.06618	0.00000000363808	30	30
0.06668	0.00000000367315	30	30
0.06613	0.00000000356076	30	30
0.06629	0.00000000357187	30	30
0.06407	0.00000000362195	30	30
0.06745	0.00000000378545	30	30
0.06707	0.00000000359052	30	30
0.06718	0.00000000360309	30	30
0.06605	0.00000000365105	30	30
0.06688	0.00000000365441	30	30
0.06632	0.00000000360159	30	30
0.06566	0.00000000363647	30	30
0.06645	0.00000000363734	30	30
0.06563	0.00000000353485	30	30
0.06656	0.00000000376672	30	30
0.06651	0.00000000357531	30	30
0.06610	0.00000000363277	30	30
0.06581	0.00000000363456	30	30
0.06467	0.00000000351840	30	30
0.06461	0.00000000354820	30	30
0.06290	0.00000000347677	30	30
0.06695	0.00000000360719	30	30
0.06737	0.00000000362322	30	30
0.06683	0.00000000377149	30	30
0.06631	0.00000000357665	30	30
0.06661	0.00000000358203	30	30
0.06637	0.00000000373941	30	30
0.06624	0.00000000356171	30	30
0.06633	0.00000000357564	30	30
0.06629	0.00000000374081	30	30
0.06660	0.00000000359430	30	30
0.06635	0.00000000355486	30	30
0.06615	0.00000000372101	30	30
0.06622	0.00000000359902	30	30
0.06610	0.00000000355700	30	30
0.06496	0.00000000365229	30	30
0.06686	0.00000000365657	30	30
0.06738	0.00000000359629	30	30
0.06713	0.00000000376141	30	30
0.06593	0.00000000356099	30	30
0.06750	0.00000000370283	30	30
0.06604	0.00000000364104	30	30
0.06702	0.00000000360722	30	30
0.06714	0.00000000367943	30	30
0.06633	0.00000000365334	30	30
0.06543	0.00000000355882	30	30
0.06651	0.00000000375794	30	30
0.06596	0.00000000357309	30	30
0.06655	0.00000000359104	30	30
0.06531	0.00000000361581	30	30
0.06498	0.00000000360335	30	30
0.06342	0.00000000348309	30	30
0.06709	0.00000000361868	30	30
0.06666	0.00000000360858	30	30
0.06694	0.00000000375297	30	30
0.06630	0.00000000358593	30	30
0.06672	0.00000000360585	30	30
0.06705	0.00000000367040	30	30
0.06702	0.00000000369665	30	30
0.06682	0.00000000358901	30	30
0.06608	0.00000000364902	30	30
0.06589	0.00000000364176	30	30
0.06645	0.00000000364809	30	30
0.06667	0.00000000358418	30	30
0.06607	0.00000000358385	30	30
0.06667	0.00000000378779	30	30
0.06438	0.00000000349960	30	30
0.06763	0.00000000374845	30	30
0.06701	0.00000000371079	30	30
0.06720	0.00000000370668	30	30
0.06676	0.00000000362296	30	30
0.06573	0.00000000356236	30	30
0.06589	0.00000000356533	30	30
0.06613	0.00000000374990	30	30
0.06688	0.00000000361076	30	30
0.06739	0.00000000372158	30	30
0.06638	0.00000000366251	30	30
0.06473	0.00000000349182	30	30
0.06633	0.00000000357228	30	30
0.06698	0.00000000368494	30	30
0.06667	0.00000000367425	30	30
0.06653	0.00000000358263	30	30
0.06706	0.00000000361195	30	30
0.06714	0.00000000377386	30	30
0.06699	0.00000000363260	30	30
0.06633	0.00000000358205	30	30
0.06696	0.00000000377296	30	30
0.06609	0.00000000357121	30	30
0.06738	0.00000000361082	30	30
0.06588	0.00000000372385	30	30
0.06568	0.00000000356643	30	30
0.06368	0.00000000358922	30	30
0.06675	0.00000000360751	30	30
0.06700	0.00000000376725	30	30
0.06678	0.00000000359845	30	30
0.06636	0.00000000356914	30	30
0.06716	0.00000000376505	30	30
0.06641	0.00000000358615	30	30
0.06774	0.00000000372677	30	30
0.06595	0.00000000365666	30	30
0.06707	0.00000000361414	30	30
0.06571	0.00000000365529	30	30
0.06567	0.00000000364209	30	30
0.06596	0.00000000355666	30	30
0.06581	0.00000000364479	30	30
0.06493	0.00000000361101	30	30
0.06489	0.00000000351644	30	30
0.06615	0.00000000355703	30	30
0.06709	0.00000000361525	30	30
0.06625	0.00000000365328	30	30
0.06636	0.00000000365204	30	30
0.06642	0.00000000356725	30	30
0.06652	0.00000000367386	30	30
0.06636	0.00000000367005	30	30
0.06660	0.00000000358093	30	30
0.06621	0.00000000364641	30	30
0.06631	0.00000000365146	30	30
0.06494	0.00000000351256	30	30
0.06444	0.00000000358643	30	30
0.06538	0.00000000361226	30	30
0.06425	0.00000000348065	30	30
0.06716	0.00000000362339	30	30
0.06697	0.00000000369810	30	30
0.06701	0.00000000367784	30	30
0.06612	0.00000000357602	30	30
0.06716	0.00000000370381	30	30
0.06586	0.00000000364001	30	30
0.06760	0.00000000362463	30	30
0.06626	0.00000000375467	30	30
0.06630	0.00000000359013	30	30
0.06567	0.00000000353430	30	30
0.06693	0.00000000378322	30	30
0.06656	0.00000000358531	30	30
0.06669	0.00000000358617	30	30
0.06507	0.00000000361027	30	30
0.06471	0.00000000357833	30	30
0.06634	0.00000000358297	30	30
0.06727	0.00000000361469	30	30
0.06635	0.00000000360438	30	30
0.06654	0.00000000366846	30	30
0.06668	0.00000000367022	30	30
0.06710	0.00000000360853	30	30
0.06586	0.00000000364692	30	30
0.06503	0.00000000357303	30	30
0.06537	0.00000000353526	30	30
0.06636	0.00000000374473	30	30
0.06534	0.00000000353164	30	30
0.06546	0.00000000353495	30	30
0.06507	0.00000000361824	30	30
0.06715	0.00000000368768	30	30
0.06704	0.00000000364449	30	30
0.06705	0.00000000368311	30	30
0.06670	0.00000000365297	30	30
0.06633	0.00000000358796	30	30
0.06663	0.00000000366914	30	30
0.06620	0.00000000364721	30	30
0.06686	0.00000000360691	30	30
0.06566	0.00000000372047	30	30
0.06575	0.00000000356355	30	30
0.06626	0.00000000359126	30	30
0.06626	0.00000000365457	30	30
0.06561	0.00000000362228	30	30
0.06633	0.00000000358390	30	30
0.06647	0.00000000367529	30	30
0.06632	0.00000000365420	30	30
0.06618	0.00000000355754	30	30
0.06704	0.00000000359056	30	30
0.06665	0.00000000374837	30	30
0.06696	0.00000000357790	30	30
0.06654	0.00000000359255	30	30
0.06643	0.00000000375496	30	30
0.06590	0.00000000358469	30	30
0.06492	0.00000000351205	30	30
0.06473	0.00000000359661	30	30
0.06625	0.00000000365783	30	30
0.06587	0.00000000356524	30	30
0.06558	0.00000000363156	30	30
0.06523	0.00000000361868	30	30
0.06409	0.00000000347158	30	30
0.06410	0.00000000363352	30	30
0.06729	0.00000000370611	30	30
0.06726	0.00000000362063	30	30
0.06704	0.00000000370477	30	30
0.06630	0.00000000366809	30	30
0.06685	0.00000000359915	30	30
0.06672	0.00000000367788	30	30
0.06614	0.00000000365976	30	30
0.06757	0.00000000362592	30	30
0.06620	0.00000000366836	30	30
0.06680	0.00000000369645	30	30
0.06593	0.00000000357316	30	30
0.06664	0.00000000368389	30	30
0.06684	0.00000000367755	30	30
0.06679	0.00000000360737	30	30
0.06552	0.00000000362681	30	30
0.06408	0.00000000356646	30	30
0.06666	0.00000000376557	30	30
0.06738	0.00000000372351	30	30
0.06638	0.00000000364355	30	30
0.06708	0.00000000367203	30	30
0.06666	0.00000000369084	30	30
0.06673	0.00000000359890	30	30
0.06559	0.00000000363518	30	30
0.06599	0.00000000365347	30	30
0.06613	0.00000000357858	30	30
0.06592	0.00000000365408	30	30
0.06692	0.00000000365607	30	30
0.06619	0.00000000356723	30	30
0.06333	0.00000000353119	30	30
0.06706	0.00000000368789	30	30
0.06725	0.00000000370679	30	30
0.06729	0.00000000361013	30	30
0.06628	0.00000000365764	30	30
0.06706	0.00000000370252	30	30
0.06608	0.00000000359522	30	30
0.06690	0.00000000376491	30	30
0.06735	0.00000000361995	30	30
0.06665	0.00000000360104	30	30
0.06678	0.00000000378494	30	30
0.06554	0.00000000355977	30	30
0.06608	0.00000000359632	30	30
0.06468	0.00000000357910	30	30
0.06477	0.00000000362154	30	30
0.06544	0.00000000355197	30	30
0.06559	0.00000000354947	30	30
0.06654	0.00000000357526	30	30
0.06737	0.00000000372310	30	30
0.06656	0.00000000366161	30	30
0.06711	0.00000000361851	30	30
0.06604	0.00000000374682	30	30
0.06643	0.00000000356242	30	30
0.06633	0.00000000357899	30	30
0.06666	0.00000000376462	30	30
0.06585	0.00000000357809	30	30
0.06625	0.00000000357733	30	30
0.06613	0.00000000374867	30	30
0.06683	0.00000000360635	30	30
0.06607	0.00000000357478	30	30
0.06519	0.00000000359897	30	30
0.06433	0.00000000357025	30	30
0.06732	0.00000000370428	30	30
0.06713	0.00000000361522	30	30
0.06716	0.00000000378588	30	30
0.06624	0.00000000355162	30	30
0.06734	0.00000000364287	30	30
0.06626	0.00000000374697	30	30
0.06696	0.00000000358890	30	30
0.06712	0.00000000371609	30	30
0.06682	0.00000000368168	30	30
0.06650	0.00000000361409	30	30
0.06611	0.00000000359529	30	30
0.06675	0.00000000377000	30	30
0.06622	0.00000000357916	30	30
0.06631	0.00000000360037	30	30
0.06663	0.00000000366879	30	30
0.06777	0.00000000364556	30	30
0.06646	0.00000000358498	30	30
0.06687	0.00000000378301	30	30
0.06629	0.00000000357239	30	30
0.06677	0.00000000359993	30	30
0.06614	0.00000000375307	30	30
0.06728	0.00000000362365	30	30
0.06629	0.00000000359004	30	30
0.06716	0.00000000374017	30	30
0.06576	0.00000000362379	30	30
0.06630	0.00000000364545	30	30
0.06630	0.00000000365523	30	30
0.06541	0.00000000353834	30	30
0.06418	0.00000000349169	30	30
0.06403	0.00000000358060	30	30
0.06424	0.00000000359554	30	30
0.06744	0.00000000361303	30	30
0.06710	0.00000000370012	30	30
0.06731	0.00000000369441	30	30
0.06595	0.00000000356404	30	30
0.06731	0.00000000380608	30	30
0.06611	0.00000000356876	30	30
0.06713	0.00000000370929	30	30
0.06723	0.00000000370052	30	30
0.06685	0.00000000361794	30	30
0.06664	0.00000000370265	30	30
0.06599	0.00000000365419	30	30
0.06610	0.00000000358291	30	30
0.06673	0.00000000360270	30	30
0.06572	0.00000000374227	30	30
0.06447	0.00000000348877	30	30
0.06510	0.00000000351378	30	30
0.06666	0.00000000367871	30	30
0.06723	0.00000000370047	30	30
0.06675	0.00000000358711	30	30
0.06673	0.00000000376593	30	30
0.06662	0.00000000360428	30	30
0.06665	0.00000000358818	30	30
0.06742	0.00000000371157	30	30
0.06679	0.00000000367668	30	30
0.06582	0.00000000357093	30	30
0.06645	0.00000000367597	30	30
0.06639	0.00000000366273	30	30
0.06509	0.00000000352430	30	30
0.06502	0.00000000361562	30	30
0.06640	0.00000000364433	30	30
0.06436	0.00000000349843	30	30
0.06662	0.00000000364381	30	30
0.06721	0.00000000366807	30	30
0.06688	0.00000000360190	30	30
0.06614	0.00000000375872	30	30
0.06721	0.00000000362220	30	30
0.06598	0.00000000369907	30	30
0.06719	0.00000000363254	30	30
0.06683	0.00000000359958	30	30
0.06636	0.00000000368653	30	30
0.06498	0.00000000361148	30	30
0.06650	0.00000000360177	30	30
0.06591	0.00000000374731	30	30
0.06634	0.00000000358627	30	30
0.06536	0.00000000355652	30	30
0.06525	0.00000000362303	30	30
0.06493	0.00000000360300	30	30
0.06730	0.00000000368816	30	30
0.06681	0.00000000361307	30	30
0.06741	0.00000000377544	30	30
0.06628	0.00000000358499	30	30
0.06708	0.00000000370687	30	30
0.06624	0.00000000365781	30	30
0.06675	0.00000000370210	30	30
0.06517	0.00000000354544	30	30
0.06626	0.00000000367529	30	30
0.06585	0.00000000363937	30	30
0.06626	0.00000000359724	30	30
0.06503	0.00000000352184	30	30
0.06495	0.00000000368836	30	30
0.06638	0.00000000374977	30	30
0.06754	0.00000000362528	30	30
0.06696	0.00000000367623	30	30
0.06630	0.00000000365680	30	30
0.06661	0.00000000359893	30	30
0.06625	0.00000000367670	30	30
0.06661	0.00000000368422	30	30
0.06712	0.00000000363648	30	30
0.06650	0.00000000368752	30	30
0.06590	0.00000000365129	30	30
0.06618	0.00000000360046	30	30
0.06587	0.00000000364829	30	30
0.06614	0.00000000364261	30	30
0.06587	0.00000000356160	30	30
0.06424	0.00000000364732	30	30
0.06359	0.00000000352046	30	30
0.06705	0.00000000369367	30	30
0.06740	0.00000000361607	30	30
0.06737	0.00000000378328	30	30
0.06622	0.00000000358029	30	30
0.06713	0.00000000361135	30	30
0.06622	0.00000000373693	30	30
0.06722	0.00000000372338	30	30
0.06577	0.00000000365662	30	30
0.06658	0.00000000360203	30	30
0.06615	0.00000000365036	30	30
0.06647	0.00000000368596	30	30
0.06572	0.00000000354706	30	30
0.06159	0.00000000348797	30	30
0.06619	0.00000000367917	30	30
0.06687	0.00000000376061	30	30
0.06657	0.00000000360429	30	30
0.06650	0.00000000366914	30	30
0.06693	0.00000000363562	30	30
0.06703	0.00000000369435	30	30
0.06683	0.00000000360688	30	30
0.06524	0.00000000371165	30	30
0.06635	0.00000000357469	30	30
0.06520	0.00000000362633	30	30
0.06610	0.00000000365766	30	30
0.06530	0.00000000354094	30	30
0.06427	0.00000000357821	30	30
0.06419	0.00000000356526	30	30
0.06731	0.00000000370969	30	30
0.06693	0.00000000360506	30	30
0.06724	0.00000000370913	30	30
0.06635	0.00000000367437	30	30
0.06727	0.00000000360572	30	30
0.06603	0.00000000367286	30	30
0.06692	0.00000000372725	30	30
0.06631	0.00000000367558	30	30
0.06652	0.00000000359636	30	30
0.06627	0.00000000366094	30	30
0.06631	0.00000000363823	30	30
0.06584	0.00000000357278	30	30
0.06633	0.00000000374677	30	30
0.06609	0.00000000375025	30	30
0.06787	0.00000000363219	30	30
0.06594	0.00000000357634	30	30
0.06698	0.00000000378616	30	30
0.06601	0.00000000357222	30	30
0.06634	0.00000000359336	30	30
0.06609	0.00000000375186	30	30
0.06701	0.00000000359265	30	30
0.06607	0.00000000365916	30	30
0.06636	0.00000000367165	30	30
0.06636	0.00000000358600	30	30
0.06514	0.00000000369602	30	30
0.06512	0.00000000351935	30	30
0.06493	0.00000000354198	30	30
0.06445	0.00000000367028	30	30
0.06738	0.00000000370917	30	30
0.06721	0.00000000367841	30	30
0.06661	0.00000000368280	30	30
0.06660	0.00000000366492	30	30
0.06658	0.00000000358965	30	30
0.06670	0.00000000368640	30	30
0.06622	0.00000000367050	30	30
0.06729	0.00000000362404	30	30
0.06574	0.00000000363011	30	30
0.06681	0.00000000369493	30	30
0.06621	0.00000000357619	30	30
0.06665	0.00000000370513	30	30
0.06628	0.00000000364641	30	30
0.06633	0.00000000358642	30	30
0.06673	0.00000000369697	30	30
0.06564	0.00000000363135	30	30
0.06629	0.00000000356512	30	30
0.06782	0.00000000373528	30	30
0.06634	0.00000000365774	30	30
0.06698	0.00000000360685	30	30
0.06630	0.00000000367991	30	30
0.06698	0.00000000369642	30	30
0.06667	0.00000000361545	30	30
0.06664	0.00000000369327	30	30
0.06644	0.00000000370712	30	30
0.06661	0.00000000358344	30	30
0.06653	0.00000000376429	30	30
0.06638	0.00000000356659	30	30
0.06615	0.00000000365970	30	30
0.06503	0.00000000360068	30	30
0.06374	0.00000000357759	30	30
0.06713	0.00000000362381	30	30
0.06733	0.00000000378158	30	30
0.06703	0.00000000361307	30	30
0.06600	0.00000000365134	30	30
0.06695	0.00000000369555	30	30
0.06660	0.00000000359729	30	30
0.06656	0.00000000367970	30	30
0.06719	0.00000000369726	30	30
0.06637	0.00000000358551	30	30
0.06660	0.00000000370483	30	30
0.06660	0.00000000365065	30	30
0.06508	0.00000000352675	30	30
0.06572	0.00000000364849	30	30
0.06514	0.00000000360234	30	30
0.06661	0.00000000361614	30	30
0.06760	0.00000000380999	30	30
0.06608	0.00000000359249	30	30
0.06676	0.00000000359947	30	30
0.06566	0.00000000365744	30	30
0.06684	0.00000000370634	30	30
0.06665	0.00000000359636	30	30
0.06647	0.00000000376022	30	30
0.06561	0.00000000355318	30	30
0.06616	0.00000000357818	30	30
0.06566	0.00000000366760	30	30
0.06489	0.00000000361444	30	30
0.06527	0.00000000354924	30	30
0.06623	0.00000000367416	30	30
0.06445	0.00000000358798	30	30
0.06731	0.00000000368429	30	30
0.06714	0.00000000367562	30	30
0.06695	0.00000000370366	30	30
0.06616	0.00000000356505	30	30
0.06730	0.00000000380259	30	30
0.06615	0.00000000358565	30	30
0.06708	0.00000000363592	30	30
0.06719	0.00000000370680	30	30
0.06681	0.00000000370586	30	30
0.06683	0.00000000361106	30	30
0.06617	0.00000000364836	30	30
0.06614	0.00000000366963	30	30
0.06670	0.00000000368409	30	30
0.06611	0.00000000363049	30	30
0.06575	0.00000000357552	30	30
0.06501	0.00000000359342	30	30
0.06734	0.00000000371840	30	30
0.06745	0.00000000373703	30	30
0.06709	0.00000000362157	30	30
0.06723	0.00000000378017	30	30
0.06666	0.00000000361713	30	30
0.06720	0.00000000371333	30	30
0.06675	0.00000000370349	30	30
0.06737	0.00000000366012	30	30
0.06584	0.00000000366186	30	30
0.06711	0.00000000372440	30	30
0.06675	0.00000000362612	30	30
0.06755	0.00000000366998	30	30
0.06639	0.00000000369021	30	30
0.06591	0.00000000366030	30	30
0.06591	0.00000000355155	30	30
0.06718	0.00000000364787	30	30
0.06777	0.00000000378114	30	30
0.06765	0.00000000366919	30	30
0.06633	0.00000000359085	30	30
0.06703	0.00000000379151	30	30
0.06588	0.00000000357429	30	30
0.06598	0.00000000358255	30	30
0.06687	0.00000000375627	30	30
0.06704	0.00000000361015	30	30
0.06619	0.00000000359408	30	30
0.06634	0.00000000368728	30	30
0.06635	0.00000000368660	30	30
0.06694	0.00000000360439	30	30
0.06597	0.00000000365226	30	30
0.06618	0.00000000366065	30	30
0.06422	0.00000000349233	30	30
0.06714	0.00000000362071	30	30
0.06728	0.00000000373640	30	30
0.06703	0.00000000371452	30	30
0.06641	0.00000000357290	30	30
0.06696	0.00000000373503	30	30
0.06616	0.00000000365856	30	30
0.06702	0.00000000363009	30	30
0.06668	0.00000000369269	30	30
0.06615	0.00000000368250	30	30
0.06660	0.00000000360864	30	30
0.06584	0.00000000365361	30	30
0.06660	0.00000000367449	30	30
0.06412	0.00000000357603	30	30
0.06674	0.00000000378121	30	30
0.06748	0.00000000362015	30	30
0.06695	0.00000000370823	30	30
0.06612	0.00000000364827	30	30
0.06733	0.00000000362866	30	30
0.06616	0.00000000366096	30	30
0.06709	0.00000000369558	30	30
0.06729	0.00000000360965	30	30
0.06598	0.00000000373027	30	30
0.06589	0.00000000360152	30	30
0.06670	0.00000000359464	30	30
0.06595	0.00000000372119	30	30
0.06506	0.00000000353909	30	30
0.06623	0.00000000368785	30	30
0.06522	0.00000000361317	30	30
0.06478	0.00000000349294	30	30
0.06744	0.00000000364906	30	30
0.06724	0.00000000379466	30	30
0.06702	0.00000000362348	30	30
0.06633	0.00000000367938	30	30
0.06684	0.00000000367650	30	30
0.06605	0.00000000360207	30	30
0.06738	0.00000000372022	30	30
0.06583	0.00000000364285	30	30
0.06658	0.00000000362859	30	30
0.06564	0.00000000366133	30	30
0.06493	0.00000000360112	30	30
0.06634	0.00000000359594	30	30
0.06515	0.00000000362698	30	30
0.06595	0.00000000365938	30	30
0.06452	0.00000000347397	30	30
0.06627	0.00000000358525	30	30
0.06662	0.00000000360857	30	30
0.06652	0.00000000367636	30	30
0.06636	0.00000000367260	30	30
0.06729	0.00000000362388	30	30
0.06678	0.00000000369119	30	30
0.06681	0.00000000370493	30	30
0.06576	0.00000000354566	30	30
0.06608	0.00000000373357	30	30
0.06649	0.00000000358376	30	30
0.06715	0.00000000378372	30	30
0.06496	0.00000000354826	30	30
0.06465	0.00000000350954	30	30
0.06370	0.00000000351951	30	30
0.06697	0.00000000380350	30	30
0.06693	0.00000000363764	30	30
0.06729	0.00000000360934	30	30
0.06639	0.00000000375981	30	30
0.06692	0.00000000362237	30	30
0.06591	0.00000000365922	30	30
0.06766	0.00000000373547	30	30
0.06626	0.00000000359803	30	30
0.06692	0.00000000371240	30	30
0.06584	0.00000000365186	30	30
0.06660	0.00000000359822	30	30
0.06629	0.00000000368059	30	30
0.06644	0.00000000369559	30	30
0.06620	0.00000000356454	30	30
0.06508	0.00000000361999	30	30
0.06589	0.00000000365900	30	30
0.06697	0.00000000370387	30	30
0.06628	0.00000000369285	30	30
0.06703	0.00000000360800	30	30
0.06701	0.00000000370374	30	30
0.06671	0.00000000369196	30	30
0.06689	0.00000000361389	30	30
0.06587	0.00000000366384	30	30
0.06685	0.00000000370074	30	30
0.06650	0.00000000359420	30	30
0.06730	0.00000000370171	30	30
0.06566	0.00000000364013	30	30
0.06567	0.00000000357864	30	30
0.06542	0.00000000361588	30	30
0.06707	0.00000000365331	30	30
0.06709	0.00000000369332	30	30
0.06707	0.00000000369938	30	30
0.06602	0.00000000360607	30	30
0.06723	0.00000000370882	30	30
0.06611	0.00000000364774	30	30
0.06800	0.00000000366857	30	30
0.06614	0.00000000368239	30	30
0.06701	0.00000000370739	30	30
0.06602	0.00000000358977	30	30
0.06692	0.00000000379788	30	30
0.06641	0.00000000360010	30	30
0.06579	0.00000000358336	30	30
0.06495	0.00000000360234	30	30
0.06520	0.00000000362251	30	30
0.06588	0.00000000356832	30	30
0.06719	0.00000000363136	30	30
0.06608	0.00000000358145	30	30
0.06677	0.00000000378524	30	30
0.06688	0.00000000361889	30	30
0.06614	0.00000000359745	30	30
0.06596	0.00000000372970	30	30
0.06608	0.00000000358895	30	30
0.06670	0.00000000368332	30	30
0.06675	0.00000000366787	30	30
0.06588	0.00000000355543	30	30
0.06526	0.00000000362516	30	30
0.06508	0.00000000361481	30	30
0.06382	0.00000000361304	30	30
0.06709	0.00000000362168	30	30
0.06693	0.00000000378164	30	30
0.06663	0.00000000360657	30	30
0.06630	0.00000000368857	30	30
0.06688	0.00000000370095	30	30
0.06621	0.00000000360537	30	30
0.06777	0.00000000373043	30	30
0.06534	0.00000000363347	30	30
0.06577	0.00000000358700	30	30
0.06647	0.00000000361121	30	30
0.06631	0.00000000376307	30	30
0.06655	0.00000000359609	30	30
0.06582	0.00000000366023	30	30
0.06551	0.00000000364779	30	30
0.06411	0.00000000348864	30	30
0.06632	0.00000000366668	30	30
0.06734	0.00000000371714	30	30
0.06626	0.00000000358082	30	30
0.06685	0.00000000369996	30	30
0.06706	0.00000000371504	30	30
0.06683	0.00000000359245	30	30
0.06587	0.00000000367631	30	30
0.06622	0.00000000366575	30	30
0.06667	0.00000000368007	30	30
0.06644	0.00000000368561	30	30
0.06594	0.00000000355206	30	30
0.06526	0.00000000362744	30	30
0.06418	0.00000000356247	30	30
0.06474	0.00000000353258	30	30
0.06464	0.00000000365902	30	30
0.06729	0.00000000369939	30	30
0.06728	0.00000000369821	30	30
0.06696	0.00000000369608	30	30
0.06624	0.00000000358431	30	30
0.06700	0.00000000371644	30	30
0.06639	0.00000000369137	30	30
0.06659	0.00000000360231	30	30
0.06761	0.00000000373552	30	30
0.06657	0.00000000369998	30	30
0.06710	0.00000000371414	30	30
0.06537	0.00000000355357	30	30
0.06696	0.00000000371461	30	30
0.06658	0.00000000369154	30	30
0.06546	0.00000000363459	30	30
0.06622	0.00000000358776	30	30
0.06353	0.00000000351572	30	30
0.06655	0.00000000368493	30	30
0.06765	0.00000000372158	30	30
0.06639	0.00000000366834	30	30
0.06710	0.00000000369917	30	30
0.06609	0.00000000360624	30	30
0.06701	0.00000000361349	30	30
0.06669	0.00000000377130	30	30
0.06694	0.00000000361107	30	30
0.06540	0.00000000364031	30	30
0.06516	0.00000000362958	30	30
0.06616	0.00000000359450	30	30
0.06670	0.00000000368148	30	30
0.06583	0.00000000358723	30	30
0.06517	0.00000000363691	30	30
0.06418	0.00000000350356	30	30
0.06706	0.00000000369644	30	30
0.06735	0.00000000370259	30	30
0.06717	0.00000000368661	30	30
0.06597	0.00000000365785	30	30
0.06713	0.00000000362326	30	30
0.06661	0.00000000371249	30	30
0.06730	0.00000000373173	30	30
0.06726	0.00000000364581	30	30
0.06651	0.00000000369767	30	30
0.06583	0.00000000367084	30	30
0.06617	0.00000000358799	30	30
0.06581	0.00000000367736	30	30
0.06570	0.00000000365136	30	30
0.06450	0.00000000351086	30	30
0.06463	0.00000000351522	30	30
0.06440	0.00000000360270	30	30
0.06710	0.00000000372406	30	30
0.06703	0.00000000369538	30	30
0.06648	0.00000000357536	30	30
0.06683	0.00000000371357	30	30
0.06636	0.00000000367552	30	30
0.06649	0.00000000359298	30	30
0.06741	0.00000000374345	30	30
0.06674	0.00000000368787	30	30
0.06648	0.00000000370083	30	30
0.06610	0.00000000358026	30	30
0.06662	0.00000000367640	30	30
0.06630	0.00000000361163	30	30
0.06528	0.00000000369439	30	30
0.06432	0.00000000349871	30	30
0.06533	0.00000000363874	30	30
0.06693	0.00000000364749	30	30
0.06713	0.00000000371025	30	30
0.06724	0.00000000372601	30	30
0.06619	0.00000000366479	30	30
0.06695	0.00000000370179	30	30
0.06601	0.00000000359417	30	30
0.06713	0.00000000369818	30	30
0.06689	0.00000000370121	30	30
0.06681	0.00000000362904	30	30
0.06624	0.00000000370490	30	30
0.06676	0.00000000370277	30	30
0.06623	0.00000000366017	30	30
0.06572	0.00000000366208	30	30
0.06627	0.00000000360907	30	30
0.06580	0.00000000356431	30	30
0.06335	0.00000000358465	30	30
0.06733	0.00000000372444	30	30
0.06719	0.00000000372065	30	30
0.06719	0.00000000362910	30	30
0.06622	0.00000000368270	30	30
0.06712	0.00000000370627	30	30
0.06655	0.00000000369049	30	30
0.06716	0.00000000368912	30	30
0.06657	0.00000000362198	30	30
0.06579	0.00000000367051	30	30
0.06636	0.00000000366522	30	30
0.06642	0.00000000359549	30	30
0.06651	0.00000000368520	30	30
0.06612	0.00000000365657	30	30
0.06525	0.00000000354930	30	30
0.06513	0.00000000362025	30	30
0.06676	0.00000000368917	30	30
0.06718	0.00000000370464	30	30
0.06710	0.00000000363360	30	30
0.06606	0.00000000367936	30	30
0.06706	0.00000000371457	30	30
0.06612	0.00000000358534	30	30
0.06717	0.00000000370847	30	30
0.06639	0.00000000369413	30	30
0.06699	0.00000000361503	30	30
0.06614	0.00000000369812	30	30
0.06678	0.00000000370756	30	30
0.06571	0.00000000357793	30	30
0.06574	0.00000000365588	30	30
0.06606	0.00000000366388	30	30
0.06486	0.00000000354653	30	30
0.06296	0.00000000349154	30	30
0.06683	0.00000000371955	30	30
0.06721	0.00000000365162	30	30
0.06706	0.00000000369636	30	30
0.06558	0.00000000363296	30	30
0.06650	0.00000000360031	30	30
0.06621	0.00000000369633	30	30
0.06712	0.00000000370177	30	30
0.06654	0.00000000360934	30	30
0.06635	0.00000000369116	30	30
0.06585	0.00000000357715	30	30
0.06519	0.00000000361889	30	30
0.06630	0.00000000368627	30	30
0.06611	0.00000000359432	30	30
0.06558	0.00000000364817	30	30
0.06444	0.00000000357235	30	30
0.06669	0.00000000369554	30	30
0.06746	0.00000000372077	30	30
0.06667	0.00000000366928	30	30
0.06621	0.00000000367235	30	30
0.06669	0.00000000362666	30	30
0.06618	0.00000000367001	30	30
0.06679	0.00000000367350	30	30
0.06602	0.00000000356658	30	30
0.06638	0.00000000367777	30	30
0.06627	0.00000000368531	30	30
0.06634	0.00000000359539	30	30
0.06561	0.00000000365045	30	30
0.06601	0.00000000369336	30	30
0.06613	0.00000000358510	30	30
0.06569	0.00000000367201	30	30
0.06427	0.00000000352408	30	30
0.06703	0.00000000363448	30	30
0.06725	0.00000000371707	30	30
0.06734	0.00000000369539	30	30
0.06614	0.00000000367656	30	30
0.06750	0.00000000361806	30	30
0.06604	0.00000000366358	30	30
0.06745	0.00000000372815	30	30
0.06641	0.00000000361464	30	30
0.06662	0.00000000369469	30	30
0.06616	0.00000000369185	30	30
0.06627	0.00000000358021	30	30
0.06501	0.00000000362911	30	30
0.06595	0.00000000366704	30	30
0.06570	0.00000000363585	30	30
0.06508	0.00000000355554	30	30
0.06598	0.00000000370851	30	30
0.06792	0.00000000374310	30	30
0.06675	0.00000000362981	30	30
0.06640	0.00000000368379	30	30
0.06699	0.00000000365206	30	30
0.06613	0.00000000366976	30	30
0.06680	0.00000000371460	30	30
0.06696	0.00000000362198	30	30
0.06673	0.00000000370194	30	30
0.06628	0.00000000360644	30	30
0.06705	0.00000000379063	30	30
0.06641	0.00000000358354	30	30
0.06682	0.00000000371591	30	30
0.06586	0.00000000364433	30	30
0.06533	0.00000000355370	30	30
0.06347	0.00000000360438	30	30
0.06735	0.00000000371932	30	30
0.06715	0.00000000370896	30	30
0.06737	0.00000000363367	30	30
0.06618	0.00000000366539	30	30
0.06696	0.00000000371105	30	30
0.06618	0.00000000359619	30	30
0.06601	0.00000000360065	30	30
0.06666	0.00000000376371	30	30
0.06545	0.00000000355384	30	30
0.06632	0.00000000367867	30	30
0.06627	0.00000000364842	30	30
0.06408	0.00000000347628	30	30
0.06240	0.00000000353199	30	30
0.06608	0.00000000368099	30	30
0.06693	0.00000000370902	30	30
0.06676	0.00000000361187	30	30
0.06659	0.00000000370864	30	30
0.06694	0.00000000370506	30	30
0.06670	0.00000000362556	30	30
0.06642	0.00000000369002	30	30
0.06584	0.00000000366922	30	30
0.06563	0.00000000358866	30	30
0.06532	0.00000000364758	30	30
0.06626	0.00000000368239	30	30
0.06507	0.00000000354671	30	30
0.06513	0.00000000353887	30	30
0.06321	0.00000000359576	30	30
0.06708	0.00000000364085	30	30
0.06699	0.00000000373036	30	30
0.06728	0.00000000363726	30	30
0.06644	0.00000000367871	30	30
0.06699	0.00000000370355	30	30
0.06622	0.00000000360902	30	30
0.06734	0.00000000370889	30	30
0.06567	0.00000000368002	30	30
0.06612	0.00000000358172	30	30
0.06604	0.00000000366953	30	30
0.06593	0.00000000366580	30	30
0.06552	0.00000000364642	30	30
0.06470	0.00000000351154	30	30
0.06466	0.00000000358481	30	30
0.06443	0.00000000354732	30	30
0.06609	0.00000000364566	30	30
0.06733	0.00000000373053	30	30
0.06592	0.00000000359246	30	30
0.06677	0.00000000371717	30	30
0.06655	0.00000000369743	30	30
0.06679	0.00000000361749	30	30
0.06628	0.00000000367419	30	30
0.06653	0.00000000368550	30	30
0.06676	0.00000000360906	30	30
0.06629	0.00000000368575	30	30
0.06586	0.00000000366029	30	30
0.06569	0.00000000357415	30	30
0.06496	0.00000000361669	30	30
0.06332	0.00000000358532	30	30
0.06679	0.00000000363652	30	30
0.06678	0.00000000370823	30	30
0.06666	0.00000000360805	30	30
0.06645	0.00000000370933	30	30
0.06653	0.00000000363306	30	30
0.06639	0.00000000368906	30	30
0.06733	0.00000000371510	30	30
0.06539	0.00000000356094	30	30
0.06624	0.00000000368821	30	30
0.06656	0.00000000362660	30	30
0.06677	0.00000000370019	30	30
0.06667	0.00000000369407	30	30
0.06668	0.00000000361164	30	30
0.06614	0.00000000368432	30	30
0.06481	0.00000000363132	30	30
0.06603	0.00000000365237	30	30
0.06783	0.00000000373790	30	30
0.06600	0.00000000360116	30	30
0.06699	0.00000000370304	30	30
0.06639	0.00000000360866	30	30
0.06740	0.00000000375210	30	30
0.06717	0.00000000373272	30	30
0.06611	0.00000000361171	30	30
0.06582	0.00000000361446	30	30
0.06701	0.00000000379019	30	30
0.06587	0.00000000357783	30	30
0.06636	0.00000000371192	30	30
0.06550	0.00000000363247	30	30
0.06739	0.00000000373346	30	30
0.06753	0.00000000369151	30	30
0.06719	0.00000000369999	30	30
0.06618	0.00000000367415	30	30
0.06787	0.00000000365348	30	30
0.06708	0.00000000379734	30	30
0.06682	0.00000000360563	30	30
0.06678	0.00000000368467	30	30
0.06633	0.00000000367133	30	30
0.06651	0.00000000362712	30	30
0.06584	0.00000000365580	30	30
0.06596	0.00000000367165	30	30
0.06592	0.00000000355913	30	30
0.06539	0.00000000362423	30	30
0.06537	0.00000000362421	30	30
0.06541	0.00000000361417	30	30
0.06670	0.00000000369065	30	30
0.06730	0.00000000371787	30	30
0.06656	0.00000000361649	30	30
0.06686	0.00000000370167	30	30
0.06627	0.00000000368706	30	30
0.06712	0.00000000363554	30	30
0.06694	0.00000000369910	30	30
0.06715	0.00000000371734	30	30
0.06635	0.00000000362850	30	30
0.06649	0.00000000367740	30	30
0.06574	0.00000000367857	30	30
0.06696	0.00000000361672	30	30
0.06588	0.00000000366486	30	30
0.06645	0.00000000367203	30	30
0.06601	0.00000000359230	30	30
=============================================================================

============================ Tabulate Statistics ============================
PWR_PKG_ENERGY	INST_RETIRED	TOR_OCCUPANCY	RR_OCCUPANCY	TIPI	L3_MISS	L2_MISS	TIME	
14143.134338	3905429323621	129143640877	129146969799	0.066136	597351885	6183492543	75437.476573	
=============================================================================

============================ TIPI SLAB Statistics ============================

==============================================================================
===== Test PASSED in 0.0 msec =====
