
-----
mkdir timedrun fake

Initial Residual = 13573.6
Iteration = 15   Residual = 178.727
Iteration = 30   Residual = 1.21771
Iteration = 45   Residual = 0.00834386
Iteration = 60   Residual = 5.70757e-05
Iteration = 75   Residual = 3.89343e-07
Iteration = 90   Residual = 2.6426e-09
Iteration = 105   Residual = 1.77417e-11
Iteration = 120   Residual = 1.15261e-13
Iteration = 135   Residual = 6.18993e-16
Iteration = 149   Residual = 5.09223e-18
Mini-Application Name: hpccg
Mini-Application Version: 1.0
Parallelism: 
  MPI not enabled: 
  Number of OpenMP threads: 20
Dimensions: 
  nx: 256
  ny: 256
  nz: 1024
Number of iterations: 149
Final residual: 5.09223e-18
#********** Performance Summary (times in sec) ***********: 
Time Summary: 
  Total   : 1218.27
  DDOT    : 61.684
  WAXPBY  : 187.968
  SPARSEMV: 967.18
FLOPS Summary: 
  Total   : 6.3995e+11
  DDOT    : 3.99969e+10
  WAXPBY  : 5.99953e+10
  SPARSEMV: 5.39958e+11
MFLOPS Summary: 
  Total   : 525.293
  DDOT    : 648.416
  WAXPBY  : 319.178
  SPARSEMV: 558.281

============================ Unprocessed Statistics ============================
TIPI	JPI	Uncore1	Uncore2
0.12096	0.00000000416714	30	30
0.12101	0.00000000413325	30	30
0.12061	0.00000000415998	30	30
0.12156	0.00000000420219	30	30
0.12088	0.00000000415795	30	30
0.12096	0.00000000424014	30	30
0.12109	0.00000000425365	30	30
0.12084	0.00000000414326	30	30
0.12107	0.00000000416057	30	30
0.12092	0.00000000415778	30	30
0.12101	0.00000000416051	30	30
0.12106	0.00000000424682	30	30
0.12049	0.00000000426269	30	30
0.12083	0.00000000419359	30	30
0.12129	0.00000000416787	30	30
0.12086	0.00000000418193	30	30
0.12114	0.00000000419093	30	30
0.12077	0.00000000419899	30	30
0.12109	0.00000000426622	30	30
0.12103	0.00000000427432	30	30
0.12089	0.00000000418256	30	30
0.12107	0.00000000417908	30	30
0.12097	0.00000000418382	30	30
0.12065	0.00000000417609	30	30
0.12134	0.00000000418976	30	30
0.12097	0.00000000418516	30	30
0.14169	0.00000000730612	30	30
0.12093	0.00000000420347	30	30
0.12086	0.00000000417542	30	30
0.12114	0.00000000429432	30	30
0.12101	0.00000000428739	30	30
0.12085	0.00000000420516	30	30
0.12130	0.00000000419172	30	30
0.12089	0.00000000416193	30	30
0.12108	0.00000000418160	30	30
0.12114	0.00000000420572	30	30
0.12097	0.00000000429059	30	30
0.12081	0.00000000427972	30	30
0.12114	0.00000000370932	21	21
0.12114	0.00000000364972	21	21
0.13926	0.00000000618296	21	21
0.12066	0.00000000360222	21	21
0.12133	0.00000000359112	21	21
0.12111	0.00000000377287	21	21
0.12065	0.00000000358675	21	21
0.12139	0.00000000359713	21	21
0.12085	0.00000000359358	21	21
0.12103	0.00000000374033	21	21
0.12096	0.00000000358885	21	21
0.12106	0.00000000359316	21	21
0.12110	0.00000000359929	21	21
0.12068	0.00000000367962	21	21
0.12117	0.00000000366509	21	21
0.12104	0.00000000358726	21	21
0.12124	0.00000000361778	21	21
0.12111	0.00000000360919	21	21
0.12080	0.00000000372773	21	21
0.12113	0.00000000372421	21	21
0.12102	0.00000000363148	21	21
0.12106	0.00000000362575	21	21
0.12088	0.00000000371544	21	21
0.12111	0.00000000370476	21	21
0.12115	0.00000000363286	21	21
0.12063	0.00000000362133	21	21
0.12123	0.00000000372857	21	21
0.12115	0.00000000369159	21	21
0.12074	0.00000000364536	21	21
0.14090	0.00000000628021	21	21
0.12102	0.00000000359624	21	21
0.12062	0.00000000357492	21	21
0.12119	0.00000000370248	21	21
0.12119	0.00000000368544	21	21
0.12096	0.00000000358187	21	21
0.12097	0.00000000358945	21	21
0.12112	0.00000000365776	21	21
0.12103	0.00000000365463	21	21
0.12085	0.00000000360386	21	21
0.12100	0.00000000358513	21	21
0.12117	0.00000000366844	21	21
0.12093	0.00000000365498	21	21
0.12093	0.00000000359736	21	21
0.12106	0.00000000359591	21	21
0.12107	0.00000000372920	21	21
0.12105	0.00000000361843	21	21
0.12082	0.00000000373747	21	21
0.12120	0.00000000364143	21	21
0.12108	0.00000000362835	21	21
0.12074	0.00000000377337	21	21
0.12114	0.00000000364963	21	21
0.12104	0.00000000362744	21	21
0.12110	0.00000000362905	21	21
0.12077	0.00000000372712	21	21
0.12111	0.00000000369843	21	21
0.12116	0.00000000364012	21	21
0.12136	0.00000000361732	21	21
0.12092	0.00000000367576	21	21
0.12114	0.00000000367991	21	21
0.12093	0.00000000360728	21	21
0.12107	0.00000000359146	21	21
0.12130	0.00000000367499	21	21
0.12070	0.00000000365940	21	21
0.12116	0.00000000358828	21	21
0.12073	0.00000000360703	21	21
0.12128	0.00000000369253	21	21
0.12088	0.00000000367285	21	21
0.12103	0.00000000357857	21	21
0.12115	0.00000000361095	21	21
0.12117	0.00000000360323	21	21
0.12072	0.00000000367810	21	21
0.12125	0.00000000368519	21	21
0.12105	0.00000000361031	21	21
0.12098	0.00000000358892	21	21
0.12084	0.00000000368222	21	21
0.12111	0.00000000366964	21	21
0.12104	0.00000000359580	21	21
0.12078	0.00000000359032	21	21
0.12116	0.00000000360220	21	21
0.12095	0.00000000367705	21	21
0.12104	0.00000000368595	21	21
0.12105	0.00000000359205	21	21
0.12068	0.00000000358996	21	21
0.12117	0.00000000360186	21	21
0.12090	0.00000000377057	21	21
0.12083	0.00000000359870	21	21
0.12114	0.00000000361638	21	21
0.12105	0.00000000358624	21	21
0.12109	0.00000000374426	21	21
0.12097	0.00000000359679	21	21
0.12068	0.00000000359162	21	21
0.12121	0.00000000359592	21	21
0.12113	0.00000000369331	21	21
0.12093	0.00000000367223	21	21
0.12098	0.00000000359459	21	21
0.12129	0.00000000362600	21	21
0.12104	0.00000000368597	21	21
0.12086	0.00000000367240	21	21
0.12105	0.00000000362768	21	21
0.12111	0.00000000359593	21	21
0.12104	0.00000000358363	21	21
0.12080	0.00000000368997	21	21
0.12116	0.00000000367465	21	21
0.12102	0.00000000359251	21	21
0.12092	0.00000000360300	21	21
0.12112	0.00000000375943	21	21
0.12118	0.00000000359520	21	21
0.12064	0.00000000359914	21	21
0.12101	0.00000000359063	21	21
0.12065	0.00000000377475	21	21
0.12129	0.00000000361826	21	21
0.12106	0.00000000360659	21	21
0.12089	0.00000000359140	21	21
0.12117	0.00000000369810	21	21
0.12107	0.00000000365834	21	21
0.12096	0.00000000359633	21	21
0.12087	0.00000000362598	21	21
0.12102	0.00000000358988	21	21
0.12101	0.00000000376474	21	21
0.12102	0.00000000360789	21	21
0.12103	0.00000000358933	21	21
0.12090	0.00000000360697	21	21
0.12098	0.00000000368210	21	21
0.12112	0.00000000369334	21	21
0.12104	0.00000000360792	21	21
0.12106	0.00000000360890	21	21
0.12123	0.00000000359771	21	21
0.12094	0.00000000376484	21	21
0.12107	0.00000000364579	21	21
0.12086	0.00000000363019	21	21
0.12115	0.00000000372777	21	21
0.12092	0.00000000372672	21	21
0.12108	0.00000000362858	21	21
0.12113	0.00000000363146	21	21
0.12128	0.00000000361747	21	21
0.12097	0.00000000368023	21	21
0.12083	0.00000000368513	21	21
0.12117	0.00000000361389	21	21
0.12096	0.00000000360223	21	21
0.12108	0.00000000368187	21	21
0.12083	0.00000000367913	21	21
0.12119	0.00000000359447	21	21
0.12093	0.00000000358555	21	21
0.12110	0.00000000360627	21	21
0.12096	0.00000000368938	21	21
0.12129	0.00000000367945	21	21
0.12074	0.00000000363426	21	21
0.12103	0.00000000361992	21	21
0.12087	0.00000000365263	21	21
0.12099	0.00000000371548	21	21
0.12105	0.00000000359745	21	21
0.12120	0.00000000360306	21	21
0.12074	0.00000000361248	21	21
0.12113	0.00000000377630	21	21
0.12106	0.00000000363215	21	21
0.12085	0.00000000363651	21	21
0.12110	0.00000000363693	21	21
0.12088	0.00000000381157	21	21
0.12113	0.00000000365058	21	21
0.12092	0.00000000362693	21	21
0.12063	0.00000000359762	21	21
0.12124	0.00000000368369	21	21
0.12108	0.00000000367639	21	21
0.12081	0.00000000360210	21	21
0.12129	0.00000000361290	21	21
0.12082	0.00000000368431	21	21
0.12117	0.00000000365995	21	21
0.12084	0.00000000361589	21	21
0.12116	0.00000000359079	21	21
0.12111	0.00000000360238	21	21
0.12076	0.00000000377231	21	21
0.12110	0.00000000360097	21	21
0.12104	0.00000000359111	21	21
0.12135	0.00000000366430	21	21
0.12139	0.00000000379546	21	21
0.12026	0.00000000363200	21	21
0.12112	0.00000000366908	21	21
0.12121	0.00000000365343	21	21
0.12073	0.00000000378514	21	21
0.12122	0.00000000365925	21	21
0.12093	0.00000000363594	21	21
0.12132	0.00000000363399	21	21
0.12077	0.00000000372845	21	21
0.12096	0.00000000373912	21	21
0.12112	0.00000000362791	21	21
0.12090	0.00000000363588	21	21
0.14115	0.00000000619781	21	21
0.12088	0.00000000360800	21	21
0.12084	0.00000000367248	21	21
0.12129	0.00000000369151	21	21
0.12090	0.00000000360448	21	21
0.12135	0.00000000360979	21	21
0.12077	0.00000000368735	21	21
0.12107	0.00000000366066	21	21
0.12121	0.00000000361035	21	21
0.12084	0.00000000362460	21	21
0.12117	0.00000000372701	21	21
0.12100	0.00000000371194	21	21
0.12075	0.00000000364669	21	21
0.12111	0.00000000363732	21	21
0.12078	0.00000000361602	21	21
0.12105	0.00000000367987	21	21
0.12112	0.00000000368398	21	21
0.12107	0.00000000360794	21	21
0.12089	0.00000000362447	21	21
0.12099	0.00000000358580	21	21
0.12121	0.00000000375090	21	21
0.12080	0.00000000359999	21	21
0.12094	0.00000000358876	21	21
0.12111	0.00000000368310	21	21
0.12088	0.00000000362114	21	21
0.12107	0.00000000372087	21	21
0.12121	0.00000000362326	21	21
0.14111	0.00000000619992	21	21
0.12122	0.00000000364065	21	21
0.12094	0.00000000367959	21	21
0.12101	0.00000000368298	21	21
0.12091	0.00000000363869	21	21
0.12118	0.00000000365427	21	21
0.12080	0.00000000371028	21	21
0.12113	0.00000000364356	21	21
0.12091	0.00000000371076	21	21
0.12110	0.00000000364198	21	21
0.12081	0.00000000364247	21	21
0.12117	0.00000000373443	21	21
0.12118	0.00000000372994	21	21
0.12083	0.00000000362575	21	21
0.14019	0.00000000619902	21	21
0.12098	0.00000000361827	21	21
0.12142	0.00000000370516	21	21
0.12151	0.00000000373322	21	21
0.12167	0.00000000369648	21	21
0.12148	0.00000000377867	21	21
0.12167	0.00000000377258	21	21
0.12245	0.00000000370717	21	21
0.12191	0.00000000369452	21	21
0.12214	0.00000000370178	21	21
0.12255	0.00000000381899	21	21
0.12190	0.00000000376282	21	21
0.12137	0.00000000367210	21	21
0.12140	0.00000000365359	21	21
0.12102	0.00000000369967	21	21
0.12074	0.00000000364983	21	21
0.12134	0.00000000361739	21	21
0.12093	0.00000000359868	21	21
0.12067	0.00000000369390	21	21
0.12140	0.00000000369230	21	21
0.12099	0.00000000358623	21	21
0.12061	0.00000000360584	21	21
0.12145	0.00000000362979	21	21
0.12109	0.00000000367108	21	21
0.12083	0.00000000367468	21	21
0.12100	0.00000000360576	21	21
0.12110	0.00000000361567	21	21
0.12066	0.00000000361756	21	21
0.12129	0.00000000360725	21	21
0.12107	0.00000000370531	21	21
0.12104	0.00000000370261	21	21
0.12116	0.00000000362870	21	21
0.12100	0.00000000358636	21	21
0.12106	0.00000000368279	21	21
0.12092	0.00000000369669	21	21
0.12095	0.00000000359388	21	21
0.12093	0.00000000359458	21	21
0.12104	0.00000000361440	21	21
0.12111	0.00000000368815	21	21
0.12104	0.00000000368017	21	21
0.14134	0.00000000648727	21	21
0.12096	0.00000000362499	21	21
0.12102	0.00000000358463	21	21
0.12111	0.00000000361148	21	21
0.12097	0.00000000371058	21	21
0.12105	0.00000000369417	21	21
0.12085	0.00000000358718	21	21
0.12102	0.00000000360464	21	21
0.12102	0.00000000369808	21	21
0.12100	0.00000000367962	21	21
0.12098	0.00000000361640	21	21
0.12111	0.00000000359698	21	21
0.12086	0.00000000359176	21	21
0.12106	0.00000000376203	21	21
0.14075	0.00000000650834	21	21
0.12102	0.00000000362056	21	21
0.12109	0.00000000356982	21	21
0.12094	0.00000000370320	21	21
0.12096	0.00000000369828	21	21
0.12132	0.00000000360637	21	21
0.12068	0.00000000357312	21	21
0.12103	0.00000000358172	21	21
0.12183	0.00000000377058	21	21
0.12019	0.00000000354935	21	21
0.12092	0.00000000360052	21	21
0.12132	0.00000000376870	21	21
0.12081	0.00000000361369	21	21
0.12106	0.00000000360930	21	21
0.14151	0.00000000633232	21	21
0.12062	0.00000000360786	21	21
0.12145	0.00000000359777	21	21
0.12089	0.00000000377362	21	21
0.12080	0.00000000359225	21	21
0.12119	0.00000000363014	21	21
0.12097	0.00000000359452	21	21
0.12113	0.00000000376780	21	21
0.12095	0.00000000362223	21	21
0.12105	0.00000000360499	21	21
0.12097	0.00000000359449	21	21
0.12097	0.00000000370646	21	21
0.12100	0.00000000368683	21	21
0.12110	0.00000000359867	21	21
0.14136	0.00000000648672	21	21
0.12116	0.00000000363239	21	21
0.12110	0.00000000357253	21	21
0.12106	0.00000000369340	21	21
0.12069	0.00000000360668	21	21
0.12140	0.00000000369255	21	21
0.12096	0.00000000358048	21	21
0.12079	0.00000000360392	21	21
0.12088	0.00000000377788	21	21
0.12127	0.00000000360568	21	21
0.12059	0.00000000359748	21	21
0.12125	0.00000000360951	21	21
0.12108	0.00000000377285	21	21
0.12079	0.00000000359637	21	21
0.12119	0.00000000362040	21	21
0.12118	0.00000000375466	21	21
0.12088	0.00000000362592	21	21
0.12119	0.00000000362896	21	21
0.12105	0.00000000362569	21	21
0.12053	0.00000000362113	21	21
0.12142	0.00000000373827	21	21
0.12091	0.00000000371022	21	21
0.12081	0.00000000363752	21	21
0.12112	0.00000000364014	21	21
0.12119	0.00000000373316	21	21
0.12105	0.00000000371772	21	21
0.12083	0.00000000363104	21	21
0.12099	0.00000000360533	21	21
0.12092	0.00000000367254	21	21
0.12136	0.00000000370288	21	21
0.12091	0.00000000359742	21	21
0.12088	0.00000000360489	21	21
0.12086	0.00000000367295	21	21
0.12119	0.00000000369415	21	21
0.12099	0.00000000360122	21	21
0.12095	0.00000000361243	21	21
0.12109	0.00000000359829	21	21
0.12097	0.00000000368693	21	21
0.12114	0.00000000367379	21	21
0.12089	0.00000000358324	21	21
0.11475	0.00000000402380	21	21
0.12106	0.00000000370110	21	21
0.12068	0.00000000357204	21	21
0.12128	0.00000000362567	21	21
0.12113	0.00000000360186	21	21
0.12077	0.00000000370894	21	21
0.12112	0.00000000367970	21	21
0.12100	0.00000000359638	21	21
0.12101	0.00000000359616	21	21
0.12096	0.00000000360906	21	21
0.12119	0.00000000378845	21	21
0.12098	0.00000000357794	21	21
0.12076	0.00000000361968	21	21
0.12110	0.00000000357749	21	21
0.12098	0.00000000362682	21	21
0.12107	0.00000000359490	21	21
0.12100	0.00000000378348	21	21
0.12108	0.00000000360183	21	21
0.12082	0.00000000362088	21	21
0.12108	0.00000000359126	21	21
0.12104	0.00000000370299	21	21
0.12091	0.00000000368283	21	21
0.12111	0.00000000359566	21	21
0.12091	0.00000000359591	21	21
0.12080	0.00000000360914	21	21
0.12119	0.00000000370677	21	21
0.12104	0.00000000366941	21	21
0.12092	0.00000000362118	21	21
0.12076	0.00000000361117	21	21
0.12107	0.00000000358333	21	21
0.12107	0.00000000369511	21	21
0.12083	0.00000000369740	21	21
0.12113	0.00000000361311	21	21
0.12090	0.00000000358406	21	21
0.12097	0.00000000368899	21	21
0.12101	0.00000000368330	21	21
0.12109	0.00000000359508	21	21
0.12089	0.00000000360856	21	21
0.12100	0.00000000359542	21	21
0.12078	0.00000000376739	21	21
0.12113	0.00000000359718	21	21
0.12118	0.00000000361706	21	21
0.12115	0.00000000361782	21	21
0.12126	0.00000000361440	21	21
0.12083	0.00000000360035	21	21
0.12125	0.00000000365230	21	21
0.12086	0.00000000381705	21	21
0.12062	0.00000000362740	21	21
0.12145	0.00000000366826	21	21
0.12089	0.00000000361870	21	21
0.12056	0.00000000374263	21	21
0.12138	0.00000000365346	21	21
0.12113	0.00000000371794	21	21
0.12077	0.00000000365232	21	21
0.12130	0.00000000364377	21	21
0.12086	0.00000000372867	21	21
0.12091	0.00000000360922	21	21
0.12094	0.00000000359268	21	21
0.12105	0.00000000361498	21	21
0.12111	0.00000000378143	21	21
0.12106	0.00000000360342	21	21
0.12095	0.00000000361038	21	21
0.12100	0.00000000368371	21	21
0.12092	0.00000000367586	21	21
0.12092	0.00000000360524	21	21
0.12111	0.00000000360027	21	21
0.12107	0.00000000359317	21	21
0.12082	0.00000000377937	21	21
0.12108	0.00000000359692	21	21
0.12113	0.00000000361498	21	21
0.13977	0.00000000652574	21	21
0.12060	0.00000000361121	21	21
0.12151	0.00000000377984	21	21
0.12090	0.00000000360243	21	21
0.12083	0.00000000359139	21	21
0.12130	0.00000000361195	21	21
0.12087	0.00000000378168	21	21
0.12066	0.00000000359333	21	21
0.12133	0.00000000361240	21	21
0.12100	0.00000000360308	21	21
0.12096	0.00000000369159	21	21
0.12104	0.00000000371007	21	21
0.12103	0.00000000357265	21	21
0.12112	0.00000000362421	21	21
0.12142	0.00000000362728	21	21
0.12096	0.00000000369229	21	21
0.12092	0.00000000368106	21	21
0.12117	0.00000000361040	21	21
0.12103	0.00000000361899	21	21
0.12071	0.00000000368776	21	21
0.12122	0.00000000368600	21	21
0.12104	0.00000000359300	21	21
0.12089	0.00000000359988	21	21
0.12092	0.00000000362391	21	21
0.12117	0.00000000376935	21	21
0.12114	0.00000000358576	21	21
0.12084	0.00000000362402	21	21
0.12101	0.00000000364302	21	21
0.12062	0.00000000373027	21	21
0.12133	0.00000000374227	21	21
0.12104	0.00000000366602	21	21
0.12084	0.00000000363884	21	21
0.12112	0.00000000364376	21	21
0.12099	0.00000000372862	21	21
0.12110	0.00000000372247	21	21
0.12100	0.00000000365752	21	21
0.12090	0.00000000363499	21	21
0.12124	0.00000000373579	21	21
0.12077	0.00000000372026	21	21
0.12102	0.00000000366047	21	21
0.12127	0.00000000361059	21	21
0.12058	0.00000000360105	21	21
0.12113	0.00000000362076	21	21
0.12099	0.00000000378549	21	21
0.12101	0.00000000362401	21	21
0.12104	0.00000000359990	21	21
0.12099	0.00000000358298	21	21
0.12101	0.00000000376689	21	21
0.12090	0.00000000361303	21	21
0.12120	0.00000000360357	21	21
0.12067	0.00000000360131	21	21
0.12120	0.00000000377635	21	21
0.12099	0.00000000360659	21	21
0.12125	0.00000000363349	21	21
0.12099	0.00000000359362	21	21
0.12104	0.00000000361605	21	21
0.12097	0.00000000379794	21	21
0.12098	0.00000000361225	21	21
0.12114	0.00000000360078	21	21
0.12097	0.00000000359737	21	21
0.12084	0.00000000376608	21	21
0.12106	0.00000000361967	21	21
0.12090	0.00000000360897	21	21
0.12111	0.00000000360465	21	21
0.12103	0.00000000368821	21	21
0.12084	0.00000000370157	21	21
0.12086	0.00000000361326	21	21
0.12101	0.00000000359585	21	21
0.12090	0.00000000361378	21	21
0.12101	0.00000000371027	21	21
0.12112	0.00000000369566	21	21
0.12086	0.00000000360043	21	21
0.12102	0.00000000359807	21	21
0.12118	0.00000000359974	21	21
0.12053	0.00000000377742	21	21
0.12140	0.00000000361415	21	21
0.12102	0.00000000359865	21	21
0.12093	0.00000000361799	21	21
0.12111	0.00000000377179	21	21
0.12097	0.00000000361717	21	21
0.12091	0.00000000359347	21	21
0.12119	0.00000000361281	21	21
0.12096	0.00000000378205	21	21
0.12090	0.00000000361014	21	21
0.12107	0.00000000361003	21	21
0.12098	0.00000000359554	21	21
0.12089	0.00000000370104	21	21
0.12103	0.00000000371210	21	21
0.12107	0.00000000359971	21	21
0.12088	0.00000000359957	21	21
0.12114	0.00000000361664	21	21
0.12096	0.00000000378334	21	21
0.12082	0.00000000361697	21	21
0.12105	0.00000000360095	21	21
0.12111	0.00000000361469	21	21
0.12076	0.00000000364282	21	21
0.12105	0.00000000382513	21	21
0.12111	0.00000000364613	21	21
0.12108	0.00000000363836	21	21
0.12105	0.00000000363262	21	21
0.12094	0.00000000381760	21	21
0.12083	0.00000000364584	21	21
0.12119	0.00000000364962	21	21
0.12100	0.00000000364203	21	21
0.12087	0.00000000380669	21	21
0.14112	0.00000000655631	21	21
0.12116	0.00000000362480	21	21
0.12085	0.00000000359282	21	21
0.12100	0.00000000363151	21	21
0.12106	0.00000000361322	21	21
0.12104	0.00000000379105	21	21
0.12081	0.00000000361475	21	21
0.12118	0.00000000359705	21	21
0.12107	0.00000000360239	21	21
0.12056	0.00000000370322	21	21
0.12139	0.00000000370893	21	21
0.12102	0.00000000362110	21	21
0.12068	0.00000000360785	21	21
0.12132	0.00000000360296	21	21
0.12107	0.00000000371061	21	21
0.12060	0.00000000361134	21	21
0.12143	0.00000000369937	21	21
0.12092	0.00000000360717	21	21
0.12056	0.00000000362518	21	21
0.12130	0.00000000371158	21	21
0.12106	0.00000000368150	21	21
0.12079	0.00000000360670	21	21
0.12127	0.00000000361784	21	21
0.12113	0.00000000361640	21	21
0.12076	0.00000000377314	21	21
0.12122	0.00000000362912	21	21
0.12092	0.00000000360820	21	21
0.12056	0.00000000362750	21	21
0.12140	0.00000000361071	21	21
0.12103	0.00000000377774	21	21
0.12068	0.00000000361250	21	21
0.12139	0.00000000363659	21	21
0.12089	0.00000000361660	21	21
0.12098	0.00000000372273	21	21
0.12148	0.00000000374061	21	21
0.12062	0.00000000363345	21	21
0.12103	0.00000000363847	21	21
0.12092	0.00000000375267	21	21
0.12106	0.00000000373747	21	21
0.12105	0.00000000364284	21	21
0.12136	0.00000000365054	21	21
0.12101	0.00000000359401	21	21
0.12089	0.00000000377590	21	21
0.12111	0.00000000363982	21	21
0.12099	0.00000000361380	21	21
0.12104	0.00000000360244	21	21
0.12098	0.00000000359789	21	21
0.12092	0.00000000378534	21	21
0.12158	0.00000000361543	21	21
0.12057	0.00000000363283	21	21
0.12101	0.00000000363945	21	21
0.12109	0.00000000381399	21	21
0.12081	0.00000000365275	21	21
0.14156	0.00000000629189	21	21
0.12150	0.00000000366635	21	21
0.12148	0.00000000363946	21	21
0.12182	0.00000000369008	21	21
0.12201	0.00000000378233	21	21
0.12205	0.00000000380025	21	21
0.12229	0.00000000368831	21	21
0.12234	0.00000000367300	21	21
0.12130	0.00000000366376	21	21
0.12181	0.00000000368092	21	21
0.12099	0.00000000364666	21	21
0.12073	0.00000000382813	21	21
0.12126	0.00000000365543	21	21
0.12100	0.00000000365438	21	21
0.12106	0.00000000372848	21	21
0.12100	0.00000000362152	21	21
0.12089	0.00000000369863	21	21
0.12113	0.00000000369962	21	21
0.12121	0.00000000361273	21	21
0.12078	0.00000000361385	21	21
0.12111	0.00000000369931	21	21
0.12117	0.00000000369882	21	21
0.12061	0.00000000361019	21	21
0.12136	0.00000000361170	21	21
0.12107	0.00000000369558	21	21
0.12034	0.00000000369358	21	21
0.12151	0.00000000362980	21	21
0.12097	0.00000000360031	21	21
0.12020	0.00000000361940	21	21
0.12062	0.00000000367555	21	21
0.12136	0.00000000364419	21	21
0.12102	0.00000000364664	21	21
0.12075	0.00000000374231	21	21
0.12121	0.00000000376339	21	21
0.12104	0.00000000363824	21	21
0.12131	0.00000000365396	21	21
0.12077	0.00000000364175	21	21
0.12108	0.00000000381868	21	21
0.12091	0.00000000365835	21	21
0.12096	0.00000000365876	21	21
0.12100	0.00000000363964	21	21
0.12117	0.00000000372438	21	21
0.12078	0.00000000373654	21	21
0.12087	0.00000000378965	21	21
0.12122	0.00000000360307	21	21
0.12115	0.00000000359659	21	21
0.12095	0.00000000361529	21	21
0.12104	0.00000000379699	21	21
0.12076	0.00000000359598	21	21
0.12108	0.00000000361646	21	21
0.12108	0.00000000360917	21	21
0.12111	0.00000000369990	21	21
0.12077	0.00000000369822	21	21
0.12105	0.00000000359557	21	21
0.12122	0.00000000360592	21	21
0.12072	0.00000000369738	21	21
0.12104	0.00000000369572	21	21
0.12098	0.00000000380528	21	21
0.12145	0.00000000359179	21	21
0.12054	0.00000000361414	21	21
0.12109	0.00000000361497	21	21
0.12087	0.00000000371066	21	21
0.12098	0.00000000369999	21	21
0.12116	0.00000000361462	21	21
0.12090	0.00000000360294	21	21
0.12107	0.00000000369380	21	21
0.12097	0.00000000371427	21	21
0.12132	0.00000000359707	21	21
0.12066	0.00000000360244	21	21
0.12101	0.00000000359127	21	21
0.12122	0.00000000379861	21	21
0.12113	0.00000000362284	21	21
0.12072	0.00000000379187	21	21
0.12112	0.00000000361877	21	21
0.12109	0.00000000361291	21	21
0.12097	0.00000000362596	21	21
0.12097	0.00000000369674	21	21
0.12124	0.00000000369767	21	21
0.12057	0.00000000360712	21	21
0.12121	0.00000000360374	21	21
0.12102	0.00000000370690	21	21
0.12099	0.00000000369426	21	21
0.12099	0.00000000361736	21	21
0.12106	0.00000000360556	21	21
0.12099	0.00000000362779	21	21
0.12122	0.00000000371805	21	21
0.12093	0.00000000369064	21	21
0.12116	0.00000000362154	21	21
0.12086	0.00000000362478	21	21
0.12113	0.00000000370488	21	21
0.12109	0.00000000370050	21	21
0.12084	0.00000000360231	21	21
0.12100	0.00000000360726	21	21
0.12098	0.00000000370537	21	21
0.12094	0.00000000371253	21	21
0.12116	0.00000000361732	21	21
0.12095	0.00000000358335	21	21
0.12075	0.00000000364051	21	21
0.12108	0.00000000369076	21	21
0.12108	0.00000000369215	21	21
0.12093	0.00000000362875	21	21
0.12092	0.00000000367268	21	21
0.12126	0.00000000381079	21	21
0.12080	0.00000000366091	21	21
0.12091	0.00000000362403	21	21
0.12100	0.00000000364727	21	21
0.12099	0.00000000367043	21	21
0.12094	0.00000000382085	21	21
0.12119	0.00000000365151	21	21
0.12090	0.00000000365294	21	21
0.12110	0.00000000366607	21	21
0.12090	0.00000000370735	21	21
0.12107	0.00000000372102	21	21
0.12103	0.00000000365238	21	21
0.12126	0.00000000365924	21	21
0.12072	0.00000000366224	21	21
0.12108	0.00000000381700	21	21
0.12114	0.00000000363278	21	21
0.12080	0.00000000364920	21	21
0.12110	0.00000000366063	21	21
0.12109	0.00000000382397	21	21
0.12092	0.00000000364571	21	21
0.12102	0.00000000362383	21	21
0.12107	0.00000000367666	21	21
0.12119	0.00000000383634	21	21
0.12094	0.00000000365160	21	21
0.12116	0.00000000365376	21	21
0.12095	0.00000000367988	21	21
0.12092	0.00000000373746	21	21
0.12126	0.00000000373904	21	21
0.12081	0.00000000363045	21	21
0.12094	0.00000000364464	21	21
0.12117	0.00000000365824	21	21
0.12077	0.00000000383711	21	21
0.12118	0.00000000365037	21	21
0.12132	0.00000000362124	21	21
0.12053	0.00000000375683	21	21
0.12097	0.00000000361322	21	21
0.12089	0.00000000361469	21	21
0.12120	0.00000000363226	21	21
0.12101	0.00000000362323	21	21
0.12093	0.00000000377581	21	21
0.12102	0.00000000361595	21	21
0.12094	0.00000000361528	21	21
0.12115	0.00000000361185	21	21
0.12088	0.00000000362186	21	21
0.12101	0.00000000379339	21	21
0.12112	0.00000000360436	21	21
0.12097	0.00000000360143	21	21
0.12111	0.00000000372774	21	21
0.12090	0.00000000378735	21	21
0.12102	0.00000000363663	21	21
0.12101	0.00000000360115	21	21
0.12103	0.00000000362099	21	21
0.12104	0.00000000380212	21	21
0.12096	0.00000000360789	21	21
0.12155	0.00000000358614	21	21
0.12040	0.00000000360995	21	21
0.12108	0.00000000379351	21	21
0.12126	0.00000000360287	21	21
0.12058	0.00000000361155	21	21
0.12117	0.00000000360534	21	21
0.12141	0.00000000379004	21	21
0.12137	0.00000000365605	21	21
0.12058	0.00000000358450	21	21
0.12134	0.00000000365015	21	21
0.12111	0.00000000364094	21	21
0.12096	0.00000000378166	21	21
0.12089	0.00000000360574	21	21
0.12091	0.00000000361684	21	21
0.12107	0.00000000360385	21	21
0.12114	0.00000000380036	21	21
0.12076	0.00000000361994	21	21
0.12113	0.00000000361113	21	21
0.12141	0.00000000362049	21	21
0.12052	0.00000000361603	21	21
0.12095	0.00000000373057	21	21
0.12097	0.00000000360134	21	21
0.12107	0.00000000363526	21	21
0.12094	0.00000000362194	21	21
0.12096	0.00000000378930	21	21
0.12103	0.00000000362321	21	21
0.12105	0.00000000360330	21	21
0.12105	0.00000000360853	21	21
0.12085	0.00000000371771	21	21
0.12111	0.00000000369917	21	21
0.12112	0.00000000361923	21	21
0.12089	0.00000000361302	21	21
0.12092	0.00000000362431	21	21
0.12098	0.00000000378971	21	21
0.12096	0.00000000361644	21	21
0.12092	0.00000000362498	21	21
0.12101	0.00000000361961	21	21
0.12103	0.00000000363564	21	21
0.12106	0.00000000378878	21	21
0.12095	0.00000000360042	21	21
0.12099	0.00000000362922	21	21
0.12084	0.00000000361708	21	21
0.12122	0.00000000378707	21	21
0.12143	0.00000000362807	21	21
0.12058	0.00000000361420	21	21
0.12097	0.00000000365936	21	21
0.12097	0.00000000363882	21	21
0.12103	0.00000000378361	21	21
0.12124	0.00000000362517	21	21
0.12070	0.00000000362926	21	21
0.12119	0.00000000363136	21	21
0.12116	0.00000000378149	21	21
0.12063	0.00000000360648	21	21
0.12124	0.00000000362667	21	21
0.12082	0.00000000361684	21	21
0.12106	0.00000000372227	21	21
0.12120	0.00000000369359	21	21
0.12104	0.00000000363032	21	21
0.12082	0.00000000362745	21	21
0.12112	0.00000000366540	21	21
0.12095	0.00000000381545	21	21
0.12084	0.00000000367050	21	21
0.12122	0.00000000366946	21	21
0.12104	0.00000000366807	21	21
0.12080	0.00000000372708	21	21
0.12127	0.00000000372417	21	21
0.12096	0.00000000364398	21	21
0.12073	0.00000000366090	21	21
0.12105	0.00000000382881	21	21
0.12120	0.00000000365437	21	21
0.12084	0.00000000365405	21	21
0.12110	0.00000000366851	21	21
0.12135	0.00000000366448	21	21
0.12064	0.00000000381736	21	21
0.12107	0.00000000367525	21	21
0.12111	0.00000000366732	21	21
0.12081	0.00000000366627	21	21
0.12098	0.00000000383084	21	21
0.12110	0.00000000363386	21	21
0.12100	0.00000000366620	21	21
0.12089	0.00000000365154	21	21
0.12119	0.00000000382907	21	21
0.12079	0.00000000366181	21	21
0.12110	0.00000000366469	21	21
0.12112	0.00000000363589	21	21
0.12078	0.00000000363389	21	21
0.12101	0.00000000377900	21	21
0.12103	0.00000000362592	21	21
0.12089	0.00000000364041	21	21
0.12110	0.00000000363428	21	21
0.12096	0.00000000377722	21	21
0.12100	0.00000000361846	21	21
0.12102	0.00000000367567	21	21
0.12102	0.00000000364862	21	21
0.12102	0.00000000366092	21	21
0.12096	0.00000000383164	21	21
0.12102	0.00000000364664	21	21
0.12064	0.00000000365110	21	21
0.12105	0.00000000363749	21	21
0.12089	0.00000000376586	21	21
0.12092	0.00000000364714	21	21
0.12118	0.00000000362330	21	21
0.12103	0.00000000361938	21	21
0.12071	0.00000000364888	21	21
0.12114	0.00000000373264	21	21
0.12112	0.00000000374948	21	21
0.12055	0.00000000366092	21	21
0.12146	0.00000000367008	21	21
0.12090	0.00000000373127	21	21
0.12071	0.00000000374352	21	21
0.12127	0.00000000366850	21	21
0.12089	0.00000000364916	21	21
0.12060	0.00000000359170	21	21
0.12155	0.00000000364805	21	21
0.12087	0.00000000372313	21	21
0.12067	0.00000000371346	21	21
0.12135	0.00000000363814	21	21
0.12097	0.00000000361064	21	21
0.12127	0.00000000361177	21	21
0.12080	0.00000000379156	21	21
0.12136	0.00000000362737	21	21
0.12077	0.00000000361278	21	21
0.12104	0.00000000364216	21	21
0.12114	0.00000000378767	21	21
0.14145	0.00000000643582	21	21
0.12071	0.00000000380844	21	21
0.12122	0.00000000362517	21	21
0.12114	0.00000000363067	21	21
0.12081	0.00000000361396	21	21
0.12120	0.00000000364810	21	21
0.12101	0.00000000377311	21	21
0.12086	0.00000000360515	21	21
0.12102	0.00000000363063	21	21
0.12093	0.00000000361810	21	21
0.12100	0.00000000379262	21	21
0.12106	0.00000000363456	21	21
0.12120	0.00000000360844	21	21
0.12092	0.00000000377654	21	21
0.14134	0.00000000658305	21	21
0.12144	0.00000000372265	21	21
0.12099	0.00000000359960	21	21
0.12070	0.00000000362944	21	21
0.12138	0.00000000364177	21	21
0.12090	0.00000000380113	21	21
0.12090	0.00000000361291	21	21
0.12119	0.00000000362673	21	21
0.12092	0.00000000361225	21	21
0.12103	0.00000000378724	21	21
0.12087	0.00000000363029	21	21
0.12102	0.00000000363300	21	21
0.12120	0.00000000361906	21	21
0.12083	0.00000000361587	21	21
0.12108	0.00000000373257	21	21
0.12077	0.00000000367753	21	21
0.12111	0.00000000365346	21	21
0.12095	0.00000000363865	21	21
0.12109	0.00000000363540	21	21
0.12099	0.00000000379459	21	21
0.12106	0.00000000361883	21	21
0.12116	0.00000000360930	21	21
0.12089	0.00000000363120	21	21
0.12091	0.00000000370469	21	21
0.12113	0.00000000370996	21	21
0.12093	0.00000000360414	21	21
0.12092	0.00000000362312	21	21
0.14146	0.00000000624036	21	21
0.12081	0.00000000363258	21	21
0.12114	0.00000000377199	21	21
0.12102	0.00000000363431	21	21
0.12097	0.00000000361225	21	21
0.12118	0.00000000363388	21	21
0.12084	0.00000000377020	21	21
0.12119	0.00000000360659	21	21
0.12081	0.00000000361076	21	21
0.12103	0.00000000364345	21	21
0.12102	0.00000000382023	21	21
0.12088	0.00000000365982	21	21
0.12116	0.00000000365827	21	21
0.12105	0.00000000365420	21	21
0.14108	0.00000000628184	21	21
0.12060	0.00000000364953	21	21
0.12112	0.00000000379791	21	21
0.12090	0.00000000365474	21	21
0.12088	0.00000000366016	21	21
0.12118	0.00000000366961	21	21
0.12091	0.00000000372618	21	21
0.12108	0.00000000373971	21	21
0.12093	0.00000000366441	21	21
0.12142	0.00000000365867	21	21
0.12095	0.00000000364848	21	21
0.12079	0.00000000382329	21	21
0.12146	0.00000000366732	21	21
0.12092	0.00000000365652	21	21
0.13726	0.00000000641273	21	21
0.12189	0.00000000373511	21	21
0.12196	0.00000000388195	21	21
0.12190	0.00000000365460	21	21
0.12189	0.00000000382365	21	21
0.12248	0.00000000383726	21	21
0.12168	0.00000000367693	21	21
0.12148	0.00000000370472	21	21
0.12115	0.00000000364638	21	21
0.12087	0.00000000383590	21	21
0.12088	0.00000000366656	21	21
0.12127	0.00000000367352	21	21
0.12169	0.00000000373057	21	21
0.12165	0.00000000369574	21	21
0.12121	0.00000000364905	21	21
0.12117	0.00000000360027	21	21
0.12092	0.00000000361000	21	21
0.12099	0.00000000373569	21	21
0.12119	0.00000000373687	21	21
0.12091	0.00000000364160	21	21
0.12090	0.00000000364485	21	21
0.12097	0.00000000382356	21	21
0.12163	0.00000000365064	21	21
0.12046	0.00000000364450	21	21
0.12101	0.00000000364628	21	21
0.12120	0.00000000365885	21	21
0.12072	0.00000000381632	21	21
0.12112	0.00000000366154	21	21
0.12101	0.00000000372580	21	21
0.12123	0.00000000362634	21	21
0.12075	0.00000000366795	21	21
0.12098	0.00000000366121	21	21
0.12121	0.00000000384513	21	21
0.12076	0.00000000364286	21	21
0.12111	0.00000000366530	21	21
0.12101	0.00000000365753	21	21
0.12090	0.00000000382726	21	21
0.12104	0.00000000366523	21	21
0.12110	0.00000000365360	21	21
0.12087	0.00000000366329	21	21
0.12108	0.00000000375898	21	21
0.12109	0.00000000375311	21	21
0.12091	0.00000000372258	21	21
0.12094	0.00000000371171	21	21
0.12108	0.00000000362590	21	21
0.12093	0.00000000366504	21	21
0.12111	0.00000000366831	21	21
0.12144	0.00000000384243	21	21
0.12102	0.00000000365302	21	21
0.12093	0.00000000365323	21	21
0.12102	0.00000000365366	21	21
0.12093	0.00000000382772	21	21
0.12095	0.00000000364661	21	21
0.12110	0.00000000366858	21	21
0.12089	0.00000000364699	21	21
0.12080	0.00000000375338	21	21
0.13823	0.00000000624652	21	21
0.12094	0.00000000367447	21	21
0.12107	0.00000000366480	21	21
0.12108	0.00000000366434	21	21
0.12100	0.00000000368379	21	21
0.12105	0.00000000384407	21	21
0.12107	0.00000000365848	21	21
0.12103	0.00000000367412	21	21
0.12103	0.00000000365187	21	21
0.12134	0.00000000382380	21	21
0.12081	0.00000000364766	21	21
0.12090	0.00000000365266	21	21
0.12118	0.00000000365278	21	21
0.12067	0.00000000384549	21	21
0.12093	0.00000000379829	21	21
0.12126	0.00000000361506	21	21
0.12084	0.00000000363476	21	21
0.12103	0.00000000364611	21	21
0.12111	0.00000000382349	21	21
0.12062	0.00000000366435	21	21
0.12120	0.00000000365086	21	21
0.12101	0.00000000363500	21	21
0.12109	0.00000000367973	21	21
0.12084	0.00000000383053	21	21
0.12099	0.00000000364643	21	21
0.12094	0.00000000364338	21	21
0.12111	0.00000000366756	21	21
0.12095	0.00000000370543	21	21
0.12104	0.00000000371017	21	21
0.12097	0.00000000361467	21	21
0.12114	0.00000000362002	21	21
0.12097	0.00000000361752	21	21
0.12099	0.00000000377930	21	21
0.12109	0.00000000360472	21	21
0.12087	0.00000000362285	21	21
0.12117	0.00000000363310	21	21
0.12089	0.00000000381684	21	21
0.12099	0.00000000364141	21	21
0.12108	0.00000000364660	21	21
0.12081	0.00000000366990	21	21
0.12090	0.00000000364028	21	21
0.12100	0.00000000379340	21	21
0.12102	0.00000000361411	21	21
0.12098	0.00000000362973	21	21
0.12105	0.00000000361644	21	21
0.12133	0.00000000380797	21	21
0.12076	0.00000000360967	21	21
0.12099	0.00000000364516	21	21
0.12108	0.00000000365948	21	21
0.12088	0.00000000382813	21	21
0.12108	0.00000000365059	21	21
0.12098	0.00000000363287	21	21
0.12081	0.00000000366605	21	21
0.12108	0.00000000373056	21	21
0.12100	0.00000000361261	21	21
0.12092	0.00000000363356	21	21
0.12102	0.00000000363372	21	21
0.12124	0.00000000379341	21	21
0.12084	0.00000000361451	21	21
0.12100	0.00000000365019	21	21
0.12099	0.00000000365697	21	21
0.12093	0.00000000367638	21	21
0.12105	0.00000000382843	21	21
0.12094	0.00000000364612	21	21
0.12091	0.00000000366366	21	21
0.12114	0.00000000368600	21	21
0.12100	0.00000000370925	21	21
0.12090	0.00000000362691	21	21
0.12115	0.00000000361680	21	21
0.12093	0.00000000366522	21	21
0.12117	0.00000000384483	21	21
0.12105	0.00000000366242	21	21
0.12099	0.00000000364852	21	21
0.12105	0.00000000367391	21	21
0.12103	0.00000000385215	21	21
0.12102	0.00000000365951	21	21
0.12069	0.00000000366793	21	21
0.12121	0.00000000366366	21	21
0.12108	0.00000000366667	21	21
0.12098	0.00000000371608	21	21
0.12110	0.00000000369536	21	21
0.12095	0.00000000362494	21	21
0.12088	0.00000000363677	21	21
0.12113	0.00000000362259	21	21
0.12100	0.00000000377969	21	21
0.12091	0.00000000360604	21	21
0.12136	0.00000000361981	21	21
0.12057	0.00000000364089	21	21
0.12093	0.00000000380275	21	21
0.12114	0.00000000362731	21	21
0.12109	0.00000000362209	21	21
0.12045	0.00000000362670	21	21
0.12107	0.00000000362826	21	21
0.12103	0.00000000364441	21	21
0.12046	0.00000000382726	21	21
0.12143	0.00000000368474	21	21
0.12105	0.00000000365941	21	21
0.12069	0.00000000365641	21	21
0.12128	0.00000000365664	21	21
0.12114	0.00000000383569	21	21
0.12090	0.00000000364945	21	21
0.12101	0.00000000367751	21	21
0.12098	0.00000000365204	21	21
0.12091	0.00000000374195	21	21
0.12108	0.00000000376178	21	21
0.12106	0.00000000365816	21	21
0.12069	0.00000000365429	21	21
0.12135	0.00000000369312	21	21
0.12104	0.00000000365868	21	21
0.12110	0.00000000382650	21	21
0.12086	0.00000000367707	21	21
0.12108	0.00000000363936	21	21
0.12103	0.00000000364841	21	21
0.12084	0.00000000384990	21	21
0.12113	0.00000000364715	21	21
0.12084	0.00000000365864	21	21
0.12114	0.00000000367101	21	21
0.12095	0.00000000381565	21	21
0.12056	0.00000000363211	21	21
0.12144	0.00000000367474	21	21
0.12109	0.00000000366043	21	21
0.12069	0.00000000383205	21	21
0.12125	0.00000000367955	21	21
0.12097	0.00000000364759	21	21
0.12093	0.00000000364509	21	21
0.12116	0.00000000367838	21	21
0.12092	0.00000000381856	21	21
0.12121	0.00000000365763	21	21
0.12078	0.00000000366432	21	21
0.12109	0.00000000365858	21	21
0.12111	0.00000000383340	21	21
0.12132	0.00000000364347	21	21
0.12096	0.00000000360403	21	21
0.12090	0.00000000363205	21	21
0.12139	0.00000000373753	21	21
0.12097	0.00000000370585	21	21
0.12082	0.00000000361025	21	21
0.12115	0.00000000361452	21	21
0.12115	0.00000000362651	21	21
0.12118	0.00000000378390	21	21
0.12078	0.00000000366017	21	21
0.12094	0.00000000366610	21	21
0.12125	0.00000000365211	21	21
0.12070	0.00000000375363	21	21
0.12128	0.00000000377178	21	21
0.12088	0.00000000364938	21	21
0.12103	0.00000000367982	21	21
0.12102	0.00000000367802	21	21
0.12140	0.00000000383638	21	21
0.12055	0.00000000365911	21	21
0.12100	0.00000000365414	21	21
0.12125	0.00000000368428	21	21
0.12087	0.00000000381856	21	21
0.12095	0.00000000364977	21	21
0.12101	0.00000000367040	21	21
0.12107	0.00000000365923	21	21
0.12098	0.00000000374532	21	21
0.12071	0.00000000363190	21	21
0.12115	0.00000000361850	21	21
0.12109	0.00000000363286	21	21
0.12121	0.00000000370853	21	21
0.12085	0.00000000371256	21	21
0.12086	0.00000000361102	21	21
0.12157	0.00000000359930	21	21
0.12048	0.00000000373918	21	21
0.12107	0.00000000373926	21	21
0.12106	0.00000000365780	21	21
0.12087	0.00000000367130	21	21
0.12115	0.00000000365749	21	21
0.12136	0.00000000383517	21	21
0.14093	0.00000000656009	21	21
0.12142	0.00000000365316	21	21
0.12097	0.00000000361296	21	21
0.12085	0.00000000370428	21	21
0.12104	0.00000000372589	21	21
0.12106	0.00000000364023	21	21
0.12079	0.00000000363560	21	21
0.12130	0.00000000366059	21	21
0.12096	0.00000000384167	21	21
0.12077	0.00000000364421	21	21
0.12135	0.00000000368464	21	21
0.12094	0.00000000367211	21	21
0.12088	0.00000000375391	21	21
0.12104	0.00000000374952	21	21
0.14191	0.00000000648757	21	21
0.12102	0.00000000366100	21	21
0.12072	0.00000000365949	21	21
0.12140	0.00000000385638	21	21
0.12080	0.00000000366414	21	21
0.12075	0.00000000367349	21	21
0.12128	0.00000000366971	21	21
0.12110	0.00000000372881	21	21
0.12076	0.00000000375891	21	21
0.12137	0.00000000367294	21	21
0.12108	0.00000000366663	21	21
0.12073	0.00000000365659	21	21
0.12119	0.00000000383360	21	21
0.12104	0.00000000366581	21	21
0.12062	0.00000000367275	21	21
0.12129	0.00000000366182	21	21
0.12132	0.00000000368658	21	21
0.12073	0.00000000383442	21	21
0.12127	0.00000000368189	21	21
0.12090	0.00000000364599	21	21
0.12084	0.00000000364821	21	21
0.12122	0.00000000377316	21	21
0.12096	0.00000000373990	21	21
0.12130	0.00000000365092	21	21
0.12076	0.00000000366284	21	21
0.12098	0.00000000366493	21	21
0.12118	0.00000000382007	21	21
0.14084	0.00000000665080	21	21
0.12132	0.00000000366289	21	21
0.12085	0.00000000361029	21	21
0.12107	0.00000000364793	21	21
0.12098	0.00000000364837	21	21
0.12098	0.00000000382946	21	21
0.12103	0.00000000364740	21	21
0.12099	0.00000000365489	21	21
0.12096	0.00000000367571	21	21
0.12102	0.00000000384117	21	21
0.12098	0.00000000368304	21	21
0.12100	0.00000000366654	21	21
0.12125	0.00000000366513	21	21
0.12083	0.00000000373728	21	21
0.12109	0.00000000363837	21	21
0.12094	0.00000000361303	21	21
0.12098	0.00000000369814	21	21
0.12112	0.00000000369354	21	21
0.12099	0.00000000382357	21	21
0.12076	0.00000000366838	21	21
0.12125	0.00000000366496	21	21
0.12084	0.00000000365710	21	21
0.12107	0.00000000375389	21	21
0.12109	0.00000000375154	21	21
0.12113	0.00000000367099	21	21
0.12092	0.00000000365421	21	21
0.12097	0.00000000364740	21	21
0.14184	0.00000000631040	21	21
0.12139	0.00000000384467	21	21
0.12050	0.00000000364017	21	21
0.12101	0.00000000368051	21	21
0.12112	0.00000000366109	21	21
0.12092	0.00000000376486	21	21
0.12096	0.00000000374460	21	21
0.12119	0.00000000366046	21	21
0.12066	0.00000000366180	21	21
0.12123	0.00000000384514	21	21
0.12103	0.00000000366191	21	21
0.12080	0.00000000367505	21	21
0.12110	0.00000000366138	21	21
0.12107	0.00000000382087	21	21
0.14120	0.00000000655530	21	21
0.12106	0.00000000368359	21	21
0.12108	0.00000000364446	21	21
0.12086	0.00000000367115	21	21
0.12104	0.00000000367638	21	21
0.12110	0.00000000386876	21	21
0.12092	0.00000000365040	21	21
0.12109	0.00000000365518	21	21
0.12099	0.00000000365794	21	21
0.12113	0.00000000382375	21	21
0.12079	0.00000000366819	21	21
0.12105	0.00000000365993	21	21
0.12119	0.00000000365875	21	21
0.12069	0.00000000383496	21	21
0.14116	0.00000000667985	21	21
0.12087	0.00000000375231	21	21
0.12127	0.00000000365115	21	21
0.12097	0.00000000368585	21	21
0.12095	0.00000000366354	21	21
0.12121	0.00000000384672	21	21
0.12091	0.00000000366002	21	21
0.12108	0.00000000365468	21	21
0.12098	0.00000000365488	21	21
0.12098	0.00000000385255	21	21
0.12083	0.00000000365098	21	21
0.12110	0.00000000368811	21	21
0.12089	0.00000000366438	21	21
0.12117	0.00000000375258	21	21
0.14105	0.00000000632692	21	21
0.12108	0.00000000373087	21	21
0.12107	0.00000000360384	21	21
0.12081	0.00000000362947	21	21
0.12102	0.00000000362349	21	21
0.12104	0.00000000382357	21	21
0.12101	0.00000000360220	21	21
0.12102	0.00000000361240	21	21
0.12078	0.00000000361812	21	21
0.12134	0.00000000381238	21	21
0.12134	0.00000000365890	21	21
0.12068	0.00000000367032	21	21
0.12105	0.00000000365880	21	21
0.12151	0.00000000385387	21	21
0.12240	0.00000000373282	21	21
0.12197	0.00000000372865	21	21
0.12139	0.00000000389967	21	21
0.12163	0.00000000370352	21	21
0.12114	0.00000000365282	21	21
0.12069	0.00000000365874	21	21
0.12245	0.00000000387885	21	21
0.12132	0.00000000365771	21	21
0.12102	0.00000000368217	21	21
0.12111	0.00000000367825	21	21
0.12081	0.00000000383455	21	21
0.12126	0.00000000367460	21	21
0.12090	0.00000000382525	21	21
0.12130	0.00000000366224	21	21
0.12090	0.00000000367481	21	21
0.12112	0.00000000366321	21	21
0.12093	0.00000000366889	21	21
0.12091	0.00000000383542	21	21
0.12147	0.00000000365596	21	21
0.12060	0.00000000365450	21	21
0.12091	0.00000000366169	21	21
0.12104	0.00000000384018	21	21
0.12109	0.00000000367474	21	21
0.12091	0.00000000367692	21	21
0.12112	0.00000000365597	21	21
0.12097	0.00000000385756	21	21
0.12099	0.00000000364105	21	21
0.12088	0.00000000361078	21	21
0.12108	0.00000000379601	21	21
0.12099	0.00000000362003	21	21
0.12101	0.00000000363715	21	21
0.12099	0.00000000362929	21	21
0.12105	0.00000000379546	21	21
0.12032	0.00000000362431	21	21
0.12164	0.00000000363609	21	21
0.12086	0.00000000364021	21	21
0.12076	0.00000000366203	21	21
0.12123	0.00000000384774	21	21
0.12104	0.00000000365441	21	21
0.12093	0.00000000367508	21	21
0.13926	0.00000000630639	21	21
0.12101	0.00000000368408	21	21
0.12098	0.00000000373736	21	21
0.12112	0.00000000377689	21	21
0.12084	0.00000000365530	21	21
0.12127	0.00000000367114	21	21
0.12083	0.00000000366733	21	21
0.12087	0.00000000383228	21	21
0.12144	0.00000000365497	21	21
0.12073	0.00000000364261	21	21
0.12086	0.00000000366803	21	21
0.12122	0.00000000384687	21	21
0.12095	0.00000000364478	21	21
0.12055	0.00000000368364	21	21
0.12114	0.00000000363425	21	21
0.12109	0.00000000365073	21	21
0.12072	0.00000000385042	21	21
0.12135	0.00000000368597	21	21
0.12094	0.00000000366566	21	21
0.12094	0.00000000373146	21	21
0.12102	0.00000000373534	21	21
0.12109	0.00000000365798	21	21
0.12070	0.00000000366334	21	21
0.12122	0.00000000366439	21	21
0.12107	0.00000000384201	21	21
0.12069	0.00000000364635	21	21
0.12123	0.00000000369513	21	21
0.12094	0.00000000360992	21	21
0.12087	0.00000000379570	21	21
0.12108	0.00000000363566	21	21
0.12105	0.00000000363992	21	21
0.12078	0.00000000363561	21	21
0.12123	0.00000000366411	21	21
0.12100	0.00000000381790	21	21
0.12071	0.00000000366278	21	21
0.12119	0.00000000368681	21	21
0.12065	0.00000000364955	21	21
0.12097	0.00000000377010	21	21
0.12152	0.00000000375840	21	21
0.12091	0.00000000366973	21	21
0.12090	0.00000000367569	21	21
0.12095	0.00000000366641	21	21
0.12116	0.00000000385632	21	21
0.12040	0.00000000367179	21	21
0.12156	0.00000000369113	21	21
0.12082	0.00000000366129	21	21
0.12082	0.00000000365511	21	21
0.12135	0.00000000367022	21	21
0.12090	0.00000000384085	21	21
0.12078	0.00000000366017	21	21
0.12136	0.00000000367966	21	21
0.12094	0.00000000364854	21	21
0.12121	0.00000000383811	21	21
0.12138	0.00000000377283	21	21
0.12105	0.00000000365942	21	21
0.12075	0.00000000367397	21	21
0.12119	0.00000000369028	21	21
0.12108	0.00000000384506	21	21
0.12095	0.00000000365689	21	21
0.12091	0.00000000366119	21	21
0.12103	0.00000000366656	21	21
0.12113	0.00000000368247	21	21
0.12093	0.00000000383790	21	21
0.12111	0.00000000366253	21	21
0.12101	0.00000000367167	21	21
0.12074	0.00000000366090	21	21
0.12050	0.00000000367489	21	21
0.12096	0.00000000382781	21	21
0.12105	0.00000000367931	21	21
0.12096	0.00000000367102	21	21
0.12116	0.00000000367052	21	21
0.12082	0.00000000366278	21	21
0.12094	0.00000000382789	21	21
0.12109	0.00000000367354	21	21
0.12096	0.00000000367019	21	21
0.12107	0.00000000366152	21	21
0.12105	0.00000000383572	21	21
0.12090	0.00000000366216	21	21
0.12102	0.00000000366151	21	21
0.12102	0.00000000364165	21	21
0.12078	0.00000000365438	21	21
0.12123	0.00000000385104	21	21
0.12110	0.00000000366855	21	21
0.12072	0.00000000368103	21	21
0.12123	0.00000000367122	21	21
0.12097	0.00000000373565	21	21
0.12077	0.00000000375535	21	21
0.12109	0.00000000367643	21	21
0.12113	0.00000000365618	21	21
0.12090	0.00000000368013	21	21
0.12122	0.00000000384238	21	21
0.12078	0.00000000365524	21	21
0.14126	0.00000000660173	21	21
0.12091	0.00000000368546	21	21
0.12073	0.00000000365133	21	21
0.12118	0.00000000368483	21	21
0.12092	0.00000000385056	21	21
0.12119	0.00000000369724	21	21
0.12099	0.00000000366340	21	21
0.12075	0.00000000364704	21	21
0.12129	0.00000000377003	21	21
0.12097	0.00000000376795	21	21
0.12072	0.00000000367221	21	21
0.12126	0.00000000369138	21	21
0.12114	0.00000000366048	21	21
0.12070	0.00000000383179	21	21
0.12137	0.00000000376750	21	21
0.12103	0.00000000375530	21	21
0.12073	0.00000000367277	21	21
0.12121	0.00000000369004	21	21
0.12107	0.00000000366807	21	21
0.12081	0.00000000382558	21	21
0.12108	0.00000000365734	21	21
0.12091	0.00000000367809	21	21
0.12123	0.00000000366654	21	21
0.12096	0.00000000367547	21	21
0.12095	0.00000000384592	21	21
0.12115	0.00000000366470	21	21
0.12088	0.00000000365326	21	21
0.12086	0.00000000367552	21	21
0.12081	0.00000000382834	21	21
0.12131	0.00000000369068	21	21
0.12093	0.00000000367889	21	21
0.12100	0.00000000367069	21	21
0.12096	0.00000000367801	21	21
0.12111	0.00000000381649	21	21
0.12112	0.00000000367531	21	21
0.12078	0.00000000367163	21	21
0.12117	0.00000000366496	21	21
0.12151	0.00000000383761	21	21
0.12034	0.00000000364988	21	21
0.12107	0.00000000365431	21	21
0.12075	0.00000000369204	21	21
0.12122	0.00000000374741	21	21
0.12103	0.00000000376752	21	21
0.12096	0.00000000367889	21	21
0.12103	0.00000000368906	21	21
0.12093	0.00000000365984	21	21
0.12124	0.00000000383541	21	21
0.12082	0.00000000366477	21	21
0.12107	0.00000000366262	21	21
0.12106	0.00000000366596	21	21
0.12083	0.00000000385499	21	21
0.12099	0.00000000367399	21	21
0.12150	0.00000000364410	21	21
0.12114	0.00000000369697	21	21
0.12102	0.00000000365078	21	21
0.12102	0.00000000385695	21	21
0.12088	0.00000000367932	21	21
0.12108	0.00000000368765	21	21
0.12113	0.00000000365104	21	21
0.12078	0.00000000382824	21	21
0.12115	0.00000000367320	21	21
0.12116	0.00000000366229	21	21
0.12078	0.00000000366902	21	21
0.12107	0.00000000384861	21	21
0.12105	0.00000000365755	21	21
0.12056	0.00000000365856	21	21
0.14101	0.00000000635288	21	21
0.12151	0.00000000367722	21	21
0.12015	0.00000000381237	21	21
0.12128	0.00000000369519	21	21
0.12094	0.00000000367097	21	21
0.12108	0.00000000368465	21	21
0.12097	0.00000000374589	21	21
0.12112	0.00000000374420	21	21
0.12108	0.00000000367619	21	21
0.12077	0.00000000365653	21	21
0.12106	0.00000000384316	21	21
0.12100	0.00000000368754	21	21
0.12088	0.00000000366675	21	21
0.12103	0.00000000366105	21	21
0.14100	0.00000000624721	21	21
0.12078	0.00000000368261	21	21
0.12122	0.00000000383166	21	21
0.12085	0.00000000367374	21	21
0.12085	0.00000000368407	21	21
0.12128	0.00000000368100	21	21
0.12090	0.00000000367102	21	21
0.12120	0.00000000383247	21	21
0.12078	0.00000000364925	21	21
0.12111	0.00000000367913	21	21
0.12108	0.00000000365776	21	21
0.12079	0.00000000385869	21	21
0.12115	0.00000000366570	21	21
0.12102	0.00000000366255	21	21
0.14102	0.00000000624932	21	21
0.12103	0.00000000369548	21	21
0.12123	0.00000000382639	21	21
0.12089	0.00000000368425	21	21
0.12095	0.00000000369175	21	21
0.12115	0.00000000367796	21	21
0.12113	0.00000000365728	21	21
0.12080	0.00000000383585	21	21
0.12093	0.00000000366680	21	21
0.12121	0.00000000366216	21	21
0.12095	0.00000000366912	21	21
0.12091	0.00000000382457	21	21
0.12143	0.00000000367641	21	21
0.12063	0.00000000365979	21	21
0.12093	0.00000000364744	21	21
0.12116	0.00000000363053	21	21
0.12078	0.00000000368182	21	21
0.12121	0.00000000385821	21	21
0.12101	0.00000000366350	21	21
0.12082	0.00000000367480	21	21
0.12101	0.00000000367249	21	21
0.12108	0.00000000383065	21	21
0.12093	0.00000000369464	21	21
0.12118	0.00000000366890	21	21
0.12087	0.00000000366144	21	21
0.12050	0.00000000368250	21	21
0.12152	0.00000000385799	21	21
0.12099	0.00000000382532	21	21
0.12104	0.00000000360703	21	21
0.12106	0.00000000364594	21	21
0.12110	0.00000000367798	21	21
0.12103	0.00000000385632	21	21
0.12078	0.00000000366012	21	21
0.12104	0.00000000367841	21	21
0.12100	0.00000000366216	21	21
0.12078	0.00000000367401	21	21
0.12123	0.00000000385309	21	21
0.12107	0.00000000366787	21	21
0.12054	0.00000000367256	21	21
0.12154	0.00000000367606	21	21
0.12066	0.00000000394148	21	21
0.12111	0.00000000364912	21	21
0.12076	0.00000000359605	21	21
0.12115	0.00000000369396	21	21
0.12113	0.00000000385659	21	21
0.12081	0.00000000367154	21	21
0.12115	0.00000000367530	21	21
0.12092	0.00000000366711	21	21
0.12138	0.00000000376057	21	21
0.12072	0.00000000375118	21	21
0.12087	0.00000000367982	21	21
0.12117	0.00000000367257	21	21
0.12079	0.00000000367519	21	21
0.12097	0.00000000384210	21	21
0.12095	0.00000000366491	21	21
0.11465	0.00000000470638	21	21
0.12102	0.00000000377232	21	21
0.12082	0.00000000373685	21	21
0.12102	0.00000000367986	21	21
0.12102	0.00000000366223	21	21
0.12082	0.00000000369283	21	21
0.12119	0.00000000385466	21	21
0.12137	0.00000000366193	21	21
0.12050	0.00000000366844	21	21
0.12119	0.00000000367718	21	21
0.12092	0.00000000384480	21	21
0.12081	0.00000000367214	21	21
0.12114	0.00000000369097	21	21
0.12109	0.00000000365286	21	21
0.12085	0.00000000375023	21	21
0.12079	0.00000000364818	21	21
0.12113	0.00000000379084	21	21
0.12099	0.00000000367807	21	21
0.12096	0.00000000367234	21	21
0.12115	0.00000000369076	21	21
0.12096	0.00000000365987	21	21
0.12083	0.00000000386171	21	21
0.12121	0.00000000367854	21	21
0.12088	0.00000000365280	21	21
0.12068	0.00000000367776	21	21
0.12123	0.00000000368379	21	21
0.12106	0.00000000385327	21	21
0.12067	0.00000000365869	21	21
0.12157	0.00000000370843	21	21
0.12136	0.00000000388788	21	21
0.12116	0.00000000365905	21	21
0.12063	0.00000000366737	21	21
0.12116	0.00000000368707	21	21
0.12121	0.00000000377181	21	21
0.12115	0.00000000374788	21	21
0.12079	0.00000000367530	21	21
0.12090	0.00000000365902	21	21
0.12129	0.00000000374422	21	21
0.12074	0.00000000375229	21	21
0.12105	0.00000000366273	21	21
0.12103	0.00000000367610	21	21
0.12088	0.00000000367919	21	21
0.12100	0.00000000384953	21	21
0.12090	0.00000000366504	21	21
0.12123	0.00000000366848	21	21
0.12079	0.00000000375660	21	21
0.12114	0.00000000376420	21	21
0.12098	0.00000000368606	21	21
0.12098	0.00000000367748	21	21
0.12117	0.00000000368058	21	21
0.12092	0.00000000383253	21	21
0.12068	0.00000000368147	21	21
0.12135	0.00000000368466	21	21
0.12098	0.00000000365928	21	21
0.12062	0.00000000367594	21	21
0.12139	0.00000000384836	21	21
0.12095	0.00000000368898	21	21
0.12078	0.00000000385300	21	21
0.12133	0.00000000369018	21	21
0.12103	0.00000000366886	21	21
0.12086	0.00000000367490	21	21
0.12118	0.00000000368642	21	21
0.12127	0.00000000385155	21	21
0.12076	0.00000000365682	21	21
0.12121	0.00000000368176	21	21
0.12207	0.00000000372894	21	21
0.12159	0.00000000388354	21	21
0.12161	0.00000000372152	21	21
0.12172	0.00000000371589	21	21
0.12201	0.00000000372928	21	21
0.12117	0.00000000370824	21	21
0.12110	0.00000000375258	21	21
0.12110	0.00000000376387	21	21
0.12189	0.00000000376323	21	21
0.12087	0.00000000368061	21	21
0.12147	0.00000000369790	21	21
0.12096	0.00000000383291	21	21
0.12073	0.00000000366376	21	21
0.12137	0.00000000370421	21	21
0.12109	0.00000000367566	21	21
0.12095	0.00000000367018	21	21
0.12097	0.00000000375231	21	21
0.12107	0.00000000378770	21	21
0.12082	0.00000000367867	21	21
0.12119	0.00000000367140	21	21
0.12113	0.00000000369226	21	21
0.12085	0.00000000367777	21	21
0.12116	0.00000000385520	21	21
0.12095	0.00000000367408	21	21
0.12121	0.00000000365155	21	21
0.12080	0.00000000367751	21	21
0.12103	0.00000000386946	21	21
0.12121	0.00000000366979	21	21
0.12097	0.00000000367366	21	21
0.12113	0.00000000366939	21	21
0.12114	0.00000000385471	21	21
0.12108	0.00000000386034	21	21
0.12103	0.00000000365975	21	21
0.12104	0.00000000367679	21	21
0.12084	0.00000000368976	21	21
0.12121	0.00000000384917	21	21
0.12104	0.00000000366537	21	21
0.12076	0.00000000365568	21	21
0.12119	0.00000000367079	21	21
0.12093	0.00000000386270	21	21
0.12089	0.00000000367954	21	21
0.12114	0.00000000366673	21	21
0.12099	0.00000000365910	21	21
0.12080	0.00000000369789	21	21
0.12106	0.00000000385912	21	21
0.12108	0.00000000366379	21	21
0.12084	0.00000000368108	21	21
0.12099	0.00000000368981	21	21
0.12128	0.00000000384119	21	21
0.12077	0.00000000366838	21	21
0.12099	0.00000000365957	21	21
0.12110	0.00000000367013	21	21
0.12069	0.00000000368233	21	21
0.12119	0.00000000385434	21	21
0.12111	0.00000000367833	21	21
0.12089	0.00000000366677	21	21
0.12114	0.00000000368109	21	21
0.12111	0.00000000368552	21	21
0.12078	0.00000000384121	21	21
0.12117	0.00000000367557	21	21
0.12112	0.00000000369157	21	21
0.12080	0.00000000368579	21	21
0.12104	0.00000000383910	21	21
0.12101	0.00000000365804	21	21
0.12086	0.00000000367007	21	21
0.12107	0.00000000367409	21	21
0.12099	0.00000000383198	21	21
0.12105	0.00000000368969	21	21
0.12111	0.00000000366275	21	21
0.12098	0.00000000366815	21	21
0.12087	0.00000000370770	21	21
0.12133	0.00000000375432	21	21
0.12071	0.00000000375162	21	21
0.12091	0.00000000369884	21	21
0.12114	0.00000000368045	21	21
0.12103	0.00000000375041	21	21
0.12081	0.00000000374383	21	21
0.12125	0.00000000367963	21	21
0.12101	0.00000000368104	21	21
0.12050	0.00000000365232	21	21
0.12123	0.00000000377899	21	21
0.12114	0.00000000377996	21	21
0.12054	0.00000000367820	21	21
0.12111	0.00000000368955	21	21
0.12106	0.00000000367192	21	21
0.12067	0.00000000386584	21	21
0.12126	0.00000000368942	21	21
0.12106	0.00000000370028	21	21
0.12048	0.00000000364842	21	21
0.12146	0.00000000368832	21	21
0.12102	0.00000000384844	21	21
0.12078	0.00000000367706	21	21
0.12167	0.00000000369466	21	21
0.12088	0.00000000367118	21	21
0.12081	0.00000000375198	21	21
0.12110	0.00000000377878	21	21
0.12100	0.00000000368875	21	21
0.12076	0.00000000366472	21	21
0.12137	0.00000000369530	21	21
0.12098	0.00000000366678	21	21
0.12099	0.00000000386525	21	21
0.12090	0.00000000367463	21	21
0.12105	0.00000000365942	21	21
0.12150	0.00000000367548	21	21
0.12044	0.00000000384936	21	21
0.12114	0.00000000366592	21	21
0.12108	0.00000000366030	21	21
0.12073	0.00000000369461	21	21
0.12110	0.00000000366353	21	21
0.14110	0.00000000663199	21	21
0.12088	0.00000000386056	21	21
0.12109	0.00000000369101	21	21
0.12118	0.00000000368640	21	21
0.12093	0.00000000365581	21	21
0.12097	0.00000000370578	21	21
0.12084	0.00000000384135	21	21
0.12123	0.00000000366169	21	21
0.12089	0.00000000368552	21	21
0.12101	0.00000000367350	21	21
0.12099	0.00000000384365	21	21
0.12100	0.00000000368041	21	21
0.12109	0.00000000367959	21	21
0.12106	0.00000000366590	21	21
0.12080	0.00000000370220	21	21
0.12108	0.00000000384180	21	21
0.12099	0.00000000368500	21	21
0.12097	0.00000000367413	21	21
0.12103	0.00000000369352	21	21
0.12106	0.00000000382871	21	21
0.12092	0.00000000366506	21	21
0.12111	0.00000000367830	21	21
0.12096	0.00000000367383	21	21
0.12080	0.00000000367588	21	21
0.12113	0.00000000386242	21	21
0.12099	0.00000000367758	21	21
0.12085	0.00000000368206	21	21
0.14088	0.00000000629527	21	21
0.12101	0.00000000369142	21	21
0.12125	0.00000000382296	21	21
0.12066	0.00000000369639	21	21
0.12110	0.00000000367948	21	21
0.12121	0.00000000368505	21	21
0.12078	0.00000000375308	21	21
0.12109	0.00000000375275	21	21
0.12090	0.00000000368083	21	21
0.12101	0.00000000366510	21	21
0.12104	0.00000000367892	21	21
0.12103	0.00000000385572	21	21
0.12089	0.00000000367178	21	21
0.12115	0.00000000367369	21	21
0.14188	0.00000000647908	21	21
0.12093	0.00000000381247	21	21
0.12079	0.00000000362635	21	21
0.12142	0.00000000364732	21	21
0.12093	0.00000000363742	21	21
0.12099	0.00000000382654	21	21
0.12100	0.00000000362667	21	21
0.12104	0.00000000365164	21	21
0.12089	0.00000000367196	21	21
0.12144	0.00000000370853	21	21
0.12094	0.00000000385204	21	21
0.12101	0.00000000368131	21	21
0.12094	0.00000000368264	21	21
0.12102	0.00000000367036	21	21
0.12090	0.00000000365928	21	21
0.12081	0.00000000365916	21	21
0.12126	0.00000000386717	21	21
0.12124	0.00000000367770	21	21
0.12054	0.00000000368476	21	21
0.12122	0.00000000367281	21	21
0.12104	0.00000000368411	21	21
0.12154	0.00000000384757	21	21
0.12056	0.00000000366489	21	21
0.12102	0.00000000367645	21	21
0.12111	0.00000000368887	21	21
0.12090	0.00000000385463	21	21
0.12107	0.00000000366855	21	21
0.12109	0.00000000379211	21	21
0.12106	0.00000000385985	21	21
0.12086	0.00000000366823	21	21
0.12096	0.00000000368830	21	21
0.12124	0.00000000368930	21	21
0.12074	0.00000000377808	21	21
0.12114	0.00000000376055	21	21
0.12093	0.00000000367239	21	21
0.12092	0.00000000369248	21	21
0.12113	0.00000000366376	21	21
0.12102	0.00000000385616	21	21
0.12062	0.00000000367712	21	21
0.12138	0.00000000368894	21	21
0.12095	0.00000000365763	21	21
0.12011	0.00000000367843	21	21
0.11566	0.00000000504353	21	21
0.12055	0.00000000369860	21	21
0.12145	0.00000000367327	21	21
0.12099	0.00000000368110	21	21
0.12073	0.00000000385672	21	21
0.12130	0.00000000371616	21	21
0.12099	0.00000000365361	21	21
0.12085	0.00000000368565	21	21
0.12118	0.00000000369653	21	21
0.12097	0.00000000384311	21	21
0.12109	0.00000000367820	21	21
0.12073	0.00000000367590	21	21
0.12113	0.00000000368741	21	21
0.12101	0.00000000384315	21	21
0.12099	0.00000000368855	21	21
0.12103	0.00000000370210	21	21
0.12121	0.00000000383768	21	21
0.12088	0.00000000367790	21	21
0.12101	0.00000000369390	21	21
0.12093	0.00000000369105	21	21
0.12116	0.00000000384137	21	21
0.12090	0.00000000367940	21	21
0.12094	0.00000000367798	21	21
0.12117	0.00000000366228	21	21
0.12071	0.00000000385427	21	21
0.12120	0.00000000368070	21	21
0.12104	0.00000000367961	21	21
0.12085	0.00000000368124	21	21
0.12115	0.00000000368920	21	21
0.12101	0.00000000368914	21	21
0.12111	0.00000000367133	21	21
0.12067	0.00000000368218	21	21
0.12123	0.00000000387744	21	21
0.12103	0.00000000368787	21	21
0.12049	0.00000000366345	21	21
0.12159	0.00000000368896	21	21
0.12094	0.00000000385021	21	21
0.12073	0.00000000367550	21	21
0.12129	0.00000000370566	21	21
0.12118	0.00000000368151	21	21
0.12082	0.00000000367646	21	21
0.12101	0.00000000375566	21	21
0.12124	0.00000000378405	21	21
0.13936	0.00000000637131	21	21
0.12103	0.00000000368138	21	21
0.12080	0.00000000367390	21	21
0.12133	0.00000000386176	21	21
0.12088	0.00000000368206	21	21
0.12094	0.00000000368522	21	21
0.12078	0.00000000370013	21	21
0.12128	0.00000000367427	21	21
0.12049	0.00000000376035	21	21
0.12155	0.00000000379089	21	21
0.12098	0.00000000367731	21	21
0.12067	0.00000000367665	21	21
0.12130	0.00000000367814	21	21
0.12103	0.00000000378200	21	21
0.12063	0.00000000385005	21	21
0.12144	0.00000000368917	21	21
0.12079	0.00000000368377	21	21
0.12095	0.00000000368497	21	21
0.12114	0.00000000369904	21	21
0.12106	0.00000000384686	21	21
0.12097	0.00000000366931	21	21
0.12102	0.00000000367424	21	21
0.12113	0.00000000367635	21	21
0.12089	0.00000000385924	21	21
0.12111	0.00000000367820	21	21
0.12092	0.00000000366623	21	21
0.12100	0.00000000367656	21	21
0.12145	0.00000000369090	21	21
0.12099	0.00000000385277	21	21
0.12088	0.00000000368990	21	21
0.12097	0.00000000370177	21	21
0.12113	0.00000000367121	21	21
0.12110	0.00000000368048	21	21
0.12075	0.00000000384648	21	21
0.12122	0.00000000367759	21	21
0.12098	0.00000000369260	21	21
0.12095	0.00000000366803	21	21
0.12093	0.00000000385716	21	21
0.12117	0.00000000366073	21	21
0.12074	0.00000000369275	21	21
0.12099	0.00000000367932	21	21
0.12082	0.00000000367899	21	21
0.12123	0.00000000386933	21	21
0.12085	0.00000000369113	21	21
0.12123	0.00000000368637	21	21
0.12073	0.00000000367273	21	21
0.12115	0.00000000383911	21	21
0.12110	0.00000000366767	21	21
0.12089	0.00000000369649	21	21
0.12110	0.00000000366710	21	21
0.12079	0.00000000384402	21	21
0.12098	0.00000000367815	21	21
0.12112	0.00000000370669	21	21
0.12107	0.00000000363849	21	21
0.12096	0.00000000363871	21	21
0.12102	0.00000000385122	21	21
0.12101	0.00000000369037	21	21
0.12110	0.00000000369253	21	21
0.12108	0.00000000368224	21	21
0.12116	0.00000000374625	21	21
0.12084	0.00000000377553	21	21
0.12099	0.00000000368688	21	21
0.12105	0.00000000369389	21	21
0.12094	0.00000000366926	21	21
0.12110	0.00000000385123	21	21
0.12097	0.00000000368115	21	21
0.12045	0.00000000369095	21	21
0.12099	0.00000000368444	21	21
0.12115	0.00000000376060	21	21
0.12066	0.00000000376924	21	21
0.12118	0.00000000369176	21	21
0.12100	0.00000000367335	21	21
0.12084	0.00000000383901	21	21
0.12109	0.00000000368984	21	21
0.12106	0.00000000367357	21	21
0.12087	0.00000000368237	21	21
0.12119	0.00000000368083	21	21
0.12092	0.00000000385676	21	21
0.12089	0.00000000368767	21	21
0.12115	0.00000000369537	21	21
0.12108	0.00000000366045	21	21
0.12088	0.00000000369831	21	21
0.12096	0.00000000385969	21	21
0.12107	0.00000000369365	21	21
0.12102	0.00000000368534	21	21
0.12102	0.00000000366984	21	21
0.12117	0.00000000385241	21	21
0.12073	0.00000000367125	21	21
0.12118	0.00000000368387	21	21
0.12088	0.00000000367647	21	21
0.12070	0.00000000367884	21	21
0.12141	0.00000000387074	21	21
0.12097	0.00000000370439	21	21
0.12085	0.00000000367053	21	21
0.12114	0.00000000368894	21	21
0.12109	0.00000000368783	21	21
0.12055	0.00000000376157	21	21
0.12137	0.00000000378966	21	21
0.12107	0.00000000366580	21	21
0.12070	0.00000000367929	21	21
0.12123	0.00000000369643	21	21
0.12103	0.00000000385507	21	21
0.12087	0.00000000367348	21	21
0.12122	0.00000000368937	21	21
0.12096	0.00000000367803	21	21
=============================================================================

============================ Tabulate Statistics ============================
PWR_PKG_ENERGY	INST_RETIRED	TOR_OCCUPANCY	RR_OCCUPANCY	TIPI	L3_MISS	L2_MISS	TIME	
9019.903442	2322474995092	139936902446	139938670675	0.120507	1686890633	3578443864	60471.652346	
=============================================================================

============================ TIPI SLAB Statistics ============================

==============================================================================
===== Test PASSED in 0.0 msec =====
