
-----
mkdir timedrun fake

Initial Residual = 13573.6
Iteration = 15   Residual = 178.727
Iteration = 30   Residual = 1.21771
Iteration = 45   Residual = 0.00834386
Iteration = 60   Residual = 5.70757e-05
Iteration = 75   Residual = 3.89343e-07
Iteration = 90   Residual = 2.6426e-09
Iteration = 105   Residual = 1.77417e-11
Iteration = 120   Residual = 1.15261e-13
Iteration = 135   Residual = 6.18993e-16
Iteration = 149   Residual = 5.09223e-18
Mini-Application Name: hpccg
Mini-Application Version: 1.0
Parallelism: 
  MPI not enabled: 
  Number of OpenMP threads: 20
Dimensions: 
  nx: 256
  ny: 256
  nz: 1024
Number of iterations: 149
Final residual: 5.09223e-18
#********** Performance Summary (times in sec) ***********: 
Time Summary: 
  Total   : 1207.67
  DDOT    : 61.604
  WAXPBY  : 186.112
  SPARSEMV: 958.264
FLOPS Summary: 
  Total   : 6.3995e+11
  DDOT    : 3.99969e+10
  WAXPBY  : 5.99953e+10
  SPARSEMV: 5.39958e+11
MFLOPS Summary: 
  Total   : 529.906
  DDOT    : 649.258
  WAXPBY  : 322.361
  SPARSEMV: 563.475

============================ Unprocessed Statistics ============================
TIPI	JPI	Uncore1	Uncore2
0.12120	0.00000000423804	30	30
0.12098	0.00000000442023	30	30
0.12078	0.00000000427858	30	30
0.12102	0.00000000427475	30	30
0.12085	0.00000000429829	30	30
0.12151	0.00000000425109	30	30
0.12097	0.00000000423170	30	30
0.12083	0.00000000421707	30	30
0.12112	0.00000000426462	30	30
0.12110	0.00000000427947	30	30
0.12092	0.00000000426859	30	30
0.12130	0.00000000425867	30	30
0.12093	0.00000000427334	30	30
0.12243	0.00000000433317	30	30
0.12249	0.00000000434570	30	30
0.12175	0.00000000443955	30	30
0.12163	0.00000000442490	30	30
0.12118	0.00000000431642	30	30
0.12111	0.00000000427548	30	30
0.12107	0.00000000424793	30	30
0.12188	0.00000000427292	30	30
0.12147	0.00000000428812	30	30
0.12113	0.00000000449388	30	30
0.12071	0.00000000425545	30	30
0.12144	0.00000000428336	30	30
0.12105	0.00000000425225	30	30
0.14107	0.00000000750254	30	30
0.12085	0.00000000425823	30	30
0.12108	0.00000000428513	30	30
0.12104	0.00000000428931	30	30
0.12101	0.00000000427367	30	30
0.12088	0.00000000429881	30	30
0.12109	0.00000000428398	30	30
0.12096	0.00000000447157	30	30
0.12079	0.00000000425511	30	30
0.12128	0.00000000428390	30	30
0.12112	0.00000000428063	30	30
0.12135	0.00000000399278	30	30
0.12098	0.00000000379797	30	30
0.12078	0.00000000381062	30	30
0.12136	0.00000000401398	30	30
0.12140	0.00000000382529	30	30
0.12100	0.00000000389443	30	30
0.12067	0.00000000390602	30	30
0.12134	0.00000000384909	30	30
0.12090	0.00000000380917	30	30
0.12071	0.00000000390149	30	30
0.12128	0.00000000389321	30	30
0.12107	0.00000000378869	30	30
0.12085	0.00000000380475	30	30
0.12100	0.00000000392081	30	30
0.12113	0.00000000389242	30	30
0.12067	0.00000000379615	30	30
0.12136	0.00000000381921	30	30
0.12103	0.00000000387937	30	30
0.12103	0.00000000385554	30	30
0.12096	0.00000000378944	30	30
0.12100	0.00000000380791	30	30
0.12103	0.00000000396796	30	30
0.12077	0.00000000380994	30	30
0.12131	0.00000000379636	30	30
0.12106	0.00000000388589	30	30
0.12069	0.00000000386518	30	30
0.12102	0.00000000380811	30	30
0.12138	0.00000000381246	30	30
0.12071	0.00000000397726	30	30
0.12090	0.00000000379899	30	30
0.12115	0.00000000381426	30	30
0.12100	0.00000000380449	30	30
0.12092	0.00000000380310	30	30
0.12109	0.00000000398376	30	30
0.12094	0.00000000381609	30	30
0.12106	0.00000000379559	30	30
0.12101	0.00000000389217	30	30
0.12098	0.00000000389174	30	30
0.12092	0.00000000378542	30	30
0.12079	0.00000000390446	30	30
0.12126	0.00000000391233	30	30
0.12077	0.00000000377174	30	30
0.12104	0.00000000381366	30	30
0.14097	0.00000000665034	30	30
0.12106	0.00000000389148	30	30
0.12097	0.00000000380684	30	30
0.12096	0.00000000382356	30	30
0.12102	0.00000000392264	30	30
0.12112	0.00000000390864	30	30
0.12086	0.00000000381218	30	30
0.12105	0.00000000379788	30	30
0.12095	0.00000000396947	30	30
0.12108	0.00000000380205	30	30
0.12103	0.00000000382058	30	30
0.12101	0.00000000398110	30	30
0.12087	0.00000000380187	30	30
0.12106	0.00000000381182	30	30
0.14163	0.00000000670979	30	30
0.12058	0.00000000389679	30	30
0.12135	0.00000000382919	30	30
0.12105	0.00000000381879	30	30
0.12058	0.00000000391685	30	30
0.12148	0.00000000394019	30	30
0.12087	0.00000000379037	30	30
0.12057	0.00000000381216	30	30
0.12145	0.00000000391300	30	30
0.12092	0.00000000390543	30	30
0.12067	0.00000000382343	30	30
0.12136	0.00000000382402	30	30
0.12103	0.00000000397764	30	30
0.12065	0.00000000381116	30	30
0.14064	0.00000000668863	30	30
0.12117	0.00000000380118	30	30
0.12126	0.00000000398330	30	30
0.12078	0.00000000382736	30	30
0.12097	0.00000000381820	30	30
0.12112	0.00000000399823	30	30
0.12087	0.00000000380849	30	30
0.12111	0.00000000380312	30	30
0.12116	0.00000000387859	30	30
0.12074	0.00000000391336	30	30
0.12103	0.00000000381048	30	30
0.12099	0.00000000380528	30	30
0.12100	0.00000000390475	30	30
0.12095	0.00000000389286	30	30
0.12124	0.00000000380789	30	30
0.12051	0.00000000380455	30	30
0.12127	0.00000000391685	30	30
0.12108	0.00000000391293	30	30
0.12062	0.00000000381110	30	30
0.12126	0.00000000384013	30	30
0.12116	0.00000000399246	30	30
0.12074	0.00000000379972	30	30
0.12185	0.00000000379223	30	30
0.12036	0.00000000396817	30	30
0.12091	0.00000000382371	30	30
0.12103	0.00000000379336	30	30
0.12123	0.00000000399009	30	30
0.12120	0.00000000390673	30	30
0.12102	0.00000000380373	30	30
0.12082	0.00000000381413	30	30
0.12109	0.00000000392673	30	30
0.12095	0.00000000393034	30	30
0.12112	0.00000000380185	30	30
0.12088	0.00000000382832	30	30
0.12099	0.00000000398269	30	30
0.12100	0.00000000379789	30	30
0.12102	0.00000000382291	30	30
0.12103	0.00000000391236	30	30
0.12095	0.00000000388724	30	30
0.12090	0.00000000383141	30	30
0.14175	0.00000000651438	30	30
0.12114	0.00000000388463	30	30
0.12085	0.00000000382312	30	30
0.12116	0.00000000382770	30	30
0.12105	0.00000000392478	30	30
0.12087	0.00000000391727	30	30
0.12099	0.00000000381064	30	30
0.12118	0.00000000380613	30	30
0.12074	0.00000000398558	30	30
0.12094	0.00000000381208	30	30
0.12130	0.00000000381923	30	30
0.12082	0.00000000391696	30	30
0.12103	0.00000000388271	30	30
0.12103	0.00000000382604	30	30
0.14112	0.00000000672097	30	30
0.12101	0.00000000386750	30	30
0.12097	0.00000000380348	30	30
0.12086	0.00000000382179	30	30
0.12115	0.00000000400899	30	30
0.12102	0.00000000383762	30	30
0.12096	0.00000000381645	30	30
0.12105	0.00000000389624	30	30
0.12092	0.00000000389214	30	30
0.12097	0.00000000380855	30	30
0.12109	0.00000000382843	30	30
0.12108	0.00000000398529	30	30
0.12085	0.00000000381400	30	30
0.12111	0.00000000380805	30	30
0.14177	0.00000000656153	30	30
0.12052	0.00000000380611	30	30
0.12142	0.00000000382946	30	30
0.12099	0.00000000382621	30	30
0.12059	0.00000000401024	30	30
0.12135	0.00000000385922	30	30
0.12111	0.00000000381930	30	30
0.12054	0.00000000379815	30	30
0.12140	0.00000000390212	30	30
0.12096	0.00000000390176	30	30
0.12072	0.00000000383492	30	30
0.12131	0.00000000391817	30	30
0.12105	0.00000000388787	30	30
0.12063	0.00000000381097	30	30
0.12133	0.00000000382280	30	30
0.12102	0.00000000380645	30	30
0.12052	0.00000000392504	30	30
0.12160	0.00000000392019	30	30
0.12086	0.00000000382576	30	30
0.12046	0.00000000381711	30	30
0.12153	0.00000000392772	30	30
0.12088	0.00000000386767	30	30
0.12065	0.00000000383534	30	30
0.12131	0.00000000384249	30	30
0.12094	0.00000000390568	30	30
0.12072	0.00000000389551	30	30
0.12136	0.00000000383125	30	30
0.12102	0.00000000381293	30	30
0.12090	0.00000000381130	30	30
0.12089	0.00000000392164	30	30
0.12115	0.00000000392636	30	30
0.12098	0.00000000383849	30	30
0.12102	0.00000000383337	30	30
0.12100	0.00000000399749	30	30
0.12109	0.00000000381513	30	30
0.12086	0.00000000380526	30	30
0.12103	0.00000000391621	30	30
0.12110	0.00000000393324	30	30
0.12082	0.00000000379340	30	30
0.12122	0.00000000384059	30	30
0.12105	0.00000000400295	30	30
0.12060	0.00000000381096	30	30
0.12125	0.00000000384801	30	30
0.12106	0.00000000381863	30	30
0.12060	0.00000000402725	30	30
0.12154	0.00000000382520	30	30
0.12091	0.00000000381282	30	30
0.12054	0.00000000389912	30	30
0.12141	0.00000000391758	30	30
0.12087	0.00000000382375	30	30
0.12069	0.00000000382460	30	30
0.12148	0.00000000391538	30	30
0.12088	0.00000000391650	30	30
0.14137	0.00000000684004	30	30
0.12074	0.00000000381588	30	30
0.12105	0.00000000390978	30	30
0.12105	0.00000000390152	30	30
0.12090	0.00000000384406	30	30
0.12115	0.00000000384041	30	30
0.12108	0.00000000398770	30	30
0.12077	0.00000000381613	30	30
0.12105	0.00000000380101	30	30
0.12121	0.00000000390176	30	30
0.12081	0.00000000392359	30	30
0.12106	0.00000000382020	30	30
0.12111	0.00000000388600	30	30
0.12100	0.00000000391905	30	30
0.12086	0.00000000381241	30	30
0.12090	0.00000000393267	30	30
0.12124	0.00000000392271	30	30
0.12090	0.00000000380920	30	30
0.12106	0.00000000383525	30	30
0.12107	0.00000000400709	30	30
0.12097	0.00000000380213	30	30
0.12079	0.00000000381415	30	30
0.12106	0.00000000399032	30	30
0.12106	0.00000000381291	30	30
0.12090	0.00000000383034	30	30
0.12107	0.00000000397946	30	30
0.12108	0.00000000382654	30	30
0.12134	0.00000000383688	30	30
0.12102	0.00000000399343	30	30
0.12054	0.00000000382614	30	30
0.12159	0.00000000384885	30	30
0.12102	0.00000000392010	30	30
0.12039	0.00000000390605	30	30
0.12138	0.00000000383553	30	30
0.12105	0.00000000378898	30	30
0.12051	0.00000000392841	30	30
0.12148	0.00000000393376	30	30
0.12101	0.00000000381163	30	30
0.12051	0.00000000381028	30	30
0.12146	0.00000000394299	30	30
0.12109	0.00000000391342	30	30
0.12104	0.00000000380504	30	30
0.12086	0.00000000382979	30	30
0.12105	0.00000000402223	30	30
0.12111	0.00000000382739	30	30
0.12065	0.00000000382943	30	30
0.12121	0.00000000392363	30	30
0.12109	0.00000000390000	30	30
0.12097	0.00000000379196	30	30
0.12091	0.00000000382243	30	30
0.12095	0.00000000400744	30	30
0.12109	0.00000000381553	30	30
0.12100	0.00000000382762	30	30
0.12084	0.00000000382206	30	30
0.12122	0.00000000382094	30	30
0.12095	0.00000000400510	30	30
0.12091	0.00000000382879	30	30
0.12098	0.00000000385364	30	30
0.12118	0.00000000383012	30	30
0.12079	0.00000000399150	30	30
0.12115	0.00000000382523	30	30
0.12095	0.00000000382111	30	30
0.12085	0.00000000400443	30	30
0.12119	0.00000000384946	30	30
0.12100	0.00000000380677	30	30
0.12075	0.00000000382326	30	30
0.14165	0.00000000656773	30	30
0.12136	0.00000000399730	30	30
0.12095	0.00000000381631	30	30
0.12060	0.00000000382386	30	30
0.12131	0.00000000385239	30	30
0.12102	0.00000000403251	30	30
0.12060	0.00000000382697	30	30
0.12150	0.00000000383584	30	30
0.12101	0.00000000388594	30	30
0.12050	0.00000000390772	30	30
0.12157	0.00000000385179	30	30
0.12089	0.00000000382052	30	30
0.12057	0.00000000380481	30	30
0.12138	0.00000000403329	30	30
0.14143	0.00000000674088	30	30
0.12068	0.00000000398058	30	30
0.12131	0.00000000384851	30	30
0.12090	0.00000000381381	30	30
0.12085	0.00000000383519	30	30
0.12126	0.00000000405315	30	30
0.12100	0.00000000382000	30	30
0.12089	0.00000000381824	30	30
0.12102	0.00000000382557	30	30
0.12113	0.00000000400704	30	30
0.12069	0.00000000381750	30	30
0.12141	0.00000000383272	30	30
0.12068	0.00000000388846	30	30
0.12088	0.00000000392042	30	30
0.14063	0.00000000676199	30	30
0.12090	0.00000000383226	30	30
0.12125	0.00000000399579	30	30
0.12073	0.00000000383255	30	30
0.12101	0.00000000383164	30	30
0.12105	0.00000000400941	30	30
0.12089	0.00000000382256	30	30
0.12099	0.00000000381059	30	30
0.12121	0.00000000389992	30	30
0.12072	0.00000000392020	30	30
0.12109	0.00000000383065	30	30
0.12107	0.00000000381510	30	30
0.12099	0.00000000401093	30	30
0.12097	0.00000000382692	30	30
0.12079	0.00000000381645	30	30
0.12119	0.00000000384301	30	30
0.12097	0.00000000382448	30	30
0.12100	0.00000000401497	30	30
0.12104	0.00000000383317	30	30
0.12111	0.00000000382651	30	30
0.12071	0.00000000391209	30	30
0.12121	0.00000000389800	30	30
0.12108	0.00000000384095	30	30
0.12067	0.00000000381832	30	30
0.12120	0.00000000392869	30	30
0.12096	0.00000000389714	30	30
0.12073	0.00000000382314	30	30
0.12216	0.00000000449971	30	30
0.12148	0.00000000403685	30	30
0.12085	0.00000000382845	30	30
0.12114	0.00000000391107	30	30
0.12109	0.00000000392257	30	30
0.12086	0.00000000383090	30	30
0.12117	0.00000000384024	30	30
0.12104	0.00000000403039	30	30
0.12081	0.00000000380610	30	30
0.12126	0.00000000381623	30	30
0.12091	0.00000000390101	30	30
0.12069	0.00000000392033	30	30
0.12116	0.00000000384682	30	30
0.12137	0.00000000381075	30	30
0.12078	0.00000000393773	30	30
0.14185	0.00000000678526	30	30
0.12190	0.00000000387999	30	30
0.12195	0.00000000388599	30	30
0.12172	0.00000000398775	30	30
0.12182	0.00000000398928	30	30
0.12246	0.00000000391429	30	30
0.12211	0.00000000391957	30	30
0.12163	0.00000000384613	30	30
0.12183	0.00000000403122	30	30
0.12102	0.00000000382382	30	30
0.12055	0.00000000383806	30	30
0.12155	0.00000000383938	30	30
0.12076	0.00000000400802	30	30
0.12057	0.00000000383635	30	30
0.12111	0.00000000391040	30	30
0.12107	0.00000000391031	30	30
0.12082	0.00000000383919	30	30
0.12096	0.00000000383095	30	30
0.12094	0.00000000401383	30	30
0.12123	0.00000000382771	30	30
0.12089	0.00000000380757	30	30
0.12101	0.00000000391253	30	30
0.12102	0.00000000391393	30	30
0.12100	0.00000000383574	30	30
0.12112	0.00000000382108	30	30
0.12098	0.00000000398820	30	30
0.12093	0.00000000382791	30	30
0.14139	0.00000000663754	30	30
0.12095	0.00000000383650	30	30
0.12097	0.00000000399866	30	30
0.12114	0.00000000383863	30	30
0.12099	0.00000000386077	30	30
0.12111	0.00000000392472	30	30
0.12094	0.00000000392729	30	30
0.12084	0.00000000380954	30	30
0.12121	0.00000000381193	30	30
0.12081	0.00000000401583	30	30
0.12099	0.00000000384812	30	30
0.12113	0.00000000381821	30	30
0.12125	0.00000000390193	30	30
0.12075	0.00000000391176	30	30
0.12132	0.00000000384407	30	30
0.12088	0.00000000381206	30	30
0.12075	0.00000000383954	30	30
0.12142	0.00000000404243	30	30
0.12092	0.00000000384179	30	30
0.12063	0.00000000382871	30	30
0.12148	0.00000000394612	30	30
0.12089	0.00000000391044	30	30
0.12073	0.00000000379927	30	30
0.12133	0.00000000384402	30	30
0.12092	0.00000000393409	30	30
0.12084	0.00000000390413	30	30
0.12125	0.00000000384445	30	30
0.12109	0.00000000383539	30	30
0.12057	0.00000000382567	30	30
0.12142	0.00000000393191	30	30
0.12098	0.00000000393222	30	30
0.12053	0.00000000384384	30	30
0.12155	0.00000000385770	30	30
0.12100	0.00000000391862	30	30
0.12064	0.00000000390656	30	30
0.12139	0.00000000382572	30	30
0.12086	0.00000000382258	30	30
0.12079	0.00000000401675	30	30
0.12118	0.00000000382290	30	30
0.12090	0.00000000382215	30	30
0.14164	0.00000000655228	30	30
0.12096	0.00000000389963	30	30
0.12100	0.00000000383334	30	30
0.12091	0.00000000383358	30	30
0.12103	0.00000000394595	30	30
0.12109	0.00000000393778	30	30
0.12093	0.00000000382256	30	30
0.12116	0.00000000382467	30	30
0.12100	0.00000000399354	30	30
0.12113	0.00000000380999	30	30
0.12062	0.00000000384905	30	30
0.12121	0.00000000392872	30	30
0.12090	0.00000000389166	30	30
0.12105	0.00000000384324	30	30
0.14099	0.00000000662620	30	30
0.12095	0.00000000382188	30	30
0.12085	0.00000000383403	30	30
0.12106	0.00000000393637	30	30
0.12117	0.00000000392413	30	30
0.12096	0.00000000384913	30	30
0.12099	0.00000000391158	30	30
0.12094	0.00000000390982	30	30
0.12105	0.00000000382904	30	30
0.12087	0.00000000381418	30	30
0.12119	0.00000000401424	30	30
0.12072	0.00000000384357	30	30
0.12108	0.00000000381665	30	30
0.12115	0.00000000391064	30	30
0.14118	0.00000000699046	30	30
0.12093	0.00000000382132	30	30
0.12095	0.00000000382579	30	30
0.12100	0.00000000395498	30	30
0.12112	0.00000000394949	30	30
0.12091	0.00000000382285	30	30
0.12090	0.00000000384082	30	30
0.12114	0.00000000401741	30	30
0.12116	0.00000000379134	30	30
0.12070	0.00000000386151	30	30
0.12082	0.00000000383532	30	30
0.12141	0.00000000401153	30	30
0.12084	0.00000000382034	30	30
0.12098	0.00000000385443	30	30
0.12146	0.00000000393416	30	30
0.12089	0.00000000381477	30	30
0.12093	0.00000000384662	30	30
0.12103	0.00000000393728	30	30
0.12119	0.00000000394395	30	30
0.12079	0.00000000383926	30	30
0.12112	0.00000000385262	30	30
0.12095	0.00000000399604	30	30
0.12084	0.00000000380203	30	30
0.12119	0.00000000384506	30	30
0.12097	0.00000000393024	30	30
0.12090	0.00000000392468	30	30
0.12110	0.00000000382917	30	30
0.12088	0.00000000382525	30	30
0.12118	0.00000000392060	30	30
0.12058	0.00000000390161	30	30
0.12105	0.00000000382878	30	30
0.12074	0.00000000384681	30	30
0.12132	0.00000000404142	30	30
0.12091	0.00000000384870	30	30
0.12085	0.00000000381952	30	30
0.12128	0.00000000384017	30	30
0.12095	0.00000000400237	30	30
0.12070	0.00000000383182	30	30
0.12123	0.00000000385868	30	30
0.12097	0.00000000391401	30	30
0.12112	0.00000000391184	30	30
0.12130	0.00000000386281	30	30
0.12099	0.00000000381565	30	30
0.12070	0.00000000384018	30	30
0.12125	0.00000000395785	30	30
0.12106	0.00000000393295	30	30
0.12088	0.00000000383320	30	30
0.12106	0.00000000385865	30	30
0.12112	0.00000000398585	30	30
0.12057	0.00000000382742	30	30
0.12131	0.00000000387431	30	30
0.12113	0.00000000384598	30	30
0.12066	0.00000000398883	30	30
0.12136	0.00000000386492	30	30
0.14199	0.00000000678945	30	30
0.12116	0.00000000391224	30	30
0.12076	0.00000000393331	30	30
0.12119	0.00000000384314	30	30
0.12101	0.00000000384865	30	30
0.12084	0.00000000395827	30	30
0.12121	0.00000000392299	30	30
0.12128	0.00000000381624	30	30
0.12063	0.00000000390605	30	30
0.12095	0.00000000391015	30	30
0.12093	0.00000000384241	30	30
0.12110	0.00000000383511	30	30
0.12105	0.00000000401263	30	30
0.12103	0.00000000384092	30	30
0.14081	0.00000000664861	30	30
0.12112	0.00000000390992	30	30
0.12114	0.00000000392890	30	30
0.12069	0.00000000382475	30	30
0.12099	0.00000000394278	30	30
0.12113	0.00000000394071	30	30
0.12099	0.00000000383977	30	30
0.12101	0.00000000383118	30	30
0.12108	0.00000000391416	30	30
0.12077	0.00000000392029	30	30
0.12100	0.00000000385671	30	30
0.12132	0.00000000383634	30	30
0.12080	0.00000000400998	30	30
0.12098	0.00000000381459	30	30
0.12104	0.00000000382329	30	30
0.12085	0.00000000392657	30	30
0.12111	0.00000000395514	30	30
0.12086	0.00000000384720	30	30
0.12094	0.00000000384726	30	30
0.12110	0.00000000393262	30	30
0.12089	0.00000000391484	30	30
0.12117	0.00000000382517	30	30
0.12106	0.00000000384485	30	30
0.12082	0.00000000402772	30	30
0.12109	0.00000000383731	30	30
0.12090	0.00000000383224	30	30
0.12135	0.00000000393111	30	30
0.12102	0.00000000392610	30	30
0.12163	0.00000000391092	30	30
0.12047	0.00000000382037	30	30
0.12091	0.00000000402887	30	30
0.12102	0.00000000385353	30	30
0.12096	0.00000000383870	30	30
0.12098	0.00000000384650	30	30
0.12106	0.00000000400348	30	30
0.12102	0.00000000381069	30	30
0.12082	0.00000000385785	30	30
0.12108	0.00000000394987	30	30
0.12116	0.00000000389988	30	30
0.12093	0.00000000384282	30	30
0.12111	0.00000000383778	30	30
0.12100	0.00000000382361	30	30
0.12085	0.00000000394082	30	30
0.12128	0.00000000396134	30	30
0.12096	0.00000000384203	30	30
0.12098	0.00000000384495	30	30
0.12103	0.00000000402530	30	30
0.12102	0.00000000382355	30	30
0.12097	0.00000000382301	30	30
0.12099	0.00000000385681	30	30
0.12120	0.00000000401420	30	30
0.12094	0.00000000382017	30	30
0.12147	0.00000000387204	30	30
0.14138	0.00000000660652	30	30
0.12076	0.00000000391933	30	30
0.12146	0.00000000384177	30	30
0.12086	0.00000000383763	30	30
0.12059	0.00000000395059	30	30
0.12150	0.00000000396604	30	30
0.12085	0.00000000382815	30	30
0.12075	0.00000000383738	30	30
0.12144	0.00000000392636	30	30
0.12095	0.00000000391447	30	30
0.12060	0.00000000383986	30	30
0.12136	0.00000000385508	30	30
0.12101	0.00000000400416	30	30
0.12070	0.00000000384952	30	30
0.14125	0.00000000664749	30	30
0.12090	0.00000000392240	30	30
0.12112	0.00000000392990	30	30
0.12098	0.00000000384382	30	30
0.12106	0.00000000384664	30	30
0.12087	0.00000000404137	30	30
0.12093	0.00000000384612	30	30
0.12103	0.00000000382812	30	30
0.12096	0.00000000383112	30	30
0.12109	0.00000000401742	30	30
0.12092	0.00000000384381	30	30
0.12097	0.00000000384310	30	30
0.12104	0.00000000391810	30	30
0.12112	0.00000000393279	30	30
0.14151	0.00000000678795	30	30
0.12067	0.00000000383049	30	30
0.12124	0.00000000403077	30	30
0.12097	0.00000000383844	30	30
0.12085	0.00000000386584	30	30
0.12110	0.00000000385563	30	30
0.12108	0.00000000401527	30	30
0.12077	0.00000000384122	30	30
0.12130	0.00000000382494	30	30
0.12095	0.00000000392916	30	30
0.12075	0.00000000393463	30	30
0.12112	0.00000000384404	30	30
0.12115	0.00000000383101	30	30
0.12099	0.00000000402265	30	30
0.13856	0.00000000671075	30	30
0.12097	0.00000000400872	30	30
0.12116	0.00000000384373	30	30
0.12077	0.00000000384831	30	30
0.12100	0.00000000386722	30	30
0.12118	0.00000000402096	30	30
0.12073	0.00000000385456	30	30
0.12120	0.00000000382824	30	30
0.12105	0.00000000389585	30	30
0.12086	0.00000000395291	30	30
0.12097	0.00000000384949	30	30
0.12110	0.00000000382303	30	30
0.12092	0.00000000402257	30	30
0.12109	0.00000000383989	30	30
0.12096	0.00000000383181	30	30
0.12068	0.00000000382697	30	30
0.12126	0.00000000403968	30	30
0.12102	0.00000000385109	30	30
0.12064	0.00000000384820	30	30
0.12140	0.00000000386732	30	30
0.12090	0.00000000402143	30	30
0.12075	0.00000000382851	30	30
0.12139	0.00000000385164	30	30
0.12091	0.00000000392255	30	30
0.12055	0.00000000393945	30	30
0.12141	0.00000000386579	30	30
0.12090	0.00000000382363	30	30
0.12052	0.00000000384186	30	30
0.12148	0.00000000385663	30	30
0.12109	0.00000000399480	30	30
0.12048	0.00000000386514	30	30
0.12146	0.00000000387882	30	30
0.12100	0.00000000392538	30	30
0.12054	0.00000000392666	30	30
0.12147	0.00000000384370	30	30
0.12100	0.00000000382086	30	30
0.12056	0.00000000395968	30	30
0.12138	0.00000000393241	30	30
0.12093	0.00000000382745	30	30
0.12076	0.00000000385261	30	30
0.14122	0.00000000681317	30	30
0.12110	0.00000000382291	30	30
0.12099	0.00000000383634	30	30
0.12102	0.00000000393766	30	30
0.12082	0.00000000394695	30	30
0.12106	0.00000000385328	30	30
0.12105	0.00000000384116	30	30
0.12104	0.00000000399726	30	30
0.12083	0.00000000382540	30	30
0.12104	0.00000000384387	30	30
0.12101	0.00000000394841	30	30
0.12091	0.00000000393022	30	30
0.12112	0.00000000383470	30	30
0.12100	0.00000000384329	30	30
0.14148	0.00000000698504	30	30
0.12076	0.00000000382407	30	30
0.12097	0.00000000384432	30	30
0.12118	0.00000000393643	30	30
0.12081	0.00000000394815	30	30
0.12106	0.00000000384064	30	30
0.12102	0.00000000383499	30	30
0.12089	0.00000000400450	30	30
0.12106	0.00000000382765	30	30
0.12106	0.00000000381807	30	30
0.12087	0.00000000394204	30	30
0.12114	0.00000000393385	30	30
0.12102	0.00000000383933	30	30
0.12111	0.00000000386249	30	30
0.12096	0.00000000391640	30	30
0.12055	0.00000000384596	30	30
0.12141	0.00000000387103	30	30
0.12092	0.00000000394154	30	30
0.12070	0.00000000393912	30	30
0.12129	0.00000000386243	30	30
0.12114	0.00000000383182	30	30
0.12058	0.00000000390389	30	30
0.12129	0.00000000395963	30	30
0.12096	0.00000000383959	30	30
0.12070	0.00000000382445	30	30
0.12132	0.00000000393240	30	30
0.12105	0.00000000393196	30	30
0.12063	0.00000000413826	30	30
0.12094	0.00000000383990	30	30
0.12100	0.00000000382831	30	30
0.12093	0.00000000394117	30	30
0.12114	0.00000000394817	30	30
0.12084	0.00000000386637	30	30
0.12104	0.00000000386196	30	30
0.12116	0.00000000401103	30	30
0.12087	0.00000000384447	30	30
0.12098	0.00000000381436	30	30
0.12098	0.00000000393234	30	30
0.12104	0.00000000395433	30	30
0.12106	0.00000000382922	30	30
0.12111	0.00000000383284	30	30
0.12122	0.00000000389415	30	30
0.12187	0.00000000388450	30	30
0.12161	0.00000000388568	30	30
0.12168	0.00000000392022	30	30
0.12231	0.00000000410266	30	30
0.12219	0.00000000391165	30	30
0.12153	0.00000000389587	30	30
0.12247	0.00000000390922	30	30
0.12183	0.00000000404612	30	30
0.12061	0.00000000387778	30	30
0.12132	0.00000000387419	30	30
0.12110	0.00000000380831	30	30
0.12060	0.00000000393909	30	30
0.11326	0.00000000426152	30	30
0.12146	0.00000000400682	30	30
0.12124	0.00000000403625	30	30
0.12104	0.00000000383776	30	30
0.12071	0.00000000384877	30	30
0.12142	0.00000000387633	30	30
0.12104	0.00000000403022	30	30
0.12049	0.00000000386356	30	30
0.12164	0.00000000386624	30	30
0.12099	0.00000000391438	30	30
0.12040	0.00000000390270	30	30
0.12149	0.00000000386564	30	30
0.12084	0.00000000385497	30	30
0.12083	0.00000000391642	30	30
0.12134	0.00000000395234	30	30
0.12091	0.00000000384068	30	30
0.12071	0.00000000385100	30	30
0.12124	0.00000000385765	30	30
0.12097	0.00000000394487	30	30
0.12083	0.00000000393863	30	30
0.12132	0.00000000383377	30	30
0.12105	0.00000000385157	30	30
0.12075	0.00000000400677	30	30
0.12121	0.00000000383750	30	30
0.12080	0.00000000385110	30	30
0.12091	0.00000000393933	30	30
0.12156	0.00000000392606	30	30
0.12079	0.00000000386553	30	30
0.14119	0.00000000663145	30	30
0.12135	0.00000000401255	30	30
0.12087	0.00000000383658	30	30
0.12095	0.00000000383410	30	30
0.12116	0.00000000386937	30	30
0.12090	0.00000000404247	30	30
0.12093	0.00000000382788	30	30
0.12112	0.00000000382727	30	30
0.12103	0.00000000399711	30	30
0.12074	0.00000000382890	30	30
0.12128	0.00000000385818	30	30
0.12094	0.00000000383353	30	30
0.12079	0.00000000400004	30	30
0.12120	0.00000000386026	30	30
0.14062	0.00000000668603	30	30
0.12124	0.00000000400349	30	30
0.12088	0.00000000383769	30	30
0.12096	0.00000000384785	30	30
0.12088	0.00000000393690	30	30
0.12105	0.00000000395825	30	30
0.12106	0.00000000384699	30	30
0.12110	0.00000000383493	30	30
0.12094	0.00000000402439	30	30
0.12094	0.00000000383851	30	30
0.12110	0.00000000385878	30	30
0.12091	0.00000000384631	30	30
0.12099	0.00000000402561	30	30
0.12113	0.00000000383705	30	30
0.12128	0.00000000383971	30	30
0.12094	0.00000000384499	30	30
0.12069	0.00000000403994	30	30
0.12129	0.00000000386016	30	30
0.12094	0.00000000384243	30	30
0.12063	0.00000000383790	30	30
0.12143	0.00000000403840	30	30
0.12096	0.00000000381129	30	30
0.12067	0.00000000386299	30	30
0.12123	0.00000000405227	30	30
0.12102	0.00000000384405	30	30
0.12060	0.00000000383069	30	30
0.12134	0.00000000387963	30	30
0.12099	0.00000000393806	30	30
0.12111	0.00000000391249	30	30
0.12087	0.00000000385616	30	30
0.12115	0.00000000386081	30	30
0.12116	0.00000000404351	30	30
0.12049	0.00000000385167	30	30
0.12128	0.00000000384617	30	30
0.12124	0.00000000400378	30	30
0.12063	0.00000000382168	30	30
0.12087	0.00000000384611	30	30
0.12128	0.00000000395253	30	30
0.12094	0.00000000391228	30	30
0.12095	0.00000000383507	30	30
0.12131	0.00000000393828	30	30
0.12083	0.00000000382222	30	30
0.12096	0.00000000383584	30	30
0.12094	0.00000000403097	30	30
0.12108	0.00000000386716	30	30
0.12097	0.00000000385200	30	30
0.12091	0.00000000402887	30	30
0.12119	0.00000000383581	30	30
0.12083	0.00000000382889	30	30
0.12076	0.00000000387143	30	30
0.12129	0.00000000404581	30	30
0.12120	0.00000000382869	30	30
0.12090	0.00000000385486	30	30
0.14093	0.00000000663537	30	30
0.12113	0.00000000381131	30	30
0.12097	0.00000000383843	30	30
0.12094	0.00000000394008	30	30
0.12104	0.00000000393658	30	30
0.12111	0.00000000385437	30	30
0.12081	0.00000000384071	30	30
0.12103	0.00000000400710	30	30
0.12110	0.00000000382817	30	30
0.12119	0.00000000383825	30	30
0.12068	0.00000000400885	30	30
0.12114	0.00000000384896	30	30
0.12077	0.00000000383505	30	30
0.12112	0.00000000384703	30	30
0.14196	0.00000000706108	30	30
0.12091	0.00000000384988	30	30
0.12114	0.00000000385104	30	30
0.12100	0.00000000403709	30	30
0.12093	0.00000000387162	30	30
0.12098	0.00000000386630	30	30
0.12111	0.00000000393819	30	30
0.12087	0.00000000392267	30	30
0.12117	0.00000000383467	30	30
0.12099	0.00000000384006	30	30
0.12093	0.00000000404856	30	30
0.12111	0.00000000384731	30	30
0.12083	0.00000000383439	30	30
0.12102	0.00000000394948	30	30
0.12097	0.00000000392037	30	30
0.12072	0.00000000385442	30	30
0.12119	0.00000000387551	30	30
0.12106	0.00000000405573	30	30
0.12072	0.00000000385615	30	30
0.12131	0.00000000385888	30	30
0.12093	0.00000000392821	30	30
0.12103	0.00000000390784	30	30
0.12098	0.00000000386289	30	30
0.12102	0.00000000385301	30	30
0.12079	0.00000000399802	30	30
0.12111	0.00000000385314	30	30
0.12103	0.00000000382975	30	30
0.12046	0.00000000438341	30	30
0.12097	0.00000000383524	30	30
0.12092	0.00000000394520	30	30
0.12100	0.00000000395333	30	30
0.12114	0.00000000385267	30	30
0.12092	0.00000000385936	30	30
0.12101	0.00000000402538	30	30
0.12108	0.00000000383109	30	30
0.12086	0.00000000383663	30	30
0.12109	0.00000000401861	30	30
0.12098	0.00000000385066	30	30
0.12087	0.00000000386183	30	30
0.12108	0.00000000383798	30	30
0.12102	0.00000000403245	30	30
0.12091	0.00000000403111	30	30
0.12108	0.00000000383880	30	30
0.12121	0.00000000383640	30	30
0.12061	0.00000000394021	30	30
0.12113	0.00000000396703	30	30
0.12106	0.00000000384365	30	30
0.12097	0.00000000386175	30	30
0.12113	0.00000000400760	30	30
0.12081	0.00000000381556	30	30
0.12102	0.00000000386789	30	30
0.12129	0.00000000394803	30	30
0.12076	0.00000000391756	30	30
0.12116	0.00000000386890	30	30
0.14120	0.00000000668846	30	30
0.12107	0.00000000400803	30	30
0.12081	0.00000000385722	30	30
0.12119	0.00000000386154	30	30
0.12099	0.00000000395675	30	30
0.12082	0.00000000396199	30	30
0.12119	0.00000000384481	30	30
0.12096	0.00000000383209	30	30
0.12078	0.00000000401988	30	30
0.12112	0.00000000382891	30	30
0.12099	0.00000000384847	30	30
0.12100	0.00000000384758	30	30
0.12106	0.00000000401045	30	30
0.12102	0.00000000385032	30	30
0.14081	0.00000000670707	30	30
0.12144	0.00000000395467	30	30
0.12100	0.00000000395538	30	30
0.12059	0.00000000386267	30	30
0.12143	0.00000000388175	30	30
0.12100	0.00000000404367	30	30
0.12061	0.00000000384944	30	30
0.12141	0.00000000384384	30	30
0.12102	0.00000000383053	30	30
0.12062	0.00000000401428	30	30
0.12135	0.00000000387660	30	30
0.12119	0.00000000384954	30	30
0.12054	0.00000000383296	30	30
0.12167	0.00000000402232	30	30
0.12106	0.00000000384462	30	30
0.12075	0.00000000393461	30	30
0.12109	0.00000000395239	30	30
0.12109	0.00000000385472	30	30
0.12076	0.00000000385533	30	30
0.12105	0.00000000401449	30	30
0.12117	0.00000000384332	30	30
0.12090	0.00000000381501	30	30
0.12095	0.00000000386112	30	30
0.12116	0.00000000403390	30	30
0.12086	0.00000000383841	30	30
0.12108	0.00000000384164	30	30
0.12113	0.00000000403690	30	30
0.12054	0.00000000393621	30	30
0.12144	0.00000000383673	30	30
0.12104	0.00000000384203	30	30
0.12049	0.00000000402587	30	30
0.12143	0.00000000388097	30	30
0.12086	0.00000000384718	30	30
0.12063	0.00000000384009	30	30
0.12151	0.00000000404861	30	30
0.12084	0.00000000381529	30	30
0.12062	0.00000000384427	30	30
0.12145	0.00000000387946	30	30
0.12113	0.00000000401287	30	30
0.12044	0.00000000385685	30	30
0.12141	0.00000000385046	30	30
0.12092	0.00000000401638	30	30
0.12094	0.00000000383686	30	30
0.12107	0.00000000386292	30	30
0.12101	0.00000000396392	30	30
0.12074	0.00000000391879	30	30
0.12123	0.00000000386469	30	30
0.12102	0.00000000382319	30	30
0.12074	0.00000000400014	30	30
0.12111	0.00000000387105	30	30
0.12136	0.00000000385967	30	30
0.12062	0.00000000380124	30	30
0.12131	0.00000000405680	30	30
0.12097	0.00000000382608	30	30
0.12082	0.00000000393488	30	30
0.12096	0.00000000394605	30	30
0.12115	0.00000000385115	30	30
0.12100	0.00000000386823	30	30
0.12097	0.00000000401879	30	30
0.12101	0.00000000383567	30	30
0.12086	0.00000000383632	30	30
0.12111	0.00000000384703	30	30
0.12109	0.00000000403459	30	30
0.12092	0.00000000386731	30	30
0.12088	0.00000000382834	30	30
0.12142	0.00000000403834	30	30
0.14108	0.00000000704170	30	30
0.12132	0.00000000383478	30	30
0.12094	0.00000000385748	30	30
0.12062	0.00000000403146	30	30
0.12138	0.00000000388685	30	30
0.12117	0.00000000385501	30	30
0.12048	0.00000000385568	30	30
0.12141	0.00000000403592	30	30
0.12103	0.00000000383095	30	30
0.12055	0.00000000382632	30	30
0.12140	0.00000000396761	30	30
0.12092	0.00000000395613	30	30
0.12062	0.00000000382863	30	30
0.12150	0.00000000387422	30	30
0.12109	0.00000000384683	30	30
0.12090	0.00000000384985	30	30
0.12093	0.00000000385141	30	30
0.12096	0.00000000405477	30	30
0.12098	0.00000000386312	30	30
0.12118	0.00000000384680	30	30
0.12113	0.00000000391783	30	30
0.12083	0.00000000391406	30	30
0.12102	0.00000000386640	30	30
0.12131	0.00000000383482	30	30
0.12082	0.00000000402770	30	30
0.12095	0.00000000382729	30	30
0.12074	0.00000000383629	30	30
0.12108	0.00000000385516	30	30
0.12092	0.00000000402360	30	30
0.12109	0.00000000385546	30	30
0.12079	0.00000000385574	30	30
0.12120	0.00000000405727	30	30
0.12088	0.00000000384455	30	30
0.12107	0.00000000387120	30	30
0.12103	0.00000000383590	30	30
0.12098	0.00000000399201	30	30
0.12091	0.00000000386445	30	30
0.12102	0.00000000385563	30	30
0.12123	0.00000000382677	30	30
0.12076	0.00000000403067	30	30
0.12130	0.00000000385766	30	30
0.12113	0.00000000383698	30	30
0.12082	0.00000000383076	30	30
0.12105	0.00000000405606	30	30
0.12139	0.00000000386182	30	30
0.12060	0.00000000383683	30	30
0.12112	0.00000000402847	30	30
0.12083	0.00000000382728	30	30
0.12109	0.00000000384825	30	30
0.12100	0.00000000402902	30	30
0.12089	0.00000000385534	30	30
0.12123	0.00000000384036	30	30
0.12102	0.00000000384938	30	30
0.14140	0.00000000692208	30	30
0.12092	0.00000000384315	30	30
0.12115	0.00000000384566	30	30
0.12091	0.00000000394067	30	30
0.12095	0.00000000396265	30	30
0.12104	0.00000000385275	30	30
0.12103	0.00000000385183	30	30
0.12104	0.00000000401461	30	30
0.12099	0.00000000382572	30	30
0.12099	0.00000000383804	30	30
0.12082	0.00000000385880	30	30
0.12127	0.00000000402437	30	30
0.12097	0.00000000383194	30	30
0.12076	0.00000000384899	30	30
0.14165	0.00000000704763	30	30
0.12088	0.00000000382448	30	30
0.12085	0.00000000384813	30	30
0.12117	0.00000000403597	30	30
0.12106	0.00000000385828	30	30
0.12098	0.00000000386934	30	30
0.12111	0.00000000402272	30	30
0.12072	0.00000000382663	30	30
0.12105	0.00000000384734	30	30
0.12106	0.00000000384014	30	30
0.12099	0.00000000402120	30	30
0.12081	0.00000000386445	30	30
0.12128	0.00000000385014	30	30
0.12111	0.00000000400499	30	30
0.12133	0.00000000385168	30	30
0.12122	0.00000000383729	30	30
0.12052	0.00000000404881	30	30
0.12124	0.00000000387462	30	30
0.12112	0.00000000385657	30	30
0.12064	0.00000000392488	30	30
0.12137	0.00000000394346	30	30
0.12109	0.00000000382614	30	30
0.12053	0.00000000384085	30	30
0.12125	0.00000000405198	30	30
0.12119	0.00000000383354	30	30
0.12047	0.00000000384219	30	30
0.12137	0.00000000386597	30	30
0.12119	0.00000000386448	30	30
0.12161	0.00000000402354	30	30
0.12157	0.00000000398379	30	30
0.12151	0.00000000392649	30	30
0.12194	0.00000000391277	30	30
0.12198	0.00000000391466	30	30
0.12184	0.00000000389375	30	30
0.12214	0.00000000410057	30	30
0.12176	0.00000000388649	30	30
0.12192	0.00000000392032	30	30
0.12179	0.00000000401713	30	30
0.12276	0.00000000403813	30	30
0.12199	0.00000000396989	30	30
0.12146	0.00000000405100	30	30
0.12101	0.00000000383069	30	30
0.12069	0.00000000385931	30	30
0.12152	0.00000000387630	30	30
0.12089	0.00000000404503	30	30
0.12051	0.00000000385586	30	30
0.12142	0.00000000385408	30	30
0.12124	0.00000000402509	30	30
0.12039	0.00000000385454	30	30
0.12171	0.00000000388235	30	30
0.12100	0.00000000385170	30	30
0.12061	0.00000000382970	30	30
0.12134	0.00000000404589	30	30
0.12111	0.00000000402792	30	30
0.12066	0.00000000383795	30	30
0.12128	0.00000000387162	30	30
0.12094	0.00000000385384	30	30
0.12070	0.00000000404589	30	30
0.12134	0.00000000386199	30	30
0.12097	0.00000000384461	30	30
0.12071	0.00000000382722	30	30
0.12139	0.00000000403537	30	30
0.12078	0.00000000387195	30	30
0.12093	0.00000000385891	30	30
0.12121	0.00000000383365	30	30
0.12099	0.00000000404796	30	30
0.14151	0.00000000696939	30	30
0.12101	0.00000000384976	30	30
0.12106	0.00000000394795	30	30
0.12096	0.00000000393752	30	30
0.12099	0.00000000387470	30	30
0.12101	0.00000000388233	30	30
0.12109	0.00000000402989	30	30
0.12093	0.00000000384210	30	30
0.12092	0.00000000383271	30	30
0.12124	0.00000000384618	30	30
0.12083	0.00000000404359	30	30
0.12110	0.00000000384931	30	30
0.12115	0.00000000384169	30	30
0.12099	0.00000000403673	30	30
0.12092	0.00000000383838	30	30
0.12085	0.00000000396583	30	30
0.12110	0.00000000393946	30	30
0.12094	0.00000000386125	30	30
0.12098	0.00000000385922	30	30
0.12106	0.00000000402950	30	30
0.12097	0.00000000382663	30	30
0.12092	0.00000000385077	30	30
0.12097	0.00000000401837	30	30
0.12085	0.00000000385665	30	30
0.12123	0.00000000386293	30	30
0.12100	0.00000000384508	30	30
0.12103	0.00000000401539	30	30
0.12135	0.00000000386413	30	30
0.12094	0.00000000403930	30	30
0.12081	0.00000000384976	30	30
0.12133	0.00000000387560	30	30
0.12095	0.00000000394867	30	30
0.12052	0.00000000393186	30	30
0.12132	0.00000000385623	30	30
0.12098	0.00000000381860	30	30
0.12064	0.00000000396051	30	30
0.12139	0.00000000396364	30	30
0.12103	0.00000000384344	30	30
0.12062	0.00000000384510	30	30
0.12146	0.00000000404302	30	30
0.12142	0.00000000414389	30	30
0.12103	0.00000000383546	30	30
0.12118	0.00000000383177	30	30
0.12071	0.00000000394695	30	30
0.12114	0.00000000396442	30	30
0.12112	0.00000000386725	30	30
0.12072	0.00000000386411	30	30
0.12120	0.00000000403208	30	30
0.12094	0.00000000382431	30	30
0.12093	0.00000000383835	30	30
0.12108	0.00000000395736	30	30
0.12098	0.00000000396442	30	30
0.12101	0.00000000384682	30	30
0.12113	0.00000000386665	30	30
0.12110	0.00000000385031	30	30
0.12099	0.00000000384227	30	30
0.12087	0.00000000403996	30	30
0.12095	0.00000000385117	30	30
0.12109	0.00000000387854	30	30
0.12102	0.00000000385483	30	30
0.12064	0.00000000401992	30	30
0.12147	0.00000000385342	30	30
0.12075	0.00000000383250	30	30
0.12086	0.00000000404764	30	30
0.12118	0.00000000386484	30	30
0.12090	0.00000000383478	30	30
0.12090	0.00000000385515	30	30
0.14095	0.00000000697494	30	30
0.12114	0.00000000383579	30	30
0.12079	0.00000000384713	30	30
0.12101	0.00000000385356	30	30
0.12111	0.00000000404829	30	30
0.12110	0.00000000386916	30	30
0.12082	0.00000000384982	30	30
0.12112	0.00000000402420	30	30
0.12088	0.00000000382925	30	30
0.12095	0.00000000385170	30	30
0.12118	0.00000000395791	30	30
0.12103	0.00000000393062	30	30
0.12082	0.00000000383841	30	30
0.12121	0.00000000386772	30	30
0.14140	0.00000000702465	30	30
0.12062	0.00000000384361	30	30
0.12114	0.00000000385816	30	30
0.12103	0.00000000404487	30	30
0.12063	0.00000000387210	30	30
0.12148	0.00000000389213	30	30
0.12098	0.00000000384220	30	30
0.12053	0.00000000401510	30	30
0.12144	0.00000000386317	30	30
0.12089	0.00000000383572	30	30
0.12064	0.00000000387990	30	30
0.12142	0.00000000395074	30	30
0.12099	0.00000000394370	30	30
0.12056	0.00000000384163	30	30
0.14135	0.00000000677332	30	30
0.12102	0.00000000393491	30	30
0.12084	0.00000000384441	30	30
0.12111	0.00000000388279	30	30
0.12117	0.00000000405659	30	30
0.12098	0.00000000385640	30	30
0.12078	0.00000000386262	30	30
0.12103	0.00000000384563	30	30
0.12113	0.00000000400197	30	30
0.12083	0.00000000387409	30	30
0.12109	0.00000000385828	30	30
0.12093	0.00000000401000	30	30
0.12113	0.00000000385496	30	30
0.12115	0.00000000386789	30	30
0.12051	0.00000000434174	30	30
0.12090	0.00000000385251	30	30
0.12061	0.00000000385659	30	30
0.12147	0.00000000405224	30	30
0.12098	0.00000000386440	30	30
0.12064	0.00000000386674	30	30
0.12124	0.00000000388086	30	30
0.12124	0.00000000405048	30	30
0.12061	0.00000000384109	30	30
0.12163	0.00000000385092	30	30
0.12085	0.00000000386289	30	30
0.12063	0.00000000395661	30	30
0.12150	0.00000000394900	30	30
0.12092	0.00000000384942	30	30
0.12071	0.00000000386239	30	30
0.12130	0.00000000385445	30	30
0.12086	0.00000000385139	30	30
0.12078	0.00000000397185	30	30
0.12126	0.00000000398536	30	30
0.12109	0.00000000384706	30	30
0.12073	0.00000000385932	30	30
0.12128	0.00000000403238	30	30
0.12101	0.00000000383301	30	30
0.12090	0.00000000385567	30	30
0.12105	0.00000000394743	30	30
0.12112	0.00000000393445	30	30
0.12055	0.00000000385743	30	30
0.14139	0.00000000667761	30	30
0.12116	0.00000000393993	30	30
0.12101	0.00000000393476	30	30
0.12097	0.00000000386308	30	30
0.12108	0.00000000388306	30	30
0.12133	0.00000000404824	30	30
0.12073	0.00000000383287	30	30
0.12085	0.00000000383900	30	30
0.12153	0.00000000401412	30	30
0.12047	0.00000000384553	30	30
0.12108	0.00000000386227	30	30
0.12120	0.00000000394518	30	30
0.12075	0.00000000392910	30	30
0.12108	0.00000000386186	30	30
0.14161	0.00000000689472	30	30
0.12085	0.00000000385888	30	30
0.12115	0.00000000386947	30	30
0.12087	0.00000000393196	30	30
0.12086	0.00000000397805	30	30
0.12124	0.00000000387799	30	30
0.12108	0.00000000384371	30	30
0.12087	0.00000000393263	30	30
0.12103	0.00000000393758	30	30
0.12104	0.00000000384011	30	30
0.12085	0.00000000386186	30	30
0.12098	0.00000000405260	30	30
0.12119	0.00000000383805	30	30
0.12090	0.00000000385774	30	30
0.14168	0.00000000707772	30	30
0.12105	0.00000000383760	30	30
0.12086	0.00000000385365	30	30
0.12106	0.00000000405098	30	30
0.12115	0.00000000386823	30	30
0.12092	0.00000000387494	30	30
0.12109	0.00000000385978	30	30
0.12085	0.00000000402222	30	30
0.12100	0.00000000384033	30	30
0.12109	0.00000000386690	30	30
0.12100	0.00000000404498	30	30
0.12088	0.00000000384078	30	30
0.12115	0.00000000384936	30	30
0.12111	0.00000000393793	30	30
0.12091	0.00000000403891	30	30
0.12104	0.00000000384949	30	30
0.12117	0.00000000384906	30	30
0.12053	0.00000000386131	30	30
0.12134	0.00000000406826	30	30
0.12083	0.00000000386001	30	30
0.12100	0.00000000386800	30	30
0.12113	0.00000000386186	30	30
0.12122	0.00000000401510	30	30
0.12069	0.00000000386630	30	30
0.12120	0.00000000388619	30	30
0.12107	0.00000000392197	30	30
0.12076	0.00000000393783	30	30
0.12119	0.00000000386511	30	30
0.12104	0.00000000402184	30	30
0.12069	0.00000000383681	30	30
0.12121	0.00000000387756	30	30
0.12103	0.00000000405003	30	30
0.12086	0.00000000385579	30	30
0.12115	0.00000000387230	30	30
0.12108	0.00000000382926	30	30
0.12061	0.00000000401365	30	30
0.12107	0.00000000386715	30	30
0.12122	0.00000000386506	30	30
0.12071	0.00000000401318	30	30
0.12120	0.00000000389919	30	30
0.12098	0.00000000384326	30	30
0.12077	0.00000000394428	30	30
0.12113	0.00000000396373	30	30
0.12098	0.00000000387003	30	30
0.12092	0.00000000388514	30	30
0.12122	0.00000000395476	30	30
0.12095	0.00000000392819	30	30
0.12088	0.00000000385406	30	30
0.12123	0.00000000384529	30	30
0.12080	0.00000000405655	30	30
0.12103	0.00000000386555	30	30
0.12108	0.00000000385116	30	30
0.12110	0.00000000385723	30	30
0.14130	0.00000000705357	30	30
0.12131	0.00000000386855	30	30
0.12095	0.00000000385598	30	30
0.12069	0.00000000405378	30	30
0.12134	0.00000000388552	30	30
0.12113	0.00000000387400	30	30
0.12060	0.00000000385569	30	30
0.12131	0.00000000405126	30	30
0.12099	0.00000000384907	30	30
0.12070	0.00000000386876	30	30
0.12129	0.00000000386364	30	30
0.12093	0.00000000404549	30	30
0.12085	0.00000000385575	30	30
0.12128	0.00000000386679	30	30
0.14108	0.00000000703116	30	30
0.12095	0.00000000384535	30	30
0.12105	0.00000000384792	30	30
0.12101	0.00000000397603	30	30
0.12085	0.00000000396552	30	30
0.12104	0.00000000386355	30	30
0.12099	0.00000000387151	30	30
0.12092	0.00000000401494	30	30
0.12120	0.00000000386192	30	30
0.12092	0.00000000386190	30	30
0.12084	0.00000000395630	30	30
0.12127	0.00000000394090	30	30
0.12096	0.00000000385308	30	30
0.12074	0.00000000384739	30	30
0.12041	0.00000000427009	30	30
0.12088	0.00000000386291	30	30
0.12114	0.00000000404429	30	30
0.12108	0.00000000385766	30	30
0.12081	0.00000000386923	30	30
0.12109	0.00000000405242	30	30
0.12096	0.00000000387155	30	30
0.12092	0.00000000387219	30	30
0.12130	0.00000000384614	30	30
0.12107	0.00000000402830	30	30
0.12086	0.00000000387658	30	30
0.12100	0.00000000386485	30	30
0.12110	0.00000000385938	30	30
0.12080	0.00000000403535	30	30
0.12058	0.00000000385868	30	30
0.12115	0.00000000441342	30	30
0.12123	0.00000000386120	30	30
0.12096	0.00000000385172	30	30
0.12082	0.00000000387289	30	30
0.12114	0.00000000407082	30	30
0.12133	0.00000000386742	30	30
0.12065	0.00000000385733	30	30
0.12114	0.00000000404437	30	30
0.12102	0.00000000382787	30	30
0.12080	0.00000000385298	30	30
0.12106	0.00000000395223	30	30
0.12097	0.00000000395495	30	30
0.12109	0.00000000385258	30	30
0.12087	0.00000000386549	30	30
0.14198	0.00000000696367	30	30
0.12080	0.00000000386065	30	30
0.12131	0.00000000386694	30	30
0.12088	0.00000000384329	30	30
0.12087	0.00000000407172	30	30
0.12108	0.00000000388073	30	30
0.12104	0.00000000384899	30	30
0.12086	0.00000000395244	30	30
0.12122	0.00000000393746	30	30
0.12087	0.00000000385322	30	30
0.12093	0.00000000387918	30	30
0.12115	0.00000000404217	30	30
0.12092	0.00000000384067	30	30
0.12099	0.00000000386052	30	30
0.14081	0.00000000701028	30	30
0.12093	0.00000000383651	30	30
0.12073	0.00000000387158	30	30
0.12141	0.00000000405082	30	30
0.12089	0.00000000386144	30	30
0.12063	0.00000000388332	30	30
0.12149	0.00000000386246	30	30
0.12092	0.00000000402818	30	30
0.12058	0.00000000385090	30	30
0.12133	0.00000000387311	30	30
0.12101	0.00000000385880	30	30
0.12070	0.00000000405819	30	30
0.12125	0.00000000385874	30	30
0.12113	0.00000000385611	30	30
0.14105	0.00000000670992	30	30
0.12080	0.00000000395682	30	30
0.12119	0.00000000384739	30	30
0.12093	0.00000000386313	30	30
0.12097	0.00000000388329	30	30
0.12103	0.00000000404522	30	30
0.12109	0.00000000384897	30	30
0.12075	0.00000000385547	30	30
0.12119	0.00000000402451	30	30
0.12099	0.00000000386733	30	30
0.12094	0.00000000387781	30	30
0.12114	0.00000000394793	30	30
0.12094	0.00000000393613	30	30
0.12096	0.00000000388731	30	30
0.12034	0.00000000407609	30	30
0.12116	0.00000000396679	30	30
0.12115	0.00000000385017	30	30
0.12118	0.00000000397467	30	30
0.12198	0.00000000393375	30	30
0.12176	0.00000000389939	30	30
0.12142	0.00000000407742	30	30
0.12182	0.00000000392042	30	30
0.12219	0.00000000390802	30	30
0.12181	0.00000000388826	30	30
0.12220	0.00000000408563	30	30
0.12195	0.00000000390723	30	30
0.12206	0.00000000393797	30	30
0.12177	0.00000000389120	30	30
0.12114	0.00000000385291	30	30
0.12059	0.00000000384835	30	30
0.12135	0.00000000407448	30	30
0.12097	0.00000000386939	30	30
0.12067	0.00000000387617	30	30
0.12147	0.00000000387879	30	30
0.12106	0.00000000404154	30	30
0.12061	0.00000000383991	30	30
0.12139	0.00000000386314	30	30
0.12091	0.00000000387498	30	30
0.12067	0.00000000395896	30	30
0.12137	0.00000000394997	30	30
0.12095	0.00000000387823	30	30
0.14129	0.00000000661740	30	30
0.12066	0.00000000385564	30	30
0.12108	0.00000000383820	30	30
0.12113	0.00000000385755	30	30
0.12088	0.00000000405055	30	30
0.12107	0.00000000388822	30	30
0.12109	0.00000000383727	30	30
0.12080	0.00000000383501	30	30
0.12099	0.00000000402898	30	30
0.12115	0.00000000384712	30	30
0.12079	0.00000000388352	30	30
0.12106	0.00000000396008	30	30
0.12110	0.00000000392664	30	30
0.12096	0.00000000386016	30	30
0.14140	0.00000000669579	30	30
0.12092	0.00000000403582	30	30
0.12091	0.00000000387272	30	30
0.12107	0.00000000387290	30	30
0.12092	0.00000000395919	30	30
0.12097	0.00000000398615	30	30
0.12117	0.00000000385606	30	30
0.12088	0.00000000383905	30	30
0.12090	0.00000000403174	30	30
0.12112	0.00000000385794	30	30
0.12101	0.00000000386789	30	30
0.12087	0.00000000396305	30	30
0.12109	0.00000000394247	30	30
0.12109	0.00000000386137	30	30
0.14182	0.00000000702266	30	30
0.12137	0.00000000387479	30	30
0.12097	0.00000000383883	30	30
0.12052	0.00000000386073	30	30
0.12150	0.00000000406934	30	30
0.12110	0.00000000386913	30	30
0.12043	0.00000000384753	30	30
0.12136	0.00000000385977	30	30
0.12125	0.00000000399746	30	30
0.12041	0.00000000388168	30	30
0.12152	0.00000000387634	30	30
0.12111	0.00000000401948	30	30
0.12040	0.00000000384403	30	30
0.12149	0.00000000388339	30	30
0.12123	0.00000000422398	30	30
0.12098	0.00000000386991	30	30
0.12105	0.00000000382420	30	30
0.12101	0.00000000404482	30	30
0.12095	0.00000000387316	30	30
0.12113	0.00000000386182	30	30
0.12074	0.00000000404978	30	30
0.12148	0.00000000385660	30	30
0.12088	0.00000000384078	30	30
0.12094	0.00000000392283	30	30
0.12093	0.00000000395563	30	30
0.12107	0.00000000386933	30	30
0.12119	0.00000000386335	30	30
0.12077	0.00000000404396	30	30
0.12090	0.00000000385750	30	30
0.12099	0.00000000405521	30	30
0.12096	0.00000000385968	30	30
0.12106	0.00000000387758	30	30
0.12096	0.00000000389035	30	30
0.12119	0.00000000404979	30	30
0.12084	0.00000000385482	30	30
0.12107	0.00000000384592	30	30
0.12094	0.00000000402395	30	30
0.12084	0.00000000387344	30	30
0.12117	0.00000000388519	30	30
0.12104	0.00000000384201	30	30
0.12081	0.00000000406238	30	30
0.14097	0.00000000680416	30	30
0.12107	0.00000000385740	30	30
0.12097	0.00000000384467	30	30
0.12087	0.00000000404653	30	30
0.12114	0.00000000387594	30	30
0.12110	0.00000000387727	30	30
0.12133	0.00000000404117	30	30
0.12068	0.00000000384360	30	30
0.12097	0.00000000385020	30	30
0.12094	0.00000000405004	30	30
0.12105	0.00000000389337	30	30
0.12109	0.00000000384319	30	30
0.12085	0.00000000387372	30	30
0.12107	0.00000000404090	30	30
0.14191	0.00000000707397	30	30
0.12038	0.00000000386037	30	30
0.12142	0.00000000397600	30	30
0.12097	0.00000000395511	30	30
0.12061	0.00000000387041	30	30
0.12148	0.00000000388979	30	30
0.12100	0.00000000394632	30	30
0.12057	0.00000000395105	30	30
0.12143	0.00000000387187	30	30
0.12095	0.00000000384555	30	30
0.12056	0.00000000395766	30	30
0.12122	0.00000000396774	30	30
0.12128	0.00000000384559	30	30
0.12060	0.00000000384428	30	30
0.14106	0.00000000704655	30	30
0.12098	0.00000000385085	30	30
0.12118	0.00000000384855	30	30
0.12093	0.00000000405353	30	30
0.12088	0.00000000386973	30	30
0.12110	0.00000000387617	30	30
0.12086	0.00000000384757	30	30
0.12112	0.00000000403287	30	30
0.12103	0.00000000383554	30	30
0.12087	0.00000000387670	30	30
0.12113	0.00000000404000	30	30
0.12093	0.00000000385008	30	30
0.12104	0.00000000384924	30	30
0.12097	0.00000000386018	30	30
0.12119	0.00000000384879	30	30
0.12049	0.00000000401607	30	30
0.12135	0.00000000387863	30	30
0.12110	0.00000000386412	30	30
0.12054	0.00000000386440	30	30
0.12137	0.00000000396544	30	30
0.12135	0.00000000396090	30	30
0.12061	0.00000000386066	30	30
0.12131	0.00000000385927	30	30
0.12106	0.00000000406807	30	30
0.12051	0.00000000387368	30	30
0.12150	0.00000000385814	30	30
0.12088	0.00000000385325	30	30
0.12015	0.00000000404230	30	30
0.12340	0.00000000446491	30	30
0.12097	0.00000000405843	30	30
0.12108	0.00000000384938	30	30
0.12094	0.00000000386931	30	30
0.12098	0.00000000387038	30	30
0.12088	0.00000000406012	30	30
0.12121	0.00000000386307	30	30
0.12097	0.00000000385771	30	30
0.12107	0.00000000392495	30	30
0.12083	0.00000000392045	30	30
0.12096	0.00000000387119	30	30
0.12122	0.00000000386596	30	30
0.12104	0.00000000402147	30	30
0.12065	0.00000000386601	30	30
0.14107	0.00000000664645	30	30
0.12118	0.00000000403485	30	30
0.12058	0.00000000384752	30	30
0.12133	0.00000000387639	30	30
0.12097	0.00000000387348	30	30
0.12060	0.00000000404313	30	30
0.12133	0.00000000386768	30	30
0.12119	0.00000000386413	30	30
0.12057	0.00000000383787	30	30
0.12130	0.00000000403770	30	30
0.12095	0.00000000386787	30	30
0.12082	0.00000000386667	30	30
0.12112	0.00000000386055	30	30
0.12104	0.00000000406468	30	30
0.14146	0.00000000704570	30	30
0.12090	0.00000000386545	30	30
0.12108	0.00000000404981	30	30
0.12115	0.00000000385648	30	30
0.12086	0.00000000387176	30	30
0.12113	0.00000000388645	30	30
0.12112	0.00000000404143	30	30
0.12081	0.00000000384833	30	30
0.12096	0.00000000384065	30	30
0.12101	0.00000000402045	30	30
0.12095	0.00000000387544	30	30
0.12098	0.00000000385638	30	30
0.12091	0.00000000392949	30	30
0.12116	0.00000000395409	30	30
0.12093	0.00000000393935	30	30
0.12094	0.00000000394613	30	30
0.12108	0.00000000388493	30	30
0.12126	0.00000000387821	30	30
0.12044	0.00000000404442	30	30
0.12120	0.00000000386061	30	30
0.12115	0.00000000384101	30	30
0.12084	0.00000000403167	30	30
0.12089	0.00000000387253	30	30
0.12124	0.00000000387745	30	30
0.12094	0.00000000394625	30	30
0.12099	0.00000000393934	30	30
0.12078	0.00000000384652	30	30
0.12056	0.00000000385062	30	30
0.12148	0.00000000386051	30	30
0.12074	0.00000000403669	30	30
0.12079	0.00000000387714	30	30
0.12135	0.00000000388938	30	30
0.12130	0.00000000385814	30	30
0.12066	0.00000000404298	30	30
0.12121	0.00000000385941	30	30
0.12100	0.00000000382651	30	30
0.12066	0.00000000386992	30	30
0.12134	0.00000000406706	30	30
0.12109	0.00000000384804	30	30
0.12047	0.00000000383857	30	30
0.12117	0.00000000388015	30	30
0.12333	0.00000000462498	30	30
0.12127	0.00000000384975	30	30
0.12089	0.00000000403680	30	30
0.12086	0.00000000388757	30	30
0.12110	0.00000000387813	30	30
0.12095	0.00000000397096	30	30
0.12096	0.00000000396818	30	30
0.12117	0.00000000386662	30	30
0.12106	0.00000000384035	30	30
0.12083	0.00000000395293	30	30
0.12098	0.00000000397407	30	30
0.12114	0.00000000386217	30	30
0.12084	0.00000000384613	30	30
0.12106	0.00000000405525	30	30
0.14157	0.00000000695413	30	30
0.12117	0.00000000384328	30	30
0.12098	0.00000000385930	30	30
0.12084	0.00000000404329	30	30
0.12095	0.00000000386912	30	30
0.12108	0.00000000387525	30	30
0.12098	0.00000000394542	30	30
0.12092	0.00000000393035	30	30
0.12117	0.00000000384006	30	30
0.12090	0.00000000384341	30	30
0.12076	0.00000000404961	30	30
0.12132	0.00000000387292	30	30
0.12088	0.00000000385242	30	30
0.12074	0.00000000385101	30	30
0.14101	0.00000000706732	30	30
0.12094	0.00000000384964	30	30
0.12113	0.00000000386248	30	30
0.12097	0.00000000403860	30	30
0.12093	0.00000000386376	30	30
0.12130	0.00000000388429	30	30
0.12075	0.00000000395373	30	30
0.12096	0.00000000395013	30	30
0.12106	0.00000000383816	30	30
0.12099	0.00000000395107	30	30
0.12099	0.00000000396089	30	30
0.12090	0.00000000384806	30	30
0.12111	0.00000000385633	30	30
0.12102	0.00000000404049	30	30
0.14158	0.00000000710559	30	30
0.12082	0.00000000385520	30	30
0.12113	0.00000000402922	30	30
0.12093	0.00000000386040	30	30
0.12082	0.00000000388403	30	30
0.12125	0.00000000387158	30	30
0.12103	0.00000000403384	30	30
0.12090	0.00000000387273	30	30
0.12114	0.00000000382138	30	30
0.12087	0.00000000395818	30	30
0.12098	0.00000000396424	30	30
0.12114	0.00000000384830	30	30
0.12098	0.00000000383909	30	30
0.12093	0.00000000406115	30	30
0.12155	0.00000000406158	30	30
0.12092	0.00000000384136	30	30
0.12056	0.00000000385440	30	30
0.12132	0.00000000398203	30	30
0.12097	0.00000000396274	30	30
0.12093	0.00000000388447	30	30
0.12134	0.00000000386959	30	30
0.12116	0.00000000403208	30	30
0.12072	0.00000000383818	30	30
0.12112	0.00000000387743	30	30
0.12098	0.00000000404363	30	30
0.12064	0.00000000385030	30	30
0.12121	0.00000000387780	30	30
0.12063	0.00000000384742	30	30
0.12138	0.00000000462566	30	30
0.12116	0.00000000386768	30	30
0.12056	0.00000000386627	30	30
0.12145	0.00000000386964	30	30
0.12103	0.00000000406993	30	30
0.12062	0.00000000387245	30	30
0.12147	0.00000000386916	30	30
0.12106	0.00000000403358	30	30
0.12056	0.00000000384675	30	30
0.12134	0.00000000387277	30	30
0.12090	0.00000000386474	30	30
0.12067	0.00000000405588	30	30
0.12147	0.00000000384414	30	30
0.12079	0.00000000385805	30	30
0.14146	0.00000000663238	30	30
0.12099	0.00000000404863	30	30
0.12120	0.00000000385662	30	30
0.12092	0.00000000385416	30	30
0.12077	0.00000000387723	30	30
0.12126	0.00000000405754	30	30
0.12094	0.00000000385494	30	30
0.12105	0.00000000385462	30	30
0.12094	0.00000000403287	30	30
0.12101	0.00000000384961	30	30
0.12103	0.00000000388835	30	30
0.12096	0.00000000394822	30	30
0.12100	0.00000000392335	30	30
0.12106	0.00000000387712	30	30
0.14159	0.00000000673929	30	30
0.12087	0.00000000404159	30	30
0.12083	0.00000000386676	30	30
0.12113	0.00000000388247	30	30
0.12104	0.00000000395381	30	30
0.12091	0.00000000398521	30	30
0.12104	0.00000000387248	30	30
0.12124	0.00000000385385	30	30
0.12074	0.00000000402346	30	30
0.12107	0.00000000385661	30	30
0.12105	0.00000000386448	30	30
0.12084	0.00000000405087	30	30
0.12094	0.00000000384632	30	30
0.12135	0.00000000386121	30	30
0.14121	0.00000000689991	30	30
0.12115	0.00000000395030	30	30
0.12108	0.00000000385923	30	30
0.12055	0.00000000386345	30	30
0.12135	0.00000000399261	30	30
0.12101	0.00000000395455	30	30
0.12058	0.00000000385540	30	30
0.12144	0.00000000386792	30	30
0.12107	0.00000000403190	30	30
0.12053	0.00000000385554	30	30
0.12141	0.00000000389580	30	30
0.12104	0.00000000394426	30	30
0.12076	0.00000000393621	30	30
0.12123	0.00000000385652	30	30
0.12004	0.00000000405378	30	30
0.12113	0.00000000387562	30	30
0.12104	0.00000000383802	30	30
0.12090	0.00000000396802	30	30
0.12105	0.00000000396146	30	30
0.12112	0.00000000387850	30	30
0.12107	0.00000000388425	30	30
0.12108	0.00000000395903	30	30
0.12130	0.00000000393353	30	30
0.12062	0.00000000383916	30	30
0.12114	0.00000000397643	30	30
0.12084	0.00000000395157	30	30
0.12100	0.00000000385643	30	30
0.12109	0.00000000385203	30	30
0.12106	0.00000000404491	30	30
0.12107	0.00000000433514	30	30
0.12089	0.00000000397451	30	30
0.12146	0.00000000386614	30	30
0.12138	0.00000000385772	30	30
0.12138	0.00000000401315	30	30
0.12178	0.00000000402035	30	30
0.12168	0.00000000391435	30	30
0.12135	0.00000000390014	30	30
0.12234	0.00000000400351	30	30
0.12196	0.00000000399227	30	30
0.12176	0.00000000391574	30	30
0.12212	0.00000000393567	30	30
0.12215	0.00000000400074	30	30
0.12156	0.00000000399491	30	30
0.12119	0.00000000387140	30	30
0.12127	0.00000000386477	30	30
0.12097	0.00000000404156	30	30
0.12088	0.00000000387924	30	30
0.12113	0.00000000388880	30	30
0.12107	0.00000000386986	30	30
0.12127	0.00000000402610	30	30
0.12080	0.00000000384817	30	30
0.12096	0.00000000384801	30	30
0.12066	0.00000000396761	30	30
0.12136	0.00000000398633	30	30
0.12105	0.00000000384264	30	30
0.12063	0.00000000385952	30	30
0.14159	0.00000000666320	30	30
0.12125	0.00000000404695	30	30
0.12109	0.00000000384351	30	30
0.12082	0.00000000386564	30	30
0.12112	0.00000000397729	30	30
0.12103	0.00000000395668	30	30
0.12078	0.00000000387165	30	30
0.12117	0.00000000386534	30	30
0.12101	0.00000000401049	30	30
0.12078	0.00000000385350	30	30
0.12128	0.00000000388108	30	30
0.12091	0.00000000386247	30	30
0.12094	0.00000000405735	30	30
0.12107	0.00000000386078	30	30
0.12059	0.00000000400855	30	30
0.12129	0.00000000387502	30	30
0.12098	0.00000000387368	30	30
0.12067	0.00000000396977	30	30
0.12147	0.00000000398996	30	30
0.12102	0.00000000384990	30	30
0.12060	0.00000000383892	30	30
0.12126	0.00000000396181	30	30
0.12107	0.00000000392785	30	30
0.12058	0.00000000387507	30	30
0.12153	0.00000000387196	30	30
0.12076	0.00000000402411	30	30
0.12082	0.00000000386501	30	30
0.14128	0.00000000675754	30	30
0.12081	0.00000000394575	30	30
0.12121	0.00000000395508	30	30
0.12076	0.00000000386940	30	30
0.12123	0.00000000388448	30	30
0.12102	0.00000000405475	30	30
0.12108	0.00000000386408	30	30
0.12092	0.00000000386305	30	30
0.12102	0.00000000393940	30	30
0.12098	0.00000000396487	30	30
0.12104	0.00000000387060	30	30
0.12093	0.00000000384291	30	30
0.12109	0.00000000396497	30	30
0.12095	0.00000000394776	30	30
0.12008	0.00000000405256	30	30
0.12076	0.00000000385270	30	30
0.12121	0.00000000388641	30	30
0.12098	0.00000000395048	30	30
0.12081	0.00000000398836	30	30
0.12122	0.00000000388594	30	30
0.12101	0.00000000387675	30	30
0.12088	0.00000000403891	30	30
0.12102	0.00000000383894	30	30
0.12088	0.00000000386316	30	30
0.12104	0.00000000387258	30	30
0.12110	0.00000000404963	30	30
0.12095	0.00000000385312	30	30
0.12052	0.00000000385285	30	30
0.12239	0.00000000451647	30	30
0.12090	0.00000000386117	30	30
0.12111	0.00000000402967	30	30
0.12105	0.00000000385617	30	30
0.12084	0.00000000388168	30	30
0.12105	0.00000000387505	30	30
0.12107	0.00000000406036	30	30
0.12095	0.00000000387407	30	30
0.12114	0.00000000385361	30	30
0.12101	0.00000000403465	30	30
0.12071	0.00000000387274	30	30
0.12120	0.00000000386135	30	30
0.12092	0.00000000385746	30	30
0.12085	0.00000000404550	30	30
0.14200	0.00000000700630	30	30
0.12118	0.00000000384204	30	30
0.12050	0.00000000386066	30	30
0.12129	0.00000000406944	30	30
0.12106	0.00000000388367	30	30
0.12072	0.00000000387391	30	30
0.12123	0.00000000396298	30	30
0.12114	0.00000000395032	30	30
0.12064	0.00000000384588	30	30
0.12122	0.00000000387192	30	30
0.12103	0.00000000396980	30	30
0.12067	0.00000000395058	30	30
0.12137	0.00000000386056	30	30
0.12105	0.00000000386006	30	30
0.14182	0.00000000672015	30	30
0.12092	0.00000000384897	30	30
0.12096	0.00000000385613	30	30
0.12099	0.00000000386263	30	30
0.12103	0.00000000406345	30	30
0.12117	0.00000000388227	30	30
0.12102	0.00000000386496	30	30
0.12074	0.00000000403743	30	30
0.12104	0.00000000385488	30	30
0.12119	0.00000000385099	30	30
0.12089	0.00000000387349	30	30
0.12097	0.00000000404852	30	30
0.12095	0.00000000384349	30	30
0.12095	0.00000000387161	30	30
0.12089	0.00000000385737	30	30
0.12087	0.00000000386375	30	30
0.12106	0.00000000388031	30	30
0.12117	0.00000000407177	30	30
0.12092	0.00000000387050	30	30
0.12124	0.00000000386823	30	30
0.12098	0.00000000394485	30	30
0.12085	0.00000000393779	30	30
0.12112	0.00000000386798	30	30
0.12100	0.00000000386719	30	30
0.12099	0.00000000404018	30	30
0.12107	0.00000000384874	30	30
0.12092	0.00000000385466	30	30
0.12085	0.00000000386667	30	30
0.12107	0.00000000386446	30	30
0.12105	0.00000000405066	30	30
0.12088	0.00000000389554	30	30
0.12123	0.00000000387068	30	30
0.12094	0.00000000404340	30	30
0.12102	0.00000000387424	30	30
0.12099	0.00000000382061	30	30
0.12116	0.00000000386696	30	30
0.12060	0.00000000408325	30	30
0.12116	0.00000000386171	30	30
0.12103	0.00000000384187	30	30
0.12087	0.00000000395684	30	30
0.12029	0.00000000438174	30	30
0.12055	0.00000000401454	30	30
0.12124	0.00000000405175	30	30
0.12097	0.00000000384482	30	30
0.12064	0.00000000386610	30	30
0.12144	0.00000000390871	30	30
0.12108	0.00000000406032	30	30
0.12056	0.00000000388431	30	30
0.12149	0.00000000388037	30	30
0.12096	0.00000000403095	30	30
0.12048	0.00000000385373	30	30
0.12145	0.00000000389575	30	30
0.12092	0.00000000387568	30	30
0.12071	0.00000000402567	30	30
0.12122	0.00000000388526	30	30
0.12089	0.00000000384985	30	30
0.12070	0.00000000386624	30	30
0.12132	0.00000000389062	30	30
0.12092	0.00000000406327	30	30
0.12064	0.00000000388619	30	30
0.12149	0.00000000388563	30	30
0.12094	0.00000000385780	30	30
0.12072	0.00000000402227	30	30
0.12124	0.00000000385474	30	30
0.12095	0.00000000388512	30	30
0.12083	0.00000000386479	30	30
0.12131	0.00000000403138	30	30
0.12093	0.00000000388432	30	30
0.14162	0.00000000667913	30	30
0.12106	0.00000000394770	30	30
0.12092	0.00000000395841	30	30
0.12104	0.00000000387132	30	30
0.12107	0.00000000388710	30	30
0.12091	0.00000000405382	30	30
0.12099	0.00000000385778	30	30
0.12102	0.00000000385911	30	30
0.12098	0.00000000393410	30	30
0.12108	0.00000000394650	30	30
0.12093	0.00000000388173	30	30
0.12108	0.00000000385651	30	30
0.12073	0.00000000403204	30	30
0.12119	0.00000000386619	30	30
0.12124	0.00000000385694	30	30
0.12083	0.00000000404624	30	30
0.12119	0.00000000387037	30	30
0.12093	0.00000000387626	30	30
0.12103	0.00000000406893	30	30
0.12107	0.00000000386245	30	30
0.12098	0.00000000385803	30	30
0.12089	0.00000000384905	30	30
0.12098	0.00000000405048	30	30
0.12110	0.00000000386407	30	30
0.12099	0.00000000385920	30	30
0.12111	0.00000000404201	30	30
0.12113	0.00000000386349	30	30
0.12093	0.00000000386332	30	30
0.12082	0.00000000385303	30	30
0.12110	0.00000000388228	30	30
0.12089	0.00000000407783	30	30
0.12106	0.00000000387642	30	30
0.12121	0.00000000385656	30	30
0.12081	0.00000000404167	30	30
0.12103	0.00000000382452	30	30
0.12087	0.00000000386929	30	30
0.12101	0.00000000387988	30	30
0.12095	0.00000000404481	30	30
0.12084	0.00000000385698	30	30
0.12121	0.00000000387221	30	30
0.11588	0.00000000532860	30	30
0.12114	0.00000000386990	30	30
0.12092	0.00000000403028	30	30
0.12086	0.00000000387105	30	30
0.12129	0.00000000387269	30	30
0.12104	0.00000000406129	30	30
0.12087	0.00000000385817	30	30
0.12092	0.00000000386939	30	30
0.12118	0.00000000403328	30	30
0.12079	0.00000000385553	30	30
0.12114	0.00000000386497	30	30
0.12095	0.00000000387677	30	30
0.12085	0.00000000394224	30	30
0.12113	0.00000000397728	30	30
0.12115	0.00000000386035	30	30
0.12081	0.00000000385906	30	30
0.12112	0.00000000386760	30	30
0.12093	0.00000000405791	30	30
0.12102	0.00000000388427	30	30
0.12114	0.00000000386139	30	30
0.12096	0.00000000404222	30	30
0.12088	0.00000000385341	30	30
0.12103	0.00000000383822	30	30
0.12090	0.00000000396515	30	30
0.12112	0.00000000397278	30	30
0.12101	0.00000000383913	30	30
0.12112	0.00000000387374	30	30
0.14037	0.00000000695945	30	30
=============================================================================

============================ Tabulate Statistics ============================
PWR_PKG_ENERGY	INST_RETIRED	TOR_OCCUPANCY	RR_OCCUPANCY	TIPI	L3_MISS	L2_MISS	TIME	
9546.810791	2309153985809	139946046048	139947744705	0.121211	1721285761	3166224538	59902.910511	
=============================================================================

============================ TIPI SLAB Statistics ============================

==============================================================================
===== Test PASSED in 0.0 msec =====
