
-----
mkdir timedrun fake

Initial Residual = 13573.6
Iteration = 15   Residual = 178.727
Iteration = 30   Residual = 1.21771
Iteration = 45   Residual = 0.00834386
Iteration = 60   Residual = 5.70757e-05
Iteration = 75   Residual = 3.89343e-07
Iteration = 90   Residual = 2.6426e-09
Iteration = 105   Residual = 1.77417e-11
Iteration = 120   Residual = 1.15261e-13
Iteration = 135   Residual = 6.18993e-16
Iteration = 149   Residual = 5.09223e-18
Mini-Application Name: hpccg
Mini-Application Version: 1.0
Parallelism: 
  MPI not enabled: 
  Number of OpenMP threads: 20
Dimensions: 
  nx: 256
  ny: 256
  nz: 1024
Number of iterations: 149
Final residual: 5.09223e-18
#********** Performance Summary (times in sec) ***********: 
Time Summary: 
  Total   : 1267.98
  DDOT    : 68.004
  WAXPBY  : 186.412
  SPARSEMV: 1011.08
FLOPS Summary: 
  Total   : 6.3995e+11
  DDOT    : 3.99969e+10
  WAXPBY  : 5.99953e+10
  SPARSEMV: 5.39958e+11
MFLOPS Summary: 
  Total   : 504.699
  DDOT    : 588.155
  WAXPBY  : 321.843
  SPARSEMV: 534.043

============================ Unprocessed Statistics ============================
TIPI	JPI	Uncore1	Uncore2
0.12114	0.00000000425140	30	30
0.12100	0.00000000423668	30	30
0.12086	0.00000000425541	30	30
0.12156	0.00000000425765	30	30
0.12088	0.00000000424794	30	30
0.12137	0.00000000442364	30	30
0.12058	0.00000000422894	30	30
0.12105	0.00000000424046	30	30
0.12061	0.00000000421558	30	30
0.12091	0.00000000428418	30	30
0.12102	0.00000000425873	30	30
0.12088	0.00000000423908	30	30
0.12107	0.00000000425708	30	30
0.12104	0.00000000432135	30	30
0.12158	0.00000000457720	30	30
0.12148	0.00000000443810	30	30
0.12083	0.00000000426661	30	30
0.12109	0.00000000427952	30	30
0.12152	0.00000000428079	30	30
0.12058	0.00000000425863	30	30
0.12125	0.00000000429339	30	30
0.12101	0.00000000435181	30	30
0.12102	0.00000000436423	30	30
0.12086	0.00000000426281	30	30
0.12079	0.00000000424313	30	30
0.12097	0.00000000427820	30	30
0.12120	0.00000000428739	30	30
0.12089	0.00000000428916	30	30
0.12108	0.00000000427593	30	30
0.12095	0.00000000448593	30	30
0.12097	0.00000000428709	30	30
0.12103	0.00000000429227	30	30
0.12131	0.00000000428957	30	30
0.12110	0.00000000427824	30	30
0.12077	0.00000000424634	30	30
0.12111	0.00000000428696	30	30
0.12092	0.00000000426898	30	30
0.12124	0.00000000445206	30	30
0.12075	0.00000000427824	30	30
0.12072	0.00000000427561	30	30
0.12176	0.00000000379323	30	30
0.12112	0.00000000378702	30	30
0.14193	0.00000000638451	30	30
0.12101	0.00000000381073	30	30
0.12095	0.00000000363456	30	30
0.12109	0.00000000371764	30	30
0.12137	0.00000000371945	30	30
0.12118	0.00000000379070	30	30
0.12096	0.00000000363324	30	30
0.12097	0.00000000369081	30	30
0.12065	0.00000000370333	30	30
0.12109	0.00000000378463	30	30
0.12097	0.00000000364343	30	30
0.12083	0.00000000363564	30	30
0.12116	0.00000000379932	30	30
0.12112	0.00000000362834	30	30
0.12085	0.00000000382730	30	30
0.12093	0.00000000363704	30	30
0.12109	0.00000000380881	30	30
0.12166	0.00000000361260	30	30
0.12026	0.00000000380155	30	30
0.12152	0.00000000365418	30	30
0.12059	0.00000000384661	30	30
0.12130	0.00000000364301	30	30
0.12115	0.00000000383837	30	30
0.12077	0.00000000364636	30	30
0.12113	0.00000000383609	30	30
0.12057	0.00000000365559	30	30
0.12103	0.00000000384861	30	30
0.12102	0.00000000367574	30	30
0.12106	0.00000000363670	30	30
0.12109	0.00000000380662	30	30
0.12091	0.00000000362807	30	30
0.12139	0.00000000379772	30	30
0.12096	0.00000000362173	30	30
0.12103	0.00000000378896	30	30
0.12106	0.00000000361922	30	30
0.12087	0.00000000377845	30	30
0.12114	0.00000000359801	30	30
0.12084	0.00000000378509	30	30
0.12075	0.00000000363474	30	30
0.12101	0.00000000377933	30	30
0.12084	0.00000000362187	30	30
0.12114	0.00000000373737	30	30
0.12098	0.00000000364914	30	30
0.12104	0.00000000379402	30	30
0.12102	0.00000000362154	30	30
0.12090	0.00000000373087	30	30
0.12146	0.00000000372004	30	30
0.12094	0.00000000369795	30	30
0.12111	0.00000000370105	30	30
0.12083	0.00000000380537	30	30
0.12135	0.00000000362330	30	30
0.12066	0.00000000371132	30	30
0.12083	0.00000000372569	30	30
0.12121	0.00000000362204	30	30
0.12098	0.00000000380532	30	30
0.12021	0.00000000365366	30	30
0.11395	0.00000000464568	30	30
0.12106	0.00000000364544	30	30
0.12094	0.00000000381274	30	30
0.12099	0.00000000364315	30	30
0.12142	0.00000000380291	30	30
0.12074	0.00000000362056	30	30
0.12122	0.00000000378783	30	30
0.12103	0.00000000361490	30	30
0.12098	0.00000000381128	30	30
0.12111	0.00000000360027	30	30
0.12054	0.00000000378963	30	30
0.12105	0.00000000363956	30	30
0.12105	0.00000000363436	30	30
0.12079	0.00000000381079	30	30
0.12112	0.00000000364377	30	30
0.14139	0.00000000639266	30	30
0.12109	0.00000000364963	30	30
0.12105	0.00000000379687	30	30
0.12131	0.00000000363086	30	30
0.12066	0.00000000379278	30	30
0.12111	0.00000000363426	30	30
0.12112	0.00000000378786	30	30
0.12120	0.00000000361352	30	30
0.12076	0.00000000380468	30	30
0.12075	0.00000000360033	30	30
0.12115	0.00000000381257	30	30
0.12088	0.00000000364487	30	30
0.12099	0.00000000363240	30	30
0.12105	0.00000000379644	30	30
0.12094	0.00000000365492	30	30
0.13835	0.00000000613688	30	30
0.12078	0.00000000363790	30	30
0.12115	0.00000000381904	30	30
0.12157	0.00000000362661	30	30
0.12074	0.00000000380663	30	30
0.12118	0.00000000361351	30	30
0.12074	0.00000000378797	30	30
0.12124	0.00000000362457	30	30
0.12065	0.00000000380601	30	30
0.12127	0.00000000361687	30	30
0.12106	0.00000000378049	30	30
0.12055	0.00000000362573	30	30
0.12099	0.00000000381147	30	30
0.12108	0.00000000364425	30	30
0.14214	0.00000000638956	30	30
0.12111	0.00000000364735	30	30
0.12101	0.00000000380986	30	30
0.12122	0.00000000364450	30	30
0.12075	0.00000000380173	30	30
0.12140	0.00000000364446	30	30
0.12098	0.00000000380021	30	30
0.12102	0.00000000361714	30	30
0.12063	0.00000000378745	30	30
0.12116	0.00000000363375	30	30
0.12129	0.00000000379907	30	30
0.12046	0.00000000362713	30	30
0.12110	0.00000000371830	30	30
0.12096	0.00000000371864	30	30
0.12111	0.00000000366991	30	30
0.12095	0.00000000367660	30	30
0.12124	0.00000000365268	30	30
0.12134	0.00000000381463	30	30
0.12056	0.00000000364924	30	30
0.12150	0.00000000381342	30	30
0.12063	0.00000000361560	30	30
0.12138	0.00000000380650	30	30
0.12114	0.00000000362658	30	30
0.12075	0.00000000377916	30	30
0.12075	0.00000000363450	30	30
0.12114	0.00000000380198	30	30
0.12081	0.00000000364261	30	30
0.12102	0.00000000371236	30	30
0.12109	0.00000000373866	30	30
0.12107	0.00000000365456	30	30
0.12084	0.00000000382021	30	30
0.12154	0.00000000363604	30	30
0.12073	0.00000000380036	30	30
0.12131	0.00000000362859	30	30
0.12106	0.00000000379312	30	30
0.12085	0.00000000362193	30	30
0.12113	0.00000000378455	30	30
0.12055	0.00000000361817	30	30
0.12093	0.00000000382045	30	30
0.12108	0.00000000363792	30	30
0.12090	0.00000000363575	30	30
0.12114	0.00000000383346	30	30
0.14191	0.00000000642882	30	30
0.12087	0.00000000381815	30	30
0.12105	0.00000000364804	30	30
0.12104	0.00000000370568	30	30
0.12087	0.00000000374030	30	30
0.12150	0.00000000373364	30	30
0.12089	0.00000000370564	30	30
0.12110	0.00000000379252	30	30
0.12098	0.00000000361938	30	30
0.12054	0.00000000369966	30	30
0.12110	0.00000000374031	30	30
0.12092	0.00000000364490	30	30
0.12110	0.00000000380804	30	30
0.12102	0.00000000365358	30	30
0.12080	0.00000000373685	30	30
0.12112	0.00000000372637	30	30
0.12089	0.00000000365449	30	30
0.12148	0.00000000379769	30	30
0.12053	0.00000000362512	30	30
0.12142	0.00000000380561	30	30
0.12106	0.00000000363150	30	30
0.12080	0.00000000378120	30	30
0.12121	0.00000000362117	30	30
0.12053	0.00000000378539	30	30
0.12143	0.00000000364829	30	30
0.12071	0.00000000379556	30	30
0.12081	0.00000000364457	30	30
0.12107	0.00000000381541	30	30
0.14212	0.00000000630606	30	30
0.12097	0.00000000364523	30	30
0.12105	0.00000000381959	30	30
0.12127	0.00000000363892	30	30
0.12128	0.00000000380354	30	30
0.12100	0.00000000363062	30	30
0.12088	0.00000000379183	30	30
0.12106	0.00000000362453	30	30
0.12074	0.00000000380317	30	30
0.12089	0.00000000361977	30	30
0.12113	0.00000000382805	30	30
0.12077	0.00000000363943	30	30
0.12106	0.00000000371469	30	30
0.12102	0.00000000373043	30	30
0.12098	0.00000000366624	30	30
0.12082	0.00000000365419	30	30
0.12114	0.00000000364734	30	30
0.12151	0.00000000381390	30	30
0.12046	0.00000000363123	30	30
0.12148	0.00000000382507	30	30
0.12072	0.00000000360958	30	30
0.12121	0.00000000377464	30	30
0.12156	0.00000000372127	30	30
0.12049	0.00000000368756	30	30
0.12099	0.00000000380052	30	30
0.12057	0.00000000360099	30	30
0.12103	0.00000000374105	30	30
0.12108	0.00000000372818	30	30
0.12109	0.00000000363693	30	30
0.12109	0.00000000381415	30	30
0.12084	0.00000000364032	30	30
0.12143	0.00000000371903	30	30
0.12062	0.00000000372088	30	30
0.12129	0.00000000372099	30	30
0.12114	0.00000000372334	30	30
0.12086	0.00000000379902	30	30
0.12115	0.00000000361687	30	30
0.12062	0.00000000379033	30	30
0.12094	0.00000000364806	30	30
0.12100	0.00000000362723	30	30
0.12094	0.00000000381842	30	30
0.12113	0.00000000366848	30	30
0.12083	0.00000000374541	30	30
0.12108	0.00000000363503	30	30
0.12106	0.00000000381119	30	30
0.12091	0.00000000365414	30	30
0.12151	0.00000000381512	30	30
0.12092	0.00000000361931	30	30
0.12103	0.00000000380345	30	30
0.12077	0.00000000362773	30	30
0.12082	0.00000000380041	30	30
0.12096	0.00000000363115	30	30
0.12096	0.00000000371662	30	30
0.12112	0.00000000374104	30	30
0.12099	0.00000000363475	30	30
0.12080	0.00000000384775	30	30
0.12107	0.00000000364904	30	30
0.12094	0.00000000373669	30	30
0.12143	0.00000000372404	30	30
0.12056	0.00000000372094	30	30
0.12137	0.00000000372411	30	30
0.12120	0.00000000372090	30	30
0.12077	0.00000000370686	30	30
0.12110	0.00000000370455	30	30
0.12050	0.00000000370221	30	30
0.12134	0.00000000372971	30	30
0.12112	0.00000000373081	30	30
0.12077	0.00000000372965	30	30
0.12106	0.00000000374115	30	30
0.14139	0.00000000642928	30	30
0.12154	0.00000000385706	30	30
0.12141	0.00000000367395	30	30
0.12245	0.00000000388640	30	30
0.12155	0.00000000365831	30	30
0.12175	0.00000000386273	30	30
0.12220	0.00000000369032	30	30
0.12203	0.00000000386964	30	30
0.12187	0.00000000368321	30	30
0.12150	0.00000000382471	30	30
0.12119	0.00000000366558	30	30
0.12109	0.00000000372728	30	30
0.12131	0.00000000372745	30	30
0.12089	0.00000000365106	30	30
0.12111	0.00000000383573	30	30
0.12102	0.00000000364405	30	30
0.12110	0.00000000372782	30	30
0.12137	0.00000000373168	30	30
0.12070	0.00000000373217	30	30
0.12130	0.00000000374343	30	30
0.12102	0.00000000371872	30	30
0.12107	0.00000000370790	30	30
0.12066	0.00000000371138	30	30
0.12140	0.00000000371989	30	30
0.12069	0.00000000363726	30	30
0.12082	0.00000000381958	30	30
0.12117	0.00000000364632	30	30
0.12095	0.00000000380771	30	30
0.12092	0.00000000366064	30	30
0.12083	0.00000000383750	30	30
0.12116	0.00000000364657	30	30
0.12145	0.00000000380633	30	30
0.12047	0.00000000365358	30	30
0.12149	0.00000000373629	30	30
0.12061	0.00000000370317	30	30
0.12130	0.00000000371870	30	30
0.12120	0.00000000371623	30	30
0.12079	0.00000000376699	30	30
0.12073	0.00000000364292	30	30
0.12105	0.00000000370717	30	30
0.12096	0.00000000372526	30	30
0.12104	0.00000000363741	30	30
0.11921	0.00000000424265	30	30
0.11473	0.00000000493535	30	30
0.12118	0.00000000381440	30	30
0.12093	0.00000000364815	30	30
0.12083	0.00000000374526	30	30
0.12156	0.00000000372614	30	30
0.12075	0.00000000372553	30	30
0.12116	0.00000000372696	30	30
0.12115	0.00000000380400	30	30
0.12087	0.00000000363087	30	30
0.12112	0.00000000379621	30	30
0.12066	0.00000000361930	30	30
0.12093	0.00000000374909	30	30
0.12105	0.00000000373100	30	30
0.12094	0.00000000362271	30	30
0.12098	0.00000000383517	30	30
0.12082	0.00000000374140	30	30
0.12112	0.00000000374212	30	30
0.12106	0.00000000364235	30	30
0.12083	0.00000000382056	30	30
0.12145	0.00000000365123	30	30
0.12089	0.00000000379334	30	30
0.12111	0.00000000372281	30	30
0.12077	0.00000000371469	30	30
0.12082	0.00000000362714	30	30
0.12106	0.00000000382574	30	30
0.12090	0.00000000364058	30	30
0.12110	0.00000000381673	30	30
0.12111	0.00000000362741	30	30
0.12071	0.00000000373782	30	30
0.13759	0.00000000633753	30	30
0.12089	0.00000000381089	30	30
0.12101	0.00000000364791	30	30
0.12145	0.00000000379196	30	30
0.12059	0.00000000363570	30	30
0.12140	0.00000000382170	30	30
0.12138	0.00000000363225	30	30
0.12078	0.00000000379895	30	30
0.12071	0.00000000362040	30	30
0.12116	0.00000000379530	30	30
0.12121	0.00000000362874	30	30
0.12065	0.00000000379348	30	30
0.12083	0.00000000363225	30	30
0.12188	0.00000000382076	30	30
0.14154	0.00000000629913	30	30
0.12083	0.00000000365494	30	30
0.12097	0.00000000373258	30	30
0.12095	0.00000000373972	30	30
0.12105	0.00000000372571	30	30
0.12154	0.00000000374513	30	30
0.12087	0.00000000369874	30	30
0.12117	0.00000000371151	30	30
0.12050	0.00000000371752	30	30
0.12131	0.00000000369755	30	30
0.12080	0.00000000373186	30	30
0.12077	0.00000000373838	30	30
0.12113	0.00000000364663	30	30
0.12100	0.00000000380999	30	30
0.12095	0.00000000365648	30	30
0.12094	0.00000000374616	30	30
0.12104	0.00000000365577	30	30
0.12153	0.00000000381303	30	30
0.12042	0.00000000365224	30	30
0.12148	0.00000000381527	30	30
0.12067	0.00000000362096	30	30
0.12140	0.00000000380303	30	30
0.12108	0.00000000361446	30	30
0.12079	0.00000000377819	30	30
0.12079	0.00000000363280	30	30
0.12093	0.00000000372078	30	30
0.12092	0.00000000373923	30	30
0.12104	0.00000000363042	30	30
0.12200	0.00000000386855	30	30
0.12107	0.00000000382678	30	30
0.12115	0.00000000362979	30	30
0.12081	0.00000000382498	30	30
0.12148	0.00000000365005	30	30
0.12079	0.00000000379761	30	30
0.12125	0.00000000364078	30	30
0.12102	0.00000000378020	30	30
0.12086	0.00000000361887	30	30
0.12114	0.00000000378366	30	30
0.12053	0.00000000361534	30	30
0.12101	0.00000000381783	30	30
0.12102	0.00000000363427	30	30
0.12092	0.00000000363792	30	30
0.12116	0.00000000383220	30	30
0.12078	0.00000000373675	30	30
0.12109	0.00000000373165	30	30
0.12107	0.00000000371223	30	30
0.12087	0.00000000373116	30	30
0.12149	0.00000000373901	30	30
0.12086	0.00000000370001	30	30
0.12111	0.00000000370075	30	30
0.12080	0.00000000371330	30	30
0.12072	0.00000000370566	30	30
0.12105	0.00000000374481	30	30
0.12090	0.00000000363642	30	30
0.12116	0.00000000381093	30	30
0.12101	0.00000000363624	30	30
0.12078	0.00000000373609	30	30
0.12140	0.00000000384279	30	30
0.12081	0.00000000364033	30	30
0.12144	0.00000000370517	30	30
0.12066	0.00000000371370	30	30
0.12133	0.00000000372889	30	30
0.12133	0.00000000371010	30	30
0.12063	0.00000000377497	30	30
0.12111	0.00000000362230	30	30
0.12064	0.00000000379683	30	30
0.12137	0.00000000364360	30	30
0.12059	0.00000000379405	30	30
0.12088	0.00000000364749	30	30
0.12112	0.00000000373772	30	30
0.14168	0.00000000613506	30	30
0.12107	0.00000000364456	30	30
0.12098	0.00000000380264	30	30
0.12104	0.00000000364475	30	30
0.12130	0.00000000381398	30	30
0.12111	0.00000000362976	30	30
0.12091	0.00000000378880	30	30
0.12103	0.00000000363005	30	30
0.12052	0.00000000379664	30	30
0.12115	0.00000000362990	30	30
0.12092	0.00000000374361	30	30
0.12091	0.00000000372961	30	30
0.12116	0.00000000362756	30	30
0.12093	0.00000000380373	30	30
0.12093	0.00000000366562	30	30
0.12080	0.00000000372717	30	30
0.12112	0.00000000364358	30	30
0.12156	0.00000000378737	30	30
0.12041	0.00000000363602	30	30
0.12157	0.00000000379962	30	30
0.12050	0.00000000362579	30	30
0.12135	0.00000000380880	30	30
0.12109	0.00000000362490	30	30
0.12087	0.00000000380030	30	30
0.12115	0.00000000370732	30	30
0.12053	0.00000000373061	30	30
0.12102	0.00000000363185	30	30
0.12105	0.00000000383197	30	30
0.12104	0.00000000374227	30	30
0.12100	0.00000000364711	30	30
0.12120	0.00000000382964	30	30
0.12110	0.00000000362610	30	30
0.12087	0.00000000381652	30	30
0.12126	0.00000000362226	30	30
0.12101	0.00000000379219	30	30
0.12080	0.00000000361863	30	30
0.12124	0.00000000379764	30	30
0.12059	0.00000000363230	30	30
0.12094	0.00000000381878	30	30
0.12096	0.00000000364093	30	30
0.12095	0.00000000379693	30	30
0.12101	0.00000000365171	30	30
0.12080	0.00000000382689	30	30
0.12104	0.00000000363707	30	30
0.12116	0.00000000378795	30	30
0.12082	0.00000000365382	30	30
0.12146	0.00000000371166	30	30
0.12091	0.00000000371336	30	30
0.12109	0.00000000378642	30	30
0.12081	0.00000000362427	30	30
0.12071	0.00000000371060	30	30
0.12112	0.00000000375245	30	30
0.12084	0.00000000371744	30	30
0.12105	0.00000000374118	30	30
0.12110	0.00000000363167	30	30
0.12049	0.00000000375024	30	30
0.12113	0.00000000381868	30	30
0.12096	0.00000000361980	30	30
0.12096	0.00000000372151	30	30
0.12140	0.00000000371661	30	30
0.12068	0.00000000371607	30	30
0.12134	0.00000000371798	30	30
0.12098	0.00000000379450	30	30
0.12082	0.00000000363607	30	30
0.12127	0.00000000379502	30	30
0.12049	0.00000000362699	30	30
0.12109	0.00000000381830	30	30
0.12106	0.00000000364501	30	30
0.12078	0.00000000365389	30	30
0.12109	0.00000000381828	30	30
0.12101	0.00000000372291	30	30
0.12096	0.00000000371903	30	30
0.12129	0.00000000371164	30	30
0.12122	0.00000000371743	30	30
0.12086	0.00000000371180	30	30
0.12107	0.00000000371499	30	30
0.12101	0.00000000379602	30	30
0.12088	0.00000000364338	30	30
0.12071	0.00000000379473	30	30
0.12112	0.00000000368943	30	30
0.12084	0.00000000367599	30	30
0.12104	0.00000000385291	30	30
0.12097	0.00000000369566	30	30
0.12095	0.00000000378499	30	30
0.12095	0.00000000366189	30	30
0.12115	0.00000000373604	30	30
0.12149	0.00000000371641	30	30
0.12031	0.00000000363887	30	30
0.12163	0.00000000382385	30	30
0.12051	0.00000000369353	30	30
0.12137	0.00000000372271	30	30
0.12115	0.00000000370094	30	30
0.12076	0.00000000372019	30	30
0.12123	0.00000000371113	30	30
0.12048	0.00000000369615	30	30
0.12103	0.00000000365297	30	30
0.12098	0.00000000382555	30	30
0.12107	0.00000000365723	30	30
0.12105	0.00000000373126	30	30
0.12087	0.00000000374435	30	30
0.12141	0.00000000371459	30	30
0.12088	0.00000000373054	30	30
0.12127	0.00000000364530	30	30
0.12104	0.00000000380379	30	30
0.12089	0.00000000371443	30	30
0.12114	0.00000000370957	30	30
0.12065	0.00000000363012	30	30
0.12086	0.00000000384420	30	30
0.12103	0.00000000364294	30	30
0.12093	0.00000000380387	30	30
0.12107	0.00000000367378	30	30
0.14188	0.00000000647361	30	30
0.12079	0.00000000374942	30	30
0.12118	0.00000000365630	30	30
0.12115	0.00000000379230	30	30
0.12078	0.00000000364878	30	30
0.12147	0.00000000379978	30	30
0.12088	0.00000000360266	30	30
0.12104	0.00000000378335	30	30
0.12099	0.00000000361549	30	30
0.12105	0.00000000380267	30	30
0.12092	0.00000000363850	30	30
0.12081	0.00000000379913	30	30
0.12113	0.00000000364514	30	30
0.12123	0.00000000371763	30	30
0.11856	0.00000000431926	30	30
0.11496	0.00000000474305	30	30
0.12107	0.00000000363596	30	30
0.12098	0.00000000365518	30	30
0.12099	0.00000000384124	30	30
0.12159	0.00000000361549	30	30
0.12076	0.00000000382766	30	30
0.12114	0.00000000363436	30	30
0.12090	0.00000000379151	30	30
0.12107	0.00000000378777	30	30
0.12111	0.00000000360696	30	30
0.12043	0.00000000371583	30	30
0.12110	0.00000000373972	30	30
0.12110	0.00000000363091	30	30
0.12084	0.00000000381330	30	30
0.12102	0.00000000363587	30	30
0.14152	0.00000000644891	30	30
0.12110	0.00000000364410	30	30
0.12107	0.00000000362985	30	30
0.12125	0.00000000380051	30	30
0.12066	0.00000000362216	30	30
0.12119	0.00000000381061	30	30
0.12114	0.00000000362112	30	30
0.12122	0.00000000377729	30	30
0.12070	0.00000000362629	30	30
0.12073	0.00000000377690	30	30
0.12111	0.00000000366115	30	30
0.12090	0.00000000382253	30	30
0.12106	0.00000000364115	30	30
0.12092	0.00000000373278	30	30
0.12105	0.00000000374089	30	30
0.12080	0.00000000364941	30	30
0.12112	0.00000000366117	30	30
0.12155	0.00000000379880	30	30
0.12070	0.00000000364340	30	30
0.12116	0.00000000380514	30	30
0.12073	0.00000000361506	30	30
0.12128	0.00000000380868	30	30
0.12070	0.00000000368839	30	30
0.12125	0.00000000371291	30	30
0.12098	0.00000000370097	30	30
0.12061	0.00000000370773	30	30
0.12100	0.00000000364085	30	30
0.12107	0.00000000382355	30	30
0.14269	0.00000000643113	30	30
0.12115	0.00000000373856	30	30
0.12111	0.00000000373770	30	30
0.12120	0.00000000363830	30	30
0.12067	0.00000000380888	30	30
0.12102	0.00000000364769	30	30
0.12137	0.00000000380596	30	30
0.12097	0.00000000362116	30	30
0.12095	0.00000000379640	30	30
0.12107	0.00000000360790	30	30
0.12054	0.00000000382072	30	30
0.12104	0.00000000362980	30	30
0.12102	0.00000000379896	30	30
0.12093	0.00000000364199	30	30
0.12105	0.00000000365840	30	30
0.12094	0.00000000366113	30	30
0.12107	0.00000000364510	30	30
0.12111	0.00000000379048	30	30
0.12090	0.00000000364953	30	30
0.12165	0.00000000382999	30	30
0.12096	0.00000000361609	30	30
0.12113	0.00000000377192	30	30
0.12067	0.00000000370758	30	30
0.12118	0.00000000370780	30	30
0.12067	0.00000000370841	30	30
0.12093	0.00000000370545	30	30
0.12105	0.00000000363982	30	30
0.12102	0.00000000382310	30	30
0.12196	0.00000000402952	30	30
0.12135	0.00000000363903	30	30
0.12095	0.00000000371753	30	30
0.12211	0.00000000377778	30	30
0.12169	0.00000000372462	30	30
0.12121	0.00000000377592	30	30
0.12159	0.00000000375164	30	30
0.12152	0.00000000375162	30	30
0.12174	0.00000000384157	30	30
0.12197	0.00000000365376	30	30
0.12149	0.00000000375667	30	30
0.12219	0.00000000378353	30	30
0.12173	0.00000000365330	30	30
0.12172	0.00000000385375	30	30
0.12167	0.00000000368220	30	30
0.14011	0.00000000638634	30	30
0.12099	0.00000000366115	30	30
0.12091	0.00000000380430	30	30
0.12166	0.00000000363987	30	30
0.12059	0.00000000379175	30	30
0.12136	0.00000000364984	30	30
0.12115	0.00000000378479	30	30
0.12083	0.00000000363913	30	30
0.12127	0.00000000380887	30	30
0.12100	0.00000000361864	30	30
0.12087	0.00000000381454	30	30
0.12088	0.00000000361832	30	30
0.12093	0.00000000379553	30	30
0.12108	0.00000000363572	30	30
0.12098	0.00000000382055	30	30
0.14098	0.00000000618631	30	30
0.12119	0.00000000365793	30	30
0.12088	0.00000000380859	30	30
0.12144	0.00000000363835	30	30
0.12070	0.00000000381219	30	30
0.12100	0.00000000365527	30	30
0.12133	0.00000000370267	30	30
0.12110	0.00000000368953	30	30
0.12079	0.00000000379651	30	30
0.12109	0.00000000360530	30	30
0.12049	0.00000000370919	30	30
0.12119	0.00000000373081	30	30
0.12094	0.00000000363227	30	30
0.12092	0.00000000382335	30	30
0.12112	0.00000000365081	30	30
0.12088	0.00000000364401	30	30
0.12109	0.00000000381394	30	30
0.12115	0.00000000362443	30	30
0.12120	0.00000000382307	30	30
0.12110	0.00000000360326	30	30
0.12092	0.00000000380952	30	30
0.12119	0.00000000361317	30	30
0.12071	0.00000000377313	30	30
0.12072	0.00000000363107	30	30
0.12105	0.00000000381697	30	30
0.12096	0.00000000362796	30	30
0.12113	0.00000000381598	30	30
0.12101	0.00000000363938	30	30
0.12096	0.00000000373551	30	30
0.12098	0.00000000363291	30	30
0.12158	0.00000000381084	30	30
0.12061	0.00000000363097	30	30
0.12118	0.00000000381515	30	30
0.12112	0.00000000360607	30	30
0.12127	0.00000000377401	30	30
0.12063	0.00000000378609	30	30
0.12071	0.00000000362055	30	30
0.12089	0.00000000364729	30	30
0.12108	0.00000000381367	30	30
0.12111	0.00000000361283	30	30
0.12085	0.00000000371352	30	30
0.12106	0.00000000374478	30	30
0.12093	0.00000000366584	30	30
0.12107	0.00000000363938	30	30
0.12101	0.00000000379434	30	30
0.12136	0.00000000366747	30	30
0.12109	0.00000000379796	30	30
0.12085	0.00000000361608	30	30
0.12115	0.00000000378650	30	30
0.12059	0.00000000362904	30	30
0.12136	0.00000000379020	30	30
0.12125	0.00000000362248	30	30
0.12031	0.00000000377654	30	30
0.12116	0.00000000364082	30	30
0.12098	0.00000000380514	30	30
0.14169	0.00000000615648	30	30
0.12117	0.00000000364737	30	30
0.12083	0.00000000379404	30	30
0.12147	0.00000000363964	30	30
0.12063	0.00000000380010	30	30
0.12135	0.00000000364826	30	30
0.12109	0.00000000378571	30	30
0.12059	0.00000000361930	30	30
0.12135	0.00000000381415	30	30
0.12073	0.00000000362838	30	30
0.12084	0.00000000364231	30	30
0.12107	0.00000000381972	30	30
0.12108	0.00000000362385	30	30
0.12087	0.00000000382515	30	30
0.12108	0.00000000364484	30	30
0.14200	0.00000000644337	30	30
0.12106	0.00000000374654	30	30
0.12109	0.00000000363453	30	30
0.12131	0.00000000380186	30	30
0.12067	0.00000000362824	30	30
0.12115	0.00000000381180	30	30
0.12116	0.00000000362311	30	30
0.12105	0.00000000378420	30	30
0.12096	0.00000000363025	30	30
0.12106	0.00000000378139	30	30
0.12058	0.00000000363790	30	30
0.12096	0.00000000380980	30	30
0.12106	0.00000000363002	30	30
0.12087	0.00000000379900	30	30
0.12196	0.00000000400804	30	30
0.12101	0.00000000367785	30	30
0.12081	0.00000000368571	30	30
0.12113	0.00000000386543	30	30
0.12118	0.00000000367246	30	30
0.12119	0.00000000385704	30	30
0.12108	0.00000000365773	30	30
0.12088	0.00000000383393	30	30
0.12114	0.00000000367379	30	30
0.12093	0.00000000381937	30	30
0.12061	0.00000000367473	30	30
0.12106	0.00000000386664	30	30
0.12085	0.00000000365839	30	30
0.12112	0.00000000386616	30	30
0.12110	0.00000000368750	30	30
0.12108	0.00000000381097	30	30
0.12094	0.00000000363514	30	30
0.12143	0.00000000384313	30	30
0.12059	0.00000000367722	30	30
0.12138	0.00000000385637	30	30
0.12114	0.00000000365670	30	30
0.12078	0.00000000383463	30	30
0.12103	0.00000000368924	30	30
0.12078	0.00000000381965	30	30
0.12083	0.00000000369844	30	30
0.12114	0.00000000366188	30	30
0.12104	0.00000000386406	30	30
0.12082	0.00000000368921	30	30
0.12109	0.00000000386649	30	30
0.12082	0.00000000366260	30	30
0.12111	0.00000000372630	30	30
0.12090	0.00000000372943	30	30
0.12144	0.00000000366360	30	30
0.12113	0.00000000379970	30	30
0.12087	0.00000000363743	30	30
0.12108	0.00000000380688	30	30
0.12067	0.00000000360698	30	30
0.12093	0.00000000381000	30	30
0.12130	0.00000000363291	30	30
0.12059	0.00000000379531	30	30
0.12115	0.00000000364178	30	30
0.12129	0.00000000382574	30	30
0.14125	0.00000000631244	30	30
0.12101	0.00000000381804	30	30
0.12090	0.00000000363703	30	30
0.12154	0.00000000372310	30	30
0.12106	0.00000000370703	30	30
0.12085	0.00000000380878	30	30
0.12109	0.00000000361646	30	30
0.12057	0.00000000370719	30	30
0.12142	0.00000000372391	30	30
0.12074	0.00000000369546	30	30
0.12085	0.00000000374666	30	30
0.12108	0.00000000365283	30	30
0.12099	0.00000000380784	30	30
0.12100	0.00000000365312	30	30
0.12101	0.00000000383502	30	30
0.13927	0.00000000618712	30	30
0.12110	0.00000000364343	30	30
0.12113	0.00000000374629	30	30
0.12121	0.00000000372725	30	30
0.12076	0.00000000364428	30	30
0.12099	0.00000000381673	30	30
0.12121	0.00000000364453	30	30
0.12105	0.00000000378938	30	30
0.12057	0.00000000362933	30	30
0.12146	0.00000000380117	30	30
0.12110	0.00000000361782	30	30
0.12058	0.00000000379990	30	30
0.12110	0.00000000363565	30	30
0.12082	0.00000000381304	30	30
0.12105	0.00000000380761	30	30
0.12088	0.00000000365652	30	30
0.12202	0.00000000380624	30	30
0.12015	0.00000000361449	30	30
0.12130	0.00000000382494	30	30
0.12108	0.00000000361299	30	30
0.12058	0.00000000379450	30	30
0.12155	0.00000000364174	30	30
0.12121	0.00000000378577	30	30
0.12045	0.00000000363737	30	30
0.12108	0.00000000381929	30	30
0.12108	0.00000000362199	30	30
0.12089	0.00000000380018	30	30
0.12110	0.00000000365624	30	30
0.12102	0.00000000382994	30	30
0.12105	0.00000000364198	30	30
0.12137	0.00000000380429	30	30
0.12057	0.00000000364206	30	30
0.12115	0.00000000380485	30	30
0.12130	0.00000000362922	30	30
0.12107	0.00000000380133	30	30
0.12092	0.00000000363579	30	30
0.12076	0.00000000377709	30	30
0.12091	0.00000000364880	30	30
0.12107	0.00000000366132	30	30
0.12093	0.00000000379514	30	30
0.12088	0.00000000364934	30	30
0.12084	0.00000000384607	30	30
0.12063	0.00000000365291	30	30
0.12107	0.00000000380873	30	30
0.12110	0.00000000362834	30	30
0.12128	0.00000000382047	30	30
0.12107	0.00000000361007	30	30
0.12080	0.00000000381750	30	30
0.12111	0.00000000364613	30	30
0.12078	0.00000000378196	30	30
0.12128	0.00000000365707	30	30
0.12104	0.00000000372673	30	30
0.12054	0.00000000372080	30	30
0.12112	0.00000000364288	30	30
0.12104	0.00000000381909	30	30
0.14084	0.00000000647248	30	30
0.12100	0.00000000381714	30	30
0.12090	0.00000000364488	30	30
0.12159	0.00000000381373	30	30
0.12137	0.00000000361775	30	30
0.12052	0.00000000381327	30	30
0.12111	0.00000000362187	30	30
0.12086	0.00000000378339	30	30
0.12110	0.00000000363348	30	30
0.12072	0.00000000378929	30	30
0.12084	0.00000000366171	30	30
0.12107	0.00000000381014	30	30
0.12091	0.00000000363277	30	30
0.12105	0.00000000373821	30	30
0.12095	0.00000000373758	30	30
0.13903	0.00000000647266	30	30
0.12110	0.00000000365981	30	30
0.12143	0.00000000381020	30	30
0.12098	0.00000000362284	30	30
0.12064	0.00000000383198	30	30
0.12100	0.00000000364332	30	30
0.12130	0.00000000381260	30	30
0.12119	0.00000000361961	30	30
0.12078	0.00000000379881	30	30
0.12118	0.00000000361673	30	30
0.12067	0.00000000380188	30	30
0.12096	0.00000000363724	30	30
0.12104	0.00000000380695	30	30
0.12082	0.00000000364583	30	30
0.12105	0.00000000363573	30	30
0.12085	0.00000000382074	30	30
0.12153	0.00000000363882	30	30
0.12079	0.00000000380039	30	30
0.12131	0.00000000365830	30	30
0.12111	0.00000000379206	30	30
0.12086	0.00000000362791	30	30
0.12116	0.00000000379349	30	30
0.12080	0.00000000361871	30	30
0.12101	0.00000000380812	30	30
0.12072	0.00000000363018	30	30
0.12090	0.00000000381046	30	30
0.12116	0.00000000364260	30	30
0.12101	0.00000000364656	30	30
0.12131	0.00000000365787	30	30
0.12073	0.00000000380983	30	30
0.12151	0.00000000363181	30	30
0.12062	0.00000000373070	30	30
0.12129	0.00000000373445	30	30
0.12106	0.00000000379012	30	30
0.12078	0.00000000361381	30	30
0.12089	0.00000000373395	30	30
0.12133	0.00000000371333	30	30
0.12052	0.00000000364567	30	30
0.12104	0.00000000381275	30	30
0.12113	0.00000000363745	30	30
0.12081	0.00000000383519	30	30
0.11708	0.00000000443631	30	30
0.12103	0.00000000364275	30	30
0.12092	0.00000000364959	30	30
0.12103	0.00000000382003	30	30
0.12100	0.00000000363092	30	30
0.12140	0.00000000382980	30	30
0.12107	0.00000000362428	30	30
0.12092	0.00000000379778	30	30
0.12100	0.00000000361695	30	30
0.12063	0.00000000379721	30	30
0.12099	0.00000000363989	30	30
0.12104	0.00000000382614	30	30
0.12085	0.00000000364238	30	30
0.12116	0.00000000373798	30	30
0.12105	0.00000000373212	30	30
0.14175	0.00000000646812	30	30
0.12106	0.00000000365754	30	30
0.12081	0.00000000364403	30	30
0.12161	0.00000000381740	30	30
0.12070	0.00000000362527	30	30
0.12119	0.00000000382232	30	30
0.12106	0.00000000361732	30	30
0.12088	0.00000000379624	30	30
0.12103	0.00000000362982	30	30
0.12082	0.00000000378580	30	30
0.12081	0.00000000365669	30	30
0.12103	0.00000000382364	30	30
0.12097	0.00000000363460	30	30
0.12101	0.00000000382187	30	30
0.12100	0.00000000366508	30	30
0.13761	0.00000000613033	30	30
0.12102	0.00000000366599	30	30
0.12114	0.00000000382443	30	30
0.12118	0.00000000364259	30	30
0.12103	0.00000000381340	30	30
0.12087	0.00000000363917	30	30
0.12119	0.00000000381571	30	30
0.12106	0.00000000360818	30	30
0.12046	0.00000000372202	30	30
0.12144	0.00000000373108	30	30
0.12093	0.00000000380375	30	30
0.12070	0.00000000363180	30	30
0.12108	0.00000000364381	30	30
0.12091	0.00000000380666	30	30
0.14167	0.00000000649941	30	30
0.12094	0.00000000380303	30	30
0.12090	0.00000000365605	30	30
0.12151	0.00000000381570	30	30
0.12050	0.00000000363571	30	30
0.12142	0.00000000374508	30	30
0.12123	0.00000000369703	30	30
0.12071	0.00000000379290	30	30
0.12116	0.00000000362290	30	30
0.12071	0.00000000378392	30	30
0.12105	0.00000000364424	30	30
0.12084	0.00000000373599	30	30
0.12088	0.00000000372115	30	30
0.12109	0.00000000364678	30	30
0.12112	0.00000000382355	30	30
0.12109	0.00000000374085	30	30
0.12088	0.00000000371646	30	30
0.12143	0.00000000363868	30	30
0.12074	0.00000000381499	30	30
0.12118	0.00000000364569	30	30
0.12110	0.00000000378830	30	30
0.12061	0.00000000362905	30	30
0.12134	0.00000000381647	30	30
0.12113	0.00000000370077	30	30
0.12049	0.00000000372445	30	30
0.12112	0.00000000363920	30	30
0.12096	0.00000000381856	30	30
0.12092	0.00000000364144	30	30
0.12097	0.00000000364462	30	30
0.12159	0.00000000383510	30	30
0.12173	0.00000000369832	30	30
0.12152	0.00000000382861	30	30
0.12146	0.00000000367779	30	30
0.12148	0.00000000383498	30	30
0.12167	0.00000000367208	30	30
0.12188	0.00000000385067	30	30
0.12182	0.00000000368607	30	30
0.12128	0.00000000385932	30	30
0.12226	0.00000000371376	30	30
0.12197	0.00000000379211	30	30
0.12173	0.00000000377540	30	30
0.12173	0.00000000368917	30	30
0.14124	0.00000000632890	30	30
0.12117	0.00000000366245	30	30
0.12128	0.00000000380948	30	30
0.12107	0.00000000364090	30	30
0.12118	0.00000000380827	30	30
0.12082	0.00000000363785	30	30
0.12127	0.00000000381068	30	30
0.12086	0.00000000361429	30	30
0.12108	0.00000000382438	30	30
0.12075	0.00000000361408	30	30
0.12087	0.00000000382574	30	30
0.12115	0.00000000366642	30	30
0.12104	0.00000000363159	30	30
0.12083	0.00000000381092	30	30
0.12107	0.00000000366952	30	30
0.13913	0.00000000651893	30	30
0.12077	0.00000000374427	30	30
0.12114	0.00000000373336	30	30
0.12150	0.00000000362845	30	30
0.12051	0.00000000383121	30	30
0.12147	0.00000000363280	30	30
0.12083	0.00000000380635	30	30
0.12113	0.00000000362446	30	30
0.12079	0.00000000379315	30	30
0.12120	0.00000000365167	30	30
0.12114	0.00000000379005	30	30
0.12046	0.00000000363405	30	30
0.12111	0.00000000383219	30	30
0.12125	0.00000000364946	30	30
0.12130	0.00000000364641	30	30
0.12092	0.00000000381778	30	30
0.12129	0.00000000365113	30	30
0.12059	0.00000000379042	30	30
0.12091	0.00000000365045	30	30
0.12149	0.00000000381992	30	30
0.12105	0.00000000362208	30	30
0.12092	0.00000000380975	30	30
0.12113	0.00000000360702	30	30
0.12047	0.00000000379318	30	30
0.12103	0.00000000365423	30	30
0.12102	0.00000000381014	30	30
0.12082	0.00000000363749	30	30
0.12112	0.00000000375245	30	30
0.14229	0.00000000633974	30	30
0.12116	0.00000000366694	30	30
0.12097	0.00000000381825	30	30
0.12140	0.00000000365532	30	30
0.12075	0.00000000381910	30	30
0.12137	0.00000000365754	30	30
0.12100	0.00000000379682	30	30
0.12111	0.00000000362284	30	30
0.12059	0.00000000380430	30	30
0.12135	0.00000000363530	30	30
0.12077	0.00000000380924	30	30
0.12077	0.00000000364877	30	30
0.12118	0.00000000373735	30	30
0.12094	0.00000000372304	30	30
0.11562	0.00000000481365	30	30
0.12108	0.00000000366878	30	30
0.12093	0.00000000381821	30	30
0.12112	0.00000000364728	30	30
0.12152	0.00000000379091	30	30
0.12086	0.00000000365294	30	30
0.12094	0.00000000379446	30	30
0.12089	0.00000000363746	30	30
0.12114	0.00000000379329	30	30
0.12121	0.00000000363485	30	30
0.12028	0.00000000371978	30	30
0.12121	0.00000000374162	30	30
0.12103	0.00000000364031	30	30
0.12095	0.00000000382261	30	30
0.12101	0.00000000365049	30	30
0.14144	0.00000000651598	30	30
0.12105	0.00000000365028	30	30
0.12116	0.00000000373445	30	30
0.12118	0.00000000373185	30	30
0.12063	0.00000000362421	30	30
0.12101	0.00000000381943	30	30
0.12131	0.00000000372156	30	30
0.12122	0.00000000371356	30	30
0.12072	0.00000000363173	30	30
0.12075	0.00000000379144	30	30
0.12127	0.00000000364945	30	30
0.12074	0.00000000381438	30	30
0.12105	0.00000000363897	30	30
0.12094	0.00000000381982	30	30
0.12101	0.00000000366100	30	30
0.13720	0.00000000614437	30	30
0.12075	0.00000000365311	30	30
0.12123	0.00000000374901	30	30
0.12135	0.00000000371876	30	30
0.12086	0.00000000373258	30	30
0.12107	0.00000000371741	30	30
0.12075	0.00000000373158	30	30
0.12148	0.00000000372349	30	30
0.12071	0.00000000373065	30	30
0.12126	0.00000000371879	30	30
0.12116	0.00000000372634	30	30
0.12054	0.00000000372151	30	30
0.12098	0.00000000364498	30	30
0.12099	0.00000000382719	30	30
0.14198	0.00000000616846	30	30
0.12110	0.00000000365721	30	30
0.12104	0.00000000362929	30	30
0.12123	0.00000000383517	30	30
0.12077	0.00000000363209	30	30
0.12106	0.00000000381785	30	30
0.12121	0.00000000363362	30	30
0.12109	0.00000000379354	30	30
0.12082	0.00000000371909	30	30
0.12120	0.00000000370583	30	30
0.12078	0.00000000372286	30	30
0.12074	0.00000000373037	30	30
0.12105	0.00000000364961	30	30
0.12092	0.00000000380526	30	30
0.12106	0.00000000367214	30	30
0.12092	0.00000000383308	30	30
0.12110	0.00000000365493	30	30
0.12115	0.00000000380845	30	30
0.12079	0.00000000366516	30	30
0.12135	0.00000000373584	30	30
0.12062	0.00000000370924	30	30
0.12145	0.00000000364871	30	30
0.12107	0.00000000380184	30	30
0.12086	0.00000000369638	30	30
0.12072	0.00000000373051	30	30
0.12090	0.00000000363141	30	30
0.12112	0.00000000381225	30	30
0.12101	0.00000000363940	30	30
0.12111	0.00000000382035	30	30
0.12107	0.00000000366294	30	30
0.12084	0.00000000365904	30	30
0.12153	0.00000000380343	30	30
0.12060	0.00000000364358	30	30
0.12143	0.00000000382736	30	30
0.12105	0.00000000371373	30	30
0.12086	0.00000000371456	30	30
0.12118	0.00000000372654	30	30
0.12047	0.00000000369827	30	30
0.12104	0.00000000365873	30	30
0.12100	0.00000000380898	30	30
0.12092	0.00000000364985	30	30
0.12120	0.00000000382680	30	30
0.14196	0.00000000637637	30	30
0.12099	0.00000000366856	30	30
0.12108	0.00000000382146	30	30
0.12094	0.00000000364327	30	30
0.12101	0.00000000382976	30	30
0.12159	0.00000000364567	30	30
0.12089	0.00000000380242	30	30
0.12108	0.00000000362429	30	30
0.12059	0.00000000380974	30	30
0.12089	0.00000000364027	30	30
0.12107	0.00000000383264	30	30
0.12088	0.00000000364875	30	30
0.12118	0.00000000372842	30	30
0.12102	0.00000000372161	30	30
0.12079	0.00000000367752	30	30
0.12109	0.00000000383334	30	30
0.12120	0.00000000366194	30	30
0.12135	0.00000000372611	30	30
0.12064	0.00000000372893	30	30
0.12144	0.00000000373802	30	30
0.12119	0.00000000371352	30	30
0.12071	0.00000000379737	30	30
0.12112	0.00000000362379	30	30
0.12054	0.00000000379575	30	30
0.12142	0.00000000365421	30	30
0.12065	0.00000000363265	30	30
0.12083	0.00000000383998	30	30
0.12111	0.00000000364983	30	30
0.14144	0.00000000647416	30	30
0.12105	0.00000000366021	30	30
0.12104	0.00000000373982	30	30
0.12135	0.00000000375567	30	30
0.12084	0.00000000368432	30	30
0.12116	0.00000000386612	30	30
0.12107	0.00000000376660	30	30
0.12100	0.00000000374654	30	30
0.12082	0.00000000377325	30	30
0.12089	0.00000000375206	30	30
0.12095	0.00000000370663	30	30
0.12085	0.00000000385860	30	30
0.12109	0.00000000368215	30	30
0.12098	0.00000000386452	30	30
0.12106	0.00000000371217	30	30
0.12071	0.00000000382529	30	30
0.12114	0.00000000366429	30	30
0.12145	0.00000000381079	30	30
0.12048	0.00000000365012	30	30
0.12159	0.00000000373420	30	30
0.12046	0.00000000371688	30	30
0.12130	0.00000000372876	30	30
0.12126	0.00000000371495	30	30
0.12085	0.00000000379087	30	30
0.12106	0.00000000363134	30	30
0.12055	0.00000000379903	30	30
0.12100	0.00000000364697	30	30
0.12102	0.00000000365558	30	30
0.12111	0.00000000388140	30	30
0.12107	0.00000000368179	30	30
0.12081	0.00000000378776	30	30
0.12148	0.00000000376879	30	30
0.12071	0.00000000369749	30	30
0.12126	0.00000000385231	30	30
0.12108	0.00000000366689	30	30
0.12086	0.00000000384995	30	30
0.12115	0.00000000383197	30	30
0.12056	0.00000000367766	30	30
0.12097	0.00000000370405	30	30
0.12097	0.00000000386737	30	30
0.12100	0.00000000367755	30	30
0.12098	0.00000000387538	30	30
0.12085	0.00000000366038	30	30
0.12104	0.00000000382187	30	30
0.12107	0.00000000363589	30	30
0.12093	0.00000000384263	30	30
0.12152	0.00000000364487	30	30
0.12087	0.00000000379107	30	30
0.12116	0.00000000361864	30	30
0.12067	0.00000000381265	30	30
0.12121	0.00000000362463	30	30
0.12063	0.00000000381824	30	30
0.12095	0.00000000364311	30	30
0.12107	0.00000000373887	30	30
0.12112	0.00000000372893	30	30
0.12107	0.00000000365603	30	30
0.12106	0.00000000382456	30	30
0.12093	0.00000000365535	30	30
0.12148	0.00000000380908	30	30
0.12090	0.00000000364694	30	30
0.12108	0.00000000380892	30	30
0.12099	0.00000000363366	30	30
0.12085	0.00000000380605	30	30
0.12120	0.00000000362385	30	30
0.12048	0.00000000380275	30	30
0.12148	0.00000000366974	30	30
0.12069	0.00000000379008	30	30
0.12083	0.00000000366294	30	30
0.12107	0.00000000382833	30	30
0.14144	0.00000000620784	30	30
0.12107	0.00000000365902	30	30
0.12102	0.00000000381731	30	30
0.12125	0.00000000366102	30	30
0.12114	0.00000000380209	30	30
0.12071	0.00000000365592	30	30
0.12121	0.00000000381150	30	30
0.12118	0.00000000362155	30	30
0.12071	0.00000000379412	30	30
0.12072	0.00000000362787	30	30
0.12097	0.00000000383018	30	30
0.12101	0.00000000366644	30	30
0.12104	0.00000000380800	30	30
0.12092	0.00000000365054	30	30
0.12105	0.00000000367672	30	30
0.12095	0.00000000365944	30	30
0.12106	0.00000000375523	30	30
0.12121	0.00000000372387	30	30
0.12074	0.00000000366099	30	30
0.12144	0.00000000381549	30	30
0.12095	0.00000000364857	30	30
0.12102	0.00000000380138	30	30
0.12099	0.00000000362220	30	30
0.12102	0.00000000382172	30	30
0.12107	0.00000000371376	30	30
0.12051	0.00000000371955	30	30
0.12110	0.00000000364898	30	30
0.12102	0.00000000382142	30	30
0.12105	0.00000000370676	30	30
0.12099	0.00000000368638	30	30
0.12098	0.00000000387758	30	30
0.12146	0.00000000369211	30	30
0.12066	0.00000000387570	30	30
0.12144	0.00000000367635	30	30
0.12095	0.00000000384731	30	30
0.12091	0.00000000367232	30	30
0.12111	0.00000000382859	30	30
0.12055	0.00000000367593	30	30
0.12103	0.00000000386735	30	30
0.12097	0.00000000368118	30	30
0.12087	0.00000000386587	30	30
0.12111	0.00000000371965	30	30
0.12082	0.00000000375546	30	30
0.12112	0.00000000373942	30	30
0.12103	0.00000000372797	30	30
0.12093	0.00000000374163	30	30
0.12145	0.00000000365034	30	30
0.12091	0.00000000381170	30	30
0.12104	0.00000000371169	30	30
0.12080	0.00000000372662	30	30
0.12081	0.00000000363442	30	30
0.12103	0.00000000382284	30	30
0.12088	0.00000000366398	30	30
0.12128	0.00000000383467	30	30
0.12111	0.00000000365781	30	30
0.12065	0.00000000367135	30	30
0.12102	0.00000000375161	30	30
0.12097	0.00000000373826	30	30
0.12102	0.00000000365857	30	30
0.12141	0.00000000380675	30	30
0.12096	0.00000000365406	30	30
0.12108	0.00000000379682	30	30
0.12091	0.00000000372170	30	30
0.12098	0.00000000372221	30	30
0.12112	0.00000000372108	30	30
0.12091	0.00000000370793	30	30
0.12108	0.00000000381849	30	30
0.12091	0.00000000363209	30	30
0.12063	0.00000000364969	30	30
0.12100	0.00000000383596	30	30
0.14143	0.00000000652738	30	30
0.12117	0.00000000383721	30	30
0.12107	0.00000000365866	30	30
0.12132	0.00000000374980	30	30
0.12108	0.00000000371615	30	30
0.12068	0.00000000372632	30	30
0.12129	0.00000000372937	30	30
0.12112	0.00000000373622	30	30
0.12083	0.00000000371143	30	30
0.12070	0.00000000371236	30	30
0.12121	0.00000000375476	30	30
0.12074	0.00000000369820	30	30
0.12104	0.00000000386755	30	30
0.12093	0.00000000368370	30	30
0.12108	0.00000000390505	30	30
0.13957	0.00000000623786	30	30
0.12073	0.00000000365887	30	30
0.12118	0.00000000365501	30	30
0.12131	0.00000000382245	30	30
0.12095	0.00000000365935	30	30
0.12117	0.00000000381415	30	30
0.12059	0.00000000362755	30	30
0.12133	0.00000000381892	30	30
0.12073	0.00000000363008	30	30
0.12121	0.00000000381253	30	30
0.12109	0.00000000363895	30	30
0.12049	0.00000000380737	30	30
0.12109	0.00000000365700	30	30
0.12095	0.00000000382585	30	30
0.14159	0.00000000652845	30	30
0.12164	0.00000000370665	30	30
0.12196	0.00000000386987	30	30
0.12218	0.00000000367808	30	30
0.12124	0.00000000387496	30	30
0.12229	0.00000000369456	30	30
0.12178	0.00000000383767	30	30
0.12199	0.00000000371518	30	30
0.12196	0.00000000383873	30	30
0.12198	0.00000000381320	30	30
0.12125	0.00000000367203	30	30
0.12088	0.00000000381603	30	30
0.12118	0.00000000366064	30	30
0.12099	0.00000000366289	30	30
0.14136	0.00000000659124	30	30
0.12125	0.00000000383917	30	30
0.12092	0.00000000364772	30	30
0.12148	0.00000000384127	30	30
0.12083	0.00000000363995	30	30
0.12096	0.00000000380684	30	30
0.12151	0.00000000364547	30	30
0.12106	0.00000000381761	30	30
0.12094	0.00000000364645	30	30
0.12108	0.00000000379459	30	30
0.12070	0.00000000365188	30	30
0.12096	0.00000000383529	30	30
0.12104	0.00000000363471	30	30
0.12086	0.00000000375216	30	30
0.12111	0.00000000376422	30	30
0.12104	0.00000000384615	30	30
0.12107	0.00000000365747	30	30
0.12112	0.00000000365236	30	30
0.12090	0.00000000383183	30	30
0.12152	0.00000000364674	30	30
0.12082	0.00000000380481	30	30
0.12114	0.00000000379191	30	30
0.12058	0.00000000364402	30	30
0.12137	0.00000000372375	30	30
0.12064	0.00000000371879	30	30
0.12086	0.00000000366036	30	30
0.12111	0.00000000381544	30	30
0.12093	0.00000000366493	30	30
0.12158	0.00000000385792	30	30
0.12113	0.00000000382537	30	30
0.12093	0.00000000364015	30	30
0.12107	0.00000000374687	30	30
0.12151	0.00000000373529	30	30
0.12082	0.00000000381385	30	30
0.12116	0.00000000363443	30	30
0.12055	0.00000000380765	30	30
0.12131	0.00000000366059	30	30
0.12111	0.00000000379051	30	30
0.12043	0.00000000366247	30	30
0.12118	0.00000000365368	30	30
0.12108	0.00000000382314	30	30
0.12077	0.00000000364464	30	30
0.12114	0.00000000383661	30	30
0.14158	0.00000000620097	30	30
0.12107	0.00000000367063	30	30
0.12105	0.00000000382229	30	30
0.12132	0.00000000364736	30	30
0.12080	0.00000000381714	30	30
0.12092	0.00000000365625	30	30
0.12131	0.00000000380963	30	30
0.12105	0.00000000362916	30	30
0.12091	0.00000000382989	30	30
0.12063	0.00000000361840	30	30
0.12109	0.00000000384094	30	30
0.12100	0.00000000365741	30	30
0.12096	0.00000000372344	30	30
0.12086	0.00000000373744	30	30
0.12110	0.00000000368007	30	30
0.12092	0.00000000384904	30	30
0.12111	0.00000000365345	30	30
0.12141	0.00000000382358	30	30
0.12097	0.00000000364681	30	30
0.12107	0.00000000380073	30	30
0.12091	0.00000000365381	30	30
0.12104	0.00000000379845	30	30
0.12097	0.00000000364025	30	30
0.12084	0.00000000380702	30	30
0.12125	0.00000000364489	30	30
0.12047	0.00000000380209	30	30
0.12115	0.00000000366161	30	30
0.12102	0.00000000382447	30	30
0.14107	0.00000000616871	30	30
0.12123	0.00000000380545	30	30
0.12086	0.00000000376639	30	30
0.12144	0.00000000370938	30	30
0.12122	0.00000000385961	30	30
0.12081	0.00000000367743	30	30
0.12107	0.00000000384627	30	30
0.12054	0.00000000376134	30	30
0.12144	0.00000000378084	30	30
0.12079	0.00000000366363	30	30
0.12075	0.00000000387584	30	30
0.12110	0.00000000368594	30	30
0.12100	0.00000000385770	30	30
0.12096	0.00000000369947	30	30
0.12100	0.00000000388918	30	30
0.13977	0.00000000620617	30	30
0.12113	0.00000000366674	30	30
0.12107	0.00000000376152	30	30
0.12135	0.00000000373560	30	30
0.12074	0.00000000365046	30	30
0.12115	0.00000000382743	30	30
0.12113	0.00000000373108	30	30
0.12108	0.00000000371624	30	30
0.12085	0.00000000380626	30	30
0.12107	0.00000000363571	30	30
0.12091	0.00000000380099	30	30
0.12075	0.00000000366009	30	30
0.12106	0.00000000364644	30	30
0.12085	0.00000000382924	30	30
0.12107	0.00000000366099	30	30
0.12090	0.00000000374261	30	30
0.12160	0.00000000373910	30	30
0.12055	0.00000000371629	30	30
0.12130	0.00000000376294	30	30
0.12103	0.00000000371102	30	30
0.12072	0.00000000372185	30	30
0.12134	0.00000000365016	30	30
0.12111	0.00000000379320	30	30
0.12038	0.00000000366421	30	30
0.12112	0.00000000382520	30	30
0.12091	0.00000000365009	30	30
0.12107	0.00000000383566	30	30
0.12100	0.00000000365461	30	30
0.12109	0.00000000383972	30	30
0.12103	0.00000000365557	30	30
0.12132	0.00000000381968	30	30
0.12062	0.00000000365387	30	30
0.12101	0.00000000382647	30	30
0.12139	0.00000000364701	30	30
0.12113	0.00000000380052	30	30
0.12085	0.00000000364578	30	30
0.12078	0.00000000379752	30	30
0.12083	0.00000000365215	30	30
0.12110	0.00000000374430	30	30
0.12087	0.00000000373741	30	30
0.12092	0.00000000365555	30	30
0.12079	0.00000000384879	30	30
0.12079	0.00000000367516	30	30
0.12119	0.00000000383083	30	30
0.12105	0.00000000363842	30	30
0.12131	0.00000000383399	30	30
0.12105	0.00000000362535	30	30
0.12082	0.00000000380944	30	30
0.12115	0.00000000365410	30	30
0.12082	0.00000000378365	30	30
0.12121	0.00000000363440	30	30
0.12122	0.00000000380710	30	30
0.12031	0.00000000364717	30	30
0.12107	0.00000000382025	30	30
0.12108	0.00000000365992	30	30
0.12105	0.00000000376861	30	30
0.12085	0.00000000365957	30	30
0.12155	0.00000000382975	30	30
0.12097	0.00000000363514	30	30
0.12091	0.00000000383422	30	30
0.12111	0.00000000363182	30	30
0.12056	0.00000000381420	30	30
0.12142	0.00000000365145	30	30
0.12066	0.00000000379059	30	30
0.12086	0.00000000367955	30	30
0.12107	0.00000000374514	30	30
0.12100	0.00000000373138	30	30
0.12103	0.00000000366033	30	30
0.12101	0.00000000384444	30	30
0.13914	0.00000000639034	30	30
0.12113	0.00000000367328	30	30
0.12109	0.00000000382931	30	30
0.12122	0.00000000363990	30	30
0.12097	0.00000000382871	30	30
0.12075	0.00000000364123	30	30
0.12129	0.00000000383195	30	30
0.12114	0.00000000363419	30	30
0.12077	0.00000000379974	30	30
0.12127	0.00000000363908	30	30
0.12060	0.00000000381044	30	30
0.12095	0.00000000365701	30	30
0.12101	0.00000000381354	30	30
0.12105	0.00000000366843	30	30
0.12100	0.00000000365079	30	30
0.12090	0.00000000383171	30	30
0.12152	0.00000000365881	30	30
0.12057	0.00000000380453	30	30
0.12134	0.00000000367598	30	30
0.12103	0.00000000380507	30	30
0.12092	0.00000000364198	30	30
0.12120	0.00000000380800	30	30
0.12089	0.00000000362759	30	30
0.12095	0.00000000383565	30	30
0.12064	0.00000000364770	30	30
0.12102	0.00000000379820	30	30
0.12111	0.00000000367488	30	30
0.12105	0.00000000374523	30	30
0.12106	0.00000000366898	30	30
0.12099	0.00000000383225	30	30
0.12147	0.00000000364435	30	30
0.12051	0.00000000383080	30	30
0.12129	0.00000000366038	30	30
0.12123	0.00000000380431	30	30
0.12074	0.00000000362180	30	30
0.12114	0.00000000382827	30	30
0.12110	0.00000000362482	30	30
0.12042	0.00000000382440	30	30
0.12113	0.00000000365197	30	30
0.12112	0.00000000373441	30	30
0.12085	0.00000000374900	30	30
0.11679	0.00000000445222	30	30
0.12096	0.00000000365720	30	30
0.12100	0.00000000382993	30	30
0.12109	0.00000000366771	30	30
0.12100	0.00000000373806	30	30
0.12147	0.00000000374300	30	30
0.12107	0.00000000379989	30	30
0.12088	0.00000000363958	30	30
0.12107	0.00000000381055	30	30
0.12049	0.00000000362360	30	30
0.12134	0.00000000383824	30	30
0.12106	0.00000000368214	30	30
0.12081	0.00000000364577	30	30
0.12109	0.00000000383568	30	30
0.12098	0.00000000364614	30	30
0.14130	0.00000000637976	30	30
0.12107	0.00000000365513	30	30
0.12082	0.00000000375420	30	30
0.12157	0.00000000374854	30	30
0.12060	0.00000000372610	30	30
0.12132	0.00000000374665	30	30
0.12097	0.00000000380152	30	30
0.12097	0.00000000363971	30	30
0.12108	0.00000000380909	30	30
0.12055	0.00000000361865	30	30
0.12100	0.00000000385187	30	30
0.12103	0.00000000365764	30	30
0.12097	0.00000000365439	30	30
0.12104	0.00000000383094	30	30
0.12110	0.00000000367916	30	30
0.13758	0.00000000645865	30	30
0.12107	0.00000000376543	30	30
0.12114	0.00000000373795	30	30
0.12121	0.00000000366043	30	30
0.12110	0.00000000381574	30	30
0.12058	0.00000000364084	30	30
0.12143	0.00000000382892	30	30
0.12124	0.00000000372045	30	30
0.12029	0.00000000371226	30	30
0.12148	0.00000000373606	30	30
0.12064	0.00000000371886	30	30
0.12088	0.00000000364535	30	30
0.12103	0.00000000383050	30	30
0.12090	0.00000000365754	30	30
0.14097	0.00000000646239	30	30
0.12093	0.00000000367455	30	30
0.12093	0.00000000383717	30	30
0.12151	0.00000000365425	30	30
0.12060	0.00000000380486	30	30
0.12125	0.00000000366869	30	30
0.12116	0.00000000381467	30	30
0.12086	0.00000000363469	30	30
0.12115	0.00000000381590	30	30
0.12093	0.00000000361712	30	30
0.12083	0.00000000383083	30	30
0.12081	0.00000000367002	30	30
0.12094	0.00000000380806	30	30
0.12106	0.00000000366434	30	30
0.12099	0.00000000375841	30	30
0.12109	0.00000000367412	30	30
0.12086	0.00000000385713	30	30
0.12152	0.00000000369696	30	30
0.12061	0.00000000386817	30	30
0.12127	0.00000000369934	30	30
0.12110	0.00000000384592	30	30
0.12092	0.00000000366350	30	30
0.12095	0.00000000386920	30	30
0.12117	0.00000000367418	30	30
0.12043	0.00000000386184	30	30
0.12121	0.00000000370421	30	30
0.12123	0.00000000369251	30	30
0.12065	0.00000000386048	30	30
0.12094	0.00000000366607	30	30
0.12097	0.00000000383228	30	30
0.12101	0.00000000366879	30	30
0.12109	0.00000000364358	30	30
0.12130	0.00000000384487	30	30
0.12150	0.00000000373515	30	30
0.12069	0.00000000372553	30	30
0.12106	0.00000000380669	30	30
0.12070	0.00000000363137	30	30
0.12087	0.00000000374454	30	30
0.12109	0.00000000375923	30	30
0.12085	0.00000000363315	30	30
0.12113	0.00000000384978	30	30
0.12107	0.00000000367516	30	30
0.14161	0.00000000655093	30	30
0.12096	0.00000000367740	30	30
0.12098	0.00000000364419	30	30
0.12147	0.00000000383296	30	30
0.12057	0.00000000364849	30	30
0.12133	0.00000000385675	30	30
0.12118	0.00000000362771	30	30
0.12059	0.00000000381870	30	30
0.12137	0.00000000365594	30	30
0.12064	0.00000000379939	30	30
0.12086	0.00000000366935	30	30
0.12101	0.00000000375921	30	30
0.12120	0.00000000373511	30	30
0.12077	0.00000000366065	30	30
0.12112	0.00000000385820	30	30
0.12093	0.00000000375527	30	30
0.12109	0.00000000366176	30	30
0.12088	0.00000000381906	30	30
0.12141	0.00000000367926	30	30
0.12129	0.00000000381144	30	30
0.12082	0.00000000364343	30	30
0.12104	0.00000000379534	30	30
0.12067	0.00000000363833	30	30
0.12125	0.00000000382103	30	30
0.12124	0.00000000364304	30	30
0.12036	0.00000000382020	30	30
0.12112	0.00000000366619	30	30
0.12110	0.00000000382688	30	30
0.14104	0.00000000620949	30	30
0.12106	0.00000000375141	30	30
0.12088	0.00000000375019	30	30
0.12156	0.00000000367494	30	30
0.12092	0.00000000379905	30	30
0.12092	0.00000000367813	30	30
0.12117	0.00000000380747	30	30
0.12049	0.00000000364279	30	30
0.12137	0.00000000381813	30	30
0.12086	0.00000000363533	30	30
0.12069	0.00000000384213	30	30
0.12112	0.00000000366127	30	30
0.12108	0.00000000365866	30	30
0.12090	0.00000000383781	30	30
0.12102	0.00000000367334	30	30
0.12112	0.00000000367125	30	30
0.12111	0.00000000366067	30	30
0.12114	0.00000000383015	30	30
0.12070	0.00000000365666	30	30
0.12106	0.00000000382909	30	30
0.12130	0.00000000365997	30	30
0.12110	0.00000000379625	30	30
0.12082	0.00000000363878	30	30
0.12114	0.00000000381633	30	30
0.12059	0.00000000363582	30	30
0.12127	0.00000000385842	30	30
0.12101	0.00000000364888	30	30
0.12145	0.00000000379088	30	30
0.12224	0.00000000391388	30	30
0.12158	0.00000000388965	30	30
0.12249	0.00000000375523	30	30
0.12183	0.00000000387630	30	30
0.12172	0.00000000374049	30	30
0.12242	0.00000000372861	30	30
0.12184	0.00000000385542	30	30
0.12155	0.00000000368419	30	30
0.12111	0.00000000380794	30	30
0.12049	0.00000000363224	30	30
0.12115	0.00000000384561	30	30
0.12178	0.00000000370038	30	30
0.12178	0.00000000380661	30	30
0.12112	0.00000000375055	30	30
0.12100	0.00000000367430	30	30
0.14142	0.00000000646132	30	30
0.12096	0.00000000365617	30	30
0.12094	0.00000000383267	30	30
0.12160	0.00000000366144	30	30
0.12088	0.00000000374377	30	30
0.12107	0.00000000373253	30	30
0.12098	0.00000000382197	30	30
0.12064	0.00000000364470	30	30
0.12137	0.00000000382339	30	30
0.12084	0.00000000363214	30	30
0.12082	0.00000000376465	30	30
0.12117	0.00000000375381	30	30
0.12094	0.00000000364094	30	30
0.12100	0.00000000384032	30	30
0.12115	0.00000000367817	30	30
0.12102	0.00000000370845	30	30
0.12113	0.00000000378660	30	30
0.12126	0.00000000378159	30	30
0.12067	0.00000000368855	30	30
0.12100	0.00000000387539	30	30
0.12136	0.00000000370150	30	30
0.12109	0.00000000383825	30	30
0.12085	0.00000000377144	30	30
0.12115	0.00000000376176	30	30
0.12055	0.00000000376726	30	30
0.12094	0.00000000378445	30	30
0.12114	0.00000000369377	30	30
0.12076	0.00000000387828	30	30
0.12095	0.00000000373731	30	30
0.12093	0.00000000366844	30	30
0.12109	0.00000000384172	30	30
0.12110	0.00000000364363	30	30
0.12126	0.00000000384303	30	30
0.12106	0.00000000363776	30	30
0.12084	0.00000000382530	30	30
0.12117	0.00000000364725	30	30
0.12080	0.00000000379966	30	30
0.12079	0.00000000367242	30	30
0.12103	0.00000000383598	30	30
0.12086	0.00000000364640	30	30
0.12108	0.00000000374588	30	30
0.12102	0.00000000376061	30	30
0.14110	0.00000000653915	30	30
0.12103	0.00000000384874	30	30
0.12093	0.00000000365618	30	30
0.12151	0.00000000383275	30	30
0.12056	0.00000000366156	30	30
0.12131	0.00000000373887	30	30
0.12108	0.00000000372359	30	30
0.12088	0.00000000380581	30	30
0.12122	0.00000000366743	30	30
0.12062	0.00000000372267	30	30
0.12088	0.00000000375735	30	30
0.12104	0.00000000366453	30	30
0.12115	0.00000000382042	30	30
0.12083	0.00000000366741	30	30
0.12086	0.00000000378888	30	30
0.12096	0.00000000375262	30	30
0.12087	0.00000000375986	30	30
0.12112	0.00000000366497	30	30
0.12097	0.00000000382072	30	30
0.12146	0.00000000366685	30	30
0.12110	0.00000000380413	30	30
0.12087	0.00000000364178	30	30
0.12103	0.00000000381358	30	30
0.12062	0.00000000371957	30	30
0.12125	0.00000000373415	30	30
0.12112	0.00000000373377	30	30
0.12056	0.00000000374666	30	30
0.12105	0.00000000366056	30	30
0.12098	0.00000000386329	30	30
0.14090	0.00000000623687	30	30
0.12101	0.00000000375416	30	30
0.12086	0.00000000374549	30	30
0.12155	0.00000000375119	30	30
0.12065	0.00000000372238	30	30
0.12125	0.00000000376602	30	30
0.12115	0.00000000372376	30	30
0.12088	0.00000000373132	30	30
0.12102	0.00000000373614	30	30
0.12056	0.00000000369728	30	30
0.12102	0.00000000377800	30	30
0.12109	0.00000000365439	30	30
0.12088	0.00000000382549	30	30
0.12106	0.00000000366447	30	30
0.12097	0.00000000376542	30	30
0.13865	0.00000000642821	30	30
0.12097	0.00000000384665	30	30
0.12111	0.00000000366213	30	30
0.12131	0.00000000383440	30	30
0.12099	0.00000000365793	30	30
0.12100	0.00000000382597	30	30
0.12109	0.00000000365241	30	30
0.12110	0.00000000380394	30	30
0.12062	0.00000000363076	30	30
0.12128	0.00000000382373	30	30
0.12080	0.00000000364618	30	30
0.12080	0.00000000381539	30	30
0.12104	0.00000000365915	30	30
0.12087	0.00000000376035	30	30
0.14118	0.00000000645141	30	30
0.12102	0.00000000375651	30	30
0.12089	0.00000000366503	30	30
0.12156	0.00000000383543	30	30
0.12055	0.00000000363748	30	30
0.12134	0.00000000384751	30	30
0.12106	0.00000000363498	30	30
0.12087	0.00000000381280	30	30
0.12111	0.00000000365043	30	30
0.12088	0.00000000381066	30	30
0.12100	0.00000000366512	30	30
0.12073	0.00000000382830	30	30
0.12093	0.00000000364792	30	30
0.12119	0.00000000383833	30	30
0.12097	0.00000000366644	30	30
0.12112	0.00000000389488	30	30
0.12093	0.00000000370946	30	30
0.12146	0.00000000387235	30	30
0.12064	0.00000000370609	30	30
0.12135	0.00000000380755	30	30
0.12106	0.00000000376125	30	30
0.12120	0.00000000375835	30	30
0.12069	0.00000000377927	30	30
0.12127	0.00000000376876	30	30
0.12053	0.00000000377940	30	30
0.12115	0.00000000370386	30	30
0.12105	0.00000000387872	30	30
0.12083	0.00000000370521	30	30
0.12095	0.00000000375529	30	30
0.12099	0.00000000376188	30	30
0.12101	0.00000000366908	30	30
0.12109	0.00000000382966	30	30
0.12129	0.00000000366488	30	30
0.12112	0.00000000381807	30	30
0.12089	0.00000000364824	30	30
0.12105	0.00000000381223	30	30
0.12078	0.00000000362792	30	30
0.12081	0.00000000384213	30	30
0.12110	0.00000000365769	30	30
0.12092	0.00000000374911	30	30
0.12109	0.00000000374245	30	30
0.12099	0.00000000375577	30	30
0.14135	0.00000000636762	30	30
0.12103	0.00000000367026	30	30
0.12092	0.00000000383008	30	30
0.12148	0.00000000366028	30	30
0.12106	0.00000000380779	30	30
0.12081	0.00000000366653	30	30
0.12113	0.00000000381290	30	30
0.12070	0.00000000361800	30	30
0.12126	0.00000000384538	30	30
0.12075	0.00000000362091	30	30
0.12087	0.00000000384793	30	30
0.12106	0.00000000366459	30	30
0.12100	0.00000000374657	30	30
0.12095	0.00000000375434	30	30
0.12108	0.00000000368618	30	30
0.12100	0.00000000376317	30	30
0.12103	0.00000000374293	30	30
0.12085	0.00000000366199	30	30
0.12180	0.00000000383392	30	30
0.12084	0.00000000371427	30	30
0.12086	0.00000000373573	30	30
0.12103	0.00000000363709	30	30
0.12065	0.00000000381958	30	30
0.12143	0.00000000374079	30	30
0.12122	0.00000000372641	30	30
0.12023	0.00000000373593	30	30
0.12107	0.00000000374817	30	30
0.12095	0.00000000365836	30	30
0.14157	0.00000000650233	30	30
0.12103	0.00000000366847	30	30
0.12090	0.00000000376050	30	30
0.12155	0.00000000375231	30	30
0.12087	0.00000000373230	30	30
0.12102	0.00000000375457	30	30
0.12119	0.00000000371913	30	30
0.12077	0.00000000372087	30	30
0.12110	0.00000000374216	30	30
0.12071	0.00000000371161	30	30
0.12085	0.00000000369399	30	30
0.12116	0.00000000383908	30	30
0.12096	0.00000000365008	30	30
0.12102	0.00000000374877	30	30
0.12107	0.00000000378007	30	30
0.12102	0.00000000384454	30	30
0.12101	0.00000000366666	30	30
0.12134	0.00000000383083	30	30
0.12084	0.00000000367756	30	30
0.12145	0.00000000375231	30	30
0.12098	0.00000000371882	30	30
0.12092	0.00000000381565	30	30
0.12112	0.00000000365949	30	30
0.12098	0.00000000379461	30	30
0.12098	0.00000000366369	30	30
0.12070	0.00000000381704	30	30
0.12104	0.00000000363743	30	30
0.12081	0.00000000376160	30	30
0.12087	0.00000000375006	30	30
0.12115	0.00000000367170	30	30
0.12116	0.00000000384183	30	30
0.12107	0.00000000365156	30	30
0.12118	0.00000000384576	30	30
0.12094	0.00000000371721	30	30
0.12092	0.00000000374574	30	30
0.12113	0.00000000372706	30	30
0.12081	0.00000000372466	30	30
0.12072	0.00000000365150	30	30
0.12108	0.00000000382756	30	30
0.12086	0.00000000366458	30	30
0.12103	0.00000000374956	30	30
0.12101	0.00000000375369	30	30
0.14155	0.00000000654357	30	30
0.12099	0.00000000374391	30	30
0.12087	0.00000000368078	30	30
0.12154	0.00000000382990	30	30
0.12051	0.00000000364963	30	30
0.12149	0.00000000385972	30	30
0.12105	0.00000000363084	30	30
0.12083	0.00000000380873	30	30
0.12113	0.00000000366203	30	30
0.12116	0.00000000378351	30	30
0.12042	0.00000000366221	30	30
0.12100	0.00000000383307	30	30
0.12083	0.00000000365587	30	30
0.12116	0.00000000375881	30	30
0.12066	0.00000000376096	30	30
0.12116	0.00000000376689	30	30
0.12104	0.00000000374420	30	30
0.12128	0.00000000366757	30	30
0.12115	0.00000000382418	30	30
0.12078	0.00000000372210	30	30
0.12107	0.00000000373329	30	30
0.12097	0.00000000372989	30	30
0.12102	0.00000000373041	30	30
0.12063	0.00000000373546	30	30
0.12095	0.00000000375387	30	30
0.12106	0.00000000366055	30	30
0.12107	0.00000000374155	30	30
0.12088	0.00000000375980	30	30
0.14178	0.00000000651904	30	30
0.12097	0.00000000366358	30	30
0.12107	0.00000000377368	30	30
0.12150	0.00000000373671	30	30
0.12083	0.00000000373218	30	30
0.12106	0.00000000374614	30	30
0.12073	0.00000000372648	30	30
0.12130	0.00000000373655	30	30
0.12092	0.00000000373743	30	30
0.12056	0.00000000371527	30	30
0.12110	0.00000000377066	30	30
0.12112	0.00000000376080	30	30
0.12089	0.00000000365185	30	30
0.12114	0.00000000384146	30	30
0.12082	0.00000000367135	30	30
0.13937	0.00000000646459	30	30
0.12113	0.00000000376628	30	30
0.12106	0.00000000374905	30	30
0.12088	0.00000000376517	30	30
0.12164	0.00000000366062	30	30
0.12088	0.00000000383155	30	30
0.12097	0.00000000365383	30	30
0.12104	0.00000000382378	30	30
0.12051	0.00000000363751	30	30
0.12150	0.00000000383284	30	30
0.12114	0.00000000364552	30	30
0.12082	0.00000000382108	30	30
0.12074	0.00000000364430	30	30
0.12081	0.00000000382157	30	30
0.12111	0.00000000367718	30	30
0.12091	0.00000000366999	30	30
0.12104	0.00000000382882	30	30
0.12151	0.00000000366547	30	30
0.12057	0.00000000373215	30	30
0.12135	0.00000000375182	30	30
0.12069	0.00000000380334	30	30
0.12128	0.00000000365706	30	30
0.12111	0.00000000381966	30	30
0.12092	0.00000000363889	30	30
0.12112	0.00000000381911	30	30
0.12049	0.00000000364400	30	30
0.12107	0.00000000383971	30	30
0.12098	0.00000000365827	30	30
0.12093	0.00000000375478	30	30
0.12099	0.00000000367420	30	30
0.12092	0.00000000384926	30	30
0.12157	0.00000000365351	30	30
0.12041	0.00000000383996	30	30
0.12148	0.00000000367040	30	30
0.12112	0.00000000380732	30	30
0.12084	0.00000000363426	30	30
0.12104	0.00000000383964	30	30
0.12070	0.00000000361952	30	30
0.12094	0.00000000376103	30	30
0.12099	0.00000000374520	30	30
0.12090	0.00000000367566	30	30
0.12112	0.00000000383856	30	30
0.11616	0.00000000448101	30	30
0.12086	0.00000000367006	30	30
0.12112	0.00000000375669	30	30
0.12092	0.00000000375395	30	30
0.12136	0.00000000375609	30	30
0.12111	0.00000000373811	30	30
0.12087	0.00000000373231	30	30
0.12119	0.00000000373459	30	30
0.12090	0.00000000381616	30	30
0.12100	0.00000000364457	30	30
0.12097	0.00000000381729	30	30
0.12071	0.00000000365435	30	30
0.12103	0.00000000376035	30	30
0.12101	0.00000000374385	30	30
0.12079	0.00000000368257	30	30
0.12097	0.00000000366918	30	30
0.12103	0.00000000375042	30	30
0.12147	0.00000000374094	30	30
0.12074	0.00000000374399	30	30
0.12125	0.00000000375318	30	30
0.12065	0.00000000371747	30	30
0.12130	0.00000000373774	30	30
0.12101	0.00000000382681	30	30
0.12060	0.00000000364234	30	30
0.12112	0.00000000376396	30	30
0.12112	0.00000000376135	30	30
0.12081	0.00000000365735	30	30
0.12134	0.00000000383854	30	30
0.12087	0.00000000369205	30	30
0.13897	0.00000000644334	30	30
0.12129	0.00000000374715	30	30
0.12060	0.00000000374121	30	30
0.12161	0.00000000365960	30	30
0.12087	0.00000000383307	30	30
0.12094	0.00000000365227	30	30
0.12111	0.00000000382820	30	30
0.12059	0.00000000363562	30	30
0.12146	0.00000000384725	30	30
0.12134	0.00000000364993	30	30
0.12076	0.00000000382330	30	30
0.12080	0.00000000364220	30	30
0.12171	0.00000000381206	30	30
0.12155	0.00000000376269	30	30
0.12165	0.00000000387569	30	30
0.12138	0.00000000369270	30	30
0.12154	0.00000000383142	30	30
0.12113	0.00000000364640	30	30
0.12096	0.00000000382006	30	30
0.12096	0.00000000371802	30	30
0.12070	0.00000000373943	30	30
0.12230	0.00000000374099	30	30
0.12140	0.00000000386122	30	30
0.12100	0.00000000366880	30	30
0.12119	0.00000000378024	30	30
0.14200	0.00000000641295	30	30
0.12101	0.00000000367598	30	30
0.12102	0.00000000384400	30	30
0.12122	0.00000000365577	30	30
0.12112	0.00000000383930	30	30
0.12123	0.00000000366623	30	30
0.12082	0.00000000381501	30	30
0.12115	0.00000000363730	30	30
0.12061	0.00000000382941	30	30
0.12103	0.00000000365223	30	30
0.12107	0.00000000375944	30	30
0.12082	0.00000000375309	30	30
0.12112	0.00000000365085	30	30
0.12101	0.00000000383524	30	30
0.12096	0.00000000368130	30	30
0.12101	0.00000000375043	30	30
0.12111	0.00000000375255	30	30
0.12132	0.00000000374530	30	30
0.12090	0.00000000375167	30	30
0.12112	0.00000000374146	30	30
0.12080	0.00000000372249	30	30
0.12109	0.00000000374373	30	30
0.12111	0.00000000372967	30	30
0.12068	0.00000000373407	30	30
0.12124	0.00000000374255	30	30
0.12073	0.00000000373277	30	30
0.12092	0.00000000375078	30	30
0.12101	0.00000000367712	30	30
0.14192	0.00000000651100	30	30
0.12111	0.00000000366914	30	30
0.12097	0.00000000375656	30	30
0.12135	0.00000000375309	30	30
0.12107	0.00000000373726	30	30
0.12054	0.00000000373592	30	30
0.12138	0.00000000375062	30	30
0.12105	0.00000000372996	30	30
0.12105	0.00000000384007	30	30
0.12073	0.00000000363804	30	30
0.12096	0.00000000376712	30	30
0.12106	0.00000000374695	30	30
0.12103	0.00000000365672	30	30
0.12087	0.00000000383606	30	30
0.12109	0.00000000370231	30	30
=============================================================================

============================ Tabulate Statistics ============================
PWR_PKG_ENERGY	INST_RETIRED	TOR_OCCUPANCY	RR_OCCUPANCY	TIPI	L3_MISS	L2_MISS	TIME	
9179.797546	2312994730023	139945339862	139947183463	0.121009	1710868403	2645390749	62882.723746	
=============================================================================

============================ TIPI SLAB Statistics ============================

==============================================================================
===== Test PASSED in 0.0 msec =====
