
-----
mkdir timedrun fake

Initial Residual = 13573.6
Iteration = 15   Residual = 178.727
Iteration = 30   Residual = 1.21771
Iteration = 45   Residual = 0.00834386
Iteration = 60   Residual = 5.70757e-05
Iteration = 75   Residual = 3.89343e-07
Iteration = 90   Residual = 2.6426e-09
Iteration = 105   Residual = 1.77417e-11
Iteration = 120   Residual = 1.15261e-13
Iteration = 135   Residual = 6.18993e-16
Iteration = 149   Residual = 5.09223e-18
Mini-Application Name: hpccg
Mini-Application Version: 1.0
Parallelism: 
  MPI not enabled: 
  Number of OpenMP threads: 20
Dimensions: 
  nx: 256
  ny: 256
  nz: 1024
Number of iterations: 149
Final residual: 5.09223e-18
#********** Performance Summary (times in sec) ***********: 
Time Summary: 
  Total   : 1196.91
  DDOT    : 60.408
  WAXPBY  : 185.136
  SPARSEMV: 949.988
FLOPS Summary: 
  Total   : 6.3995e+11
  DDOT    : 3.99969e+10
  WAXPBY  : 5.99953e+10
  SPARSEMV: 5.39958e+11
MFLOPS Summary: 
  Total   : 534.669
  DDOT    : 662.112
  WAXPBY  : 324.061
  SPARSEMV: 568.384

============================ Unprocessed Statistics ============================
TIPI	JPI	Uncore1	Uncore2
0.12098	0.00000000423985	30	30
0.12092	0.00000000422659	30	30
0.12133	0.00000000423663	30	30
0.12104	0.00000000441133	30	30
0.12094	0.00000000422461	30	30
0.12113	0.00000000425787	30	30
0.12059	0.00000000425450	30	30
0.12105	0.00000000423991	30	30
0.12096	0.00000000423994	30	30
0.12104	0.00000000421115	30	30
0.12131	0.00000000426824	30	30
0.12083	0.00000000422163	30	30
0.12066	0.00000000422291	30	30
0.14213	0.00000000723359	30	30
0.12105	0.00000000428034	30	30
0.12109	0.00000000426500	30	30
0.12121	0.00000000423958	30	30
0.12103	0.00000000435471	30	30
0.12088	0.00000000435147	30	30
0.12128	0.00000000425236	30	30
0.12058	0.00000000426087	30	30
0.12095	0.00000000425880	30	30
0.12096	0.00000000426848	30	30
0.12118	0.00000000422717	30	30
0.12121	0.00000000427859	30	30
0.12067	0.00000000424586	30	30
0.12090	0.00000000424779	30	30
0.12042	0.00000000466707	30	30
0.12109	0.00000000426540	30	30
0.12121	0.00000000427111	30	30
0.12058	0.00000000428027	30	30
0.12149	0.00000000425757	30	30
0.12104	0.00000000426694	30	30
0.12078	0.00000000444361	30	30
0.12105	0.00000000427936	30	30
0.12082	0.00000000428199	30	30
0.12093	0.00000000424019	30	30
0.12098	0.00000000428466	30	30
0.12136	0.00000000425111	30	30
0.12060	0.00000000429258	30	30
0.12110	0.00000000426495	30	30
0.12108	0.00000000427254	30	30
0.12086	0.00000000427667	30	30
0.12117	0.00000000428434	30	30
0.12081	0.00000000426894	30	30
0.12136	0.00000000429074	30	30
0.12109	0.00000000445148	30	30
0.12073	0.00000000427051	30	30
0.12090	0.00000000428887	30	30
0.12094	0.00000000427732	30	30
0.12102	0.00000000426375	30	30
0.12084	0.00000000427613	30	30
0.12147	0.00000000427648	30	30
0.12088	0.00000000427091	30	30
0.14242	0.00000000775147	30	30
0.12201	0.00000000432572	30	30
0.12181	0.00000000432628	30	30
0.12239	0.00000000432835	30	30
0.12175	0.00000000431474	30	30
0.12221	0.00000000439506	30	30
0.12217	0.00000000433172	30	30
0.12153	0.00000000429019	30	30
0.12058	0.00000000425233	30	30
0.12106	0.00000000427763	30	30
0.12203	0.00000000441103	30	30
0.12181	0.00000000443832	30	30
0.12133	0.00000000430668	30	30
0.12079	0.00000000423926	30	30
0.14165	0.00000000734770	30	30
0.12063	0.00000000424079	30	30
0.12095	0.00000000428560	30	30
0.12126	0.00000000427307	30	30
0.12078	0.00000000426609	30	30
0.12097	0.00000000427595	30	30
0.12125	0.00000000427654	30	30
0.12079	0.00000000429914	30	30
0.12101	0.00000000428013	30	30
0.12098	0.00000000425715	30	30
0.12099	0.00000000426799	30	30
0.12092	0.00000000429152	30	30
0.12160	0.00000000428239	30	30
0.12059	0.00000000441908	30	30
0.14218	0.00000000733192	30	30
0.12083	0.00000000437771	30	30
0.12114	0.00000000421489	30	30
0.12130	0.00000000425852	30	30
0.12105	0.00000000437625	30	30
0.12051	0.00000000428240	30	30
0.12153	0.00000000427833	30	30
0.12082	0.00000000428824	30	30
0.12068	0.00000000427603	30	30
0.12104	0.00000000427391	30	30
0.12146	0.00000000425854	30	30
0.12101	0.00000000427455	30	30
0.12091	0.00000000436878	30	30
0.12069	0.00000000434736	30	30
0.14151	0.00000000727938	30	30
0.12094	0.00000000430162	30	30
0.12098	0.00000000430171	30	30
0.12126	0.00000000426838	30	30
0.12109	0.00000000426570	30	30
0.12060	0.00000000427096	30	30
0.12124	0.00000000430199	30	30
0.12074	0.00000000428305	30	30
0.12098	0.00000000429387	30	30
0.12122	0.00000000425297	30	30
0.12103	0.00000000426458	30	30
0.12107	0.00000000448457	30	30
0.12067	0.00000000428041	30	30
0.12092	0.00000000426972	30	30
0.12084	0.00000000441378	30	30
0.12088	0.00000000428480	30	30
0.12103	0.00000000429806	30	30
0.12108	0.00000000429302	30	30
0.12121	0.00000000427062	30	30
0.12081	0.00000000437307	30	30
0.12125	0.00000000438520	30	30
0.12095	0.00000000428249	30	30
0.12086	0.00000000428513	30	30
0.12087	0.00000000428811	30	30
0.12102	0.00000000427470	30	30
0.12130	0.00000000425209	30	30
0.12060	0.00000000426953	30	30
0.12106	0.00000000430809	30	30
0.12130	0.00000000428199	30	30
0.12279	0.00000000488253	30	30
0.12106	0.00000000428075	30	30
0.12112	0.00000000429420	30	30
0.12082	0.00000000429621	30	30
0.12114	0.00000000427714	30	30
0.12141	0.00000000438683	30	30
0.12105	0.00000000436694	30	30
0.12076	0.00000000429754	30	30
0.12074	0.00000000428772	30	30
0.12093	0.00000000426428	30	30
0.12098	0.00000000428300	30	30
0.12101	0.00000000427761	30	30
0.12128	0.00000000430297	30	30
0.12100	0.00000000425234	30	30
0.12105	0.00000000425504	30	30
0.12097	0.00000000431458	30	30
0.12149	0.00000000427844	30	30
0.12048	0.00000000426308	30	30
0.12098	0.00000000428785	30	30
0.12146	0.00000000430593	30	30
0.12070	0.00000000430238	30	30
0.12096	0.00000000437402	30	30
0.12087	0.00000000427927	30	30
0.12154	0.00000000437494	30	30
0.12062	0.00000000425725	30	30
0.12100	0.00000000430440	30	30
0.12089	0.00000000426161	30	30
0.14243	0.00000000757303	30	30
0.12102	0.00000000429895	30	30
0.12099	0.00000000430297	30	30
0.12129	0.00000000427686	30	30
0.12068	0.00000000428501	30	30
0.12104	0.00000000428473	30	30
0.12111	0.00000000431422	30	30
0.12084	0.00000000430832	30	30
0.12096	0.00000000440777	30	30
0.12098	0.00000000426639	30	30
0.12125	0.00000000430095	30	30
0.12106	0.00000000438252	30	30
0.12110	0.00000000426840	30	30
0.12058	0.00000000426383	30	30
0.14231	0.00000000750849	30	30
0.12095	0.00000000430180	30	30
0.12109	0.00000000431869	30	30
0.12131	0.00000000426035	30	30
0.12072	0.00000000427353	30	30
0.12094	0.00000000430996	30	30
0.12128	0.00000000430974	30	30
0.12058	0.00000000430323	30	30
0.12104	0.00000000427998	30	30
0.12109	0.00000000429960	30	30
0.12091	0.00000000426570	30	30
0.12125	0.00000000440757	30	30
0.12071	0.00000000429755	30	30
0.12107	0.00000000437392	30	30
0.14152	0.00000000731227	30	30
0.12122	0.00000000429988	30	30
0.12098	0.00000000429070	30	30
0.12099	0.00000000429627	30	30
0.12124	0.00000000428139	30	30
0.12109	0.00000000427307	30	30
0.12099	0.00000000426947	30	30
0.12091	0.00000000428649	30	30
0.12076	0.00000000429979	30	30
0.12100	0.00000000429403	30	30
0.12103	0.00000000447447	30	30
0.12118	0.00000000427833	30	30
0.12125	0.00000000428377	30	30
0.12060	0.00000000428777	30	30
0.12082	0.00000000428587	30	30
0.12194	0.00000000452476	30	30
0.12099	0.00000000431457	30	30
0.12098	0.00000000421242	30	30
0.12097	0.00000000440674	30	30
0.12100	0.00000000428131	30	30
0.12101	0.00000000429870	30	30
0.12131	0.00000000429264	30	30
0.12099	0.00000000427376	30	30
0.12088	0.00000000429747	30	30
0.12072	0.00000000428689	30	30
0.12111	0.00000000431566	30	30
0.12132	0.00000000428199	30	30
0.12059	0.00000000437651	30	30
0.12105	0.00000000429469	30	30
0.12042	0.00000000428999	30	30
0.12352	0.00000000499390	30	30
0.12108	0.00000000429891	30	30
0.12093	0.00000000429973	30	30
0.12117	0.00000000431134	30	30
0.12077	0.00000000429848	30	30
0.12121	0.00000000429169	30	30
0.12118	0.00000000431141	30	30
0.12068	0.00000000430085	30	30
0.12100	0.00000000430669	30	30
0.12092	0.00000000430381	30	30
0.12108	0.00000000427311	30	30
0.12091	0.00000000430776	30	30
0.12143	0.00000000441617	30	30
0.12068	0.00000000426541	30	30
0.14134	0.00000000739117	30	30
0.12158	0.00000000430208	30	30
0.12057	0.00000000438487	30	30
0.12138	0.00000000428979	30	30
0.12073	0.00000000429799	30	30
0.12102	0.00000000429508	30	30
0.12131	0.00000000430757	30	30
0.12059	0.00000000430439	30	30
0.12102	0.00000000429802	30	30
0.12087	0.00000000429013	30	30
0.12125	0.00000000429005	30	30
0.12113	0.00000000428242	30	30
0.12101	0.00000000450220	30	30
0.12078	0.00000000427230	30	30
0.14074	0.00000000733716	30	30
0.12126	0.00000000429841	30	30
0.12101	0.00000000430427	30	30
0.12125	0.00000000426771	30	30
0.12078	0.00000000429232	30	30
0.12094	0.00000000431390	30	30
0.12149	0.00000000430369	30	30
0.12098	0.00000000428120	30	30
0.12056	0.00000000428593	30	30
0.12088	0.00000000428253	30	30
0.12129	0.00000000425999	30	30
0.12114	0.00000000438979	30	30
0.12101	0.00000000436725	30	30
0.12071	0.00000000424560	30	30
0.14157	0.00000000731772	30	30
0.12116	0.00000000439529	30	30
0.12076	0.00000000429910	30	30
0.12145	0.00000000425447	30	30
0.12120	0.00000000427248	30	30
0.12031	0.00000000428118	30	30
0.12135	0.00000000432076	30	30
0.12071	0.00000000427986	30	30
0.12094	0.00000000430136	30	30
0.12100	0.00000000427857	30	30
0.12136	0.00000000447398	30	30
0.12156	0.00000000427497	30	30
0.12001	0.00000000426087	30	30
0.12097	0.00000000426111	30	30
0.12149	0.00000000431181	30	30
0.12061	0.00000000429722	30	30
0.12095	0.00000000438377	30	30
0.12140	0.00000000440771	30	30
0.12094	0.00000000427928	30	30
0.12079	0.00000000431683	30	30
0.12081	0.00000000429551	30	30
0.12099	0.00000000428779	30	30
0.12106	0.00000000428712	30	30
0.12105	0.00000000429554	30	30
0.12116	0.00000000427414	30	30
0.12078	0.00000000428214	30	30
0.12096	0.00000000436166	30	30
0.12214	0.00000000481172	30	30
0.12123	0.00000000446252	30	30
0.12100	0.00000000428754	30	30
0.12089	0.00000000431171	30	30
0.12115	0.00000000430416	30	30
0.12106	0.00000000427231	30	30
0.12144	0.00000000438318	30	30
0.12078	0.00000000438339	30	30
0.12106	0.00000000431228	30	30
0.12064	0.00000000429746	30	30
0.12083	0.00000000424279	30	30
0.12124	0.00000000431385	30	30
0.12093	0.00000000426645	30	30
0.12114	0.00000000431250	30	30
0.12078	0.00000000427554	30	30
0.12109	0.00000000430476	30	30
0.12110	0.00000000429668	30	30
0.12141	0.00000000428793	30	30
0.12032	0.00000000426862	30	30
0.12146	0.00000000430538	30	30
0.12110	0.00000000429502	30	30
0.12065	0.00000000437609	30	30
0.12092	0.00000000431070	30	30
0.12107	0.00000000428966	30	30
0.12125	0.00000000438101	30	30
0.12071	0.00000000427150	30	30
0.12127	0.00000000430210	30	30
0.12064	0.00000000427114	30	30
0.14159	0.00000000775242	30	30
0.12106	0.00000000429125	30	30
0.12084	0.00000000431210	30	30
0.12157	0.00000000425962	30	30
0.12052	0.00000000428312	30	30
0.12093	0.00000000430023	30	30
0.12137	0.00000000442950	30	30
0.12095	0.00000000439337	30	30
0.12075	0.00000000428151	30	30
0.12090	0.00000000428811	30	30
0.12137	0.00000000426682	30	30
0.12092	0.00000000428119	30	30
0.12091	0.00000000427478	30	30
0.12088	0.00000000425346	30	30
0.14155	0.00000000730377	30	30
0.12101	0.00000000427784	30	30
0.12110	0.00000000432807	30	30
0.12126	0.00000000425528	30	30
0.12092	0.00000000450579	30	30
0.12070	0.00000000425859	30	30
0.12108	0.00000000431793	30	30
0.12092	0.00000000429349	30	30
0.12105	0.00000000426649	30	30
0.12101	0.00000000427810	30	30
0.12109	0.00000000426669	30	30
0.12121	0.00000000429303	30	30
0.12064	0.00000000427757	30	30
0.12093	0.00000000425758	30	30
0.12016	0.00000000439898	30	30
0.12124	0.00000000429489	30	30
0.12075	0.00000000429674	30	30
0.12144	0.00000000425509	30	30
0.12100	0.00000000426592	30	30
0.12083	0.00000000426788	30	30
0.12104	0.00000000429058	30	30
0.12070	0.00000000430288	30	30
0.12098	0.00000000440345	30	30
0.12105	0.00000000429101	30	30
0.12136	0.00000000437099	30	30
0.12119	0.00000000426742	30	30
0.12043	0.00000000428681	30	30
0.12098	0.00000000427100	30	30
0.12346	0.00000000461277	30	30
0.12093	0.00000000428284	30	30
0.12098	0.00000000430011	30	30
0.12139	0.00000000428071	30	30
0.12052	0.00000000427442	30	30
0.12147	0.00000000429036	30	30
0.12096	0.00000000427415	30	30
0.12077	0.00000000427923	30	30
0.12088	0.00000000430982	30	30
0.12111	0.00000000428988	30	30
0.12095	0.00000000438423	30	30
0.12125	0.00000000427362	30	30
0.12104	0.00000000437650	30	30
0.12064	0.00000000424248	30	30
0.12103	0.00000000427236	30	30
0.12077	0.00000000428600	30	30
0.12152	0.00000000439963	30	30
0.12054	0.00000000435267	30	30
0.12158	0.00000000429530	30	30
0.12068	0.00000000428280	30	30
0.12112	0.00000000429321	30	30
0.12066	0.00000000426196	30	30
0.12094	0.00000000428324	30	30
0.12111	0.00000000427519	30	30
0.12094	0.00000000427954	30	30
0.12144	0.00000000428841	30	30
0.12047	0.00000000427842	30	30
0.14163	0.00000000738315	30	30
0.12108	0.00000000430758	30	30
0.12098	0.00000000431159	30	30
0.12140	0.00000000447914	30	30
0.12059	0.00000000429531	30	30
0.12096	0.00000000430332	30	30
0.12132	0.00000000433080	30	30
0.12062	0.00000000428930	30	30
0.12102	0.00000000429843	30	30
0.12107	0.00000000428994	30	30
0.12111	0.00000000428265	30	30
0.12075	0.00000000430595	30	30
0.12137	0.00000000428187	30	30
0.12064	0.00000000425574	30	30
0.12116	0.00000000429252	30	30
0.12082	0.00000000430808	30	30
0.12146	0.00000000426270	30	30
0.12060	0.00000000437720	30	30
0.12089	0.00000000431204	30	30
0.12155	0.00000000442089	30	30
0.12058	0.00000000429176	30	30
0.12114	0.00000000430868	30	30
0.12075	0.00000000428574	30	30
0.12129	0.00000000427290	30	30
0.12111	0.00000000427652	30	30
0.12069	0.00000000428166	30	30
0.12104	0.00000000427642	30	30
0.14100	0.00000000766928	30	30
0.12114	0.00000000430784	30	30
0.12105	0.00000000429699	30	30
0.12112	0.00000000426731	30	30
0.12113	0.00000000427649	30	30
0.12068	0.00000000428622	30	30
0.12135	0.00000000450495	30	30
0.12071	0.00000000429867	30	30
0.12094	0.00000000429107	30	30
0.12093	0.00000000427721	30	30
0.12108	0.00000000425589	30	30
0.12137	0.00000000431001	30	30
0.12067	0.00000000427614	30	30
0.12103	0.00000000426867	30	30
0.12123	0.00000000446893	30	30
0.12137	0.00000000430182	30	30
0.12124	0.00000000429352	30	30
0.12071	0.00000000431004	30	30
0.12194	0.00000000429647	30	30
0.12152	0.00000000430674	30	30
0.12172	0.00000000433409	30	30
0.12151	0.00000000445110	30	30
0.12205	0.00000000436399	30	30
0.12206	0.00000000447276	30	30
0.12207	0.00000000435277	30	30
0.12221	0.00000000434774	30	30
0.12187	0.00000000434736	30	30
0.12189	0.00000000435462	30	30
0.12080	0.00000000427333	30	30
0.12183	0.00000000436791	30	30
0.12097	0.00000000428305	30	30
0.12130	0.00000000447560	30	30
0.12071	0.00000000418847	30	30
0.12133	0.00000000439624	30	30
0.12109	0.00000000428631	30	30
0.12087	0.00000000430070	30	30
0.12081	0.00000000429338	30	30
0.12101	0.00000000428169	30	30
0.12108	0.00000000428150	30	30
0.12096	0.00000000431360	30	30
0.12133	0.00000000428458	30	30
0.12065	0.00000000426762	30	30
0.14142	0.00000000736820	30	30
0.12097	0.00000000430480	30	30
0.12095	0.00000000429993	30	30
0.12149	0.00000000428111	30	30
0.12057	0.00000000448073	30	30
0.12095	0.00000000430268	30	30
0.12150	0.00000000432346	30	30
0.12061	0.00000000430230	30	30
0.12119	0.00000000429118	30	30
0.12078	0.00000000429974	30	30
0.12110	0.00000000430126	30	30
0.12106	0.00000000430007	30	30
0.12079	0.00000000428648	30	30
0.12106	0.00000000428253	30	30
0.14150	0.00000000755686	30	30
0.12109	0.00000000429740	30	30
0.12091	0.00000000430088	30	30
0.12097	0.00000000427237	30	30
0.12108	0.00000000431023	30	30
0.12106	0.00000000430667	30	30
0.12131	0.00000000430859	30	30
0.12056	0.00000000430322	30	30
0.12111	0.00000000440330	30	30
0.12097	0.00000000439066	30	30
0.12096	0.00000000426621	30	30
0.12130	0.00000000430539	30	30
0.12075	0.00000000429276	30	30
0.12117	0.00000000426477	30	30
0.14092	0.00000000730370	30	30
0.12101	0.00000000429749	30	30
0.12094	0.00000000431145	30	30
0.12129	0.00000000427474	30	30
0.12116	0.00000000426907	30	30
0.12078	0.00000000427752	30	30
0.12120	0.00000000430289	30	30
0.12067	0.00000000429435	30	30
0.12077	0.00000000439456	30	30
0.12109	0.00000000430174	30	30
0.12136	0.00000000436789	30	30
0.12125	0.00000000429939	30	30
0.12037	0.00000000429090	30	30
0.12110	0.00000000428623	30	30
0.12239	0.00000000455462	30	30
0.12097	0.00000000431147	30	30
0.12104	0.00000000428728	30	30
0.12108	0.00000000430704	30	30
0.12078	0.00000000429126	30	30
0.12146	0.00000000430751	30	30
0.12092	0.00000000427591	30	30
0.12077	0.00000000428033	30	30
0.12097	0.00000000432024	30	30
0.12096	0.00000000428712	30	30
0.12093	0.00000000429718	30	30
0.12118	0.00000000448194	30	30
0.12113	0.00000000430662	30	30
0.12073	0.00000000428299	30	30
0.12009	0.00000000427363	30	30
0.12096	0.00000000429490	30	30
0.12096	0.00000000431153	30	30
0.12142	0.00000000430526	30	30
0.12065	0.00000000427373	30	30
0.12133	0.00000000449043	30	30
0.12091	0.00000000429864	30	30
0.12113	0.00000000429924	30	30
0.12058	0.00000000428843	30	30
0.12090	0.00000000430706	30	30
0.12111	0.00000000429489	30	30
0.12099	0.00000000429697	30	30
0.12154	0.00000000430161	30	30
0.12047	0.00000000426505	30	30
0.14135	0.00000000760336	30	30
0.12113	0.00000000431829	30	30
0.12098	0.00000000430703	30	30
0.12130	0.00000000429266	30	30
0.12059	0.00000000429658	30	30
0.12109	0.00000000430979	30	30
0.12140	0.00000000451477	30	30
0.12073	0.00000000429580	30	30
0.12084	0.00000000431097	30	30
0.12107	0.00000000429059	30	30
0.12135	0.00000000428898	30	30
0.12089	0.00000000429779	30	30
0.12110	0.00000000427331	30	30
0.12074	0.00000000427542	30	30
0.14220	0.00000000741438	30	30
0.12100	0.00000000431754	30	30
0.12094	0.00000000431960	30	30
0.12142	0.00000000427696	30	30
0.12057	0.00000000438179	30	30
0.12088	0.00000000432883	30	30
0.12158	0.00000000440791	30	30
0.12063	0.00000000431925	30	30
0.12095	0.00000000430500	30	30
0.12086	0.00000000429758	30	30
0.12145	0.00000000428328	30	30
0.12096	0.00000000428593	30	30
0.12072	0.00000000428843	30	30
0.12095	0.00000000427504	30	30
0.14166	0.00000000758532	30	30
0.12101	0.00000000431218	30	30
0.12103	0.00000000430657	30	30
0.12114	0.00000000428502	30	30
0.12113	0.00000000429210	30	30
0.12069	0.00000000429091	30	30
0.12137	0.00000000452954	30	30
0.12048	0.00000000430822	30	30
0.12111	0.00000000431112	30	30
0.12090	0.00000000429249	30	30
0.12126	0.00000000427576	30	30
0.12123	0.00000000431410	30	30
0.12055	0.00000000427834	30	30
0.12088	0.00000000428713	30	30
0.13717	0.00000000721375	30	30
0.12107	0.00000000441924	30	30
0.12084	0.00000000423449	30	30
0.12139	0.00000000448812	30	30
0.12108	0.00000000428627	30	30
0.12071	0.00000000427624	30	30
0.12125	0.00000000431650	30	30
0.12061	0.00000000429604	30	30
0.12128	0.00000000429599	30	30
0.12067	0.00000000430811	30	30
0.12145	0.00000000427982	30	30
0.12098	0.00000000449019	30	30
0.12076	0.00000000430349	30	30
0.12081	0.00000000428377	30	30
0.12103	0.00000000463705	30	30
0.12056	0.00000000420876	30	30
0.12106	0.00000000431626	30	30
0.12102	0.00000000442208	30	30
0.12108	0.00000000427264	30	30
0.12127	0.00000000430393	30	30
0.12096	0.00000000429731	30	30
0.12112	0.00000000430994	30	30
0.12056	0.00000000431220	30	30
0.12100	0.00000000429450	30	30
0.12101	0.00000000430491	30	30
0.12092	0.00000000429045	30	30
0.12140	0.00000000440706	30	30
0.12058	0.00000000437262	30	30
0.12104	0.00000000429512	30	30
0.12097	0.00000000431215	30	30
0.12130	0.00000000430776	30	30
0.12069	0.00000000428761	30	30
0.12149	0.00000000431936	30	30
0.12053	0.00000000429665	30	30
0.12129	0.00000000431985	30	30
0.12078	0.00000000450604	30	30
0.12099	0.00000000430208	30	30
0.12085	0.00000000431907	30	30
0.12098	0.00000000429959	30	30
0.12151	0.00000000430868	30	30
0.12052	0.00000000427560	30	30
0.14128	0.00000000740104	30	30
0.12103	0.00000000432353	30	30
0.12114	0.00000000430733	30	30
0.12132	0.00000000429238	30	30
0.12073	0.00000000429132	30	30
0.12094	0.00000000431398	30	30
0.12118	0.00000000431314	30	30
0.12074	0.00000000432092	30	30
0.12089	0.00000000431945	30	30
0.12117	0.00000000431174	30	30
0.12135	0.00000000428424	30	30
0.12066	0.00000000450916	30	30
0.12121	0.00000000430678	30	30
0.12077	0.00000000426460	30	30
0.14172	0.00000000745295	30	30
0.12101	0.00000000441309	30	30
0.12132	0.00000000442050	30	30
0.12103	0.00000000428915	30	30
0.12058	0.00000000427492	30	30
0.12101	0.00000000430681	30	30
0.12108	0.00000000432781	30	30
0.12092	0.00000000432608	30	30
0.12092	0.00000000430743	30	30
0.12183	0.00000000434087	30	30
0.12103	0.00000000429270	30	30
0.12124	0.00000000430698	30	30
0.12093	0.00000000450208	30	30
0.12070	0.00000000428323	30	30
0.12094	0.00000000432548	30	30
0.12112	0.00000000432589	30	30
0.12120	0.00000000428638	30	30
0.12097	0.00000000429704	30	30
0.12100	0.00000000428839	30	30
0.12121	0.00000000433435	30	30
0.12043	0.00000000429436	30	30
0.12106	0.00000000433039	30	30
0.12094	0.00000000429189	30	30
0.12146	0.00000000449133	30	30
0.12079	0.00000000431057	30	30
0.12084	0.00000000428979	30	30
0.12092	0.00000000428774	30	30
0.12095	0.00000000430163	30	30
0.12100	0.00000000431396	30	30
0.12097	0.00000000440904	30	30
0.12127	0.00000000439170	30	30
0.12109	0.00000000431363	30	30
0.12101	0.00000000427991	30	30
0.12094	0.00000000433404	30	30
0.12068	0.00000000430523	30	30
0.12106	0.00000000432411	30	30
0.12081	0.00000000430799	30	30
0.12142	0.00000000429517	30	30
0.12098	0.00000000429115	30	30
0.12076	0.00000000429101	30	30
0.12075	0.00000000441308	30	30
0.12351	0.00000000493853	30	30
0.12054	0.00000000428534	30	30
0.12100	0.00000000432995	30	30
0.12108	0.00000000433494	30	30
0.12114	0.00000000438140	30	30
0.12128	0.00000000434613	30	30
0.12099	0.00000000439731	30	30
0.12100	0.00000000429230	30	30
0.12048	0.00000000431988	30	30
0.12114	0.00000000431592	30	30
0.12102	0.00000000430174	30	30
0.12118	0.00000000429134	30	30
0.12097	0.00000000433302	30	30
0.12089	0.00000000428817	30	30
0.14227	0.00000000783815	30	30
0.12111	0.00000000431297	30	30
0.12110	0.00000000432658	30	30
0.12122	0.00000000431812	30	30
0.12073	0.00000000428393	30	30
0.12105	0.00000000442266	30	30
0.12103	0.00000000441303	30	30
0.12087	0.00000000435525	30	30
0.12108	0.00000000430459	30	30
0.12097	0.00000000430660	30	30
0.12083	0.00000000431273	30	30
0.12106	0.00000000431293	30	30
0.12128	0.00000000431373	30	30
0.12073	0.00000000428522	30	30
0.14205	0.00000000779579	30	30
0.12081	0.00000000433761	30	30
0.12105	0.00000000432788	30	30
0.12146	0.00000000430553	30	30
0.12064	0.00000000429511	30	30
0.12095	0.00000000431978	30	30
0.12128	0.00000000432588	30	30
0.12071	0.00000000429766	30	30
0.12082	0.00000000434130	30	30
0.12120	0.00000000430092	30	30
0.12127	0.00000000449947	30	30
0.12100	0.00000000430975	30	30
0.12091	0.00000000430067	30	30
0.12077	0.00000000428771	30	30
0.14213	0.00000000746814	30	30
0.12107	0.00000000427386	30	30
0.12100	0.00000000434357	30	30
0.12123	0.00000000428992	30	30
0.12098	0.00000000429845	30	30
0.12075	0.00000000430882	30	30
0.12116	0.00000000432548	30	30
0.12073	0.00000000441097	30	30
0.12104	0.00000000442361	30	30
0.12101	0.00000000430960	30	30
0.12120	0.00000000430581	30	30
0.12110	0.00000000432051	30	30
0.12075	0.00000000429907	30	30
0.12083	0.00000000430332	30	30
0.12032	0.00000000442013	30	30
0.12092	0.00000000433064	30	30
0.12111	0.00000000433038	30	30
0.12144	0.00000000428768	30	30
0.12050	0.00000000429548	30	30
0.12144	0.00000000431050	30	30
0.12094	0.00000000431381	30	30
0.12064	0.00000000430565	30	30
0.12111	0.00000000433255	30	30
0.12088	0.00000000430024	30	30
0.12127	0.00000000449483	30	30
0.12096	0.00000000432369	30	30
0.12078	0.00000000430841	30	30
0.12091	0.00000000428766	30	30
0.12237	0.00000000465402	30	30
0.12095	0.00000000430308	30	30
0.12100	0.00000000433159	30	30
0.12107	0.00000000431206	30	30
0.12091	0.00000000430289	30	30
0.12142	0.00000000431763	30	30
0.12094	0.00000000430318	30	30
0.12106	0.00000000433524	30	30
0.12065	0.00000000431331	30	30
0.12096	0.00000000429586	30	30
0.12077	0.00000000433312	30	30
0.12145	0.00000000441439	30	30
0.12100	0.00000000441308	30	30
0.12072	0.00000000431769	30	30
0.12111	0.00000000431119	30	30
0.12105	0.00000000435039	30	30
0.12147	0.00000000431714	30	30
0.12049	0.00000000428430	30	30
0.12129	0.00000000444237	30	30
0.12103	0.00000000442086	30	30
0.12110	0.00000000431780	30	30
0.12120	0.00000000434127	30	30
0.12112	0.00000000433451	30	30
0.12106	0.00000000429849	30	30
0.12154	0.00000000434544	30	30
0.12217	0.00000000440212	30	30
0.12147	0.00000000433742	30	30
0.12204	0.00000000435471	30	30
0.12101	0.00000000433458	30	30
0.12108	0.00000000430656	30	30
0.12083	0.00000000431927	30	30
0.12146	0.00000000431902	30	30
0.12099	0.00000000430403	30	30
0.12089	0.00000000433493	30	30
0.12085	0.00000000431174	30	30
0.12148	0.00000000433330	30	30
0.12113	0.00000000432273	30	30
0.12124	0.00000000451239	30	30
0.12098	0.00000000431704	30	30
0.12100	0.00000000429299	30	30
0.14186	0.00000000745281	30	30
0.12096	0.00000000430809	30	30
0.12094	0.00000000433998	30	30
0.12185	0.00000000430335	30	30
0.12056	0.00000000429450	30	30
0.12065	0.00000000432658	30	30
0.12144	0.00000000451776	30	30
0.12063	0.00000000432282	30	30
0.12075	0.00000000425004	30	30
0.12117	0.00000000441956	30	30
0.12113	0.00000000431425	30	30
0.12098	0.00000000433040	30	30
0.12123	0.00000000431417	30	30
0.12070	0.00000000430897	30	30
0.14145	0.00000000746149	30	30
0.12118	0.00000000434589	30	30
0.12111	0.00000000433237	30	30
0.12139	0.00000000429845	30	30
0.12046	0.00000000431444	30	30
0.12143	0.00000000435405	30	30
0.12120	0.00000000434954	30	30
0.12191	0.00000000439116	30	30
0.12103	0.00000000444942	30	30
0.12147	0.00000000430997	30	30
0.12190	0.00000000446329	30	30
0.12174	0.00000000438327	30	30
0.12188	0.00000000436686	30	30
0.12156	0.00000000436179	30	30
0.13985	0.00000000766649	30	30
0.12102	0.00000000433344	30	30
0.12173	0.00000000438869	30	30
0.12206	0.00000000434398	30	30
0.12073	0.00000000432869	30	30
0.12104	0.00000000432917	30	30
0.12128	0.00000000432527	30	30
0.12113	0.00000000431752	30	30
0.12055	0.00000000435007	30	30
0.12110	0.00000000431207	30	30
0.12132	0.00000000429833	30	30
0.12061	0.00000000430561	30	30
0.12150	0.00000000453211	30	30
0.12068	0.00000000428788	30	30
0.12040	0.00000000439992	30	30
0.12102	0.00000000434317	30	30
0.12113	0.00000000433048	30	30
0.12136	0.00000000430784	30	30
0.12100	0.00000000430529	30	30
0.12111	0.00000000430131	30	30
0.12088	0.00000000433739	30	30
0.12072	0.00000000432141	30	30
0.12092	0.00000000433454	30	30
0.12091	0.00000000441845	30	30
0.12107	0.00000000431697	30	30
0.12144	0.00000000444514	30	30
0.12063	0.00000000431025	30	30
0.12091	0.00000000431852	30	30
0.12123	0.00000000453973	30	30
0.12089	0.00000000443112	30	30
0.12113	0.00000000443997	30	30
0.12085	0.00000000432844	30	30
0.12131	0.00000000430732	30	30
0.12094	0.00000000432546	30	30
0.12106	0.00000000431582	30	30
0.12114	0.00000000431757	30	30
0.12050	0.00000000432685	30	30
0.12113	0.00000000432290	30	30
0.12090	0.00000000432379	30	30
0.12142	0.00000000439924	30	30
0.12088	0.00000000441665	30	30
0.12066	0.00000000431302	30	30
0.12049	0.00000000431512	30	30
0.12384	0.00000000498672	30	30
0.12108	0.00000000432697	30	30
0.12086	0.00000000432856	30	30
0.12098	0.00000000432618	30	30
0.12132	0.00000000431973	30	30
0.12151	0.00000000446584	30	30
0.12136	0.00000000442904	30	30
0.12084	0.00000000434486	30	30
0.12080	0.00000000431958	30	30
0.12097	0.00000000432238	30	30
0.12089	0.00000000432476	30	30
0.12114	0.00000000432984	30	30
0.12139	0.00000000434091	30	30
0.12072	0.00000000428619	30	30
0.14190	0.00000000784733	30	30
0.12091	0.00000000432031	30	30
0.12105	0.00000000434170	30	30
0.12125	0.00000000432509	30	30
0.12112	0.00000000440938	30	30
0.12054	0.00000000432389	30	30
0.12145	0.00000000444435	30	30
0.12066	0.00000000431828	30	30
0.12078	0.00000000433694	30	30
0.12114	0.00000000431475	30	30
0.12103	0.00000000431013	30	30
0.12100	0.00000000433557	30	30
0.12133	0.00000000432849	30	30
0.12060	0.00000000429380	30	30
0.14181	0.00000000782166	30	30
0.12110	0.00000000433984	30	30
0.12110	0.00000000433987	30	30
0.12118	0.00000000431937	30	30
0.12079	0.00000000430956	30	30
0.12089	0.00000000433792	30	30
0.12104	0.00000000443703	30	30
0.12144	0.00000000444862	30	30
0.12060	0.00000000432187	30	30
0.12113	0.00000000430911	30	30
0.12104	0.00000000431273	30	30
0.12114	0.00000000431270	30	30
0.12095	0.00000000432958	30	30
0.12060	0.00000000430371	30	30
0.14175	0.00000000759333	30	30
0.12097	0.00000000435194	30	30
0.12126	0.00000000435490	30	30
0.12128	0.00000000430383	30	30
0.12114	0.00000000452020	30	30
0.12058	0.00000000433013	30	30
0.12155	0.00000000437125	30	30
0.12078	0.00000000433700	30	30
0.12103	0.00000000434534	30	30
0.12088	0.00000000430751	30	30
0.12148	0.00000000430618	30	30
0.12077	0.00000000432690	30	30
0.12082	0.00000000433314	30	30
0.12102	0.00000000428942	30	30
0.12118	0.00000000449019	30	30
0.12099	0.00000000434300	30	30
0.12110	0.00000000433528	30	30
0.12098	0.00000000433015	30	30
0.12135	0.00000000431517	30	30
0.12088	0.00000000432713	30	30
0.12124	0.00000000430712	30	30
0.12072	0.00000000433545	30	30
0.12074	0.00000000453486	30	30
0.12106	0.00000000433381	30	30
0.12083	0.00000000432330	30	30
0.12134	0.00000000430530	30	30
0.12108	0.00000000431305	30	30
0.12082	0.00000000432153	30	30
0.12080	0.00000000432762	30	30
0.12062	0.00000000473389	30	30
0.12081	0.00000000449211	30	30
0.12081	0.00000000430785	30	30
0.12118	0.00000000433262	30	30
0.12129	0.00000000432638	30	30
0.12087	0.00000000428946	30	30
0.12116	0.00000000431933	30	30
0.12106	0.00000000432910	30	30
0.12091	0.00000000450754	30	30
0.12050	0.00000000435676	30	30
0.12112	0.00000000432314	30	30
0.12116	0.00000000430013	30	30
0.12110	0.00000000430527	30	30
0.12107	0.00000000433097	30	30
0.12068	0.00000000430025	30	30
0.12106	0.00000000434414	30	30
0.12099	0.00000000434220	30	30
0.12121	0.00000000442445	30	30
0.12074	0.00000000430944	30	30
0.12135	0.00000000431398	30	30
0.12094	0.00000000432213	30	30
0.12097	0.00000000435150	30	30
0.12077	0.00000000432911	30	30
0.12097	0.00000000432096	30	30
0.12112	0.00000000432568	30	30
0.12086	0.00000000432801	30	30
0.12120	0.00000000443054	30	30
0.12073	0.00000000441432	30	30
0.14145	0.00000000747544	30	30
0.12089	0.00000000434919	30	30
0.12111	0.00000000434151	30	30
0.12187	0.00000000433352	30	30
0.12090	0.00000000432102	30	30
0.12100	0.00000000435602	30	30
0.12135	0.00000000434087	30	30
0.12078	0.00000000434075	30	30
0.12087	0.00000000434443	30	30
0.12107	0.00000000432612	30	30
0.12137	0.00000000431677	30	30
0.12051	0.00000000442830	30	30
0.12146	0.00000000444674	30	30
0.12058	0.00000000430091	30	30
0.14218	0.00000000752555	30	30
0.12100	0.00000000434248	30	30
0.12117	0.00000000447504	30	30
0.12134	0.00000000430083	30	30
0.12072	0.00000000432442	30	30
0.12097	0.00000000433481	30	30
0.12116	0.00000000436140	30	30
0.12081	0.00000000434838	30	30
0.12100	0.00000000434547	30	30
0.12105	0.00000000432391	30	30
0.12089	0.00000000433240	30	30
0.12136	0.00000000434720	30	30
0.12072	0.00000000430438	30	30
0.12082	0.00000000431054	30	30
0.12132	0.00000000468736	30	30
0.14062	0.00000000742757	30	30
0.12087	0.00000000432788	30	30
0.12097	0.00000000443862	30	30
0.12136	0.00000000431400	30	30
0.12079	0.00000000432138	30	30
0.12108	0.00000000431672	30	30
0.12110	0.00000000433116	30	30
0.12051	0.00000000433035	30	30
0.12113	0.00000000435997	30	30
0.12103	0.00000000432147	30	30
0.12129	0.00000000442100	30	30
0.12103	0.00000000442846	30	30
0.12064	0.00000000432170	30	30
0.12098	0.00000000432188	30	30
0.12141	0.00000000461973	30	30
0.12111	0.00000000433796	30	30
0.12110	0.00000000434140	30	30
0.12110	0.00000000433081	30	30
0.12071	0.00000000431599	30	30
0.12142	0.00000000433658	30	30
0.12054	0.00000000432367	30	30
0.12136	0.00000000434741	30	30
0.12069	0.00000000433567	30	30
0.12094	0.00000000432472	30	30
0.12093	0.00000000435030	30	30
0.12133	0.00000000441203	30	30
0.12107	0.00000000444344	30	30
0.12060	0.00000000431171	30	30
0.12125	0.00000000435587	30	30
0.12133	0.00000000436309	30	30
0.12137	0.00000000433768	30	30
0.12069	0.00000000451423	30	30
0.12123	0.00000000436049	30	30
0.12103	0.00000000430670	30	30
0.12102	0.00000000434272	30	30
0.12063	0.00000000434023	30	30
0.12103	0.00000000432511	30	30
0.12108	0.00000000433977	30	30
0.12082	0.00000000432226	30	30
0.12144	0.00000000433995	30	30
0.12060	0.00000000430380	30	30
0.14214	0.00000000754266	30	30
0.12103	0.00000000433968	30	30
0.12088	0.00000000454089	30	30
0.12136	0.00000000434782	30	30
0.12068	0.00000000432068	30	30
0.12125	0.00000000437039	30	30
0.12190	0.00000000438294	30	30
0.12085	0.00000000436444	30	30
0.12091	0.00000000432818	30	30
0.12099	0.00000000433352	30	30
0.12104	0.00000000434769	30	30
0.12102	0.00000000434812	30	30
0.12145	0.00000000432265	30	30
0.12050	0.00000000431576	30	30
0.14199	0.00000000752342	30	30
0.12096	0.00000000436224	30	30
0.12127	0.00000000435271	30	30
0.12128	0.00000000432978	30	30
0.12062	0.00000000442810	30	30
0.12099	0.00000000424989	30	30
0.12162	0.00000000455090	30	30
0.12067	0.00000000433520	30	30
0.12073	0.00000000437708	30	30
0.12102	0.00000000431461	30	30
0.12140	0.00000000432405	30	30
0.12076	0.00000000432400	30	30
0.12121	0.00000000434859	30	30
0.12068	0.00000000429984	30	30
0.12096	0.00000000433134	30	30
0.12075	0.00000000434269	30	30
0.12151	0.00000000433921	30	30
0.12093	0.00000000442478	30	30
0.12084	0.00000000433718	30	30
0.12115	0.00000000447102	30	30
0.12068	0.00000000434644	30	30
0.12107	0.00000000435254	30	30
0.12084	0.00000000434402	30	30
0.12138	0.00000000433841	30	30
0.12114	0.00000000432879	30	30
0.12079	0.00000000433039	30	30
0.12076	0.00000000431790	30	30
0.13826	0.00000000743763	30	30
0.12088	0.00000000426351	30	30
0.12104	0.00000000444198	30	30
0.12145	0.00000000431169	30	30
0.12070	0.00000000433615	30	30
0.12130	0.00000000432685	30	30
0.12094	0.00000000433700	30	30
0.12063	0.00000000434114	30	30
0.12100	0.00000000433910	30	30
0.12094	0.00000000433989	30	30
0.12158	0.00000000451068	30	30
0.12098	0.00000000432789	30	30
0.12061	0.00000000431674	30	30
0.12086	0.00000000432414	30	30
0.12012	0.00000000465875	30	30
0.12104	0.00000000432067	30	30
0.12104	0.00000000434781	30	30
0.12131	0.00000000433432	30	30
0.12059	0.00000000430445	30	30
0.12138	0.00000000432552	30	30
0.12058	0.00000000433280	30	30
0.12145	0.00000000435593	30	30
0.12060	0.00000000444723	30	30
0.12105	0.00000000433741	30	30
0.12084	0.00000000444286	30	30
0.12134	0.00000000421626	30	30
0.12103	0.00000000443436	30	30
0.12044	0.00000000428314	30	30
0.12097	0.00000000434417	30	30
0.12111	0.00000000436450	30	30
0.12117	0.00000000444637	30	30
0.12083	0.00000000431503	30	30
0.12126	0.00000000434994	30	30
0.12105	0.00000000434610	30	30
0.12101	0.00000000432751	30	30
0.12060	0.00000000434216	30	30
0.12110	0.00000000434231	30	30
0.12099	0.00000000433316	30	30
0.12094	0.00000000434596	30	30
0.12143	0.00000000446397	30	30
0.12060	0.00000000441321	30	30
0.14220	0.00000000755933	30	30
0.12099	0.00000000444381	30	30
0.12099	0.00000000434183	30	30
0.12159	0.00000000434612	30	30
0.12066	0.00000000431496	30	30
0.12094	0.00000000435487	30	30
0.12118	0.00000000436908	30	30
0.12095	0.00000000435571	30	30
0.12082	0.00000000434206	30	30
0.12107	0.00000000432217	30	30
0.12095	0.00000000434582	30	30
0.12098	0.00000000435233	30	30
0.12134	0.00000000433435	30	30
0.12058	0.00000000431604	30	30
0.14148	0.00000000750236	30	30
0.12100	0.00000000437548	30	30
0.12095	0.00000000446297	30	30
0.12141	0.00000000432057	30	30
0.12039	0.00000000442995	30	30
0.12125	0.00000000428675	30	30
0.12127	0.00000000444052	30	30
0.12066	0.00000000433219	30	30
0.12111	0.00000000434744	30	30
0.12086	0.00000000432999	30	30
0.12104	0.00000000433466	30	30
0.12116	0.00000000434165	30	30
0.12072	0.00000000432224	30	30
0.12119	0.00000000432163	30	30
0.14128	0.00000000745727	30	30
0.12084	0.00000000424653	30	30
0.12105	0.00000000447545	30	30
0.12141	0.00000000442844	30	30
0.12107	0.00000000430773	30	30
0.12070	0.00000000431379	30	30
0.12129	0.00000000435365	30	30
0.12096	0.00000000432940	30	30
0.12075	0.00000000433365	30	30
0.12076	0.00000000433231	30	30
0.12142	0.00000000434050	30	30
0.12108	0.00000000444250	30	30
0.12050	0.00000000443292	30	30
0.12104	0.00000000433743	30	30
0.12079	0.00000000434804	30	30
0.12115	0.00000000435580	30	30
0.12101	0.00000000445405	30	30
0.12131	0.00000000441701	30	30
0.12099	0.00000000433389	30	30
0.12104	0.00000000432825	30	30
0.12104	0.00000000434119	30	30
0.12037	0.00000000434209	30	30
0.12117	0.00000000434591	30	30
0.12096	0.00000000432482	30	30
0.12101	0.00000000433490	30	30
0.12130	0.00000000434529	30	30
0.12059	0.00000000451453	30	30
0.12078	0.00000000424292	30	30
0.12100	0.00000000432197	30	30
0.12089	0.00000000435301	30	30
0.12117	0.00000000437146	30	30
0.12095	0.00000000429913	30	30
0.12118	0.00000000435515	30	30
0.12070	0.00000000433313	30	30
0.12129	0.00000000448134	30	30
0.12073	0.00000000443560	30	30
0.12105	0.00000000433542	30	30
0.12090	0.00000000435086	30	30
0.12100	0.00000000434411	30	30
0.12133	0.00000000436038	30	30
0.12057	0.00000000432837	30	30
0.14179	0.00000000771888	30	30
0.12175	0.00000000441992	30	30
0.12222	0.00000000442578	30	30
0.12236	0.00000000439580	30	30
0.12197	0.00000000439969	30	30
0.12268	0.00000000443255	30	30
0.12146	0.00000000440235	30	30
0.12274	0.00000000453914	30	30
0.12050	0.00000000434955	30	30
0.12122	0.00000000433621	30	30
0.12118	0.00000000442391	30	30
0.12146	0.00000000437130	30	30
0.12207	0.00000000440998	30	30
0.12084	0.00000000433074	30	30
0.14239	0.00000000755213	30	30
0.12093	0.00000000434197	30	30
0.12098	0.00000000434506	30	30
0.12133	0.00000000434385	30	30
0.12069	0.00000000433250	30	30
0.12091	0.00000000434390	30	30
0.12146	0.00000000435972	30	30
0.12113	0.00000000435193	30	30
0.12052	0.00000000432067	30	30
0.12133	0.00000000444257	30	30
0.12070	0.00000000432234	30	30
0.12116	0.00000000444787	30	30
0.12142	0.00000000433354	30	30
0.12030	0.00000000430385	30	30
0.14157	0.00000000747516	30	30
0.12114	0.00000000438009	30	30
0.12098	0.00000000435665	30	30
0.12132	0.00000000432038	30	30
0.12045	0.00000000434180	30	30
0.12123	0.00000000436328	30	30
0.12132	0.00000000436183	30	30
0.12091	0.00000000435320	30	30
0.12068	0.00000000436770	30	30
0.12101	0.00000000433802	30	30
0.12146	0.00000000443391	30	30
0.12081	0.00000000434368	30	30
0.12096	0.00000000442650	30	30
0.12077	0.00000000430733	30	30
0.14160	0.00000000749722	30	30
0.12105	0.00000000434509	30	30
0.12077	0.00000000436210	30	30
0.12142	0.00000000431574	30	30
0.12104	0.00000000432780	30	30
0.12061	0.00000000432734	30	30
0.12139	0.00000000439832	30	30
0.12067	0.00000000444703	30	30
0.12104	0.00000000435215	30	30
0.12073	0.00000000444470	30	30
0.12149	0.00000000432808	30	30
0.12101	0.00000000432641	30	30
0.12048	0.00000000431940	30	30
0.12107	0.00000000433658	30	30
0.12002	0.00000000453156	30	30
0.12089	0.00000000434435	30	30
0.12110	0.00000000444338	30	30
0.12097	0.00000000434260	30	30
0.12172	0.00000000443254	30	30
0.12060	0.00000000431368	30	30
0.12110	0.00000000433396	30	30
0.12102	0.00000000434972	30	30
0.12042	0.00000000431690	30	30
0.12120	0.00000000434977	30	30
0.12099	0.00000000433568	30	30
0.12102	0.00000000432365	30	30
0.12117	0.00000000444467	30	30
0.12083	0.00000000442436	30	30
0.12087	0.00000000432690	30	30
0.12272	0.00000000485914	30	30
0.12096	0.00000000433327	30	30
0.12129	0.00000000444872	30	30
0.12083	0.00000000436942	30	30
0.12117	0.00000000443842	30	30
0.12132	0.00000000436050	30	30
0.12070	0.00000000433007	30	30
0.12135	0.00000000437413	30	30
0.12059	0.00000000435447	30	30
0.12095	0.00000000433037	30	30
0.12107	0.00000000436650	30	30
0.12099	0.00000000433771	30	30
0.12123	0.00000000435499	30	30
0.12063	0.00000000433118	30	30
0.12091	0.00000000435244	30	30
0.12115	0.00000000435665	30	30
0.12141	0.00000000433806	30	30
0.12055	0.00000000431604	30	30
0.12093	0.00000000435959	30	30
0.12138	0.00000000436247	30	30
0.12095	0.00000000454941	30	30
0.12061	0.00000000424912	30	30
0.12113	0.00000000433584	30	30
0.12121	0.00000000445716	30	30
0.12073	0.00000000432473	30	30
0.12117	0.00000000435438	30	30
0.12087	0.00000000432920	30	30
0.14201	0.00000000755367	30	30
0.12092	0.00000000435382	30	30
0.12092	0.00000000435532	30	30
0.12146	0.00000000434720	30	30
0.12063	0.00000000433108	30	30
0.12096	0.00000000434190	30	30
0.12114	0.00000000436880	30	30
0.12082	0.00000000438425	30	30
0.12101	0.00000000446163	30	30
0.12106	0.00000000444206	30	30
0.12128	0.00000000433686	30	30
0.12070	0.00000000435367	30	30
0.12123	0.00000000433782	30	30
0.12069	0.00000000432782	30	30
0.14136	0.00000000754376	30	30
0.12094	0.00000000436244	30	30
0.12108	0.00000000436256	30	30
0.12128	0.00000000431310	30	30
0.12064	0.00000000434824	30	30
0.12107	0.00000000435426	30	30
0.12139	0.00000000437610	30	30
0.12065	0.00000000434627	30	30
0.12093	0.00000000436555	30	30
0.12095	0.00000000434956	30	30
0.12099	0.00000000443475	30	30
0.12091	0.00000000445914	30	30
0.12113	0.00000000435956	30	30
0.12099	0.00000000431179	30	30
0.14206	0.00000000748925	30	30
0.12091	0.00000000436451	30	30
0.12096	0.00000000436097	30	30
0.12144	0.00000000433020	30	30
0.12095	0.00000000431706	30	30
0.12105	0.00000000434008	30	30
0.12118	0.00000000437239	30	30
0.12056	0.00000000433423	30	30
0.12110	0.00000000435563	30	30
0.12068	0.00000000432857	30	30
0.12117	0.00000000454649	30	30
0.12137	0.00000000435730	30	30
0.12064	0.00000000434307	30	30
0.12093	0.00000000433811	30	30
0.12107	0.00000000457200	30	30
0.12083	0.00000000426858	30	30
0.12107	0.00000000436391	30	30
0.12094	0.00000000444975	30	30
0.12158	0.00000000433736	30	30
0.12108	0.00000000434980	30	30
0.12087	0.00000000433642	30	30
0.12100	0.00000000435777	30	30
0.12058	0.00000000435414	30	30
0.12119	0.00000000435453	30	30
0.12095	0.00000000433984	30	30
0.12142	0.00000000442799	30	30
0.12079	0.00000000444481	30	30
0.12071	0.00000000432587	30	30
0.12045	0.00000000435007	30	30
0.12116	0.00000000433975	30	30
0.12083	0.00000000436134	30	30
0.12129	0.00000000445661	30	30
0.12076	0.00000000431924	30	30
0.12134	0.00000000445385	30	30
0.12066	0.00000000434461	30	30
0.12129	0.00000000438087	30	30
0.12080	0.00000000435319	30	30
0.12099	0.00000000434724	30	30
0.12084	0.00000000434002	30	30
0.12104	0.00000000434127	30	30
0.12135	0.00000000435737	30	30
0.12054	0.00000000431327	30	30
0.14196	0.00000000757165	30	30
0.12087	0.00000000436775	30	30
0.12107	0.00000000435269	30	30
0.12133	0.00000000443628	30	30
0.12062	0.00000000443218	30	30
0.12101	0.00000000436142	30	30
0.12135	0.00000000436149	30	30
0.12075	0.00000000435957	30	30
0.12084	0.00000000432863	30	30
0.12112	0.00000000434320	30	30
0.12104	0.00000000435596	30	30
0.12095	0.00000000433758	30	30
0.12141	0.00000000434276	30	30
0.12062	0.00000000433001	30	30
0.14147	0.00000000750149	30	30
0.12103	0.00000000436038	30	30
0.12093	0.00000000436766	30	30
0.12128	0.00000000436455	30	30
0.12064	0.00000000454367	30	30
0.12104	0.00000000435295	30	30
0.12135	0.00000000437139	30	30
0.12073	0.00000000434514	30	30
0.12090	0.00000000435576	30	30
0.12100	0.00000000434054	30	30
0.12113	0.00000000433577	30	30
0.12120	0.00000000435161	30	30
0.12102	0.00000000433658	30	30
0.12052	0.00000000431749	30	30
0.14153	0.00000000750845	30	30
0.12095	0.00000000435889	30	30
0.12109	0.00000000436944	30	30
0.12131	0.00000000431753	30	30
0.12096	0.00000000455788	30	30
0.12076	0.00000000434144	30	30
0.12134	0.00000000436115	30	30
0.12051	0.00000000435790	30	30
0.12101	0.00000000436060	30	30
0.12100	0.00000000436147	30	30
0.12148	0.00000000430910	30	30
0.12078	0.00000000436866	30	30
0.12078	0.00000000434137	30	30
0.12081	0.00000000432253	30	30
0.12108	0.00000000445804	30	30
0.12102	0.00000000435232	30	30
0.12102	0.00000000435657	30	30
0.12118	0.00000000434301	30	30
0.12126	0.00000000436573	30	30
0.12110	0.00000000432243	30	30
0.12076	0.00000000437183	30	30
0.12087	0.00000000435046	30	30
0.12087	0.00000000434613	30	30
0.12102	0.00000000434839	30	30
0.12135	0.00000000444080	30	30
0.12097	0.00000000443619	30	30
0.12093	0.00000000433566	30	30
0.12068	0.00000000436637	30	30
0.12273	0.00000000480044	30	30
0.12137	0.00000000451910	30	30
0.12058	0.00000000433102	30	30
0.12119	0.00000000436484	30	30
0.12104	0.00000000435868	30	30
0.12107	0.00000000432806	30	30
0.12119	0.00000000436531	30	30
0.12094	0.00000000433346	30	30
0.12105	0.00000000455785	30	30
0.12051	0.00000000435384	30	30
0.12098	0.00000000433799	30	30
0.12121	0.00000000435804	30	30
0.12097	0.00000000434263	30	30
0.12116	0.00000000436332	30	30
0.12077	0.00000000432270	30	30
0.12109	0.00000000454992	30	30
0.12104	0.00000000426889	30	30
0.12137	0.00000000445492	30	30
0.12052	0.00000000432641	30	30
0.12106	0.00000000435077	30	30
0.12105	0.00000000436098	30	30
0.12110	0.00000000437192	30	30
0.12078	0.00000000435480	30	30
0.12105	0.00000000435247	30	30
0.12114	0.00000000435287	30	30
0.12075	0.00000000434800	30	30
0.12142	0.00000000436622	30	30
0.12071	0.00000000451203	30	30
0.14173	0.00000000751221	30	30
0.12080	0.00000000438262	30	30
0.12105	0.00000000436887	30	30
0.12130	0.00000000433646	30	30
0.12077	0.00000000434410	30	30
0.12087	0.00000000434526	30	30
0.12132	0.00000000437369	30	30
0.12079	0.00000000436557	30	30
0.12080	0.00000000435879	30	30
0.12102	0.00000000434646	30	30
0.12122	0.00000000435569	30	30
0.12075	0.00000000436229	30	30
0.12144	0.00000000436769	30	30
0.12060	0.00000000432918	30	30
0.14207	0.00000000754608	30	30
0.12102	0.00000000434772	30	30
0.12097	0.00000000457780	30	30
0.12122	0.00000000434812	30	30
0.12101	0.00000000434104	30	30
0.12080	0.00000000435872	30	30
0.12115	0.00000000437865	30	30
0.12091	0.00000000435559	30	30
0.12088	0.00000000435683	30	30
0.12102	0.00000000434192	30	30
0.12102	0.00000000433510	30	30
0.12123	0.00000000435954	30	30
0.12076	0.00000000434362	30	30
0.12078	0.00000000433531	30	30
0.12009	0.00000000469833	30	30
0.12088	0.00000000437193	30	30
0.12106	0.00000000436891	30	30
0.12135	0.00000000432895	30	30
0.12110	0.00000000455916	30	30
0.12104	0.00000000434798	30	30
0.12107	0.00000000435494	30	30
0.12054	0.00000000435636	30	30
0.12113	0.00000000437986	30	30
0.12095	0.00000000433974	30	30
0.12135	0.00000000432724	30	30
0.12091	0.00000000435953	30	30
0.12078	0.00000000436704	30	30
0.12086	0.00000000433197	30	30
0.12222	0.00000000486200	30	30
0.12102	0.00000000436334	30	30
0.12110	0.00000000434713	30	30
0.12070	0.00000000436748	30	30
0.12116	0.00000000435232	30	30
0.12125	0.00000000435313	30	30
0.12098	0.00000000456270	30	30
0.12100	0.00000000437559	30	30
0.12075	0.00000000436399	30	30
0.12101	0.00000000434891	30	30
0.12078	0.00000000438452	30	30
0.12154	0.00000000434309	30	30
0.12098	0.00000000434251	30	30
0.12058	0.00000000433770	30	30
0.12031	0.00000000437842	30	30
0.12103	0.00000000436530	30	30
0.12091	0.00000000437389	30	30
0.12123	0.00000000437305	30	30
0.12078	0.00000000433456	30	30
0.12122	0.00000000437391	30	30
0.12109	0.00000000435592	30	30
0.12094	0.00000000436831	30	30
0.12072	0.00000000433827	30	30
0.12098	0.00000000445568	30	30
0.12108	0.00000000445722	30	30
0.12095	0.00000000434938	30	30
0.12124	0.00000000438394	30	30
0.12073	0.00000000431003	30	30
0.14188	0.00000000752080	30	30
0.12103	0.00000000436587	30	30
0.12104	0.00000000434879	30	30
0.12122	0.00000000435617	30	30
0.12068	0.00000000435278	30	30
0.12105	0.00000000435771	30	30
0.12098	0.00000000436936	30	30
0.12101	0.00000000440543	30	30
0.12117	0.00000000443795	30	30
0.12096	0.00000000434464	30	30
0.12068	0.00000000447266	30	30
0.12108	0.00000000438154	30	30
0.12133	0.00000000434844	30	30
0.12058	0.00000000431334	30	30
0.14190	0.00000000752616	30	30
0.12078	0.00000000435898	30	30
0.12110	0.00000000439042	30	30
0.12139	0.00000000435290	30	30
0.12053	0.00000000436164	30	30
0.12092	0.00000000439552	30	30
0.12147	0.00000000437417	30	30
0.12062	0.00000000437634	30	30
0.12086	0.00000000438257	30	30
0.12109	0.00000000435285	30	30
0.12108	0.00000000434185	30	30
0.12140	0.00000000445989	30	30
0.12081	0.00000000445598	30	30
0.12076	0.00000000432778	30	30
0.14185	0.00000000752641	30	30
0.12096	0.00000000437702	30	30
0.12107	0.00000000438437	30	30
0.12118	0.00000000435425	30	30
0.12106	0.00000000435976	30	30
0.12084	0.00000000436946	30	30
0.12135	0.00000000440710	30	30
0.12064	0.00000000436002	30	30
0.12104	0.00000000437142	30	30
0.12094	0.00000000433400	30	30
0.12136	0.00000000436100	30	30
0.12102	0.00000000455562	30	30
0.12065	0.00000000434911	30	30
0.12095	0.00000000435060	30	30
0.12093	0.00000000434619	30	30
0.12122	0.00000000438468	30	30
0.12114	0.00000000437019	30	30
0.12124	0.00000000433546	30	30
0.12076	0.00000000436282	30	30
0.12253	0.00000000462543	30	30
0.12152	0.00000000438941	30	30
0.12123	0.00000000441067	30	30
0.12200	0.00000000446635	30	30
0.12204	0.00000000441253	30	30
0.12179	0.00000000440116	30	30
0.12244	0.00000000441433	30	30
0.12216	0.00000000442966	30	30
0.12157	0.00000000441631	30	30
0.12123	0.00000000435726	30	30
0.12058	0.00000000436436	30	30
0.12143	0.00000000436438	30	30
0.12071	0.00000000433375	30	30
0.12118	0.00000000435662	30	30
0.12122	0.00000000436247	30	30
0.12101	0.00000000457175	30	30
0.12075	0.00000000434944	30	30
0.12089	0.00000000436750	30	30
0.12115	0.00000000435849	30	30
0.12092	0.00000000434897	30	30
0.12096	0.00000000437714	30	30
0.12111	0.00000000435254	30	30
0.14076	0.00000000753090	30	30
0.12098	0.00000000436393	30	30
0.12095	0.00000000436573	30	30
0.12099	0.00000000434849	30	30
0.12101	0.00000000437157	30	30
0.12103	0.00000000435601	30	30
0.12147	0.00000000436470	30	30
0.12052	0.00000000438332	30	30
0.12099	0.00000000435220	30	30
0.12097	0.00000000445677	30	30
0.12100	0.00000000436708	30	30
0.12091	0.00000000447080	30	30
0.12155	0.00000000434991	30	30
0.12083	0.00000000434347	30	30
0.14149	0.00000000752401	30	30
0.12096	0.00000000435738	30	30
0.12113	0.00000000439487	30	30
0.12137	0.00000000433578	30	30
0.12071	0.00000000434854	30	30
0.12076	0.00000000437682	30	30
0.12165	0.00000000437764	30	30
0.12055	0.00000000436292	30	30
0.12083	0.00000000437028	30	30
0.12106	0.00000000436653	30	30
0.12108	0.00000000435472	30	30
0.12131	0.00000000456952	30	30
0.12093	0.00000000436736	30	30
0.12071	0.00000000432173	30	30
0.14203	0.00000000754799	30	30
0.12086	0.00000000436475	30	30
0.12114	0.00000000438224	30	30
0.12114	0.00000000434408	30	30
0.12113	0.00000000436384	30	30
0.12078	0.00000000435801	30	30
0.12114	0.00000000439542	30	30
0.12090	0.00000000437867	30	30
0.12100	0.00000000437172	30	30
0.12110	0.00000000434806	30	30
0.12110	0.00000000434604	30	30
0.12101	0.00000000446802	30	30
0.12061	0.00000000446019	30	30
0.12103	0.00000000435685	30	30
0.12118	0.00000000455371	30	30
0.12112	0.00000000436360	30	30
0.12094	0.00000000436950	30	30
0.12101	0.00000000439058	30	30
0.12132	0.00000000434823	30	30
0.12109	0.00000000435133	30	30
0.12070	0.00000000434232	30	30
0.12115	0.00000000449516	30	30
0.12076	0.00000000445163	30	30
0.12081	0.00000000439271	30	30
0.12114	0.00000000436992	30	30
0.12137	0.00000000434330	30	30
0.12113	0.00000000433368	30	30
0.12042	0.00000000436149	30	30
0.12107	0.00000000435556	30	30
0.12070	0.00000000474599	30	30
0.12084	0.00000000455348	30	30
0.12112	0.00000000435709	30	30
0.12106	0.00000000436845	30	30
0.12139	0.00000000436980	30	30
0.12050	0.00000000432861	30	30
0.12152	0.00000000437440	30	30
0.12088	0.00000000446920	30	30
0.12071	0.00000000447170	30	30
0.12104	0.00000000438771	30	30
0.12093	0.00000000433412	30	30
0.12119	0.00000000436915	30	30
0.12104	0.00000000435134	30	30
0.12101	0.00000000436617	30	30
0.12076	0.00000000433636	30	30
0.12103	0.00000000436842	30	30
0.12080	0.00000000439264	30	30
0.12162	0.00000000438072	30	30
0.12060	0.00000000432656	30	30
0.12126	0.00000000436816	30	30
0.12098	0.00000000438810	30	30
0.12104	0.00000000435407	30	30
0.12070	0.00000000435996	30	30
0.12086	0.00000000438778	30	30
0.12143	0.00000000456368	30	30
0.12084	0.00000000433437	30	30
0.12103	0.00000000437093	30	30
0.12083	0.00000000432954	30	30
0.14185	0.00000000790812	30	30
0.12110	0.00000000438515	30	30
0.12103	0.00000000437382	30	30
0.12107	0.00000000436208	30	30
0.12094	0.00000000438362	30	30
0.12103	0.00000000436056	30	30
0.12131	0.00000000438808	30	30
0.12072	0.00000000438122	30	30
0.12096	0.00000000457870	30	30
0.12109	0.00000000435259	30	30
0.12100	0.00000000436488	30	30
0.12115	0.00000000437097	30	30
0.12105	0.00000000435129	30	30
0.12076	0.00000000433306	30	30
0.14178	0.00000000790096	30	30
0.12095	0.00000000437488	30	30
0.12108	0.00000000440111	30	30
0.12121	0.00000000432967	30	30
0.12088	0.00000000437455	30	30
0.12096	0.00000000438719	30	30
0.12139	0.00000000439530	30	30
0.12078	0.00000000447250	30	30
0.12094	0.00000000446939	30	30
0.12109	0.00000000436625	30	30
0.12128	0.00000000434420	30	30
0.12109	0.00000000436625	30	30
0.12047	0.00000000437418	30	30
0.12113	0.00000000435569	30	30
0.14050	0.00000000754458	30	30
0.12097	0.00000000437008	30	30
0.12098	0.00000000437758	30	30
0.12107	0.00000000435736	30	30
0.12127	0.00000000437163	30	30
0.12107	0.00000000435053	30	30
0.12105	0.00000000435766	30	30
0.12072	0.00000000436677	30	30
0.12088	0.00000000457199	30	30
0.12097	0.00000000436541	30	30
0.12100	0.00000000434586	30	30
0.12137	0.00000000437083	30	30
0.12062	0.00000000436685	30	30
0.12070	0.00000000436396	30	30
0.12138	0.00000000468742	30	30
0.11486	0.00000000570601	30	30
0.12114	0.00000000438422	30	30
0.12086	0.00000000437407	30	30
0.12146	0.00000000437673	30	30
0.12061	0.00000000434795	30	30
0.12138	0.00000000436098	30	30
0.12090	0.00000000437068	30	30
0.12112	0.00000000436866	30	30
0.12063	0.00000000436971	30	30
0.12083	0.00000000437236	30	30
0.12112	0.00000000437210	30	30
0.12128	0.00000000455917	30	30
0.12073	0.00000000436329	30	30
0.12089	0.00000000436833	30	30
0.12112	0.00000000438142	30	30
0.12095	0.00000000437763	30	30
0.12136	0.00000000436426	30	30
0.12044	0.00000000434156	30	30
0.12163	0.00000000439461	30	30
0.12086	0.00000000445681	30	30
0.12087	0.00000000447631	30	30
0.12082	0.00000000438320	30	30
0.12100	0.00000000436104	30	30
0.12102	0.00000000436052	30	30
0.12074	0.00000000438581	30	30
0.12161	0.00000000439180	30	30
0.12061	0.00000000433474	30	30
0.14191	0.00000000774171	30	30
0.12097	0.00000000436883	30	30
0.12080	0.00000000438067	30	30
0.12158	0.00000000436489	30	30
0.12060	0.00000000436423	30	30
0.12107	0.00000000438145	30	30
0.12120	0.00000000439323	30	30
0.12068	0.00000000438341	30	30
0.12101	0.00000000457392	30	30
0.12094	0.00000000436734	30	30
0.12115	0.00000000436301	30	30
0.12082	0.00000000439119	30	30
0.12151	0.00000000436554	30	30
0.12056	0.00000000434560	30	30
0.14185	0.00000000757446	30	30
0.12112	0.00000000439009	30	30
0.12130	0.00000000437825	30	30
0.12102	0.00000000433891	30	30
0.12104	0.00000000439576	30	30
0.12097	0.00000000438679	30	30
0.12156	0.00000000440342	30	30
0.12057	0.00000000437000	30	30
0.12113	0.00000000440651	30	30
0.12093	0.00000000436796	30	30
0.12120	0.00000000435515	30	30
0.12114	0.00000000458967	30	30
0.12067	0.00000000435924	30	30
0.12101	0.00000000434323	30	30
0.14137	0.00000000755220	30	30
0.12143	0.00000000438063	30	30
0.12048	0.00000000434959	30	30
0.12123	0.00000000433799	30	30
0.12106	0.00000000436501	30	30
0.12093	0.00000000436422	30	30
0.12113	0.00000000458659	30	30
0.12063	0.00000000437832	30	30
0.12096	0.00000000437229	30	30
0.12096	0.00000000437883	30	30
0.12139	0.00000000434270	30	30
0.12111	0.00000000438215	30	30
0.12040	0.00000000436026	30	30
0.12111	0.00000000436250	30	30
0.12025	0.00000000454631	30	30
0.12084	0.00000000437515	30	30
0.12102	0.00000000438509	30	30
0.12105	0.00000000438307	30	30
0.12113	0.00000000434037	30	30
0.12117	0.00000000436995	30	30
0.12096	0.00000000435147	30	30
0.12098	0.00000000438088	30	30
0.12058	0.00000000439355	30	30
0.12116	0.00000000447702	30	30
0.12094	0.00000000437934	30	30
0.12099	0.00000000445646	30	30
0.12129	0.00000000436366	30	30
0.12078	0.00000000436797	30	30
0.12115	0.00000000436648	30	30
0.12179	0.00000000488087	30	30
0.12101	0.00000000437508	30	30
0.12093	0.00000000438511	30	30
0.12133	0.00000000438833	30	30
0.12081	0.00000000434176	30	30
0.12134	0.00000000436651	30	30
0.12084	0.00000000436196	30	30
0.12099	0.00000000438011	30	30
0.12068	0.00000000448650	30	30
0.12086	0.00000000435577	30	30
0.12122	0.00000000449373	30	30
0.12092	0.00000000437221	30	30
0.12123	0.00000000436508	30	30
0.12088	0.00000000436406	30	30
0.14110	0.00000000758496	30	30
0.12093	0.00000000437270	30	30
0.12106	0.00000000439051	30	30
0.12153	0.00000000437753	30	30
0.12032	0.00000000434699	30	30
0.12127	0.00000000437681	30	30
0.12112	0.00000000439368	30	30
0.12047	0.00000000438059	30	30
0.12123	0.00000000439100	30	30
0.12099	0.00000000437061	30	30
0.12119	0.00000000436263	30	30
0.12070	0.00000000437228	30	30
0.12128	0.00000000438638	30	30
0.12078	0.00000000454984	30	30
0.14230	0.00000000759700	30	30
0.12100	0.00000000447845	30	30
0.12084	0.00000000439983	30	30
0.12152	0.00000000436258	30	30
0.12071	0.00000000439175	30	30
0.12084	0.00000000437536	30	30
0.12154	0.00000000440457	30	30
0.12079	0.00000000438943	30	30
0.12098	0.00000000438688	30	30
0.12084	0.00000000437164	30	30
0.12136	0.00000000437289	30	30
0.12091	0.00000000437332	30	30
0.12094	0.00000000436223	30	30
0.12104	0.00000000436797	30	30
0.14173	0.00000000758960	30	30
0.12115	0.00000000438015	30	30
0.12091	0.00000000439468	30	30
0.12118	0.00000000456137	30	30
0.12107	0.00000000437302	30	30
0.12078	0.00000000437298	30	30
0.12142	0.00000000438789	30	30
0.12035	0.00000000437754	30	30
0.12115	0.00000000439731	30	30
0.12103	0.00000000436200	30	30
0.12102	0.00000000435686	30	30
0.12128	0.00000000440760	30	30
0.12099	0.00000000437109	30	30
0.12078	0.00000000432588	30	30
0.12098	0.00000000439762	30	30
0.12092	0.00000000440197	30	30
0.12161	0.00000000435505	30	30
0.12078	0.00000000435582	30	30
0.12059	0.00000000436554	30	30
0.12143	0.00000000460840	30	30
0.12074	0.00000000437484	30	30
0.12103	0.00000000438246	30	30
0.12081	0.00000000438389	30	30
0.12134	0.00000000436195	30	30
0.12108	0.00000000436415	30	30
0.12054	0.00000000438010	30	30
0.12105	0.00000000438082	30	30
0.12338	0.00000000474415	30	30
0.12077	0.00000000441029	30	30
0.12114	0.00000000438001	30	30
0.12140	0.00000000437760	30	30
0.12054	0.00000000433474	30	30
0.12143	0.00000000437901	30	30
0.12092	0.00000000437392	30	30
0.12110	0.00000000458928	30	30
0.12052	0.00000000438605	30	30
0.12100	0.00000000437088	30	30
0.12099	0.00000000438840	30	30
0.12094	0.00000000436501	30	30
0.12141	0.00000000439140	30	30
0.12058	0.00000000434825	30	30
0.12106	0.00000000438876	30	30
0.12103	0.00000000439132	30	30
0.12124	0.00000000458565	30	30
0.12066	0.00000000435585	30	30
0.12150	0.00000000437934	30	30
0.12057	0.00000000437975	30	30
0.12129	0.00000000439268	30	30
0.12075	0.00000000436491	30	30
0.12101	0.00000000437399	30	30
0.12093	0.00000000439116	30	30
0.12094	0.00000000436688	30	30
0.12142	0.00000000438662	30	30
0.12039	0.00000000434724	30	30
0.14158	0.00000000757640	30	30
0.12082	0.00000000439033	30	30
0.12094	0.00000000438416	30	30
0.12131	0.00000000458078	30	30
0.12062	0.00000000438207	30	30
0.12117	0.00000000438836	30	30
0.12117	0.00000000437906	30	30
0.12110	0.00000000441112	30	30
0.12103	0.00000000440094	30	30
0.12083	0.00000000435336	30	30
0.12140	0.00000000436495	30	30
0.12049	0.00000000436407	30	30
0.12139	0.00000000439574	30	30
0.12070	0.00000000435280	30	30
0.14183	0.00000000774986	30	30
0.12103	0.00000000438055	30	30
0.12080	0.00000000438979	30	30
0.12158	0.00000000436525	30	30
0.12054	0.00000000448084	30	30
0.12108	0.00000000449629	30	30
0.12118	0.00000000438104	30	30
0.12070	0.00000000439070	30	30
0.12106	0.00000000439018	30	30
0.12078	0.00000000437656	30	30
0.12121	0.00000000437260	30	30
0.12125	0.00000000439260	30	30
0.12065	0.00000000436370	30	30
0.12098	0.00000000437337	30	30
0.14156	0.00000000793101	30	30
0.12093	0.00000000439747	30	30
0.12112	0.00000000440758	30	30
0.12136	0.00000000435612	30	30
0.12076	0.00000000436612	30	30
0.12108	0.00000000448812	30	30
0.12108	0.00000000449000	30	30
0.12076	0.00000000441125	30	30
0.12111	0.00000000438499	30	30
0.12117	0.00000000438213	30	30
0.12138	0.00000000436657	30	30
0.12086	0.00000000438376	30	30
0.12180	0.00000000443171	30	30
0.12145	0.00000000440141	30	30
0.13770	0.00000000756785	30	30
0.12176	0.00000000444871	30	30
0.12167	0.00000000443990	30	30
0.12256	0.00000000451143	30	30
0.12106	0.00000000439970	30	30
0.12105	0.00000000437518	30	30
0.12119	0.00000000442599	30	30
0.12090	0.00000000439064	30	30
0.12096	0.00000000439006	30	30
0.12106	0.00000000436535	30	30
0.12137	0.00000000437871	30	30
0.12103	0.00000000437658	30	30
0.12110	0.00000000447437	30	30
0.12052	0.00000000435180	30	30
0.12122	0.00000000439010	30	30
0.12060	0.00000000437283	30	30
0.12108	0.00000000438299	30	30
0.12173	0.00000000436954	30	30
0.12032	0.00000000434954	30	30
0.12132	0.00000000459160	30	30
0.12098	0.00000000438801	30	30
0.12063	0.00000000438542	30	30
0.12117	0.00000000439918	30	30
0.12097	0.00000000438362	30	30
0.12128	0.00000000435245	30	30
0.12088	0.00000000438640	30	30
0.12085	0.00000000437250	30	30
0.12093	0.00000000438532	30	30
0.12185	0.00000000489514	30	30
0.12111	0.00000000439133	30	30
0.12105	0.00000000439381	30	30
0.12087	0.00000000439763	30	30
0.12112	0.00000000436871	30	30
0.12124	0.00000000438241	30	30
0.12113	0.00000000457275	30	30
0.12093	0.00000000440893	30	30
0.12091	0.00000000438539	30	30
0.12090	0.00000000437258	30	30
0.12094	0.00000000438904	30	30
0.12114	0.00000000439687	30	30
0.12116	0.00000000438607	30	30
0.12090	0.00000000436831	30	30
0.14202	0.00000000760618	30	30
0.12089	0.00000000438262	30	30
0.12111	0.00000000439385	30	30
0.12148	0.00000000437915	30	30
0.12044	0.00000000434985	30	30
0.12114	0.00000000439587	30	30
0.12122	0.00000000439686	30	30
0.12101	0.00000000438755	30	30
0.12065	0.00000000436484	30	30
0.12102	0.00000000450057	30	30
0.12090	0.00000000448281	30	30
0.12137	0.00000000437012	30	30
0.12088	0.00000000438680	30	30
0.12089	0.00000000435458	30	30
0.14237	0.00000000761256	30	30
0.12097	0.00000000439356	30	30
0.12083	0.00000000439030	30	30
0.12147	0.00000000437875	30	30
0.12068	0.00000000437815	30	30
0.12098	0.00000000437964	30	30
0.12091	0.00000000439788	30	30
0.12113	0.00000000441027	30	30
0.12094	0.00000000438599	30	30
0.12111	0.00000000436081	30	30
0.12110	0.00000000446386	30	30
0.12113	0.00000000448605	30	30
0.12090	0.00000000437020	30	30
0.12067	0.00000000436056	30	30
0.14211	0.00000000756186	30	30
0.12101	0.00000000439813	30	30
0.12099	0.00000000439658	30	30
0.12138	0.00000000437003	30	30
0.12056	0.00000000436562	30	30
0.12100	0.00000000439583	30	30
0.12132	0.00000000441404	30	30
0.12080	0.00000000439584	30	30
0.12080	0.00000000438021	30	30
0.12109	0.00000000439153	30	30
0.12132	0.00000000446973	30	30
0.12056	0.00000000448477	30	30
0.12107	0.00000000440676	30	30
0.12097	0.00000000435770	30	30
0.12099	0.00000000440033	30	30
0.12109	0.00000000438906	30	30
0.12117	0.00000000448508	30	30
0.12105	0.00000000446962	30	30
0.12102	0.00000000436455	30	30
0.12097	0.00000000439131	30	30
0.12072	0.00000000438340	30	30
0.12099	0.00000000440023	30	30
0.12099	0.00000000437680	30	30
0.12118	0.00000000438812	30	30
0.12121	0.00000000437806	30	30
0.12076	0.00000000448095	30	30
0.12071	0.00000000427621	30	30
0.12186	0.00000000494074	30	30
0.11492	0.00000000574056	30	30
0.12125	0.00000000439626	30	30
0.12079	0.00000000437580	30	30
0.12150	0.00000000457815	30	30
0.12041	0.00000000436309	30	30
0.12109	0.00000000438716	30	30
0.12124	0.00000000439162	30	30
0.12114	0.00000000439708	30	30
0.12075	0.00000000440814	30	30
0.12099	0.00000000437202	30	30
0.12103	0.00000000440133	30	30
0.12125	0.00000000437093	30	30
0.12098	0.00000000438952	30	30
0.12064	0.00000000436602	30	30
0.12124	0.00000000439813	30	30
0.12095	0.00000000438948	30	30
0.12131	0.00000000440018	30	30
0.12058	0.00000000435702	30	30
0.12137	0.00000000439688	30	30
0.12096	0.00000000437919	30	30
0.12087	0.00000000439070	30	30
0.12097	0.00000000448027	30	30
0.12083	0.00000000437460	30	30
0.12102	0.00000000448362	30	30
0.12088	0.00000000439488	30	30
0.12152	0.00000000439981	30	30
0.12062	0.00000000435994	30	30
0.14164	0.00000000759425	30	30
0.12098	0.00000000439033	30	30
0.12094	0.00000000440502	30	30
0.12140	0.00000000438238	30	30
0.12057	0.00000000435687	30	30
0.12103	0.00000000439744	30	30
0.12140	0.00000000439065	30	30
0.12074	0.00000000439366	30	30
0.12096	0.00000000438717	30	30
0.12096	0.00000000438704	30	30
0.12099	0.00000000438073	30	30
0.12126	0.00000000451181	30	30
0.12072	0.00000000447596	30	30
0.12107	0.00000000437104	30	30
0.14186	0.00000000762291	30	30
0.12101	0.00000000441108	30	30
0.12103	0.00000000440426	30	30
0.12098	0.00000000437672	30	30
0.12091	0.00000000438752	30	30
0.12099	0.00000000438256	30	30
0.12144	0.00000000441230	30	30
0.12055	0.00000000439497	30	30
0.12104	0.00000000441161	30	30
0.12096	0.00000000436456	30	30
0.12111	0.00000000435744	30	30
0.12116	0.00000000440283	30	30
0.12087	0.00000000447441	30	30
0.12093	0.00000000446678	30	30
0.14220	0.00000000755596	30	30
0.12074	0.00000000438292	30	30
0.12116	0.00000000441243	30	30
0.12129	0.00000000446231	30	30
0.12124	0.00000000436997	30	30
0.12042	0.00000000439290	30	30
0.12144	0.00000000441081	30	30
0.12064	0.00000000438239	30	30
0.12081	0.00000000439314	30	30
0.12137	0.00000000438886	30	30
0.12107	0.00000000436131	30	30
0.12092	0.00000000448985	30	30
0.12074	0.00000000440119	30	30
0.12101	0.00000000445895	30	30
0.12085	0.00000000438954	30	30
0.12109	0.00000000439167	30	30
0.12104	0.00000000440019	30	30
0.12097	0.00000000436528	30	30
0.12127	0.00000000437305	30	30
0.12106	0.00000000458216	30	30
0.12079	0.00000000438299	30	30
0.12084	0.00000000440588	30	30
0.12115	0.00000000440206	30	30
0.12107	0.00000000439544	30	30
0.12115	0.00000000437169	30	30
0.12119	0.00000000437973	30	30
0.12061	0.00000000437943	30	30
0.12094	0.00000000437210	30	30
0.12289	0.00000000487059	30	30
=============================================================================

============================ Tabulate Statistics ============================
PWR_PKG_ENERGY	INST_RETIRED	TOR_OCCUPANCY	RR_OCCUPANCY	TIPI	L3_MISS	L2_MISS	TIME	
10614.068665	2309322729624	139909844107	139911201527	0.121170	1686755283	3331969885	59384.181929	
=============================================================================

============================ TIPI SLAB Statistics ============================

==============================================================================
===== Test PASSED in 0.0 msec =====
