
-----
mkdir timedrun fake

MiniFE Mini-App, OpenMP Peer Implementation
Creating OpenMP Thread Pool...
Counted: 20 threads.
Running MiniFE Mini-App...
      creating/filling mesh...0.790836s, total time: 0.790838
generating matrix structure...30.0418s, total time: 30.8326
         assembling FE data...10.7985s, total time: 41.6311
      imposing Dirichlet BC...11.8882s, total time: 53.5193
      imposing Dirichlet BC...4.26323s, total time: 57.7825
making matrix indices local...0s, total time: 57.7825
Starting CG solver ... 
Initial Residual = 513
Iteration = 20   Residual = 0.0748219
Iteration = 40   Residual = 0.0356161
Iteration = 60   Residual = 0.0852717
Iteration = 80   Residual = 0.0169266
Iteration = 100   Residual = 0.0667704
Iteration = 120   Residual = 0.0106177
Iteration = 140   Residual = 0.0089821
Iteration = 160   Residual = 0.00739304
Iteration = 180   Residual = 0.00632555
Iteration = 200   Residual = 0.00539689
Final Resid Norm: 0.00539689

============================ Unprocessed Statistics ============================
TIPI	JPI	Uncore1	Uncore2
0.11363	0.00000000407489	30	30
0.11329	0.00000000407147	30	30
0.11356	0.00000000407291	30	30
0.11342	0.00000000408561	30	30
0.11343	0.00000000407233	30	30
0.11374	0.00000000404905	30	30
0.11366	0.00000000405252	30	30
0.11354	0.00000000403473	30	30
0.11333	0.00000000413416	30	30
0.11343	0.00000000405142	30	30
0.11367	0.00000000414019	30	30
0.11340	0.00000000403165	30	30
0.11351	0.00000000409539	30	30
0.11365	0.00000000407490	30	30
0.11328	0.00000000409012	30	30
0.11363	0.00000000410622	30	30
0.11340	0.00000000405398	30	30
0.11366	0.00000000407015	30	30
0.11367	0.00000000415240	30	30
0.11353	0.00000000413254	30	30
0.11356	0.00000000402499	30	30
0.11333	0.00000000406424	30	30
0.11363	0.00000000404185	30	30
0.11350	0.00000000402997	30	30
0.13799	0.00000000735317	30	30
0.11358	0.00000000408413	30	30
0.11338	0.00000000408984	30	30
0.11351	0.00000000408198	30	30
0.11353	0.00000000408531	30	30
0.11328	0.00000000407106	30	30
0.11393	0.00000000407770	30	30
0.11348	0.00000000421230	30	30
0.11376	0.00000000404657	30	30
0.11341	0.00000000404207	30	30
0.11348	0.00000000406999	30	30
0.11318	0.00000000407296	30	30
0.11384	0.00000000403386	30	30
0.11355	0.00000000409597	30	30
0.11348	0.00000000410272	30	30
0.11362	0.00000000408244	30	30
0.11330	0.00000000418793	30	30
0.11364	0.00000000409003	30	30
0.11376	0.00000000405873	30	30
0.11324	0.00000000403975	30	30
0.11374	0.00000000406489	30	30
0.11342	0.00000000404447	30	30
0.11389	0.00000000413931	30	30
0.11297	0.00000000406328	30	30
0.11373	0.00000000413500	30	30
0.11339	0.00000000401978	30	30
0.13988	0.00000000759023	30	30
0.11340	0.00000000411439	30	30
0.11360	0.00000000410103	30	30
0.11356	0.00000000410043	30	30
0.11361	0.00000000409707	30	30
0.11335	0.00000000407618	30	30
0.11373	0.00000000415820	30	30
0.11370	0.00000000416693	30	30
0.11309	0.00000000404921	30	30
0.11372	0.00000000404940	30	30
0.11346	0.00000000407450	30	30
0.11367	0.00000000404251	30	30
0.11330	0.00000000402508	30	30
0.11347	0.00000000408998	30	30
0.11347	0.00000000409623	30	30
0.11337	0.00000000408372	30	30
0.11364	0.00000000411415	30	30
0.11350	0.00000000406681	30	30
0.11390	0.00000000406081	30	30
0.11335	0.00000000406866	30	30
0.11343	0.00000000405024	30	30
0.11353	0.00000000405308	30	30
0.11336	0.00000000415501	30	30
0.11366	0.00000000416366	30	30
0.11347	0.00000000402323	30	30
0.11250	0.00000000403092	30	30
0.11325	0.00000000407371	30	30
0.11335	0.00000000410873	30	30
0.11350	0.00000000408966	30	30
0.11353	0.00000000409044	30	30
0.11347	0.00000000408039	30	30
0.11394	0.00000000407685	30	30
0.11341	0.00000000406090	30	30
0.11360	0.00000000414443	30	30
0.11329	0.00000000415580	30	30
0.11352	0.00000000404440	30	30
0.11355	0.00000000407599	30	30
0.11331	0.00000000405721	30	30
0.11372	0.00000000402807	30	30
0.11485	0.00000000425155	30	30
0.11349	0.00000000411027	30	30
0.11359	0.00000000408146	30	30
0.11329	0.00000000410108	30	30
0.11363	0.00000000411887	30	30
0.11343	0.00000000406728	30	30
0.11346	0.00000000406499	30	30
0.11401	0.00000000409183	30	30
0.11340	0.00000000403827	30	30
0.11348	0.00000000404415	30	30
0.11345	0.00000000408372	30	30
0.11360	0.00000000414285	30	30
0.11356	0.00000000414155	30	30
0.11333	0.00000000409417	30	30
0.11363	0.00000000410618	30	30
0.11351	0.00000000409307	30	30
0.11359	0.00000000409347	30	30
0.11335	0.00000000408258	30	30
0.11386	0.00000000416856	30	30
0.11349	0.00000000416665	30	30
0.11327	0.00000000405637	30	30
0.11367	0.00000000406947	30	30
0.11357	0.00000000404231	30	30
0.11325	0.00000000408128	30	30
0.11369	0.00000000405768	30	30
0.11333	0.00000000400897	30	30
0.11429	0.00000000443383	30	30
0.11314	0.00000000405939	30	30
0.11347	0.00000000410174	30	30
0.11340	0.00000000410129	30	30
0.11365	0.00000000409428	30	30
0.11348	0.00000000410332	30	30
0.11377	0.00000000406039	30	30
0.11317	0.00000000408671	30	30
0.11381	0.00000000407083	30	30
0.11351	0.00000000404526	30	30
0.11314	0.00000000406546	30	30
0.11379	0.00000000418177	30	30
0.11361	0.00000000404730	30	30
0.11327	0.00000000411088	30	30
0.13966	0.00000000763913	30	30
0.11352	0.00000000412762	30	30
0.11357	0.00000000409551	30	30
0.11352	0.00000000410087	30	30
0.11340	0.00000000408709	30	30
0.11355	0.00000000416829	30	30
0.11380	0.00000000408035	30	30
0.11359	0.00000000416508	30	30
0.11336	0.00000000406056	30	30
0.11353	0.00000000404496	30	30
0.11360	0.00000000407636	30	30
0.11326	0.00000000404764	30	30
0.11367	0.00000000413726	30	30
0.11347	0.00000000411326	30	30
0.11349	0.00000000409324	30	30
0.11348	0.00000000410973	30	30
0.11349	0.00000000409898	30	30
0.11353	0.00000000408439	30	30
0.11361	0.00000000408648	30	30
0.11373	0.00000000408035	30	30
0.11346	0.00000000405158	30	30
0.11337	0.00000000414032	30	30
0.11357	0.00000000407686	30	30
0.11344	0.00000000416696	30	30
0.11359	0.00000000404855	30	30
0.11327	0.00000000403180	30	30
0.11297	0.00000000407525	30	30
0.11369	0.00000000411832	30	30
0.11346	0.00000000409901	30	30
0.11357	0.00000000409696	30	30
0.11333	0.00000000411370	30	30
0.11385	0.00000000417154	30	30
0.11350	0.00000000416123	30	30
0.11313	0.00000000405843	30	30
0.11373	0.00000000406590	30	30
0.11351	0.00000000406049	30	30
0.11346	0.00000000408038	30	30
0.11358	0.00000000408034	30	30
0.11356	0.00000000402362	30	30
0.13788	0.00000000718276	30	30
0.11344	0.00000000411559	30	30
0.11343	0.00000000412026	30	30
0.11358	0.00000000410780	30	30
0.11354	0.00000000410647	30	30
0.11356	0.00000000407328	30	30
0.11359	0.00000000407322	30	30
0.11360	0.00000000406664	30	30
0.11356	0.00000000406048	30	30
0.11335	0.00000000415319	30	30
0.11358	0.00000000418088	30	30
0.11356	0.00000000406433	30	30
0.11310	0.00000000403976	30	30
0.11335	0.00000000400336	30	30
0.11354	0.00000000412027	30	30
0.11351	0.00000000411577	30	30
0.11361	0.00000000418651	30	30
0.11325	0.00000000411816	30	30
0.11383	0.00000000408396	30	30
0.11358	0.00000000406283	30	30
0.11323	0.00000000407356	30	30
0.11378	0.00000000406783	30	30
0.11359	0.00000000406045	30	30
0.11342	0.00000000418154	30	30
0.11350	0.00000000404870	30	30
0.11339	0.00000000413590	30	30
0.11347	0.00000000411933	30	30
0.11338	0.00000000408697	30	30
0.11357	0.00000000411796	30	30
0.11348	0.00000000411659	30	30
0.11398	0.00000000407164	30	30
0.11331	0.00000000417633	30	30
0.11353	0.00000000416621	30	30
0.11351	0.00000000406516	30	30
0.11336	0.00000000406705	30	30
0.11358	0.00000000409166	30	30
0.11365	0.00000000405834	30	30
0.11303	0.00000000403865	30	30
0.13982	0.00000000728640	30	30
0.11339	0.00000000412685	30	30
0.11358	0.00000000410544	30	30
0.11353	0.00000000409268	30	30
0.11334	0.00000000410709	30	30
0.11358	0.00000000409020	30	30
0.11376	0.00000000408109	30	30
0.11362	0.00000000407166	30	30
0.11323	0.00000000408025	30	30
0.11363	0.00000000405881	30	30
0.11350	0.00000000406316	30	30
0.11338	0.00000000418138	30	30
0.11368	0.00000000415098	30	30
0.11278	0.00000000403080	30	30
0.11317	0.00000000409300	30	30
0.11349	0.00000000411018	30	30
0.11340	0.00000000410456	30	30
0.11354	0.00000000410557	30	30
0.11358	0.00000000410868	30	30
0.11347	0.00000000407467	30	30
0.11343	0.00000000409984	30	30
0.11376	0.00000000407620	30	30
0.11357	0.00000000405517	30	30
0.11329	0.00000000406839	30	30
0.11365	0.00000000418817	30	30
0.11346	0.00000000414839	30	30
0.11315	0.00000000404056	30	30
0.11530	0.00000000418858	30	30
0.13898	0.00000000763164	30	30
0.11356	0.00000000404295	30	30
0.11349	0.00000000410135	30	30
0.11354	0.00000000412344	30	30
0.11329	0.00000000420014	30	30
0.11365	0.00000000408836	30	30
0.11377	0.00000000409380	30	30
0.11338	0.00000000417982	30	30
0.11360	0.00000000407310	30	30
0.11352	0.00000000406209	30	30
0.11354	0.00000000407247	30	30
0.11336	0.00000000408028	30	30
0.11364	0.00000000404766	30	30
0.11356	0.00000000411613	30	30
0.11330	0.00000000411523	30	30
0.11363	0.00000000411681	30	30
0.11346	0.00000000411678	30	30
0.11361	0.00000000408601	30	30
0.11357	0.00000000409826	30	30
0.11368	0.00000000408094	30	30
0.11336	0.00000000405915	30	30
0.11334	0.00000000406287	30	30
0.11370	0.00000000418602	30	30
0.11352	0.00000000417824	30	30
0.11386	0.00000000404744	30	30
0.11297	0.00000000404812	30	30
0.11573	0.00000000443440	30	30
0.11289	0.00000000408976	30	30
0.11357	0.00000000422134	30	30
0.11352	0.00000000409133	30	30
0.11330	0.00000000410872	30	30
0.11360	0.00000000413156	30	30
0.11395	0.00000000417299	30	30
0.11310	0.00000000408185	30	30
0.11365	0.00000000408700	30	30
0.11363	0.00000000407188	30	30
0.11349	0.00000000406126	30	30
0.11310	0.00000000409394	30	30
0.11400	0.00000000408408	30	30
0.11361	0.00000000404015	30	30
0.11425	0.00000000417370	30	30
0.11456	0.00000000415580	30	30
0.11493	0.00000000417340	30	30
0.11393	0.00000000411239	30	30
0.11356	0.00000000407860	30	30
0.11356	0.00000000406253	30	30
0.11364	0.00000000414813	30	30
0.11471	0.00000000416365	30	30
0.11374	0.00000000405649	30	30
0.11354	0.00000000412415	30	30
0.11340	0.00000000412232	30	30
0.11361	0.00000000411069	30	30
0.11341	0.00000000412725	30	30
0.11350	0.00000000409055	30	30
0.11373	0.00000000411082	30	30
0.11357	0.00000000408567	30	30
0.11352	0.00000000407654	30	30
0.11335	0.00000000408237	30	30
0.11349	0.00000000407613	30	30
0.11362	0.00000000408687	30	30
0.11321	0.00000000408338	30	30
0.11366	0.00000000415373	30	30
0.11376	0.00000000411766	30	30
0.11332	0.00000000411537	30	30
0.11360	0.00000000411317	30	30
0.11334	0.00000000411920	30	30
0.11360	0.00000000411713	30	30
0.11359	0.00000000408865	30	30
0.11339	0.00000000409567	30	30
0.11380	0.00000000410183	30	30
0.11351	0.00000000406221	30	30
0.11347	0.00000000415608	30	30
0.11332	0.00000000420736	30	30
0.11370	0.00000000408098	30	30
0.11346	0.00000000405614	30	30
0.11362	0.00000000413511	30	30
0.11334	0.00000000412001	30	30
0.11353	0.00000000413036	30	30
0.11349	0.00000000410878	30	30
0.11346	0.00000000410011	30	30
0.11389	0.00000000410804	30	30
0.11347	0.00000000428361	30	30
0.11371	0.00000000406788	30	30
0.11327	0.00000000407193	30	30
0.11351	0.00000000408717	30	30
0.11354	0.00000000407938	30	30
0.11348	0.00000000406655	30	30
0.11343	0.00000000412164	30	30
0.11346	0.00000000411903	30	30
0.11351	0.00000000411671	30	30
0.11341	0.00000000411379	30	30
0.11363	0.00000000412603	30	30
0.11340	0.00000000418243	30	30
0.11400	0.00000000417759	30	30
0.11327	0.00000000408885	30	30
0.11348	0.00000000406505	30	30
0.11353	0.00000000408723	30	30
0.11338	0.00000000410196	30	30
0.11369	0.00000000405005	30	30
0.11335	0.00000000404896	30	30
0.13893	0.00000000759091	30	30
0.11352	0.00000000412573	30	30
0.11336	0.00000000412015	30	30
0.11363	0.00000000412377	30	30
0.11350	0.00000000413084	30	30
0.11361	0.00000000408500	30	30
0.11326	0.00000000412229	30	30
0.11383	0.00000000409294	30	30
0.11352	0.00000000426347	30	30
0.11314	0.00000000408118	30	30
0.11385	0.00000000411556	30	30
0.11342	0.00000000406963	30	30
0.11371	0.00000000404423	30	30
0.11326	0.00000000403080	30	30
0.11361	0.00000000422534	30	30
0.11346	0.00000000410480	30	30
0.11338	0.00000000413427	30	30
0.11367	0.00000000410399	30	30
0.11371	0.00000000409016	30	30
0.11387	0.00000000407905	30	30
0.11298	0.00000000406680	30	30
0.11354	0.00000000407294	30	30
0.11352	0.00000000408866	30	30
0.11342	0.00000000409805	30	30
0.11358	0.00000000425145	30	30
0.11225	0.00000000403023	30	30
0.11324	0.00000000410474	30	30
0.11357	0.00000000412697	30	30
0.11331	0.00000000410869	30	30
0.11375	0.00000000412520	30	30
0.11345	0.00000000411409	30	30
0.11363	0.00000000409514	30	30
0.11373	0.00000000411127	30	30
0.11346	0.00000000407662	30	30
0.11357	0.00000000416437	30	30
0.11327	0.00000000418482	30	30
0.11360	0.00000000410551	30	30
0.11346	0.00000000406702	30	30
0.11323	0.00000000405001	30	30
0.11597	0.00000000423449	30	30
0.13984	0.00000000751319	30	30
0.11366	0.00000000413890	30	30
0.11341	0.00000000411536	30	30
0.11365	0.00000000403515	30	30
0.11324	0.00000000431647	30	30
0.11365	0.00000000409423	30	30
0.11376	0.00000000409859	30	30
0.11320	0.00000000409020	30	30
0.11379	0.00000000409184	30	30
0.11343	0.00000000406747	30	30
0.11357	0.00000000410206	30	30
0.11343	0.00000000408727	30	30
0.11349	0.00000000404973	30	30
0.11345	0.00000000411522	30	30
0.11344	0.00000000411775	30	30
0.11353	0.00000000413016	30	30
0.11346	0.00000000413751	30	30
0.11353	0.00000000409201	30	30
0.11336	0.00000000411613	30	30
0.11374	0.00000000411108	30	30
0.11360	0.00000000407854	30	30
0.11327	0.00000000407830	30	30
0.11367	0.00000000430628	30	30
0.11352	0.00000000410544	30	30
0.11367	0.00000000405364	30	30
0.11312	0.00000000406842	30	30
0.11298	0.00000000410033	30	30
0.11361	0.00000000413955	30	30
0.11347	0.00000000412026	30	30
0.11355	0.00000000412610	30	30
0.11338	0.00000000412322	30	30
0.11353	0.00000000409713	30	30
0.11359	0.00000000411587	30	30
0.11339	0.00000000418375	30	30
0.11380	0.00000000408581	30	30
0.11354	0.00000000417356	30	30
0.11337	0.00000000410632	30	30
0.11351	0.00000000408848	30	30
0.11349	0.00000000406241	30	30
0.11262	0.00000000413003	30	30
0.11348	0.00000000413419	30	30
0.11345	0.00000000412745	30	30
0.11351	0.00000000413182	30	30
0.11349	0.00000000412055	30	30
0.11360	0.00000000409615	30	30
0.11361	0.00000000410914	30	30
0.11351	0.00000000409366	30	30
0.11354	0.00000000407390	30	30
0.11340	0.00000000408712	30	30
0.11347	0.00000000410373	30	30
0.11361	0.00000000428123	30	30
0.11329	0.00000000406045	30	30
0.13974	0.00000000769589	30	30
0.11355	0.00000000414737	30	30
0.11358	0.00000000413429	30	30
0.11350	0.00000000410930	30	30
0.11334	0.00000000414300	30	30
0.11370	0.00000000412052	30	30
0.11392	0.00000000420802	30	30
0.11342	0.00000000420032	30	30
0.11355	0.00000000408469	30	30
0.11357	0.00000000408999	30	30
0.11338	0.00000000409149	30	30
0.11333	0.00000000410738	30	30
0.11366	0.00000000408178	30	30
0.11343	0.00000000405240	30	30
0.11534	0.00000000442678	30	30
0.11350	0.00000000414840	30	30
0.11338	0.00000000411998	30	30
0.11359	0.00000000422244	30	30
0.11350	0.00000000413210	30	30
0.11350	0.00000000410937	30	30
0.11342	0.00000000412040	30	30
0.11375	0.00000000420099	30	30
0.11367	0.00000000408614	30	30
0.11334	0.00000000408007	30	30
0.11359	0.00000000411761	30	30
0.11353	0.00000000409774	30	30
0.11323	0.00000000404061	30	30
0.11349	0.00000000414410	30	30
0.11356	0.00000000412201	30	30
0.11348	0.00000000412299	30	30
0.11336	0.00000000415139	30	30
0.11362	0.00000000412025	30	30
0.11370	0.00000000410601	30	30
0.11372	0.00000000410312	30	30
0.11322	0.00000000408313	30	30
0.11358	0.00000000408691	30	30
0.11396	0.00000000411576	30	30
0.11341	0.00000000429796	30	30
0.11367	0.00000000406565	30	30
0.11242	0.00000000404550	30	30
0.11311	0.00000000411065	30	30
0.11351	0.00000000412508	30	30
0.11341	0.00000000412700	30	30
0.11357	0.00000000414428	30	30
0.11348	0.00000000412782	30	30
0.11355	0.00000000408236	30	30
0.11337	0.00000000413368	30	30
0.11385	0.00000000409926	30	30
0.11361	0.00000000406420	30	30
0.11331	0.00000000410556	30	30
0.11357	0.00000000420415	30	30
0.11350	0.00000000416478	30	30
0.11304	0.00000000407699	30	30
0.11483	0.00000000422171	30	30
0.13967	0.00000000771308	30	30
0.11360	0.00000000414603	30	30
0.11345	0.00000000413457	30	30
0.11351	0.00000000412460	30	30
0.11335	0.00000000414127	30	30
0.11358	0.00000000411629	30	30
0.11382	0.00000000419707	30	30
0.11343	0.00000000420232	30	30
0.11354	0.00000000409494	30	30
0.11346	0.00000000407005	30	30
0.11357	0.00000000411698	30	30
0.11340	0.00000000408575	30	30
0.11354	0.00000000405918	30	30
0.11347	0.00000000412783	30	30
0.11339	0.00000000412681	30	30
0.11361	0.00000000413959	30	30
0.11348	0.00000000414505	30	30
0.11343	0.00000000410490	30	30
0.11375	0.00000000412883	30	30
0.11334	0.00000000411472	30	30
0.11384	0.00000000409060	30	30
0.11347	0.00000000408584	30	30
0.11361	0.00000000411239	30	30
0.11353	0.00000000410669	30	30
0.11350	0.00000000426524	30	30
0.11320	0.00000000406221	30	30
0.11423	0.00000000438169	30	30
0.11305	0.00000000409929	30	30
0.11363	0.00000000415330	30	30
0.11347	0.00000000411756	30	30
0.11360	0.00000000412357	30	30
0.11327	0.00000000414420	30	30
0.11361	0.00000000411343	30	30
0.11349	0.00000000412093	30	30
0.11351	0.00000000410443	30	30
0.11369	0.00000000410561	30	30
0.11351	0.00000000417640	30	30
0.11398	0.00000000410874	30	30
0.11313	0.00000000417647	30	30
0.11362	0.00000000406808	30	30
0.11346	0.00000000413496	30	30
0.11356	0.00000000413191	30	30
0.11346	0.00000000424341	30	30
0.11344	0.00000000413770	30	30
0.11361	0.00000000408925	30	30
0.11351	0.00000000412476	30	30
0.11364	0.00000000410387	30	30
0.11350	0.00000000407596	30	30
0.11335	0.00000000408483	30	30
0.11363	0.00000000410737	30	30
0.11351	0.00000000418432	30	30
0.11317	0.00000000406536	30	30
0.14096	0.00000000741997	30	30
0.11326	0.00000000414753	30	30
0.11358	0.00000000413401	30	30
0.11346	0.00000000413197	30	30
0.11342	0.00000000414025	30	30
0.11357	0.00000000411946	30	30
0.11350	0.00000000410917	30	30
0.11378	0.00000000411671	30	30
0.11334	0.00000000409442	30	30
0.11372	0.00000000409300	30	30
0.11341	0.00000000409176	30	30
0.11318	0.00000000420333	30	30
0.11385	0.00000000411211	30	30
0.11347	0.00000000415457	30	30
0.11473	0.00000000432628	30	30
0.13856	0.00000000744317	30	30
0.11353	0.00000000414537	30	30
0.11347	0.00000000421712	30	30
0.11346	0.00000000414648	30	30
0.11359	0.00000000414282	30	30
0.11347	0.00000000411054	30	30
0.11340	0.00000000412083	30	30
0.11384	0.00000000409753	30	30
0.11351	0.00000000409448	30	30
0.11334	0.00000000408092	30	30
0.11354	0.00000000413387	30	30
0.11363	0.00000000408364	30	30
0.11365	0.00000000414846	30	30
0.11328	0.00000000416571	30	30
0.11371	0.00000000413757	30	30
0.11340	0.00000000412286	30	30
0.11352	0.00000000414665	30	30
0.11351	0.00000000411315	30	30
0.11344	0.00000000411714	30	30
0.11378	0.00000000411381	30	30
0.11333	0.00000000410848	30	30
0.11360	0.00000000428212	30	30
0.11343	0.00000000410568	30	30
0.11356	0.00000000412279	30	30
0.11367	0.00000000409717	30	30
0.11240	0.00000000405100	30	30
0.11328	0.00000000411368	30	30
0.11350	0.00000000413665	30	30
0.11354	0.00000000411701	30	30
0.11340	0.00000000414490	30	30
0.11352	0.00000000413692	30	30
0.11382	0.00000000409840	30	30
0.11309	0.00000000411308	30	30
0.11398	0.00000000421248	30	30
0.11405	0.00000000416415	30	30
0.11244	0.00000000408187	30	30
0.11388	0.00000000414027	30	30
0.11349	0.00000000407771	30	30
0.11373	0.00000000406124	30	30
0.11487	0.00000000434359	30	30
0.13885	0.00000000733044	30	30
0.11344	0.00000000416047	30	30
0.11349	0.00000000412569	30	30
0.11352	0.00000000413207	30	30
0.11346	0.00000000414341	30	30
0.11357	0.00000000412313	30	30
0.11380	0.00000000411410	30	30
0.11355	0.00000000411224	30	30
0.11337	0.00000000409749	30	30
0.11359	0.00000000418087	30	30
0.11334	0.00000000422046	30	30
0.11344	0.00000000409267	30	30
0.11369	0.00000000409783	30	30
0.11344	0.00000000413662	30	30
0.11362	0.00000000413616	30	30
0.11331	0.00000000414341	30	30
0.11355	0.00000000414493	30	30
0.11345	0.00000000421507	30	30
0.11353	0.00000000412124	30	30
0.11350	0.00000000412514	30	30
0.11367	0.00000000421172	30	30
0.11372	0.00000000409512	30	30
0.11331	0.00000000410955	30	30
0.11355	0.00000000410856	30	30
0.11343	0.00000000408573	30	30
0.11308	0.00000000407555	30	30
0.11485	0.00000000557674	30	30
0.11430	0.00000000453425	30	30
0.11306	0.00000000410843	30	30
0.11362	0.00000000415152	30	30
0.11344	0.00000000412503	30	30
0.11349	0.00000000412827	30	30
0.11338	0.00000000416584	30	30
0.11366	0.00000000411694	30	30
0.11351	0.00000000411518	30	30
0.11361	0.00000000411768	30	30
0.11367	0.00000000410623	30	30
0.11348	0.00000000408566	30	30
0.11364	0.00000000413542	30	30
0.11359	0.00000000410023	30	30
0.11352	0.00000000416726	30	30
0.13619	0.00000000729312	30	30
0.11433	0.00000000420192	30	30
0.11451	0.00000000420831	30	30
0.11455	0.00000000421775	30	30
0.11445	0.00000000419660	30	30
0.11447	0.00000000415551	30	30
0.11445	0.00000000419483	30	30
0.11349	0.00000000412008	30	30
0.11357	0.00000000412084	30	30
0.11347	0.00000000408003	30	30
0.11356	0.00000000414257	30	30
0.11349	0.00000000414088	30	30
0.11362	0.00000000412413	30	30
0.11321	0.00000000413972	30	30
0.11359	0.00000000414021	30	30
0.11387	0.00000000419797	30	30
0.11314	0.00000000420573	30	30
0.11384	0.00000000412997	30	30
0.11349	0.00000000408084	30	30
0.11366	0.00000000410170	30	30
0.11328	0.00000000411669	30	30
0.11357	0.00000000408998	30	30
0.11348	0.00000000406682	30	30
0.11497	0.00000000433638	30	30
0.13983	0.00000000733471	30	30
0.11334	0.00000000415295	30	30
0.11360	0.00000000413952	30	30
0.11349	0.00000000413714	30	30
0.11357	0.00000000415079	30	30
0.11338	0.00000000411905	30	30
0.11386	0.00000000412105	30	30
0.11346	0.00000000410964	30	30
0.11314	0.00000000408867	30	30
0.11379	0.00000000420972	30	30
0.11364	0.00000000422310	30	30
0.11340	0.00000000408183	30	30
0.11349	0.00000000407578	30	30
0.13998	0.00000000757095	30	30
0.11351	0.00000000415563	30	30
0.11348	0.00000000413081	30	30
0.11340	0.00000000404284	30	30
0.11355	0.00000000427386	30	30
0.11351	0.00000000421125	30	30
0.11364	0.00000000408739	30	30
0.11348	0.00000000413756	30	30
0.11352	0.00000000408827	30	30
0.11359	0.00000000409125	30	30
0.11320	0.00000000410283	30	30
0.11379	0.00000000410444	30	30
0.11359	0.00000000408873	30	30
0.11320	0.00000000416101	30	30
0.11339	0.00000000412226	30	30
0.11329	0.00000000413584	30	30
0.11355	0.00000000413929	30	30
0.11348	0.00000000414340	30	30
0.11345	0.00000000414016	30	30
0.11351	0.00000000411768	30	30
0.11347	0.00000000413484	30	30
0.11391	0.00000000411393	30	30
0.11333	0.00000000410710	30	30
0.11366	0.00000000409217	30	30
0.11356	0.00000000432314	30	30
0.11305	0.00000000408096	30	30
0.11389	0.00000000409944	30	30
0.11345	0.00000000415505	30	30
0.11361	0.00000000413521	30	30
0.11327	0.00000000414854	30	30
0.11364	0.00000000415642	30	30
0.11353	0.00000000411083	30	30
0.11349	0.00000000421272	30	30
0.11366	0.00000000422569	30	30
0.11360	0.00000000409200	30	30
0.11352	0.00000000410249	30	30
0.11326	0.00000000412542	30	30
0.11356	0.00000000410489	30	30
0.11359	0.00000000406556	30	30
0.11331	0.00000000414386	30	30
0.11368	0.00000000413853	30	30
0.11345	0.00000000413378	30	30
0.11353	0.00000000411873	30	30
0.11345	0.00000000413050	30	30
0.11368	0.00000000411759	30	30
0.11341	0.00000000412592	30	30
0.11336	0.00000000410822	30	30
0.11384	0.00000000412477	30	30
0.11343	0.00000000409791	30	30
0.11364	0.00000000430074	30	30
0.11337	0.00000000408008	30	30
0.11347	0.00000000407177	30	30
0.11321	0.00000000409807	30	30
0.11353	0.00000000413361	30	30
0.11350	0.00000000414522	30	30
0.11344	0.00000000415666	30	30
0.11354	0.00000000414322	30	30
0.11344	0.00000000412227	30	30
0.11339	0.00000000411858	30	30
0.11400	0.00000000412670	30	30
0.11348	0.00000000409336	30	30
0.11366	0.00000000428585	30	30
0.11337	0.00000000411299	30	30
0.11358	0.00000000409771	30	30
0.11338	0.00000000405697	30	30
0.11333	0.00000000415591	30	30
0.11361	0.00000000415970	30	30
0.11348	0.00000000423802	30	30
0.11360	0.00000000415761	30	30
0.11335	0.00000000411441	30	30
0.11384	0.00000000421548	30	30
0.11353	0.00000000409661	30	30
0.11321	0.00000000409206	30	30
0.11378	0.00000000410986	30	30
0.11337	0.00000000409989	30	30
0.11341	0.00000000410469	30	30
0.11367	0.00000000410287	30	30
0.11351	0.00000000414854	30	30
0.11355	0.00000000414799	30	30
0.11360	0.00000000413780	30	30
0.11328	0.00000000414712	30	30
0.11365	0.00000000414343	30	30
0.11375	0.00000000411071	30	30
0.11331	0.00000000420551	30	30
0.11375	0.00000000421569	30	30
0.11339	0.00000000408994	30	30
0.11404	0.00000000408871	30	30
0.11291	0.00000000411092	30	30
0.11362	0.00000000408583	30	30
0.11335	0.00000000405438	30	30
0.11444	0.00000000445097	30	30
0.11338	0.00000000417677	30	30
0.11365	0.00000000414142	30	30
0.11346	0.00000000414368	30	30
0.11379	0.00000000414623	30	30
0.11342	0.00000000412324	30	30
0.11355	0.00000000410686	30	30
0.11360	0.00000000409460	30	30
0.11325	0.00000000420608	30	30
0.11348	0.00000000421532	30	30
0.11352	0.00000000412220	30	30
0.11338	0.00000000410901	30	30
0.11370	0.00000000409172	30	30
0.11351	0.00000000414495	30	30
0.11345	0.00000000414250	30	30
0.11339	0.00000000422351	30	30
0.11361	0.00000000416474	30	30
0.11353	0.00000000421153	30	30
0.11388	0.00000000411802	30	30
0.11342	0.00000000410821	30	30
0.11348	0.00000000412273	30	30
0.11343	0.00000000410375	30	30
0.11339	0.00000000410744	30	30
0.11371	0.00000000412498	30	30
0.11347	0.00000000409606	30	30
0.11267	0.00000000407103	30	30
0.11327	0.00000000412220	30	30
0.11340	0.00000000415352	30	30
0.11358	0.00000000413850	30	30
0.11349	0.00000000416265	30	30
0.11335	0.00000000413471	30	30
0.11381	0.00000000413578	30	30
0.11326	0.00000000413366	30	30
0.11382	0.00000000411382	30	30
0.11342	0.00000000409820	30	30
0.11353	0.00000000411274	30	30
0.11350	0.00000000432158	30	30
0.11341	0.00000000410662	30	30
0.11363	0.00000000408423	30	30
0.11501	0.00000000421998	30	30
0.11353	0.00000000414379	30	30
0.11355	0.00000000415404	30	30
0.11336	0.00000000417215	30	30
0.11357	0.00000000414630	30	30
0.11352	0.00000000410403	30	30
0.11336	0.00000000430884	30	30
0.11393	0.00000000412595	30	30
0.11348	0.00000000409316	30	30
0.11347	0.00000000409303	30	30
0.11343	0.00000000414497	30	30
0.11360	0.00000000410217	30	30
0.11347	0.00000000409119	30	30
0.13993	0.00000000740709	30	30
0.11330	0.00000000415715	30	30
0.11363	0.00000000416160	30	30
0.11359	0.00000000415653	30	30
0.11348	0.00000000415719	30	30
0.11333	0.00000000413788	30	30
0.11393	0.00000000412941	30	30
0.11345	0.00000000411207	30	30
0.11313	0.00000000411241	30	30
0.11390	0.00000000411477	30	30
0.11339	0.00000000421177	30	30
0.11349	0.00000000421883	30	30
0.11349	0.00000000410696	30	30
0.11337	0.00000000408730	30	30
0.11317	0.00000000411874	30	30
0.11353	0.00000000413452	30	30
0.11331	0.00000000415388	30	30
0.11364	0.00000000414162	30	30
0.11351	0.00000000414812	30	30
0.11347	0.00000000431067	30	30
0.11344	0.00000000394847	30	30
0.11380	0.00000000431596	30	30
0.11362	0.00000000409016	30	30
0.11305	0.00000000409855	30	30
0.11385	0.00000000414895	30	30
0.11349	0.00000000409253	30	30
0.11338	0.00000000408193	30	30
0.11354	0.00000000417356	30	30
0.11371	0.00000000413625	30	30
0.11335	0.00000000414993	30	30
0.11347	0.00000000416510	30	30
0.11362	0.00000000413494	30	30
0.11385	0.00000000411421	30	30
0.11340	0.00000000411198	30	30
0.11345	0.00000000411654	30	30
0.11357	0.00000000411101	30	30
0.11346	0.00000000432511	30	30
0.11337	0.00000000413347	30	30
0.11356	0.00000000408866	30	30
0.11348	0.00000000414336	30	30
0.11359	0.00000000414206	30	30
0.11330	0.00000000415913	30	30
0.11356	0.00000000415390	30	30
0.11358	0.00000000412227	30	30
0.11337	0.00000000412102	30	30
0.11383	0.00000000434614	30	30
0.11354	0.00000000409663	30	30
0.11393	0.00000000409446	30	30
0.11299	0.00000000410922	30	30
0.11352	0.00000000412282	30	30
0.11350	0.00000000408583	30	30
0.11331	0.00000000408679	30	30
0.11359	0.00000000416342	30	30
0.11346	0.00000000423587	30	30
0.11352	0.00000000414614	30	30
0.11341	0.00000000396765	30	30
0.11357	0.00000000433383	30	30
0.11348	0.00000000414490	30	30
0.11384	0.00000000412214	30	30
0.11339	0.00000000411672	30	30
0.11357	0.00000000410938	30	30
0.11352	0.00000000411601	30	30
0.11331	0.00000000412540	30	30
0.11366	0.00000000408208	30	30
0.11348	0.00000000415559	30	30
0.11356	0.00000000415254	30	30
0.11340	0.00000000414163	30	30
0.11350	0.00000000415022	30	30
0.11376	0.00000000411834	30	30
0.11325	0.00000000412167	30	30
0.11380	0.00000000412865	30	30
0.11349	0.00000000410545	30	30
0.11365	0.00000000419486	30	30
0.11338	0.00000000423692	30	30
0.11348	0.00000000409250	30	30
0.11367	0.00000000407984	30	30
0.11343	0.00000000414365	30	30
0.11345	0.00000000415136	30	30
0.11347	0.00000000413689	30	30
0.11345	0.00000000415861	30	30
0.11347	0.00000000413666	30	30
0.11375	0.00000000413468	30	30
0.11358	0.00000000412813	30	30
0.11380	0.00000000410901	30	30
0.11318	0.00000000410447	30	30
0.11362	0.00000000410403	30	30
0.11342	0.00000000422582	30	30
0.11344	0.00000000417727	30	30
0.11352	0.00000000408074	30	30
0.11550	0.00000000424545	30	30
0.11349	0.00000000416024	30	30
0.11355	0.00000000423913	30	30
0.11348	0.00000000415571	30	30
0.11369	0.00000000425905	30	30
0.11350	0.00000000412613	30	30
0.11367	0.00000000414271	30	30
0.11374	0.00000000412823	30	30
0.11341	0.00000000408502	30	30
0.11319	0.00000000411131	30	30
0.11366	0.00000000414059	30	30
0.11358	0.00000000410518	30	30
0.11360	0.00000000407326	30	30
0.11338	0.00000000417042	30	30
0.11357	0.00000000415105	30	30
0.11350	0.00000000414167	30	30
0.11385	0.00000000416750	30	30
0.11312	0.00000000412369	30	30
0.11375	0.00000000412880	30	30
0.11363	0.00000000411200	30	30
0.11326	0.00000000410097	30	30
0.11364	0.00000000422206	30	30
0.11358	0.00000000422350	30	30
0.11315	0.00000000412091	30	30
0.11387	0.00000000409187	30	30
0.11261	0.00000000407923	30	30
0.11314	0.00000000411617	30	30
0.11352	0.00000000415846	30	30
0.11333	0.00000000415785	30	30
0.11364	0.00000000415525	30	30
0.11350	0.00000000415265	30	30
0.11388	0.00000000430955	30	30
0.11305	0.00000000412816	30	30
0.11383	0.00000000413328	30	30
0.11342	0.00000000410575	30	30
0.11338	0.00000000411699	30	30
0.11369	0.00000000413513	30	30
0.11344	0.00000000408191	30	30
0.11338	0.00000000408963	30	30
0.11350	0.00000000416898	30	30
0.11355	0.00000000414949	30	30
0.11344	0.00000000417066	30	30
0.11338	0.00000000417298	30	30
0.11364	0.00000000411828	30	30
0.11382	0.00000000414649	30	30
0.11334	0.00000000412690	30	30
0.11354	0.00000000411418	30	30
0.11358	0.00000000410945	30	30
0.11344	0.00000000431694	30	30
0.11342	0.00000000410612	30	30
0.11367	0.00000000409626	30	30
0.11350	0.00000000415874	30	30
0.11373	0.00000000414339	30	30
0.11330	0.00000000415791	30	30
0.11344	0.00000000423325	30	30
0.11356	0.00000000414317	30	30
0.11358	0.00000000421770	30	30
0.11365	0.00000000412490	30	30
0.11338	0.00000000410970	30	30
0.11342	0.00000000410255	30	30
0.11360	0.00000000414094	30	30
0.11363	0.00000000411921	30	30
0.11353	0.00000000408354	30	30
0.11325	0.00000000410131	30	30
0.11290	0.00000000412409	30	30
0.11358	0.00000000415729	30	30
0.11351	0.00000000413849	30	30
0.11351	0.00000000414066	30	30
0.11341	0.00000000417298	30	30
0.11364	0.00000000411218	30	30
0.11333	0.00000000414002	30	30
0.11387	0.00000000415883	30	30
0.11374	0.00000000412156	30	30
0.11351	0.00000000411518	30	30
0.11353	0.00000000425178	30	30
0.11375	0.00000000422953	30	30
0.11404	0.00000000412188	30	30
0.11472	0.00000000421979	30	30
0.11418	0.00000000421974	30	30
0.11503	0.00000000424484	30	30
0.11376	0.00000000418485	30	30
0.11350	0.00000000413009	30	30
0.11365	0.00000000414110	30	30
0.11367	0.00000000414418	30	30
0.11416	0.00000000418217	30	30
0.11390	0.00000000414533	30	30
0.11388	0.00000000434003	30	30
0.11358	0.00000000412814	30	30
0.11350	0.00000000408979	30	30
0.11325	0.00000000408882	30	30
0.11372	0.00000000447516	30	30
0.11318	0.00000000422479	30	30
0.11363	0.00000000415383	30	30
0.11344	0.00000000414697	30	30
0.11340	0.00000000414747	30	30
0.11363	0.00000000417485	30	30
0.11349	0.00000000412519	30	30
0.11358	0.00000000413827	30	30
0.11361	0.00000000412389	30	30
0.11351	0.00000000411740	30	30
0.11347	0.00000000410291	30	30
0.11320	0.00000000414743	30	30
0.11386	0.00000000411202	30	30
0.11348	0.00000000409674	30	30
0.11361	0.00000000416519	30	30
0.11331	0.00000000412955	30	30
0.11357	0.00000000415661	30	30
0.11350	0.00000000416757	30	30
0.11337	0.00000000411963	30	30
0.11378	0.00000000415022	30	30
0.11361	0.00000000411583	30	30
0.11343	0.00000000429106	30	30
0.11345	0.00000000412625	30	30
0.11354	0.00000000411618	30	30
0.11353	0.00000000411540	30	30
0.11335	0.00000000408865	30	30
0.13994	0.00000000782716	30	30
0.11358	0.00000000417574	30	30
0.11353	0.00000000416773	30	30
0.11356	0.00000000424994	30	30
0.11343	0.00000000417040	30	30
0.11366	0.00000000414649	30	30
0.11342	0.00000000411883	30	30
0.11350	0.00000000415232	30	30
0.11369	0.00000000412523	30	30
0.11357	0.00000000412773	30	30
0.11380	0.00000000412472	30	30
0.11309	0.00000000412507	30	30
0.11353	0.00000000410253	30	30
0.11355	0.00000000428331	30	30
0.11571	0.00000000435983	30	30
0.11357	0.00000000425749	30	30
0.11335	0.00000000416226	30	30
0.11352	0.00000000424268	30	30
0.11350	0.00000000416736	30	30
0.11343	0.00000000411618	30	30
0.11351	0.00000000416070	30	30
0.11378	0.00000000412627	30	30
0.11354	0.00000000410277	30	30
0.11360	0.00000000412836	30	30
0.11356	0.00000000414790	30	30
0.11343	0.00000000411398	30	30
0.11312	0.00000000408125	30	30
0.13975	0.00000000738760	30	30
0.11341	0.00000000417674	30	30
0.11360	0.00000000415633	30	30
0.11338	0.00000000415814	30	30
0.11340	0.00000000418834	30	30
0.11371	0.00000000414069	30	30
0.11381	0.00000000412751	30	30
0.11330	0.00000000411890	30	30
0.11363	0.00000000414078	30	30
0.11350	0.00000000410509	30	30
0.11350	0.00000000430769	30	30
0.11334	0.00000000412775	30	30
0.11359	0.00000000410979	30	30
0.11202	0.00000000406851	30	30
0.11319	0.00000000413456	30	30
0.11361	0.00000000415020	30	30
0.11329	0.00000000415645	30	30
0.11361	0.00000000416413	30	30
0.11356	0.00000000415984	30	30
0.11342	0.00000000411898	30	30
0.11350	0.00000000418009	30	30
0.11386	0.00000000412267	30	30
0.11344	0.00000000409614	30	30
0.11323	0.00000000411681	30	30
0.11364	0.00000000424661	30	30
0.11361	0.00000000419036	30	30
0.11315	0.00000000407297	30	30
0.11391	0.00000000425665	30	30
0.13986	0.00000000779067	30	30
0.11356	0.00000000417867	30	30
0.11349	0.00000000415460	30	30
0.11359	0.00000000415454	30	30
0.11326	0.00000000416370	30	30
0.11361	0.00000000423270	30	30
0.11375	0.00000000423308	30	30
0.11332	0.00000000412160	30	30
0.11377	0.00000000411037	30	30
0.11339	0.00000000410665	30	30
0.11365	0.00000000413061	30	30
0.11333	0.00000000411868	30	30
0.11348	0.00000000408719	30	30
0.11342	0.00000000414522	30	30
0.11337	0.00000000416411	30	30
0.11357	0.00000000416060	30	30
0.11351	0.00000000416064	30	30
0.11372	0.00000000412942	30	30
0.11352	0.00000000412296	30	30
0.11359	0.00000000413656	30	30
0.11340	0.00000000428386	30	30
0.11317	0.00000000412030	30	30
0.11382	0.00000000414210	30	30
0.11346	0.00000000412161	30	30
0.11350	0.00000000410375	30	30
0.11332	0.00000000409168	30	30
0.11300	0.00000000411587	30	30
0.11355	0.00000000418389	30	30
0.11342	0.00000000412830	30	30
0.11347	0.00000000417765	30	30
0.11360	0.00000000416490	30	30
0.11345	0.00000000422869	30	30
0.11351	0.00000000413746	30	30
0.11366	0.00000000415896	30	30
0.11376	0.00000000420534	30	30
0.11339	0.00000000411986	30	30
0.11333	0.00000000413318	30	30
0.11380	0.00000000413406	30	30
0.11355	0.00000000408428	30	30
0.11451	0.00000000420514	30	30
0.11350	0.00000000417836	30	30
0.11342	0.00000000415533	30	30
0.11355	0.00000000416366	30	30
0.11348	0.00000000415790	30	30
0.11342	0.00000000412957	30	30
0.11388	0.00000000414675	30	30
0.11349	0.00000000412409	30	30
0.11362	0.00000000410610	30	30
0.11328	0.00000000410806	30	30
0.11357	0.00000000433517	30	30
0.11350	0.00000000411782	30	30
0.11319	0.00000000408801	30	30
0.13905	0.00000000780863	30	30
0.11361	0.00000000416902	30	30
0.11350	0.00000000415857	30	30
0.11345	0.00000000416054	30	30
0.11332	0.00000000417039	30	30
0.11376	0.00000000413813	30	30
0.11376	0.00000000415074	30	30
0.11333	0.00000000431709	30	30
0.11371	0.00000000412068	30	30
0.11346	0.00000000410143	30	30
0.11351	0.00000000412385	30	30
0.11336	0.00000000414144	30	30
0.11359	0.00000000410456	30	30
0.11344	0.00000000408373	30	30
0.11310	0.00000000413348	30	30
0.11344	0.00000000414993	30	30
0.11356	0.00000000417076	30	30
0.11343	0.00000000425315	30	30
0.11356	0.00000000416425	30	30
0.11339	0.00000000413812	30	30
0.11360	0.00000000414139	30	30
0.11376	0.00000000414778	30	30
0.11376	0.00000000411100	30	30
0.11318	0.00000000410700	30	30
0.11358	0.00000000414864	30	30
0.11352	0.00000000410862	30	30
0.11328	0.00000000409629	30	30
0.11235	0.00000000435766	30	30
0.13957	0.00000000743671	30	30
0.11359	0.00000000418597	30	30
0.11347	0.00000000415775	30	30
0.11350	0.00000000415335	30	30
0.11347	0.00000000418143	30	30
0.11351	0.00000000413581	30	30
0.11383	0.00000000412532	30	30
0.11330	0.00000000423530	30	30
0.11372	0.00000000421275	30	30
0.11349	0.00000000410976	30	30
0.11331	0.00000000413438	30	30
0.11376	0.00000000412874	30	30
0.11334	0.00000000408730	30	30
0.11337	0.00000000415911	30	30
0.11344	0.00000000416379	30	30
0.11357	0.00000000416769	30	30
0.11341	0.00000000415407	30	30
0.11357	0.00000000414919	30	30
0.11348	0.00000000414413	30	30
0.11371	0.00000000413365	30	30
0.11359	0.00000000430643	30	30
0.11330	0.00000000410550	30	30
0.11364	0.00000000413297	30	30
0.11347	0.00000000413491	30	30
0.11363	0.00000000410546	30	30
0.11321	0.00000000410017	30	30
0.11349	0.00000000418887	30	30
0.11352	0.00000000415353	30	30
0.11351	0.00000000416093	30	30
0.11336	0.00000000416846	30	30
0.11362	0.00000000414572	30	30
0.11369	0.00000000413059	30	30
0.11345	0.00000000412627	30	30
0.11351	0.00000000411831	30	30
0.11357	0.00000000432309	30	30
0.11350	0.00000000413858	30	30
0.11337	0.00000000412298	30	30
0.11374	0.00000000409225	30	30
0.11350	0.00000000406965	30	30
0.11347	0.00000000426493	30	30
0.11344	0.00000000416634	30	30
0.11364	0.00000000427089	30	30
0.11348	0.00000000413546	30	30
0.11338	0.00000000414549	30	30
0.11390	0.00000000413892	30	30
0.11346	0.00000000413382	30	30
0.11342	0.00000000411647	30	30
0.11355	0.00000000412908	30	30
0.11364	0.00000000415245	30	30
0.11342	0.00000000418229	30	30
0.11257	0.00000000399526	30	30
0.11305	0.00000000414029	30	30
0.11356	0.00000000418393	30	30
0.11347	0.00000000415015	30	30
0.11362	0.00000000415713	30	30
0.11339	0.00000000419081	30	30
0.11377	0.00000000413234	30	30
0.11324	0.00000000412672	30	30
0.11358	0.00000000412789	30	30
0.11375	0.00000000413855	30	30
0.11342	0.00000000411593	30	30
0.11378	0.00000000433830	30	30
0.11310	0.00000000410182	30	30
0.11353	0.00000000409676	30	30
0.11479	0.00000000424335	30	30
0.11346	0.00000000417452	30	30
0.11338	0.00000000416509	30	30
0.11358	0.00000000417897	30	30
0.11355	0.00000000426568	30	30
0.11384	0.00000000423088	30	30
0.11340	0.00000000413482	30	30
0.11355	0.00000000413692	30	30
0.11346	0.00000000411572	30	30
0.11332	0.00000000411451	30	30
0.11369	0.00000000416041	30	30
0.11350	0.00000000411498	30	30
0.11326	0.00000000411184	30	30
0.13993	0.00000000745207	30	30
0.11355	0.00000000419480	30	30
0.11351	0.00000000416815	30	30
0.11352	0.00000000415768	30	30
0.11334	0.00000000417244	30	30
0.11363	0.00000000415316	30	30
0.11357	0.00000000414431	30	30
0.11372	0.00000000415722	30	30
0.11337	0.00000000412775	30	30
0.11358	0.00000000412577	30	30
0.11351	0.00000000432011	30	30
0.11340	0.00000000414513	30	30
0.11358	0.00000000410879	30	30
0.11330	0.00000000409589	30	30
0.11432	0.00000000438812	30	30
0.11313	0.00000000412970	30	30
0.11351	0.00000000418276	30	30
0.11343	0.00000000416849	30	30
0.11357	0.00000000417228	30	30
0.11348	0.00000000415551	30	30
0.11341	0.00000000415139	30	30
0.11358	0.00000000417243	30	30
0.11380	0.00000000413181	30	30
0.11350	0.00000000431011	30	30
0.11340	0.00000000411491	30	30
0.11353	0.00000000416281	30	30
0.11357	0.00000000410939	30	30
0.11304	0.00000000410184	30	30
0.11321	0.00000000420599	30	30
0.13969	0.00000000746504	30	30
0.11355	0.00000000419383	30	30
0.11357	0.00000000415904	30	30
0.11345	0.00000000416178	30	30
0.11338	0.00000000418488	30	30
0.11364	0.00000000414935	30	30
0.11374	0.00000000414660	30	30
0.11335	0.00000000412444	30	30
0.11366	0.00000000413205	30	30
0.11344	0.00000000411605	30	30
0.11362	0.00000000413792	30	30
0.11344	0.00000000414148	30	30
0.11354	0.00000000429408	30	30
0.11347	0.00000000416681	30	30
0.11350	0.00000000418820	30	30
0.11343	0.00000000416114	30	30
0.11353	0.00000000418337	30	30
0.11351	0.00000000415415	30	30
0.11337	0.00000000414222	30	30
0.11382	0.00000000416296	30	30
0.11358	0.00000000412879	30	30
0.11357	0.00000000413270	30	30
0.11332	0.00000000413002	30	30
0.11355	0.00000000433780	30	30
0.11347	0.00000000410561	30	30
0.11348	0.00000000411412	30	30
0.11345	0.00000000417846	30	30
0.11358	0.00000000417643	30	30
0.11346	0.00000000416056	30	30
0.11334	0.00000000416844	30	30
0.11390	0.00000000415458	30	30
0.11323	0.00000000413845	30	30
0.11394	0.00000000414802	30	30
0.11325	0.00000000412536	30	30
0.11357	0.00000000412230	30	30
0.11352	0.00000000414833	30	30
0.11335	0.00000000433179	30	30
0.11360	0.00000000409896	30	30
0.11345	0.00000000417299	30	30
0.11357	0.00000000417430	30	30
0.11336	0.00000000417075	30	30
0.11354	0.00000000417077	30	30
0.11352	0.00000000414306	30	30
0.11336	0.00000000414171	30	30
0.11382	0.00000000435212	30	30
0.11357	0.00000000413676	30	30
0.11386	0.00000000411904	30	30
0.11299	0.00000000412347	30	30
0.11362	0.00000000414269	30	30
0.11354	0.00000000409500	30	30
0.11334	0.00000000416056	30	30
0.11367	0.00000000419489	30	30
0.11355	0.00000000416160	30	30
0.11346	0.00000000416853	30	30
0.11344	0.00000000416112	30	30
0.11375	0.00000000424256	30	30
0.11350	0.00000000424324	30	30
0.11360	0.00000000413122	30	30
0.11340	0.00000000413495	30	30
0.11359	0.00000000413372	30	30
0.11341	0.00000000414671	30	30
0.11349	0.00000000413502	30	30
0.11359	0.00000000409650	30	30
0.11589	0.00000000429197	30	30
0.11342	0.00000000417376	30	30
0.11347	0.00000000416267	30	30
0.11351	0.00000000418849	30	30
0.11355	0.00000000417538	30	30
0.11343	0.00000000413751	30	30
0.11373	0.00000000414160	30	30
0.11355	0.00000000414930	30	30
0.11357	0.00000000411397	30	30
0.11345	0.00000000424550	30	30
0.11373	0.00000000426192	30	30
0.11352	0.00000000412961	30	30
0.11369	0.00000000409171	30	30
0.13508	0.00000000766947	30	30
0.11436	0.00000000423752	30	30
0.11477	0.00000000425024	30	30
0.11451	0.00000000424453	30	30
0.11445	0.00000000424762	30	30
0.11490	0.00000000421922	30	30
0.11362	0.00000000426981	30	30
0.11361	0.00000000416476	30	30
0.11372	0.00000000424819	30	30
0.11360	0.00000000412106	30	30
0.11346	0.00000000416112	30	30
0.11358	0.00000000415860	30	30
0.11346	0.00000000411171	30	30
0.11246	0.00000000407913	30	30
0.11456	0.00000000561437	30	30
0.11437	0.00000000439126	30	30
0.11359	0.00000000414101	30	30
0.11305	0.00000000415742	30	30
0.11354	0.00000000426574	30	30
0.11353	0.00000000428024	30	30
0.11334	0.00000000406396	30	30
0.11363	0.00000000425252	30	30
0.11345	0.00000000416685	30	30
0.11428	0.00000000415565	30	30
0.11300	0.00000000410049	30	30
0.11350	0.00000000412573	30	30
0.11350	0.00000000415742	30	30
0.11339	0.00000000412233	30	30
0.11354	0.00000000411308	30	30
0.11393	0.00000000442198	30	30
0.11345	0.00000000417723	30	30
0.11380	0.00000000417793	30	30
0.11315	0.00000000416246	30	30
0.11360	0.00000000418305	30	30
0.11344	0.00000000414001	30	30
0.11340	0.00000000415314	30	30
0.11393	0.00000000415802	30	30
0.11344	0.00000000412169	30	30
0.11340	0.00000000431663	30	30
0.11342	0.00000000416732	30	30
0.11369	0.00000000414010	30	30
0.11357	0.00000000410102	30	30
0.11327	0.00000000416897	30	30
0.11360	0.00000000428183	30	30
0.11353	0.00000000416192	30	30
0.11355	0.00000000418295	30	30
0.11354	0.00000000416521	30	30
0.11357	0.00000000416760	30	30
0.11345	0.00000000414276	30	30
0.11346	0.00000000414524	30	30
0.11387	0.00000000414828	30	30
0.11340	0.00000000412842	30	30
0.11335	0.00000000414879	30	30
0.11364	0.00000000412522	30	30
0.11336	0.00000000410183	30	30
0.11314	0.00000000414294	30	30
0.11407	0.00000000416905	30	30
0.11284	0.00000000413023	30	30
0.11364	0.00000000419739	30	30
0.11347	0.00000000415554	30	30
0.11401	0.00000000415241	30	30
0.11290	0.00000000414790	30	30
0.11390	0.00000000415174	30	30
0.11351	0.00000000411882	30	30
0.11334	0.00000000432802	30	30
0.11361	0.00000000415760	30	30
0.11356	0.00000000412141	30	30
0.11310	0.00000000409813	30	30
0.13936	0.00000000780930	30	30
0.11350	0.00000000419456	30	30
0.11350	0.00000000416580	30	30
0.11347	0.00000000426617	30	30
0.11337	0.00000000419873	30	30
0.11364	0.00000000406147	30	30
0.11385	0.00000000424618	30	30
0.11348	0.00000000414359	30	30
0.11342	0.00000000414493	30	30
0.11358	0.00000000412546	30	30
0.11343	0.00000000412938	30	30
0.11344	0.00000000416649	30	30
0.11366	0.00000000410413	30	30
0.11354	0.00000000417571	30	30
0.11343	0.00000000416410	30	30
0.11338	0.00000000418524	30	30
0.11356	0.00000000419408	30	30
0.11357	0.00000000416368	30	30
0.11352	0.00000000414659	30	30
0.11372	0.00000000426084	30	30
0.11351	0.00000000422683	30	30
0.11348	0.00000000413675	30	30
0.11308	0.00000000413263	30	30
0.11392	0.00000000417795	30	30
0.11357	0.00000000412770	30	30
0.11327	0.00000000409437	30	30
0.13928	0.00000000748059	30	30
0.11342	0.00000000410364	30	30
0.11360	0.00000000427105	30	30
0.11353	0.00000000426155	30	30
0.11346	0.00000000417622	30	30
0.11340	0.00000000414763	30	30
0.11371	0.00000000416656	30	30
0.11364	0.00000000415009	30	30
0.11335	0.00000000413357	30	30
0.11369	0.00000000414183	30	30
0.11340	0.00000000414753	30	30
0.11319	0.00000000412337	30	30
0.11387	0.00000000412461	30	30
0.11342	0.00000000418807	30	30
0.11357	0.00000000417845	30	30
0.11340	0.00000000417543	30	30
0.11367	0.00000000419131	30	30
0.11353	0.00000000416297	30	30
0.11400	0.00000000415186	30	30
0.11341	0.00000000414865	30	30
0.11352	0.00000000414982	30	30
0.11350	0.00000000412148	30	30
0.11338	0.00000000414943	30	30
0.11357	0.00000000436048	30	30
0.11357	0.00000000411577	30	30
0.11260	0.00000000410346	30	30
0.11334	0.00000000416251	30	30
0.11321	0.00000000417472	30	30
0.11358	0.00000000418138	30	30
0.11345	0.00000000415641	30	30
0.11345	0.00000000418636	30	30
0.11385	0.00000000414824	30	30
0.11334	0.00000000414803	30	30
0.11368	0.00000000424536	30	30
0.11343	0.00000000423416	30	30
0.11356	0.00000000415232	30	30
0.11350	0.00000000415846	30	30
0.11314	0.00000000412398	30	30
0.11383	0.00000000411839	30	30
0.11422	0.00000000422751	30	30
0.11356	0.00000000428502	30	30
0.11343	0.00000000418178	30	30
0.11345	0.00000000419107	30	30
0.11351	0.00000000427496	30	30
0.11364	0.00000000415838	30	30
0.11346	0.00000000414683	30	30
0.11375	0.00000000415415	30	30
0.11337	0.00000000412443	30	30
0.11360	0.00000000412512	30	30
0.11335	0.00000000417217	30	30
0.11374	0.00000000413415	30	30
0.11341	0.00000000419551	30	30
0.11336	0.00000000418663	30	30
0.11364	0.00000000418326	30	30
0.11351	0.00000000416671	30	30
0.11337	0.00000000418347	30	30
0.11342	0.00000000417633	30	30
0.11380	0.00000000415980	30	30
0.11344	0.00000000415042	30	30
0.11346	0.00000000414052	30	30
0.11371	0.00000000414745	30	30
0.11340	0.00000000424132	30	30
0.11368	0.00000000424994	30	30
0.11329	0.00000000413516	30	30
0.11359	0.00000000411852	30	30
0.11325	0.00000000415296	30	30
0.11349	0.00000000418364	30	30
0.11343	0.00000000417927	30	30
0.11350	0.00000000418481	30	30
0.11355	0.00000000419292	30	30
0.11353	0.00000000414331	30	30
0.11331	0.00000000427550	30	30
0.11394	0.00000000416143	30	30
0.11352	0.00000000422702	30	30
0.11345	0.00000000413137	30	30
0.11342	0.00000000416755	30	30
0.11366	0.00000000414187	30	30
0.11347	0.00000000410174	30	30
0.11334	0.00000000420408	30	30
0.11360	0.00000000418245	30	30
0.11341	0.00000000416670	30	30
0.11354	0.00000000419239	30	30
0.11348	0.00000000416682	30	30
0.11391	0.00000000414996	30	30
0.11343	0.00000000415047	30	30
0.11358	0.00000000415394	30	30
0.11368	0.00000000423419	30	30
0.11329	0.00000000424763	30	30
0.11335	0.00000000413691	30	30
0.11377	0.00000000412879	30	30
0.11355	0.00000000417676	30	30
0.11353	0.00000000417686	30	30
0.11343	0.00000000417693	30	30
0.11353	0.00000000418960	30	30
0.11345	0.00000000417706	30	30
0.11344	0.00000000415729	30	30
0.11361	0.00000000417568	30	30
0.11383	0.00000000415365	30	30
0.11344	0.00000000412811	30	30
0.11320	0.00000000421799	30	30
0.11378	0.00000000419305	30	30
0.11347	0.00000000422161	30	30
0.11353	0.00000000410039	30	30
0.13914	0.00000000786324	30	30
0.11335	0.00000000420331	30	30
0.11371	0.00000000417651	30	30
0.11346	0.00000000417817	30	30
0.11367	0.00000000420018	30	30
0.11329	0.00000000416468	30	30
0.11349	0.00000000416144	30	30
0.11386	0.00000000414549	30	30
0.11318	0.00000000414124	30	30
0.11368	0.00000000434822	30	30
0.11362	0.00000000416538	30	30
0.11349	0.00000000412905	30	30
0.11345	0.00000000412620	30	30
0.11357	0.00000000418531	30	30
0.11349	0.00000000428416	30	30
0.11331	0.00000000416648	30	30
0.11368	0.00000000420395	30	30
0.11353	0.00000000425587	30	30
0.11372	0.00000000416079	30	30
0.11346	0.00000000415334	30	30
0.11347	0.00000000414224	30	30
0.11350	0.00000000413445	30	30
0.11310	0.00000000415272	30	30
0.11387	0.00000000417142	30	30
0.11349	0.00000000411559	30	30
0.11311	0.00000000411218	30	30
0.11320	0.00000000414782	30	30
0.11332	0.00000000419217	30	30
0.11360	0.00000000420005	30	30
0.11353	0.00000000416311	30	30
0.11349	0.00000000418297	30	30
0.11376	0.00000000416895	30	30
0.11324	0.00000000414924	30	30
0.11384	0.00000000415929	30	30
0.11341	0.00000000412848	30	30
0.11345	0.00000000414206	30	30
0.11348	0.00000000435358	30	30
0.11315	0.00000000413577	30	30
0.11388	0.00000000413280	30	30
0.11386	0.00000000424490	30	30
0.11350	0.00000000420207	30	30
0.11352	0.00000000417673	30	30
0.11337	0.00000000419182	30	30
0.11358	0.00000000419500	30	30
0.11355	0.00000000415972	30	30
0.11387	0.00000000434461	30	30
0.11334	0.00000000415916	30	30
0.11334	0.00000000413537	30	30
0.11377	0.00000000414191	30	30
0.11343	0.00000000416883	30	30
0.11376	0.00000000414843	30	30
0.11346	0.00000000410361	30	30
0.14002	0.00000000749520	30	30
0.11345	0.00000000419083	30	30
0.11351	0.00000000418033	30	30
0.11352	0.00000000417361	30	30
0.11351	0.00000000420747	30	30
0.11334	0.00000000415023	30	30
0.11383	0.00000000417102	30	30
0.11332	0.00000000416965	30	30
0.11375	0.00000000414267	30	30
0.11350	0.00000000414219	30	30
0.11358	0.00000000413530	30	30
0.11353	0.00000000435524	30	30
0.11335	0.00000000414463	30	30
0.11353	0.00000000411677	30	30
0.11327	0.00000000417048	30	30
0.11347	0.00000000417708	30	30
0.11353	0.00000000419398	30	30
0.11345	0.00000000419488	30	30
0.11352	0.00000000419045	30	30
0.11351	0.00000000414273	30	30
0.11335	0.00000000418143	30	30
0.11385	0.00000000415309	30	30
0.11352	0.00000000431393	30	30
0.11342	0.00000000414553	30	30
0.11351	0.00000000417410	30	30
0.11358	0.00000000413411	30	30
0.11350	0.00000000411474	30	30
0.11225	0.00000000419413	30	30
0.13947	0.00000000744590	30	30
0.11333	0.00000000420407	30	30
0.11363	0.00000000419022	30	30
0.11349	0.00000000418445	30	30
0.11347	0.00000000417737	30	30
0.11343	0.00000000417792	30	30
0.11382	0.00000000416753	30	30
0.11347	0.00000000414336	30	30
0.11343	0.00000000413446	30	30
0.11367	0.00000000414171	30	30
0.11340	0.00000000425890	30	30
0.11323	0.00000000424536	30	30
0.11385	0.00000000413610	30	30
0.11345	0.00000000418580	30	30
0.11353	0.00000000418724	30	30
0.11338	0.00000000419076	30	30
0.11359	0.00000000418685	30	30
0.11345	0.00000000417364	30	30
0.11364	0.00000000416190	30	30
0.11354	0.00000000417647	30	30
0.11366	0.00000000414774	30	30
0.11344	0.00000000433516	30	30
0.11324	0.00000000415389	30	30
0.11379	0.00000000419106	30	30
0.11345	0.00000000412681	30	30
0.11340	0.00000000409568	30	30
0.11353	0.00000000420240	30	30
0.11356	0.00000000418110	30	30
0.11343	0.00000000418405	30	30
0.11349	0.00000000419006	30	30
0.11342	0.00000000417245	30	30
0.11377	0.00000000417226	30	30
0.11358	0.00000000414233	30	30
0.11317	0.00000000415270	30	30
0.11383	0.00000000415170	30	30
0.11347	0.00000000425850	30	30
0.11356	0.00000000422809	30	30
0.11337	0.00000000411624	30	30
0.13988	0.00000000783537	30	30
0.11344	0.00000000420239	30	30
0.11353	0.00000000418544	30	30
0.11331	0.00000000417313	30	30
0.11366	0.00000000421172	30	30
0.11350	0.00000000425828	30	30
0.11390	0.00000000425475	30	30
0.11330	0.00000000416049	30	30
0.11355	0.00000000414659	30	30
0.11347	0.00000000414046	30	30
0.11319	0.00000000416319	30	30
0.11389	0.00000000416488	30	30
0.11349	0.00000000412085	30	30
0.11208	0.00000000408337	30	30
0.11317	0.00000000416410	30	30
0.11339	0.00000000419898	30	30
0.11356	0.00000000419592	30	30
0.11347	0.00000000418243	30	30
0.11391	0.00000000427592	30	30
0.11336	0.00000000424687	30	30
0.11365	0.00000000415839	30	30
0.11349	0.00000000413950	30	30
0.11333	0.00000000416373	30	30
0.11366	0.00000000413210	30	30
0.11346	0.00000000417357	30	30
0.11318	0.00000000412917	30	30
0.11373	0.00000000424004	30	30
0.11511	0.00000000440025	30	30
0.11351	0.00000000421810	30	30
0.11350	0.00000000418595	30	30
0.11338	0.00000000419531	30	30
0.11363	0.00000000418718	30	30
0.11346	0.00000000415751	30	30
0.11381	0.00000000416623	30	30
0.11338	0.00000000416184	30	30
0.11379	0.00000000424337	30	30
0.11347	0.00000000424224	30	30
0.11390	0.00000000420141	30	30
0.11441	0.00000000420229	30	30
0.11406	0.00000000417010	30	30
0.11439	0.00000000424575	30	30
0.11386	0.00000000421514	30	30
0.11356	0.00000000419021	30	30
0.11350	0.00000000419555	30	30
0.11444	0.00000000433580	30	30
0.11393	0.00000000420663	30	30
0.11371	0.00000000417345	30	30
0.11382	0.00000000424303	30	30
0.11321	0.00000000414710	30	30
0.11377	0.00000000414369	30	30
0.11355	0.00000000416680	30	30
0.11334	0.00000000413924	30	30
0.11358	0.00000000412231	30	30
0.11358	0.00000000420472	30	30
0.11359	0.00000000419148	30	30
0.11328	0.00000000419712	30	30
0.11361	0.00000000419525	30	30
0.11349	0.00000000414762	30	30
0.11364	0.00000000416256	30	30
0.11355	0.00000000417444	30	30
0.11349	0.00000000413611	30	30
0.11353	0.00000000424595	30	30
0.11335	0.00000000426433	30	30
0.11360	0.00000000414786	30	30
0.11355	0.00000000411662	30	30
0.11344	0.00000000420814	30	30
0.11348	0.00000000420069	30	30
0.11357	0.00000000417512	30	30
0.11363	0.00000000429158	30	30
0.11331	0.00000000417595	30	30
0.11378	0.00000000425121	30	30
0.11351	0.00000000416332	30	30
0.11318	0.00000000414676	30	30
0.11382	0.00000000415541	30	30
0.11348	0.00000000414823	30	30
0.11341	0.00000000416020	30	30
0.11357	0.00000000413373	30	30
0.11294	0.00000000412291	30	30
0.11325	0.00000000416411	30	30
0.11353	0.00000000419258	30	30
0.11339	0.00000000419242	30	30
0.11362	0.00000000419746	30	30
0.11350	0.00000000417823	30	30
0.11372	0.00000000415537	30	30
0.11312	0.00000000417171	30	30
0.11390	0.00000000417877	30	30
0.11351	0.00000000414144	30	30
0.11313	0.00000000414717	30	30
0.11393	0.00000000420030	30	30
0.11347	0.00000000433005	30	30
0.11365	0.00000000411933	30	30
0.11331	0.00000000421864	30	30
0.11361	0.00000000419566	30	30
0.11346	0.00000000419115	30	30
0.11334	0.00000000419440	30	30
0.11372	0.00000000417108	30	30
0.11373	0.00000000434968	30	30
0.11356	0.00000000416418	30	30
0.11319	0.00000000413244	30	30
0.11365	0.00000000416840	30	30
0.11350	0.00000000416728	30	30
0.11337	0.00000000413921	30	30
0.11366	0.00000000413564	30	30
0.11353	0.00000000420554	30	30
0.11359	0.00000000419035	30	30
0.11332	0.00000000418789	30	30
0.11347	0.00000000420686	30	30
0.11368	0.00000000417289	30	30
0.11341	0.00000000416160	30	30
0.11384	0.00000000418984	30	30
0.11345	0.00000000413908	30	30
0.11363	0.00000000413503	30	30
0.11322	0.00000000416925	30	30
0.11368	0.00000000427634	30	30
0.11344	0.00000000421623	30	30
0.11318	0.00000000412370	30	30
0.11298	0.00000000416740	30	30
0.11371	0.00000000420592	30	30
0.11348	0.00000000418019	30	30
0.11343	0.00000000418272	30	30
0.11344	0.00000000421390	30	30
0.11381	0.00000000417581	30	30
0.11315	0.00000000426548	30	30
0.11381	0.00000000424830	30	30
0.11360	0.00000000415307	30	30
0.11343	0.00000000413339	30	30
0.11357	0.00000000416722	30	30
0.11348	0.00000000415252	30	30
0.11340	0.00000000410992	30	30
0.11354	0.00000000420084	30	30
0.11338	0.00000000419325	30	30
0.11354	0.00000000419189	30	30
0.11353	0.00000000419888	30	30
0.11349	0.00000000416189	30	30
0.11376	0.00000000417987	30	30
0.11358	0.00000000415013	30	30
0.11344	0.00000000416220	30	30
0.11339	0.00000000425036	30	30
0.11361	0.00000000426378	30	30
0.11358	0.00000000415161	30	30
0.11309	0.00000000411358	30	30
0.11329	0.00000000418793	30	30
0.11360	0.00000000421254	30	30
0.11345	0.00000000418049	30	30
0.11342	0.00000000420017	30	30
0.11364	0.00000000419971	30	30
0.11378	0.00000000416177	30	30
0.11349	0.00000000425338	30	30
0.11344	0.00000000415744	30	30
0.11353	0.00000000424865	30	30
0.11350	0.00000000414947	30	30
0.11315	0.00000000416514	30	30
0.11389	0.00000000417068	30	30
0.11347	0.00000000412391	30	30
0.11349	0.00000000421726	30	30
0.11342	0.00000000417984	30	30
0.11358	0.00000000419829	30	30
0.11356	0.00000000419870	30	30
0.11338	0.00000000426312	30	30
0.11364	0.00000000418091	30	30
0.11363	0.00000000425784	30	30
0.11349	0.00000000413624	30	30
0.11317	0.00000000415780	30	30
0.11394	0.00000000420567	30	30
0.11346	0.00000000412303	30	30
0.11362	0.00000000413759	30	30
0.11352	0.00000000420276	30	30
0.11354	0.00000000419097	30	30
0.11346	0.00000000418306	30	30
0.11335	0.00000000418583	30	30
0.11371	0.00000000419164	30	30
0.11364	0.00000000416606	30	30
0.11401	0.00000000414127	30	30
0.11306	0.00000000424579	30	30
0.11350	0.00000000422234	30	30
0.11340	0.00000000417946	30	30
0.11350	0.00000000416314	30	30
0.11349	0.00000000412747	30	30
0.11226	0.00000000409933	30	30
0.11317	0.00000000418171	30	30
0.11348	0.00000000419354	30	30
0.11339	0.00000000419187	30	30
0.11360	0.00000000420408	30	30
0.11346	0.00000000417819	30	30
0.11359	0.00000000415998	30	30
0.11374	0.00000000417868	30	30
0.11351	0.00000000435063	30	30
0.11351	0.00000000414838	30	30
0.11331	0.00000000415204	30	30
0.11356	0.00000000417885	30	30
0.11360	0.00000000413664	30	30
0.11308	0.00000000411780	30	30
0.11469	0.00000000431959	30	30
0.13963	0.00000000752464	30	30
0.11362	0.00000000423014	30	30
0.11368	0.00000000420168	30	30
0.11359	0.00000000419324	30	30
0.11331	0.00000000420013	30	30
0.11359	0.00000000417978	30	30
0.11383	0.00000000416408	30	30
0.11304	0.00000000416266	30	30
0.11384	0.00000000417397	30	30
0.11350	0.00000000415356	30	30
0.11352	0.00000000415884	30	30
0.11338	0.00000000426451	30	30
0.11363	0.00000000421687	30	30
0.11351	0.00000000422017	30	30
0.11346	0.00000000420427	30	30
0.11352	0.00000000418620	30	30
0.11351	0.00000000420056	30	30
0.11355	0.00000000416603	30	30
0.11364	0.00000000436541	30	30
0.11364	0.00000000416840	30	30
0.11341	0.00000000415202	30	30
0.11321	0.00000000414882	30	30
0.11377	0.00000000417426	30	30
0.11355	0.00000000416919	30	30
0.11375	0.00000000412104	30	30
0.11309	0.00000000413256	30	30
0.11298	0.00000000420561	30	30
0.11359	0.00000000421683	30	30
0.11338	0.00000000417636	30	30
0.11337	0.00000000420329	30	30
0.11362	0.00000000420565	30	30
0.11352	0.00000000417113	30	30
0.11351	0.00000000416870	30	30
0.11360	0.00000000418151	30	30
0.11362	0.00000000414914	30	30
0.11352	0.00000000415613	30	30
0.11318	0.00000000416874	30	30
0.11386	0.00000000427209	30	30
0.11339	0.00000000423757	30	30
0.11229	0.00000000423561	30	30
0.11355	0.00000000422794	30	30
0.11336	0.00000000420750	30	30
0.11349	0.00000000418668	30	30
0.11354	0.00000000421669	30	30
0.11348	0.00000000414804	30	30
0.11378	0.00000000429265	30	30
0.11354	0.00000000427125	30	30
0.11343	0.00000000413501	30	30
0.11347	0.00000000416186	30	30
0.11344	0.00000000417648	30	30
0.11356	0.00000000415523	30	30
0.11341	0.00000000413077	30	30
0.11357	0.00000000421829	30	30
0.11346	0.00000000419308	30	30
0.11357	0.00000000419745	30	30
0.11326	0.00000000422528	30	30
0.11367	0.00000000418276	30	30
0.11375	0.00000000417698	30	30
0.11321	0.00000000417249	30	30
0.11383	0.00000000419466	30	30
0.11354	0.00000000412801	30	30
0.11348	0.00000000414689	30	30
0.11332	0.00000000425968	30	30
0.11363	0.00000000423346	30	30
0.11339	0.00000000414227	30	30
0.11578	0.00000000441679	30	30
0.11357	0.00000000419500	30	30
0.11350	0.00000000419399	30	30
0.11341	0.00000000420067	30	30
0.11368	0.00000000421366	30	30
0.11337	0.00000000419469	30	30
0.11364	0.00000000419897	30	30
0.11379	0.00000000415644	30	30
0.11338	0.00000000433229	30	30
0.11351	0.00000000416976	30	30
0.11355	0.00000000417783	30	30
0.11363	0.00000000416358	30	30
0.11331	0.00000000412231	30	30
0.13985	0.00000000752396	30	30
0.11357	0.00000000422572	30	30
0.11354	0.00000000419521	30	30
0.11344	0.00000000419631	30	30
0.11352	0.00000000420574	30	30
0.11347	0.00000000417677	30	30
0.11377	0.00000000417316	30	30
0.11332	0.00000000417620	30	30
0.11377	0.00000000417085	30	30
0.11342	0.00000000415128	30	30
0.11316	0.00000000418049	30	30
0.11388	0.00000000418655	30	30
0.11357	0.00000000422597	30	30
0.11344	0.00000000418561	30	30
0.11376	0.00000000419251	30	30
0.11324	0.00000000419844	30	30
0.11350	0.00000000420253	30	30
0.11355	0.00000000428224	30	30
0.11343	0.00000000417673	30	30
0.11377	0.00000000426908	30	30
0.11348	0.00000000416751	30	30
0.11338	0.00000000415511	30	30
0.11367	0.00000000416332	30	30
0.11346	0.00000000417295	30	30
0.11351	0.00000000413626	30	30
0.11322	0.00000000422994	30	30
0.11567	0.00000000444385	30	30
0.13910	0.00000000771091	30	30
0.11358	0.00000000420349	30	30
0.11350	0.00000000419102	30	30
0.11341	0.00000000417828	30	30
0.11351	0.00000000422229	30	30
0.11358	0.00000000417524	30	30
0.11375	0.00000000416473	30	30
0.11341	0.00000000417724	30	30
0.11359	0.00000000424946	30	30
0.11345	0.00000000424724	30	30
0.11329	0.00000000417214	30	30
0.11370	0.00000000417359	30	30
0.11356	0.00000000412250	30	30
0.11346	0.00000000420004	30	30
0.11342	0.00000000413493	30	30
0.11359	0.00000000427944	30	30
0.11355	0.00000000408716	30	30
0.11343	0.00000000426927	30	30
0.11376	0.00000000416883	30	30
0.11351	0.00000000415913	30	30
0.11348	0.00000000415739	30	30
0.11340	0.00000000415724	30	30
0.11365	0.00000000416275	30	30
0.11343	0.00000000426451	30	30
0.11313	0.00000000415552	30	30
0.11335	0.00000000416646	30	30
0.11351	0.00000000419568	30	30
0.11347	0.00000000421811	30	30
0.11349	0.00000000418494	30	30
0.11328	0.00000000421484	30	30
0.11370	0.00000000420046	30	30
0.11354	0.00000000419537	30	30
0.11347	0.00000000417799	30	30
0.11392	0.00000000418950	30	30
0.11354	0.00000000414840	30	30
0.11343	0.00000000415138	30	30
0.11329	0.00000000428539	30	30
0.11384	0.00000000425335	30	30
0.11348	0.00000000412579	30	30
0.11377	0.00000000426191	30	30
0.11357	0.00000000421414	30	30
0.11344	0.00000000419209	30	30
0.11344	0.00000000420678	30	30
0.11355	0.00000000431077	30	30
0.11341	0.00000000418870	30	30
0.11385	0.00000000427442	30	30
0.11350	0.00000000415741	30	30
0.11343	0.00000000416799	30	30
0.11348	0.00000000415308	30	30
0.11362	0.00000000417003	30	30
0.11356	0.00000000415558	30	30
0.11334	0.00000000414784	30	30
0.11359	0.00000000421864	30	30
0.11348	0.00000000420234	30	30
0.11366	0.00000000420507	30	30
0.11327	0.00000000422358	30	30
0.11355	0.00000000416657	30	30
0.11377	0.00000000417213	30	30
0.11336	0.00000000417498	30	30
0.11361	0.00000000417929	30	30
0.11346	0.00000000424276	30	30
0.11343	0.00000000426146	30	30
0.11358	0.00000000417705	30	30
0.11342	0.00000000413650	30	30
0.11363	0.00000000412373	30	30
0.11308	0.00000000417018	30	30
0.11344	0.00000000421743	30	30
0.11360	0.00000000419491	30	30
0.11350	0.00000000431869	30	30
0.11342	0.00000000420665	30	30
0.11353	0.00000000417419	30	30
0.11346	0.00000000427970	30	30
0.11380	0.00000000416399	30	30
0.11325	0.00000000415167	30	30
0.11374	0.00000000414516	30	30
0.11343	0.00000000417939	30	30
0.11342	0.00000000413306	30	30
0.11364	0.00000000412828	30	30
0.13982	0.00000000753595	30	30
0.11343	0.00000000420576	30	30
0.11352	0.00000000418154	30	30
0.11333	0.00000000419797	30	30
0.11367	0.00000000421899	30	30
0.11355	0.00000000418050	30	30
0.11381	0.00000000417005	30	30
0.11334	0.00000000423708	30	30
0.11391	0.00000000406690	30	30
0.11353	0.00000000433680	30	30
0.11329	0.00000000418154	30	30
0.11435	0.00000000419946	30	30
0.11401	0.00000000416044	30	30
0.11447	0.00000000425426	30	30
0.11445	0.00000000422903	30	30
0.11399	0.00000000421476	30	30
0.11342	0.00000000418193	30	30
0.11563	0.00000000433967	30	30
0.11275	0.00000000412538	30	30
0.11345	0.00000000418909	30	30
0.11396	0.00000000417185	30	30
0.11347	0.00000000422880	30	30
0.11368	0.00000000417375	30	30
0.11344	0.00000000419215	30	30
0.11367	0.00000000423027	30	30
0.11343	0.00000000412226	30	30
0.11338	0.00000000421902	30	30
0.11364	0.00000000420645	30	30
0.11347	0.00000000420867	30	30
0.11362	0.00000000421096	30	30
0.11330	0.00000000416812	30	30
0.11389	0.00000000427330	30	30
0.11357	0.00000000415576	30	30
0.11310	0.00000000415026	30	30
0.11374	0.00000000416519	30	30
0.11362	0.00000000416964	30	30
0.11343	0.00000000413715	30	30
0.11342	0.00000000424194	30	30
0.11349	0.00000000418424	30	30
0.11356	0.00000000418957	30	30
0.11335	0.00000000421932	30	30
0.11360	0.00000000423196	30	30
0.11359	0.00000000417879	30	30
0.11356	0.00000000417433	30	30
0.11332	0.00000000418086	30	30
0.11388	0.00000000417256	30	30
0.11349	0.00000000424377	30	30
0.11312	0.00000000416558	30	30
0.11383	0.00000000426236	30	30
0.11349	0.00000000412263	30	30
0.11327	0.00000000412369	30	30
0.11483	0.00000000449071	30	30
0.11318	0.00000000418481	30	30
0.11329	0.00000000422305	30	30
0.11359	0.00000000419939	30	30
0.11350	0.00000000419255	30	30
0.11339	0.00000000420068	30	30
0.11356	0.00000000417518	30	30
0.11345	0.00000000428742	30	30
0.11381	0.00000000416365	30	30
0.11340	0.00000000424835	30	30
0.11356	0.00000000415950	30	30
0.11356	0.00000000416323	30	30
0.11312	0.00000000414151	30	30
0.11385	0.00000000415017	30	30
0.11236	0.00000000421997	30	30
0.11346	0.00000000420669	30	30
0.11353	0.00000000418970	30	30
0.11338	0.00000000422953	30	30
0.11359	0.00000000421073	30	30
0.11351	0.00000000416049	30	30
0.11349	0.00000000417237	30	30
0.11379	0.00000000418557	30	30
0.11356	0.00000000415262	30	30
0.11342	0.00000000413869	30	30
0.11331	0.00000000428851	30	30
0.11363	0.00000000426273	30	30
0.11355	0.00000000415088	30	30
0.11345	0.00000000420964	30	30
0.11349	0.00000000420537	30	30
0.11356	0.00000000418290	30	30
0.11347	0.00000000419763	30	30
0.11343	0.00000000417932	30	30
0.11369	0.00000000416937	30	30
0.11363	0.00000000428128	30	30
0.11334	0.00000000414945	30	30
0.11373	0.00000000425370	30	30
0.11351	0.00000000415333	30	30
0.11365	0.00000000417074	30	30
0.11348	0.00000000416154	30	30
0.11346	0.00000000412877	30	30
0.11599	0.00000000442868	30	30
0.11344	0.00000000424794	30	30
0.11349	0.00000000420416	30	30
0.11341	0.00000000420360	30	30
0.11356	0.00000000421080	30	30
0.11381	0.00000000427855	30	30
0.11340	0.00000000417409	30	30
0.11355	0.00000000426975	30	30
0.11360	0.00000000415496	30	30
0.11353	0.00000000415487	30	30
0.11331	0.00000000421294	30	30
0.11354	0.00000000416249	30	30
0.11352	0.00000000413014	30	30
0.13989	0.00000000747254	30	30
0.11333	0.00000000420614	30	30
0.11362	0.00000000421453	30	30
0.11347	0.00000000418925	30	30
0.11355	0.00000000422158	30	30
0.11345	0.00000000417960	30	30
0.11381	0.00000000416917	30	30
0.11352	0.00000000415808	30	30
0.11316	0.00000000416079	30	30
0.11384	0.00000000415070	30	30
0.11347	0.00000000417546	30	30
0.11350	0.00000000434756	30	30
0.11346	0.00000000414128	30	30
0.11365	0.00000000419521	30	30
0.11345	0.00000000429241	30	30
0.11353	0.00000000417875	30	30
0.11332	0.00000000421193	30	30
0.11379	0.00000000420533	30	30
0.11357	0.00000000416341	30	30
0.11336	0.00000000416745	30	30
0.11377	0.00000000417299	30	30
0.11345	0.00000000414579	30	30
0.11368	0.00000000414767	30	30
0.11325	0.00000000416940	30	30
0.11356	0.00000000425034	30	30
0.11344	0.00000000421948	30	30
0.11587	0.00000000433255	30	30
0.11338	0.00000000419987	30	30
0.11359	0.00000000419930	30	30
0.11358	0.00000000419193	30	30
0.11348	0.00000000418421	30	30
0.11339	0.00000000418203	30	30
0.11376	0.00000000417351	30	30
0.11357	0.00000000435817	30	30
0.11314	0.00000000415599	30	30
0.11380	0.00000000416341	30	30
0.11340	0.00000000417458	30	30
0.11413	0.00000000414802	30	30
0.11301	0.00000000410620	30	30
0.11360	0.00000000420759	30	30
0.11344	0.00000000419246	30	30
0.11338	0.00000000417574	30	30
0.11363	0.00000000421207	30	30
0.11347	0.00000000417425	30	30
0.11382	0.00000000416732	30	30
0.11341	0.00000000416508	30	30
0.11355	0.00000000416055	30	30
0.11343	0.00000000413186	30	30
0.11310	0.00000000418521	30	30
0.11385	0.00000000420829	30	30
0.11358	0.00000000422093	30	30
0.11307	0.00000000424639	30	30
0.11314	0.00000000418210	30	30
0.11339	0.00000000421208	30	30
0.11363	0.00000000420294	30	30
0.11338	0.00000000418517	30	30
0.11360	0.00000000419650	30	30
0.11339	0.00000000418392	30	30
0.11350	0.00000000418051	30	30
0.11382	0.00000000417087	30	30
0.11331	0.00000000415575	30	30
0.11370	0.00000000427131	30	30
0.11344	0.00000000428080	30	30
0.11332	0.00000000414200	30	30
0.11362	0.00000000413854	30	30
0.11235	0.00000000423977	30	30
0.11348	0.00000000421872	30	30
0.11357	0.00000000427318	30	30
0.11330	0.00000000420498	30	30
0.11353	0.00000000421285	30	30
0.11357	0.00000000416156	30	30
0.11352	0.00000000417844	30	30
0.11375	0.00000000417363	30	30
0.11348	0.00000000415086	30	30
0.11397	0.00000000415651	30	30
0.11309	0.00000000415592	30	30
0.11349	0.00000000426559	30	30
0.11347	0.00000000421894	30	30
0.11335	0.00000000420993	30	30
0.11359	0.00000000420546	30	30
0.11349	0.00000000419601	30	30
0.11353	0.00000000420638	30	30
0.11343	0.00000000418404	30	30
0.11352	0.00000000416858	30	30
0.11352	0.00000000418734	30	30
0.11346	0.00000000416667	30	30
0.11388	0.00000000428733	30	30
0.11330	0.00000000422946	30	30
0.11357	0.00000000418896	30	30
0.11341	0.00000000414394	30	30
0.11354	0.00000000412997	30	30
0.11323	0.00000000417285	30	30
0.11348	0.00000000420090	30	30
0.11374	0.00000000429015	30	30
0.11321	0.00000000419730	30	30
0.11358	0.00000000409975	30	30
0.11355	0.00000000427426	30	30
0.11326	0.00000000417517	30	30
0.11394	0.00000000427770	30	30
0.11350	0.00000000415249	30	30
0.11343	0.00000000415022	30	30
0.11355	0.00000000418508	30	30
0.11361	0.00000000415374	30	30
0.11338	0.00000000412013	30	30
0.11325	0.00000000423284	30	30
0.11376	0.00000000420516	30	30
0.11345	0.00000000419186	30	30
0.11348	0.00000000420271	30	30
0.11336	0.00000000418921	30	30
0.11398	0.00000000417173	30	30
0.11352	0.00000000415883	30	30
0.11307	0.00000000414587	30	30
0.11386	0.00000000416619	30	30
0.11341	0.00000000426418	30	30
0.11358	0.00000000416358	30	30
0.11340	0.00000000424815	30	30
0.11345	0.00000000419729	30	30
0.11354	0.00000000421078	30	30
0.11349	0.00000000417660	30	30
0.11335	0.00000000421521	30	30
0.11369	0.00000000419792	30	30
0.11357	0.00000000425874	30	30
0.11333	0.00000000418630	30	30
0.11382	0.00000000425245	30	30
0.11347	0.00000000415846	30	30
0.11363	0.00000000414109	30	30
0.11333	0.00000000418873	30	30
0.11355	0.00000000414051	30	30
0.11342	0.00000000412107	30	30
0.11561	0.00000000443884	30	30
0.11350	0.00000000420705	30	30
0.11358	0.00000000421080	30	30
0.11350	0.00000000418686	30	30
0.11350	0.00000000419526	30	30
0.11344	0.00000000419073	30	30
0.11385	0.00000000417512	30	30
0.11351	0.00000000416094	30	30
0.11330	0.00000000413836	30	30
0.11354	0.00000000415900	30	30
0.11353	0.00000000428423	30	30
0.11364	0.00000000424606	30	30
0.11340	0.00000000412595	30	30
0.11353	0.00000000422784	30	30
0.11351	0.00000000420193	30	30
0.11342	0.00000000418752	30	30
0.11350	0.00000000421245	30	30
0.11356	0.00000000427649	30	30
0.11371	0.00000000416224	30	30
0.11345	0.00000000418719	30	30
0.11351	0.00000000425538	30	30
0.11355	0.00000000415822	30	30
0.11327	0.00000000417279	30	30
0.11368	0.00000000416926	30	30
0.11356	0.00000000414756	30	30
0.11291	0.00000000412572	30	30
0.11313	0.00000000417234	30	30
0.11336	0.00000000422389	30	30
0.11368	0.00000000418709	30	30
0.11348	0.00000000430011	30	30
0.11351	0.00000000419319	30	30
0.11368	0.00000000417185	30	30
0.11334	0.00000000417823	30	30
0.11369	0.00000000417191	30	30
0.11315	0.00000000414060	30	30
0.11384	0.00000000417618	30	30
0.11350	0.00000000417540	30	30
0.11359	0.00000000424362	30	30
0.11328	0.00000000414263	30	30
0.11263	0.00000000433720	30	30
0.13983	0.00000000772546	30	30
0.11346	0.00000000421191	30	30
0.11359	0.00000000418323	30	30
0.11329	0.00000000419245	30	30
0.11362	0.00000000421536	30	30
0.11353	0.00000000416578	30	30
0.11381	0.00000000427181	30	30
0.11338	0.00000000416904	30	30
0.11349	0.00000000424283	30	30
0.11351	0.00000000415655	30	30
0.11333	0.00000000418195	30	30
0.11367	0.00000000415043	30	30
0.11351	0.00000000413227	30	30
0.14011	0.00000000750533	30	30
0.11364	0.00000000420953	30	30
0.11351	0.00000000421179	30	30
0.11359	0.00000000419748	30	30
0.11339	0.00000000419970	30	30
0.11344	0.00000000419676	30	30
0.11370	0.00000000417332	30	30
0.11332	0.00000000420103	30	30
0.11394	0.00000000416656	30	30
0.11344	0.00000000414846	30	30
0.11338	0.00000000416455	30	30
0.11358	0.00000000426796	30	30
0.11329	0.00000000423842	30	30
0.11361	0.00000000413518	30	30
0.11280	0.00000000415114	30	30
0.11353	0.00000000420880	30	30
0.11350	0.00000000418435	30	30
0.11339	0.00000000420081	30	30
0.11357	0.00000000419140	30	30
0.11384	0.00000000417590	30	30
0.11309	0.00000000417509	30	30
0.11402	0.00000000428158	30	30
0.11348	0.00000000424303	30	30
0.11332	0.00000000414119	30	30
0.11348	0.00000000419425	30	30
0.11359	0.00000000414593	30	30
0.11351	0.00000000413487	30	30
0.11202	0.00000000421639	30	30
0.13868	0.00000000747641	30	30
0.11338	0.00000000422142	30	30
0.11356	0.00000000419423	30	30
0.11345	0.00000000418922	30	30
0.11360	0.00000000421247	30	30
0.11337	0.00000000419514	30	30
0.11388	0.00000000417208	30	30
0.11341	0.00000000416684	30	30
0.11346	0.00000000415937	30	30
0.11360	0.00000000414314	30	30
0.11349	0.00000000436927	30	30
0.11318	0.00000000416975	30	30
0.11385	0.00000000414293	30	30
0.11349	0.00000000421400	30	30
0.11352	0.00000000420882	30	30
0.11346	0.00000000419144	30	30
0.11340	0.00000000423426	30	30
0.11365	0.00000000418978	30	30
0.11342	0.00000000416239	30	30
0.11365	0.00000000419444	30	30
0.11369	0.00000000415614	30	30
0.11337	0.00000000415116	30	30
0.11329	0.00000000415499	30	30
0.11370	0.00000000430629	30	30
0.11360	0.00000000423883	30	30
0.11345	0.00000000412511	30	30
0.13952	0.00000000763038	30	30
0.11349	0.00000000422003	30	30
0.11357	0.00000000420628	30	30
0.11343	0.00000000419202	30	30
0.11353	0.00000000419910	30	30
0.11340	0.00000000417667	30	30
0.11373	0.00000000418235	30	30
0.11365	0.00000000416493	30	30
0.11328	0.00000000414907	30	30
0.11370	0.00000000416016	30	30
0.11347	0.00000000429640	30	30
0.11369	0.00000000424109	30	30
0.11328	0.00000000412943	30	30
0.11355	0.00000000420217	30	30
0.11355	0.00000000430748	30	30
0.11331	0.00000000418468	30	30
0.11372	0.00000000423336	30	30
0.11357	0.00000000418178	30	30
0.11386	0.00000000429306	30	30
0.11359	0.00000000418268	30	30
0.11356	0.00000000415470	30	30
0.11407	0.00000000416984	30	30
0.11382	0.00000000421920	30	30
0.11435	0.00000000423109	30	30
0.11417	0.00000000428193	30	30
0.11356	0.00000000418254	30	30
0.11460	0.00000000418528	30	30
0.11354	0.00000000420727	30	30
0.11360	0.00000000420400	30	30
0.11377	0.00000000420257	30	30
0.11431	0.00000000428109	30	30
0.11370	0.00000000415576	30	30
0.11370	0.00000000416729	30	30
0.11357	0.00000000417237	30	30
0.11348	0.00000000425312	30	30
0.11363	0.00000000424748	30	30
0.11345	0.00000000417731	30	30
0.11336	0.00000000416442	30	30
0.11360	0.00000000413717	30	30
0.11341	0.00000000420939	30	30
0.11361	0.00000000429990	30	30
0.11336	0.00000000409545	30	30
0.11355	0.00000000430083	30	30
0.11353	0.00000000417741	30	30
0.11350	0.00000000418075	30	30
0.11378	0.00000000427851	30	30
0.11340	0.00000000415602	30	30
0.11357	0.00000000415521	30	30
0.11334	0.00000000416492	30	30
0.11364	0.00000000417357	30	30
0.11354	0.00000000412719	30	30
0.11212	0.00000000412678	30	30
0.11317	0.00000000426931	30	30
0.11348	0.00000000421779	30	30
0.11355	0.00000000419937	30	30
0.11336	0.00000000420351	30	30
0.11342	0.00000000419442	30	30
0.11380	0.00000000418224	30	30
0.11335	0.00000000418547	30	30
0.11392	0.00000000416504	30	30
0.11329	0.00000000416140	30	30
0.11349	0.00000000416333	30	30
0.11357	0.00000000419537	30	30
0.11340	0.00000000414956	30	30
0.11362	0.00000000432055	30	30
0.11539	0.00000000431828	30	30
0.11349	0.00000000421618	30	30
0.11346	0.00000000418346	30	30
0.11348	0.00000000423379	30	30
0.11356	0.00000000419045	30	30
0.11368	0.00000000418146	30	30
0.11347	0.00000000416370	30	30
0.11355	0.00000000427612	30	30
0.11364	0.00000000425628	30	30
0.11324	0.00000000414880	30	30
0.11367	0.00000000418913	30	30
0.11347	0.00000000416855	30	30
0.11367	0.00000000412548	30	30
0.11322	0.00000000421357	30	30
0.11364	0.00000000421564	30	30
0.11352	0.00000000418958	30	30
0.11350	0.00000000421657	30	30
0.11347	0.00000000418487	30	30
0.11403	0.00000000420506	30	30
0.11349	0.00000000418205	30	30
0.11337	0.00000000416283	30	30
0.11368	0.00000000425423	30	30
0.11342	0.00000000425479	30	30
0.11310	0.00000000416592	30	30
0.11391	0.00000000416676	30	30
0.11320	0.00000000413193	30	30
0.11318	0.00000000418708	30	30
0.11351	0.00000000419775	30	30
0.11338	0.00000000421154	30	30
0.11353	0.00000000421770	30	30
0.11354	0.00000000418355	30	30
0.11347	0.00000000428197	30	30
0.11346	0.00000000411834	30	30
0.11376	0.00000000428036	30	30
0.11364	0.00000000424463	30	30
0.11331	0.00000000416596	30	30
0.11355	0.00000000417224	30	30
0.11353	0.00000000416784	30	30
0.11313	0.00000000413074	30	30
0.11437	0.00000000430964	30	30
0.13995	0.00000000754544	30	30
0.11362	0.00000000423896	30	30
0.11347	0.00000000419260	30	30
0.11343	0.00000000420366	30	30
0.11339	0.00000000421583	30	30
0.11364	0.00000000419703	30	30
0.11376	0.00000000417157	30	30
0.11333	0.00000000415745	30	30
0.11358	0.00000000418508	30	30
0.11352	0.00000000415495	30	30
0.11355	0.00000000419094	30	30
0.11337	0.00000000428006	30	30
0.11373	0.00000000424099	30	30
0.11351	0.00000000419542	30	30
0.11337	0.00000000419826	30	30
0.11356	0.00000000421275	30	30
0.11343	0.00000000421243	30	30
0.11352	0.00000000418129	30	30
0.11348	0.00000000419945	30	30
0.11357	0.00000000428231	30	30
0.11368	0.00000000416104	30	30
0.11339	0.00000000425659	30	30
0.11357	0.00000000418378	30	30
0.11355	0.00000000417781	30	30
0.11355	0.00000000414784	30	30
0.11325	0.00000000413305	30	30
0.11310	0.00000000400831	30	30
0.11357	0.00000000431251	30	30
0.11357	0.00000000410675	30	30
0.11349	0.00000000441276	30	30
0.11339	0.00000000421296	30	30
0.11359	0.00000000418752	30	30
0.11339	0.00000000418077	30	30
0.11345	0.00000000418404	30	30
0.11394	0.00000000416890	30	30
0.11346	0.00000000416960	30	30
0.11364	0.00000000415054	30	30
0.11339	0.00000000416848	30	30
0.11343	0.00000000413241	30	30
0.11251	0.00000000432039	30	30
0.13970	0.00000000753777	30	30
0.11354	0.00000000422972	30	30
0.11337	0.00000000421582	30	30
0.11357	0.00000000421701	30	30
0.11350	0.00000000419838	30	30
0.11362	0.00000000418855	30	30
0.11357	0.00000000418755	30	30
0.11364	0.00000000417688	30	30
0.11356	0.00000000426092	30	30
0.11334	0.00000000426515	30	30
0.11366	0.00000000419150	30	30
0.11360	0.00000000415110	30	30
0.11332	0.00000000413601	30	30
0.14028	0.00000000759767	30	30
0.11325	0.00000000420560	30	30
0.11361	0.00000000420942	30	30
0.11356	0.00000000419293	30	30
0.11334	0.00000000420647	30	30
0.11357	0.00000000421214	30	30
0.11351	0.00000000421205	30	30
0.11382	0.00000000428493	30	30
0.11343	0.00000000417182	30	30
0.11361	0.00000000425738	30	30
0.11337	0.00000000415775	30	30
0.11337	0.00000000417351	30	30
0.11364	0.00000000416794	30	30
0.11354	0.00000000412880	30	30
0.13892	0.00000000762889	30	30
0.11351	0.00000000421530	30	30
0.11357	0.00000000420024	30	30
0.11335	0.00000000421000	30	30
0.11357	0.00000000422754	30	30
0.11354	0.00000000415355	30	30
0.11333	0.00000000419599	30	30
0.11394	0.00000000419939	30	30
0.11345	0.00000000414957	30	30
0.11367	0.00000000416004	30	30
0.11322	0.00000000428023	30	30
0.11361	0.00000000426564	30	30
0.11348	0.00000000413779	30	30
0.11334	0.00000000423017	30	30
0.11363	0.00000000422645	30	30
0.11347	0.00000000418576	30	30
0.11362	0.00000000430834	30	30
0.11334	0.00000000417894	30	30
0.11381	0.00000000419170	30	30
0.11355	0.00000000425934	30	30
0.11306	0.00000000416064	30	30
0.11391	0.00000000416822	30	30
0.11345	0.00000000415909	30	30
0.11337	0.00000000416175	30	30
0.11365	0.00000000415922	30	30
0.11238	0.00000000411940	30	30
0.11320	0.00000000418857	30	30
0.11349	0.00000000421260	30	30
0.11343	0.00000000418866	30	30
0.11344	0.00000000421275	30	30
0.11358	0.00000000420111	30	30
0.11365	0.00000000416685	30	30
0.11350	0.00000000417911	30	30
0.11375	0.00000000416571	30	30
0.11338	0.00000000416097	30	30
0.11313	0.00000000415827	30	30
0.11385	0.00000000420532	30	30
0.11347	0.00000000424505	30	30
0.11350	0.00000000423817	30	30
0.11348	0.00000000430104	30	30
0.11330	0.00000000422759	30	30
0.11359	0.00000000423230	30	30
0.11346	0.00000000419163	30	30
0.11339	0.00000000420140	30	30
0.11354	0.00000000420436	30	30
0.11378	0.00000000428482	30	30
0.11356	0.00000000417491	30	30
0.11338	0.00000000425724	30	30
0.11360	0.00000000416229	30	30
0.11344	0.00000000417991	30	30
0.11335	0.00000000418761	30	30
0.11381	0.00000000414721	30	30
0.11341	0.00000000424934	30	30
0.11372	0.00000000420223	30	30
0.11327	0.00000000419462	30	30
0.11356	0.00000000422709	30	30
0.11351	0.00000000418456	30	30
0.11352	0.00000000418817	30	30
0.11376	0.00000000417940	30	30
0.11349	0.00000000416783	30	30
0.11360	0.00000000415350	30	30
0.11337	0.00000000416824	30	30
0.11357	0.00000000437846	30	30
0.11350	0.00000000414671	30	30
0.11308	0.00000000414304	30	30
0.11406	0.00000000441373	30	30
0.11299	0.00000000419385	30	30
0.11364	0.00000000420784	30	30
0.11343	0.00000000419653	30	30
0.11352	0.00000000421090	30	30
0.11349	0.00000000422607	30	30
0.11387	0.00000000417044	30	30
0.11323	0.00000000418671	30	30
0.11365	0.00000000419030	30	30
0.11351	0.00000000426610	30	30
0.11357	0.00000000425270	30	30
0.11352	0.00000000418558	30	30
0.11343	0.00000000417152	30	30
0.11356	0.00000000413742	30	30
=============================================================================

============================ Tabulate Statistics ============================
PWR_PKG_ENERGY	INST_RETIRED	TOR_OCCUPANCY	RR_OCCUPANCY	TIPI	L3_MISS	L2_MISS	TIME	
14111.427795	3183952648707	182620198573	182622539306	0.114714	2153016890	4076628246	77926.469587	
=============================================================================

============================ TIPI SLAB Statistics ============================

==============================================================================
===== Test PASSED in 0.0 msec =====
