
-----
mkdir timedrun fake

MiniFE Mini-App, OpenMP Peer Implementation
Creating OpenMP Thread Pool...
Counted: 20 threads.
Running MiniFE Mini-App...
      creating/filling mesh...0.803827s, total time: 0.803827
generating matrix structure...30.0671s, total time: 30.8709
         assembling FE data...10.8137s, total time: 41.6846
      imposing Dirichlet BC...11.8889s, total time: 53.5735
      imposing Dirichlet BC...4.29453s, total time: 57.868
making matrix indices local...0s, total time: 57.868
Starting CG solver ... 
Initial Residual = 513
Iteration = 20   Residual = 0.0748219
Iteration = 40   Residual = 0.0356161
Iteration = 60   Residual = 0.0852717
Iteration = 80   Residual = 0.0169266
Iteration = 100   Residual = 0.0667704
Iteration = 120   Residual = 0.0106177
Iteration = 140   Residual = 0.0089821
Iteration = 160   Residual = 0.00739304
Iteration = 180   Residual = 0.00632555
Iteration = 200   Residual = 0.00539689
Final Resid Norm: 0.00539689

============================ Unprocessed Statistics ============================
TIPI	JPI	Uncore1	Uncore2
0.11361	0.00000000409326	30	30
0.11342	0.00000000406083	30	30
0.11360	0.00000000405775	30	30
0.11375	0.00000000406019	30	30
0.11335	0.00000000407882	30	30
0.11399	0.00000000415409	30	30
0.11302	0.00000000405088	30	30
0.11354	0.00000000405438	30	30
0.11332	0.00000000413760	30	30
0.11354	0.00000000405466	30	30
0.11356	0.00000000406291	30	30
0.11352	0.00000000403001	30	30
0.11351	0.00000000409347	30	30
0.11342	0.00000000406712	30	30
0.11351	0.00000000408874	30	30
0.11351	0.00000000407056	30	30
0.11383	0.00000000418036	30	30
0.11330	0.00000000407003	30	30
0.11374	0.00000000407320	30	30
0.11333	0.00000000405587	30	30
0.11334	0.00000000405661	30	30
0.11365	0.00000000413666	30	30
0.11350	0.00000000405129	30	30
0.11370	0.00000000406463	30	30
0.11334	0.00000000401675	30	30
0.11365	0.00000000409888	30	30
0.11345	0.00000000408242	30	30
0.11393	0.00000000406734	30	30
0.11332	0.00000000405710	30	30
0.11359	0.00000000416680	30	30
0.11344	0.00000000408285	30	30
0.11332	0.00000000407580	30	30
0.11361	0.00000000405202	30	30
0.11342	0.00000000414561	30	30
0.11330	0.00000000405266	30	30
0.11382	0.00000000405998	30	30
0.11357	0.00000000359514	21	21
0.11335	0.00000000356801	21	21
0.11353	0.00000000355527	21	21
0.11350	0.00000000354929	21	21
0.11381	0.00000000352149	21	21
0.11353	0.00000000361914	21	21
0.11353	0.00000000353454	21	21
0.11331	0.00000000363086	21	21
0.11361	0.00000000346158	21	21
0.11352	0.00000000361085	21	21
0.11397	0.00000000350948	21	21
0.11301	0.00000000359812	21	21
0.11362	0.00000000352959	21	21
0.11360	0.00000000357899	21	21
0.11342	0.00000000357103	21	21
0.11369	0.00000000363415	21	21
0.11343	0.00000000353760	21	21
0.11358	0.00000000353670	21	21
0.11377	0.00000000355628	21	21
0.11353	0.00000000363194	21	21
0.11361	0.00000000353968	21	21
0.11325	0.00000000352122	21	21
0.11357	0.00000000361291	21	21
0.11358	0.00000000350725	21	21
0.11332	0.00000000360596	21	21
0.11365	0.00000000352814	21	21
0.11360	0.00000000348934	21	21
0.11344	0.00000000355535	21	21
0.11363	0.00000000354083	21	21
0.11349	0.00000000362334	21	21
0.11370	0.00000000353112	21	21
0.11359	0.00000000354559	21	21
0.11349	0.00000000363342	21	21
0.11349	0.00000000352887	21	21
0.11341	0.00000000354141	21	21
0.11354	0.00000000352800	21	21
0.11368	0.00000000358310	21	21
0.11336	0.00000000360891	21	21
0.11353	0.00000000354177	21	21
0.11347	0.00000000348104	21	21
0.14079	0.00000000618177	21	21
0.11338	0.00000000357499	21	21
0.11366	0.00000000352802	21	21
0.11367	0.00000000355525	21	21
0.11324	0.00000000360715	21	21
0.11387	0.00000000355884	21	21
0.11358	0.00000000362517	21	21
0.11317	0.00000000353479	21	21
0.11370	0.00000000354022	21	21
0.11362	0.00000000360664	21	21
0.11339	0.00000000350306	21	21
0.11350	0.00000000361339	21	21
0.11361	0.00000000352928	21	21
0.11360	0.00000000348195	21	21
0.11344	0.00000000355975	21	21
0.11353	0.00000000354109	21	21
0.11384	0.00000000353586	21	21
0.11348	0.00000000362174	21	21
0.11368	0.00000000352780	21	21
0.11339	0.00000000362784	21	21
0.11329	0.00000000353318	21	21
0.11374	0.00000000353718	21	21
0.11344	0.00000000359923	21	21
0.11315	0.00000000350692	21	21
0.11384	0.00000000354813	21	21
0.11354	0.00000000359652	21	21
0.11329	0.00000000348795	21	21
0.13897	0.00000000618908	21	21
0.11349	0.00000000355960	21	21
0.11353	0.00000000353778	21	21
0.11413	0.00000000361946	21	21
0.11323	0.00000000353275	21	21
0.11350	0.00000000352090	21	21
0.11357	0.00000000363726	21	21
0.11329	0.00000000354223	21	21
0.11357	0.00000000360238	21	21
0.11352	0.00000000353048	21	21
0.11330	0.00000000350630	21	21
0.11365	0.00000000361103	21	21
0.11366	0.00000000352808	21	21
0.11293	0.00000000348613	21	21
0.13927	0.00000000616064	21	21
0.11362	0.00000000355960	21	21
0.11350	0.00000000353711	21	21
0.11350	0.00000000354526	21	21
0.11389	0.00000000362730	21	21
0.11346	0.00000000353059	21	21
0.11364	0.00000000362794	21	21
0.11334	0.00000000354842	21	21
0.11355	0.00000000351968	21	21
0.11364	0.00000000360020	21	21
0.11338	0.00000000351468	21	21
0.11356	0.00000000360818	21	21
0.11346	0.00000000350243	21	21
0.11280	0.00000000350173	21	21
0.11361	0.00000000356378	21	21
0.11352	0.00000000354074	21	21
0.11352	0.00000000354487	21	21
0.11380	0.00000000354447	21	21
0.11350	0.00000000360693	21	21
0.11330	0.00000000354804	21	21
0.11361	0.00000000354124	21	21
0.11360	0.00000000362361	21	21
0.11356	0.00000000351358	21	21
0.11339	0.00000000359626	21	21
0.11347	0.00000000352300	21	21
0.11368	0.00000000358808	21	21
0.11458	0.00000000378306	21	21
0.11343	0.00000000364787	21	21
0.11359	0.00000000355114	21	21
0.11346	0.00000000355140	21	21
0.11346	0.00000000354008	21	21
0.11387	0.00000000363140	21	21
0.11341	0.00000000354309	21	21
0.11362	0.00000000354908	21	21
0.11340	0.00000000361676	21	21
0.11348	0.00000000354501	21	21
0.11364	0.00000000358796	21	21
0.11336	0.00000000351679	21	21
0.11361	0.00000000350070	21	21
0.11343	0.00000000359667	21	21
0.11347	0.00000000356135	21	21
0.11359	0.00000000356071	21	21
0.11352	0.00000000355071	21	21
0.11372	0.00000000362355	21	21
0.11344	0.00000000355671	21	21
0.11366	0.00000000354464	21	21
0.11340	0.00000000353855	21	21
0.11316	0.00000000361330	21	21
0.11390	0.00000000355347	21	21
0.11352	0.00000000360580	21	21
0.11319	0.00000000350640	21	21
0.11385	0.00000000353863	21	21
0.11344	0.00000000358117	21	21
0.11345	0.00000000364629	21	21
0.11333	0.00000000355156	21	21
0.11370	0.00000000355715	21	21
0.11347	0.00000000355397	21	21
0.11390	0.00000000362671	21	21
0.11341	0.00000000354926	21	21
0.11353	0.00000000354303	21	21
0.11371	0.00000000361379	21	21
0.11330	0.00000000353810	21	21
0.11363	0.00000000361366	21	21
0.11347	0.00000000350698	21	21
0.11343	0.00000000354025	21	21
0.11361	0.00000000357247	21	21
0.11357	0.00000000356272	21	21
0.11336	0.00000000355630	21	21
0.11364	0.00000000357044	21	21
0.11370	0.00000000361084	21	21
0.11328	0.00000000355196	21	21
0.11378	0.00000000365221	21	21
0.11358	0.00000000354651	21	21
0.11357	0.00000000351457	21	21
0.11338	0.00000000360921	21	21
0.11355	0.00000000351324	21	21
0.11365	0.00000000360579	21	21
0.11323	0.00000000353184	21	21
0.11355	0.00000000350341	21	21
0.11361	0.00000000356319	21	21
0.11335	0.00000000355241	21	21
0.11393	0.00000000362621	21	21
0.11347	0.00000000353043	21	21
0.11323	0.00000000355231	21	21
0.11380	0.00000000364563	21	21
0.11340	0.00000000354449	21	21
0.11322	0.00000000352714	21	21
0.11380	0.00000000362956	21	21
0.11360	0.00000000350334	21	21
0.11325	0.00000000361374	21	21
0.11368	0.00000000354230	21	21
0.11355	0.00000000349380	21	21
0.14001	0.00000000625359	21	21
0.11344	0.00000000356555	21	21
0.11349	0.00000000356139	21	21
0.11392	0.00000000362139	21	21
0.11345	0.00000000353623	21	21
0.11345	0.00000000354509	21	21
0.11352	0.00000000364379	21	21
0.11353	0.00000000352858	21	21
0.11331	0.00000000353563	21	21
0.11368	0.00000000360895	21	21
0.11342	0.00000000349783	21	21
0.11329	0.00000000360318	21	21
0.11389	0.00000000354647	21	21
0.11346	0.00000000348518	21	21
0.14034	0.00000000627100	21	21
0.11340	0.00000000355570	21	21
0.11368	0.00000000353972	21	21
0.11377	0.00000000354065	21	21
0.11361	0.00000000361792	21	21
0.11342	0.00000000354537	21	21
0.11350	0.00000000363495	21	21
0.11370	0.00000000353872	21	21
0.11324	0.00000000353219	21	21
0.11366	0.00000000360073	21	21
0.11341	0.00000000359793	21	21
0.11331	0.00000000353920	21	21
0.11377	0.00000000352511	21	21
0.11335	0.00000000357779	21	21
0.11343	0.00000000356454	21	21
0.11363	0.00000000354939	21	21
0.11340	0.00000000354833	21	21
0.11360	0.00000000361446	21	21
0.11375	0.00000000356147	21	21
0.11356	0.00000000362943	21	21
0.11372	0.00000000353149	21	21
0.11319	0.00000000352990	21	21
0.11364	0.00000000360413	21	21
0.11342	0.00000000351603	21	21
0.11335	0.00000000362486	21	21
0.11361	0.00000000352110	21	21
0.11265	0.00000000350724	21	21
0.11403	0.00000000358857	21	21
0.11429	0.00000000359623	21	21
0.11434	0.00000000368131	21	21
0.11404	0.00000000357356	21	21
0.11441	0.00000000361580	21	21
0.11462	0.00000000360527	21	21
0.11453	0.00000000364052	21	21
0.11434	0.00000000357746	21	21
0.11473	0.00000000368355	21	21
0.11439	0.00000000354986	21	21
0.11384	0.00000000360696	21	21
0.11361	0.00000000352764	21	21
0.11339	0.00000000356171	21	21
0.11370	0.00000000356304	21	21
0.11346	0.00000000355285	21	21
0.11390	0.00000000361705	21	21
0.11346	0.00000000355162	21	21
0.11361	0.00000000364666	21	21
0.11351	0.00000000354025	21	21
0.11341	0.00000000354034	21	21
0.11366	0.00000000361445	21	21
0.11349	0.00000000350662	21	21
0.11310	0.00000000353986	21	21
0.11382	0.00000000362171	21	21
0.11362	0.00000000350055	21	21
0.11349	0.00000000364408	21	21
0.11361	0.00000000354590	21	21
0.11373	0.00000000353996	21	21
0.11359	0.00000000352424	21	21
0.11332	0.00000000363609	21	21
0.11357	0.00000000356397	21	21
0.11355	0.00000000354660	21	21
0.11345	0.00000000362915	21	21
0.11366	0.00000000353986	21	21
0.11345	0.00000000357980	21	21
0.11315	0.00000000346572	21	21
0.11390	0.00000000362713	21	21
0.11338	0.00000000358785	21	21
0.11348	0.00000000355442	21	21
0.11356	0.00000000357236	21	21
0.11385	0.00000000362812	21	21
0.11331	0.00000000353815	21	21
0.11371	0.00000000355335	21	21
0.11338	0.00000000362638	21	21
0.11368	0.00000000361711	21	21
0.11335	0.00000000353058	21	21
0.11357	0.00000000352422	21	21
0.11346	0.00000000357580	21	21
0.11339	0.00000000352684	21	21
0.11361	0.00000000353356	21	21
0.11340	0.00000000359202	21	21
0.11338	0.00000000355880	21	21
0.11353	0.00000000353512	21	21
0.11365	0.00000000353620	21	21
0.11346	0.00000000362602	21	21
0.11366	0.00000000353880	21	21
0.11354	0.00000000354737	21	21
0.11311	0.00000000364451	21	21
0.11390	0.00000000353454	21	21
0.11352	0.00000000352144	21	21
0.11338	0.00000000359877	21	21
0.11352	0.00000000353599	21	21
0.11355	0.00000000361778	21	21
0.11360	0.00000000349966	21	21
0.11344	0.00000000358388	21	21
0.11354	0.00000000355652	21	21
0.11348	0.00000000362521	21	21
0.11350	0.00000000355845	21	21
0.11381	0.00000000355148	21	21
0.11359	0.00000000355445	21	21
0.11315	0.00000000362175	21	21
0.11386	0.00000000354715	21	21
0.11349	0.00000000360194	21	21
0.11354	0.00000000350917	21	21
0.11338	0.00000000352996	21	21
0.11350	0.00000000351237	21	21
0.11290	0.00000000357099	21	21
0.11339	0.00000000355424	21	21
0.11358	0.00000000355394	21	21
0.11372	0.00000000354464	21	21
0.11328	0.00000000361354	21	21
0.11381	0.00000000355277	21	21
0.11349	0.00000000362310	21	21
0.11339	0.00000000353033	21	21
0.11349	0.00000000354586	21	21
0.11371	0.00000000352252	21	21
0.11343	0.00000000358592	21	21
0.11345	0.00000000352350	21	21
0.11347	0.00000000358602	21	21
0.11460	0.00000000468636	21	21
0.11451	0.00000000375344	21	21
0.11349	0.00000000363531	21	21
0.11336	0.00000000354423	21	21
0.11355	0.00000000354224	21	21
0.11373	0.00000000354947	21	21
0.11370	0.00000000361987	21	21
0.11334	0.00000000354203	21	21
0.11359	0.00000000354581	21	21
0.11357	0.00000000360254	21	21
0.11341	0.00000000353137	21	21
0.11350	0.00000000360057	21	21
0.11359	0.00000000351560	21	21
0.11328	0.00000000352268	21	21
0.11372	0.00000000357912	21	21
0.11362	0.00000000363901	21	21
0.11353	0.00000000354292	21	21
0.11332	0.00000000353671	21	21
0.11355	0.00000000354134	21	21
0.11376	0.00000000363911	21	21
0.11326	0.00000000354729	21	21
0.11382	0.00000000356039	21	21
0.11340	0.00000000361020	21	21
0.11318	0.00000000353794	21	21
0.11389	0.00000000354790	21	21
0.11343	0.00000000360100	21	21
0.11338	0.00000000351993	21	21
0.11369	0.00000000351856	21	21
0.11356	0.00000000356218	21	21
0.11346	0.00000000362834	21	21
0.11355	0.00000000354997	21	21
0.11351	0.00000000355991	21	21
0.11383	0.00000000355717	21	21
0.11391	0.00000000363291	21	21
0.11305	0.00000000352478	21	21
0.11342	0.00000000360569	21	21
0.11363	0.00000000352875	21	21
0.11326	0.00000000360515	21	21
0.11367	0.00000000352509	21	21
0.11349	0.00000000352307	21	21
0.11327	0.00000000358084	21	21
0.11347	0.00000000355760	21	21
0.11354	0.00000000362967	21	21
0.11337	0.00000000354250	21	21
0.11382	0.00000000355053	21	21
0.11372	0.00000000353559	21	21
0.11325	0.00000000364086	21	21
0.11367	0.00000000355745	21	21
0.11343	0.00000000353532	21	21
0.11373	0.00000000360082	21	21
0.11331	0.00000000351769	21	21
0.11366	0.00000000360668	21	21
0.11348	0.00000000352904	21	21
0.11326	0.00000000348459	21	21
0.11367	0.00000000355642	21	21
0.11346	0.00000000354546	21	21
0.11360	0.00000000355212	21	21
0.11381	0.00000000361567	21	21
0.11337	0.00000000354517	21	21
0.11321	0.00000000354075	21	21
0.11384	0.00000000364173	21	21
0.11343	0.00000000353442	21	21
0.11357	0.00000000361003	21	21
0.11356	0.00000000353315	21	21
0.11344	0.00000000352523	21	21
0.11375	0.00000000360695	21	21
0.11316	0.00000000350213	21	21
0.11346	0.00000000355511	21	21
0.11356	0.00000000354352	21	21
0.11366	0.00000000355104	21	21
0.11364	0.00000000360632	21	21
0.11363	0.00000000353166	21	21
0.11322	0.00000000363517	21	21
0.11364	0.00000000353499	21	21
0.11343	0.00000000352926	21	21
0.11314	0.00000000360717	21	21
0.11391	0.00000000353649	21	21
0.11359	0.00000000352708	21	21
0.11328	0.00000000361918	21	21
0.11372	0.00000000350737	21	21
0.11342	0.00000000356154	21	21
0.11364	0.00000000355423	21	21
0.11338	0.00000000354221	21	21
0.11388	0.00000000354699	21	21
0.11359	0.00000000361382	21	21
0.11325	0.00000000354893	21	21
0.11371	0.00000000354244	21	21
0.11349	0.00000000360554	21	21
0.11310	0.00000000352996	21	21
0.11386	0.00000000352707	21	21
0.11350	0.00000000359926	21	21
0.11336	0.00000000352084	21	21
0.11359	0.00000000358425	21	21
0.13993	0.00000000634102	21	21
0.11349	0.00000000355696	21	21
0.11354	0.00000000354564	21	21
0.11354	0.00000000364814	21	21
0.11373	0.00000000352997	21	21
0.11353	0.00000000353561	21	21
0.11334	0.00000000362262	21	21
0.11365	0.00000000355561	21	21
0.11356	0.00000000360799	21	21
0.11335	0.00000000352400	21	21
0.11370	0.00000000351870	21	21
0.11343	0.00000000359231	21	21
0.11309	0.00000000351551	21	21
0.11346	0.00000000352036	21	21
0.11352	0.00000000355821	21	21
0.11350	0.00000000355231	21	21
0.11379	0.00000000355376	21	21
0.11356	0.00000000361615	21	21
0.11346	0.00000000353566	21	21
0.11312	0.00000000354766	21	21
0.11382	0.00000000365066	21	21
0.11357	0.00000000352213	21	21
0.11328	0.00000000352074	21	21
0.11379	0.00000000360617	21	21
0.11339	0.00000000351473	21	21
0.11360	0.00000000360162	21	21
0.11166	0.00000000393229	21	21
0.11480	0.00000000388395	21	21
0.11346	0.00000000357139	21	21
0.11353	0.00000000355305	21	21
0.11347	0.00000000354388	21	21
0.11350	0.00000000363852	21	21
0.11385	0.00000000354795	21	21
0.11337	0.00000000355952	21	21
0.11318	0.00000000353402	21	21
0.11393	0.00000000365300	21	21
0.11344	0.00000000352093	21	21
0.11362	0.00000000362286	21	21
0.11341	0.00000000351886	21	21
0.11348	0.00000000351496	21	21
0.11350	0.00000000357769	21	21
0.11339	0.00000000357985	21	21
0.11362	0.00000000354702	21	21
0.11352	0.00000000362880	21	21
0.11348	0.00000000354616	21	21
0.11378	0.00000000355993	21	21
0.11353	0.00000000353641	21	21
0.11355	0.00000000362891	21	21
0.11335	0.00000000354966	21	21
0.11353	0.00000000362850	21	21
0.11385	0.00000000352143	21	21
0.11309	0.00000000352425	21	21
0.11354	0.00000000360829	21	21
0.11358	0.00000000350409	21	21
0.13980	0.00000000619158	21	21
0.11335	0.00000000356774	21	21
0.11360	0.00000000362957	21	21
0.11349	0.00000000353360	21	21
0.11358	0.00000000354509	21	21
0.11383	0.00000000356117	21	21
0.11338	0.00000000362247	21	21
0.11367	0.00000000354420	21	21
0.11340	0.00000000354447	21	21
0.11345	0.00000000360806	21	21
0.11349	0.00000000351186	21	21
0.11340	0.00000000355373	21	21
0.11364	0.00000000360254	21	21
0.11339	0.00000000350551	21	21
0.14017	0.00000000637753	21	21
0.11336	0.00000000357416	21	21
0.11363	0.00000000355641	21	21
0.11349	0.00000000354926	21	21
0.11371	0.00000000361469	21	21
0.11360	0.00000000355812	21	21
0.11343	0.00000000353916	21	21
0.11401	0.00000000362613	21	21
0.11307	0.00000000353197	21	21
0.11350	0.00000000362087	21	21
0.11368	0.00000000351676	21	21
0.11331	0.00000000352972	21	21
0.11349	0.00000000362734	21	21
0.11351	0.00000000349021	21	21
0.11345	0.00000000357572	21	21
0.11357	0.00000000356621	21	21
0.11367	0.00000000355222	21	21
0.11326	0.00000000354505	21	21
0.11391	0.00000000364686	21	21
0.11347	0.00000000356085	21	21
0.11343	0.00000000362306	21	21
0.11356	0.00000000356274	21	21
0.11354	0.00000000352650	21	21
0.11357	0.00000000358797	21	21
0.11341	0.00000000353825	21	21
0.11354	0.00000000361375	21	21
0.11359	0.00000000349477	21	21
0.11348	0.00000000347276	21	21
0.11351	0.00000000363399	21	21
0.11343	0.00000000355720	21	21
0.11374	0.00000000354743	21	21
0.11363	0.00000000361819	21	21
0.11352	0.00000000355978	21	21
0.11316	0.00000000353408	21	21
0.11383	0.00000000363817	21	21
0.11353	0.00000000352572	21	21
0.11324	0.00000000350656	21	21
0.11368	0.00000000362321	21	21
0.11353	0.00000000352651	21	21
0.11357	0.00000000359487	21	21
0.13983	0.00000000641719	21	21
0.11361	0.00000000356993	21	21
0.11348	0.00000000362375	21	21
0.11364	0.00000000355380	21	21
0.11360	0.00000000353822	21	21
0.11359	0.00000000361340	21	21
0.11339	0.00000000355685	21	21
0.11351	0.00000000361477	21	21
0.11357	0.00000000352304	21	21
0.11355	0.00000000353172	21	21
0.11342	0.00000000359597	21	21
0.11349	0.00000000353363	21	21
0.11362	0.00000000351165	21	21
0.11305	0.00000000359572	21	21
0.11364	0.00000000357125	21	21
0.11339	0.00000000362575	21	21
0.11375	0.00000000354669	21	21
0.11355	0.00000000353560	21	21
0.11347	0.00000000362353	21	21
0.11372	0.00000000354253	21	21
0.11331	0.00000000354467	21	21
0.11363	0.00000000361819	21	21
0.11345	0.00000000351802	21	21
0.11349	0.00000000360142	21	21
0.11353	0.00000000353090	21	21
0.11348	0.00000000350498	21	21
0.11275	0.00000000359868	21	21
0.11359	0.00000000356248	21	21
0.11357	0.00000000363028	21	21
0.11401	0.00000000354422	21	21
0.11320	0.00000000354549	21	21
0.11358	0.00000000363118	21	21
0.11358	0.00000000354893	21	21
0.11336	0.00000000354515	21	21
0.11352	0.00000000360519	21	21
0.11353	0.00000000360993	21	21
0.11346	0.00000000351862	21	21
0.11355	0.00000000353829	21	21
0.11361	0.00000000351560	21	21
0.11339	0.00000000357755	21	21
0.11364	0.00000000365117	21	21
0.11347	0.00000000354143	21	21
0.11368	0.00000000354712	21	21
0.11357	0.00000000355228	21	21
0.11350	0.00000000362463	21	21
0.11356	0.00000000354646	21	21
0.11349	0.00000000364855	21	21
0.11353	0.00000000353813	21	21
0.11352	0.00000000352284	21	21
0.11317	0.00000000352412	21	21
0.11398	0.00000000362479	21	21
0.11338	0.00000000350804	21	21
0.11353	0.00000000357572	21	21
0.11341	0.00000000355681	21	21
0.11359	0.00000000365168	21	21
0.11394	0.00000000354498	21	21
0.11335	0.00000000352691	21	21
0.11415	0.00000000365552	21	21
0.11439	0.00000000359627	21	21
0.11401	0.00000000365474	21	21
0.11428	0.00000000360706	21	21
0.11454	0.00000000357051	21	21
0.11416	0.00000000361285	21	21
0.11458	0.00000000357644	21	21
0.11454	0.00000000363634	21	21
0.11355	0.00000000358470	21	21
0.11344	0.00000000355198	21	21
0.11361	0.00000000355733	21	21
0.11366	0.00000000363448	21	21
0.11354	0.00000000354129	21	21
0.11359	0.00000000364003	21	21
0.11356	0.00000000354822	21	21
0.11357	0.00000000354772	21	21
0.11348	0.00000000354390	21	21
0.11355	0.00000000360726	21	21
0.11352	0.00000000353632	21	21
0.11341	0.00000000363474	21	21
0.11387	0.00000000351464	21	21
0.14051	0.00000000640028	21	21
0.11358	0.00000000357181	21	21
0.11331	0.00000000355914	21	21
0.11354	0.00000000356005	21	21
0.11360	0.00000000355224	21	21
0.11374	0.00000000363162	21	21
0.11347	0.00000000357059	21	21
0.11357	0.00000000355255	21	21
0.11361	0.00000000362246	21	21
0.11336	0.00000000353156	21	21
0.11354	0.00000000350818	21	21
0.11358	0.00000000360873	21	21
0.11329	0.00000000353695	21	21
0.11358	0.00000000358655	21	21
0.11347	0.00000000358125	21	21
0.11345	0.00000000355728	21	21
0.11363	0.00000000354201	21	21
0.11372	0.00000000353559	21	21
0.11325	0.00000000355505	21	21
0.11382	0.00000000364874	21	21
0.11351	0.00000000353732	21	21
0.11337	0.00000000362284	21	21
0.11364	0.00000000353993	21	21
0.11342	0.00000000351939	21	21
0.11369	0.00000000362189	21	21
0.11335	0.00000000353507	21	21
0.11362	0.00000000357884	21	21
0.11362	0.00000000357024	21	21
0.11326	0.00000000354489	21	21
0.11385	0.00000000364294	21	21
0.11363	0.00000000353240	21	21
0.11312	0.00000000354364	21	21
0.11395	0.00000000364116	21	21
0.11344	0.00000000352245	21	21
0.11311	0.00000000352182	21	21
0.11388	0.00000000363631	21	21
0.11348	0.00000000350943	21	21
0.11334	0.00000000360692	21	21
0.11362	0.00000000353731	21	21
0.11351	0.00000000351056	21	21
0.13978	0.00000000637043	21	21
0.11349	0.00000000356396	21	21
0.11351	0.00000000355004	21	21
0.11376	0.00000000363328	21	21
0.11388	0.00000000352814	21	21
0.11317	0.00000000362184	21	21
0.11354	0.00000000355430	21	21
0.11357	0.00000000362540	21	21
0.11333	0.00000000354018	21	21
0.11361	0.00000000353576	21	21
0.11346	0.00000000360442	21	21
0.11322	0.00000000354041	21	21
0.11377	0.00000000354992	21	21
0.11347	0.00000000358515	21	21
0.14025	0.00000000637555	21	21
0.11345	0.00000000356894	21	21
0.11358	0.00000000356497	21	21
0.11365	0.00000000363183	21	21
0.11363	0.00000000353189	21	21
0.11350	0.00000000356323	21	21
0.11360	0.00000000361475	21	21
0.11354	0.00000000354801	21	21
0.11340	0.00000000353875	21	21
0.11357	0.00000000361378	21	21
0.11351	0.00000000350890	21	21
0.11334	0.00000000361822	21	21
0.11386	0.00000000352848	21	21
0.11295	0.00000000358927	21	21
0.11350	0.00000000355730	21	21
0.11348	0.00000000355648	21	21
0.11391	0.00000000362321	21	21
0.11351	0.00000000352669	21	21
0.11331	0.00000000363514	21	21
0.11356	0.00000000356211	21	21
0.11356	0.00000000354597	21	21
0.11328	0.00000000362217	21	21
0.11367	0.00000000352481	21	21
0.11357	0.00000000360314	21	21
0.11329	0.00000000353808	21	21
0.11365	0.00000000352409	21	21
0.11194	0.00000000399145	21	21
0.11350	0.00000000357256	21	21
0.11375	0.00000000355111	21	21
0.11318	0.00000000363399	21	21
0.11356	0.00000000355365	21	21
0.11385	0.00000000354188	21	21
0.11330	0.00000000363424	21	21
0.11364	0.00000000355443	21	21
0.11360	0.00000000353921	21	21
0.11324	0.00000000363073	21	21
0.11369	0.00000000352541	21	21
0.11345	0.00000000360354	21	21
0.11310	0.00000000354408	21	21
0.11399	0.00000000351850	21	21
0.11356	0.00000000356822	21	21
0.11349	0.00000000356788	21	21
0.11347	0.00000000355682	21	21
0.11385	0.00000000363100	21	21
0.11352	0.00000000354598	21	21
0.11316	0.00000000362495	21	21
0.11385	0.00000000357032	21	21
0.11342	0.00000000353391	21	21
0.11378	0.00000000362753	21	21
0.11327	0.00000000351773	21	21
0.11351	0.00000000360386	21	21
0.11358	0.00000000351415	21	21
0.11343	0.00000000350569	21	21
0.11365	0.00000000357395	21	21
0.11345	0.00000000363704	21	21
0.11356	0.00000000354212	21	21
0.11340	0.00000000356278	21	21
0.11397	0.00000000354935	21	21
0.11345	0.00000000361766	21	21
0.11338	0.00000000355061	21	21
0.11360	0.00000000362885	21	21
0.11347	0.00000000353543	21	21
0.11339	0.00000000353614	21	21
0.11359	0.00000000361381	21	21
0.11347	0.00000000352901	21	21
0.11313	0.00000000359370	21	21
0.11370	0.00000000359597	21	21
0.11348	0.00000000364023	21	21
0.11346	0.00000000355088	21	21
0.11382	0.00000000355133	21	21
0.11351	0.00000000355297	21	21
0.11346	0.00000000362646	21	21
0.11350	0.00000000354728	21	21
0.11356	0.00000000362518	21	21
0.11361	0.00000000352940	21	21
0.11333	0.00000000353040	21	21
0.11365	0.00000000358645	21	21
0.11344	0.00000000352511	21	21
0.11361	0.00000000352894	21	21
0.11359	0.00000000355105	21	21
0.11354	0.00000000355320	21	21
0.11343	0.00000000354020	21	21
0.11382	0.00000000363069	21	21
0.11352	0.00000000354162	21	21
0.11326	0.00000000363027	21	21
0.11369	0.00000000356146	21	21
0.11349	0.00000000354465	21	21
0.11394	0.00000000361767	21	21
0.11315	0.00000000352551	21	21
0.11343	0.00000000360780	21	21
0.11349	0.00000000352739	21	21
0.11341	0.00000000351494	21	21
0.11353	0.00000000356668	21	21
0.11357	0.00000000354607	21	21
0.11360	0.00000000354566	21	21
0.11358	0.00000000360821	21	21
0.11366	0.00000000353720	21	21
0.11314	0.00000000364193	21	21
0.11373	0.00000000354693	21	21
0.11349	0.00000000361464	21	21
0.11310	0.00000000352299	21	21
0.11382	0.00000000353838	21	21
0.11361	0.00000000359836	21	21
0.11333	0.00000000352300	21	21
0.11359	0.00000000350017	21	21
0.13974	0.00000000642224	21	21
0.11346	0.00000000354696	21	21
0.11353	0.00000000354788	21	21
0.11358	0.00000000355423	21	21
0.11376	0.00000000365279	21	21
0.11350	0.00000000352080	21	21
0.11340	0.00000000363275	21	21
0.11354	0.00000000354867	21	21
0.11349	0.00000000359330	21	21
0.11337	0.00000000354185	21	21
0.11370	0.00000000351920	21	21
0.11338	0.00000000359403	21	21
0.11318	0.00000000352851	21	21
0.11379	0.00000000352682	21	21
0.11354	0.00000000356417	21	21
0.11349	0.00000000362996	21	21
0.11340	0.00000000357019	21	21
0.11391	0.00000000354923	21	21
0.11342	0.00000000354776	21	21
0.11343	0.00000000365059	21	21
0.11359	0.00000000355166	21	21
0.11358	0.00000000361013	21	21
0.11302	0.00000000353376	21	21
0.11393	0.00000000354930	21	21
0.11349	0.00000000352107	21	21
0.11329	0.00000000360939	21	21
0.11304	0.00000000350210	21	21
0.11348	0.00000000356024	21	21
0.11347	0.00000000354448	21	21
0.11372	0.00000000364947	21	21
0.11363	0.00000000353556	21	21
0.11350	0.00000000353874	21	21
0.11308	0.00000000362952	21	21
0.11389	0.00000000354719	21	21
0.11348	0.00000000352647	21	21
0.11332	0.00000000362564	21	21
0.11378	0.00000000352584	21	21
0.11343	0.00000000353028	21	21
0.11387	0.00000000359277	21	21
0.11452	0.00000000377897	21	21
0.11336	0.00000000357552	21	21
0.11357	0.00000000357244	21	21
0.11341	0.00000000354182	21	21
0.11339	0.00000000363417	21	21
0.11395	0.00000000355856	21	21
0.11343	0.00000000354520	21	21
0.11336	0.00000000363578	21	21
0.11366	0.00000000355871	21	21
0.11353	0.00000000354456	21	21
0.11340	0.00000000360195	21	21
0.11357	0.00000000353976	21	21
0.11350	0.00000000360305	21	21
0.11368	0.00000000351332	21	21
0.11344	0.00000000357516	21	21
0.11367	0.00000000355975	21	21
0.11344	0.00000000362995	21	21
0.11365	0.00000000355428	21	21
0.11370	0.00000000356429	21	21
0.11357	0.00000000364094	21	21
0.11360	0.00000000355672	21	21
0.11336	0.00000000353750	21	21
0.11359	0.00000000363509	21	21
0.11342	0.00000000351668	21	21
0.11345	0.00000000354133	21	21
0.11352	0.00000000362726	21	21
0.11362	0.00000000350191	21	21
0.11363	0.00000000365228	21	21
0.11330	0.00000000347804	21	21
0.11354	0.00000000363225	21	21
0.11354	0.00000000355615	21	21
0.11371	0.00000000357396	21	21
0.11365	0.00000000364839	21	21
0.11348	0.00000000355396	21	21
0.11312	0.00000000354597	21	21
0.11381	0.00000000364241	21	21
0.11352	0.00000000351151	21	21
0.11328	0.00000000362193	21	21
0.11371	0.00000000356163	21	21
0.11345	0.00000000349197	21	21
0.11381	0.00000000355833	21	21
0.11320	0.00000000356214	21	21
0.11351	0.00000000355125	21	21
0.11359	0.00000000363019	21	21
0.11366	0.00000000355678	21	21
0.11356	0.00000000355260	21	21
0.11349	0.00000000362808	21	21
0.11309	0.00000000354243	21	21
0.11394	0.00000000355091	21	21
0.11345	0.00000000359194	21	21
0.11322	0.00000000353178	21	21
0.11375	0.00000000354869	21	21
0.11347	0.00000000359745	21	21
0.11354	0.00000000365932	21	21
0.11345	0.00000000357564	21	21
0.11354	0.00000000355863	21	21
0.11381	0.00000000354239	21	21
0.11341	0.00000000363324	21	21
0.11353	0.00000000356102	21	21
0.11348	0.00000000355158	21	21
0.11331	0.00000000363330	21	21
0.11387	0.00000000354846	21	21
0.11352	0.00000000352761	21	21
0.11316	0.00000000361091	21	21
0.11398	0.00000000356770	21	21
0.11346	0.00000000349625	21	21
0.11354	0.00000000364337	21	21
0.11336	0.00000000355478	21	21
0.11373	0.00000000355584	21	21
0.11370	0.00000000361898	21	21
0.11331	0.00000000355228	21	21
0.11371	0.00000000357773	21	21
0.11340	0.00000000361130	21	21
0.11323	0.00000000353804	21	21
0.11386	0.00000000355883	21	21
0.11348	0.00000000358816	21	21
0.11322	0.00000000352755	21	21
0.11368	0.00000000354012	21	21
0.11366	0.00000000357524	21	21
0.11330	0.00000000355612	21	21
0.11360	0.00000000364853	21	21
0.11383	0.00000000355292	21	21
0.11368	0.00000000354025	21	21
0.11327	0.00000000364402	21	21
0.11355	0.00000000355844	21	21
0.11354	0.00000000362647	21	21
0.11333	0.00000000355676	21	21
0.11365	0.00000000352774	21	21
0.11353	0.00000000360539	21	21
0.11320	0.00000000353808	21	21
0.11385	0.00000000352547	21	21
0.11338	0.00000000357862	21	21
0.11339	0.00000000355458	21	21
0.11360	0.00000000355897	21	21
0.11355	0.00000000354966	21	21
0.11425	0.00000000362355	21	21
0.11306	0.00000000352215	21	21
0.11356	0.00000000363992	21	21
0.11376	0.00000000354010	21	21
0.11311	0.00000000360616	21	21
0.11364	0.00000000353380	21	21
0.11354	0.00000000359160	21	21
0.11332	0.00000000352820	21	21
0.11371	0.00000000360113	21	21
0.11290	0.00000000351434	21	21
0.11342	0.00000000358788	21	21
0.11361	0.00000000356050	21	21
0.11388	0.00000000354407	21	21
0.11325	0.00000000361358	21	21
0.11373	0.00000000355003	21	21
0.11339	0.00000000354780	21	21
0.11375	0.00000000364029	21	21
0.11329	0.00000000353289	21	21
0.11350	0.00000000361711	21	21
0.11355	0.00000000353334	21	21
0.11338	0.00000000354411	21	21
0.11360	0.00000000360354	21	21
0.11105	0.00000000394070	21	21
0.11341	0.00000000356789	21	21
0.11340	0.00000000355434	21	21
0.11381	0.00000000356606	21	21
0.11383	0.00000000363258	21	21
0.11338	0.00000000353773	21	21
0.11362	0.00000000354976	21	21
0.11350	0.00000000363789	21	21
0.11390	0.00000000355501	21	21
0.11433	0.00000000369330	21	21
0.11422	0.00000000356022	21	21
0.11419	0.00000000359049	21	21
0.11453	0.00000000368616	21	21
0.11429	0.00000000352189	21	21
0.11355	0.00000000356942	21	21
0.11348	0.00000000354213	21	21
0.11461	0.00000000360401	21	21
0.11417	0.00000000367519	21	21
0.11356	0.00000000354748	21	21
0.11328	0.00000000355221	21	21
0.11376	0.00000000362993	21	21
0.11349	0.00000000353962	21	21
0.11317	0.00000000363024	21	21
0.11400	0.00000000353564	21	21
0.11347	0.00000000353250	21	21
0.11328	0.00000000362740	21	21
0.11369	0.00000000351102	21	21
0.14015	0.00000000645469	21	21
0.11352	0.00000000356200	21	21
0.11355	0.00000000355413	21	21
0.11385	0.00000000356461	21	21
0.11349	0.00000000360978	21	21
0.11345	0.00000000354869	21	21
0.11349	0.00000000365223	21	21
0.11355	0.00000000354715	21	21
0.11357	0.00000000361588	21	21
0.11337	0.00000000353189	21	21
0.11349	0.00000000352058	21	21
0.11355	0.00000000360941	21	21
0.11339	0.00000000352919	21	21
0.11358	0.00000000350267	21	21
0.11353	0.00000000357610	21	21
0.11336	0.00000000355361	21	21
0.11368	0.00000000365181	21	21
0.11368	0.00000000353917	21	21
0.11331	0.00000000354638	21	21
0.11380	0.00000000358140	21	21
0.11343	0.00000000363126	21	21
0.11358	0.00000000352801	21	21
0.11348	0.00000000361762	21	21
0.11355	0.00000000352549	21	21
0.11349	0.00000000352746	21	21
0.11344	0.00000000359709	21	21
0.11355	0.00000000350011	21	21
0.11347	0.00000000355719	21	21
0.11334	0.00000000354778	21	21
0.11365	0.00000000355600	21	21
0.11375	0.00000000362269	21	21
0.11366	0.00000000354584	21	21
0.11337	0.00000000357453	21	21
0.11355	0.00000000361658	21	21
0.11358	0.00000000353883	21	21
0.11336	0.00000000353927	21	21
0.11358	0.00000000360866	21	21
0.11337	0.00000000352784	21	21
0.11349	0.00000000353971	21	21
0.11302	0.00000000360726	21	21
0.11347	0.00000000355783	21	21
0.11353	0.00000000354498	21	21
0.11380	0.00000000364026	21	21
0.11351	0.00000000354114	21	21
0.11368	0.00000000353854	21	21
0.11325	0.00000000362508	21	21
0.11356	0.00000000355381	21	21
0.11364	0.00000000362067	21	21
0.11339	0.00000000352370	21	21
0.11375	0.00000000353366	21	21
0.11348	0.00000000360322	21	21
0.11344	0.00000000350547	21	21
0.11578	0.00000000489160	21	21
0.11392	0.00000000373789	21	21
0.11370	0.00000000357365	21	21
0.11334	0.00000000362864	21	21
0.11354	0.00000000355897	21	21
0.11366	0.00000000355577	21	21
0.11369	0.00000000353488	21	21
0.11365	0.00000000363642	21	21
0.11325	0.00000000355095	21	21
0.11353	0.00000000363336	21	21
0.11361	0.00000000354195	21	21
0.11335	0.00000000353765	21	21
0.11357	0.00000000361930	21	21
0.11350	0.00000000352568	21	21
0.11340	0.00000000353415	21	21
0.11355	0.00000000367239	21	21
0.11354	0.00000000355673	21	21
0.11347	0.00000000354829	21	21
0.11336	0.00000000354737	21	21
0.11387	0.00000000356762	21	21
0.11352	0.00000000362167	21	21
0.11311	0.00000000355761	21	21
0.11391	0.00000000355205	21	21
0.11352	0.00000000362275	21	21
0.11367	0.00000000351118	21	21
0.11328	0.00000000352607	21	21
0.11345	0.00000000361462	21	21
0.11370	0.00000000350836	21	21
0.11329	0.00000000357174	21	21
0.11357	0.00000000356561	21	21
0.11353	0.00000000353728	21	21
0.11335	0.00000000355612	21	21
0.11397	0.00000000363444	21	21
0.11343	0.00000000355243	21	21
0.11316	0.00000000355744	21	21
0.11387	0.00000000364077	21	21
0.11351	0.00000000352679	21	21
0.11341	0.00000000351891	21	21
0.11355	0.00000000360824	21	21
0.11346	0.00000000353173	21	21
0.11362	0.00000000358650	21	21
0.14006	0.00000000640021	21	21
0.11355	0.00000000357593	21	21
0.11351	0.00000000355116	21	21
0.11354	0.00000000363632	21	21
0.11376	0.00000000355621	21	21
0.11356	0.00000000353724	21	21
0.11348	0.00000000362779	21	21
0.11312	0.00000000355257	21	21
0.11382	0.00000000354728	21	21
0.11355	0.00000000361789	21	21
0.11326	0.00000000351310	21	21
0.11375	0.00000000355488	21	21
0.11353	0.00000000361836	21	21
0.11343	0.00000000357808	21	21
0.11364	0.00000000356772	21	21
0.11348	0.00000000356174	21	21
0.11386	0.00000000353632	21	21
0.11333	0.00000000363641	21	21
0.11364	0.00000000354865	21	21
0.11347	0.00000000356455	21	21
0.11343	0.00000000363633	21	21
0.11368	0.00000000354576	21	21
0.11346	0.00000000362251	21	21
0.11343	0.00000000353664	21	21
0.11367	0.00000000354080	21	21
0.11359	0.00000000360754	21	21
0.11313	0.00000000350022	21	21
0.11355	0.00000000356715	21	21
0.11362	0.00000000355947	21	21
0.11361	0.00000000354455	21	21
0.11360	0.00000000354953	21	21
0.11354	0.00000000363128	21	21
0.11352	0.00000000356664	21	21
0.11332	0.00000000355072	21	21
0.11356	0.00000000361638	21	21
0.11366	0.00000000353322	21	21
0.11333	0.00000000360235	21	21
0.11367	0.00000000353569	21	21
0.11351	0.00000000351960	21	21
0.11303	0.00000000357599	21	21
0.13946	0.00000000640164	21	21
0.11362	0.00000000357960	21	21
0.11353	0.00000000362718	21	21
0.11346	0.00000000356469	21	21
0.11391	0.00000000355229	21	21
0.11351	0.00000000363212	21	21
0.11367	0.00000000354130	21	21
0.11328	0.00000000355080	21	21
0.11351	0.00000000362494	21	21
0.11359	0.00000000352583	21	21
0.11328	0.00000000351888	21	21
0.11356	0.00000000362598	21	21
0.11358	0.00000000351184	21	21
0.11322	0.00000000352215	21	21
0.13982	0.00000000629193	21	21
0.11360	0.00000000357866	21	21
0.11350	0.00000000363045	21	21
0.11358	0.00000000355739	21	21
0.11372	0.00000000354417	21	21
0.11357	0.00000000362340	21	21
0.11360	0.00000000355891	21	21
0.11331	0.00000000354469	21	21
0.11351	0.00000000361388	21	21
0.11358	0.00000000353016	21	21
0.11333	0.00000000352052	21	21
0.11357	0.00000000361843	21	21
0.11358	0.00000000351007	21	21
0.11229	0.00000000349926	21	21
0.11354	0.00000000364829	21	21
0.11350	0.00000000355962	21	21
0.11403	0.00000000355008	21	21
0.11331	0.00000000354301	21	21
0.11352	0.00000000362363	21	21
0.11350	0.00000000356124	21	21
0.11339	0.00000000361922	21	21
0.11351	0.00000000354326	21	21
0.11358	0.00000000351814	21	21
0.11329	0.00000000362415	21	21
0.11365	0.00000000353478	21	21
0.11358	0.00000000351418	21	21
0.11446	0.00000000482202	21	21
0.11451	0.00000000377406	21	21
0.11344	0.00000000357990	21	21
0.11350	0.00000000363733	21	21
0.11349	0.00000000356597	21	21
0.11353	0.00000000355790	21	21
0.11375	0.00000000356338	21	21
0.11352	0.00000000357170	21	21
0.11350	0.00000000363441	21	21
0.11319	0.00000000356926	21	21
0.11385	0.00000000356899	21	21
0.11366	0.00000000362888	21	21
0.11335	0.00000000352219	21	21
0.11370	0.00000000354439	21	21
0.11350	0.00000000359100	21	21
0.11354	0.00000000365326	21	21
0.11342	0.00000000355211	21	21
0.11354	0.00000000357650	21	21
0.11353	0.00000000354871	21	21
0.11387	0.00000000355534	21	21
0.11333	0.00000000364041	21	21
0.11355	0.00000000355382	21	21
0.11356	0.00000000361798	21	21
0.11331	0.00000000355890	21	21
0.11378	0.00000000352646	21	21
0.11336	0.00000000360507	21	21
0.11308	0.00000000353445	21	21
0.11397	0.00000000352766	21	21
0.13947	0.00000000622090	21	21
0.11359	0.00000000356910	21	21
0.11342	0.00000000363220	21	21
0.11339	0.00000000355692	21	21
0.11364	0.00000000355041	21	21
0.11383	0.00000000355723	21	21
0.11325	0.00000000364644	21	21
0.11382	0.00000000354884	21	21
0.11349	0.00000000354076	21	21
0.11382	0.00000000361552	21	21
0.11317	0.00000000352506	21	21
0.11345	0.00000000361291	21	21
0.11387	0.00000000352612	21	21
0.11315	0.00000000357865	21	21
0.11348	0.00000000364685	21	21
0.11365	0.00000000355060	21	21
0.11333	0.00000000355556	21	21
0.11365	0.00000000355310	21	21
0.11371	0.00000000364244	21	21
0.11334	0.00000000355374	21	21
0.11363	0.00000000355535	21	21
0.11351	0.00000000362385	21	21
0.11308	0.00000000353536	21	21
0.11395	0.00000000354413	21	21
0.11353	0.00000000361015	21	21
0.11326	0.00000000352249	21	21
0.11362	0.00000000351727	21	21
0.14047	0.00000000630592	21	21
0.11343	0.00000000356313	21	21
0.11359	0.00000000355278	21	21
0.11367	0.00000000354695	21	21
0.11362	0.00000000362238	21	21
0.11345	0.00000000354508	21	21
0.11332	0.00000000357068	21	21
0.11367	0.00000000362965	21	21
0.11347	0.00000000354915	21	21
0.11311	0.00000000353531	21	21
0.11404	0.00000000361767	21	21
0.11340	0.00000000352831	21	21
0.11355	0.00000000360279	21	21
0.11345	0.00000000350884	21	21
0.14027	0.00000000630412	21	21
0.11349	0.00000000356413	21	21
0.11342	0.00000000354754	21	21
0.11379	0.00000000355917	21	21
0.11357	0.00000000362899	21	21
0.11378	0.00000000363058	21	21
0.11323	0.00000000356635	21	21
0.11354	0.00000000356999	21	21
0.11368	0.00000000351967	21	21
0.11342	0.00000000364519	21	21
0.11369	0.00000000352362	21	21
0.11343	0.00000000361680	21	21
0.11348	0.00000000354104	21	21
0.11358	0.00000000350276	21	21
0.13984	0.00000000643674	21	21
0.11341	0.00000000356664	21	21
0.11344	0.00000000355407	21	21
0.11384	0.00000000365075	21	21
0.11361	0.00000000353637	21	21
0.11324	0.00000000353739	21	21
0.11373	0.00000000367087	21	21
0.11349	0.00000000354082	21	21
0.11353	0.00000000353910	21	21
0.11351	0.00000000362276	21	21
0.11354	0.00000000352319	21	21
0.11369	0.00000000361543	21	21
0.11327	0.00000000353339	21	21
0.11348	0.00000000350503	21	21
0.11348	0.00000000356136	21	21
0.11350	0.00000000365183	21	21
0.11360	0.00000000356495	21	21
0.11366	0.00000000354096	21	21
0.11350	0.00000000355825	21	21
0.11362	0.00000000364279	21	21
0.11353	0.00000000354717	21	21
0.11361	0.00000000361461	21	21
0.11336	0.00000000354829	21	21
0.11351	0.00000000358929	21	21
0.11366	0.00000000353100	21	21
0.11323	0.00000000352634	21	21
0.11272	0.00000000351395	21	21
0.11355	0.00000000359696	21	21
0.11353	0.00000000354130	21	21
0.11340	0.00000000365137	21	21
0.11395	0.00000000355525	21	21
0.11350	0.00000000353675	21	21
0.11333	0.00000000363583	21	21
0.11372	0.00000000356415	21	21
0.11344	0.00000000355005	21	21
0.11364	0.00000000361884	21	21
0.11329	0.00000000353205	21	21
0.11360	0.00000000360786	21	21
0.11349	0.00000000353829	21	21
0.11345	0.00000000351905	21	21
0.11454	0.00000000482565	21	21
0.11463	0.00000000375913	21	21
0.11367	0.00000000366942	21	21
0.11341	0.00000000355336	21	21
0.11346	0.00000000355506	21	21
0.11364	0.00000000356285	21	21
0.11370	0.00000000363472	21	21
0.11353	0.00000000355029	21	21
0.11336	0.00000000356135	21	21
0.11358	0.00000000363427	21	21
0.11356	0.00000000353758	21	21
0.11334	0.00000000354339	21	21
0.11365	0.00000000360390	21	21
0.11348	0.00000000353991	21	21
0.11338	0.00000000351809	21	21
0.11358	0.00000000358868	21	21
0.11354	0.00000000355580	21	21
0.11359	0.00000000357309	21	21
0.11325	0.00000000355608	21	21
0.11393	0.00000000362970	21	21
0.11348	0.00000000355826	21	21
0.11338	0.00000000355724	21	21
0.11370	0.00000000364094	21	21
0.11349	0.00000000353803	21	21
0.11329	0.00000000353923	21	21
0.11386	0.00000000362695	21	21
0.11348	0.00000000353344	21	21
0.11348	0.00000000359269	21	21
0.11353	0.00000000357472	21	21
0.11359	0.00000000364136	21	21
0.11341	0.00000000355372	21	21
0.11378	0.00000000355824	21	21
0.11386	0.00000000363048	21	21
0.11358	0.00000000356311	21	21
0.11337	0.00000000356087	21	21
0.11432	0.00000000360227	21	21
0.11401	0.00000000367766	21	21
0.11422	0.00000000357249	21	21
0.11420	0.00000000357828	21	21
0.11418	0.00000000368666	21	21
0.11483	0.00000000357196	21	21
0.13926	0.00000000641235	21	21
0.11349	0.00000000357484	21	21
0.11365	0.00000000355527	21	21
0.11328	0.00000000363500	21	21
0.11400	0.00000000358369	21	21
0.11525	0.00000000362317	21	21
0.11364	0.00000000359700	21	21
0.11377	0.00000000364378	21	21
0.11339	0.00000000353126	21	21
0.11318	0.00000000354425	21	21
0.11389	0.00000000363724	21	21
0.11363	0.00000000352828	21	21
0.11320	0.00000000361350	21	21
0.11376	0.00000000351981	21	21
0.13961	0.00000000641639	21	21
0.11351	0.00000000356110	21	21
0.11370	0.00000000364441	21	21
0.11329	0.00000000354867	21	21
0.11388	0.00000000355352	21	21
0.11348	0.00000000363684	21	21
0.11344	0.00000000357615	21	21
0.11355	0.00000000353776	21	21
0.11348	0.00000000363300	21	21
0.11321	0.00000000353799	21	21
0.11383	0.00000000353599	21	21
0.11345	0.00000000354477	21	21
0.11339	0.00000000361350	21	21
0.11371	0.00000000352221	21	21
0.11355	0.00000000356928	21	21
0.11349	0.00000000354912	21	21
0.11376	0.00000000356672	21	21
0.11361	0.00000000361473	21	21
0.11359	0.00000000355233	21	21
0.11335	0.00000000365258	21	21
0.11357	0.00000000353929	21	21
0.11341	0.00000000362125	21	21
0.11341	0.00000000353670	21	21
0.11370	0.00000000352707	21	21
0.11351	0.00000000361880	21	21
0.11311	0.00000000353591	21	21
0.11386	0.00000000351874	21	21
0.11357	0.00000000356914	21	21
0.11335	0.00000000355164	21	21
0.11377	0.00000000355724	21	21
0.11365	0.00000000363592	21	21
0.11349	0.00000000354676	21	21
0.11342	0.00000000356610	21	21
0.11362	0.00000000364828	21	21
0.11376	0.00000000354576	21	21
0.11335	0.00000000362717	21	21
0.11351	0.00000000352090	21	21
0.11346	0.00000000361543	21	21
0.11358	0.00000000355256	21	21
0.11350	0.00000000352210	21	21
0.13975	0.00000000640467	21	21
0.11348	0.00000000357975	21	21
0.11337	0.00000000356514	21	21
0.11365	0.00000000355335	21	21
0.11376	0.00000000363322	21	21
0.11321	0.00000000354079	21	21
0.11390	0.00000000357497	21	21
0.11339	0.00000000363468	21	21
0.11343	0.00000000354124	21	21
0.11358	0.00000000362828	21	21
0.11356	0.00000000351974	21	21
0.11364	0.00000000353002	21	21
0.11321	0.00000000361237	21	21
0.11306	0.00000000351719	21	21
0.11359	0.00000000357139	21	21
0.11333	0.00000000356457	21	21
0.11402	0.00000000364554	21	21
0.11340	0.00000000354542	21	21
0.11332	0.00000000362506	21	21
0.11366	0.00000000356770	21	21
0.11352	0.00000000355230	21	21
0.11358	0.00000000362128	21	21
0.11339	0.00000000354166	21	21
0.11355	0.00000000352332	21	21
0.11346	0.00000000362131	21	21
0.11345	0.00000000353037	21	21
0.11357	0.00000000359067	21	21
0.11358	0.00000000355227	21	21
0.11334	0.00000000362966	21	21
0.11360	0.00000000356641	21	21
0.11378	0.00000000356183	21	21
0.11353	0.00000000362764	21	21
0.11338	0.00000000357520	21	21
0.11360	0.00000000355070	21	21
0.11391	0.00000000361638	21	21
0.11308	0.00000000352123	21	21
0.11354	0.00000000360843	21	21
0.11377	0.00000000352814	21	21
0.11315	0.00000000351433	21	21
0.11360	0.00000000359555	21	21
0.11356	0.00000000355265	21	21
0.11355	0.00000000356006	21	21
0.11342	0.00000000356395	21	21
0.11382	0.00000000364728	21	21
0.11351	0.00000000355904	21	21
0.11343	0.00000000356349	21	21
0.11356	0.00000000362116	21	21
0.11347	0.00000000354522	21	21
0.11338	0.00000000353354	21	21
0.11355	0.00000000362171	21	21
0.11364	0.00000000353140	21	21
0.11310	0.00000000352041	21	21
0.14032	0.00000000639781	21	21
0.11331	0.00000000358995	21	21
0.11358	0.00000000355515	21	21
0.11343	0.00000000355746	21	21
0.11347	0.00000000356527	21	21
0.11400	0.00000000364804	21	21
0.11346	0.00000000355884	21	21
0.11349	0.00000000354594	21	21
0.11366	0.00000000364996	21	21
0.11356	0.00000000354655	21	21
0.11353	0.00000000361244	21	21
0.11351	0.00000000354067	21	21
0.11349	0.00000000353405	21	21
0.11354	0.00000000359708	21	21
0.11338	0.00000000349148	21	21
0.11352	0.00000000365262	21	21
0.11356	0.00000000355793	21	21
0.11368	0.00000000356538	21	21
0.11360	0.00000000365106	21	21
0.11349	0.00000000356248	21	21
0.11311	0.00000000356174	21	21
0.11394	0.00000000355751	21	21
0.11352	0.00000000362481	21	21
0.11331	0.00000000351887	21	21
0.11374	0.00000000354668	21	21
0.11343	0.00000000360948	21	21
0.11339	0.00000000358564	21	21
0.11358	0.00000000359050	21	21
0.11353	0.00000000355595	21	21
0.11367	0.00000000362816	21	21
0.11349	0.00000000355418	21	21
0.11360	0.00000000355699	21	21
0.11358	0.00000000364443	21	21
0.11329	0.00000000355680	21	21
0.11357	0.00000000354902	21	21
0.11351	0.00000000362310	21	21
0.11318	0.00000000353380	21	21
0.11384	0.00000000354150	21	21
0.11354	0.00000000363634	21	21
0.11336	0.00000000350054	21	21
0.11372	0.00000000357911	21	21
0.11341	0.00000000355876	21	21
0.11421	0.00000000363423	21	21
0.11303	0.00000000353569	21	21
0.11367	0.00000000363769	21	21
0.11349	0.00000000356231	21	21
0.11331	0.00000000355285	21	21
0.11365	0.00000000361988	21	21
0.11348	0.00000000354360	21	21
0.11333	0.00000000352142	21	21
0.11363	0.00000000363786	21	21
0.11358	0.00000000353886	21	21
0.11324	0.00000000357870	21	21
0.13938	0.00000000642891	21	21
0.11358	0.00000000357595	21	21
0.11349	0.00000000363307	21	21
0.11341	0.00000000354324	21	21
0.11385	0.00000000356887	21	21
0.11350	0.00000000362063	21	21
0.11332	0.00000000358061	21	21
0.11361	0.00000000356154	21	21
0.11365	0.00000000361585	21	21
0.11353	0.00000000353103	21	21
0.11329	0.00000000354445	21	21
0.11354	0.00000000362411	21	21
0.11366	0.00000000352094	21	21
0.11319	0.00000000361133	21	21
0.13969	0.00000000631411	21	21
0.11354	0.00000000357274	21	21
0.11346	0.00000000355656	21	21
0.11340	0.00000000356169	21	21
0.11388	0.00000000364490	21	21
0.11359	0.00000000354733	21	21
0.11332	0.00000000355951	21	21
0.11380	0.00000000365796	21	21
0.11360	0.00000000355383	21	21
0.11351	0.00000000360601	21	21
0.11342	0.00000000353549	21	21
0.11354	0.00000000353966	21	21
0.11362	0.00000000361683	21	21
0.11249	0.00000000351219	21	21
0.11362	0.00000000356255	21	21
0.11345	0.00000000356444	21	21
0.11343	0.00000000364844	21	21
0.11396	0.00000000356461	21	21
0.11341	0.00000000355175	21	21
0.11344	0.00000000364544	21	21
0.11359	0.00000000357273	21	21
0.11345	0.00000000353618	21	21
0.11371	0.00000000362630	21	21
0.11324	0.00000000352787	21	21
0.11363	0.00000000354376	21	21
0.11359	0.00000000359296	21	21
0.11489	0.00000000474044	21	21
0.11441	0.00000000387932	21	21
0.11348	0.00000000358696	21	21
0.11361	0.00000000356936	21	21
0.11346	0.00000000356334	21	21
0.11350	0.00000000363450	21	21
0.11385	0.00000000357765	21	21
0.11349	0.00000000355119	21	21
0.11397	0.00000000365183	21	21
0.11296	0.00000000353990	21	21
0.11356	0.00000000362954	21	21
0.11365	0.00000000353072	21	21
0.11331	0.00000000353372	21	21
0.11355	0.00000000362941	21	21
0.11343	0.00000000351909	21	21
0.11344	0.00000000358066	21	21
0.11359	0.00000000365326	21	21
0.11355	0.00000000356271	21	21
0.11356	0.00000000355231	21	21
0.11367	0.00000000357186	21	21
0.11364	0.00000000355843	21	21
0.11336	0.00000000365030	21	21
0.11341	0.00000000355514	21	21
0.11365	0.00000000363682	21	21
0.11348	0.00000000352259	21	21
0.11309	0.00000000353280	21	21
0.11386	0.00000000364609	21	21
0.11356	0.00000000350908	21	21
0.11360	0.00000000365089	21	21
0.11328	0.00000000356412	21	21
0.11356	0.00000000358160	21	21
0.11387	0.00000000362636	21	21
0.11314	0.00000000355245	21	21
0.11383	0.00000000358608	21	21
0.11346	0.00000000362266	21	21
0.11323	0.00000000355368	21	21
0.11374	0.00000000355853	21	21
0.11360	0.00000000352797	21	21
0.11342	0.00000000362591	21	21
0.11353	0.00000000354584	21	21
0.11344	0.00000000358540	21	21
0.13992	0.00000000646160	21	21
0.11358	0.00000000358257	21	21
0.11335	0.00000000365161	21	21
0.11366	0.00000000357623	21	21
0.11389	0.00000000355096	21	21
0.11324	0.00000000355612	21	21
0.11370	0.00000000366596	21	21
0.11351	0.00000000354671	21	21
0.11336	0.00000000356530	21	21
0.11383	0.00000000364355	21	21
0.11349	0.00000000352847	21	21
0.11355	0.00000000354249	21	21
0.11355	0.00000000363989	21	21
0.11343	0.00000000350211	21	21
0.11353	0.00000000357251	21	21
0.11351	0.00000000357353	21	21
0.11385	0.00000000364202	21	21
0.11359	0.00000000354124	21	21
0.11327	0.00000000356430	21	21
0.11368	0.00000000356405	21	21
0.11344	0.00000000363618	21	21
0.11318	0.00000000354619	21	21
0.11383	0.00000000363478	21	21
0.11349	0.00000000353198	21	21
0.11341	0.00000000353845	21	21
0.11371	0.00000000362300	21	21
0.11335	0.00000000358712	21	21
0.11349	0.00000000356790	21	21
0.11354	0.00000000357509	21	21
0.11386	0.00000000356026	21	21
0.11342	0.00000000361268	21	21
0.11350	0.00000000356477	21	21
0.11353	0.00000000357127	21	21
0.11349	0.00000000364075	21	21
0.11342	0.00000000355170	21	21
0.11367	0.00000000362110	21	21
0.11345	0.00000000352931	21	21
0.11337	0.00000000354266	21	21
0.11370	0.00000000363336	21	21
0.11338	0.00000000350712	21	21
0.11341	0.00000000358275	21	21
0.11359	0.00000000365296	21	21
0.11377	0.00000000355999	21	21
0.11380	0.00000000361919	21	21
0.11337	0.00000000356052	21	21
0.11348	0.00000000356564	21	21
0.11389	0.00000000363815	21	21
0.11302	0.00000000353589	21	21
0.11368	0.00000000361829	21	21
0.11354	0.00000000353185	21	21
0.11327	0.00000000354679	21	21
0.11371	0.00000000361080	21	21
0.11328	0.00000000352158	21	21
0.14014	0.00000000643885	21	21
0.11343	0.00000000358685	21	21
0.11357	0.00000000357845	21	21
0.11351	0.00000000355569	21	21
0.11360	0.00000000364960	21	21
0.11363	0.00000000357208	21	21
0.11360	0.00000000363329	21	21
0.11356	0.00000000355415	21	21
0.11336	0.00000000355327	21	21
0.11351	0.00000000362797	21	21
0.11361	0.00000000353413	21	21
0.11331	0.00000000361526	21	21
0.11360	0.00000000352338	21	21
0.11284	0.00000000352312	21	21
0.11349	0.00000000357861	21	21
0.11355	0.00000000356148	21	21
0.11388	0.00000000355631	21	21
0.11323	0.00000000355509	21	21
0.11381	0.00000000366506	21	21
0.11355	0.00000000356410	21	21
0.11367	0.00000000364040	21	21
0.11341	0.00000000355078	21	21
0.11352	0.00000000353884	21	21
0.11360	0.00000000361727	21	21
0.11332	0.00000000355573	21	21
0.11364	0.00000000352840	21	21
0.11332	0.00000000481534	21	21
0.11460	0.00000000380526	21	21
0.11345	0.00000000357603	21	21
0.11344	0.00000000355934	21	21
0.11360	0.00000000366284	21	21
0.11362	0.00000000356346	21	21
0.11384	0.00000000355569	21	21
0.11318	0.00000000364683	21	21
0.11362	0.00000000356062	21	21
0.11353	0.00000000355129	21	21
0.11331	0.00000000365434	21	21
0.11364	0.00000000353606	21	21
0.11351	0.00000000361675	21	21
0.11334	0.00000000354107	21	21
0.11369	0.00000000352449	21	21
0.11351	0.00000000358634	21	21
0.11351	0.00000000357222	21	21
0.11341	0.00000000366315	21	21
0.11358	0.00000000356395	21	21
0.11379	0.00000000357167	21	21
0.11319	0.00000000363349	21	21
0.11378	0.00000000357951	21	21
0.11380	0.00000000356092	21	21
0.11337	0.00000000356193	21	21
0.11363	0.00000000363581	21	21
0.11360	0.00000000352634	21	21
0.11405	0.00000000363883	21	21
0.11387	0.00000000357914	21	21
0.11462	0.00000000365610	21	21
0.11436	0.00000000360912	21	21
0.11470	0.00000000362141	21	21
0.11430	0.00000000361816	21	21
0.11373	0.00000000366471	21	21
0.11370	0.00000000356991	21	21
0.11353	0.00000000355857	21	21
0.11309	0.00000000355399	21	21
0.11390	0.00000000365663	21	21
0.11362	0.00000000353831	21	21
0.11323	0.00000000362251	21	21
0.11368	0.00000000355299	21	21
0.11354	0.00000000350636	21	21
0.11364	0.00000000358039	21	21
0.11331	0.00000000356461	21	21
0.11353	0.00000000356762	21	21
0.11374	0.00000000364240	21	21
0.11350	0.00000000357902	21	21
0.11355	0.00000000356315	21	21
0.11357	0.00000000363844	21	21
0.11313	0.00000000355487	21	21
0.11388	0.00000000355960	21	21
0.11375	0.00000000364145	21	21
0.11346	0.00000000356849	21	21
0.11369	0.00000000362258	21	21
0.11356	0.00000000351578	21	21
0.14038	0.00000000644507	21	21
0.11352	0.00000000359735	21	21
0.11346	0.00000000365145	21	21
0.11383	0.00000000356078	21	21
0.11353	0.00000000355134	21	21
0.11342	0.00000000355780	21	21
0.11374	0.00000000366129	21	21
0.11345	0.00000000356032	21	21
0.11323	0.00000000364171	21	21
0.11400	0.00000000356596	21	21
0.11355	0.00000000352777	21	21
0.11314	0.00000000354966	21	21
0.11384	0.00000000364357	21	21
0.11351	0.00000000351403	21	21
0.11361	0.00000000358417	21	21
0.11339	0.00000000356915	21	21
0.11378	0.00000000356275	21	21
0.11355	0.00000000362923	21	21
0.11342	0.00000000356898	21	21
0.11361	0.00000000356927	21	21
0.11351	0.00000000364648	21	21
0.11332	0.00000000355294	21	21
0.11369	0.00000000363781	21	21
0.11352	0.00000000353394	21	21
0.11310	0.00000000354360	21	21
0.11391	0.00000000364785	21	21
0.11346	0.00000000351681	21	21
0.11337	0.00000000358923	21	21
0.11358	0.00000000356784	21	21
0.11384	0.00000000366347	21	21
0.11359	0.00000000353356	21	21
0.11334	0.00000000364170	21	21
0.11351	0.00000000357503	21	21
0.11357	0.00000000356066	21	21
0.11344	0.00000000364775	21	21
0.11363	0.00000000354158	21	21
0.11349	0.00000000359888	21	21
0.11307	0.00000000356532	21	21
0.11394	0.00000000353152	21	21
0.11335	0.00000000361459	21	21
0.11350	0.00000000357353	21	21
0.11352	0.00000000358000	21	21
0.11351	0.00000000356063	21	21
0.11394	0.00000000365498	21	21
0.11334	0.00000000356290	21	21
0.11357	0.00000000356496	21	21
0.11345	0.00000000363583	21	21
0.11336	0.00000000355026	21	21
0.11364	0.00000000363947	21	21
0.11352	0.00000000352997	21	21
0.11317	0.00000000355370	21	21
0.11390	0.00000000361574	21	21
0.11310	0.00000000352324	21	21
0.13833	0.00000000630124	21	21
0.11385	0.00000000357684	21	21
0.11307	0.00000000364569	21	21
0.11384	0.00000000356112	21	21
0.11351	0.00000000362312	21	21
0.11348	0.00000000355421	21	21
0.11354	0.00000000356825	21	21
0.11357	0.00000000364672	21	21
0.11305	0.00000000355529	21	21
0.11398	0.00000000355527	21	21
0.11344	0.00000000360089	21	21
0.11315	0.00000000354262	21	21
0.11389	0.00000000363536	21	21
0.11196	0.00000000394126	21	21
0.11358	0.00000000367068	21	21
0.11345	0.00000000356727	21	21
0.11341	0.00000000357189	21	21
0.11394	0.00000000356046	21	21
0.11356	0.00000000364781	21	21
0.11319	0.00000000356487	21	21
0.11394	0.00000000360712	21	21
0.11348	0.00000000362310	21	21
0.11321	0.00000000355635	21	21
0.11390	0.00000000355024	21	21
0.11337	0.00000000361958	21	21
0.11351	0.00000000354581	21	21
0.11350	0.00000000353116	21	21
0.11362	0.00000000359135	21	21
0.11341	0.00000000356921	21	21
0.11347	0.00000000356812	21	21
0.11380	0.00000000357454	21	21
0.11355	0.00000000364726	21	21
0.11354	0.00000000355846	21	21
0.11348	0.00000000357462	21	21
0.11352	0.00000000363722	21	21
0.11359	0.00000000355243	21	21
0.11344	0.00000000363243	21	21
0.11353	0.00000000354835	21	21
0.11346	0.00000000353780	21	21
0.11339	0.00000000360320	21	21
0.13882	0.00000000646541	21	21
0.11352	0.00000000356413	21	21
0.11351	0.00000000356501	21	21
0.11329	0.00000000357624	21	21
0.11391	0.00000000366141	21	21
0.11350	0.00000000355882	21	21
0.11323	0.00000000356705	21	21
0.11375	0.00000000365172	21	21
0.11352	0.00000000354421	21	21
0.11319	0.00000000354837	21	21
0.11385	0.00000000364885	21	21
0.11353	0.00000000354058	21	21
0.11349	0.00000000358367	21	21
0.11352	0.00000000359839	21	21
0.11354	0.00000000364285	21	21
0.11359	0.00000000357309	21	21
0.11331	0.00000000357050	21	21
0.11388	0.00000000357391	21	21
0.11352	0.00000000365565	21	21
0.11331	0.00000000355007	21	21
0.11364	0.00000000363345	21	21
0.11352	0.00000000355407	21	21
0.11311	0.00000000354193	21	21
0.11392	0.00000000356041	21	21
0.11341	0.00000000362918	21	21
0.11358	0.00000000350731	21	21
0.11370	0.00000000360741	21	21
0.11341	0.00000000356786	21	21
0.11363	0.00000000364071	21	21
0.11372	0.00000000356443	21	21
0.11350	0.00000000355952	21	21
0.11345	0.00000000365718	21	21
0.11339	0.00000000356532	21	21
0.11360	0.00000000355861	21	21
0.11358	0.00000000362317	21	21
0.11335	0.00000000353646	21	21
0.11360	0.00000000363530	21	21
0.11353	0.00000000353902	21	21
0.11308	0.00000000351020	21	21
0.11356	0.00000000359017	21	21
0.11351	0.00000000356235	21	21
0.11361	0.00000000356809	21	21
0.11380	0.00000000363433	21	21
0.11346	0.00000000357191	21	21
0.11366	0.00000000367249	21	21
0.11341	0.00000000356454	21	21
0.11373	0.00000000354384	21	21
0.11352	0.00000000362303	21	21
0.11339	0.00000000354154	21	21
0.11346	0.00000000362119	21	21
0.11362	0.00000000356158	21	21
0.11327	0.00000000352850	21	21
0.11346	0.00000000358068	21	21
0.11358	0.00000000356419	21	21
0.11348	0.00000000357114	21	21
0.11379	0.00000000363856	21	21
0.11351	0.00000000355953	21	21
0.11321	0.00000000365531	21	21
0.11375	0.00000000357491	21	21
0.11348	0.00000000354342	21	21
0.11354	0.00000000361751	21	21
0.11348	0.00000000355133	21	21
0.11358	0.00000000353260	21	21
0.11362	0.00000000362797	21	21
0.11322	0.00000000351165	21	21
0.11354	0.00000000358389	21	21
0.11349	0.00000000356298	21	21
0.11337	0.00000000356776	21	21
0.11392	0.00000000365453	21	21
0.11354	0.00000000354625	21	21
0.11312	0.00000000357540	21	21
0.11380	0.00000000366828	21	21
0.11357	0.00000000354568	21	21
0.11320	0.00000000361689	21	21
0.11372	0.00000000354493	21	21
0.11356	0.00000000354329	21	21
0.11338	0.00000000361879	21	21
0.11325	0.00000000352663	21	21
0.13968	0.00000000652661	21	21
0.11358	0.00000000358977	21	21
0.11347	0.00000000363970	21	21
0.11344	0.00000000356687	21	21
0.11377	0.00000000357764	21	21
0.11361	0.00000000365011	21	21
0.11373	0.00000000357262	21	21
0.11332	0.00000000355582	21	21
0.11348	0.00000000363381	21	21
0.11353	0.00000000353926	21	21
0.11350	0.00000000362177	21	21
0.11345	0.00000000355545	21	21
0.11364	0.00000000352194	21	21
0.11019	0.00000000380781	21	21
0.11346	0.00000000360498	21	21
0.11356	0.00000000356892	21	21
0.11343	0.00000000356442	21	21
0.11342	0.00000000364549	21	21
0.11398	0.00000000356628	21	21
0.11333	0.00000000355974	21	21
0.11327	0.00000000365642	21	21
0.11387	0.00000000357533	21	21
0.11339	0.00000000354547	21	21
0.11351	0.00000000362628	21	21
0.11347	0.00000000353751	21	21
0.11360	0.00000000364110	21	21
0.11361	0.00000000352580	21	21
0.11344	0.00000000369746	21	21
0.11361	0.00000000358257	21	21
0.11347	0.00000000356908	21	21
0.11397	0.00000000356071	21	21
0.11339	0.00000000364853	21	21
0.11368	0.00000000357474	21	21
0.11362	0.00000000356479	21	21
0.11337	0.00000000364147	21	21
0.11355	0.00000000356609	21	21
0.11358	0.00000000353693	21	21
0.11332	0.00000000363539	21	21
0.11353	0.00000000354518	21	21
0.11357	0.00000000360446	21	21
0.11341	0.00000000358512	21	21
0.11353	0.00000000357935	21	21
0.11363	0.00000000358278	21	21
0.11339	0.00000000356169	21	21
0.11370	0.00000000358234	21	21
0.11359	0.00000000366175	21	21
0.11355	0.00000000355393	21	21
0.11304	0.00000000363970	21	21
0.11397	0.00000000357581	21	21
0.11343	0.00000000353334	21	21
0.11350	0.00000000363171	21	21
0.11352	0.00000000355788	21	21
0.11356	0.00000000352426	21	21
0.11357	0.00000000357892	21	21
0.11342	0.00000000358115	21	21
0.11352	0.00000000356138	21	21
0.11353	0.00000000363557	21	21
0.11369	0.00000000358033	21	21
0.11358	0.00000000356280	21	21
0.11344	0.00000000365162	21	21
0.11306	0.00000000355085	21	21
0.11396	0.00000000357371	21	21
0.11361	0.00000000362169	21	21
0.11321	0.00000000354175	21	21
0.11366	0.00000000356091	21	21
0.11359	0.00000000361008	21	21
0.11353	0.00000000358226	21	21
0.11336	0.00000000358221	21	21
0.11372	0.00000000367396	21	21
0.11384	0.00000000355049	21	21
0.11330	0.00000000357544	21	21
0.11366	0.00000000358403	21	21
0.11347	0.00000000363776	21	21
0.11318	0.00000000354649	21	21
0.11388	0.00000000357580	21	21
0.11353	0.00000000361366	21	21
0.11325	0.00000000354395	21	21
0.11363	0.00000000365681	21	21
0.11355	0.00000000351856	21	21
0.11359	0.00000000366696	21	21
0.11347	0.00000000357867	21	21
0.11378	0.00000000356304	21	21
0.11352	0.00000000354519	21	21
0.11341	0.00000000366449	21	21
0.11354	0.00000000357079	21	21
0.11355	0.00000000355787	21	21
0.11304	0.00000000363862	21	21
0.11393	0.00000000356740	21	21
0.11360	0.00000000353637	21	21
0.11308	0.00000000363474	21	21
0.11393	0.00000000355747	21	21
0.11339	0.00000000359962	21	21
0.11351	0.00000000357110	21	21
0.11357	0.00000000358955	21	21
0.11380	0.00000000363590	21	21
0.11358	0.00000000355392	21	21
0.11353	0.00000000365936	21	21
0.11362	0.00000000357190	21	21
0.11347	0.00000000356008	21	21
0.11335	0.00000000363442	21	21
0.11370	0.00000000354396	21	21
0.11349	0.00000000362392	21	21
0.11323	0.00000000355296	21	21
0.11368	0.00000000354863	21	21
0.11343	0.00000000360300	21	21
0.11343	0.00000000358933	21	21
0.11350	0.00000000357178	21	21
0.11359	0.00000000357592	21	21
0.11421	0.00000000363185	21	21
0.11306	0.00000000356203	21	21
0.11350	0.00000000365850	21	21
0.11370	0.00000000355261	21	21
0.11319	0.00000000356368	21	21
0.11359	0.00000000362800	21	21
0.11357	0.00000000353334	21	21
0.11324	0.00000000362704	21	21
0.11358	0.00000000353977	21	21
0.11347	0.00000000360503	21	21
0.14095	0.00000000651054	21	21
0.11375	0.00000000358569	21	21
0.11324	0.00000000357177	21	21
0.11349	0.00000000357325	21	21
0.11384	0.00000000365285	21	21
0.11335	0.00000000355998	21	21
0.11363	0.00000000365532	21	21
0.11350	0.00000000355949	21	21
0.11337	0.00000000357005	21	21
0.11365	0.00000000356042	21	21
0.11345	0.00000000361331	21	21
0.11311	0.00000000355515	21	21
0.11389	0.00000000363561	21	21
0.11294	0.00000000351971	21	21
0.11359	0.00000000357727	21	21
0.11327	0.00000000357491	21	21
0.11397	0.00000000357427	21	21
0.11350	0.00000000363378	21	21
0.11329	0.00000000357601	21	21
0.11368	0.00000000357671	21	21
0.11346	0.00000000365248	21	21
0.11319	0.00000000355100	21	21
0.11391	0.00000000357488	21	21
0.11375	0.00000000362355	21	21
0.11318	0.00000000354114	21	21
0.11389	0.00000000355203	21	21
0.11091	0.00000000402461	21	21
0.11447	0.00000000363334	21	21
0.11404	0.00000000367197	21	21
0.11466	0.00000000362578	21	21
0.11519	0.00000000364152	21	21
0.11406	0.00000000360404	21	21
0.11402	0.00000000368433	21	21
0.11356	0.00000000357598	21	21
0.11355	0.00000000363731	21	21
0.11331	0.00000000357867	21	21
0.11451	0.00000000362332	21	21
0.11436	0.00000000358421	21	21
0.11332	0.00000000356736	21	21
0.11373	0.00000000363814	21	21
0.11345	0.00000000357321	21	21
0.11364	0.00000000359225	21	21
0.11383	0.00000000356593	21	21
0.11376	0.00000000365765	21	21
0.11337	0.00000000357093	21	21
0.11363	0.00000000365545	21	21
0.11355	0.00000000355803	21	21
0.11329	0.00000000357540	21	21
0.11370	0.00000000363640	21	21
0.11345	0.00000000353444	21	21
0.11316	0.00000000355061	21	21
0.11387	0.00000000362726	21	21
0.11251	0.00000000465911	21	21
0.11438	0.00000000380220	21	21
0.11353	0.00000000367691	21	21
0.11358	0.00000000357290	21	21
0.11329	0.00000000357969	21	21
0.11356	0.00000000359002	21	21
0.11388	0.00000000364277	21	21
0.11303	0.00000000356958	21	21
0.11386	0.00000000358471	21	21
0.11368	0.00000000357067	21	21
0.11316	0.00000000363124	21	21
0.11384	0.00000000356119	21	21
0.11350	0.00000000363105	21	21
0.11338	0.00000000354923	21	21
0.11358	0.00000000351943	21	21
0.11362	0.00000000368524	21	21
0.11353	0.00000000357430	21	21
0.11336	0.00000000356684	21	21
0.11367	0.00000000357930	21	21
0.11378	0.00000000365484	21	21
0.11360	0.00000000356201	21	21
0.11335	0.00000000358213	21	21
0.11348	0.00000000364112	21	21
0.11358	0.00000000356548	21	21
0.11340	0.00000000361529	21	21
0.11363	0.00000000355475	21	21
0.11349	0.00000000354723	21	21
0.11346	0.00000000353808	21	21
0.11347	0.00000000360083	21	21
0.11349	0.00000000366331	21	21
0.11351	0.00000000356922	21	21
0.11340	0.00000000357515	21	21
0.11401	0.00000000358518	21	21
0.11343	0.00000000364327	21	21
0.11318	0.00000000356263	21	21
0.11386	0.00000000357516	21	21
0.11345	0.00000000365277	21	21
0.11349	0.00000000352961	21	21
0.11351	0.00000000356581	21	21
0.11352	0.00000000362511	21	21
0.11353	0.00000000351357	21	21
0.11362	0.00000000359848	21	21
0.11342	0.00000000356619	21	21
0.11354	0.00000000357563	21	21
0.11357	0.00000000358565	21	21
0.11380	0.00000000366424	21	21
0.11340	0.00000000356328	21	21
0.11314	0.00000000365231	21	21
0.11394	0.00000000357006	21	21
0.11344	0.00000000355088	21	21
0.11327	0.00000000362928	21	21
0.11369	0.00000000356675	21	21
0.11357	0.00000000355380	21	21
0.11361	0.00000000360208	21	21
0.14032	0.00000000646171	21	21
0.11342	0.00000000359718	21	21
0.11353	0.00000000365045	21	21
0.11393	0.00000000356285	21	21
0.11359	0.00000000357139	21	21
0.11351	0.00000000365600	21	21
0.11362	0.00000000357409	21	21
0.11325	0.00000000364096	21	21
0.11369	0.00000000356764	21	21
0.11353	0.00000000355254	21	21
0.11310	0.00000000363107	21	21
0.11393	0.00000000356861	21	21
0.11356	0.00000000354031	21	21
0.11320	0.00000000360166	21	21
0.11361	0.00000000367902	21	21
0.11352	0.00000000357593	21	21
0.11383	0.00000000355797	21	21
0.11349	0.00000000355331	21	21
0.11355	0.00000000364818	21	21
0.11370	0.00000000357232	21	21
0.11305	0.00000000363633	21	21
0.11370	0.00000000355485	21	21
0.11351	0.00000000364176	21	21
0.11336	0.00000000354760	21	21
0.11360	0.00000000354686	21	21
0.11343	0.00000000362548	21	21
0.11337	0.00000000352734	21	21
0.13907	0.00000000644702	21	21
0.11358	0.00000000357937	21	21
0.11352	0.00000000358263	21	21
0.11342	0.00000000357597	21	21
0.11391	0.00000000365983	21	21
0.11350	0.00000000355746	21	21
0.11329	0.00000000357844	21	21
0.11370	0.00000000365077	21	21
0.11349	0.00000000355424	21	21
0.11363	0.00000000363153	21	21
0.11339	0.00000000354253	21	21
0.11351	0.00000000355175	21	21
0.11372	0.00000000362517	21	21
0.11315	0.00000000353298	21	21
0.13872	0.00000000645289	21	21
0.11364	0.00000000359101	21	21
0.11346	0.00000000365798	21	21
0.11332	0.00000000357582	21	21
0.11396	0.00000000357570	21	21
0.11352	0.00000000355841	21	21
0.11336	0.00000000366979	21	21
0.11370	0.00000000357076	21	21
0.11347	0.00000000355252	21	21
0.11358	0.00000000362472	21	21
0.11342	0.00000000354627	21	21
0.11347	0.00000000364198	21	21
0.11352	0.00000000353531	21	21
0.11275	0.00000000352444	21	21
0.11325	0.00000000360646	21	21
0.11361	0.00000000365526	21	21
0.11345	0.00000000358039	21	21
0.11344	0.00000000357656	21	21
0.11398	0.00000000356855	21	21
0.11343	0.00000000365108	21	21
0.11330	0.00000000356852	21	21
0.11370	0.00000000358062	21	21
0.11339	0.00000000364929	21	21
0.11371	0.00000000353425	21	21
0.11331	0.00000000363768	21	21
0.11356	0.00000000355354	21	21
0.11352	0.00000000360179	21	21
0.11475	0.00000000489634	21	21
0.11404	0.00000000386925	21	21
0.11344	0.00000000359947	21	21
0.11363	0.00000000358476	21	21
0.11342	0.00000000357929	21	21
0.11367	0.00000000358658	21	21
0.11394	0.00000000357661	21	21
0.11337	0.00000000365475	21	21
0.11365	0.00000000357456	21	21
0.11345	0.00000000364134	21	21
0.11344	0.00000000355635	21	21
0.11392	0.00000000354407	21	21
0.11307	0.00000000362216	21	21
0.11355	0.00000000354607	21	21
0.11357	0.00000000361747	21	21
0.11341	0.00000000359745	21	21
0.11366	0.00000000358259	21	21
0.11352	0.00000000357854	21	21
0.11367	0.00000000365192	21	21
0.11348	0.00000000357741	21	21
0.11361	0.00000000356646	21	21
0.11356	0.00000000364365	21	21
0.11333	0.00000000355975	21	21
0.11366	0.00000000365333	21	21
0.11344	0.00000000354575	21	21
0.11316	0.00000000355117	21	21
0.11388	0.00000000355514	21	21
0.11353	0.00000000360183	21	21
0.11349	0.00000000358851	21	21
0.11350	0.00000000357659	21	21
0.11354	0.00000000356732	21	21
0.11362	0.00000000366016	21	21
0.11368	0.00000000356958	21	21
0.11350	0.00000000356943	21	21
0.11348	0.00000000366340	21	21
0.11335	0.00000000356046	21	21
0.11365	0.00000000363908	21	21
0.11346	0.00000000353921	21	21
0.11318	0.00000000356216	21	21
0.11395	0.00000000364453	21	21
0.11347	0.00000000351845	21	21
0.11349	0.00000000368203	21	21
0.11351	0.00000000357711	21	21
0.11346	0.00000000357646	21	21
0.11390	0.00000000356535	21	21
0.11330	0.00000000356630	21	21
0.11369	0.00000000366601	21	21
0.11348	0.00000000355655	21	21
0.11340	0.00000000365642	21	21
0.11360	0.00000000355890	21	21
0.11354	0.00000000353780	21	21
0.11306	0.00000000363173	21	21
0.11389	0.00000000357137	21	21
0.11347	0.00000000360905	21	21
0.11345	0.00000000358889	21	21
0.11357	0.00000000358818	21	21
0.11383	0.00000000365211	21	21
0.11364	0.00000000355375	21	21
0.11326	0.00000000356367	21	21
0.11356	0.00000000366107	21	21
0.11360	0.00000000355866	21	21
0.11333	0.00000000356850	21	21
0.11356	0.00000000364723	21	21
0.11351	0.00000000352817	21	21
0.11335	0.00000000364475	21	21
0.11372	0.00000000355357	21	21
0.11331	0.00000000360415	21	21
0.11339	0.00000000359198	21	21
0.11362	0.00000000357828	21	21
0.11398	0.00000000358390	21	21
0.11343	0.00000000364395	21	21
0.11367	0.00000000357022	21	21
0.11346	0.00000000364627	21	21
0.11334	0.00000000356416	21	21
0.11363	0.00000000356956	21	21
0.11359	0.00000000363131	21	21
0.11357	0.00000000354119	21	21
0.11335	0.00000000362458	21	21
0.11351	0.00000000355039	21	21
0.11348	0.00000000352407	21	21
0.13996	0.00000000647412	21	21
0.11336	0.00000000359280	21	21
0.11350	0.00000000357378	21	21
0.11361	0.00000000366533	21	21
0.11343	0.00000000356668	21	21
0.11381	0.00000000358293	21	21
0.11353	0.00000000365052	21	21
0.11315	0.00000000356792	21	21
0.11380	0.00000000356991	21	21
0.11361	0.00000000363959	21	21
0.11337	0.00000000353475	21	21
0.11349	0.00000000356271	21	21
0.11370	0.00000000362422	21	21
0.11351	0.00000000352814	21	21
0.13993	0.00000000631786	21	21
0.11339	0.00000000359918	21	21
0.11357	0.00000000358714	21	21
0.11346	0.00000000356300	21	21
0.11360	0.00000000359363	21	21
0.11366	0.00000000366327	21	21
0.11357	0.00000000356927	21	21
0.11303	0.00000000356624	21	21
0.11399	0.00000000366370	21	21
0.11348	0.00000000354782	21	21
0.11342	0.00000000362851	21	21
0.11364	0.00000000356760	21	21
0.11349	0.00000000353203	21	21
0.11286	0.00000000359385	21	21
0.11340	0.00000000359447	21	21
0.11359	0.00000000358007	21	21
0.11382	0.00000000357363	21	21
0.11313	0.00000000365351	21	21
0.11388	0.00000000358138	21	21
0.11347	0.00000000357146	21	21
0.11322	0.00000000365466	21	21
0.11369	0.00000000357566	21	21
0.11361	0.00000000354922	21	21
0.11331	0.00000000361498	21	21
0.11366	0.00000000356913	21	21
0.11355	0.00000000362022	21	21
0.11396	0.00000000490059	21	21
0.11436	0.00000000379886	21	21
0.11346	0.00000000359077	21	21
0.11335	0.00000000367336	21	21
0.11365	0.00000000358076	21	21
0.11349	0.00000000357203	21	21
0.11372	0.00000000357360	21	21
0.11355	0.00000000366956	21	21
0.11344	0.00000000357608	21	21
0.11369	0.00000000356565	21	21
0.11327	0.00000000363872	21	21
0.11367	0.00000000355495	21	21
0.11347	0.00000000362769	21	21
0.11333	0.00000000356321	21	21
0.11362	0.00000000355133	21	21
0.11352	0.00000000359314	21	21
0.11362	0.00000000357758	21	21
0.11349	0.00000000360042	21	21
0.11384	0.00000000365076	21	21
0.11357	0.00000000356886	21	21
0.11334	0.00000000367106	21	21
0.11360	0.00000000358647	21	21
0.11360	0.00000000355936	21	21
0.11310	0.00000000355312	21	21
0.11389	0.00000000365588	21	21
0.11339	0.00000000355184	21	21
0.11339	0.00000000354603	21	21
0.11366	0.00000000363634	21	21
0.11365	0.00000000360292	21	21
0.11344	0.00000000357810	21	21
0.11357	0.00000000356916	21	21
0.11353	0.00000000358738	21	21
0.11378	0.00000000364808	21	21
0.11356	0.00000000356979	21	21
0.11342	0.00000000367033	21	21
0.11354	0.00000000356895	21	21
0.11339	0.00000000355862	21	21
0.11344	0.00000000362361	21	21
0.11365	0.00000000356340	21	21
0.11351	0.00000000354190	21	21
0.11311	0.00000000361933	21	21
0.11359	0.00000000368510	21	21
0.11349	0.00000000358108	21	21
0.11347	0.00000000356774	21	21
0.11381	0.00000000358044	21	21
0.11358	0.00000000364656	21	21
0.11346	0.00000000357668	21	21
0.11344	0.00000000357076	21	21
0.11351	0.00000000364841	21	21
0.11365	0.00000000356142	21	21
0.11339	0.00000000355747	21	21
0.11364	0.00000000362541	21	21
0.11359	0.00000000355203	21	21
0.11324	0.00000000363291	21	21
0.11358	0.00000000368421	21	21
0.11352	0.00000000350298	21	21
0.11349	0.00000000367053	21	21
0.11384	0.00000000356082	21	21
0.11350	0.00000000356451	21	21
0.11320	0.00000000365493	21	21
0.11372	0.00000000358787	21	21
0.11355	0.00000000365058	21	21
0.11343	0.00000000355879	21	21
0.11364	0.00000000354728	21	21
0.11343	0.00000000363626	21	21
0.11365	0.00000000355272	21	21
0.11323	0.00000000361558	21	21
0.11348	0.00000000358838	21	21
0.11358	0.00000000366299	21	21
0.11370	0.00000000358218	21	21
0.11354	0.00000000355048	21	21
0.11354	0.00000000363822	21	21
0.11339	0.00000000359077	21	21
0.11354	0.00000000365598	21	21
0.11360	0.00000000355963	21	21
0.11312	0.00000000355909	21	21
0.11376	0.00000000363221	21	21
0.11354	0.00000000356202	21	21
0.11357	0.00000000355885	21	21
0.11370	0.00000000362496	21	21
0.11422	0.00000000365534	21	21
0.11435	0.00000000361739	21	21
0.11460	0.00000000372668	21	21
0.11436	0.00000000363790	21	21
0.11468	0.00000000362953	21	21
0.11477	0.00000000364366	21	21
0.11428	0.00000000370907	21	21
0.11426	0.00000000359512	21	21
0.11354	0.00000000365180	21	21
0.11319	0.00000000354976	21	21
0.11483	0.00000000363346	21	21
0.11413	0.00000000358251	21	21
0.11346	0.00000000361726	21	21
0.11355	0.00000000361402	21	21
0.11355	0.00000000358620	21	21
0.11354	0.00000000357664	21	21
0.11345	0.00000000359212	21	21
0.11412	0.00000000357991	21	21
0.11329	0.00000000364719	21	21
0.11327	0.00000000357468	21	21
0.11378	0.00000000357358	21	21
0.11348	0.00000000364871	21	21
0.11343	0.00000000355486	21	21
0.11357	0.00000000355231	21	21
0.11366	0.00000000363679	21	21
0.11356	0.00000000352995	21	21
0.11339	0.00000000360954	21	21
0.11360	0.00000000359735	21	21
0.11353	0.00000000356790	21	21
0.11356	0.00000000365012	21	21
0.11369	0.00000000358065	21	21
0.11362	0.00000000356932	21	21
0.11340	0.00000000365699	21	21
0.11352	0.00000000356831	21	21
0.11349	0.00000000356205	21	21
0.11373	0.00000000363098	21	21
0.11328	0.00000000354300	21	21
0.11360	0.00000000364653	21	21
0.11353	0.00000000353527	21	21
0.13947	0.00000000648524	21	21
0.11347	0.00000000368383	21	21
0.11357	0.00000000358540	21	21
0.11351	0.00000000358131	21	21
0.11349	0.00000000356618	21	21
0.11366	0.00000000367571	21	21
0.11355	0.00000000357177	21	21
0.11364	0.00000000357710	21	21
0.11332	0.00000000356249	21	21
0.11359	0.00000000364331	21	21
0.11352	0.00000000356136	21	21
0.11316	0.00000000363466	21	21
0.11386	0.00000000357054	21	21
0.11351	0.00000000352239	21	21
0.11343	0.00000000359610	21	21
0.11364	0.00000000358657	21	21
0.11341	0.00000000356536	21	21
0.11384	0.00000000364845	21	21
0.11350	0.00000000358447	21	21
0.11357	0.00000000356284	21	21
0.11347	0.00000000366408	21	21
0.11330	0.00000000356811	21	21
0.11363	0.00000000356345	21	21
0.11357	0.00000000362348	21	21
0.11335	0.00000000355575	21	21
0.11356	0.00000000364177	21	21
0.11346	0.00000000352919	21	21
0.11347	0.00000000360504	21	21
0.11384	0.00000000360133	21	21
0.11347	0.00000000357551	21	21
0.11373	0.00000000356049	21	21
0.11353	0.00000000359227	21	21
0.11357	0.00000000365162	21	21
0.11352	0.00000000356817	21	21
0.11337	0.00000000367652	21	21
0.11378	0.00000000356071	21	21
0.11345	0.00000000353843	21	21
0.11338	0.00000000355676	21	21
0.11359	0.00000000363021	21	21
0.11349	0.00000000361445	21	21
0.11345	0.00000000359078	21	21
0.11363	0.00000000358750	21	21
0.11377	0.00000000366990	21	21
0.11323	0.00000000354788	21	21
0.11384	0.00000000360896	21	21
0.11348	0.00000000365268	21	21
0.11356	0.00000000356377	21	21
0.11347	0.00000000357584	21	21
0.11356	0.00000000363706	21	21
0.11352	0.00000000354594	21	21
0.11332	0.00000000355610	21	21
0.11360	0.00000000363466	21	21
0.11351	0.00000000361818	21	21
0.11329	0.00000000360002	21	21
0.11358	0.00000000357705	21	21
0.11382	0.00000000357573	21	21
0.11332	0.00000000355878	21	21
0.11364	0.00000000366772	21	21
0.11355	0.00000000358622	21	21
0.11309	0.00000000356343	21	21
0.11388	0.00000000366850	21	21
0.11362	0.00000000355438	21	21
0.11347	0.00000000361051	21	21
0.11336	0.00000000356165	21	21
0.11365	0.00000000356531	21	21
0.11340	0.00000000360441	21	21
0.11364	0.00000000360475	21	21
0.11337	0.00000000358057	21	21
0.11370	0.00000000357145	21	21
0.11367	0.00000000358586	21	21
0.11351	0.00000000364426	21	21
0.11365	0.00000000357502	21	21
0.11326	0.00000000366014	21	21
0.11368	0.00000000356139	21	21
0.11341	0.00000000354689	21	21
0.11323	0.00000000355602	21	21
0.11382	0.00000000364692	21	21
0.11354	0.00000000362262	21	21
0.11262	0.00000000353270	21	21
0.11361	0.00000000359607	21	21
0.11352	0.00000000358521	21	21
0.11398	0.00000000365534	21	21
0.11322	0.00000000356801	21	21
0.11358	0.00000000357121	21	21
0.11353	0.00000000357744	21	21
0.11327	0.00000000367064	21	21
0.11363	0.00000000356690	21	21
0.11355	0.00000000363863	21	21
0.11308	0.00000000355347	21	21
0.11391	0.00000000356237	21	21
0.11359	0.00000000354298	21	21
0.11479	0.00000000393811	21	21
0.11350	0.00000000360086	21	21
0.11361	0.00000000360683	21	21
0.11348	0.00000000357835	21	21
0.11361	0.00000000358109	21	21
0.11355	0.00000000357955	21	21
0.11366	0.00000000367087	21	21
0.11355	0.00000000357520	21	21
0.11328	0.00000000365630	21	21
0.11360	0.00000000357675	21	21
0.11372	0.00000000355697	21	21
0.11329	0.00000000353717	21	21
0.11360	0.00000000356655	21	21
0.11348	0.00000000362322	21	21
0.11344	0.00000000360236	21	21
0.11350	0.00000000367531	21	21
0.11354	0.00000000359066	21	21
0.11369	0.00000000357645	21	21
0.11374	0.00000000356688	21	21
0.11327	0.00000000357812	21	21
0.11361	0.00000000365757	21	21
0.11344	0.00000000356236	21	21
0.11335	0.00000000366717	21	21
0.11366	0.00000000356623	21	21
0.11348	0.00000000353601	21	21
0.11320	0.00000000356511	21	21
0.11385	0.00000000363897	21	21
0.11365	0.00000000359551	21	21
0.11336	0.00000000357952	21	21
0.11347	0.00000000358516	21	21
0.11357	0.00000000367032	21	21
0.11379	0.00000000357743	21	21
0.11321	0.00000000357045	21	21
0.11385	0.00000000358604	21	21
0.11346	0.00000000364775	21	21
0.11349	0.00000000365274	21	21
0.11356	0.00000000355615	21	21
0.11354	0.00000000356555	21	21
0.11361	0.00000000354494	21	21
0.11333	0.00000000361940	21	21
0.11353	0.00000000367728	21	21
0.11354	0.00000000357681	21	21
0.11334	0.00000000357485	21	21
0.11380	0.00000000366668	21	21
0.11357	0.00000000358784	21	21
0.11316	0.00000000358606	21	21
0.11384	0.00000000358419	21	21
0.11354	0.00000000356784	21	21
0.11333	0.00000000364351	21	21
0.11370	0.00000000364007	21	21
0.11349	0.00000000355110	21	21
0.11355	0.00000000355935	21	21
0.11342	0.00000000354277	21	21
0.14005	0.00000000642881	21	21
0.11349	0.00000000359877	21	21
0.11359	0.00000000359163	21	21
0.11344	0.00000000357250	21	21
0.11389	0.00000000366668	21	21
0.11343	0.00000000357040	21	21
0.11331	0.00000000366850	21	21
0.11370	0.00000000357883	21	21
0.11348	0.00000000356488	21	21
0.11323	0.00000000356010	21	21
0.11372	0.00000000364528	21	21
0.11350	0.00000000355499	21	21
0.11350	0.00000000365573	21	21
0.11351	0.00000000353236	21	21
0.11372	0.00000000360387	21	21
0.11346	0.00000000357658	21	21
0.11374	0.00000000358040	21	21
0.11359	0.00000000364917	21	21
0.11363	0.00000000357163	21	21
0.11328	0.00000000366853	21	21
0.11350	0.00000000357041	21	21
0.11352	0.00000000357394	21	21
0.11346	0.00000000364154	21	21
0.11369	0.00000000354706	21	21
0.11351	0.00000000365166	21	21
0.11299	0.00000000355103	21	21
0.11403	0.00000000355496	21	21
0.11338	0.00000000360171	21	21
0.11373	0.00000000356583	21	21
0.11347	0.00000000357824	21	21
0.11368	0.00000000364235	21	21
0.11360	0.00000000358045	21	21
0.11340	0.00000000367302	21	21
0.11350	0.00000000357093	21	21
0.11377	0.00000000356376	21	21
0.11316	0.00000000355735	21	21
0.11356	0.00000000361822	21	21
0.11345	0.00000000364539	21	21
0.11354	0.00000000355532	21	21
0.11351	0.00000000353344	21	21
0.13998	0.00000000631132	21	21
0.11354	0.00000000358797	21	21
0.11329	0.00000000358550	21	21
0.11362	0.00000000357710	21	21
0.11387	0.00000000365826	21	21
0.11301	0.00000000365405	21	21
0.11398	0.00000000360512	21	21
0.11353	0.00000000357181	21	21
0.11327	0.00000000355002	21	21
0.11371	0.00000000365239	21	21
0.11358	0.00000000354511	21	21
0.11338	0.00000000364020	21	21
0.11353	0.00000000356707	21	21
0.11304	0.00000000353237	21	21
0.11349	0.00000000360452	21	21
0.11336	0.00000000365608	21	21
0.11397	0.00000000359224	21	21
0.11346	0.00000000356134	21	21
0.11330	0.00000000358506	21	21
0.11373	0.00000000366497	21	21
0.11344	0.00000000356882	21	21
0.11361	0.00000000366652	21	21
0.11341	0.00000000354973	21	21
0.11352	0.00000000355591	21	21
0.11358	0.00000000355296	21	21
0.11334	0.00000000362216	21	21
0.11433	0.00000000382950	21	21
0.11360	0.00000000361116	21	21
0.11348	0.00000000358342	21	21
0.11335	0.00000000358576	21	21
0.11358	0.00000000358879	21	21
0.11382	0.00000000366331	21	21
0.11387	0.00000000366568	21	21
0.11309	0.00000000357068	21	21
0.11365	0.00000000356411	21	21
0.11344	0.00000000356467	21	21
0.11338	0.00000000364691	21	21
0.11353	0.00000000363106	21	21
0.11351	0.00000000354931	21	21
0.11345	0.00000000356749	21	21
0.11364	0.00000000362861	21	21
0.11353	0.00000000357801	21	21
0.11358	0.00000000358659	21	21
0.11362	0.00000000358575	21	21
0.11367	0.00000000365961	21	21
0.11351	0.00000000366154	21	21
0.11312	0.00000000357865	21	21
0.11388	0.00000000358360	21	21
0.11341	0.00000000357039	21	21
0.11328	0.00000000354134	21	21
0.11371	0.00000000365472	21	21
0.11356	0.00000000364487	21	21
0.11365	0.00000000353564	21	21
0.11341	0.00000000360783	21	21
0.11361	0.00000000358143	21	21
0.11347	0.00000000358592	21	21
0.11360	0.00000000357858	21	21
0.11370	0.00000000358913	21	21
0.11342	0.00000000365446	21	21
0.11371	0.00000000366440	21	21
0.11329	0.00000000356928	21	21
0.11356	0.00000000357065	21	21
0.11355	0.00000000354412	21	21
0.11334	0.00000000364931	21	21
0.11364	0.00000000365063	21	21
0.11345	0.00000000353413	21	21
0.11333	0.00000000361969	21	21
0.11364	0.00000000357454	21	21
0.11348	0.00000000358092	21	21
0.11376	0.00000000357898	21	21
0.11353	0.00000000357660	21	21
0.11344	0.00000000358986	21	21
0.11353	0.00000000366486	21	21
0.11351	0.00000000366402	21	21
0.11352	0.00000000357320	21	21
0.11358	0.00000000354766	21	21
0.11338	0.00000000356073	21	21
0.11360	0.00000000364951	21	21
0.11346	0.00000000360997	21	21
0.14016	0.00000000650612	21	21
0.11340	0.00000000360229	21	21
0.11366	0.00000000359469	21	21
0.11372	0.00000000365874	21	21
0.11363	0.00000000365257	21	21
0.11337	0.00000000357294	21	21
0.11359	0.00000000358663	21	21
0.11353	0.00000000364453	21	21
0.11343	0.00000000357895	21	21
0.11353	0.00000000364919	21	21
0.11369	0.00000000354955	21	21
0.11321	0.00000000355427	21	21
0.11364	0.00000000356653	21	21
0.11343	0.00000000360748	21	21
0.14031	0.00000000674030	21	21
=============================================================================

============================ Tabulate Statistics ============================
PWR_PKG_ENERGY	INST_RETIRED	TOR_OCCUPANCY	RR_OCCUPANCY	TIPI	L3_MISS	L2_MISS	TIME	
12155.935120	3196786603011	182617476170	182619845947	0.114251	2114496689	4204855206	80321.911707	
=============================================================================

============================ TIPI SLAB Statistics ============================

==============================================================================
===== Test PASSED in 0.0 msec =====
