
-----
mkdir timedrun fake

MiniFE Mini-App, OpenMP Peer Implementation
Creating OpenMP Thread Pool...
Counted: 20 threads.
Running MiniFE Mini-App...
      creating/filling mesh...0.794507s, total time: 0.794508
generating matrix structure...30.1536s, total time: 30.9481
         assembling FE data...10.802s, total time: 41.7501
      imposing Dirichlet BC...11.8808s, total time: 53.6309
      imposing Dirichlet BC...4.24472s, total time: 57.8756
making matrix indices local...0s, total time: 57.8756
Starting CG solver ... 
Initial Residual = 513
Iteration = 20   Residual = 0.0748219
Iteration = 40   Residual = 0.0356161
Iteration = 60   Residual = 0.0852717
Iteration = 80   Residual = 0.0169266
Iteration = 100   Residual = 0.0667704
Iteration = 120   Residual = 0.0106177
Iteration = 140   Residual = 0.0089821
Iteration = 160   Residual = 0.00739304
Iteration = 180   Residual = 0.00632555
Iteration = 200   Residual = 0.00539689
Final Resid Norm: 0.00539689

============================ Unprocessed Statistics ============================
TIPI	JPI	Uncore1	Uncore2
0.11347	0.00000000409938	30	30
0.11353	0.00000000406992	30	30
0.11349	0.00000000421237	30	30
0.11363	0.00000000410708	30	30
0.11358	0.00000000407895	30	30
0.11360	0.00000000406476	30	30
0.11320	0.00000000416177	30	30
0.11367	0.00000000407347	30	30
0.11350	0.00000000406396	30	30
0.11365	0.00000000405688	30	30
0.11326	0.00000000404775	30	30
0.11349	0.00000000414987	30	30
0.11367	0.00000000409675	30	30
0.11332	0.00000000409501	30	30
0.11352	0.00000000420361	30	30
0.11381	0.00000000409261	30	30
0.11305	0.00000000406777	30	30
0.11389	0.00000000409245	30	30
0.11355	0.00000000406170	30	30
0.11338	0.00000000406372	30	30
0.11348	0.00000000416557	30	30
0.11354	0.00000000405929	30	30
0.11358	0.00000000412634	30	30
0.11339	0.00000000406527	30	30
0.11329	0.00000000408641	30	30
0.11355	0.00000000419888	30	30
0.11342	0.00000000409589	30	30
0.11370	0.00000000411153	30	30
0.11365	0.00000000407198	30	30
0.11357	0.00000000406987	30	30
0.11302	0.00000000408982	30	30
0.11381	0.00000000417202	30	30
0.11340	0.00000000407807	30	30
0.11371	0.00000000415676	30	30
0.11333	0.00000000407082	30	30
0.11433	0.00000000366705	30	30
0.11350	0.00000000365572	30	30
0.11354	0.00000000354708	30	30
0.11358	0.00000000362771	30	30
0.11358	0.00000000362758	30	30
0.11376	0.00000000362480	30	30
0.11322	0.00000000359632	30	30
0.11373	0.00000000361871	30	30
0.11357	0.00000000359708	30	30
0.11339	0.00000000360847	30	30
0.11355	0.00000000360000	30	30
0.11353	0.00000000360455	30	30
0.11342	0.00000000359160	30	30
0.11364	0.00000000359754	30	30
0.11305	0.00000000358402	30	30
0.14138	0.00000000614427	30	30
0.11341	0.00000000362183	30	30
0.11355	0.00000000362159	30	30
0.11358	0.00000000362440	30	30
0.11366	0.00000000362420	30	30
0.11361	0.00000000360432	30	30
0.11319	0.00000000360148	30	30
0.11374	0.00000000353472	30	30
0.11358	0.00000000368069	30	30
0.11339	0.00000000351004	30	30
0.11358	0.00000000369371	30	30
0.11336	0.00000000350733	30	30
0.11358	0.00000000368394	30	30
0.11358	0.00000000350047	30	30
0.11204	0.00000000367508	30	30
0.11336	0.00000000354027	30	30
0.11357	0.00000000362446	30	30
0.11351	0.00000000362400	30	30
0.11369	0.00000000362225	30	30
0.11360	0.00000000361281	30	30
0.11365	0.00000000360374	30	30
0.11331	0.00000000360079	30	30
0.11370	0.00000000361311	30	30
0.11308	0.00000000351401	30	30
0.11388	0.00000000370156	30	30
0.11353	0.00000000352126	30	30
0.11344	0.00000000368116	30	30
0.11364	0.00000000351533	30	30
0.11355	0.00000000362627	30	30
0.11343	0.00000000353933	30	30
0.11352	0.00000000363837	30	30
0.11388	0.00000000362082	30	30
0.11319	0.00000000360081	30	30
0.11390	0.00000000361751	30	30
0.11369	0.00000000360236	30	30
0.11327	0.00000000358722	30	30
0.11355	0.00000000360452	30	30
0.11314	0.00000000360081	30	30
0.11384	0.00000000361392	30	30
0.11362	0.00000000357904	30	30
0.11333	0.00000000360249	30	30
0.11283	0.00000000359215	30	30
0.11577	0.00000000400347	30	30
0.11351	0.00000000363009	30	30
0.11354	0.00000000362538	30	30
0.11344	0.00000000362836	30	30
0.11390	0.00000000362513	30	30
0.11360	0.00000000360668	30	30
0.11342	0.00000000360757	30	30
0.11363	0.00000000351957	30	30
0.11309	0.00000000360820	30	30
0.11381	0.00000000363337	30	30
0.11359	0.00000000358297	30	30
0.11329	0.00000000360095	30	30
0.11369	0.00000000360683	30	30
0.11322	0.00000000358265	30	30
0.14160	0.00000000632442	30	30
0.11347	0.00000000362110	30	30
0.11354	0.00000000355090	30	30
0.11354	0.00000000362388	30	30
0.11376	0.00000000362634	30	30
0.11358	0.00000000359672	30	30
0.11357	0.00000000361130	30	30
0.11347	0.00000000360551	30	30
0.11356	0.00000000359462	30	30
0.11311	0.00000000360474	30	30
0.11382	0.00000000361757	30	30
0.11367	0.00000000359425	30	30
0.11331	0.00000000359887	30	30
0.11358	0.00000000358720	30	30
0.11252	0.00000000359200	30	30
0.11356	0.00000000362232	30	30
0.11334	0.00000000361562	30	30
0.11364	0.00000000354621	30	30
0.11374	0.00000000370612	30	30
0.11329	0.00000000354125	30	30
0.11379	0.00000000360616	30	30
0.11318	0.00000000360345	30	30
0.11386	0.00000000361439	30	30
0.11355	0.00000000358886	30	30
0.11330	0.00000000360458	30	30
0.11360	0.00000000359972	30	30
0.11324	0.00000000359658	30	30
0.11370	0.00000000360146	30	30
0.14187	0.00000000617799	30	30
0.11354	0.00000000363500	30	30
0.11350	0.00000000362139	30	30
0.11348	0.00000000356680	30	30
0.11389	0.00000000362759	30	30
0.11360	0.00000000359344	30	30
0.11333	0.00000000360489	30	30
0.11360	0.00000000359932	30	30
0.11310	0.00000000361335	30	30
0.11391	0.00000000363946	30	30
0.11377	0.00000000366318	30	30
0.11330	0.00000000364583	30	30
0.11372	0.00000000364178	30	30
0.11336	0.00000000362727	30	30
0.11286	0.00000000363926	30	30
0.11340	0.00000000355745	30	30
0.11358	0.00000000362659	30	30
0.11359	0.00000000362981	30	30
0.11332	0.00000000354947	30	30
0.11384	0.00000000370225	30	30
0.11332	0.00000000352219	30	30
0.11373	0.00000000361757	30	30
0.11420	0.00000000360011	30	30
0.11275	0.00000000367025	30	30
0.11360	0.00000000352705	30	30
0.11337	0.00000000366841	30	30
0.11357	0.00000000352063	30	30
0.11367	0.00000000360109	30	30
0.14111	0.00000000632174	30	30
0.11357	0.00000000354701	30	30
0.11341	0.00000000362279	30	30
0.11364	0.00000000364297	30	30
0.11390	0.00000000363395	30	30
0.11328	0.00000000359583	30	30
0.11359	0.00000000361038	30	30
0.11319	0.00000000360602	30	30
0.11387	0.00000000361631	30	30
0.11354	0.00000000359879	30	30
0.11336	0.00000000359462	30	30
0.11368	0.00000000360255	30	30
0.11322	0.00000000360152	30	30
0.11367	0.00000000359853	30	30
0.11296	0.00000000351414	30	30
0.11490	0.00000000408378	30	30
0.11359	0.00000000362939	30	30
0.11354	0.00000000354834	30	30
0.11333	0.00000000363772	30	30
0.11381	0.00000000362080	30	30
0.11329	0.00000000353171	30	30
0.11385	0.00000000371337	30	30
0.11355	0.00000000351567	30	30
0.11333	0.00000000369088	30	30
0.11360	0.00000000352691	30	30
0.11359	0.00000000368638	30	30
0.11339	0.00000000352556	30	30
0.11358	0.00000000359983	30	30
0.11311	0.00000000358760	30	30
0.14171	0.00000000634620	30	30
0.11349	0.00000000363252	30	30
0.11355	0.00000000354349	30	30
0.11350	0.00000000363208	30	30
0.11374	0.00000000363830	30	30
0.11362	0.00000000361314	30	30
0.11329	0.00000000360107	30	30
0.11360	0.00000000362278	30	30
0.11356	0.00000000359897	30	30
0.11349	0.00000000362493	30	30
0.11356	0.00000000361243	30	30
0.11361	0.00000000359500	30	30
0.11330	0.00000000360060	30	30
0.11356	0.00000000360755	30	30
0.11293	0.00000000359125	30	30
0.11374	0.00000000403122	30	30
0.13782	0.00000000623383	30	30
0.11353	0.00000000370952	30	30
0.11334	0.00000000354782	30	30
0.11364	0.00000000356213	30	30
0.11355	0.00000000371661	30	30
0.11357	0.00000000356057	30	30
0.11388	0.00000000361436	30	30
0.11339	0.00000000361077	30	30
0.11363	0.00000000360690	30	30
0.11354	0.00000000359118	30	30
0.11338	0.00000000362194	30	30
0.11365	0.00000000360147	30	30
0.11302	0.00000000359627	30	30
0.11388	0.00000000361270	30	30
0.14233	0.00000000647960	30	30
0.11357	0.00000000363812	30	30
0.11355	0.00000000361948	30	30
0.11337	0.00000000355788	30	30
0.11393	0.00000000372151	30	30
0.11345	0.00000000351753	30	30
0.11357	0.00000000370342	30	30
0.11349	0.00000000352339	30	30
0.11345	0.00000000367919	30	30
0.11357	0.00000000353605	30	30
0.11355	0.00000000368336	30	30
0.11340	0.00000000353461	30	30
0.11351	0.00000000367613	30	30
0.11314	0.00000000352462	30	30
0.11370	0.00000000361291	30	30
0.11505	0.00000000402266	30	30
0.13934	0.00000000613719	30	30
0.11340	0.00000000355645	30	30
0.11359	0.00000000363302	30	30
0.11348	0.00000000362970	30	30
0.11381	0.00000000363198	30	30
0.11345	0.00000000360209	30	30
0.11335	0.00000000361647	30	30
0.11380	0.00000000362044	30	30
0.11358	0.00000000360149	30	30
0.11338	0.00000000361137	30	30
0.11352	0.00000000359586	30	30
0.11313	0.00000000360446	30	30
0.11384	0.00000000353087	30	30
0.11358	0.00000000368846	30	30
0.14237	0.00000000637244	30	30
0.11360	0.00000000364433	30	30
0.11334	0.00000000362054	30	30
0.11356	0.00000000355145	30	30
0.11362	0.00000000363798	30	30
0.11375	0.00000000362234	30	30
0.11354	0.00000000361649	30	30
0.11332	0.00000000362100	30	30
0.11363	0.00000000362406	30	30
0.11366	0.00000000359874	30	30
0.11330	0.00000000360349	30	30
0.11364	0.00000000360153	30	30
0.11307	0.00000000359448	30	30
0.11384	0.00000000362455	30	30
0.11353	0.00000000359652	30	30
0.11475	0.00000000403970	30	30
0.13903	0.00000000611312	30	30
0.11354	0.00000000363453	30	30
0.11342	0.00000000363087	30	30
0.11359	0.00000000355786	30	30
0.11385	0.00000000371969	30	30
0.11342	0.00000000354062	30	30
0.11363	0.00000000361996	30	30
0.11331	0.00000000360449	30	30
0.11364	0.00000000362250	30	30
0.11352	0.00000000360710	30	30
0.11338	0.00000000361312	30	30
0.11392	0.00000000361071	30	30
0.11344	0.00000000358327	30	30
0.11350	0.00000000361773	30	30
0.14354	0.00000000624407	30	30
0.11406	0.00000000367532	30	30
0.11422	0.00000000365930	30	30
0.11430	0.00000000358876	30	30
0.11451	0.00000000376406	30	30
0.11432	0.00000000360089	30	30
0.11429	0.00000000369614	30	30
0.11414	0.00000000359968	30	30
0.11462	0.00000000364882	30	30
0.11436	0.00000000366353	30	30
0.11420	0.00000000364409	30	30
0.11385	0.00000000360318	30	30
0.11318	0.00000000360200	30	30
0.11368	0.00000000361549	30	30
0.10950	0.00000000429344	30	30
0.11356	0.00000000355099	30	30
0.11344	0.00000000363491	30	30
0.11362	0.00000000363946	30	30
0.11365	0.00000000355199	30	30
0.11363	0.00000000370716	30	30
0.11366	0.00000000353345	30	30
0.11324	0.00000000369791	30	30
0.11372	0.00000000353550	30	30
0.11369	0.00000000368523	30	30
0.11334	0.00000000352780	30	30
0.11355	0.00000000369043	30	30
0.11318	0.00000000351863	30	30
0.11384	0.00000000361627	30	30
0.14265	0.00000000633526	30	30
0.11358	0.00000000355040	30	30
0.11374	0.00000000364349	30	30
0.11318	0.00000000362364	30	30
0.11397	0.00000000364270	30	30
0.11330	0.00000000361755	30	30
0.11361	0.00000000363193	30	30
0.11358	0.00000000360522	30	30
0.11346	0.00000000362025	30	30
0.11357	0.00000000360976	30	30
0.11346	0.00000000360950	30	30
0.11345	0.00000000361348	30	30
0.11361	0.00000000359820	30	30
0.11310	0.00000000361227	30	30
0.11373	0.00000000362357	30	30
0.11395	0.00000000401431	30	30
0.13878	0.00000000624636	30	30
0.11354	0.00000000363554	30	30
0.11355	0.00000000361977	30	30
0.11341	0.00000000355558	30	30
0.11390	0.00000000370514	30	30
0.11358	0.00000000361303	30	30
0.11332	0.00000000360214	30	30
0.11363	0.00000000353216	30	30
0.11316	0.00000000370069	30	30
0.11379	0.00000000353678	30	30
0.11359	0.00000000368616	30	30
0.11336	0.00000000351506	30	30
0.11363	0.00000000359923	30	30
0.11326	0.00000000359044	30	30
0.14192	0.00000000633200	30	30
0.11346	0.00000000363320	30	30
0.11350	0.00000000354878	30	30
0.11355	0.00000000364152	30	30
0.11368	0.00000000364877	30	30
0.11369	0.00000000362171	30	30
0.11348	0.00000000359930	30	30
0.11336	0.00000000363028	30	30
0.11368	0.00000000360405	30	30
0.11309	0.00000000361132	30	30
0.11390	0.00000000362359	30	30
0.11359	0.00000000361239	30	30
0.11327	0.00000000360248	30	30
0.11368	0.00000000361981	30	30
0.11306	0.00000000359271	30	30
0.11559	0.00000000405755	30	30
0.11338	0.00000000363869	30	30
0.11360	0.00000000363450	30	30
0.11354	0.00000000354221	30	30
0.11374	0.00000000371128	30	30
0.11358	0.00000000352000	30	30
0.11340	0.00000000371274	30	30
0.11351	0.00000000354667	30	30
0.11363	0.00000000360504	30	30
0.11309	0.00000000358809	30	30
0.11379	0.00000000364820	30	30
0.11367	0.00000000360219	30	30
0.11332	0.00000000360141	30	30
0.11357	0.00000000359553	30	30
0.14180	0.00000000632222	30	30
0.11356	0.00000000355397	30	30
0.11345	0.00000000362965	30	30
0.11351	0.00000000365110	30	30
0.11393	0.00000000361838	30	30
0.11329	0.00000000362006	30	30
0.11376	0.00000000362791	30	30
0.11341	0.00000000361315	30	30
0.11355	0.00000000360767	30	30
0.11364	0.00000000361490	30	30
0.11335	0.00000000360479	30	30
0.11368	0.00000000361726	30	30
0.11346	0.00000000360216	30	30
0.11344	0.00000000353694	30	30
0.11341	0.00000000368003	30	30
0.11340	0.00000000391875	30	30
0.11358	0.00000000364244	30	30
0.11355	0.00000000355883	30	30
0.11344	0.00000000373135	30	30
0.11390	0.00000000355209	30	30
0.11313	0.00000000361474	30	30
0.11383	0.00000000363194	30	30
0.11363	0.00000000361040	30	30
0.11332	0.00000000361415	30	30
0.11365	0.00000000360693	30	30
0.11318	0.00000000361815	30	30
0.11374	0.00000000361541	30	30
0.11353	0.00000000359840	30	30
0.11342	0.00000000360277	30	30
0.11376	0.00000000362827	30	30
0.11328	0.00000000354130	30	30
0.11354	0.00000000371941	30	30
0.11369	0.00000000355072	30	30
0.11369	0.00000000369151	30	30
0.11301	0.00000000352418	30	30
0.11397	0.00000000363229	30	30
0.11342	0.00000000360853	30	30
0.11342	0.00000000360167	30	30
0.11357	0.00000000360833	30	30
0.11326	0.00000000360635	30	30
0.11373	0.00000000360889	30	30
0.11360	0.00000000359629	30	30
0.11324	0.00000000358353	30	30
0.11398	0.00000000401530	30	30
0.13939	0.00000000628406	30	30
0.11336	0.00000000354368	30	30
0.11366	0.00000000363093	30	30
0.11351	0.00000000362736	30	30
0.11372	0.00000000363969	30	30
0.11360	0.00000000362830	30	30
0.11340	0.00000000353284	30	30
0.11363	0.00000000372251	30	30
0.11364	0.00000000352469	30	30
0.11346	0.00000000369194	30	30
0.11368	0.00000000354494	30	30
0.11348	0.00000000368405	30	30
0.11346	0.00000000351942	30	30
0.11364	0.00000000367128	30	30
0.14157	0.00000000634448	30	30
0.11350	0.00000000355148	30	30
0.11353	0.00000000364327	30	30
0.11347	0.00000000364303	30	30
0.11398	0.00000000365869	30	30
0.11338	0.00000000360037	30	30
0.11357	0.00000000362673	30	30
0.11338	0.00000000362441	30	30
0.11355	0.00000000362565	30	30
0.11362	0.00000000361252	30	30
0.11339	0.00000000355094	30	30
0.11366	0.00000000370230	30	30
0.11347	0.00000000360217	30	30
0.11344	0.00000000361928	30	30
0.11349	0.00000000360754	30	30
0.11276	0.00000000401316	30	30
0.11358	0.00000000364890	30	30
0.11366	0.00000000364702	30	30
0.11335	0.00000000356816	30	30
0.11393	0.00000000364390	30	30
0.11316	0.00000000361114	30	30
0.11384	0.00000000363922	30	30
0.11358	0.00000000361432	30	30
0.11334	0.00000000362379	30	30
0.11363	0.00000000361188	30	30
0.11315	0.00000000361723	30	30
0.11380	0.00000000361849	30	30
0.11359	0.00000000359697	30	30
0.11330	0.00000000360216	30	30
0.11347	0.00000000365098	30	30
0.11357	0.00000000363739	30	30
0.11378	0.00000000355328	30	30
0.11347	0.00000000363787	30	30
0.11364	0.00000000361572	30	30
0.11313	0.00000000363536	30	30
0.11384	0.00000000362942	30	30
0.11354	0.00000000361945	30	30
0.11336	0.00000000362107	30	30
0.11366	0.00000000361272	30	30
0.11323	0.00000000360606	30	30
0.11367	0.00000000361982	30	30
0.11358	0.00000000360519	30	30
0.11332	0.00000000361242	30	30
0.11475	0.00000000399320	30	30
0.13956	0.00000000632150	30	30
0.11345	0.00000000364552	30	30
0.11353	0.00000000365746	30	30
0.11356	0.00000000363096	30	30
0.11374	0.00000000357925	30	30
0.11356	0.00000000362225	30	30
0.11354	0.00000000361233	30	30
0.11345	0.00000000361770	30	30
0.11363	0.00000000360948	30	30
0.11312	0.00000000362676	30	30
0.11383	0.00000000363224	30	30
0.11357	0.00000000361365	30	30
0.11334	0.00000000361380	30	30
0.11366	0.00000000361082	30	30
0.14195	0.00000000619235	30	30
0.11348	0.00000000363994	30	30
0.11350	0.00000000362564	30	30
0.11353	0.00000000356537	30	30
0.11386	0.00000000372610	30	30
0.11368	0.00000000353646	30	30
0.11353	0.00000000370305	30	30
0.11337	0.00000000360886	30	30
0.11359	0.00000000361178	30	30
0.11366	0.00000000361799	30	30
0.11310	0.00000000361744	30	30
0.11380	0.00000000354677	30	30
0.11363	0.00000000361590	30	30
0.11324	0.00000000360977	30	30
0.11354	0.00000000369263	30	30
0.11425	0.00000000392459	30	30
0.13920	0.00000000629437	30	30
0.11358	0.00000000365357	30	30
0.11357	0.00000000363427	30	30
0.11391	0.00000000364175	30	30
0.11335	0.00000000362112	30	30
0.11325	0.00000000361145	30	30
0.11373	0.00000000362979	30	30
0.11362	0.00000000362710	30	30
0.11333	0.00000000362816	30	30
0.11366	0.00000000361277	30	30
0.11330	0.00000000360566	30	30
0.11359	0.00000000354068	30	30
0.11352	0.00000000366826	30	30
0.11344	0.00000000352224	30	30
0.14280	0.00000000622351	30	30
0.11340	0.00000000362954	30	30
0.11358	0.00000000356537	30	30
0.11356	0.00000000362698	30	30
0.11368	0.00000000364983	30	30
0.11365	0.00000000362468	30	30
0.11315	0.00000000362320	30	30
0.11387	0.00000000363782	30	30
0.11358	0.00000000361032	30	30
0.11337	0.00000000362866	30	30
0.11357	0.00000000361606	30	30
0.11331	0.00000000362275	30	30
0.11360	0.00000000362072	30	30
0.11365	0.00000000361546	30	30
0.11323	0.00000000360566	30	30
0.11533	0.00000000404936	30	30
0.13901	0.00000000644513	30	30
0.11342	0.00000000363906	30	30
0.11353	0.00000000356682	30	30
0.11357	0.00000000372071	30	30
0.11357	0.00000000356146	30	30
0.11379	0.00000000362365	30	30
0.11374	0.00000000360315	30	30
0.11320	0.00000000362059	30	30
0.11357	0.00000000361369	30	30
0.11311	0.00000000360720	30	30
0.11379	0.00000000362692	30	30
0.11373	0.00000000361051	30	30
0.11324	0.00000000358543	30	30
0.11363	0.00000000360090	30	30
0.14172	0.00000000633928	30	30
0.11358	0.00000000362989	30	30
0.11344	0.00000000364524	30	30
0.11349	0.00000000356444	30	30
0.11396	0.00000000366112	30	30
0.11337	0.00000000361931	30	30
0.11368	0.00000000364037	30	30
0.11348	0.00000000363235	30	30
0.11348	0.00000000361244	30	30
0.11365	0.00000000360622	30	30
0.11309	0.00000000360625	30	30
0.11383	0.00000000362072	30	30
0.11365	0.00000000359790	30	30
0.11332	0.00000000361087	30	30
0.11352	0.00000000360853	30	30
0.11505	0.00000000403329	30	30
0.13901	0.00000000645453	30	30
0.11357	0.00000000364075	30	30
0.11357	0.00000000353892	30	30
0.11340	0.00000000366481	30	30
0.11401	0.00000000363569	30	30
0.11333	0.00000000360632	30	30
0.11349	0.00000000361963	30	30
0.11362	0.00000000360663	30	30
0.11311	0.00000000361424	30	30
0.11389	0.00000000362262	30	30
0.11356	0.00000000360490	30	30
0.11331	0.00000000361293	30	30
0.11368	0.00000000359586	30	30
0.11321	0.00000000360200	30	30
0.14208	0.00000000634862	30	30
0.11349	0.00000000364121	30	30
0.11347	0.00000000364955	30	30
0.11358	0.00000000366045	30	30
0.11377	0.00000000356236	30	30
0.11359	0.00000000370944	30	30
0.11337	0.00000000353731	30	30
0.11356	0.00000000363483	30	30
0.11354	0.00000000360714	30	30
0.11319	0.00000000361812	30	30
0.11386	0.00000000361645	30	30
0.11360	0.00000000360659	30	30
0.11337	0.00000000362237	30	30
0.11359	0.00000000361866	30	30
0.11306	0.00000000360059	30	30
0.11430	0.00000000406584	30	30
0.13887	0.00000000627937	30	30
0.11343	0.00000000364310	30	30
0.11346	0.00000000366144	30	30
0.11356	0.00000000363870	30	30
0.11351	0.00000000354398	30	30
0.11372	0.00000000362836	30	30
0.11358	0.00000000361231	30	30
0.11349	0.00000000362283	30	30
0.11359	0.00000000360393	30	30
0.11345	0.00000000361312	30	30
0.11336	0.00000000362697	30	30
0.11369	0.00000000361992	30	30
0.11314	0.00000000361464	30	30
0.11379	0.00000000363370	30	30
0.14244	0.00000000635890	30	30
0.11357	0.00000000365484	30	30
0.11364	0.00000000363927	30	30
0.11328	0.00000000364334	30	30
0.11394	0.00000000355780	30	30
0.11336	0.00000000368923	30	30
0.11413	0.00000000362323	30	30
0.11321	0.00000000360499	30	30
0.11321	0.00000000360928	30	30
0.11374	0.00000000360759	30	30
0.11348	0.00000000360731	30	30
0.11343	0.00000000360613	30	30
0.11349	0.00000000360518	30	30
0.11338	0.00000000359705	30	30
0.11335	0.00000000359738	30	30
0.11449	0.00000000405866	30	30
0.13816	0.00000000625348	30	30
0.11347	0.00000000356893	30	30
0.11357	0.00000000363167	30	30
0.11347	0.00000000363485	30	30
0.11379	0.00000000354651	30	30
0.11349	0.00000000369462	30	30
0.11342	0.00000000354156	30	30
0.11367	0.00000000363087	30	30
0.11332	0.00000000359518	30	30
0.11363	0.00000000363264	30	30
0.11354	0.00000000360534	30	30
0.11336	0.00000000360845	30	30
0.11356	0.00000000359569	30	30
0.11354	0.00000000360194	30	30
0.11351	0.00000000354455	30	30
0.11339	0.00000000364578	30	30
0.11358	0.00000000364508	30	30
0.11350	0.00000000365642	30	30
0.11385	0.00000000363048	30	30
0.11359	0.00000000362550	30	30
0.11334	0.00000000360346	30	30
0.11363	0.00000000362149	30	30
0.11326	0.00000000360736	30	30
0.11367	0.00000000353724	30	30
0.11354	0.00000000368717	30	30
0.11340	0.00000000353840	30	30
0.11365	0.00000000369389	30	30
0.11338	0.00000000352835	30	30
0.11222	0.00000000409996	30	30
0.11372	0.00000000364423	30	30
0.11348	0.00000000354980	30	30
0.11353	0.00000000364570	30	30
0.11349	0.00000000363524	30	30
0.11452	0.00000000366549	30	30
0.11423	0.00000000364344	30	30
0.11392	0.00000000366191	30	30
0.11399	0.00000000363532	30	30
0.11382	0.00000000364166	30	30
0.11449	0.00000000366917	30	30
0.11450	0.00000000365073	30	30
0.11404	0.00000000364299	30	30
0.11433	0.00000000358213	30	30
0.11360	0.00000000364084	30	30
0.11352	0.00000000353343	30	30
0.11384	0.00000000365802	30	30
0.11443	0.00000000371166	30	30
0.11396	0.00000000363441	30	30
0.11352	0.00000000361045	30	30
0.11342	0.00000000363529	30	30
0.11370	0.00000000363629	30	30
0.11344	0.00000000361429	30	30
0.11354	0.00000000363333	30	30
0.11351	0.00000000360866	30	30
0.11342	0.00000000361230	30	30
0.11365	0.00000000361827	30	30
0.14158	0.00000000635467	30	30
0.11357	0.00000000369163	30	30
0.11357	0.00000000367204	30	30
0.11334	0.00000000361928	30	30
0.11399	0.00000000369389	30	30
0.11307	0.00000000365956	30	30
0.11389	0.00000000369481	30	30
0.11356	0.00000000365886	30	30
0.11341	0.00000000365935	30	30
0.11357	0.00000000366018	30	30
0.11328	0.00000000364782	30	30
0.11367	0.00000000366498	30	30
0.11355	0.00000000365890	30	30
0.11342	0.00000000366243	30	30
0.11277	0.00000000366481	30	30
0.11350	0.00000000364677	30	30
0.11353	0.00000000363916	30	30
0.11345	0.00000000356769	30	30
0.11366	0.00000000364269	30	30
0.11355	0.00000000361338	30	30
0.11359	0.00000000364637	30	30
0.11367	0.00000000361642	30	30
0.11321	0.00000000362162	30	30
0.11392	0.00000000365590	30	30
0.11352	0.00000000362105	30	30
0.11336	0.00000000360530	30	30
0.11368	0.00000000353106	30	30
0.11338	0.00000000371680	30	30
0.14174	0.00000000639289	30	30
0.11341	0.00000000364318	30	30
0.11349	0.00000000364505	30	30
0.11363	0.00000000364619	30	30
0.11374	0.00000000364219	30	30
0.11361	0.00000000361353	30	30
0.11342	0.00000000361033	30	30
0.11343	0.00000000353156	30	30
0.11358	0.00000000368014	30	30
0.11322	0.00000000361530	30	30
0.11380	0.00000000362199	30	30
0.11360	0.00000000360793	30	30
0.11333	0.00000000360443	30	30
0.11361	0.00000000361637	30	30
0.11220	0.00000000360083	30	30
0.11351	0.00000000367441	30	30
0.11348	0.00000000360101	30	30
0.11396	0.00000000368545	30	30
0.11317	0.00000000365631	30	30
0.11376	0.00000000367065	30	30
0.11360	0.00000000365649	30	30
0.11332	0.00000000366269	30	30
0.11359	0.00000000365377	30	30
0.11331	0.00000000365657	30	30
0.11372	0.00000000367245	30	30
0.11352	0.00000000365242	30	30
0.11337	0.00000000365080	30	30
0.11364	0.00000000366818	30	30
0.14190	0.00000000636666	30	30
0.11354	0.00000000364862	30	30
0.11341	0.00000000364445	30	30
0.11347	0.00000000364515	30	30
0.11399	0.00000000354045	30	30
0.11304	0.00000000363528	30	30
0.11394	0.00000000363333	30	30
0.11347	0.00000000361642	30	30
0.11335	0.00000000360859	30	30
0.11368	0.00000000361902	30	30
0.11318	0.00000000361185	30	30
0.11374	0.00000000363280	30	30
0.11359	0.00000000359748	30	30
0.11332	0.00000000361869	30	30
0.11264	0.00000000360782	30	30
0.11358	0.00000000365508	30	30
0.11354	0.00000000365476	30	30
0.11367	0.00000000364079	30	30
0.11366	0.00000000363653	30	30
0.11364	0.00000000360744	30	30
0.11330	0.00000000361634	30	30
0.11355	0.00000000361611	30	30
0.11337	0.00000000362248	30	30
0.11373	0.00000000362426	30	30
0.11355	0.00000000361104	30	30
0.11337	0.00000000361092	30	30
0.11362	0.00000000361485	30	30
0.11317	0.00000000361156	30	30
0.14206	0.00000000639699	30	30
0.11346	0.00000000363661	30	30
0.11350	0.00000000364593	30	30
0.11359	0.00000000361032	30	30
0.11382	0.00000000368464	30	30
0.11372	0.00000000368053	30	30
0.11340	0.00000000365181	30	30
0.11356	0.00000000368266	30	30
0.11361	0.00000000364010	30	30
0.11341	0.00000000364376	30	30
0.11364	0.00000000367413	30	30
0.11346	0.00000000364294	30	30
0.11340	0.00000000364998	30	30
0.11358	0.00000000366218	30	30
0.11213	0.00000000364420	30	30
0.11349	0.00000000363951	30	30
0.11348	0.00000000365094	30	30
0.11387	0.00000000355624	30	30
0.11313	0.00000000362180	30	30
0.11385	0.00000000364092	30	30
0.11366	0.00000000361939	30	30
0.11327	0.00000000361332	30	30
0.11367	0.00000000362691	30	30
0.11321	0.00000000360266	30	30
0.11367	0.00000000363074	30	30
0.11365	0.00000000361502	30	30
0.11335	0.00000000361038	30	30
0.11366	0.00000000361165	30	30
0.14142	0.00000000634547	30	30
0.11358	0.00000000356204	30	30
0.11351	0.00000000362539	30	30
0.11341	0.00000000365658	30	30
0.11397	0.00000000363450	30	30
0.11308	0.00000000353664	30	30
0.11391	0.00000000374478	30	30
0.11357	0.00000000365633	30	30
0.11333	0.00000000365028	30	30
0.11365	0.00000000365487	30	30
0.11312	0.00000000364225	30	30
0.11383	0.00000000359389	30	30
0.11357	0.00000000372277	30	30
0.11335	0.00000000357155	30	30
0.11258	0.00000000365329	30	30
0.11355	0.00000000366718	30	30
0.11351	0.00000000364947	30	30
0.11375	0.00000000355275	30	30
0.11361	0.00000000371730	30	30
0.11374	0.00000000360040	30	30
0.11321	0.00000000363752	30	30
0.11360	0.00000000362813	30	30
0.11324	0.00000000361789	30	30
0.11378	0.00000000362210	30	30
0.11351	0.00000000361463	30	30
0.11336	0.00000000353395	30	30
0.11356	0.00000000369678	30	30
0.11323	0.00000000352699	30	30
0.14187	0.00000000625456	30	30
0.11340	0.00000000364478	30	30
0.11362	0.00000000365975	30	30
0.11371	0.00000000364813	30	30
0.11359	0.00000000363821	30	30
0.11363	0.00000000362109	30	30
0.11317	0.00000000353171	30	30
0.11371	0.00000000363653	30	30
0.11358	0.00000000361092	30	30
0.11338	0.00000000370198	30	30
0.11363	0.00000000355431	30	30
0.11340	0.00000000361958	30	30
0.11349	0.00000000361939	30	30
0.11361	0.00000000362729	30	30
0.11228	0.00000000361370	30	30
0.11348	0.00000000355941	30	30
0.11349	0.00000000364274	30	30
0.11390	0.00000000364885	30	30
0.11346	0.00000000362692	30	30
0.11357	0.00000000362205	30	30
0.11341	0.00000000360876	30	30
0.11347	0.00000000362526	30	30
0.11363	0.00000000363169	30	30
0.11303	0.00000000360554	30	30
0.11388	0.00000000364298	30	30
0.11358	0.00000000360596	30	30
0.11342	0.00000000361639	30	30
0.11356	0.00000000359614	30	30
0.14167	0.00000000649763	30	30
0.11355	0.00000000364458	30	30
0.11339	0.00000000363118	30	30
0.11362	0.00000000356869	30	30
0.11387	0.00000000363962	30	30
0.11336	0.00000000361857	30	30
0.11365	0.00000000362037	30	30
0.11343	0.00000000362281	30	30
0.11347	0.00000000362567	30	30
0.11358	0.00000000360305	30	30
0.11313	0.00000000361816	30	30
0.11384	0.00000000363034	30	30
0.11372	0.00000000360933	30	30
0.11333	0.00000000361894	30	30
0.11248	0.00000000361266	30	30
0.11357	0.00000000365188	30	30
0.11362	0.00000000363613	30	30
0.11356	0.00000000364595	30	30
0.11364	0.00000000363430	30	30
0.11328	0.00000000354165	30	30
0.11376	0.00000000363314	30	30
0.11355	0.00000000361332	30	30
0.11333	0.00000000361491	30	30
0.11366	0.00000000362256	30	30
0.11346	0.00000000362050	30	30
0.11352	0.00000000362287	30	30
0.11355	0.00000000360889	30	30
0.11320	0.00000000360956	30	30
0.14209	0.00000000639977	30	30
0.11341	0.00000000356615	30	30
0.11361	0.00000000365017	30	30
0.11357	0.00000000364309	30	30
0.11371	0.00000000362827	30	30
0.11358	0.00000000362027	30	30
0.11321	0.00000000360861	30	30
0.11369	0.00000000355233	30	30
0.11359	0.00000000370876	30	30
0.11336	0.00000000353702	30	30
0.11362	0.00000000370556	30	30
0.11336	0.00000000352253	30	30
0.11362	0.00000000361532	30	30
0.11355	0.00000000360925	30	30
0.11216	0.00000000361172	30	30
0.11466	0.00000000423098	30	30
0.11356	0.00000000363555	30	30
0.11341	0.00000000355395	30	30
0.11377	0.00000000364641	30	30
0.11352	0.00000000363665	30	30
0.11359	0.00000000361496	30	30
0.11342	0.00000000361974	30	30
0.11346	0.00000000362381	30	30
0.11369	0.00000000362874	30	30
0.11307	0.00000000361890	30	30
0.11381	0.00000000362898	30	30
0.11360	0.00000000361085	30	30
0.11336	0.00000000360639	30	30
0.11366	0.00000000362166	30	30
0.14147	0.00000000621871	30	30
0.11351	0.00000000364005	30	30
0.11345	0.00000000354809	30	30
0.11354	0.00000000366440	30	30
0.11392	0.00000000364185	30	30
0.11339	0.00000000362675	30	30
0.11372	0.00000000361904	30	30
0.11332	0.00000000362436	30	30
0.11354	0.00000000361581	30	30
0.11355	0.00000000361249	30	30
0.11307	0.00000000362303	30	30
0.11385	0.00000000361996	30	30
0.11367	0.00000000361036	30	30
0.11326	0.00000000362492	30	30
0.11246	0.00000000359811	30	30
0.11357	0.00000000367292	30	30
0.11360	0.00000000368209	30	30
0.11365	0.00000000368647	30	30
0.11361	0.00000000357954	30	30
0.11326	0.00000000374916	30	30
0.11376	0.00000000358279	30	30
0.11352	0.00000000373481	30	30
0.11345	0.00000000357925	30	30
0.11361	0.00000000366320	30	30
0.11338	0.00000000364830	30	30
0.11349	0.00000000366676	30	30
0.11363	0.00000000365399	30	30
0.11337	0.00000000364392	30	30
0.14200	0.00000000638592	30	30
0.11340	0.00000000356648	30	30
0.11360	0.00000000365007	30	30
0.11369	0.00000000364446	30	30
0.11365	0.00000000365601	30	30
0.11351	0.00000000361677	30	30
0.11323	0.00000000362108	30	30
0.11370	0.00000000363382	30	30
0.11364	0.00000000362515	30	30
0.11332	0.00000000361773	30	30
0.11366	0.00000000363450	30	30
0.11328	0.00000000361965	30	30
0.11365	0.00000000353216	30	30
0.11352	0.00000000369753	30	30
0.11222	0.00000000352824	30	30
0.11339	0.00000000364499	30	30
0.11355	0.00000000363912	30	30
0.11385	0.00000000365002	30	30
0.11349	0.00000000363130	30	30
0.11364	0.00000000355647	30	30
0.11330	0.00000000361389	30	30
0.11356	0.00000000362622	30	30
0.11357	0.00000000362163	30	30
0.11342	0.00000000361124	30	30
0.11357	0.00000000362522	30	30
0.11355	0.00000000360662	30	30
0.11341	0.00000000362499	30	30
0.11357	0.00000000360956	30	30
0.14132	0.00000000638523	30	30
0.11362	0.00000000365416	30	30
0.11339	0.00000000363221	30	30
0.11355	0.00000000365407	30	30
0.11388	0.00000000363719	30	30
0.11342	0.00000000354073	30	30
0.11361	0.00000000370943	30	30
0.11337	0.00000000362952	30	30
0.11354	0.00000000361608	30	30
0.11358	0.00000000353548	30	30
0.11358	0.00000000371735	30	30
0.11357	0.00000000353477	30	30
0.11359	0.00000000369177	30	30
0.11350	0.00000000354581	30	30
0.11231	0.00000000361133	30	30
0.11354	0.00000000365692	30	30
0.11360	0.00000000355339	30	30
0.11348	0.00000000365598	30	30
0.11387	0.00000000363144	30	30
0.11310	0.00000000362658	30	30
0.11383	0.00000000363392	30	30
0.11372	0.00000000361314	30	30
0.11320	0.00000000360754	30	30
0.11362	0.00000000362378	30	30
0.11315	0.00000000361783	30	30
0.11378	0.00000000363957	30	30
0.11365	0.00000000359574	30	30
0.11327	0.00000000363459	30	30
0.11340	0.00000000363825	30	30
0.11357	0.00000000357749	30	30
0.11354	0.00000000364155	30	30
0.11380	0.00000000365766	30	30
0.11359	0.00000000361518	30	30
0.11312	0.00000000362478	30	30
0.11375	0.00000000363262	30	30
0.11360	0.00000000361528	30	30
0.11341	0.00000000362300	30	30
0.11357	0.00000000362052	30	30
0.11337	0.00000000361859	30	30
0.11359	0.00000000362018	30	30
0.11358	0.00000000362053	30	30
0.11223	0.00000000352724	30	30
0.11342	0.00000000357080	30	30
0.11347	0.00000000363902	30	30
0.11395	0.00000000365163	30	30
0.11320	0.00000000362948	30	30
0.11503	0.00000000368568	30	30
0.11405	0.00000000363515	30	30
0.11354	0.00000000364558	30	30
0.11400	0.00000000364313	30	30
0.11372	0.00000000365573	30	30
0.11465	0.00000000366933	30	30
0.11442	0.00000000365520	30	30
0.11397	0.00000000356123	30	30
0.11445	0.00000000365421	30	30
0.11355	0.00000000357326	30	30
0.11341	0.00000000364157	30	30
0.11466	0.00000000368700	30	30
0.11419	0.00000000367815	30	30
0.11361	0.00000000364895	30	30
0.11373	0.00000000362035	30	30
0.11305	0.00000000363126	30	30
0.11392	0.00000000355510	30	30
0.11363	0.00000000370379	30	30
0.11335	0.00000000353630	30	30
0.11364	0.00000000364303	30	30
0.11319	0.00000000359527	30	30
0.11379	0.00000000364327	30	30
0.14192	0.00000000636528	30	30
0.11356	0.00000000356874	30	30
0.11355	0.00000000364800	30	30
0.11338	0.00000000365286	30	30
0.11418	0.00000000365497	30	30
0.11342	0.00000000361865	30	30
0.11347	0.00000000364272	30	30
0.11363	0.00000000362606	30	30
0.11318	0.00000000361666	30	30
0.11383	0.00000000363445	30	30
0.11358	0.00000000361983	30	30
0.11327	0.00000000362486	30	30
0.11367	0.00000000361253	30	30
0.11330	0.00000000361566	30	30
0.11298	0.00000000362458	30	30
0.11342	0.00000000366224	30	30
0.11355	0.00000000364264	30	30
0.11357	0.00000000356686	30	30
0.11374	0.00000000364630	30	30
0.11358	0.00000000361477	30	30
0.11325	0.00000000362993	30	30
0.11378	0.00000000363478	30	30
0.11361	0.00000000361938	30	30
0.11331	0.00000000363188	30	30
0.11365	0.00000000362071	30	30
0.11319	0.00000000361461	30	30
0.11368	0.00000000362703	30	30
0.11368	0.00000000361628	30	30
0.14182	0.00000000634803	30	30
0.11347	0.00000000356278	30	30
0.11340	0.00000000364171	30	30
0.11359	0.00000000366109	30	30
0.11390	0.00000000364574	30	30
0.11342	0.00000000361522	30	30
0.11353	0.00000000362921	30	30
0.11343	0.00000000362905	30	30
0.11368	0.00000000361411	30	30
0.11342	0.00000000361708	30	30
0.11341	0.00000000362359	30	30
0.11357	0.00000000362903	30	30
0.11316	0.00000000359888	30	30
0.11388	0.00000000355810	30	30
0.11283	0.00000000360591	30	30
0.11561	0.00000000412401	30	30
0.11356	0.00000000365455	30	30
0.11343	0.00000000363144	30	30
0.11349	0.00000000357386	30	30
0.11397	0.00000000372982	30	30
0.11336	0.00000000362981	30	30
0.11362	0.00000000362150	30	30
0.11327	0.00000000353603	30	30
0.11364	0.00000000363739	30	30
0.11359	0.00000000362319	30	30
0.11325	0.00000000362155	30	30
0.11366	0.00000000362966	30	30
0.11370	0.00000000368673	30	30
0.11325	0.00000000353113	30	30
0.14209	0.00000000642099	30	30
0.11345	0.00000000366654	30	30
0.11355	0.00000000363430	30	30
0.11351	0.00000000365614	30	30
0.11378	0.00000000365583	30	30
0.11358	0.00000000362130	30	30
0.11344	0.00000000363169	30	30
0.11367	0.00000000354732	30	30
0.11344	0.00000000370357	30	30
0.11340	0.00000000353697	30	30
0.11359	0.00000000363490	30	30
0.11308	0.00000000361744	30	30
0.11388	0.00000000363699	30	30
0.11368	0.00000000361014	30	30
0.11272	0.00000000361987	30	30
0.11537	0.00000000410792	30	30
0.11337	0.00000000356539	30	30
0.11356	0.00000000365594	30	30
0.11359	0.00000000366319	30	30
0.11353	0.00000000363751	30	30
0.11342	0.00000000364376	30	30
0.11395	0.00000000354770	30	30
0.11334	0.00000000363612	30	30
0.11368	0.00000000362921	30	30
0.11310	0.00000000362165	30	30
0.11378	0.00000000363111	30	30
0.11357	0.00000000361770	30	30
0.11336	0.00000000360560	30	30
0.11365	0.00000000362306	30	30
0.14146	0.00000000636524	30	30
0.11359	0.00000000356204	30	30
0.11341	0.00000000373045	30	30
0.11351	0.00000000357381	30	30
0.11398	0.00000000365116	30	30
0.11334	0.00000000361879	30	30
0.11369	0.00000000363420	30	30
0.11347	0.00000000362175	30	30
0.11338	0.00000000363225	30	30
0.11364	0.00000000361737	30	30
0.11304	0.00000000361879	30	30
0.11393	0.00000000363841	30	30
0.11363	0.00000000362157	30	30
0.11329	0.00000000361773	30	30
0.11310	0.00000000361441	30	30
0.11348	0.00000000366110	30	30
0.11358	0.00000000355322	30	30
0.11341	0.00000000374944	30	30
0.11395	0.00000000357362	30	30
0.11325	0.00000000361376	30	30
0.11364	0.00000000363469	30	30
0.11357	0.00000000362979	30	30
0.11328	0.00000000361736	30	30
0.11365	0.00000000363940	30	30
0.11376	0.00000000363671	30	30
0.11333	0.00000000362600	30	30
0.11365	0.00000000361413	30	30
0.11340	0.00000000360944	30	30
0.14133	0.00000000639056	30	30
0.11339	0.00000000356796	30	30
0.11356	0.00000000365337	30	30
0.11351	0.00000000364584	30	30
0.11374	0.00000000365627	30	30
0.11363	0.00000000361768	30	30
0.11350	0.00000000363791	30	30
0.11338	0.00000000362970	30	30
0.11355	0.00000000362031	30	30
0.11314	0.00000000362091	30	30
0.11389	0.00000000355476	30	30
0.11356	0.00000000370252	30	30
0.11337	0.00000000353251	30	30
0.11358	0.00000000363136	30	30
0.11281	0.00000000361108	30	30
0.11469	0.00000000411415	30	30
0.11351	0.00000000365058	30	30
0.11341	0.00000000356531	30	30
0.11363	0.00000000366584	30	30
0.11377	0.00000000364361	30	30
0.11313	0.00000000354631	30	30
0.11391	0.00000000373770	30	30
0.11324	0.00000000353751	30	30
0.11374	0.00000000372146	30	30
0.11356	0.00000000354675	30	30
0.11336	0.00000000369140	30	30
0.11367	0.00000000355265	30	30
0.11333	0.00000000360314	30	30
0.11358	0.00000000363327	30	30
0.14183	0.00000000639880	30	30
0.11354	0.00000000365027	30	30
0.11353	0.00000000356373	30	30
0.11347	0.00000000365272	30	30
0.11390	0.00000000364678	30	30
0.11362	0.00000000363301	30	30
0.11329	0.00000000362063	30	30
0.11359	0.00000000364340	30	30
0.11320	0.00000000361519	30	30
0.11389	0.00000000364304	30	30
0.11365	0.00000000361289	30	30
0.11321	0.00000000362161	30	30
0.11361	0.00000000360576	30	30
0.11321	0.00000000362208	30	30
0.11343	0.00000000362623	30	30
0.11346	0.00000000404400	30	30
0.13917	0.00000000646531	30	30
0.11339	0.00000000366395	30	30
0.11363	0.00000000365128	30	30
0.11360	0.00000000365380	30	30
0.11369	0.00000000365370	30	30
0.11361	0.00000000362597	30	30
0.11316	0.00000000362889	30	30
0.11385	0.00000000356238	30	30
0.11363	0.00000000371047	30	30
0.11330	0.00000000353054	30	30
0.11358	0.00000000371015	30	30
0.11339	0.00000000353881	30	30
0.11353	0.00000000362204	30	30
0.11355	0.00000000361393	30	30
0.11348	0.00000000365152	30	30
0.11347	0.00000000366450	30	30
0.11356	0.00000000366062	30	30
0.11412	0.00000000364344	30	30
0.11318	0.00000000361280	30	30
0.11355	0.00000000364957	30	30
0.11313	0.00000000354075	30	30
0.11384	0.00000000371646	30	30
0.11357	0.00000000353417	30	30
0.11341	0.00000000371373	30	30
0.11368	0.00000000354055	30	30
0.11325	0.00000000369059	30	30
0.11364	0.00000000355722	30	30
0.11347	0.00000000360615	30	30
0.11403	0.00000000405194	30	30
0.13981	0.00000000632247	30	30
0.11339	0.00000000365209	30	30
0.11348	0.00000000355735	30	30
0.11350	0.00000000366798	30	30
0.11393	0.00000000364392	30	30
0.11334	0.00000000362715	30	30
0.11365	0.00000000362820	30	30
0.11347	0.00000000362965	30	30
0.11343	0.00000000363821	30	30
0.11370	0.00000000362809	30	30
0.11303	0.00000000361269	30	30
0.11387	0.00000000355796	30	30
0.11367	0.00000000370703	30	30
0.11328	0.00000000361707	30	30
0.11326	0.00000000356875	30	30
0.11364	0.00000000364494	30	30
0.11353	0.00000000365079	30	30
0.11376	0.00000000365678	30	30
0.11360	0.00000000362704	30	30
0.11310	0.00000000363572	30	30
0.11388	0.00000000356348	30	30
0.11360	0.00000000370979	30	30
0.11362	0.00000000363227	30	30
0.11350	0.00000000354531	30	30
0.11343	0.00000000362239	30	30
0.11362	0.00000000362406	30	30
0.11363	0.00000000371306	30	30
0.11320	0.00000000362677	30	30
0.11566	0.00000000404219	30	30
0.11345	0.00000000365062	30	30
0.11357	0.00000000365711	30	30
0.11353	0.00000000357858	30	30
0.11379	0.00000000364361	30	30
0.11343	0.00000000362512	30	30
0.11370	0.00000000371880	30	30
0.11341	0.00000000354727	30	30
0.11361	0.00000000362936	30	30
0.11311	0.00000000361413	30	30
0.11378	0.00000000364663	30	30
0.11364	0.00000000361678	30	30
0.11332	0.00000000361896	30	30
0.11360	0.00000000361627	30	30
0.14238	0.00000000639074	30	30
0.11353	0.00000000365622	30	30
0.11359	0.00000000364467	30	30
0.11349	0.00000000366986	30	30
0.11389	0.00000000364242	30	30
0.11345	0.00000000361817	30	30
0.11356	0.00000000363249	30	30
0.11346	0.00000000363402	30	30
0.11348	0.00000000362682	30	30
0.11363	0.00000000362665	30	30
0.11317	0.00000000361593	30	30
0.11381	0.00000000355322	30	30
0.11353	0.00000000369981	30	30
0.11334	0.00000000354136	30	30
0.11351	0.00000000370093	30	30
0.11523	0.00000000404769	30	30
0.13927	0.00000000644086	30	30
0.11359	0.00000000366210	30	30
0.11367	0.00000000362773	30	30
0.11322	0.00000000366634	30	30
0.11394	0.00000000365262	30	30
0.11320	0.00000000362668	30	30
0.11372	0.00000000365258	30	30
0.11361	0.00000000354092	30	30
0.11343	0.00000000371850	30	30
0.11364	0.00000000354091	30	30
0.11346	0.00000000371120	30	30
0.11339	0.00000000353398	30	30
0.11366	0.00000000362014	30	30
0.11305	0.00000000361375	30	30
0.14204	0.00000000639667	30	30
0.11342	0.00000000364647	30	30
0.11356	0.00000000357330	30	30
0.11350	0.00000000364664	30	30
0.11376	0.00000000366588	30	30
0.11360	0.00000000362809	30	30
0.11334	0.00000000362831	30	30
0.11357	0.00000000364109	30	30
0.11362	0.00000000361956	30	30
0.11342	0.00000000363318	30	30
0.11360	0.00000000362601	30	30
0.11352	0.00000000362605	30	30
0.11337	0.00000000362078	30	30
0.11360	0.00000000353692	30	30
0.11303	0.00000000361807	30	30
0.11512	0.00000000416536	30	30
0.13895	0.00000000647152	30	30
0.11340	0.00000000365121	30	30
0.11359	0.00000000357985	30	30
0.11353	0.00000000366582	30	30
0.11371	0.00000000365464	30	30
0.11381	0.00000000364384	30	30
0.11357	0.00000000362557	30	30
0.11341	0.00000000364307	30	30
0.11367	0.00000000363769	30	30
0.11334	0.00000000361942	30	30
0.11357	0.00000000363948	30	30
0.11359	0.00000000362034	30	30
0.11338	0.00000000362387	30	30
0.11363	0.00000000354560	30	30
0.14144	0.00000000634954	30	30
0.11356	0.00000000365053	30	30
0.11359	0.00000000355681	30	30
0.11384	0.00000000365974	30	30
0.11344	0.00000000364202	30	30
0.11314	0.00000000362340	30	30
0.11386	0.00000000364849	30	30
0.11357	0.00000000363063	30	30
0.11336	0.00000000362983	30	30
0.11367	0.00000000362592	30	30
0.11325	0.00000000362185	30	30
0.11368	0.00000000363818	30	30
0.11353	0.00000000360733	30	30
0.11341	0.00000000363301	30	30
0.11352	0.00000000361385	30	30
0.11372	0.00000000405215	30	30
0.13945	0.00000000653364	30	30
0.11350	0.00000000366532	30	30
0.11362	0.00000000365133	30	30
0.11334	0.00000000365638	30	30
0.11372	0.00000000356894	30	30
0.11367	0.00000000363852	30	30
0.11346	0.00000000363807	30	30
0.11359	0.00000000363481	30	30
0.11312	0.00000000361837	30	30
0.11390	0.00000000364656	30	30
0.11355	0.00000000361954	30	30
0.11330	0.00000000363082	30	30
0.11365	0.00000000361915	30	30
0.11321	0.00000000361629	30	30
0.14234	0.00000000641558	30	30
0.11346	0.00000000357046	30	30
0.11353	0.00000000366480	30	30
0.11349	0.00000000368443	30	30
0.11375	0.00000000369715	30	30
0.11364	0.00000000367328	30	30
0.11346	0.00000000367098	30	30
0.11352	0.00000000366874	30	30
0.11355	0.00000000366191	30	30
0.11321	0.00000000358423	30	30
0.11378	0.00000000366911	30	30
0.11367	0.00000000372733	30	30
0.11324	0.00000000358139	30	30
0.11359	0.00000000374131	30	30
0.11304	0.00000000356966	30	30
0.11447	0.00000000417445	30	30
0.13989	0.00000000634732	30	30
0.11347	0.00000000364220	30	30
0.11346	0.00000000357352	30	30
0.11357	0.00000000366494	30	30
0.11354	0.00000000365096	30	30
0.11382	0.00000000364456	30	30
0.11358	0.00000000362600	30	30
0.11333	0.00000000362455	30	30
0.11368	0.00000000363724	30	30
0.11328	0.00000000361833	30	30
0.11390	0.00000000364470	30	30
0.11356	0.00000000362688	30	30
0.11351	0.00000000354335	30	30
0.11363	0.00000000370519	30	30
0.11427	0.00000000368175	30	30
0.11425	0.00000000368513	30	30
0.11408	0.00000000359853	30	30
0.11483	0.00000000378942	30	30
0.11486	0.00000000359952	30	30
0.11397	0.00000000365679	30	30
0.11441	0.00000000366433	30	30
0.11440	0.00000000368560	30	30
0.11386	0.00000000364616	30	30
0.11362	0.00000000362778	30	30
0.11380	0.00000000365045	30	30
0.11479	0.00000000368476	30	30
0.11348	0.00000000362216	30	30
0.11347	0.00000000364045	30	30
0.11357	0.00000000359118	30	30
0.11360	0.00000000364645	30	30
0.11335	0.00000000365036	30	30
0.11396	0.00000000367033	30	30
0.11369	0.00000000362526	30	30
0.11324	0.00000000362928	30	30
0.11364	0.00000000363875	30	30
0.11318	0.00000000361667	30	30
0.11377	0.00000000364786	30	30
0.11363	0.00000000362955	30	30
0.11318	0.00000000361881	30	30
0.11384	0.00000000355293	30	30
0.11332	0.00000000372226	30	30
0.11357	0.00000000365087	30	30
0.11337	0.00000000356147	30	30
0.11357	0.00000000366154	30	30
0.11370	0.00000000364612	30	30
0.11358	0.00000000365456	30	30
0.11352	0.00000000363023	30	30
0.11321	0.00000000354648	30	30
0.11384	0.00000000373277	30	30
0.11358	0.00000000354253	30	30
0.11338	0.00000000371207	30	30
0.11361	0.00000000354179	30	30
0.11320	0.00000000370263	30	30
0.11375	0.00000000354368	30	30
0.11351	0.00000000362149	30	30
0.11353	0.00000000365748	30	30
0.11342	0.00000000357559	30	30
0.11357	0.00000000365383	30	30
0.11388	0.00000000365442	30	30
0.11336	0.00000000363545	30	30
0.11362	0.00000000362595	30	30
0.11316	0.00000000363408	30	30
0.11379	0.00000000356934	30	30
0.11369	0.00000000370347	30	30
0.11326	0.00000000355525	30	30
0.11371	0.00000000370353	30	30
0.11311	0.00000000360852	30	30
0.11380	0.00000000364283	30	30
0.11339	0.00000000357473	30	30
0.11355	0.00000000364842	30	30
0.11345	0.00000000365481	30	30
0.11354	0.00000000366708	30	30
0.11381	0.00000000363612	30	30
0.11337	0.00000000362985	30	30
0.11358	0.00000000354910	30	30
0.11364	0.00000000372031	30	30
0.11332	0.00000000354395	30	30
0.11374	0.00000000370953	30	30
0.11308	0.00000000354133	30	30
0.11383	0.00000000364826	30	30
0.11364	0.00000000361153	30	30
0.11354	0.00000000363533	30	30
0.11339	0.00000000357597	30	30
0.11360	0.00000000365130	30	30
0.11352	0.00000000365224	30	30
0.11375	0.00000000366606	30	30
0.11358	0.00000000362281	30	30
0.11323	0.00000000354341	30	30
0.11386	0.00000000373695	30	30
0.11362	0.00000000352836	30	30
0.11328	0.00000000371151	30	30
0.11363	0.00000000354580	30	30
0.11309	0.00000000370381	30	30
0.11381	0.00000000354612	30	30
0.11363	0.00000000363135	30	30
0.11353	0.00000000363737	30	30
0.11339	0.00000000356581	30	30
0.11354	0.00000000365324	30	30
0.11394	0.00000000365417	30	30
0.11337	0.00000000365547	30	30
0.11366	0.00000000362143	30	30
0.11334	0.00000000364258	30	30
0.11371	0.00000000363764	30	30
0.11354	0.00000000362788	30	30
0.11342	0.00000000362380	30	30
0.11355	0.00000000363311	30	30
0.11345	0.00000000361445	30	30
0.11350	0.00000000363401	30	30
0.11352	0.00000000361557	30	30
0.14084	0.00000000640356	30	30
0.11352	0.00000000366021	30	30
0.11343	0.00000000364374	30	30
0.11354	0.00000000357727	30	30
0.11394	0.00000000373182	30	30
0.11345	0.00000000355603	30	30
0.11353	0.00000000363631	30	30
0.11331	0.00000000363181	30	30
0.11373	0.00000000363953	30	30
0.11355	0.00000000362529	30	30
0.11341	0.00000000362916	30	30
0.11357	0.00000000362213	30	30
0.11335	0.00000000362045	30	30
0.11369	0.00000000362621	30	30
0.11330	0.00000000364318	30	30
0.11352	0.00000000365281	30	30
0.11354	0.00000000365167	30	30
0.11366	0.00000000357921	30	30
0.11370	0.00000000364787	30	30
0.11312	0.00000000363149	30	30
0.11378	0.00000000364699	30	30
0.11365	0.00000000362319	30	30
0.11328	0.00000000363304	30	30
0.11368	0.00000000362554	30	30
0.11330	0.00000000362308	30	30
0.11362	0.00000000365843	30	30
0.11357	0.00000000361517	30	30
0.11349	0.00000000361496	30	30
0.11342	0.00000000366104	30	30
0.11356	0.00000000366223	30	30
0.11360	0.00000000357426	30	30
0.11366	0.00000000365498	30	30
0.11361	0.00000000362796	30	30
0.11313	0.00000000363741	30	30
0.11384	0.00000000364283	30	30
0.11364	0.00000000362906	30	30
0.11345	0.00000000364140	30	30
0.11363	0.00000000363211	30	30
0.11331	0.00000000362042	30	30
0.11367	0.00000000362669	30	30
0.11357	0.00000000363215	30	30
0.11356	0.00000000364928	30	30
0.11342	0.00000000366259	30	30
0.11356	0.00000000365207	30	30
0.11386	0.00000000356621	30	30
0.11339	0.00000000372616	30	30
0.11363	0.00000000355638	30	30
0.11350	0.00000000370729	30	30
0.11344	0.00000000356037	30	30
0.11356	0.00000000363589	30	30
0.11309	0.00000000362352	30	30
0.11385	0.00000000364522	30	30
0.11367	0.00000000361949	30	30
0.11329	0.00000000362073	30	30
0.11362	0.00000000362738	30	30
0.14162	0.00000000637961	30	30
0.11361	0.00000000358272	30	30
0.11349	0.00000000364253	30	30
0.11344	0.00000000367986	30	30
0.11397	0.00000000364205	30	30
0.11322	0.00000000361636	30	30
0.11365	0.00000000363409	30	30
0.11341	0.00000000362559	30	30
0.11355	0.00000000363417	30	30
0.11355	0.00000000363503	30	30
0.11344	0.00000000362509	30	30
0.11359	0.00000000362368	30	30
0.11348	0.00000000361354	30	30
0.11345	0.00000000362746	30	30
0.11340	0.00000000357433	30	30
0.11361	0.00000000365565	30	30
0.11354	0.00000000365073	30	30
0.11336	0.00000000366737	30	30
0.11393	0.00000000364681	30	30
0.11330	0.00000000363752	30	30
0.11369	0.00000000363902	30	30
0.11360	0.00000000363067	30	30
0.11335	0.00000000362768	30	30
0.11364	0.00000000363937	30	30
0.11336	0.00000000361355	30	30
0.11356	0.00000000355277	30	30
0.11363	0.00000000370771	30	30
0.11320	0.00000000352666	30	30
0.11337	0.00000000364977	30	30
0.11360	0.00000000357274	30	30
0.11355	0.00000000374214	30	30
0.11366	0.00000000357206	30	30
0.11362	0.00000000370657	30	30
0.11315	0.00000000354626	30	30
0.11380	0.00000000366079	30	30
0.11369	0.00000000362865	30	30
0.11331	0.00000000363980	30	30
0.11367	0.00000000363351	30	30
0.11337	0.00000000360366	30	30
0.11358	0.00000000364054	30	30
0.11361	0.00000000362865	30	30
0.11356	0.00000000366060	30	30
0.11348	0.00000000365053	30	30
0.11348	0.00000000358265	30	30
0.11375	0.00000000367225	30	30
0.11366	0.00000000364998	30	30
0.11363	0.00000000364223	30	30
0.11364	0.00000000363284	30	30
0.11333	0.00000000363634	30	30
0.11362	0.00000000362653	30	30
0.11314	0.00000000363985	30	30
0.11379	0.00000000363844	30	30
0.11356	0.00000000362884	30	30
0.11341	0.00000000361755	30	30
0.11356	0.00000000361853	30	30
0.14156	0.00000000639191	30	30
0.11354	0.00000000365283	30	30
0.11346	0.00000000365327	30	30
0.11349	0.00000000366744	30	30
0.11388	0.00000000355812	30	30
0.11329	0.00000000372220	30	30
0.11370	0.00000000355949	30	30
0.11368	0.00000000371699	30	30
0.11329	0.00000000354379	30	30
0.11361	0.00000000371145	30	30
0.11317	0.00000000354335	30	30
0.11378	0.00000000364948	30	30
0.11361	0.00000000360304	30	30
0.11341	0.00000000363966	30	30
0.11340	0.00000000364772	30	30
0.11360	0.00000000365997	30	30
0.11348	0.00000000359743	30	30
0.11372	0.00000000373755	30	30
0.11365	0.00000000364222	30	30
0.11335	0.00000000364137	30	30
0.11361	0.00000000355159	30	30
0.11357	0.00000000372443	30	30
0.11338	0.00000000353632	30	30
0.11363	0.00000000372475	30	30
0.11354	0.00000000354219	30	30
0.11336	0.00000000363515	30	30
0.11362	0.00000000361557	30	30
0.11307	0.00000000362596	30	30
0.11342	0.00000000357160	30	30
0.11357	0.00000000365825	30	30
0.11355	0.00000000365402	30	30
0.11377	0.00000000366864	30	30
0.11365	0.00000000363027	30	30
0.11321	0.00000000363759	30	30
0.11367	0.00000000364335	30	30
0.11357	0.00000000362566	30	30
0.11337	0.00000000363299	30	30
0.11369	0.00000000354797	30	30
0.11381	0.00000000369994	30	30
0.11308	0.00000000353117	30	30
0.11362	0.00000000370089	30	30
0.11363	0.00000000366238	30	30
0.11353	0.00000000356784	30	30
0.11339	0.00000000373807	30	30
0.11392	0.00000000357029	30	30
0.11318	0.00000000365157	30	30
0.11382	0.00000000365256	30	30
0.11357	0.00000000363004	30	30
0.11338	0.00000000362602	30	30
0.11352	0.00000000363628	30	30
0.11324	0.00000000362979	30	30
0.11374	0.00000000364552	30	30
0.11357	0.00000000362244	30	30
0.11343	0.00000000363782	30	30
0.11360	0.00000000362961	30	30
0.14151	0.00000000642475	30	30
0.11359	0.00000000365268	30	30
0.11358	0.00000000365389	30	30
0.11345	0.00000000358605	30	30
0.11392	0.00000000373868	30	30
0.11322	0.00000000354693	30	30
0.11379	0.00000000373231	30	30
0.11378	0.00000000362953	30	30
0.11311	0.00000000361925	30	30
0.11360	0.00000000363274	30	30
0.11310	0.00000000362613	30	30
0.11386	0.00000000355830	30	30
0.11362	0.00000000369877	30	30
0.11338	0.00000000354971	30	30
0.11345	0.00000000357199	30	30
0.11357	0.00000000366772	30	30
0.11354	0.00000000364558	30	30
0.11341	0.00000000358538	30	30
0.11393	0.00000000372836	30	30
0.11334	0.00000000355627	30	30
0.11355	0.00000000371864	30	30
0.11364	0.00000000354824	30	30
0.11333	0.00000000371052	30	30
0.11356	0.00000000355397	30	30
0.11361	0.00000000371373	30	30
0.11350	0.00000000354802	30	30
0.11359	0.00000000370410	30	30
0.11301	0.00000000352839	30	30
0.14196	0.00000000630525	30	30
0.11351	0.00000000367261	30	30
0.11356	0.00000000356951	30	30
0.11366	0.00000000366518	30	30
0.11355	0.00000000365788	30	30
0.11357	0.00000000362704	30	30
0.11328	0.00000000362497	30	30
0.11369	0.00000000366307	30	30
0.11363	0.00000000362459	30	30
0.11332	0.00000000364764	30	30
0.11365	0.00000000362502	30	30
0.11343	0.00000000361754	30	30
0.11343	0.00000000361993	30	30
0.11360	0.00000000363830	30	30
0.11356	0.00000000365653	30	30
0.11346	0.00000000365272	30	30
0.11347	0.00000000357359	30	30
0.11387	0.00000000366764	30	30
0.11319	0.00000000363719	30	30
0.11383	0.00000000365541	30	30
0.11355	0.00000000362321	30	30
0.11339	0.00000000363861	30	30
0.11358	0.00000000362053	30	30
0.11325	0.00000000362887	30	30
0.11369	0.00000000363824	30	30
0.11364	0.00000000362960	30	30
0.11328	0.00000000361981	30	30
0.11366	0.00000000354765	30	30
0.14143	0.00000000643001	30	30
0.11355	0.00000000366275	30	30
0.11343	0.00000000365618	30	30
0.11351	0.00000000367148	30	30
0.11391	0.00000000359212	30	30
0.11313	0.00000000374828	30	30
0.11381	0.00000000360198	30	30
0.11363	0.00000000375358	30	30
0.11328	0.00000000358334	30	30
0.11368	0.00000000367910	30	30
0.11323	0.00000000365571	30	30
0.11364	0.00000000367462	30	30
0.11363	0.00000000365854	30	30
0.11342	0.00000000365880	30	30
0.11338	0.00000000365637	30	30
0.11356	0.00000000365450	30	30
0.11352	0.00000000356018	30	30
0.11375	0.00000000367110	30	30
0.11366	0.00000000364006	30	30
0.11356	0.00000000371920	30	30
0.11337	0.00000000355778	30	30
0.11350	0.00000000362826	30	30
0.11343	0.00000000364541	30	30
0.11389	0.00000000365480	30	30
0.11353	0.00000000362251	30	30
0.11332	0.00000000362809	30	30
0.11360	0.00000000362727	30	30
0.11370	0.00000000363654	30	30
0.11434	0.00000000370587	30	30
0.11404	0.00000000359654	30	30
0.11461	0.00000000380384	30	30
0.11431	0.00000000360615	30	30
0.11449	0.00000000370054	30	30
0.11429	0.00000000369717	30	30
0.11405	0.00000000358607	30	30
0.11373	0.00000000371424	30	30
0.11317	0.00000000354344	30	30
0.11378	0.00000000374629	30	30
0.11465	0.00000000361708	30	30
0.11361	0.00000000364978	30	30
0.11381	0.00000000364022	30	30
0.11339	0.00000000363466	30	30
0.14090	0.00000000644925	30	30
0.11349	0.00000000357886	30	30
0.11343	0.00000000365111	30	30
0.11362	0.00000000368136	30	30
0.11383	0.00000000355921	30	30
0.11348	0.00000000371582	30	30
0.11365	0.00000000355129	30	30
0.11334	0.00000000371935	30	30
0.11363	0.00000000355869	30	30
0.11337	0.00000000371072	30	30
0.11352	0.00000000354785	30	30
0.11360	0.00000000371728	30	30
0.11334	0.00000000353384	30	30
0.11363	0.00000000364403	30	30
0.14257	0.00000000646566	30	30
0.11363	0.00000000357755	30	30
0.11348	0.00000000365538	30	30
0.11340	0.00000000366330	30	30
0.11397	0.00000000366178	30	30
0.11321	0.00000000364080	30	30
0.11379	0.00000000365009	30	30
0.11352	0.00000000363136	30	30
0.11338	0.00000000354017	30	30
0.11366	0.00000000373071	30	30
0.11326	0.00000000366123	30	30
0.11358	0.00000000368450	30	30
0.11361	0.00000000356803	30	30
0.11331	0.00000000375084	30	30
0.11368	0.00000000359073	30	30
0.11384	0.00000000415195	30	30
0.13923	0.00000000619659	30	30
0.11356	0.00000000358311	30	30
0.11353	0.00000000373041	30	30
0.11340	0.00000000358376	30	30
0.11395	0.00000000366529	30	30
0.11346	0.00000000364588	30	30
0.11352	0.00000000364279	30	30
0.11363	0.00000000362328	30	30
0.11340	0.00000000365370	30	30
0.11384	0.00000000363877	30	30
0.11347	0.00000000363086	30	30
0.11341	0.00000000362897	30	30
0.11369	0.00000000362750	30	30
0.11332	0.00000000361555	30	30
0.14230	0.00000000644651	30	30
0.11343	0.00000000364988	30	30
0.11358	0.00000000366563	30	30
0.11354	0.00000000357660	30	30
0.11378	0.00000000375632	30	30
0.11364	0.00000000358185	30	30
0.11349	0.00000000376313	30	30
0.11339	0.00000000358546	30	30
0.11360	0.00000000375415	30	30
0.11312	0.00000000358094	30	30
0.11389	0.00000000368867	30	30
0.11365	0.00000000366404	30	30
0.11327	0.00000000373671	30	30
0.11361	0.00000000359066	30	30
0.11310	0.00000000365404	30	30
0.11530	0.00000000411208	30	30
0.13919	0.00000000636473	30	30
0.11367	0.00000000366921	30	30
0.11335	0.00000000365509	30	30
0.11358	0.00000000357359	30	30
0.11360	0.00000000374151	30	30
0.11356	0.00000000355976	30	30
0.11368	0.00000000372686	30	30
0.11341	0.00000000354093	30	30
0.11359	0.00000000373027	30	30
0.11366	0.00000000353082	30	30
0.11321	0.00000000371909	30	30
0.11365	0.00000000353947	30	30
0.11312	0.00000000362968	30	30
0.11385	0.00000000363706	30	30
0.14217	0.00000000640919	30	30
0.11364	0.00000000364892	30	30
0.11354	0.00000000357321	30	30
0.11334	0.00000000367018	30	30
0.11392	0.00000000365872	30	30
0.11328	0.00000000361675	30	30
0.11372	0.00000000364319	30	30
0.11361	0.00000000371576	30	30
0.11324	0.00000000356405	30	30
0.11373	0.00000000370166	30	30
0.11311	0.00000000355473	30	30
0.11385	0.00000000364410	30	30
0.11342	0.00000000363508	30	30
0.11337	0.00000000362328	30	30
0.11347	0.00000000363155	30	30
0.11471	0.00000000406653	30	30
0.13889	0.00000000648911	30	30
0.11347	0.00000000366377	30	30
0.11358	0.00000000357518	30	30
0.11342	0.00000000366740	30	30
0.11385	0.00000000364886	30	30
0.11357	0.00000000363518	30	30
0.11337	0.00000000364434	30	30
0.11368	0.00000000363615	30	30
0.11322	0.00000000362909	30	30
0.11375	0.00000000365045	30	30
0.11352	0.00000000362722	30	30
0.11343	0.00000000354486	30	30
0.11355	0.00000000370472	30	30
0.11351	0.00000000362507	30	30
0.14199	0.00000000645850	30	30
0.11343	0.00000000356916	30	30
0.11355	0.00000000365603	30	30
0.11349	0.00000000366599	30	30
0.11396	0.00000000359140	30	30
0.11362	0.00000000373315	30	30
0.11351	0.00000000354727	30	30
0.11342	0.00000000372572	30	30
0.11361	0.00000000354449	30	30
0.11315	0.00000000372133	30	30
0.11379	0.00000000355798	30	30
0.11367	0.00000000369879	30	30
0.11323	0.00000000354115	30	30
0.11360	0.00000000371338	30	30
0.11318	0.00000000354303	30	30
0.11486	0.00000000416008	30	30
0.13879	0.00000000652881	30	30
0.11354	0.00000000365818	30	30
0.11339	0.00000000356312	30	30
0.11360	0.00000000367586	30	30
0.11376	0.00000000364903	30	30
0.11341	0.00000000365178	30	30
0.11370	0.00000000362522	30	30
0.11311	0.00000000362782	30	30
0.11392	0.00000000365112	30	30
0.11356	0.00000000362673	30	30
0.11326	0.00000000363427	30	30
0.11364	0.00000000363281	30	30
0.11324	0.00000000361399	30	30
0.11374	0.00000000364033	30	30
0.14243	0.00000000642275	30	30
0.11355	0.00000000358034	30	30
0.11351	0.00000000364650	30	30
0.11343	0.00000000367888	30	30
0.11397	0.00000000357024	30	30
0.11333	0.00000000371362	30	30
0.11366	0.00000000356622	30	30
0.11356	0.00000000371894	30	30
0.11329	0.00000000354570	30	30
0.11375	0.00000000372867	30	30
0.11350	0.00000000354083	30	30
0.11337	0.00000000371346	30	30
0.11355	0.00000000354054	30	30
0.11317	0.00000000364019	30	30
0.11369	0.00000000363126	30	30
0.13906	0.00000000650174	30	30
0.11327	0.00000000365761	30	30
0.11360	0.00000000357691	30	30
0.11372	0.00000000366269	30	30
0.11359	0.00000000365063	30	30
0.11330	0.00000000363607	30	30
0.11341	0.00000000364540	30	30
0.11385	0.00000000365448	30	30
0.11369	0.00000000362958	30	30
0.11325	0.00000000362848	30	30
0.11352	0.00000000364739	30	30
0.11321	0.00000000361919	30	30
0.11385	0.00000000365244	30	30
0.11358	0.00000000358826	30	30
0.14164	0.00000000645374	30	30
0.11359	0.00000000357370	30	30
0.11336	0.00000000366389	30	30
0.11355	0.00000000366430	30	30
0.11359	0.00000000357872	30	30
0.11383	0.00000000373970	30	30
0.11356	0.00000000353962	30	30
0.11334	0.00000000372638	30	30
0.11361	0.00000000354867	30	30
0.11342	0.00000000371154	30	30
0.11352	0.00000000355507	30	30
0.11356	0.00000000372216	30	30
0.11335	0.00000000354422	30	30
0.11359	0.00000000371829	30	30
0.11351	0.00000000353532	30	30
0.11488	0.00000000417981	30	30
0.13895	0.00000000638477	30	30
0.11358	0.00000000357873	30	30
0.11340	0.00000000365311	30	30
0.11359	0.00000000368517	30	30
0.11390	0.00000000356764	30	30
0.11334	0.00000000371896	30	30
0.11361	0.00000000356582	30	30
0.11327	0.00000000362756	30	30
0.11369	0.00000000365340	30	30
0.11356	0.00000000363492	30	30
0.11339	0.00000000363157	30	30
0.11359	0.00000000363847	30	30
0.11346	0.00000000361896	30	30
0.11344	0.00000000363414	30	30
0.14219	0.00000000644495	30	30
0.11352	0.00000000358581	30	30
0.11359	0.00000000373902	30	30
0.11338	0.00000000360291	30	30
0.11392	0.00000000365157	30	30
0.11366	0.00000000364056	30	30
0.11327	0.00000000363970	30	30
0.11357	0.00000000362735	30	30
0.11316	0.00000000362263	30	30
0.11386	0.00000000364234	30	30
0.11360	0.00000000363105	30	30
0.11332	0.00000000363836	30	30
0.11368	0.00000000362403	30	30
0.11319	0.00000000362698	30	30
0.11360	0.00000000363465	30	30
0.11473	0.00000000408474	30	30
0.13885	0.00000000624105	30	30
0.11329	0.00000000357918	30	30
0.11357	0.00000000365861	30	30
0.11350	0.00000000366355	30	30
0.11376	0.00000000366905	30	30
0.11359	0.00000000363511	30	30
0.11317	0.00000000355232	30	30
0.11382	0.00000000373436	30	30
0.11395	0.00000000363522	30	30
0.11301	0.00000000361500	30	30
0.11360	0.00000000363741	30	30
0.11312	0.00000000362315	30	30
0.11386	0.00000000355907	30	30
0.11354	0.00000000370624	30	30
0.14195	0.00000000630580	30	30
0.11354	0.00000000366470	30	30
0.11343	0.00000000366406	30	30
0.11355	0.00000000358157	30	30
0.11365	0.00000000374394	30	30
0.11366	0.00000000356479	30	30
0.11353	0.00000000372118	30	30
0.11344	0.00000000356407	30	30
0.11364	0.00000000363126	30	30
0.11349	0.00000000362277	30	30
0.11343	0.00000000372524	30	30
0.11359	0.00000000354890	30	30
0.11311	0.00000000362455	30	30
0.11388	0.00000000366621	30	30
0.11347	0.00000000360695	30	30
0.11488	0.00000000408393	30	30
0.13981	0.00000000637957	30	30
0.11353	0.00000000366605	30	30
0.11349	0.00000000365442	30	30
0.11351	0.00000000358395	30	30
0.11395	0.00000000373671	30	30
0.11314	0.00000000356796	30	30
0.11373	0.00000000372522	30	30
0.11334	0.00000000356021	30	30
0.11368	0.00000000364022	30	30
0.11361	0.00000000363066	30	30
0.11328	0.00000000364527	30	30
0.11367	0.00000000362430	30	30
0.11346	0.00000000362335	30	30
0.11365	0.00000000364258	30	30
0.14212	0.00000000642053	30	30
0.11350	0.00000000365833	30	30
0.11353	0.00000000357081	30	30
0.11339	0.00000000368215	30	30
0.11398	0.00000000366787	30	30
0.11357	0.00000000362968	30	30
0.11338	0.00000000364381	30	30
0.11355	0.00000000365159	30	30
0.11313	0.00000000362393	30	30
0.11388	0.00000000365014	30	30
0.11374	0.00000000362894	30	30
0.11323	0.00000000363093	30	30
0.11352	0.00000000361749	30	30
0.11333	0.00000000363144	30	30
0.11363	0.00000000363360	30	30
0.11483	0.00000000408075	30	30
0.13889	0.00000000649822	30	30
0.11334	0.00000000366782	30	30
0.11355	0.00000000357224	30	30
0.11355	0.00000000366206	30	30
0.11379	0.00000000366827	30	30
0.11355	0.00000000364938	30	30
0.11341	0.00000000363190	30	30
0.11375	0.00000000367387	30	30
0.11358	0.00000000361933	30	30
0.11332	0.00000000362984	30	30
0.11352	0.00000000363002	30	30
0.11314	0.00000000354333	30	30
0.11391	0.00000000372873	30	30
0.11355	0.00000000352651	30	30
0.14183	0.00000000644099	30	30
0.11353	0.00000000357196	30	30
0.11339	0.00000000366034	30	30
0.11352	0.00000000366003	30	30
0.11355	0.00000000357481	30	30
0.11380	0.00000000373268	30	30
0.11353	0.00000000356134	30	30
0.11339	0.00000000372641	30	30
0.11357	0.00000000355017	30	30
0.11339	0.00000000372142	30	30
0.11358	0.00000000354489	30	30
0.11357	0.00000000372343	30	30
0.11336	0.00000000353648	30	30
0.11351	0.00000000372456	30	30
0.11357	0.00000000353850	30	30
0.11441	0.00000000418153	30	30
0.13948	0.00000000637825	30	30
0.11349	0.00000000358586	30	30
0.11339	0.00000000367005	30	30
0.11356	0.00000000367024	30	30
0.11389	0.00000000365541	30	30
0.11342	0.00000000364770	30	30
0.11361	0.00000000363530	30	30
0.11319	0.00000000364101	30	30
0.11373	0.00000000355854	30	30
0.11364	0.00000000371258	30	30
0.11332	0.00000000356007	30	30
0.11360	0.00000000371772	30	30
0.11355	0.00000000352701	30	30
0.11334	0.00000000372953	30	30
0.14238	0.00000000647383	30	30
0.11355	0.00000000357755	30	30
0.11354	0.00000000373986	30	30
0.11338	0.00000000359121	30	30
0.11396	0.00000000366900	30	30
0.11352	0.00000000363896	30	30
0.11338	0.00000000364058	30	30
0.11366	0.00000000364473	30	30
0.11308	0.00000000362739	30	30
0.11407	0.00000000366893	30	30
0.11357	0.00000000363591	30	30
0.11337	0.00000000362668	30	30
0.11362	0.00000000362427	30	30
0.11327	0.00000000363063	30	30
0.11355	0.00000000362589	30	30
0.11572	0.00000000406422	30	30
0.13913	0.00000000621742	30	30
0.11337	0.00000000358755	30	30
0.11360	0.00000000366556	30	30
0.11350	0.00000000366653	30	30
0.11374	0.00000000366523	30	30
0.11337	0.00000000364079	30	30
0.11335	0.00000000356260	30	30
0.11387	0.00000000373776	30	30
0.11365	0.00000000354416	30	30
0.11331	0.00000000371572	30	30
0.11353	0.00000000355312	30	30
0.11332	0.00000000371954	30	30
0.11363	0.00000000355143	30	30
0.11359	0.00000000370739	30	30
0.14190	0.00000000647103	30	30
0.11357	0.00000000357576	30	30
0.11346	0.00000000374138	30	30
0.11359	0.00000000358337	30	30
0.11387	0.00000000365891	30	30
0.11339	0.00000000363455	30	30
0.11365	0.00000000363978	30	30
0.11305	0.00000000363608	30	30
0.11418	0.00000000368338	30	30
0.11364	0.00000000361755	30	30
0.11333	0.00000000364568	30	30
0.11356	0.00000000363369	30	30
0.11390	0.00000000365614	30	30
0.11428	0.00000000359215	30	30
0.10887	0.00000000429039	30	30
0.11458	0.00000000371997	30	30
0.11411	0.00000000368352	30	30
0.11453	0.00000000373024	30	30
0.11471	0.00000000370215	30	30
0.11377	0.00000000358604	30	30
0.11370	0.00000000373362	30	30
0.11378	0.00000000356774	30	30
0.11341	0.00000000371449	30	30
0.11367	0.00000000356407	30	30
0.11402	0.00000000366690	30	30
0.11417	0.00000000370321	30	30
0.11389	0.00000000363003	30	30
0.11312	0.00000000364540	30	30
0.11386	0.00000000365596	30	30
0.11315	0.00000000366115	30	30
0.11353	0.00000000365446	30	30
0.11347	0.00000000358051	30	30
0.11381	0.00000000374988	30	30
0.11368	0.00000000355112	30	30
0.11328	0.00000000372665	30	30
0.11364	0.00000000355008	30	30
0.11333	0.00000000371888	30	30
0.11365	0.00000000356733	30	30
0.11353	0.00000000363690	30	30
0.11342	0.00000000362859	30	30
0.11360	0.00000000363613	30	30
0.11351	0.00000000362158	30	30
0.11340	0.00000000374485	30	30
0.11349	0.00000000358466	30	30
0.11375	0.00000000368565	30	30
0.11353	0.00000000365694	30	30
0.11378	0.00000000365882	30	30
0.11366	0.00000000364434	30	30
0.11331	0.00000000356396	30	30
0.11365	0.00000000372242	30	30
0.11330	0.00000000354470	30	30
0.11364	0.00000000373306	30	30
0.11354	0.00000000355023	30	30
0.11342	0.00000000372467	30	30
0.11367	0.00000000358590	30	30
0.11360	0.00000000371656	30	30
0.11355	0.00000000369398	30	30
0.11336	0.00000000361555	30	30
0.11358	0.00000000370434	30	30
0.11380	0.00000000370233	30	30
0.11354	0.00000000369109	30	30
0.11356	0.00000000367263	30	30
0.11314	0.00000000368800	30	30
0.11383	0.00000000368764	30	30
0.11364	0.00000000367654	30	30
0.11332	0.00000000367722	30	30
0.11367	0.00000000366823	30	30
0.11317	0.00000000366242	30	30
0.11371	0.00000000360124	30	30
0.11353	0.00000000366095	30	30
0.11356	0.00000000357115	30	30
0.11338	0.00000000375634	30	30
0.11390	0.00000000358762	30	30
0.11366	0.00000000371972	30	30
0.11330	0.00000000355175	30	30
0.11360	0.00000000372838	30	30
0.11315	0.00000000354960	30	30
0.11381	0.00000000366066	30	30
0.11358	0.00000000363283	30	30
0.11337	0.00000000364381	30	30
0.11361	0.00000000361126	30	30
0.11318	0.00000000363183	30	30
0.11349	0.00000000366152	30	30
0.11344	0.00000000366010	30	30
0.11354	0.00000000366383	30	30
0.11349	0.00000000366140	30	30
0.11386	0.00000000357578	30	30
0.11347	0.00000000372941	30	30
0.11343	0.00000000356034	30	30
0.11366	0.00000000372963	30	30
0.11348	0.00000000354652	30	30
0.11333	0.00000000371479	30	30
0.11366	0.00000000355481	30	30
0.11340	0.00000000371646	30	30
0.11363	0.00000000354839	30	30
0.11341	0.00000000371063	30	30
0.14161	0.00000000646658	30	30
0.11361	0.00000000365721	30	30
0.11332	0.00000000365602	30	30
0.11357	0.00000000358321	30	30
0.11374	0.00000000375424	30	30
0.11367	0.00000000355706	30	30
0.11387	0.00000000372373	30	30
0.11305	0.00000000355473	30	30
0.11358	0.00000000371731	30	30
0.11308	0.00000000355544	30	30
0.11392	0.00000000364688	30	30
0.11368	0.00000000363096	30	30
0.11317	0.00000000362133	30	30
0.11366	0.00000000363698	30	30
0.11358	0.00000000376524	30	30
0.11338	0.00000000358188	30	30
0.11371	0.00000000366502	30	30
0.11338	0.00000000364551	30	30
0.11379	0.00000000365612	30	30
0.11350	0.00000000362773	30	30
0.11330	0.00000000355870	30	30
0.11368	0.00000000372520	30	30
0.11333	0.00000000354797	30	30
0.11357	0.00000000373114	30	30
0.11357	0.00000000353986	30	30
0.11338	0.00000000371111	30	30
0.11361	0.00000000354960	30	30
0.14157	0.00000000642973	30	30
0.11358	0.00000000366658	30	30
0.11350	0.00000000365170	30	30
0.11342	0.00000000367950	30	30
0.11386	0.00000000357974	30	30
0.11317	0.00000000363752	30	30
0.11381	0.00000000365821	30	30
0.11370	0.00000000364337	30	30
0.11332	0.00000000362704	30	30
0.11361	0.00000000364382	30	30
0.11328	0.00000000363270	30	30
0.11365	0.00000000364373	30	30
0.11355	0.00000000362095	30	30
0.11347	0.00000000364760	30	30
0.11349	0.00000000365685	30	30
0.11349	0.00000000366440	30	30
0.11353	0.00000000356765	30	30
0.11345	0.00000000368353	30	30
0.11391	0.00000000366061	30	30
0.11362	0.00000000364791	30	30
0.11325	0.00000000364348	30	30
0.11366	0.00000000363578	30	30
0.11316	0.00000000362956	30	30
0.11379	0.00000000366055	30	30
0.11363	0.00000000362466	30	30
0.11329	0.00000000363304	30	30
0.11364	0.00000000364701	30	30
0.11326	0.00000000362086	30	30
0.11337	0.00000000357215	30	30
0.11355	0.00000000367733	30	30
0.11353	0.00000000366249	30	30
0.11375	0.00000000358092	30	30
0.11352	0.00000000372939	30	30
0.11363	0.00000000355052	30	30
0.11337	0.00000000372684	30	30
0.11363	0.00000000355534	30	30
0.11305	0.00000000371432	30	30
0.11383	0.00000000357141	30	30
0.11362	0.00000000363681	30	30
0.11334	0.00000000362672	30	30
0.11367	0.00000000363548	30	30
0.11358	0.00000000365711	30	30
0.11355	0.00000000357629	30	30
0.11338	0.00000000366979	30	30
0.11360	0.00000000367607	30	30
0.11352	0.00000000365111	30	30
0.11370	0.00000000366277	30	30
0.11362	0.00000000364268	30	30
0.11339	0.00000000363051	30	30
0.11358	0.00000000363915	30	30
0.11344	0.00000000363404	30	30
0.11349	0.00000000355809	30	30
0.11360	0.00000000371979	30	30
0.11325	0.00000000355307	30	30
0.11393	0.00000000373673	30	30
0.11356	0.00000000366867	30	30
0.11357	0.00000000365848	30	30
0.11336	0.00000000358391	30	30
0.11396	0.00000000366576	30	30
0.11313	0.00000000366412	30	30
0.11376	0.00000000365170	30	30
0.11360	0.00000000364180	30	30
0.11330	0.00000000363795	30	30
0.11366	0.00000000364136	30	30
0.11333	0.00000000363945	30	30
0.11359	0.00000000363371	30	30
0.11364	0.00000000363069	30	30
0.11336	0.00000000364013	30	30
0.11339	0.00000000365617	30	30
0.11355	0.00000000367282	30	30
0.11352	0.00000000366126	30	30
0.11361	0.00000000359512	30	30
0.11386	0.00000000366106	30	30
0.11369	0.00000000363716	30	30
0.11327	0.00000000365092	30	30
0.11366	0.00000000362938	30	30
0.11310	0.00000000364039	30	30
0.11376	0.00000000365179	30	30
0.11366	0.00000000364262	30	30
0.11337	0.00000000363104	30	30
0.11360	0.00000000364076	30	30
0.11331	0.00000000362454	30	30
0.11346	0.00000000366345	30	30
0.11352	0.00000000358051	30	30
0.11351	0.00000000366872	30	30
0.11379	0.00000000366764	30	30
0.11361	0.00000000365333	30	30
0.11339	0.00000000362345	30	30
0.11353	0.00000000365877	30	30
0.11356	0.00000000363703	30	30
0.11315	0.00000000363829	30	30
0.11388	0.00000000365182	30	30
0.11352	0.00000000362843	30	30
0.11331	0.00000000363569	30	30
0.11374	0.00000000355716	30	30
0.11361	0.00000000369931	30	30
0.11356	0.00000000369115	30	30
0.11339	0.00000000362335	30	30
0.11396	0.00000000371509	30	30
0.11311	0.00000000368339	30	30
0.11383	0.00000000370368	30	30
0.11359	0.00000000367569	30	30
0.11333	0.00000000368585	30	30
0.11365	0.00000000367579	30	30
0.11329	0.00000000366829	30	30
0.11366	0.00000000368843	30	30
0.11359	0.00000000366797	30	30
0.11335	0.00000000367049	30	30
0.11360	0.00000000368537	30	30
0.11359	0.00000000362192	30	30
0.11352	0.00000000370182	30	30
0.11340	0.00000000371814	30	30
0.11391	0.00000000370327	30	30
0.11311	0.00000000367692	30	30
0.11383	0.00000000361490	30	30
0.11367	0.00000000377110	30	30
0.11350	0.00000000359890	30	30
0.11362	0.00000000377864	30	30
0.11322	0.00000000358786	30	30
0.11376	0.00000000377246	30	30
0.11360	0.00000000358580	30	30
0.11336	0.00000000368869	30	30
0.11343	0.00000000365763	30	30
0.11355	0.00000000366244	30	30
0.11356	0.00000000357841	30	30
0.11357	0.00000000375594	30	30
0.11379	0.00000000356388	30	30
0.11329	0.00000000372794	30	30
0.11360	0.00000000358750	30	30
0.11355	0.00000000363661	30	30
0.11315	0.00000000363651	30	30
0.11382	0.00000000365261	30	30
0.11358	0.00000000363753	30	30
0.11336	0.00000000362595	30	30
0.11361	0.00000000364258	30	30
0.11332	0.00000000362400	30	30
0.14152	0.00000000646000	30	30
0.11346	0.00000000360577	30	30
0.11355	0.00000000371637	30	30
0.11353	0.00000000370134	30	30
0.11376	0.00000000362880	30	30
0.11352	0.00000000376776	30	30
0.11355	0.00000000359659	30	30
0.11339	0.00000000377628	30	30
0.11364	0.00000000359485	30	30
0.11312	0.00000000369133	30	30
0.11391	0.00000000369329	30	30
0.11349	0.00000000367709	30	30
0.11334	0.00000000367716	30	30
0.11367	0.00000000367879	30	30
0.11360	0.00000000366408	30	30
0.11357	0.00000000365748	30	30
0.11335	0.00000000357802	30	30
0.11391	0.00000000376026	30	30
0.11342	0.00000000355575	30	30
0.11356	0.00000000373706	30	30
0.11358	0.00000000355970	30	30
0.11330	0.00000000371310	30	30
0.11363	0.00000000356167	30	30
0.11359	0.00000000372768	30	30
0.11340	0.00000000355402	30	30
0.11354	0.00000000371684	30	30
0.11312	0.00000000355627	30	30
0.11390	0.00000000364716	30	30
0.11356	0.00000000362468	30	30
0.11353	0.00000000369805	30	30
0.11337	0.00000000371772	30	30
0.11398	0.00000000370691	30	30
0.11330	0.00000000367617	30	30
0.11360	0.00000000369357	30	30
0.11358	0.00000000368221	30	30
0.11333	0.00000000359381	30	30
0.11377	0.00000000377098	30	30
0.11342	0.00000000359539	30	30
0.11345	0.00000000376095	30	30
0.11362	0.00000000358641	30	30
0.11309	0.00000000367803	30	30
0.11360	0.00000000365661	30	30
0.11335	0.00000000366444	30	30
0.11355	0.00000000357858	30	30
0.11382	0.00000000377526	30	30
0.11368	0.00000000356523	30	30
0.11337	0.00000000365893	30	30
0.11359	0.00000000365038	30	30
0.11361	0.00000000363983	30	30
0.11358	0.00000000363384	30	30
0.11331	0.00000000364208	30	30
0.11363	0.00000000363958	30	30
0.11313	0.00000000363559	30	30
0.11382	0.00000000364639	30	30
0.11365	0.00000000363309	30	30
0.14126	0.00000000646368	30	30
0.11357	0.00000000362905	30	30
0.11336	0.00000000371154	30	30
0.11353	0.00000000370307	30	30
0.11361	0.00000000362907	30	30
0.11368	0.00000000379174	30	30
0.11358	0.00000000360068	30	30
0.11340	0.00000000377516	30	30
0.11369	0.00000000359589	30	30
0.11344	0.00000000374873	30	30
0.11341	0.00000000360321	30	30
0.11364	0.00000000376586	30	30
0.11317	0.00000000358401	30	30
0.11383	0.00000000376802	30	30
0.11355	0.00000000366603	30	30
0.11355	0.00000000357694	30	30
0.11336	0.00000000368127	30	30
0.11367	0.00000000366975	30	30
0.11389	0.00000000365539	30	30
0.11305	0.00000000366019	30	30
0.11392	0.00000000355871	30	30
0.11324	0.00000000371734	30	30
0.11369	0.00000000357466	30	30
0.11362	0.00000000372555	30	30
0.11339	0.00000000355689	30	30
0.11357	0.00000000371500	30	30
0.11341	0.00000000354371	30	30
0.11347	0.00000000372251	30	30
0.11352	0.00000000358945	30	30
0.11352	0.00000000366065	30	30
0.11339	0.00000000366267	30	30
0.11396	0.00000000368955	30	30
0.11365	0.00000000362770	30	30
0.11330	0.00000000365191	30	30
0.11360	0.00000000363542	30	30
0.11318	0.00000000364465	30	30
0.11379	0.00000000365770	30	30
0.11359	0.00000000363032	30	30
0.11331	0.00000000363049	30	30
0.11360	0.00000000363675	30	30
0.11341	0.00000000363714	30	30
0.11357	0.00000000366081	30	30
0.11336	0.00000000366479	30	30
0.11414	0.00000000368629	30	30
0.11442	0.00000000370592	30	30
0.11383	0.00000000370036	30	30
0.11396	0.00000000361159	30	30
0.11401	0.00000000367470	30	30
0.11426	0.00000000368091	30	30
0.11422	0.00000000368271	30	30
0.11442	0.00000000367279	30	30
0.11363	0.00000000366187	30	30
0.11472	0.00000000369042	30	30
0.11438	0.00000000368005	30	30
0.11429	0.00000000369428	30	30
0.11427	0.00000000373226	30	30
0.11377	0.00000000359056	30	30
0.11351	0.00000000376034	30	30
0.11381	0.00000000359415	30	30
0.11362	0.00000000373037	30	30
0.11345	0.00000000354399	30	30
0.11358	0.00000000374474	30	30
0.11354	0.00000000354649	30	30
0.11347	0.00000000372135	30	30
0.11362	0.00000000355973	30	30
0.11315	0.00000000372256	30	30
0.11390	0.00000000356365	30	30
0.11364	0.00000000371469	30	30
0.11481	0.00000000510284	30	30
0.11347	0.00000000359737	30	30
0.11359	0.00000000367325	30	30
0.11377	0.00000000366481	30	30
0.11355	0.00000000365296	30	30
0.11359	0.00000000365032	30	30
0.11320	0.00000000365379	30	30
0.11384	0.00000000364100	30	30
0.11355	0.00000000356522	30	30
0.11337	0.00000000372006	30	30
0.11364	0.00000000357882	30	30
0.11337	0.00000000370737	30	30
0.11358	0.00000000356086	30	30
0.11362	0.00000000370708	30	30
0.14119	0.00000000644736	30	30
0.11358	0.00000000358676	30	30
0.11338	0.00000000366827	30	30
0.11359	0.00000000367572	30	30
0.11397	0.00000000366722	30	30
0.11331	0.00000000363326	30	30
0.11360	0.00000000365453	30	30
0.11316	0.00000000364571	30	30
0.11383	0.00000000364839	30	30
0.11366	0.00000000364395	30	30
0.11337	0.00000000363746	30	30
0.11357	0.00000000363625	30	30
0.11336	0.00000000362591	30	30
0.11356	0.00000000364357	30	30
0.11594	0.00000000509887	30	30
0.11570	0.00000000393458	30	30
0.11346	0.00000000367055	30	30
0.11356	0.00000000367633	30	30
0.11337	0.00000000365036	30	30
0.11378	0.00000000361970	30	30
0.11378	0.00000000377279	30	30
0.11322	0.00000000361089	30	30
0.11363	0.00000000369909	30	30
0.11356	0.00000000367204	30	30
0.11342	0.00000000368125	30	30
0.11362	0.00000000368575	30	30
0.11312	0.00000000368536	30	30
0.11381	0.00000000368561	30	30
0.11367	0.00000000368099	30	30
0.11326	0.00000000366631	30	30
0.11328	0.00000000368230	30	30
0.11361	0.00000000366012	30	30
0.11362	0.00000000357603	30	30
0.11360	0.00000000374684	30	30
0.11353	0.00000000355585	30	30
0.11345	0.00000000374004	30	30
0.11360	0.00000000357459	30	30
0.11351	0.00000000371682	30	30
0.11345	0.00000000356239	30	30
0.11351	0.00000000364223	30	30
0.11319	0.00000000363531	30	30
0.11391	0.00000000364189	30	30
0.11371	0.00000000365209	30	30
0.11577	0.00000000504382	30	30
0.11344	0.00000000366306	30	30
0.11351	0.00000000366983	30	30
0.11386	0.00000000366657	30	30
0.11336	0.00000000365822	30	30
0.11365	0.00000000365266	30	30
0.11325	0.00000000364831	30	30
0.11380	0.00000000356506	30	30
0.11354	0.00000000371945	30	30
0.11335	0.00000000355768	30	30
0.11362	0.00000000373343	30	30
0.11335	0.00000000354664	30	30
0.11356	0.00000000372683	30	30
0.11353	0.00000000354765	30	30
0.14096	0.00000000649340	30	30
0.11353	0.00000000362369	30	30
0.11343	0.00000000370661	30	30
0.11355	0.00000000372316	30	30
0.11393	0.00000000370180	30	30
0.11336	0.00000000369346	30	30
0.11364	0.00000000369235	30	30
0.11327	0.00000000360868	30	30
0.11367	0.00000000377773	30	30
0.11361	0.00000000358584	30	30
0.11337	0.00000000368278	30	30
0.11363	0.00000000370056	30	30
0.11354	0.00000000367208	30	30
0.11341	0.00000000366135	30	30
0.11545	0.00000000513333	30	30
0.11589	0.00000000397188	30	30
0.11336	0.00000000357958	30	30
0.11358	0.00000000366392	30	30
0.11352	0.00000000366483	30	30
0.11363	0.00000000367392	30	30
0.11373	0.00000000365738	30	30
0.11308	0.00000000364697	30	30
0.11386	0.00000000365212	30	30
0.11360	0.00000000364278	30	30
0.11336	0.00000000363066	30	30
0.11359	0.00000000364947	30	30
0.11318	0.00000000363345	30	30
0.11377	0.00000000364671	30	30
0.11357	0.00000000362956	30	30
0.11339	0.00000000364172	30	30
0.11341	0.00000000366966	30	30
0.11364	0.00000000358201	30	30
0.11344	0.00000000367931	30	30
0.11378	0.00000000366757	30	30
0.11366	0.00000000365604	30	30
0.11304	0.00000000364870	30	30
0.11389	0.00000000366338	30	30
0.11354	0.00000000362972	30	30
0.11336	0.00000000365082	30	30
0.11361	0.00000000364666	30	30
0.11336	0.00000000363056	30	30
0.11365	0.00000000364303	30	30
0.11362	0.00000000355172	30	30
0.11428	0.00000000506651	30	30
0.11347	0.00000000366373	30	30
0.11347	0.00000000359285	30	30
0.11375	0.00000000368338	30	30
0.11360	0.00000000369685	30	30
0.11360	0.00000000369961	30	30
0.11379	0.00000000367054	30	30
0.11308	0.00000000369509	30	30
0.11396	0.00000000369985	30	30
0.11303	0.00000000366783	30	30
0.11396	0.00000000369905	30	30
0.11359	0.00000000368045	30	30
0.11335	0.00000000367054	30	30
0.11356	0.00000000368110	30	30
0.14045	0.00000000646782	30	30
0.11357	0.00000000367662	30	30
0.11349	0.00000000357221	30	30
0.11343	0.00000000367695	30	30
0.11394	0.00000000367356	30	30
0.11333	0.00000000364577	30	30
0.11368	0.00000000365280	30	30
0.11346	0.00000000363620	30	30
0.11342	0.00000000364584	30	30
0.11368	0.00000000364624	30	30
0.11308	0.00000000363787	30	30
0.11385	0.00000000364977	30	30
0.11364	0.00000000362663	30	30
0.11333	0.00000000363713	30	30
0.11537	0.00000000508954	30	30
0.11569	0.00000000395496	30	30
0.11340	0.00000000357761	30	30
0.11361	0.00000000367351	30	30
0.11361	0.00000000365959	30	30
0.11337	0.00000000368628	30	30
0.11394	0.00000000366114	30	30
0.11316	0.00000000363446	30	30
0.11373	0.00000000357660	30	30
0.11360	0.00000000372226	30	30
0.11341	0.00000000357681	30	30
0.11358	0.00000000371776	30	30
0.11336	0.00000000356442	30	30
0.11373	0.00000000365324	30	30
0.11341	0.00000000361709	30	30
0.11341	0.00000000365232	30	30
0.11341	0.00000000367143	30	30
0.11357	0.00000000367066	30	30
0.11358	0.00000000367096	30	30
0.11366	0.00000000358700	30	30
0.11363	0.00000000372918	30	30
0.11326	0.00000000355896	30	30
0.11366	0.00000000365855	30	30
0.11362	0.00000000363860	30	30
0.11337	0.00000000371084	30	30
0.11361	0.00000000355552	30	30
0.11333	0.00000000371808	30	30
0.11360	0.00000000356447	30	30
0.11357	0.00000000371965	30	30
0.11459	0.00000000506953	30	30
0.11569	0.00000000399554	30	30
0.11357	0.00000000364579	30	30
0.11347	0.00000000367159	30	30
0.11352	0.00000000358053	30	30
0.11353	0.00000000367144	30	30
0.11380	0.00000000367372	30	30
0.11352	0.00000000364247	30	30
0.11392	0.00000000365917	30	30
0.11309	0.00000000363053	30	30
0.11358	0.00000000363781	30	30
0.11315	0.00000000363826	30	30
0.11381	0.00000000366288	30	30
0.11359	0.00000000362862	30	30
0.11335	0.00000000363848	30	30
0.11354	0.00000000363226	30	30
0.14129	0.00000000634697	30	30
0.11356	0.00000000365450	30	30
0.11355	0.00000000366407	30	30
0.11360	0.00000000361262	30	30
0.11393	0.00000000367352	30	30
0.11336	0.00000000366260	30	30
0.11368	0.00000000363214	30	30
0.11357	0.00000000366402	30	30
0.11339	0.00000000364122	30	30
0.11364	0.00000000364419	30	30
0.11315	0.00000000363671	30	30
0.11377	0.00000000365798	30	30
0.11359	0.00000000363034	30	30
0.11340	0.00000000364440	30	30
0.11434	0.00000000496564	30	30
0.11360	0.00000000371838	30	30
0.11357	0.00000000370686	30	30
0.11346	0.00000000362832	30	30
0.11384	0.00000000378739	30	30
0.11326	0.00000000359988	30	30
0.11362	0.00000000371155	30	30
0.11364	0.00000000367463	30	30
0.11335	0.00000000369080	30	30
0.11368	0.00000000368698	30	30
0.11343	0.00000000368226	30	30
0.11345	0.00000000368221	30	30
0.11361	0.00000000367901	30	30
0.11320	0.00000000368027	30	30
0.11335	0.00000000366623	30	30
0.11362	0.00000000366983	30	30
0.11352	0.00000000358198	30	30
0.11375	0.00000000375534	30	30
0.11362	0.00000000356095	30	30
0.11328	0.00000000373161	30	30
0.11365	0.00000000357097	30	30
0.11363	0.00000000372556	30	30
0.11335	0.00000000356636	30	30
0.11357	0.00000000365665	30	30
0.11352	0.00000000362942	30	30
0.11345	0.00000000364452	30	30
0.11361	0.00000000363194	30	30
0.11450	0.00000000509472	30	30
0.11341	0.00000000358470	30	30
0.11351	0.00000000367310	30	30
0.11392	0.00000000368131	30	30
0.11339	0.00000000364510	30	30
0.11363	0.00000000365980	30	30
0.11353	0.00000000364159	30	30
0.11332	0.00000000364975	30	30
0.11360	0.00000000364725	30	30
0.11314	0.00000000362603	30	30
0.11388	0.00000000365814	30	30
0.11356	0.00000000363410	30	30
0.11338	0.00000000362932	30	30
0.11357	0.00000000364437	30	30
0.14160	0.00000000640982	30	30
0.11354	0.00000000366377	30	30
0.11348	0.00000000367224	30	30
0.11349	0.00000000359789	30	30
0.11390	0.00000000367197	30	30
0.11340	0.00000000364209	30	30
0.11362	0.00000000365129	30	30
0.11347	0.00000000366184	30	30
0.11343	0.00000000362973	30	30
0.11363	0.00000000364785	30	30
0.11309	0.00000000364061	30	30
0.11385	0.00000000369043	30	30
0.11364	0.00000000366848	30	30
0.11331	0.00000000369037	30	30
0.11341	0.00000000358160	30	30
0.11358	0.00000000366982	30	30
0.11357	0.00000000368001	30	30
0.11342	0.00000000359042	30	30
0.11389	0.00000000365790	30	30
0.11331	0.00000000365533	30	30
0.11361	0.00000000365424	30	30
0.11350	0.00000000364263	30	30
0.11346	0.00000000364496	30	30
0.11362	0.00000000366357	30	30
0.11364	0.00000000362457	30	30
0.11332	0.00000000364938	30	30
0.11357	0.00000000362209	30	30
0.11337	0.00000000364492	30	30
0.11344	0.00000000358583	30	30
0.11357	0.00000000367995	30	30
0.11352	0.00000000367871	30	30
0.11376	0.00000000359577	30	30
0.11359	0.00000000373190	30	30
0.11332	0.00000000355923	30	30
0.11358	0.00000000374882	30	30
0.11363	0.00000000355974	30	30
0.11342	0.00000000365381	30	30
0.11356	0.00000000364050	30	30
0.11360	0.00000000364405	30	30
0.11341	0.00000000364750	30	30
0.11359	0.00000000363387	30	30
0.11368	0.00000000358217	30	30
0.11329	0.00000000366406	30	30
0.11359	0.00000000368328	30	30
0.11349	0.00000000358053	30	30
0.11379	0.00000000375741	30	30
0.11360	0.00000000356523	30	30
0.11337	0.00000000372438	30	30
0.11366	0.00000000356585	30	30
0.11323	0.00000000365476	30	30
0.11366	0.00000000364864	30	30
0.11361	0.00000000364283	30	30
0.11330	0.00000000363162	30	30
0.11367	0.00000000363962	30	30
0.14189	0.00000000651216	30	30
0.11353	0.00000000358806	30	30
0.11351	0.00000000367848	30	30
0.11347	0.00000000368637	30	30
0.11393	0.00000000366798	30	30
0.11312	0.00000000364674	30	30
0.11386	0.00000000356951	30	30
0.11363	0.00000000374418	30	30
0.11335	0.00000000363445	30	30
0.11359	0.00000000363776	30	30
0.11321	0.00000000365096	30	30
0.11367	0.00000000365065	30	30
0.11356	0.00000000354115	30	30
0.11341	0.00000000373472	30	30
0.11397	0.00000000491543	30	30
0.11350	0.00000000369590	30	30
0.11357	0.00000000365798	30	30
0.11368	0.00000000358552	30	30
0.11364	0.00000000366684	30	30
0.11335	0.00000000364683	30	30
0.11360	0.00000000366318	30	30
0.11354	0.00000000364180	30	30
0.11342	0.00000000365639	30	30
0.11365	0.00000000364345	30	30
0.11348	0.00000000364198	30	30
0.11351	0.00000000365074	30	30
0.11347	0.00000000362952	30	30
0.11338	0.00000000366246	30	30
0.14166	0.00000000633678	30	30
0.11340	0.00000000371138	30	30
0.11359	0.00000000372000	30	30
0.11351	0.00000000371281	30	30
0.11374	0.00000000371523	30	30
0.11359	0.00000000369302	30	30
0.11364	0.00000000368933	30	30
0.11416	0.00000000366572	30	30
0.11394	0.00000000378065	30	30
0.11341	0.00000000361240	30	30
0.11357	0.00000000377820	30	30
0.11348	0.00000000366611	30	30
0.11425	0.00000000370182	30	30
0.11409	0.00000000364755	30	30
0.13986	0.00000000661048	30	30
0.11462	0.00000000372696	30	30
0.11456	0.00000000373085	30	30
0.11430	0.00000000377184	30	30
0.11441	0.00000000373332	30	30
0.11400	0.00000000373030	30	30
0.11360	0.00000000368574	30	30
0.11339	0.00000000368822	30	30
0.11358	0.00000000369206	30	30
0.11363	0.00000000360753	30	30
0.11397	0.00000000372161	30	30
0.11440	0.00000000374054	30	30
0.11346	0.00000000367962	30	30
0.11351	0.00000000369463	30	30
0.11338	0.00000000368145	30	30
0.11358	0.00000000359161	30	30
0.11358	0.00000000366725	30	30
0.11368	0.00000000367772	30	30
0.11377	0.00000000366604	30	30
0.11347	0.00000000364815	30	30
0.11347	0.00000000365641	30	30
0.11349	0.00000000364380	30	30
0.11343	0.00000000364804	30	30
0.11362	0.00000000364964	30	30
0.11374	0.00000000363457	30	30
0.11321	0.00000000363142	30	30
0.11354	0.00000000364774	30	30
0.11317	0.00000000363257	30	30
0.11341	0.00000000367789	30	30
0.11359	0.00000000365176	30	30
0.11359	0.00000000368163	30	30
0.11368	0.00000000359433	30	30
0.11363	0.00000000365702	30	30
0.11320	0.00000000363664	30	30
0.11374	0.00000000366407	30	30
0.11352	0.00000000364648	30	30
0.11343	0.00000000365279	30	30
0.11367	0.00000000364570	30	30
0.11344	0.00000000364100	30	30
0.11339	0.00000000363882	30	30
0.11365	0.00000000364385	30	30
=============================================================================

============================ Tabulate Statistics ============================
PWR_PKG_ENERGY	INST_RETIRED	TOR_OCCUPANCY	RR_OCCUPANCY	TIPI	L3_MISS	L2_MISS	TIME	
12364.750183	3181901327372	182633009213	182634831792	0.114795	2209088034	3165259850	84190.480543	
=============================================================================

============================ TIPI SLAB Statistics ============================

==============================================================================
===== Test PASSED in 0.0 msec =====
