
-----
mkdir timedrun fake

MiniFE Mini-App, OpenMP Peer Implementation
Creating OpenMP Thread Pool...
Counted: 20 threads.
Running MiniFE Mini-App...
      creating/filling mesh...0.837449s, total time: 0.837449
generating matrix structure...29.9416s, total time: 30.779
         assembling FE data...10.7983s, total time: 41.5773
      imposing Dirichlet BC...11.8947s, total time: 53.472
      imposing Dirichlet BC...4.25587s, total time: 57.7279
making matrix indices local...0s, total time: 57.7279
Starting CG solver ... 
Initial Residual = 513
Iteration = 20   Residual = 0.0748219
Iteration = 40   Residual = 0.0356161
Iteration = 60   Residual = 0.0852717
Iteration = 80   Residual = 0.0169266
Iteration = 100   Residual = 0.0667704
Iteration = 120   Residual = 0.0106177
Iteration = 140   Residual = 0.0089821
Iteration = 160   Residual = 0.00739304
Iteration = 180   Residual = 0.00632555
Iteration = 200   Residual = 0.00539689
Final Resid Norm: 0.00539689

============================ Unprocessed Statistics ============================
TIPI	JPI	Uncore1	Uncore2
0.11337	0.00000000411542	30	30
0.11354	0.00000000408309	30	30
0.11346	0.00000000407282	30	30
0.11342	0.00000000408309	30	30
0.11373	0.00000000418434	30	30
0.11326	0.00000000409555	30	30
0.11358	0.00000000407975	30	30
0.11328	0.00000000408363	30	30
0.11400	0.00000000407284	30	30
0.11337	0.00000000406672	30	30
0.11321	0.00000000413049	30	30
0.11388	0.00000000407175	30	30
0.11351	0.00000000402120	30	30
0.13855	0.00000000744659	30	30
0.11368	0.00000000412957	30	30
0.11326	0.00000000409675	30	30
0.11356	0.00000000407835	30	30
0.11372	0.00000000416813	30	30
0.11317	0.00000000407386	30	30
0.11351	0.00000000411494	30	30
0.11353	0.00000000406538	30	30
0.11349	0.00000000407228	30	30
0.11380	0.00000000407629	30	30
0.11344	0.00000000406851	30	30
0.11342	0.00000000413158	30	30
0.11327	0.00000000403505	30	30
0.11358	0.00000000410879	30	30
0.11353	0.00000000410546	30	30
0.11339	0.00000000407605	30	30
0.11358	0.00000000410090	30	30
0.11386	0.00000000409191	30	30
0.11320	0.00000000416870	30	30
0.11336	0.00000000409202	30	30
0.11359	0.00000000409057	30	30
0.11378	0.00000000407321	30	30
0.11323	0.00000000406996	30	30
0.11414	0.00000000369138	30	30
0.11326	0.00000000368448	30	30
0.11344	0.00000000367807	30	30
0.11365	0.00000000366285	30	30
0.11352	0.00000000362902	30	30
0.11337	0.00000000373301	30	30
0.11347	0.00000000364800	30	30
0.11388	0.00000000365292	30	30
0.11305	0.00000000372456	30	30
0.11367	0.00000000363433	30	30
0.11369	0.00000000364720	30	30
0.11320	0.00000000370031	30	30
0.11380	0.00000000363538	30	30
0.11364	0.00000000368830	30	30
0.11313	0.00000000356938	30	30
0.11382	0.00000000386597	30	30
0.11354	0.00000000366960	30	30
0.11353	0.00000000373677	30	30
0.11334	0.00000000362755	30	30
0.11364	0.00000000365820	30	30
0.11338	0.00000000373199	30	30
0.11344	0.00000000365412	30	30
0.11359	0.00000000363453	30	30
0.11350	0.00000000362750	30	30
0.11371	0.00000000371768	30	30
0.11363	0.00000000364394	30	30
0.11349	0.00000000367508	30	30
0.11337	0.00000000358573	30	30
0.11354	0.00000000367801	30	30
0.11352	0.00000000366170	30	30
0.11353	0.00000000363464	30	30
0.11333	0.00000000374088	30	30
0.11357	0.00000000364929	30	30
0.11391	0.00000000372646	30	30
0.11299	0.00000000362322	30	30
0.11359	0.00000000362244	30	30
0.11350	0.00000000372317	30	30
0.11349	0.00000000363686	30	30
0.11392	0.00000000362337	30	30
0.11345	0.00000000368071	30	30
0.11307	0.00000000358412	30	30
0.11361	0.00000000368647	30	30
0.11347	0.00000000372450	30	30
0.11336	0.00000000363267	30	30
0.11354	0.00000000365687	30	30
0.11349	0.00000000374170	30	30
0.11341	0.00000000364630	30	30
0.11365	0.00000000364210	30	30
0.11346	0.00000000363280	30	30
0.11368	0.00000000372265	30	30
0.11360	0.00000000370438	30	30
0.11350	0.00000000361890	30	30
0.11328	0.00000000357500	30	30
0.11357	0.00000000374842	30	30
0.11348	0.00000000365921	30	30
0.11348	0.00000000362502	30	30
0.11373	0.00000000373915	30	30
0.11328	0.00000000364491	30	30
0.11380	0.00000000372712	30	30
0.11321	0.00000000364386	30	30
0.11347	0.00000000361967	30	30
0.11356	0.00000000363133	30	30
0.11364	0.00000000372633	30	30
0.11365	0.00000000361262	30	30
0.11354	0.00000000369524	30	30
0.11329	0.00000000358281	30	30
0.11554	0.00000000392752	30	30
0.11345	0.00000000374332	30	30
0.11348	0.00000000364685	30	30
0.11351	0.00000000364641	30	30
0.11359	0.00000000365410	30	30
0.11380	0.00000000372365	30	30
0.11311	0.00000000364389	30	30
0.11357	0.00000000371436	30	30
0.11355	0.00000000363432	30	30
0.11361	0.00000000363457	30	30
0.11359	0.00000000372321	30	30
0.11370	0.00000000359683	30	30
0.11328	0.00000000367479	30	30
0.11352	0.00000000366593	30	30
0.11335	0.00000000365241	30	30
0.11359	0.00000000363635	30	30
0.11354	0.00000000373785	30	30
0.11362	0.00000000364596	30	30
0.11337	0.00000000365497	30	30
0.11339	0.00000000371836	30	30
0.11355	0.00000000362532	30	30
0.11337	0.00000000363638	30	30
0.11383	0.00000000372881	30	30
0.11358	0.00000000359759	30	30
0.11335	0.00000000369766	30	30
0.11361	0.00000000359480	30	30
0.11350	0.00000000366708	30	30
0.11338	0.00000000366128	30	30
0.11357	0.00000000363075	30	30
0.11348	0.00000000365602	30	30
0.11334	0.00000000373758	30	30
0.11365	0.00000000366237	30	30
0.11353	0.00000000362174	30	30
0.11346	0.00000000371350	30	30
0.11383	0.00000000364724	30	30
0.11341	0.00000000370332	30	30
0.11319	0.00000000359802	30	30
0.11386	0.00000000369398	30	30
0.13827	0.00000000656192	30	30
0.11358	0.00000000367411	30	30
0.11337	0.00000000366815	30	30
0.11353	0.00000000372220	30	30
0.11350	0.00000000364577	30	30
0.11345	0.00000000364548	30	30
0.11389	0.00000000375137	30	30
0.11308	0.00000000363055	30	30
0.11350	0.00000000362374	30	30
0.11386	0.00000000372474	30	30
0.11356	0.00000000363770	30	30
0.11317	0.00000000369335	30	30
0.11378	0.00000000362266	30	30
0.11342	0.00000000366032	30	30
0.13969	0.00000000680135	30	30
0.11362	0.00000000367210	30	30
0.11340	0.00000000365011	30	30
0.11345	0.00000000371608	30	30
0.11357	0.00000000364695	30	30
0.11337	0.00000000366105	30	30
0.11356	0.00000000374065	30	30
0.11348	0.00000000362932	30	30
0.11351	0.00000000364450	30	30
0.11394	0.00000000371890	30	30
0.11347	0.00000000362421	30	30
0.11300	0.00000000369174	30	30
0.11395	0.00000000360880	30	30
0.11349	0.00000000366435	30	30
0.11342	0.00000000367614	30	30
0.11357	0.00000000372916	30	30
0.11346	0.00000000364386	30	30
0.11375	0.00000000364919	30	30
0.11321	0.00000000372874	30	30
0.11349	0.00000000364319	30	30
0.11343	0.00000000371097	30	30
0.11365	0.00000000364759	30	30
0.11375	0.00000000363094	30	30
0.11318	0.00000000368773	30	30
0.11371	0.00000000362234	30	30
0.11338	0.00000000368211	30	30
0.11337	0.00000000367093	30	30
0.11357	0.00000000374057	30	30
0.11379	0.00000000363757	30	30
0.11327	0.00000000372521	30	30
0.11341	0.00000000366751	30	30
0.11349	0.00000000363678	30	30
0.11357	0.00000000373114	30	30
0.11332	0.00000000363385	30	30
0.11396	0.00000000364169	30	30
0.11354	0.00000000370791	30	30
0.11327	0.00000000360959	30	30
0.11359	0.00000000366429	30	30
0.11348	0.00000000366721	30	30
0.11345	0.00000000366878	30	30
0.11356	0.00000000364621	30	30
0.11356	0.00000000372865	30	30
0.11338	0.00000000365968	30	30
0.11360	0.00000000365263	30	30
0.11342	0.00000000372141	30	30
0.11335	0.00000000363090	30	30
0.11393	0.00000000364341	30	30
0.11353	0.00000000370855	30	30
0.11330	0.00000000369084	30	30
0.11362	0.00000000361601	30	30
0.11338	0.00000000358889	30	30
0.11337	0.00000000377415	30	30
0.11364	0.00000000365061	30	30
0.11348	0.00000000363044	30	30
0.11338	0.00000000374392	30	30
0.11385	0.00000000364850	30	30
0.11322	0.00000000364769	30	30
0.11347	0.00000000371479	30	30
0.11350	0.00000000365046	30	30
0.11391	0.00000000371964	30	30
0.11351	0.00000000361651	30	30
0.11347	0.00000000370298	30	30
0.11342	0.00000000359121	30	30
0.11347	0.00000000369939	30	30
0.11363	0.00000000366415	30	30
0.11345	0.00000000363502	30	30
0.11345	0.00000000373612	30	30
0.11352	0.00000000364957	30	30
0.11352	0.00000000365983	30	30
0.11337	0.00000000371652	30	30
0.11361	0.00000000364059	30	30
0.11382	0.00000000363309	30	30
0.11356	0.00000000372440	30	30
0.11338	0.00000000370268	30	30
0.11356	0.00000000360475	30	30
0.11354	0.00000000367574	30	30
0.11340	0.00000000367365	30	30
0.11352	0.00000000376426	30	30
0.11357	0.00000000364102	30	30
0.11358	0.00000000373013	30	30
0.11336	0.00000000365329	30	30
0.11388	0.00000000365113	30	30
0.11327	0.00000000373023	30	30
0.11331	0.00000000363192	30	30
0.11355	0.00000000365391	30	30
0.11390	0.00000000371419	30	30
0.11329	0.00000000363115	30	30
0.11368	0.00000000368823	30	30
0.11354	0.00000000359957	30	30
0.13996	0.00000000665891	30	30
0.11359	0.00000000367784	30	30
0.11350	0.00000000374749	30	30
0.11348	0.00000000364463	30	30
0.11362	0.00000000373431	30	30
0.11336	0.00000000364970	30	30
0.11383	0.00000000364894	30	30
0.11305	0.00000000372956	30	30
0.11357	0.00000000363077	30	30
0.11374	0.00000000371616	30	30
0.11336	0.00000000363921	30	30
0.11371	0.00000000369567	30	30
0.11358	0.00000000361265	30	30
0.11273	0.00000000359178	30	30
0.11348	0.00000000367678	30	30
0.11353	0.00000000375067	30	30
0.11361	0.00000000363718	30	30
0.11336	0.00000000364786	30	30
0.11352	0.00000000373955	30	30
0.11386	0.00000000364661	30	30
0.11300	0.00000000373353	30	30
0.11359	0.00000000363509	30	30
0.11343	0.00000000363549	30	30
0.11355	0.00000000364417	30	30
0.11388	0.00000000373237	30	30
0.11341	0.00000000367908	30	30
0.11319	0.00000000360102	30	30
0.11256	0.00000000373680	30	30
0.11359	0.00000000366306	30	30
0.11350	0.00000000366247	30	30
0.11343	0.00000000373114	30	30
0.11384	0.00000000364689	30	30
0.11313	0.00000000363849	30	30
0.11335	0.00000000374783	30	30
0.11372	0.00000000364772	30	30
0.11345	0.00000000363048	30	30
0.11346	0.00000000372433	30	30
0.11384	0.00000000364487	30	30
0.11358	0.00000000369260	30	30
0.11310	0.00000000360158	30	30
0.11248	0.00000000367264	30	30
0.11397	0.00000000371450	30	30
0.11404	0.00000000379314	30	30
0.11405	0.00000000368574	30	30
0.11465	0.00000000368954	30	30
0.11409	0.00000000379069	30	30
0.11459	0.00000000369723	30	30
0.11424	0.00000000369288	30	30
0.11449	0.00000000378081	30	30
0.11438	0.00000000370004	30	30
0.11403	0.00000000366279	30	30
0.11368	0.00000000374160	30	30
0.11353	0.00000000358509	30	30
0.11342	0.00000000369285	30	30
0.13898	0.00000000661057	30	30
0.11357	0.00000000376017	30	30
0.11342	0.00000000367081	30	30
0.11359	0.00000000364636	30	30
0.11353	0.00000000374115	30	30
0.11374	0.00000000363662	30	30
0.11352	0.00000000374816	30	30
0.11324	0.00000000363910	30	30
0.11352	0.00000000363551	30	30
0.11363	0.00000000372122	30	30
0.11371	0.00000000363173	30	30
0.11360	0.00000000370668	30	30
0.11337	0.00000000361661	30	30
0.11343	0.00000000368622	30	30
0.11362	0.00000000366879	30	30
0.11339	0.00000000374326	30	30
0.11378	0.00000000363961	30	30
0.11333	0.00000000364773	30	30
0.11355	0.00000000373592	30	30
0.11326	0.00000000364759	30	30
0.11356	0.00000000371940	30	30
0.11332	0.00000000365282	30	30
0.11393	0.00000000364889	30	30
0.11356	0.00000000370409	30	30
0.11329	0.00000000361481	30	30
0.11368	0.00000000370546	30	30
0.11355	0.00000000369012	30	30
0.11338	0.00000000365640	30	30
0.11364	0.00000000374246	30	30
0.11343	0.00000000365513	30	30
0.11337	0.00000000374417	30	30
0.11365	0.00000000367073	30	30
0.11343	0.00000000364269	30	30
0.11345	0.00000000371317	30	30
0.11389	0.00000000364370	30	30
0.11346	0.00000000363200	30	30
0.11325	0.00000000369820	30	30
0.11370	0.00000000362476	30	30
0.11346	0.00000000367999	30	30
0.11364	0.00000000375992	30	30
0.11327	0.00000000366669	30	30
0.11367	0.00000000365011	30	30
0.11345	0.00000000373494	30	30
0.11351	0.00000000365799	30	30
0.11387	0.00000000374603	30	30
0.11316	0.00000000364146	30	30
0.11353	0.00000000363036	30	30
0.11333	0.00000000365547	30	30
0.11388	0.00000000372526	30	30
0.11359	0.00000000372167	30	30
0.11338	0.00000000361590	30	30
0.11359	0.00000000367879	30	30
0.13988	0.00000000669735	30	30
0.11343	0.00000000375289	30	30
0.11353	0.00000000368184	30	30
0.11351	0.00000000363834	30	30
0.11354	0.00000000365604	30	30
0.11361	0.00000000375548	30	30
0.11333	0.00000000364921	30	30
0.11376	0.00000000364502	30	30
0.11306	0.00000000371453	30	30
0.11394	0.00000000364142	30	30
0.11353	0.00000000372098	30	30
0.11340	0.00000000362466	30	30
0.11367	0.00000000368575	30	30
0.11300	0.00000000359731	30	30
0.11353	0.00000000366663	30	30
0.11346	0.00000000368694	30	30
0.11355	0.00000000373509	30	30
0.11366	0.00000000363008	30	30
0.11321	0.00000000367286	30	30
0.11396	0.00000000374742	30	30
0.11318	0.00000000363307	30	30
0.11331	0.00000000373335	30	30
0.11358	0.00000000366437	30	30
0.11394	0.00000000364523	30	30
0.11306	0.00000000371231	30	30
0.11382	0.00000000362732	30	30
0.11361	0.00000000367882	30	30
0.14071	0.00000000673735	30	30
0.11328	0.00000000368338	30	30
0.11360	0.00000000367122	30	30
0.11348	0.00000000363411	30	30
0.11368	0.00000000374808	30	30
0.11346	0.00000000365804	30	30
0.11331	0.00000000372732	30	30
0.11338	0.00000000365369	30	30
0.11364	0.00000000365189	30	30
0.11376	0.00000000372666	30	30
0.11318	0.00000000363223	30	30
0.11384	0.00000000371224	30	30
0.11343	0.00000000360510	30	30
0.11241	0.00000000359664	30	30
0.11346	0.00000000367358	30	30
0.11359	0.00000000376511	30	30
0.11352	0.00000000365178	30	30
0.11346	0.00000000364822	30	30
0.11354	0.00000000367683	30	30
0.11379	0.00000000373806	30	30
0.11324	0.00000000364097	30	30
0.11337	0.00000000364226	30	30
0.11386	0.00000000372911	30	30
0.11359	0.00000000371750	30	30
0.11340	0.00000000363268	30	30
0.11344	0.00000000369878	30	30
0.11363	0.00000000359463	30	30
0.11357	0.00000000366955	30	30
0.11377	0.00000000367816	30	30
0.11335	0.00000000373064	30	30
0.11363	0.00000000366673	30	30
0.11341	0.00000000374167	30	30
0.11356	0.00000000365401	30	30
0.11339	0.00000000364780	30	30
0.11350	0.00000000372841	30	30
0.11393	0.00000000364145	30	30
0.11336	0.00000000372221	30	30
0.11346	0.00000000360539	30	30
0.11367	0.00000000370355	30	30
0.11336	0.00000000377043	30	30
0.11358	0.00000000366896	30	30
0.11349	0.00000000364666	30	30
0.11338	0.00000000373801	30	30
0.11363	0.00000000367209	30	30
0.11397	0.00000000373930	30	30
0.11304	0.00000000364138	30	30
0.11355	0.00000000364082	30	30
0.11384	0.00000000372622	30	30
0.11321	0.00000000363267	30	30
0.11372	0.00000000372751	30	30
0.11360	0.00000000361268	30	30
0.11326	0.00000000368252	30	30
0.11381	0.00000000379508	30	30
0.11354	0.00000000376283	30	30
0.11351	0.00000000365844	30	30
0.11340	0.00000000363893	30	30
0.11372	0.00000000367516	30	30
0.11334	0.00000000374610	30	30
0.11349	0.00000000365822	30	30
0.11346	0.00000000373220	30	30
0.11345	0.00000000365496	30	30
0.11394	0.00000000364109	30	30
0.11338	0.00000000372994	30	30
0.11356	0.00000000361639	30	30
0.11386	0.00000000368066	30	30
0.11337	0.00000000369100	30	30
0.11357	0.00000000374599	30	30
0.11352	0.00000000363871	30	30
0.11329	0.00000000365449	30	30
0.11363	0.00000000366605	30	30
0.11384	0.00000000375554	30	30
0.11304	0.00000000363781	30	30
0.11364	0.00000000373258	30	30
0.11357	0.00000000365477	30	30
0.11342	0.00000000364365	30	30
0.11381	0.00000000373797	30	30
0.11358	0.00000000360805	30	30
0.11313	0.00000000367716	30	30
0.11455	0.00000000383588	30	30
0.14017	0.00000000672481	30	30
0.11357	0.00000000369102	30	30
0.11354	0.00000000366027	30	30
0.11340	0.00000000365167	30	30
0.11380	0.00000000375231	30	30
0.11357	0.00000000364225	30	30
0.11305	0.00000000375007	30	30
0.11367	0.00000000365322	30	30
0.11352	0.00000000364109	30	30
0.11344	0.00000000372498	30	30
0.11378	0.00000000365015	30	30
0.11340	0.00000000370021	30	30
0.11342	0.00000000360893	30	30
0.14038	0.00000000667298	30	30
0.11360	0.00000000368926	30	30
0.11350	0.00000000375194	30	30
0.11338	0.00000000365731	30	30
0.11402	0.00000000375832	30	30
0.11360	0.00000000364272	30	30
0.11337	0.00000000365153	30	30
0.11333	0.00000000373635	30	30
0.11346	0.00000000363367	30	30
0.11387	0.00000000363651	30	30
0.11337	0.00000000375115	30	30
0.11363	0.00000000361096	30	30
0.11356	0.00000000370109	30	30
0.11337	0.00000000369142	30	30
0.11347	0.00000000367811	30	30
0.11391	0.00000000373197	30	30
0.11311	0.00000000363956	30	30
0.11342	0.00000000366254	30	30
0.11347	0.00000000375485	30	30
0.11354	0.00000000366863	30	30
0.11348	0.00000000364295	30	30
0.11359	0.00000000371560	30	30
0.11365	0.00000000365620	30	30
0.11357	0.00000000372470	30	30
0.11345	0.00000000360444	30	30
0.11351	0.00000000370037	30	30
0.11351	0.00000000368422	30	30
0.11342	0.00000000366400	30	30
0.11352	0.00000000373900	30	30
0.11364	0.00000000365013	30	30
0.11347	0.00000000365178	30	30
0.11335	0.00000000375890	30	30
0.11342	0.00000000365288	30	30
0.11372	0.00000000363447	30	30
0.11322	0.00000000366381	30	30
0.11385	0.00000000372819	30	30
0.11366	0.00000000370946	30	30
0.11338	0.00000000361488	30	30
0.11347	0.00000000368776	30	30
0.13615	0.00000000651446	30	30
0.11349	0.00000000367772	30	30
0.11343	0.00000000373864	30	30
0.11381	0.00000000364558	30	30
0.11320	0.00000000366639	30	30
0.11372	0.00000000376106	30	30
0.11329	0.00000000365332	30	30
0.11347	0.00000000363649	30	30
0.11348	0.00000000373273	30	30
0.11385	0.00000000365025	30	30
0.11350	0.00000000372242	30	30
0.11313	0.00000000360688	30	30
0.11387	0.00000000370585	30	30
0.11346	0.00000000367861	30	30
0.11340	0.00000000377578	30	30
0.11359	0.00000000365450	30	30
0.11354	0.00000000364734	30	30
0.11355	0.00000000374212	30	30
0.11363	0.00000000366327	30	30
0.11331	0.00000000365057	30	30
0.11340	0.00000000372794	30	30
0.11379	0.00000000364884	30	30
0.11354	0.00000000372130	30	30
0.11352	0.00000000362788	30	30
0.11349	0.00000000371397	30	30
0.11331	0.00000000359353	30	30
0.11360	0.00000000367098	30	30
0.11338	0.00000000374718	30	30
0.11352	0.00000000365004	30	30
0.11358	0.00000000366934	30	30
0.11383	0.00000000375953	30	30
0.11322	0.00000000364711	30	30
0.11355	0.00000000365694	30	30
0.11360	0.00000000373570	30	30
0.11374	0.00000000362429	30	30
0.11348	0.00000000373387	30	30
0.11336	0.00000000362394	30	30
0.11351	0.00000000368229	30	30
0.11349	0.00000000376674	30	30
0.11347	0.00000000369256	30	30
0.11360	0.00000000364533	30	30
0.11352	0.00000000373634	30	30
0.11329	0.00000000366388	30	30
0.11360	0.00000000367316	30	30
0.11347	0.00000000364502	30	30
0.11343	0.00000000374145	30	30
0.11398	0.00000000365342	30	30
0.11336	0.00000000372251	30	30
0.11320	0.00000000362205	30	30
0.11375	0.00000000371039	30	30
0.11350	0.00000000360699	30	30
0.11333	0.00000000367907	30	30
0.11375	0.00000000366012	30	30
0.11371	0.00000000372959	30	30
0.11310	0.00000000366151	30	30
0.11386	0.00000000375956	30	30
0.11319	0.00000000364637	30	30
0.11353	0.00000000364018	30	30
0.11341	0.00000000374506	30	30
0.11389	0.00000000365499	30	30
0.11346	0.00000000372055	30	30
0.11341	0.00000000361999	30	30
0.11360	0.00000000368584	30	30
0.11343	0.00000000366991	30	30
0.11360	0.00000000377817	30	30
0.11350	0.00000000365924	30	30
0.11352	0.00000000365116	30	30
0.11337	0.00000000366702	30	30
0.11354	0.00000000374430	30	30
0.11359	0.00000000365536	30	30
0.11324	0.00000000374285	30	30
0.11388	0.00000000364904	30	30
0.11359	0.00000000371987	30	30
0.11335	0.00000000362830	30	30
0.11360	0.00000000370162	30	30
0.11315	0.00000000361628	30	30
0.11582	0.00000000516952	30	30
0.11506	0.00000000397100	30	30
0.11346	0.00000000366998	30	30
0.11350	0.00000000368379	30	30
0.11346	0.00000000374101	30	30
0.11383	0.00000000365295	30	30
0.11310	0.00000000365844	30	30
0.11390	0.00000000375588	30	30
0.11329	0.00000000364619	30	30
0.11328	0.00000000364627	30	30
0.11369	0.00000000374098	30	30
0.11375	0.00000000364953	30	30
0.11345	0.00000000374324	30	30
0.11358	0.00000000361388	30	30
0.11348	0.00000000368280	30	30
0.14072	0.00000000689195	30	30
0.11354	0.00000000368714	30	30
0.11353	0.00000000375021	30	30
0.11354	0.00000000364780	30	30
0.11364	0.00000000366569	30	30
0.11330	0.00000000365858	30	30
0.11355	0.00000000375424	30	30
0.11349	0.00000000366846	30	30
0.11360	0.00000000373463	30	30
0.11380	0.00000000364957	30	30
0.11340	0.00000000364369	30	30
0.11364	0.00000000370795	30	30
0.11343	0.00000000361496	30	30
0.11242	0.00000000367993	30	30
0.11335	0.00000000376694	30	30
0.11353	0.00000000368961	30	30
0.11348	0.00000000366131	30	30
0.11338	0.00000000365413	30	30
0.11357	0.00000000376176	30	30
0.11382	0.00000000366537	30	30
0.11308	0.00000000364250	30	30
0.11362	0.00000000373451	30	30
0.11383	0.00000000364749	30	30
0.11320	0.00000000373103	30	30
0.11376	0.00000000365711	30	30
0.11344	0.00000000369309	30	30
0.11338	0.00000000360025	30	30
0.11264	0.00000000385744	30	30
0.13989	0.00000000668550	30	30
0.11356	0.00000000368891	30	30
0.11353	0.00000000376449	30	30
0.11337	0.00000000365198	30	30
0.11393	0.00000000366837	30	30
0.11318	0.00000000374795	30	30
0.11340	0.00000000366242	30	30
0.11357	0.00000000366069	30	30
0.11378	0.00000000374860	30	30
0.11383	0.00000000364650	30	30
0.11336	0.00000000373167	30	30
0.11424	0.00000000365516	30	30
0.11399	0.00000000372642	30	30
0.11436	0.00000000371687	30	30
0.11456	0.00000000372910	30	30
0.11417	0.00000000379784	30	30
0.11398	0.00000000368460	30	30
0.11346	0.00000000366404	30	30
0.11349	0.00000000375285	30	30
0.11485	0.00000000372281	30	30
0.11443	0.00000000370009	30	30
0.11355	0.00000000373344	30	30
0.11380	0.00000000365454	30	30
0.11356	0.00000000372882	30	30
0.11334	0.00000000361527	30	30
0.11363	0.00000000361634	30	30
0.11348	0.00000000368256	30	30
0.11351	0.00000000377064	30	30
0.11359	0.00000000366224	30	30
0.11335	0.00000000366389	30	30
0.11362	0.00000000375568	30	30
0.11352	0.00000000367133	30	30
0.11344	0.00000000364273	30	30
0.11357	0.00000000365862	30	30
0.11371	0.00000000373670	30	30
0.11348	0.00000000372230	30	30
0.11370	0.00000000363124	30	30
0.11333	0.00000000362225	30	30
0.11324	0.00000000369324	30	30
0.11486	0.00000000499832	30	30
0.11540	0.00000000399676	30	30
0.11342	0.00000000367850	30	30
0.11351	0.00000000376361	30	30
0.11347	0.00000000366529	30	30
0.11354	0.00000000364670	30	30
0.11346	0.00000000367322	30	30
0.11364	0.00000000376760	30	30
0.11328	0.00000000365235	30	30
0.11373	0.00000000374180	30	30
0.11337	0.00000000365368	30	30
0.11393	0.00000000365637	30	30
0.11354	0.00000000373220	30	30
0.11337	0.00000000370521	30	30
0.11354	0.00000000360590	30	30
0.11346	0.00000000367661	30	30
0.11359	0.00000000368714	30	30
0.11349	0.00000000373034	30	30
0.11385	0.00000000365426	30	30
0.11304	0.00000000366328	30	30
0.11352	0.00000000376026	30	30
0.11359	0.00000000364923	30	30
0.11327	0.00000000373965	30	30
0.11396	0.00000000366303	30	30
0.11345	0.00000000364526	30	30
0.11341	0.00000000371850	30	30
0.11366	0.00000000361208	30	30
0.11264	0.00000000368039	30	30
0.11357	0.00000000376933	30	30
0.11336	0.00000000368202	30	30
0.11356	0.00000000366068	30	30
0.11370	0.00000000374688	30	30
0.11317	0.00000000367446	30	30
0.11393	0.00000000366400	30	30
0.11320	0.00000000373530	30	30
0.11341	0.00000000364947	30	30
0.11382	0.00000000366416	30	30
0.11353	0.00000000372229	30	30
0.11332	0.00000000363689	30	30
0.11371	0.00000000371558	30	30
0.11349	0.00000000360982	30	30
0.11216	0.00000000383611	30	30
0.11339	0.00000000369634	30	30
0.11357	0.00000000377000	30	30
0.11350	0.00000000364661	30	30
0.11339	0.00000000366203	30	30
0.11358	0.00000000367202	30	30
0.11348	0.00000000376315	30	30
0.11349	0.00000000364466	30	30
0.11351	0.00000000367127	30	30
0.11372	0.00000000373034	30	30
0.11354	0.00000000363566	30	30
0.11356	0.00000000371898	30	30
0.11345	0.00000000369814	30	30
0.11343	0.00000000368349	30	30
0.11350	0.00000000369126	30	30
0.11355	0.00000000374013	30	30
0.11349	0.00000000364795	30	30
0.11335	0.00000000368716	30	30
0.11377	0.00000000376602	30	30
0.11329	0.00000000365603	30	30
0.11335	0.00000000365236	30	30
0.11389	0.00000000373567	30	30
0.11345	0.00000000363566	30	30
0.11322	0.00000000365324	30	30
0.11381	0.00000000372566	30	30
0.11360	0.00000000369507	30	30
0.11346	0.00000000369987	30	30
0.11357	0.00000000377230	30	30
0.11353	0.00000000364969	30	30
0.11376	0.00000000367918	30	30
0.11320	0.00000000375007	30	30
0.11348	0.00000000366646	30	30
0.11343	0.00000000365565	30	30
0.11356	0.00000000374867	30	30
0.11408	0.00000000366224	30	30
0.11319	0.00000000372916	30	30
0.11377	0.00000000363440	30	30
0.11355	0.00000000370299	30	30
0.11349	0.00000000369066	30	30
0.11349	0.00000000368014	30	30
0.11351	0.00000000374872	30	30
0.11353	0.00000000365646	30	30
0.11327	0.00000000367294	30	30
0.11397	0.00000000376933	30	30
0.11325	0.00000000364214	30	30
0.11324	0.00000000365792	30	30
0.11394	0.00000000374503	30	30
0.11361	0.00000000372031	30	30
0.11318	0.00000000365116	30	30
0.11393	0.00000000364271	30	30
0.11346	0.00000000369269	30	30
0.11283	0.00000000377635	30	30
0.11342	0.00000000368923	30	30
0.11357	0.00000000376117	30	30
0.11348	0.00000000365585	30	30
0.11342	0.00000000374665	30	30
0.11351	0.00000000368940	30	30
0.11361	0.00000000367295	30	30
0.11335	0.00000000365061	30	30
0.11360	0.00000000374358	30	30
0.11379	0.00000000365679	30	30
0.11328	0.00000000372282	30	30
0.11361	0.00000000362943	30	30
0.11356	0.00000000369750	30	30
0.11351	0.00000000369359	30	30
0.11339	0.00000000377406	30	30
0.11358	0.00000000366336	30	30
0.11347	0.00000000365705	30	30
0.11369	0.00000000377401	30	30
0.11373	0.00000000365463	30	30
0.11314	0.00000000373998	30	30
0.11339	0.00000000365000	30	30
0.11390	0.00000000366041	30	30
0.11354	0.00000000372665	30	30
0.11308	0.00000000364167	30	30
0.11389	0.00000000372470	30	30
0.11349	0.00000000360411	30	30
0.11397	0.00000000389606	30	30
0.11305	0.00000000368533	30	30
0.11356	0.00000000376535	30	30
0.11345	0.00000000364493	30	30
0.11344	0.00000000367817	30	30
0.11353	0.00000000375673	30	30
0.11358	0.00000000367034	30	30
0.11333	0.00000000364388	30	30
0.11357	0.00000000375322	30	30
0.11381	0.00000000365306	30	30
0.11323	0.00000000372964	30	30
0.11384	0.00000000364247	30	30
0.11346	0.00000000362677	30	30
0.11366	0.00000000376749	30	30
0.11332	0.00000000368531	30	30
0.11353	0.00000000368026	30	30
0.11348	0.00000000364637	30	30
0.11342	0.00000000377440	30	30
0.11388	0.00000000367150	30	30
0.11310	0.00000000374467	30	30
0.11347	0.00000000365263	30	30
0.11388	0.00000000365444	30	30
0.11350	0.00000000374353	30	30
0.11346	0.00000000365550	30	30
0.11386	0.00000000372022	30	30
0.11345	0.00000000360082	30	30
0.11358	0.00000000391696	30	30
0.14034	0.00000000675670	30	30
0.11335	0.00000000369448	30	30
0.11357	0.00000000375950	30	30
0.11344	0.00000000364566	30	30
0.11345	0.00000000367535	30	30
0.11357	0.00000000368507	30	30
0.11352	0.00000000376223	30	30
0.11338	0.00000000365277	30	30
0.11354	0.00000000373743	30	30
0.11387	0.00000000364653	30	30
0.11319	0.00000000364844	30	30
0.11369	0.00000000372858	30	30
0.11347	0.00000000370100	30	30
0.11344	0.00000000369116	30	30
0.11362	0.00000000378128	30	30
0.11342	0.00000000366515	30	30
0.11375	0.00000000365576	30	30
0.11344	0.00000000376214	30	30
0.11365	0.00000000367367	30	30
0.11334	0.00000000373576	30	30
0.11321	0.00000000365983	30	30
0.11361	0.00000000365914	30	30
0.11393	0.00000000373918	30	30
0.11337	0.00000000363315	30	30
0.11353	0.00000000371248	30	30
0.11353	0.00000000360439	30	30
0.11425	0.00000000396519	30	30
0.11355	0.00000000368406	30	30
0.11348	0.00000000376005	30	30
0.11345	0.00000000364922	30	30
0.11349	0.00000000368170	30	30
0.11358	0.00000000367683	30	30
0.11377	0.00000000375357	30	30
0.11307	0.00000000365495	30	30
0.11352	0.00000000366059	30	30
0.11387	0.00000000374100	30	30
0.11332	0.00000000365162	30	30
0.11367	0.00000000371740	30	30
0.11355	0.00000000369476	30	30
0.14077	0.00000000670655	30	30
0.11354	0.00000000370755	30	30
0.11348	0.00000000377722	30	30
0.11362	0.00000000365445	30	30
0.11341	0.00000000374972	30	30
0.11373	0.00000000367721	30	30
0.11349	0.00000000366100	30	30
0.11313	0.00000000375130	30	30
0.11352	0.00000000365923	30	30
0.11371	0.00000000365413	30	30
0.11350	0.00000000374062	30	30
0.11370	0.00000000363316	30	30
0.11349	0.00000000372838	30	30
0.11329	0.00000000360714	30	30
0.11357	0.00000000377372	30	30
0.11350	0.00000000368149	30	30
0.11336	0.00000000367053	30	30
0.11359	0.00000000366696	30	30
0.11351	0.00000000377520	30	30
0.11335	0.00000000367773	30	30
0.11362	0.00000000366434	30	30
0.11350	0.00000000372896	30	30
0.11354	0.00000000366903	30	30
0.11372	0.00000000365661	30	30
0.11345	0.00000000372038	30	30
0.11361	0.00000000369936	30	30
0.11360	0.00000000369636	30	30
0.11347	0.00000000368858	30	30
0.11341	0.00000000374118	30	30
0.11360	0.00000000368623	30	30
0.11350	0.00000000367045	30	30
0.11356	0.00000000375870	30	30
0.11341	0.00000000367978	30	30
0.11348	0.00000000365047	30	30
0.11353	0.00000000365783	30	30
0.11365	0.00000000376154	30	30
0.11361	0.00000000372453	30	30
0.11373	0.00000000362142	30	30
0.11313	0.00000000361205	30	30
0.13930	0.00000000667926	30	30
0.11355	0.00000000370093	30	30
0.11352	0.00000000366713	30	30
0.11354	0.00000000376007	30	30
0.11346	0.00000000367978	30	30
0.11392	0.00000000375668	30	30
0.11308	0.00000000365604	30	30
0.11356	0.00000000366140	30	30
0.11349	0.00000000366368	30	30
0.11366	0.00000000374094	30	30
0.11363	0.00000000374544	30	30
0.11351	0.00000000361547	30	30
0.11338	0.00000000362043	30	30
0.13961	0.00000000670738	30	30
0.11358	0.00000000371302	30	30
0.11353	0.00000000366801	30	30
0.11338	0.00000000375723	30	30
0.11358	0.00000000366380	30	30
0.11365	0.00000000367620	30	30
0.11326	0.00000000375392	30	30
0.11346	0.00000000367939	30	30
0.11356	0.00000000365526	30	30
0.11346	0.00000000373368	30	30
0.11379	0.00000000367632	30	30
0.11352	0.00000000371799	30	30
0.11365	0.00000000362681	30	30
0.11319	0.00000000369123	30	30
0.11350	0.00000000369624	30	30
0.11357	0.00000000374963	30	30
0.11369	0.00000000365932	30	30
0.11318	0.00000000367617	30	30
0.11356	0.00000000376464	30	30
0.11337	0.00000000367503	30	30
0.11358	0.00000000366712	30	30
0.11354	0.00000000374189	30	30
0.11347	0.00000000365869	30	30
0.11375	0.00000000374947	30	30
0.11350	0.00000000362691	30	30
0.11333	0.00000000369717	30	30
0.11360	0.00000000369706	30	30
0.11353	0.00000000369628	30	30
0.11331	0.00000000374250	30	30
0.11364	0.00000000367623	30	30
0.11353	0.00000000375830	30	30
0.11345	0.00000000367332	30	30
0.11343	0.00000000368023	30	30
0.11345	0.00000000373247	30	30
0.11367	0.00000000367738	30	30
0.11376	0.00000000373508	30	30
0.11357	0.00000000364744	30	30
0.11341	0.00000000362370	30	30
0.11336	0.00000000371650	30	30
0.11357	0.00000000376675	30	30
0.11359	0.00000000366784	30	30
0.11341	0.00000000375254	30	30
0.11342	0.00000000368183	30	30
0.11370	0.00000000366840	30	30
0.11321	0.00000000367334	30	30
0.11362	0.00000000375771	30	30
0.11349	0.00000000365684	30	30
0.11356	0.00000000374678	30	30
0.11375	0.00000000366443	30	30
0.11350	0.00000000362712	30	30
0.11315	0.00000000370779	30	30
0.11351	0.00000000378588	30	30
0.11353	0.00000000368546	30	30
0.11339	0.00000000367497	30	30
0.11358	0.00000000367720	30	30
0.11373	0.00000000376453	30	30
0.11314	0.00000000367492	30	30
0.11374	0.00000000375839	30	30
0.11349	0.00000000365302	30	30
0.11351	0.00000000365327	30	30
0.11377	0.00000000375706	30	30
0.11348	0.00000000364098	30	30
0.11332	0.00000000370087	30	30
0.11354	0.00000000362481	30	30
0.11346	0.00000000370158	30	30
0.11340	0.00000000374734	30	30
0.11360	0.00000000367413	30	30
0.11345	0.00000000377075	30	30
0.11348	0.00000000367345	30	30
0.11353	0.00000000369150	30	30
0.11357	0.00000000365579	30	30
0.11351	0.00000000375038	30	30
0.11344	0.00000000366472	30	30
0.11373	0.00000000375477	30	30
0.11374	0.00000000362439	30	30
0.11327	0.00000000360281	30	30
0.13990	0.00000000691871	30	30
0.11357	0.00000000378956	30	30
0.11368	0.00000000369405	30	30
0.11356	0.00000000367073	30	30
0.11461	0.00000000369152	30	30
0.11369	0.00000000378802	30	30
0.11393	0.00000000371983	30	30
0.11410	0.00000000379168	30	30
0.11417	0.00000000370071	30	30
0.11415	0.00000000369697	30	30
0.11449	0.00000000380704	30	30
0.11442	0.00000000370299	30	30
0.11461	0.00000000371404	30	30
0.11421	0.00000000376081	30	30
0.11409	0.00000000400191	30	30
0.14039	0.00000000679045	30	30
0.11360	0.00000000369708	30	30
0.11382	0.00000000368081	30	30
0.11340	0.00000000373210	30	30
0.11336	0.00000000367415	30	30
0.11375	0.00000000375590	30	30
0.11332	0.00000000366411	30	30
0.11343	0.00000000366006	30	30
0.11349	0.00000000374747	30	30
0.11348	0.00000000365982	30	30
0.11377	0.00000000374903	30	30
0.11349	0.00000000362619	30	30
0.11320	0.00000000370389	30	30
0.13720	0.00000000668087	30	30
0.11349	0.00000000369416	30	30
0.11350	0.00000000369308	30	30
0.11344	0.00000000366479	30	30
0.11359	0.00000000377544	30	30
0.11382	0.00000000368858	30	30
0.11300	0.00000000367021	30	30
0.11362	0.00000000375560	30	30
0.11348	0.00000000364595	30	30
0.11341	0.00000000366509	30	30
0.11390	0.00000000375328	30	30
0.11344	0.00000000363420	30	30
0.11331	0.00000000371746	30	30
0.11366	0.00000000363823	30	30
0.13838	0.00000000669025	30	30
0.11349	0.00000000368591	30	30
0.11355	0.00000000376908	30	30
0.11339	0.00000000366572	30	30
0.11351	0.00000000367940	30	30
0.11358	0.00000000368504	30	30
0.11328	0.00000000376589	30	30
0.11364	0.00000000366695	30	30
0.11354	0.00000000365902	30	30
0.11352	0.00000000374064	30	30
0.11378	0.00000000366751	30	30
0.11338	0.00000000371147	30	30
0.11320	0.00000000362521	30	30
0.11354	0.00000000369917	30	30
0.11342	0.00000000369323	30	30
0.11340	0.00000000374938	30	30
0.11382	0.00000000366472	30	30
0.11356	0.00000000375955	30	30
0.11312	0.00000000366997	30	30
0.11352	0.00000000367368	30	30
0.11356	0.00000000373961	30	30
0.11344	0.00000000366048	30	30
0.11388	0.00000000375686	30	30
0.11342	0.00000000364370	30	30
0.11341	0.00000000362332	30	30
0.11352	0.00000000371469	30	30
0.11360	0.00000000370019	30	30
0.11356	0.00000000367406	30	30
0.11331	0.00000000375268	30	30
0.11351	0.00000000368171	30	30
0.11361	0.00000000374455	30	30
0.11330	0.00000000368168	30	30
0.11366	0.00000000366000	30	30
0.11338	0.00000000374515	30	30
0.11372	0.00000000366568	30	30
0.11355	0.00000000373914	30	30
0.11349	0.00000000363225	30	30
0.11339	0.00000000370916	30	30
0.11352	0.00000000378192	30	30
0.11355	0.00000000369444	30	30
0.11344	0.00000000366491	30	30
0.11353	0.00000000367020	30	30
0.11372	0.00000000376886	30	30
0.11314	0.00000000367841	30	30
0.11355	0.00000000375783	30	30
0.11343	0.00000000366256	30	30
0.11346	0.00000000365696	30	30
0.11395	0.00000000376029	30	30
0.11343	0.00000000363874	30	30
0.11316	0.00000000371441	30	30
0.11373	0.00000000364497	30	30
0.11347	0.00000000369027	30	30
0.11343	0.00000000367312	30	30
0.11359	0.00000000375914	30	30
0.11344	0.00000000368082	30	30
0.11350	0.00000000376662	30	30
0.11346	0.00000000368456	30	30
0.11351	0.00000000367013	30	30
0.11354	0.00000000364697	30	30
0.11376	0.00000000376367	30	30
0.11352	0.00000000373902	30	30
0.11378	0.00000000363508	30	30
0.11321	0.00000000362612	30	30
0.11351	0.00000000370183	30	30
0.11348	0.00000000376752	30	30
0.11353	0.00000000367693	30	30
0.11356	0.00000000367822	30	30
0.11379	0.00000000367230	30	30
0.11307	0.00000000376607	30	30
0.11366	0.00000000367853	30	30
0.11336	0.00000000373956	30	30
0.11384	0.00000000367716	30	30
0.11359	0.00000000365691	30	30
0.11354	0.00000000371781	30	30
0.11339	0.00000000371005	30	30
0.11346	0.00000000363127	30	30
0.11352	0.00000000379255	30	30
0.11344	0.00000000368269	30	30
0.11385	0.00000000374223	30	30
0.11341	0.00000000366812	30	30
0.11347	0.00000000366801	30	30
0.11325	0.00000000375759	30	30
0.11356	0.00000000366710	30	30
0.11332	0.00000000366440	30	30
0.11403	0.00000000375913	30	30
0.11343	0.00000000364831	30	30
0.11337	0.00000000364435	30	30
0.11360	0.00000000370642	30	30
0.11352	0.00000000369580	30	30
0.11343	0.00000000370062	30	30
0.11356	0.00000000375946	30	30
0.11345	0.00000000368565	30	30
0.11367	0.00000000375686	30	30
0.11333	0.00000000368705	30	30
0.11347	0.00000000367307	30	30
0.11332	0.00000000365963	30	30
0.11398	0.00000000368095	30	30
0.11348	0.00000000373717	30	30
0.11310	0.00000000371814	30	30
0.11394	0.00000000364767	30	30
0.11312	0.00000000361656	30	30
0.11346	0.00000000369263	30	30
0.11339	0.00000000378877	30	30
0.11362	0.00000000367026	30	30
0.11347	0.00000000375189	30	30
0.11336	0.00000000368355	30	30
0.11395	0.00000000368765	30	30
0.11314	0.00000000366110	30	30
0.11371	0.00000000374170	30	30
0.11326	0.00000000366955	30	30
0.11387	0.00000000374142	30	30
0.11347	0.00000000365127	30	30
0.11340	0.00000000372266	30	30
0.11357	0.00000000370030	30	30
0.11342	0.00000000371644	30	30
0.11360	0.00000000377858	30	30
0.11357	0.00000000366803	30	30
0.11350	0.00000000366645	30	30
0.11345	0.00000000376839	30	30
0.11343	0.00000000368094	30	30
0.11355	0.00000000367503	30	30
0.11346	0.00000000366903	30	30
0.11374	0.00000000375348	30	30
0.11372	0.00000000374276	30	30
0.11337	0.00000000363449	30	30
0.11350	0.00000000371657	30	30
0.11263	0.00000000361178	30	30
0.11356	0.00000000369564	30	30
0.11339	0.00000000369954	30	30
0.11352	0.00000000375609	30	30
0.11364	0.00000000368468	30	30
0.11327	0.00000000369270	30	30
0.11381	0.00000000366851	30	30
0.11327	0.00000000374081	30	30
0.11339	0.00000000369189	30	30
0.11359	0.00000000374535	30	30
0.11378	0.00000000365982	30	30
0.11339	0.00000000366084	30	30
0.11358	0.00000000372700	30	30
0.11360	0.00000000369315	30	30
0.11282	0.00000000378492	30	30
0.11360	0.00000000370999	30	30
0.11354	0.00000000368680	30	30
0.11341	0.00000000374776	30	30
0.11372	0.00000000368467	30	30
0.11321	0.00000000367645	30	30
0.11359	0.00000000376716	30	30
0.11342	0.00000000368133	30	30
0.11355	0.00000000366970	30	30
0.11381	0.00000000374133	30	30
0.11332	0.00000000366360	30	30
0.11368	0.00000000371981	30	30
0.11345	0.00000000371182	30	30
0.11338	0.00000000381385	30	30
0.11361	0.00000000370240	30	30
0.11354	0.00000000365887	30	30
0.11340	0.00000000375969	30	30
0.11357	0.00000000369598	30	30
0.11373	0.00000000367656	30	30
0.11318	0.00000000374508	30	30
0.11351	0.00000000367910	30	30
0.11354	0.00000000374575	30	30
0.11413	0.00000000367597	30	30
0.11319	0.00000000364592	30	30
0.11358	0.00000000372115	30	30
0.11350	0.00000000361379	30	30
0.11386	0.00000000392172	30	30
0.11364	0.00000000369835	30	30
0.11355	0.00000000369594	30	30
0.11336	0.00000000375473	30	30
0.11360	0.00000000369048	30	30
0.11372	0.00000000376466	30	30
0.11329	0.00000000366775	30	30
0.11343	0.00000000368124	30	30
0.11349	0.00000000376103	30	30
0.11383	0.00000000365984	30	30
0.11341	0.00000000374579	30	30
0.11351	0.00000000363703	30	30
0.11368	0.00000000371960	30	30
0.14077	0.00000000673342	30	30
0.11374	0.00000000371296	30	30
0.11338	0.00000000378144	30	30
0.11361	0.00000000366424	30	30
0.11335	0.00000000368135	30	30
0.11354	0.00000000368060	30	30
0.11375	0.00000000378413	30	30
0.11314	0.00000000366265	30	30
0.11362	0.00000000375390	30	30
0.11342	0.00000000366748	30	30
0.11337	0.00000000367170	30	30
0.11402	0.00000000375264	30	30
0.11346	0.00000000363040	30	30
0.11308	0.00000000371391	30	30
0.11587	0.00000000389770	30	30
0.11346	0.00000000379605	30	30
0.11361	0.00000000367847	30	30
0.11331	0.00000000376310	30	30
0.11363	0.00000000369021	30	30
0.11350	0.00000000367313	30	30
0.11326	0.00000000369924	30	30
0.11371	0.00000000368101	30	30
0.11346	0.00000000375435	30	30
0.11356	0.00000000367326	30	30
0.11369	0.00000000377157	30	30
0.11354	0.00000000362206	30	30
0.11340	0.00000000373163	30	30
0.11359	0.00000000379227	30	30
0.11347	0.00000000369371	30	30
0.11339	0.00000000367145	30	30
0.11361	0.00000000369556	30	30
0.11390	0.00000000377161	30	30
0.11308	0.00000000366686	30	30
0.11347	0.00000000376403	30	30
0.11351	0.00000000366199	30	30
0.11347	0.00000000367307	30	30
0.11379	0.00000000368725	30	30
0.11356	0.00000000373887	30	30
0.11356	0.00000000371678	30	30
0.11337	0.00000000363213	30	30
0.11347	0.00000000370551	30	30
0.11361	0.00000000367854	30	30
0.11345	0.00000000376410	30	30
0.11341	0.00000000368424	30	30
0.11374	0.00000000377580	30	30
0.11323	0.00000000367148	30	30
0.11348	0.00000000366711	30	30
0.11353	0.00000000366243	30	30
0.11356	0.00000000376865	30	30
0.11378	0.00000000375289	30	30
0.11342	0.00000000363198	30	30
0.11340	0.00000000362234	30	30
0.11357	0.00000000379814	30	30
0.11353	0.00000000368790	30	30
0.11340	0.00000000368334	30	30
0.11356	0.00000000368772	30	30
0.11381	0.00000000375033	30	30
0.11338	0.00000000368925	30	30
0.11326	0.00000000374244	30	30
0.11348	0.00000000366975	30	30
0.11367	0.00000000366829	30	30
0.11360	0.00000000376157	30	30
0.11344	0.00000000371837	30	30
0.11342	0.00000000363546	30	30
0.11362	0.00000000363548	30	30
0.11546	0.00000000403911	30	30
0.13998	0.00000000688151	30	30
0.11352	0.00000000378563	30	30
0.11368	0.00000000368837	30	30
0.11353	0.00000000367663	30	30
0.11347	0.00000000367642	30	30
0.11364	0.00000000377910	30	30
0.11331	0.00000000377012	30	30
0.11353	0.00000000366772	30	30
0.11356	0.00000000366370	30	30
0.11365	0.00000000367438	30	30
0.11355	0.00000000374956	30	30
0.11361	0.00000000371796	30	30
0.11332	0.00000000363180	30	30
0.11357	0.00000000379511	30	30
0.11345	0.00000000369306	30	30
0.11347	0.00000000376237	30	30
0.11349	0.00000000368067	30	30
0.11386	0.00000000368304	30	30
0.11311	0.00000000367799	30	30
0.11347	0.00000000376695	30	30
0.11354	0.00000000365818	30	30
0.11345	0.00000000376418	30	30
0.11383	0.00000000367352	30	30
0.11350	0.00000000364307	30	30
0.11347	0.00000000373895	30	30
0.11361	0.00000000371062	30	30
0.13908	0.00000000673829	30	30
0.11354	0.00000000370453	30	30
0.11345	0.00000000376632	30	30
0.11351	0.00000000367268	30	30
0.11353	0.00000000377770	30	30
0.11370	0.00000000369303	30	30
0.11322	0.00000000368328	30	30
0.11354	0.00000000366455	30	30
0.11364	0.00000000375449	30	30
0.11364	0.00000000375304	30	30
0.11346	0.00000000366530	30	30
0.11361	0.00000000362746	30	30
0.11335	0.00000000372008	30	30
0.11344	0.00000000370165	30	30
0.11345	0.00000000368947	30	30
0.11353	0.00000000368121	30	30
0.11348	0.00000000376875	30	30
0.11372	0.00000000367248	30	30
0.11330	0.00000000377390	30	30
0.11342	0.00000000368309	30	30
0.11352	0.00000000364937	30	30
0.11359	0.00000000368385	30	30
0.11363	0.00000000376199	30	30
0.11358	0.00000000373079	30	30
0.11336	0.00000000364071	30	30
0.11356	0.00000000363290	30	30
0.11350	0.00000000369648	30	30
0.11335	0.00000000369814	30	30
0.11395	0.00000000376034	30	30
0.11313	0.00000000367048	30	30
0.11345	0.00000000377628	30	30
0.11354	0.00000000368058	30	30
0.11352	0.00000000367969	30	30
0.11372	0.00000000374313	30	30
0.11354	0.00000000366875	30	30
0.11350	0.00000000375201	30	30
0.11344	0.00000000363184	30	30
0.11357	0.00000000364432	30	30
0.11418	0.00000000381086	30	30
0.11412	0.00000000373179	30	30
0.11383	0.00000000371015	30	30
0.11437	0.00000000382218	30	30
0.11446	0.00000000373485	30	30
0.11449	0.00000000382484	30	30
0.11448	0.00000000373963	30	30
0.11448	0.00000000372526	30	30
0.11451	0.00000000380415	30	30
0.11418	0.00000000370589	30	30
0.11387	0.00000000367152	30	30
0.11366	0.00000000373176	30	30
0.11405	0.00000000366924	30	30
0.11398	0.00000000406783	30	30
0.11340	0.00000000371358	30	30
0.11362	0.00000000368556	30	30
0.11358	0.00000000367266	30	30
0.11329	0.00000000376732	30	30
0.11390	0.00000000369189	30	30
0.11323	0.00000000375207	30	30
0.11343	0.00000000366608	30	30
0.11354	0.00000000367217	30	30
0.11384	0.00000000376572	30	30
0.11325	0.00000000365967	30	30
0.11371	0.00000000372588	30	30
0.11350	0.00000000362914	30	30
0.11333	0.00000000371114	30	30
0.11361	0.00000000370320	30	30
0.11348	0.00000000376036	30	30
0.11343	0.00000000367043	30	30
0.11384	0.00000000368567	30	30
0.11342	0.00000000377745	30	30
0.11325	0.00000000367184	30	30
0.11358	0.00000000374076	30	30
0.11343	0.00000000369104	30	30
0.11373	0.00000000367741	30	30
0.11359	0.00000000372216	30	30
0.11361	0.00000000366007	30	30
0.11342	0.00000000369365	30	30
0.11329	0.00000000370485	30	30
0.11355	0.00000000368431	30	30
0.11364	0.00000000376499	30	30
0.11329	0.00000000368694	30	30
0.11379	0.00000000368629	30	30
0.11333	0.00000000377267	30	30
0.11340	0.00000000366868	30	30
0.11361	0.00000000376626	30	30
0.11381	0.00000000367265	30	30
0.11318	0.00000000365773	30	30
0.11376	0.00000000373864	30	30
0.11354	0.00000000362215	30	30
0.11341	0.00000000371856	30	30
0.11357	0.00000000369663	30	30
0.11349	0.00000000375765	30	30
0.11337	0.00000000367632	30	30
0.11375	0.00000000377270	30	30
0.11352	0.00000000368033	30	30
0.11336	0.00000000367674	30	30
0.11351	0.00000000375564	30	30
0.11355	0.00000000367813	30	30
0.11361	0.00000000375349	30	30
0.11372	0.00000000366192	30	30
0.11351	0.00000000363775	30	30
0.11325	0.00000000371462	30	30
0.11354	0.00000000371820	30	30
0.11353	0.00000000376054	30	30
0.11358	0.00000000366622	30	30
0.11345	0.00000000370234	30	30
0.11397	0.00000000370990	30	30
0.11358	0.00000000366991	30	30
0.11313	0.00000000376199	30	30
0.11360	0.00000000375556	30	30
0.11375	0.00000000365777	30	30
0.11336	0.00000000367449	30	30
0.11362	0.00000000373191	30	30
0.11351	0.00000000370455	30	30
0.11358	0.00000000370759	30	30
0.11339	0.00000000370064	30	30
0.11394	0.00000000376838	30	30
0.11302	0.00000000368294	30	30
0.11356	0.00000000378068	30	30
0.11357	0.00000000369164	30	30
0.11331	0.00000000367752	30	30
0.11357	0.00000000366437	30	30
0.11388	0.00000000376207	30	30
0.11336	0.00000000375852	30	30
0.11352	0.00000000365222	30	30
0.11349	0.00000000362894	30	30
0.11331	0.00000000373039	30	30
0.11348	0.00000000371186	30	30
0.11354	0.00000000379773	30	30
0.11355	0.00000000367074	30	30
0.11367	0.00000000367993	30	30
0.11326	0.00000000368446	30	30
0.11386	0.00000000377491	30	30
0.11297	0.00000000375221	30	30
0.11368	0.00000000367907	30	30
0.11343	0.00000000367175	30	30
0.11355	0.00000000367075	30	30
0.11379	0.00000000377088	30	30
0.11355	0.00000000371079	30	30
0.11318	0.00000000362830	30	30
0.13994	0.00000000682254	30	30
0.11355	0.00000000380576	30	30
0.11346	0.00000000369801	30	30
0.11346	0.00000000376399	30	30
0.11356	0.00000000368789	30	30
0.11365	0.00000000367809	30	30
0.11318	0.00000000368548	30	30
0.11362	0.00000000378114	30	30
0.11346	0.00000000366569	30	30
0.11354	0.00000000375055	30	30
0.11377	0.00000000367720	30	30
0.11351	0.00000000365479	30	30
0.11331	0.00000000371767	30	30
0.11337	0.00000000372507	30	30
0.11358	0.00000000379509	30	30
0.11355	0.00000000369858	30	30
0.11326	0.00000000368272	30	30
0.11397	0.00000000367659	30	30
0.11318	0.00000000377322	30	30
0.11366	0.00000000368711	30	30
0.11335	0.00000000377073	30	30
0.11351	0.00000000366806	30	30
0.11354	0.00000000367065	30	30
0.11374	0.00000000376957	30	30
0.11356	0.00000000367140	30	30
0.11345	0.00000000371906	30	30
0.11349	0.00000000363355	30	30
0.11351	0.00000000370875	30	30
0.11341	0.00000000377608	30	30
0.11354	0.00000000368112	30	30
0.11382	0.00000000367748	30	30
0.11328	0.00000000376642	30	30
0.11334	0.00000000369316	30	30
0.11369	0.00000000377208	30	30
0.11369	0.00000000368237	30	30
0.11362	0.00000000367561	30	30
0.11359	0.00000000376524	30	30
0.11368	0.00000000363127	30	30
0.11324	0.00000000374928	30	30
0.11264	0.00000000360987	30	30
0.11335	0.00000000370459	30	30
0.11344	0.00000000378859	30	30
0.11355	0.00000000368353	30	30
0.11350	0.00000000368336	30	30
0.11360	0.00000000377694	30	30
0.11419	0.00000000370301	30	30
0.11274	0.00000000363835	30	30
0.11360	0.00000000376923	30	30
0.11365	0.00000000375830	30	30
0.11363	0.00000000366485	30	30
0.11351	0.00000000365707	30	30
0.11333	0.00000000373663	30	30
0.11360	0.00000000370620	30	30
0.11283	0.00000000380957	30	30
0.11337	0.00000000369853	30	30
0.11371	0.00000000379821	30	30
0.11340	0.00000000367800	30	30
0.11365	0.00000000376208	30	30
0.11322	0.00000000370047	30	30
0.11356	0.00000000369136	30	30
0.11354	0.00000000366387	30	30
0.11333	0.00000000377561	30	30
0.11391	0.00000000367160	30	30
0.11347	0.00000000375180	30	30
0.11333	0.00000000364548	30	30
0.11374	0.00000000373724	30	30
0.11345	0.00000000379015	30	30
0.11352	0.00000000370034	30	30
0.11352	0.00000000368085	30	30
0.11345	0.00000000366974	30	30
0.11357	0.00000000378442	30	30
0.11366	0.00000000369750	30	30
0.11325	0.00000000375934	30	30
0.11355	0.00000000365819	30	30
0.11362	0.00000000368302	30	30
0.11363	0.00000000368490	30	30
0.11353	0.00000000375127	30	30
0.11341	0.00000000372261	30	30
0.11359	0.00000000362420	30	30
0.11310	0.00000000391502	30	30
0.11335	0.00000000370652	30	30
0.11366	0.00000000379876	30	30
0.11347	0.00000000366400	30	30
0.11339	0.00000000368626	30	30
0.11354	0.00000000369805	30	30
0.11356	0.00000000377954	30	30
0.11354	0.00000000367522	30	30
0.11326	0.00000000376117	30	30
0.11390	0.00000000368350	30	30
0.11361	0.00000000366650	30	30
0.11330	0.00000000373921	30	30
0.11368	0.00000000372530	30	30
0.11357	0.00000000371773	30	30
0.11346	0.00000000377584	30	30
0.11354	0.00000000369285	30	30
0.11343	0.00000000375776	30	30
0.11359	0.00000000369593	30	30
0.11377	0.00000000369736	30	30
0.11311	0.00000000374031	30	30
0.11370	0.00000000367108	30	30
0.11379	0.00000000377853	30	30
0.11351	0.00000000365478	30	30
0.11365	0.00000000366855	30	30
0.11335	0.00000000372612	30	30
0.11342	0.00000000371336	30	30
0.11435	0.00000000385280	30	30
0.11350	0.00000000369671	30	30
0.11362	0.00000000373089	30	30
0.11346	0.00000000375644	30	30
0.11357	0.00000000369430	30	30
0.11351	0.00000000376612	30	30
0.11340	0.00000000369737	30	30
0.11354	0.00000000367884	30	30
0.11327	0.00000000367786	30	30
0.11396	0.00000000376775	30	30
0.11347	0.00000000373681	30	30
0.11332	0.00000000365186	30	30
0.11371	0.00000000364398	30	30
0.11349	0.00000000371868	30	30
0.11343	0.00000000371076	30	30
0.11359	0.00000000377184	30	30
0.11338	0.00000000368120	30	30
0.11354	0.00000000369102	30	30
0.11389	0.00000000378480	30	30
0.11314	0.00000000366144	30	30
0.11348	0.00000000366752	30	30
0.11359	0.00000000377312	30	30
0.11376	0.00000000375697	30	30
0.11343	0.00000000366392	30	30
0.11350	0.00000000365117	30	30
0.11351	0.00000000370963	30	30
0.11345	0.00000000379004	30	30
0.11358	0.00000000370173	30	30
0.11344	0.00000000366983	30	30
0.11349	0.00000000369739	30	30
0.11353	0.00000000378580	30	30
0.11346	0.00000000369276	30	30
0.11362	0.00000000376178	30	30
0.11328	0.00000000368192	30	30
0.11386	0.00000000367921	30	30
0.11349	0.00000000375484	30	30
0.11342	0.00000000364439	30	30
0.11364	0.00000000372181	30	30
0.11343	0.00000000370671	30	30
0.11354	0.00000000381472	30	30
0.11350	0.00000000368705	30	30
0.11364	0.00000000368154	30	30
0.11360	0.00000000378020	30	30
0.11338	0.00000000367939	30	30
0.11341	0.00000000367729	30	30
0.11330	0.00000000375999	30	30
0.11363	0.00000000368601	30	30
0.11386	0.00000000376178	30	30
0.11343	0.00000000365447	30	30
0.11364	0.00000000373387	30	30
0.11335	0.00000000363303	30	30
0.11341	0.00000000380099	30	30
0.11366	0.00000000370001	30	30
0.11347	0.00000000367906	30	30
0.11333	0.00000000369858	30	30
0.11358	0.00000000379445	30	30
0.11358	0.00000000369478	30	30
0.11342	0.00000000367023	30	30
0.11355	0.00000000377650	30	30
0.11398	0.00000000367842	30	30
0.11340	0.00000000366812	30	30
0.11360	0.00000000373946	30	30
0.11351	0.00000000373134	30	30
0.11340	0.00000000372225	30	30
0.11352	0.00000000370217	30	30
0.11359	0.00000000377772	30	30
0.11344	0.00000000367249	30	30
0.11381	0.00000000378387	30	30
0.11346	0.00000000367392	30	30
0.11315	0.00000000377066	30	30
0.11352	0.00000000369213	30	30
0.11382	0.00000000367591	30	30
0.11344	0.00000000375237	30	30
0.11350	0.00000000366415	30	30
0.11358	0.00000000373333	30	30
0.11347	0.00000000362630	30	30
0.11341	0.00000000372044	30	30
0.11362	0.00000000379302	30	30
0.11347	0.00000000367675	30	30
0.11340	0.00000000370042	30	30
0.11353	0.00000000378069	30	30
0.11352	0.00000000369751	30	30
0.11347	0.00000000366376	30	30
0.11353	0.00000000377787	30	30
0.11380	0.00000000367983	30	30
0.11314	0.00000000375048	30	30
0.11384	0.00000000365311	30	30
0.11351	0.00000000372386	30	30
0.11332	0.00000000371797	30	30
0.11357	0.00000000379056	30	30
0.11356	0.00000000368734	30	30
0.11343	0.00000000368552	30	30
0.11396	0.00000000377975	30	30
0.11339	0.00000000376672	30	30
0.11300	0.00000000367132	30	30
0.11367	0.00000000368379	30	30
0.11373	0.00000000367144	30	30
0.11338	0.00000000376567	30	30
0.11363	0.00000000366600	30	30
0.11355	0.00000000372536	30	30
0.11332	0.00000000362748	30	30
0.13830	0.00000000677525	30	30
0.11304	0.00000000379734	30	30
0.11353	0.00000000369275	30	30
0.11350	0.00000000368169	30	30
0.11343	0.00000000371817	30	30
0.11351	0.00000000376801	30	30
0.11356	0.00000000369463	30	30
0.11340	0.00000000368708	30	30
0.11359	0.00000000378119	30	30
0.11386	0.00000000367483	30	30
0.11316	0.00000000366055	30	30
0.11370	0.00000000373643	30	30
0.11359	0.00000000372278	30	30
0.11337	0.00000000371906	30	30
0.11363	0.00000000370833	30	30
0.11341	0.00000000376714	30	30
0.11338	0.00000000368895	30	30
0.11387	0.00000000378034	30	30
0.11318	0.00000000368235	30	30
0.11332	0.00000000368157	30	30
0.11360	0.00000000368195	30	30
0.11382	0.00000000376255	30	30
0.11339	0.00000000375898	30	30
0.11380	0.00000000365575	30	30
0.11346	0.00000000374019	30	30
0.11332	0.00000000362499	30	30
0.11350	0.00000000372355	30	30
0.11351	0.00000000368829	30	30
0.11383	0.00000000375930	30	30
0.11309	0.00000000369971	30	30
0.11390	0.00000000369344	30	30
0.11332	0.00000000376617	30	30
0.11359	0.00000000369614	30	30
0.11382	0.00000000376152	30	30
0.11360	0.00000000366292	30	30
0.11336	0.00000000376957	30	30
0.11428	0.00000000369807	30	30
0.11424	0.00000000375140	30	30
0.13866	0.00000000674579	30	30
0.11459	0.00000000385257	30	30
0.11424	0.00000000375510	30	30
0.11481	0.00000000374263	30	30
0.11370	0.00000000380252	30	30
0.11359	0.00000000369595	30	30
0.11397	0.00000000373126	30	30
0.11424	0.00000000375004	30	30
0.11371	0.00000000376173	30	30
0.11347	0.00000000367415	30	30
0.11367	0.00000000377634	30	30
0.11378	0.00000000366718	30	30
0.11353	0.00000000373660	30	30
0.11322	0.00000000364162	30	30
0.11534	0.00000000399158	30	30
0.11346	0.00000000371827	30	30
0.11366	0.00000000369031	30	30
0.11332	0.00000000368840	30	30
0.11361	0.00000000379784	30	30
0.11380	0.00000000377124	30	30
0.11305	0.00000000369079	30	30
0.11365	0.00000000368524	30	30
0.11341	0.00000000367802	30	30
0.11339	0.00000000376184	30	30
0.11391	0.00000000369818	30	30
0.11355	0.00000000372225	30	30
0.11319	0.00000000363633	30	30
0.11352	0.00000000372475	30	30
0.11351	0.00000000379059	30	30
0.11339	0.00000000368913	30	30
0.11388	0.00000000368625	30	30
0.11356	0.00000000376524	30	30
0.11341	0.00000000367739	30	30
0.11318	0.00000000376512	30	30
0.11356	0.00000000367370	30	30
0.11342	0.00000000368137	30	30
0.11390	0.00000000377595	30	30
0.11348	0.00000000365323	30	30
0.11331	0.00000000371879	30	30
0.11365	0.00000000365313	30	30
0.11344	0.00000000370516	30	30
0.11352	0.00000000369966	30	30
0.11355	0.00000000368888	30	30
0.11344	0.00000000377405	30	30
0.11359	0.00000000369822	30	30
0.11341	0.00000000378272	30	30
0.11351	0.00000000367805	30	30
0.11356	0.00000000367543	30	30
0.11356	0.00000000368700	30	30
0.11373	0.00000000377456	30	30
0.11338	0.00000000371144	30	30
0.11364	0.00000000366499	30	30
0.11344	0.00000000371097	30	30
0.11346	0.00000000378744	30	30
0.11348	0.00000000368539	30	30
0.11378	0.00000000368873	30	30
0.11356	0.00000000376798	30	30
0.11348	0.00000000369148	30	30
0.11317	0.00000000375530	30	30
0.11361	0.00000000366623	30	30
0.11360	0.00000000368639	30	30
0.11357	0.00000000377037	30	30
0.11360	0.00000000373684	30	30
0.11335	0.00000000365231	30	30
0.11348	0.00000000363064	30	30
0.11355	0.00000000371148	30	30
0.11335	0.00000000369352	30	30
0.11369	0.00000000378309	30	30
0.11338	0.00000000368627	30	30
0.11376	0.00000000380238	30	30
0.11332	0.00000000369005	30	30
0.11353	0.00000000366847	30	30
0.11340	0.00000000368610	30	30
0.11383	0.00000000377952	30	30
0.11355	0.00000000375811	30	30
0.11310	0.00000000365115	30	30
0.11389	0.00000000365087	30	30
0.11361	0.00000000380304	30	30
0.11336	0.00000000371760	30	30
0.11357	0.00000000367609	30	30
0.11351	0.00000000369021	30	30
0.11357	0.00000000378231	30	30
0.11365	0.00000000369298	30	30
0.11325	0.00000000375856	30	30
0.11341	0.00000000367738	30	30
0.11385	0.00000000367776	30	30
0.11355	0.00000000376355	30	30
0.11308	0.00000000372936	30	30
0.11382	0.00000000366508	30	30
0.11342	0.00000000364281	30	30
0.11338	0.00000000379953	30	30
0.11366	0.00000000369204	30	30
0.11369	0.00000000376322	30	30
0.11316	0.00000000368616	30	30
0.11390	0.00000000369955	30	30
0.11320	0.00000000376351	30	30
0.11351	0.00000000366675	30	30
0.11353	0.00000000377251	30	30
0.11377	0.00000000368114	30	30
0.11356	0.00000000375116	30	30
0.11341	0.00000000364513	30	30
0.11351	0.00000000371921	30	30
0.14003	0.00000000666453	30	30
0.11331	0.00000000380353	30	30
0.11353	0.00000000372439	30	30
0.11352	0.00000000366948	30	30
0.11334	0.00000000376587	30	30
0.11387	0.00000000373116	30	30
0.11323	0.00000000368232	30	30
0.11341	0.00000000376387	30	30
0.11350	0.00000000369831	30	30
0.11382	0.00000000376269	30	30
0.11327	0.00000000366965	30	30
0.11363	0.00000000366004	30	30
0.11367	0.00000000373556	30	30
0.11318	0.00000000371136	30	30
0.11341	0.00000000370228	30	30
0.11347	0.00000000381387	30	30
0.11355	0.00000000367915	30	30
0.11372	0.00000000367454	30	30
0.11321	0.00000000379217	30	30
0.11380	0.00000000370360	30	30
0.11363	0.00000000375592	30	30
0.11311	0.00000000367787	30	30
0.11368	0.00000000367504	30	30
0.11369	0.00000000376620	30	30
0.11333	0.00000000375348	30	30
0.11358	0.00000000365000	30	30
0.11359	0.00000000362319	30	30
0.11356	0.00000000380522	30	30
0.11348	0.00000000369968	30	30
0.11350	0.00000000368912	30	30
0.11371	0.00000000370033	30	30
0.11355	0.00000000376526	30	30
0.11319	0.00000000376321	30	30
0.11347	0.00000000369997	30	30
0.11354	0.00000000368300	30	30
0.11396	0.00000000367902	30	30
0.11316	0.00000000375000	30	30
0.11372	0.00000000374810	30	30
0.11359	0.00000000363587	30	30
0.11274	0.00000000363800	30	30
0.11355	0.00000000372470	30	30
0.11352	0.00000000379265	30	30
0.11353	0.00000000368601	30	30
0.11373	0.00000000377057	30	30
0.11322	0.00000000369276	30	30
0.11391	0.00000000368923	30	30
0.11298	0.00000000377215	30	30
0.11357	0.00000000367825	30	30
0.11386	0.00000000376376	30	30
0.11336	0.00000000367185	30	30
0.11364	0.00000000375872	30	30
0.11346	0.00000000364657	30	30
0.11338	0.00000000372435	30	30
0.11348	0.00000000371621	30	30
0.11345	0.00000000370797	30	30
0.11354	0.00000000377648	30	30
0.11373	0.00000000368977	30	30
0.11339	0.00000000368321	30	30
0.11334	0.00000000378962	30	30
0.11348	0.00000000369034	30	30
0.11386	0.00000000375665	30	30
0.11335	0.00000000367887	30	30
0.11364	0.00000000376137	30	30
0.11361	0.00000000364415	30	30
0.11335	0.00000000373075	30	30
0.11353	0.00000000372633	30	30
0.11361	0.00000000379241	30	30
0.11331	0.00000000368120	30	30
0.11352	0.00000000368515	30	30
0.11343	0.00000000379792	30	30
0.11377	0.00000000371157	30	30
0.11327	0.00000000369004	30	30
0.11352	0.00000000375658	30	30
0.11337	0.00000000369216	30	30
0.11397	0.00000000376350	30	30
0.11338	0.00000000368056	30	30
0.11319	0.00000000373493	30	30
0.11387	0.00000000365182	30	30
0.11281	0.00000000390462	30	30
0.11377	0.00000000371535	30	30
0.11315	0.00000000377924	30	30
0.11349	0.00000000369052	30	30
0.11362	0.00000000370627	30	30
0.11328	0.00000000370122	30	30
0.11358	0.00000000379761	30	30
0.11348	0.00000000369191	30	30
0.11346	0.00000000375997	30	30
0.11382	0.00000000369883	30	30
0.11356	0.00000000366564	30	30
0.11316	0.00000000373609	30	30
0.11385	0.00000000375706	30	30
0.11347	0.00000000371960	30	30
0.11351	0.00000000380340	30	30
0.11344	0.00000000370280	30	30
0.11358	0.00000000376504	30	30
0.11381	0.00000000369835	30	30
0.11329	0.00000000368338	30	30
0.11340	0.00000000377413	30	30
0.11350	0.00000000368200	30	30
0.11387	0.00000000378725	30	30
0.11355	0.00000000366730	30	30
0.11339	0.00000000375624	30	30
0.11356	0.00000000365880	30	30
0.11353	0.00000000371449	30	30
0.11374	0.00000000384493	30	30
0.11348	0.00000000380093	30	30
0.11352	0.00000000371909	30	30
0.11346	0.00000000376218	30	30
0.11366	0.00000000370369	30	30
0.11364	0.00000000371549	30	30
0.11340	0.00000000377065	30	30
0.11336	0.00000000367794	30	30
0.11323	0.00000000370471	30	30
0.11394	0.00000000376066	30	30
0.11358	0.00000000367190	30	30
0.11337	0.00000000366453	30	30
0.11359	0.00000000372729	30	30
0.11357	0.00000000372254	30	30
0.11339	0.00000000379436	30	30
0.11350	0.00000000368957	30	30
0.11357	0.00000000369788	30	30
0.11340	0.00000000377231	30	30
0.11384	0.00000000371327	30	30
0.11316	0.00000000376315	30	30
0.11357	0.00000000367094	30	30
0.11376	0.00000000376909	30	30
0.11345	0.00000000367810	30	30
0.11405	0.00000000375677	30	30
0.11291	0.00000000364529	30	30
0.11349	0.00000000372334	30	30
0.11450	0.00000000387298	30	30
0.11348	0.00000000380032	30	30
0.11356	0.00000000371353	30	30
0.11362	0.00000000366811	30	30
0.11328	0.00000000378469	30	30
0.11393	0.00000000370313	30	30
0.11316	0.00000000368451	30	30
0.11362	0.00000000376303	30	30
0.11329	0.00000000369129	30	30
0.11380	0.00000000376059	30	30
0.11347	0.00000000367382	30	30
0.11348	0.00000000375499	30	30
0.11371	0.00000000364689	30	30
0.11333	0.00000000371572	30	30
0.11366	0.00000000371762	30	30
0.11345	0.00000000377599	30	30
0.11347	0.00000000368269	30	30
0.11378	0.00000000380685	30	30
0.11363	0.00000000369062	30	30
0.11304	0.00000000367052	30	30
0.11357	0.00000000368411	30	30
0.11383	0.00000000377007	30	30
0.11338	0.00000000375833	30	30
0.11364	0.00000000366601	30	30
0.11352	0.00000000374700	30	30
0.11337	0.00000000371110	30	30
0.11361	0.00000000373202	30	30
0.11354	0.00000000370041	30	30
0.11349	0.00000000367708	30	30
0.11344	0.00000000379905	30	30
0.11373	0.00000000370223	30	30
0.11339	0.00000000377251	30	30
0.11334	0.00000000369339	30	30
0.11353	0.00000000367948	30	30
0.11377	0.00000000376441	30	30
0.11351	0.00000000368770	30	30
0.11353	0.00000000372820	30	30
0.11355	0.00000000364229	30	30
0.13988	0.00000000678695	30	30
0.11365	0.00000000382017	30	30
0.11340	0.00000000371089	30	30
0.11339	0.00000000368592	30	30
0.11372	0.00000000369708	30	30
0.11369	0.00000000378528	30	30
0.11339	0.00000000376695	30	30
0.11328	0.00000000370021	30	30
0.11353	0.00000000367463	30	30
0.11389	0.00000000367880	30	30
0.11336	0.00000000377281	30	30
0.11362	0.00000000374463	30	30
0.11360	0.00000000366256	30	30
0.11328	0.00000000372889	30	30
0.11355	0.00000000372249	30	30
0.11387	0.00000000369993	30	30
0.11313	0.00000000376958	30	30
0.11336	0.00000000378817	30	30
0.11392	0.00000000368978	30	30
0.11305	0.00000000370098	30	30
0.11359	0.00000000368613	30	30
0.11375	0.00000000376650	30	30
0.11341	0.00000000376265	30	30
0.11367	0.00000000368664	30	30
0.11346	0.00000000364733	30	30
0.11339	0.00000000373358	30	30
0.11353	0.00000000371907	30	30
0.11360	0.00000000370969	30	30
0.11338	0.00000000369337	30	30
0.11361	0.00000000378763	30	30
0.11364	0.00000000369753	30	30
0.11332	0.00000000377683	30	30
0.11348	0.00000000369454	30	30
0.11343	0.00000000368456	30	30
0.11349	0.00000000376765	30	30
0.11385	0.00000000368852	30	30
0.11347	0.00000000374534	30	30
0.11317	0.00000000364880	30	30
0.11363	0.00000000373816	30	30
0.11365	0.00000000380417	30	30
0.11331	0.00000000369963	30	30
0.11378	0.00000000367644	30	30
0.11324	0.00000000378314	30	30
0.11371	0.00000000371088	30	30
0.11331	0.00000000377148	30	30
0.11349	0.00000000370395	30	30
0.11340	0.00000000367502	30	30
0.11387	0.00000000378749	30	30
0.11351	0.00000000366176	30	30
0.11311	0.00000000366724	30	30
0.11394	0.00000000373823	30	30
0.11350	0.00000000371954	30	30
0.11344	0.00000000372334	30	30
0.11359	0.00000000370132	30	30
0.11365	0.00000000376821	30	30
0.11350	0.00000000370052	30	30
0.11330	0.00000000378317	30	30
0.11349	0.00000000368718	30	30
0.11330	0.00000000376020	30	30
0.11396	0.00000000368911	30	30
0.11343	0.00000000368155	30	30
0.11340	0.00000000375372	30	30
0.11380	0.00000000373208	30	30
0.11309	0.00000000364537	30	30
0.11426	0.00000000518488	30	30
0.11543	0.00000000404890	30	30
0.11393	0.00000000374027	30	30
0.11353	0.00000000373536	30	30
0.11358	0.00000000369601	30	30
0.11436	0.00000000375309	30	30
0.11391	0.00000000383640	30	30
0.11422	0.00000000373838	30	30
0.11372	0.00000000373331	30	30
0.11433	0.00000000382811	30	30
0.11438	0.00000000373164	30	30
0.11404	0.00000000372994	30	30
0.11487	0.00000000384537	30	30
0.11449	0.00000000371591	30	30
0.11406	0.00000000373874	30	30
0.11353	0.00000000380296	30	30
0.11343	0.00000000380257	30	30
0.11371	0.00000000368169	30	30
0.11375	0.00000000369371	30	30
0.11321	0.00000000378878	30	30
0.11391	0.00000000370313	30	30
0.11335	0.00000000375876	30	30
0.11327	0.00000000367487	30	30
0.11383	0.00000000368562	30	30
0.11350	0.00000000377167	30	30
0.11338	0.00000000366029	30	30
0.11368	0.00000000373975	30	30
0.11326	0.00000000364565	30	30
0.11525	0.00000000525214	30	30
0.11563	0.00000000395799	30	30
0.11341	0.00000000371422	30	30
0.11346	0.00000000381115	30	30
0.11362	0.00000000369685	30	30
0.11386	0.00000000377157	30	30
0.11312	0.00000000367457	30	30
0.11384	0.00000000371643	30	30
0.11320	0.00000000376738	30	30
0.11344	0.00000000367847	30	30
0.11374	0.00000000377671	30	30
0.11360	0.00000000368320	30	30
0.11349	0.00000000366930	30	30
0.11341	0.00000000376038	30	30
0.11358	0.00000000372780	30	30
0.11364	0.00000000374645	30	30
0.11359	0.00000000381227	30	30
0.11349	0.00000000368862	30	30
0.11352	0.00000000377944	30	30
0.11366	0.00000000370438	30	30
0.11329	0.00000000368989	30	30
0.11343	0.00000000377999	30	30
0.11350	0.00000000369827	30	30
0.11380	0.00000000376982	30	30
0.11353	0.00000000367752	30	30
0.11353	0.00000000367534	30	30
0.11352	0.00000000372988	30	30
0.11273	0.00000000372562	30	30
0.11341	0.00000000372397	30	30
0.11359	0.00000000373492	30	30
0.11353	0.00000000379726	30	30
0.11365	0.00000000367592	30	30
0.11330	0.00000000371220	30	30
0.11385	0.00000000378902	30	30
0.11322	0.00000000375943	30	30
0.11337	0.00000000369115	30	30
0.11391	0.00000000369414	30	30
0.11339	0.00000000375468	30	30
0.11345	0.00000000368481	30	30
0.11364	0.00000000374651	30	30
0.11359	0.00000000364222	30	30
0.11220	0.00000000390085	30	30
0.11353	0.00000000373447	30	30
0.11356	0.00000000379851	30	30
0.11355	0.00000000368530	30	30
0.11373	0.00000000370479	30	30
0.11335	0.00000000377857	30	30
0.11346	0.00000000369575	30	30
0.11334	0.00000000378603	30	30
0.11348	0.00000000368184	30	30
0.11391	0.00000000369934	30	30
0.11329	0.00000000377404	30	30
0.11358	0.00000000365593	30	30
0.11355	0.00000000373535	30	30
0.11341	0.00000000372408	30	30
0.11356	0.00000000380338	30	30
0.11354	0.00000000370169	30	30
0.11340	0.00000000368735	30	30
0.11358	0.00000000370691	30	30
0.11383	0.00000000379798	30	30
0.11314	0.00000000377011	30	30
0.11354	0.00000000368287	30	30
0.11379	0.00000000369377	30	30
0.11340	0.00000000376779	30	30
0.11355	0.00000000368419	30	30
0.11371	0.00000000373959	30	30
0.11330	0.00000000363860	30	30
0.11386	0.00000000393491	30	30
0.11357	0.00000000381165	30	30
0.11347	0.00000000378424	30	30
0.11343	0.00000000369527	30	30
0.11394	0.00000000369690	30	30
0.11353	0.00000000378290	30	30
0.11304	0.00000000368044	30	30
0.11356	0.00000000378389	30	30
0.11344	0.00000000368207	30	30
0.11371	0.00000000369285	30	30
0.11360	0.00000000377686	30	30
0.11346	0.00000000373675	30	30
0.11334	0.00000000365341	30	30
0.11364	0.00000000383083	30	30
0.11348	0.00000000370856	30	30
0.11370	0.00000000370734	30	30
0.11357	0.00000000379100	30	30
0.11370	0.00000000368894	30	30
0.11360	0.00000000378056	30	30
0.11306	0.00000000369426	30	30
0.11351	0.00000000368260	30	30
0.11391	0.00000000378789	30	30
0.11324	0.00000000375436	30	30
0.11370	0.00000000368359	30	30
0.11352	0.00000000365295	30	30
0.11324	0.00000000373425	30	30
0.11346	0.00000000371457	30	30
0.11346	0.00000000370318	30	30
0.11355	0.00000000370698	30	30
0.11354	0.00000000379044	30	30
0.11398	0.00000000378878	30	30
0.11298	0.00000000370648	30	30
0.11357	0.00000000369406	30	30
0.11352	0.00000000369279	30	30
0.11359	0.00000000368836	30	30
0.11359	0.00000000377133	30	30
0.11353	0.00000000375067	30	30
0.11345	0.00000000365686	30	30
0.11354	0.00000000382750	30	30
0.11351	0.00000000371276	30	30
0.11347	0.00000000378762	30	30
0.11375	0.00000000369599	30	30
0.11368	0.00000000369053	30	30
0.11335	0.00000000378769	30	30
0.11314	0.00000000368809	30	30
0.11356	0.00000000375788	30	30
0.11374	0.00000000369743	30	30
0.11349	0.00000000369100	30	30
0.11360	0.00000000374669	30	30
0.11338	0.00000000374995	30	30
0.11356	0.00000000364137	30	30
0.11370	0.00000000373149	30	30
0.11333	0.00000000369826	30	30
0.11375	0.00000000377684	30	30
0.11320	0.00000000378970	30	30
0.11365	0.00000000371317	30	30
0.11342	0.00000000369940	30	30
0.11341	0.00000000368424	30	30
0.11343	0.00000000378687	30	30
0.11385	0.00000000369619	30	30
0.11342	0.00000000376198	30	30
0.11326	0.00000000365586	30	30
0.11381	0.00000000374771	30	30
0.11351	0.00000000371992	30	30
0.11337	0.00000000372365	30	30
0.11351	0.00000000369590	30	30
0.11366	0.00000000370168	30	30
0.11339	0.00000000379166	30	30
0.11386	0.00000000373835	30	30
0.11314	0.00000000375188	30	30
0.11345	0.00000000369722	30	30
0.11382	0.00000000370325	30	30
0.11352	0.00000000376627	30	30
0.11328	0.00000000373866	30	30
0.11378	0.00000000367484	30	30
0.11336	0.00000000364634	30	30
0.11352	0.00000000372120	30	30
0.11350	0.00000000371713	30	30
0.11356	0.00000000369438	30	30
0.11363	0.00000000380604	30	30
0.11344	0.00000000372124	30	30
0.11357	0.00000000377988	30	30
0.11343	0.00000000369754	30	30
0.11345	0.00000000368037	30	30
0.11388	0.00000000369853	30	30
0.11350	0.00000000377039	30	30
0.11306	0.00000000374136	30	30
0.11397	0.00000000365605	30	30
0.11352	0.00000000381513	30	30
0.11339	0.00000000373705	30	30
0.11358	0.00000000369876	30	30
0.11363	0.00000000378080	30	30
0.11356	0.00000000370272	30	30
0.11361	0.00000000377847	30	30
0.11322	0.00000000368489	30	30
0.11329	0.00000000376829	30	30
0.11395	0.00000000369732	30	30
0.11346	0.00000000367954	30	30
0.11316	0.00000000375353	30	30
0.11391	0.00000000367275	30	30
0.11330	0.00000000373464	30	30
0.11336	0.00000000374046	30	30
0.11365	0.00000000371126	30	30
0.11379	0.00000000377506	30	30
0.11306	0.00000000370208	30	30
0.11396	0.00000000372587	30	30
0.11317	0.00000000376129	30	30
0.11345	0.00000000368964	30	30
0.11380	0.00000000369686	30	30
0.11359	0.00000000376390	30	30
0.11334	0.00000000376144	30	30
0.11364	0.00000000367154	30	30
0.11350	0.00000000364051	30	30
0.11342	0.00000000372291	30	30
0.11357	0.00000000372322	30	30
0.11355	0.00000000378162	30	30
0.11347	0.00000000369552	30	30
0.11366	0.00000000370805	30	30
0.11333	0.00000000378843	30	30
0.11350	0.00000000369792	30	30
0.11338	0.00000000369352	30	30
0.11395	0.00000000376987	30	30
0.11350	0.00000000368048	30	30
0.11328	0.00000000376067	30	30
0.11359	0.00000000373782	30	30
0.11339	0.00000000363799	30	30
0.11347	0.00000000372381	30	30
0.11339	0.00000000372450	30	30
0.11360	0.00000000369580	30	30
0.11394	0.00000000377803	30	30
0.11299	0.00000000370958	30	30
0.11386	0.00000000379474	30	30
0.11321	0.00000000369150	30	30
0.11338	0.00000000368017	30	30
0.11357	0.00000000370067	30	30
0.11386	0.00000000378195	30	30
0.11334	0.00000000376849	30	30
0.11360	0.00000000365891	30	30
0.11351	0.00000000365659	30	30
0.11350	0.00000000366154	30	30
0.11358	0.00000000379622	30	30
0.11350	0.00000000368349	30	30
0.11367	0.00000000370646	30	30
0.11362	0.00000000379906	30	30
0.11327	0.00000000369362	30	30
0.11350	0.00000000380150	30	30
0.11353	0.00000000369180	30	30
0.11375	0.00000000369108	30	30
0.11316	0.00000000368497	30	30
0.11387	0.00000000376111	30	30
0.11353	0.00000000374078	30	30
0.11272	0.00000000365508	30	30
0.11333	0.00000000372461	30	30
0.11362	0.00000000373544	30	30
0.11352	0.00000000368232	30	30
0.11344	0.00000000378888	30	30
0.11404	0.00000000380362	30	30
0.11334	0.00000000369117	30	30
0.11306	0.00000000368385	30	30
0.11357	0.00000000369041	30	30
0.11374	0.00000000378206	30	30
0.11338	0.00000000375593	30	30
0.11375	0.00000000370089	30	30
0.11345	0.00000000365520	30	30
0.11332	0.00000000372350	30	30
0.11353	0.00000000372635	30	30
0.11351	0.00000000371554	30	30
0.11342	0.00000000368739	30	30
0.11389	0.00000000378982	30	30
0.11336	0.00000000376783	30	30
0.11320	0.00000000369340	30	30
0.11357	0.00000000368065	30	30
0.11351	0.00000000369887	30	30
0.11382	0.00000000375892	30	30
0.11340	0.00000000376382	30	30
0.11354	0.00000000368221	30	30
0.11335	0.00000000363389	30	30
0.11248	0.00000000375596	30	30
0.11354	0.00000000373621	30	30
0.11346	0.00000000371742	30	30
0.11354	0.00000000378664	30	30
0.11340	0.00000000370896	30	30
0.11350	0.00000000379552	30	30
0.11389	0.00000000370644	30	30
0.11307	0.00000000368602	30	30
0.11351	0.00000000377781	30	30
0.11383	0.00000000368846	30	30
0.11342	0.00000000376480	30	30
0.11352	0.00000000367953	30	30
0.11348	0.00000000373941	30	30
0.11350	0.00000000373517	30	30
0.11314	0.00000000383359	30	30
0.11349	0.00000000373035	30	30
0.11359	0.00000000379791	30	30
0.11335	0.00000000369756	30	30
0.11376	0.00000000378751	30	30
0.11329	0.00000000370127	30	30
0.11334	0.00000000371181	30	30
0.11364	0.00000000370377	30	30
0.11345	0.00000000377961	30	30
0.11369	0.00000000371394	30	30
0.11359	0.00000000377494	30	30
0.11354	0.00000000366455	30	30
0.11324	0.00000000365686	30	30
0.11357	0.00000000373762	30	30
0.11348	0.00000000372499	30	30
0.11352	0.00000000369200	30	30
0.11342	0.00000000371660	30	30
0.11358	0.00000000380542	30	30
0.11395	0.00000000370141	30	30
0.11320	0.00000000379769	30	30
0.11352	0.00000000368239	30	30
0.11385	0.00000000369077	30	30
0.11348	0.00000000377443	30	30
0.11340	0.00000000375738	30	30
0.11372	0.00000000365733	30	30
0.11329	0.00000000364246	30	30
0.11385	0.00000000394887	30	30
0.13997	0.00000000703118	30	30
0.11351	0.00000000372847	30	30
0.11346	0.00000000370671	30	30
0.11356	0.00000000369850	30	30
0.11374	0.00000000379481	30	30
0.11348	0.00000000377262	30	30
0.11349	0.00000000370883	30	30
0.11320	0.00000000368511	30	30
0.11353	0.00000000377065	30	30
0.11373	0.00000000369896	30	30
0.11361	0.00000000377464	30	30
0.11342	0.00000000365637	30	30
0.11344	0.00000000366444	30	30
0.11350	0.00000000373407	30	30
0.11362	0.00000000380701	30	30
0.11334	0.00000000371467	30	30
0.11348	0.00000000369100	30	30
0.11362	0.00000000380133	30	30
0.11361	0.00000000369990	30	30
0.11327	0.00000000367422	30	30
0.11345	0.00000000377475	30	30
0.11381	0.00000000377917	30	30
0.11353	0.00000000368663	30	30
0.11358	0.00000000368008	30	30
0.11332	0.00000000375366	30	30
0.11356	0.00000000372831	30	30
0.11548	0.00000000391775	30	30
0.11350	0.00000000372113	30	30
0.11342	0.00000000371311	30	30
0.11352	0.00000000376070	30	30
0.11362	0.00000000370430	30	30
0.11337	0.00000000378961	30	30
0.11355	0.00000000369960	30	30
0.11344	0.00000000368665	30	30
0.11341	0.00000000378308	30	30
0.11386	0.00000000370221	30	30
0.11345	0.00000000377754	30	30
0.11322	0.00000000366371	30	30
0.11395	0.00000000367610	30	30
0.11397	0.00000000383532	30	30
0.11406	0.00000000375095	30	30
0.11396	0.00000000373404	30	30
0.11434	0.00000000383010	30	30
0.11440	0.00000000376945	30	30
0.11421	0.00000000374889	30	30
0.11452	0.00000000384136	30	30
0.11451	0.00000000371659	30	30
0.11445	0.00000000382456	30	30
0.11413	0.00000000376946	30	30
0.11400	0.00000000368046	30	30
0.11357	0.00000000374919	30	30
0.11289	0.00000000365207	30	30
0.11451	0.00000000416839	30	30
0.11362	0.00000000372111	30	30
0.11350	0.00000000380333	30	30
0.11349	0.00000000368878	30	30
0.11356	0.00000000371394	30	30
0.11382	0.00000000379516	30	30
0.11323	0.00000000369246	30	30
0.11351	0.00000000379617	30	30
0.11393	0.00000000369773	30	30
0.11336	0.00000000368325	30	30
0.11366	0.00000000378770	30	30
0.11350	0.00000000367128	30	30
0.11346	0.00000000373094	30	30
0.11359	0.00000000374247	30	30
0.11346	0.00000000380764	30	30
0.11346	0.00000000369169	30	30
0.11363	0.00000000380049	30	30
0.11366	0.00000000370462	30	30
0.11318	0.00000000370715	30	30
0.11355	0.00000000370991	30	30
0.11352	0.00000000378208	30	30
0.11396	0.00000000377641	30	30
0.11339	0.00000000369017	30	30
0.11352	0.00000000366424	30	30
0.11354	0.00000000374254	30	30
0.11327	0.00000000374341	30	30
0.11351	0.00000000372125	30	30
0.11358	0.00000000369230	30	30
0.11370	0.00000000369472	30	30
0.11321	0.00000000378268	30	30
0.11394	0.00000000379358	30	30
0.11304	0.00000000370118	30	30
0.11351	0.00000000368545	30	30
0.11352	0.00000000370618	30	30
0.11371	0.00000000379088	30	30
0.11357	0.00000000368598	30	30
0.11355	0.00000000373094	30	30
0.11337	0.00000000365688	30	30
0.13990	0.00000000690082	30	30
0.11347	0.00000000380721	30	30
0.11352	0.00000000372435	30	30
0.11354	0.00000000369926	30	30
0.11356	0.00000000370529	30	30
0.11370	0.00000000378752	30	30
0.11310	0.00000000370303	30	30
0.11354	0.00000000371890	30	30
0.11356	0.00000000377936	30	30
0.11362	0.00000000369966	30	30
0.11360	0.00000000378481	30	30
0.11359	0.00000000366855	30	30
0.11343	0.00000000374888	30	30
0.11315	0.00000000364102	30	30
0.11348	0.00000000372261	30	30
0.11361	0.00000000372785	30	30
0.11332	0.00000000379859	30	30
0.11384	0.00000000369225	30	30
0.11327	0.00000000379331	30	30
0.11367	0.00000000371747	30	30
0.11325	0.00000000369794	30	30
0.11346	0.00000000378179	30	30
0.11343	0.00000000369668	30	30
0.11386	0.00000000378920	30	30
0.11364	0.00000000369005	30	30
0.11302	0.00000000366094	30	30
0.11391	0.00000000375132	30	30
0.11356	0.00000000373493	30	30
0.11332	0.00000000371826	30	30
0.11359	0.00000000369494	30	30
0.11374	0.00000000379737	30	30
0.11343	0.00000000378145	30	30
0.11334	0.00000000370207	30	30
0.11346	0.00000000368961	30	30
0.11336	0.00000000377881	30	30
0.11381	0.00000000370666	30	30
0.11380	0.00000000378223	30	30
0.11313	0.00000000365956	30	30
0.11392	0.00000000376693	30	30
0.11337	0.00000000370672	30	30
0.11334	0.00000000383821	30	30
0.11370	0.00000000370273	30	30
0.11354	0.00000000370775	30	30
0.11342	0.00000000377859	30	30
0.11376	0.00000000372289	30	30
0.11320	0.00000000370641	30	30
0.11349	0.00000000377736	30	30
0.11374	0.00000000370414	30	30
0.11360	0.00000000376085	30	30
0.11355	0.00000000368612	30	30
0.11331	0.00000000376101	30	30
0.11368	0.00000000364357	30	30
0.11288	0.00000000391566	30	30
0.11344	0.00000000372626	30	30
0.11368	0.00000000381481	30	30
0.11345	0.00000000368827	30	30
0.11359	0.00000000371574	30	30
0.11350	0.00000000379398	30	30
0.11340	0.00000000370876	30	30
0.11380	0.00000000369738	30	30
0.11320	0.00000000378360	30	30
0.11373	0.00000000369000	30	30
0.11359	0.00000000377778	30	30
0.11332	0.00000000367474	30	30
0.11367	0.00000000374814	30	30
0.11345	0.00000000382280	30	30
0.11347	0.00000000371995	30	30
0.11358	0.00000000371208	30	30
0.11345	0.00000000369747	30	30
0.11349	0.00000000380576	30	30
0.11381	0.00000000371957	30	30
0.11317	0.00000000376314	30	30
0.11355	0.00000000369413	30	30
0.11365	0.00000000370807	30	30
0.11367	0.00000000376997	30	30
0.11343	0.00000000376681	30	30
0.11347	0.00000000368431	30	30
0.11353	0.00000000365500	30	30
0.11296	0.00000000394303	30	30
0.11331	0.00000000372568	30	30
0.11372	0.00000000381438	30	30
0.11342	0.00000000369374	30	30
0.11366	0.00000000369717	30	30
0.11334	0.00000000380767	30	30
0.11383	0.00000000369634	30	30
0.11308	0.00000000377352	30	30
0.11350	0.00000000370904	30	30
0.11393	0.00000000369479	30	30
0.11341	0.00000000377309	30	30
0.11345	0.00000000368068	30	30
0.11365	0.00000000373724	30	30
0.11346	0.00000000372961	30	30
0.11347	0.00000000372114	30	30
0.11353	0.00000000379925	30	30
0.11348	0.00000000370210	30	30
0.11340	0.00000000369894	30	30
0.11387	0.00000000380817	30	30
0.11315	0.00000000368854	30	30
0.11347	0.00000000377453	30	30
0.11389	0.00000000371041	30	30
0.11350	0.00000000367687	30	30
0.11324	0.00000000377350	30	30
0.11396	0.00000000377809	30	30
0.11348	0.00000000363887	30	30
0.11416	0.00000000389637	30	30
0.14101	0.00000000693297	30	30
0.11339	0.00000000373896	30	30
0.11355	0.00000000380334	30	30
0.11356	0.00000000368891	30	30
0.11345	0.00000000371550	30	30
0.11380	0.00000000371741	30	30
0.11315	0.00000000377994	30	30
0.11339	0.00000000370589	30	30
0.11361	0.00000000378413	30	30
0.11376	0.00000000371484	30	30
0.11321	0.00000000367018	30	30
0.11376	0.00000000369939	30	30
0.11359	0.00000000381859	30	30
0.14065	0.00000000701361	30	30
0.11334	0.00000000373800	30	30
0.11364	0.00000000374746	30	30
0.11349	0.00000000369466	30	30
0.11351	0.00000000380392	30	30
0.11380	0.00000000370868	30	30
0.11337	0.00000000379167	30	30
0.11339	0.00000000369673	30	30
0.11347	0.00000000368568	30	30
0.11374	0.00000000379341	30	30
0.11345	0.00000000377232	30	30
0.11368	0.00000000368254	30	30
0.11349	0.00000000366971	30	30
0.11329	0.00000000374454	30	30
0.11363	0.00000000381711	30	30
0.11351	0.00000000371709	30	30
0.11342	0.00000000369079	30	30
0.11350	0.00000000372746	30	30
0.11348	0.00000000380296	30	30
0.11361	0.00000000370988	30	30
0.11335	0.00000000379390	30	30
0.11350	0.00000000369168	30	30
0.11386	0.00000000369797	30	30
0.11342	0.00000000378573	30	30
0.11353	0.00000000365343	30	30
0.11347	0.00000000373827	30	30
0.11356	0.00000000373873	30	30
0.11413	0.00000000372660	30	30
0.11282	0.00000000375376	30	30
0.11353	0.00000000372577	30	30
0.11388	0.00000000379494	30	30
0.11325	0.00000000369588	30	30
0.11329	0.00000000371968	30	30
0.11357	0.00000000377227	30	30
0.11426	0.00000000370306	30	30
0.11297	0.00000000366040	30	30
0.11351	0.00000000375588	30	30
0.11361	0.00000000372091	30	30
0.11342	0.00000000367058	30	30
0.11345	0.00000000372555	30	30
0.11359	0.00000000370925	30	30
0.11348	0.00000000369663	30	30
0.11336	0.00000000380958	30	30
0.11389	0.00000000371271	30	30
0.11311	0.00000000378777	30	30
0.11358	0.00000000371052	30	30
0.11359	0.00000000369593	30	30
0.11335	0.00000000378255	30	30
0.11391	0.00000000371193	30	30
0.11349	0.00000000374890	30	30
0.11339	0.00000000365688	30	30
0.11359	0.00000000374274	30	30
0.11352	0.00000000379056	30	30
0.11340	0.00000000370001	30	30
0.11357	0.00000000370212	30	30
0.11373	0.00000000379318	30	30
0.11343	0.00000000369451	30	30
0.11336	0.00000000369172	30	30
0.11345	0.00000000376688	30	30
0.11345	0.00000000370280	30	30
0.11386	0.00000000378966	30	30
0.11357	0.00000000365490	30	30
0.11314	0.00000000375661	30	30
0.11357	0.00000000366507	30	30
=============================================================================

============================ Tabulate Statistics ============================
PWR_PKG_ENERGY	INST_RETIRED	TOR_OCCUPANCY	RR_OCCUPANCY	TIPI	L3_MISS	L2_MISS	TIME	
12609.914856	3179820703930	182601508881	182603907392	0.114851	2176834506	3799364577	78777.291762	
=============================================================================

============================ TIPI SLAB Statistics ============================

==============================================================================
===== Test PASSED in 0.0 msec =====
