Testing exp: 0.000000

-----
mkdir timedrun fake

Input(case 0): nx=32768, ny=32768, nt=200, leafmaxcol=8
Heat started...
Heat ended...

Heat
 dx =  0.000048
  dy =  0.000048
  dt =  0.000000
  Stability Value for explicit method must be > 0: 0.064855
 Options: granularity = 8
         nx          = 32768
         ny          = 32768
         nt          = 200

============================ Tabulate Statistics ============================
PWR_PKG_ENERGY	INST_RETIRED	TOR_OCCUPANCY	RR_OCCUPANCY	TIPI	L3_MISS	L2_MISS	TIME	RANGE_L	RANGE_R	DISTINCT_SLABS	OPT_CORE_SLABS	OPT_UNCORE_SLABS	0.06400_0.06800_PERC	0.06400_0.06800_CF	0.06400_0.06800_UF	0.06400_0.06800_CT	0.06400_0.06800_UT	
10752.171326	3894977100468	130187614886	130188638682	0.066849	391782710	2782336496	80361.461104	0.060000	0.076000	4	3	1	0.959423	12	22	65	54	
=============================================================================

============================ TIPI SLAB Statistics ============================

================================= TIPI =======================================
TIPI SLAB	 0.060000 - 0.064000
============================ CORE Statistics ============================
L	 12
R	 23
OPTIMUM CORE FREQUENCY	 -1
JPI[0]	JPI[1]	JPI[2]	JPI[3]	JPI[4]	JPI[5]	JPI[6]	JPI[7]	JPI[8]	JPI[9]	JPI[10]	JPI[11]	
0.0000000000	0.0000000000	0.0000000000	0.0000000000	0.0000000000	0.0000000000	0.0000000000	0.0000000000	0.0000000000	0.0000000000	0.0000000000	0.0000000000	
============================ UNCORE Statistics ============================
LU	 12
RU	 22
LG	 0
RG	 0
OPTIMUM UNCORE FREQUENCY	 0
JPIU[0]	JPIU[1]	JPIU[2]	JPIU[3]	JPIU[4]	JPIU[5]	JPIU[6]	JPIU[7]	JPIU[8]	JPIU[9]	JPIU[10]	JPIU[11]	JPIU[12]	JPIU[13]	JPIU[14]	JPIU[15]	JPIU[16]	JPIU[17]	JPIU[18]	
0.0000000000	0.0000000000	0.0000000000	0.0000000000	0.0000000000	0.0000000000	0.0000000000	0.0000000000	0.0000000000	0.0000000000	0.0000000000	0.0000000000	0.0000000000	0.0000000000	0.0000000000	0.0000000000	0.0000000000	0.0000000000	0.0000000000	
==============================================================================

================================= TIPI =======================================
TIPI SLAB	 0.064000 - 0.068000
============================ CORE Statistics ============================
L	 12
R	 13
OPTIMUM CORE FREQUENCY	 12
JPI[0]	JPI[1]	JPI[2]	JPI[3]	JPI[4]	JPI[5]	JPI[6]	JPI[7]	JPI[8]	JPI[9]	JPI[10]	JPI[11]	
0.0000000032	0.0000000032	0.0000000000	0.0000000032	0.0000000000	0.0000000033	0.0000000000	0.0000000035	0.0000000000	0.0000000036	0.0000000000	0.0000000037	
============================ UNCORE Statistics ============================
LU	 22
RU	 22
LG	 22
RG	 30
OPTIMUM UNCORE FREQUENCY	 22
JPIU[0]	JPIU[1]	JPIU[2]	JPIU[3]	JPIU[4]	JPIU[5]	JPIU[6]	JPIU[7]	JPIU[8]	JPIU[9]	JPIU[10]	JPIU[11]	JPIU[12]	JPIU[13]	JPIU[14]	JPIU[15]	JPIU[16]	JPIU[17]	JPIU[18]	
0.0000000000	0.0000000000	0.0000000000	0.0000000000	0.0000000000	0.0000000000	0.0000000000	0.0000000000	0.0000000000	0.0000000000	0.0000000027	0.0000000000	0.0000000028	0.0000000000	0.0000000029	0.0000000000	0.0000000030	0.0000000000	0.0000000032	
==============================================================================

================================= TIPI =======================================
TIPI SLAB	 0.068000 - 0.072000
============================ CORE Statistics ============================
L	 12
R	 12
OPTIMUM CORE FREQUENCY	 12
JPI[0]	JPI[1]	JPI[2]	JPI[3]	JPI[4]	JPI[5]	JPI[6]	JPI[7]	JPI[8]	JPI[9]	JPI[10]	JPI[11]	
0.0000000032	0.0000000000	0.0000000000	0.0000000000	0.0000000000	0.0000000000	0.0000000000	0.0000000000	0.0000000000	0.0000000000	0.0000000000	0.0000000000	
============================ UNCORE Statistics ============================
LU	 22
RU	 30
LG	 22
RG	 30
OPTIMUM UNCORE FREQUENCY	 -1
JPIU[0]	JPIU[1]	JPIU[2]	JPIU[3]	JPIU[4]	JPIU[5]	JPIU[6]	JPIU[7]	JPIU[8]	JPIU[9]	JPIU[10]	JPIU[11]	JPIU[12]	JPIU[13]	JPIU[14]	JPIU[15]	JPIU[16]	JPIU[17]	JPIU[18]	
0.0000000000	0.0000000000	0.0000000000	0.0000000000	0.0000000000	0.0000000000	0.0000000000	0.0000000000	0.0000000000	0.0000000000	0.0000000000	0.0000000000	0.0000000000	0.0000000000	0.0000000000	0.0000000000	0.0000000000	0.0000000000	0.0000000032	
==============================================================================

================================= TIPI =======================================
TIPI SLAB	 0.072000 - 0.076000
============================ CORE Statistics ============================
L	 12
R	 12
OPTIMUM CORE FREQUENCY	 12
JPI[0]	JPI[1]	JPI[2]	JPI[3]	JPI[4]	JPI[5]	JPI[6]	JPI[7]	JPI[8]	JPI[9]	JPI[10]	JPI[11]	
0.0000000000	0.0000000000	0.0000000000	0.0000000000	0.0000000000	0.0000000000	0.0000000000	0.0000000000	0.0000000000	0.0000000000	0.0000000000	0.0000000000	
============================ UNCORE Statistics ============================
LU	 12
RU	 30
LG	 0
RG	 0
OPTIMUM UNCORE FREQUENCY	 0
JPIU[0]	JPIU[1]	JPIU[2]	JPIU[3]	JPIU[4]	JPIU[5]	JPIU[6]	JPIU[7]	JPIU[8]	JPIU[9]	JPIU[10]	JPIU[11]	JPIU[12]	JPIU[13]	JPIU[14]	JPIU[15]	JPIU[16]	JPIU[17]	JPIU[18]	
0.0000000000	0.0000000000	0.0000000000	0.0000000000	0.0000000000	0.0000000000	0.0000000000	0.0000000000	0.0000000000	0.0000000000	0.0000000000	0.0000000000	0.0000000000	0.0000000000	0.0000000000	0.0000000000	0.0000000000	0.0000000000	0.0000000000	
==============================================================================

==============================================================================
===== Test PASSED in 0.0 msec =====
Testing exp: 0.000000

-----
mkdir timedrun fake

Input(case 0): nx=32768, ny=32768, nt=200, leafmaxcol=8
Heat started...
Heat ended...

Heat
 dx =  0.000048
  dy =  0.000048
  dt =  0.000000
  Stability Value for explicit method must be > 0: 0.064855
 Options: granularity = 8
         nx          = 32768
         ny          = 32768
         nt          = 200

============================ Tabulate Statistics ============================
PWR_PKG_ENERGY	INST_RETIRED	TOR_OCCUPANCY	RR_OCCUPANCY	TIPI	L3_MISS	L2_MISS	TIME	RANGE_L	RANGE_R	DISTINCT_SLABS	OPT_CORE_SLABS	OPT_UNCORE_SLABS	0.06400_0.06800_PERC	0.06400_0.06800_CF	0.06400_0.06800_UF	0.06400_0.06800_CT	0.06400_0.06800_UT	
10821.220276	3895212888649	130239110878	130242575445	0.066872	388240245	2721896810	80632.492780	0.060000	0.072000	3	2	1	0.958001	12	22	68	51	
=============================================================================

============================ TIPI SLAB Statistics ============================

================================= TIPI =======================================
TIPI SLAB	 0.060000 - 0.064000
============================ CORE Statistics ============================
L	 12
R	 23
OPTIMUM CORE FREQUENCY	 -1
JPI[0]	JPI[1]	JPI[2]	JPI[3]	JPI[4]	JPI[5]	JPI[6]	JPI[7]	JPI[8]	JPI[9]	JPI[10]	JPI[11]	
0.0000000000	0.0000000000	0.0000000000	0.0000000000	0.0000000000	0.0000000000	0.0000000000	0.0000000000	0.0000000000	0.0000000000	0.0000000000	0.0000000000	
============================ UNCORE Statistics ============================
LU	 12
RU	 22
LG	 0
RG	 0
OPTIMUM UNCORE FREQUENCY	 0
JPIU[0]	JPIU[1]	JPIU[2]	JPIU[3]	JPIU[4]	JPIU[5]	JPIU[6]	JPIU[7]	JPIU[8]	JPIU[9]	JPIU[10]	JPIU[11]	JPIU[12]	JPIU[13]	JPIU[14]	JPIU[15]	JPIU[16]	JPIU[17]	JPIU[18]	
0.0000000000	0.0000000000	0.0000000000	0.0000000000	0.0000000000	0.0000000000	0.0000000000	0.0000000000	0.0000000000	0.0000000000	0.0000000000	0.0000000000	0.0000000000	0.0000000000	0.0000000000	0.0000000000	0.0000000000	0.0000000000	0.0000000000	
==============================================================================

================================= TIPI =======================================
TIPI SLAB	 0.064000 - 0.068000
============================ CORE Statistics ============================
L	 12
R	 13
OPTIMUM CORE FREQUENCY	 12
JPI[0]	JPI[1]	JPI[2]	JPI[3]	JPI[4]	JPI[5]	JPI[6]	JPI[7]	JPI[8]	JPI[9]	JPI[10]	JPI[11]	
0.0000000032	0.0000000032	0.0000000000	0.0000000033	0.0000000000	0.0000000033	0.0000000000	0.0000000035	0.0000000000	0.0000000036	0.0000000000	0.0000000037	
============================ UNCORE Statistics ============================
LU	 22
RU	 22
LG	 22
RG	 30
OPTIMUM UNCORE FREQUENCY	 22
JPIU[0]	JPIU[1]	JPIU[2]	JPIU[3]	JPIU[4]	JPIU[5]	JPIU[6]	JPIU[7]	JPIU[8]	JPIU[9]	JPIU[10]	JPIU[11]	JPIU[12]	JPIU[13]	JPIU[14]	JPIU[15]	JPIU[16]	JPIU[17]	JPIU[18]	
0.0000000000	0.0000000000	0.0000000000	0.0000000000	0.0000000000	0.0000000000	0.0000000000	0.0000000000	0.0000000000	0.0000000000	0.0000000027	0.0000000000	0.0000000028	0.0000000000	0.0000000029	0.0000000000	0.0000000030	0.0000000000	0.0000000032	
==============================================================================

================================= TIPI =======================================
TIPI SLAB	 0.068000 - 0.072000
============================ CORE Statistics ============================
L	 12
R	 13
OPTIMUM CORE FREQUENCY	 12
JPI[0]	JPI[1]	JPI[2]	JPI[3]	JPI[4]	JPI[5]	JPI[6]	JPI[7]	JPI[8]	JPI[9]	JPI[10]	JPI[11]	
0.0000000032	0.0000000000	0.0000000000	0.0000000000	0.0000000000	0.0000000000	0.0000000000	0.0000000000	0.0000000000	0.0000000000	0.0000000000	0.0000000000	
============================ UNCORE Statistics ============================
LU	 22
RU	 30
LG	 22
RG	 30
OPTIMUM UNCORE FREQUENCY	 -1
JPIU[0]	JPIU[1]	JPIU[2]	JPIU[3]	JPIU[4]	JPIU[5]	JPIU[6]	JPIU[7]	JPIU[8]	JPIU[9]	JPIU[10]	JPIU[11]	JPIU[12]	JPIU[13]	JPIU[14]	JPIU[15]	JPIU[16]	JPIU[17]	JPIU[18]	
0.0000000000	0.0000000000	0.0000000000	0.0000000000	0.0000000000	0.0000000000	0.0000000000	0.0000000000	0.0000000000	0.0000000000	0.0000000000	0.0000000000	0.0000000000	0.0000000000	0.0000000000	0.0000000000	0.0000000000	0.0000000000	0.0000000032	
==============================================================================

==============================================================================
===== Test PASSED in 0.0 msec =====
Testing exp: 0.000000

-----
mkdir timedrun fake

Input(case 0): nx=32768, ny=32768, nt=200, leafmaxcol=8
Heat started...
Heat ended...

Heat
 dx =  0.000048
  dy =  0.000048
  dt =  0.000000
  Stability Value for explicit method must be > 0: 0.064855
 Options: granularity = 8
         nx          = 32768
         ny          = 32768
         nt          = 200

============================ Tabulate Statistics ============================
PWR_PKG_ENERGY	INST_RETIRED	TOR_OCCUPANCY	RR_OCCUPANCY	TIPI	L3_MISS	L2_MISS	TIME	RANGE_L	RANGE_R	DISTINCT_SLABS	OPT_CORE_SLABS	OPT_UNCORE_SLABS	0.06400_0.06800_PERC	0.06400_0.06800_CF	0.06400_0.06800_UF	0.06400_0.06800_CT	0.06400_0.06800_UT	
10803.709656	3895704227898	130267601673	130270429765	0.066878	387644145	2725580572	80472.814784	0.060000	0.072000	3	2	1	0.955804	12	22	63	50	
=============================================================================

============================ TIPI SLAB Statistics ============================

================================= TIPI =======================================
TIPI SLAB	 0.060000 - 0.064000
============================ CORE Statistics ============================
L	 12
R	 23
OPTIMUM CORE FREQUENCY	 -1
JPI[0]	JPI[1]	JPI[2]	JPI[3]	JPI[4]	JPI[5]	JPI[6]	JPI[7]	JPI[8]	JPI[9]	JPI[10]	JPI[11]	
0.0000000000	0.0000000000	0.0000000000	0.0000000000	0.0000000000	0.0000000000	0.0000000000	0.0000000000	0.0000000000	0.0000000000	0.0000000000	0.0000000000	
============================ UNCORE Statistics ============================
LU	 12
RU	 22
LG	 0
RG	 0
OPTIMUM UNCORE FREQUENCY	 0
JPIU[0]	JPIU[1]	JPIU[2]	JPIU[3]	JPIU[4]	JPIU[5]	JPIU[6]	JPIU[7]	JPIU[8]	JPIU[9]	JPIU[10]	JPIU[11]	JPIU[12]	JPIU[13]	JPIU[14]	JPIU[15]	JPIU[16]	JPIU[17]	JPIU[18]	
0.0000000000	0.0000000000	0.0000000000	0.0000000000	0.0000000000	0.0000000000	0.0000000000	0.0000000000	0.0000000000	0.0000000000	0.0000000000	0.0000000000	0.0000000000	0.0000000000	0.0000000000	0.0000000000	0.0000000000	0.0000000000	0.0000000000	
==============================================================================

================================= TIPI =======================================
TIPI SLAB	 0.064000 - 0.068000
============================ CORE Statistics ============================
L	 12
R	 13
OPTIMUM CORE FREQUENCY	 12
JPI[0]	JPI[1]	JPI[2]	JPI[3]	JPI[4]	JPI[5]	JPI[6]	JPI[7]	JPI[8]	JPI[9]	JPI[10]	JPI[11]	
0.0000000032	0.0000000032	0.0000000000	0.0000000033	0.0000000000	0.0000000033	0.0000000000	0.0000000035	0.0000000000	0.0000000036	0.0000000000	0.0000000037	
============================ UNCORE Statistics ============================
LU	 22
RU	 22
LG	 22
RG	 30
OPTIMUM UNCORE FREQUENCY	 22
JPIU[0]	JPIU[1]	JPIU[2]	JPIU[3]	JPIU[4]	JPIU[5]	JPIU[6]	JPIU[7]	JPIU[8]	JPIU[9]	JPIU[10]	JPIU[11]	JPIU[12]	JPIU[13]	JPIU[14]	JPIU[15]	JPIU[16]	JPIU[17]	JPIU[18]	
0.0000000000	0.0000000000	0.0000000000	0.0000000000	0.0000000000	0.0000000000	0.0000000000	0.0000000000	0.0000000000	0.0000000000	0.0000000027	0.0000000000	0.0000000028	0.0000000000	0.0000000029	0.0000000000	0.0000000031	0.0000000000	0.0000000032	
==============================================================================

================================= TIPI =======================================
TIPI SLAB	 0.068000 - 0.072000
============================ CORE Statistics ============================
L	 12
R	 12
OPTIMUM CORE FREQUENCY	 12
JPI[0]	JPI[1]	JPI[2]	JPI[3]	JPI[4]	JPI[5]	JPI[6]	JPI[7]	JPI[8]	JPI[9]	JPI[10]	JPI[11]	
0.0000000032	0.0000000000	0.0000000000	0.0000000000	0.0000000000	0.0000000000	0.0000000000	0.0000000000	0.0000000000	0.0000000000	0.0000000000	0.0000000000	
============================ UNCORE Statistics ============================
LU	 22
RU	 30
LG	 22
RG	 30
OPTIMUM UNCORE FREQUENCY	 -1
JPIU[0]	JPIU[1]	JPIU[2]	JPIU[3]	JPIU[4]	JPIU[5]	JPIU[6]	JPIU[7]	JPIU[8]	JPIU[9]	JPIU[10]	JPIU[11]	JPIU[12]	JPIU[13]	JPIU[14]	JPIU[15]	JPIU[16]	JPIU[17]	JPIU[18]	
0.0000000000	0.0000000000	0.0000000000	0.0000000000	0.0000000000	0.0000000000	0.0000000000	0.0000000000	0.0000000000	0.0000000000	0.0000000000	0.0000000000	0.0000000000	0.0000000000	0.0000000000	0.0000000000	0.0000000000	0.0000000000	0.0000000032	
==============================================================================

==============================================================================
===== Test PASSED in 0.0 msec =====
Testing exp: 0.000000
Testing exp: 0.000000
Testing exp: 0.000000
Testing exp: 0.000000
Testing exp: 0.000000

-----
mkdir timedrun fake

Input(case 0): nx=32768, ny=32768, nt=200, leafmaxcol=8
Heat started...
Heat ended...

Heat
 dx =  0.000048
  dy =  0.000048
  dt =  0.000000
  Stability Value for explicit method must be > 0: 0.064855
 Options: granularity = 8
         nx          = 32768
         ny          = 32768
         nt          = 200

============================ Tabulate Statistics ============================
PWR_PKG_ENERGY	INST_RETIRED	TOR_OCCUPANCY	RR_OCCUPANCY	TIPI	L3_MISS	L2_MISS	TIME	RANGE_L	RANGE_R	DISTINCT_SLABS	OPT_CORE_SLABS	OPT_UNCORE_SLABS	0.06400_0.06800_PERC	0.06400_0.06800_CF	0.06400_0.06800_UF	0.06400_0.06800_CT	0.06400_0.06800_UT	
10795.673950	3894415883659	130235518145	130237846571	0.066884	397192166	2827575387	80337.599632	0.060000	0.072000	3	2	1	0.949279	12	22	65	52	
=============================================================================

============================ TIPI SLAB Statistics ============================

================================= TIPI =======================================
TIPI SLAB	 0.060000 - 0.064000
============================ CORE Statistics ============================
L	 12
R	 23
OPTIMUM CORE FREQUENCY	 -1
JPI[0]	JPI[1]	JPI[2]	JPI[3]	JPI[4]	JPI[5]	JPI[6]	JPI[7]	JPI[8]	JPI[9]	JPI[10]	JPI[11]	
0.0000000000	0.0000000000	0.0000000000	0.0000000000	0.0000000000	0.0000000000	0.0000000000	0.0000000000	0.0000000000	0.0000000000	0.0000000000	0.0000000000	
============================ UNCORE Statistics ============================
LU	 12
RU	 22
LG	 0
RG	 0
OPTIMUM UNCORE FREQUENCY	 0
JPIU[0]	JPIU[1]	JPIU[2]	JPIU[3]	JPIU[4]	JPIU[5]	JPIU[6]	JPIU[7]	JPIU[8]	JPIU[9]	JPIU[10]	JPIU[11]	JPIU[12]	JPIU[13]	JPIU[14]	JPIU[15]	JPIU[16]	JPIU[17]	JPIU[18]	
0.0000000000	0.0000000000	0.0000000000	0.0000000000	0.0000000000	0.0000000000	0.0000000000	0.0000000000	0.0000000000	0.0000000000	0.0000000000	0.0000000000	0.0000000000	0.0000000000	0.0000000000	0.0000000000	0.0000000000	0.0000000000	0.0000000000	
==============================================================================

================================= TIPI =======================================
TIPI SLAB	 0.064000 - 0.068000
============================ CORE Statistics ============================
L	 12
R	 13
OPTIMUM CORE FREQUENCY	 12
JPI[0]	JPI[1]	JPI[2]	JPI[3]	JPI[4]	JPI[5]	JPI[6]	JPI[7]	JPI[8]	JPI[9]	JPI[10]	JPI[11]	
0.0000000032	0.0000000032	0.0000000000	0.0000000032	0.0000000000	0.0000000033	0.0000000000	0.0000000034	0.0000000000	0.0000000036	0.0000000000	0.0000000037	
============================ UNCORE Statistics ============================
LU	 22
RU	 22
LG	 22
RG	 30
OPTIMUM UNCORE FREQUENCY	 22
JPIU[0]	JPIU[1]	JPIU[2]	JPIU[3]	JPIU[4]	JPIU[5]	JPIU[6]	JPIU[7]	JPIU[8]	JPIU[9]	JPIU[10]	JPIU[11]	JPIU[12]	JPIU[13]	JPIU[14]	JPIU[15]	JPIU[16]	JPIU[17]	JPIU[18]	
0.0000000000	0.0000000000	0.0000000000	0.0000000000	0.0000000000	0.0000000000	0.0000000000	0.0000000000	0.0000000000	0.0000000000	0.0000000027	0.0000000000	0.0000000028	0.0000000000	0.0000000029	0.0000000000	0.0000000030	0.0000000000	0.0000000032	
==============================================================================

================================= TIPI =======================================
TIPI SLAB	 0.068000 - 0.072000
============================ CORE Statistics ============================
L	 12
R	 12
OPTIMUM CORE FREQUENCY	 12
JPI[0]	JPI[1]	JPI[2]	JPI[3]	JPI[4]	JPI[5]	JPI[6]	JPI[7]	JPI[8]	JPI[9]	JPI[10]	JPI[11]	
0.0000000032	0.0000000000	0.0000000000	0.0000000000	0.0000000000	0.0000000000	0.0000000000	0.0000000000	0.0000000000	0.0000000000	0.0000000000	0.0000000000	
============================ UNCORE Statistics ============================
LU	 22
RU	 30
LG	 22
RG	 30
OPTIMUM UNCORE FREQUENCY	 -1
JPIU[0]	JPIU[1]	JPIU[2]	JPIU[3]	JPIU[4]	JPIU[5]	JPIU[6]	JPIU[7]	JPIU[8]	JPIU[9]	JPIU[10]	JPIU[11]	JPIU[12]	JPIU[13]	JPIU[14]	JPIU[15]	JPIU[16]	JPIU[17]	JPIU[18]	
0.0000000000	0.0000000000	0.0000000000	0.0000000000	0.0000000000	0.0000000000	0.0000000000	0.0000000000	0.0000000000	0.0000000000	0.0000000000	0.0000000000	0.0000000000	0.0000000000	0.0000000000	0.0000000000	0.0000000000	0.0000000000	0.0000000032	
==============================================================================

==============================================================================
===== Test PASSED in 0.0 msec =====
Testing exp: 0.000000

-----
mkdir timedrun fake

Input(case 0): nx=32768, ny=32768, nt=200, leafmaxcol=8
Heat started...
Heat ended...

Heat
 dx =  0.000048
  dy =  0.000048
  dt =  0.000000
  Stability Value for explicit method must be > 0: 0.064855
 Options: granularity = 8
         nx          = 32768
         ny          = 32768
         nt          = 200

============================ Tabulate Statistics ============================
PWR_PKG_ENERGY	INST_RETIRED	TOR_OCCUPANCY	RR_OCCUPANCY	TIPI	L3_MISS	L2_MISS	TIME	RANGE_L	RANGE_R	DISTINCT_SLABS	OPT_CORE_SLABS	OPT_UNCORE_SLABS	0.06400_0.06800_PERC	0.06400_0.06800_CF	0.06400_0.06800_UF	0.06400_0.06800_CT	0.06400_0.06800_UT	
10858.637756	3895406530121	130341632459	130345418159	0.066922	391899368	2713678707	81106.923847	0.060000	0.072000	3	2	1	0.964078	12	22	63	52	
=============================================================================

============================ TIPI SLAB Statistics ============================

================================= TIPI =======================================
TIPI SLAB	 0.060000 - 0.064000
============================ CORE Statistics ============================
L	 12
R	 23
OPTIMUM CORE FREQUENCY	 -1
JPI[0]	JPI[1]	JPI[2]	JPI[3]	JPI[4]	JPI[5]	JPI[6]	JPI[7]	JPI[8]	JPI[9]	JPI[10]	JPI[11]	
0.0000000000	0.0000000000	0.0000000000	0.0000000000	0.0000000000	0.0000000000	0.0000000000	0.0000000000	0.0000000000	0.0000000000	0.0000000000	0.0000000000	
============================ UNCORE Statistics ============================
LU	 12
RU	 22
LG	 0
RG	 0
OPTIMUM UNCORE FREQUENCY	 0
JPIU[0]	JPIU[1]	JPIU[2]	JPIU[3]	JPIU[4]	JPIU[5]	JPIU[6]	JPIU[7]	JPIU[8]	JPIU[9]	JPIU[10]	JPIU[11]	JPIU[12]	JPIU[13]	JPIU[14]	JPIU[15]	JPIU[16]	JPIU[17]	JPIU[18]	
0.0000000000	0.0000000000	0.0000000000	0.0000000000	0.0000000000	0.0000000000	0.0000000000	0.0000000000	0.0000000000	0.0000000000	0.0000000000	0.0000000000	0.0000000000	0.0000000000	0.0000000000	0.0000000000	0.0000000000	0.0000000000	0.0000000000	
==============================================================================

================================= TIPI =======================================
TIPI SLAB	 0.064000 - 0.068000
============================ CORE Statistics ============================
L	 12
R	 13
OPTIMUM CORE FREQUENCY	 12
JPI[0]	JPI[1]	JPI[2]	JPI[3]	JPI[4]	JPI[5]	JPI[6]	JPI[7]	JPI[8]	JPI[9]	JPI[10]	JPI[11]	
0.0000000032	0.0000000032	0.0000000000	0.0000000033	0.0000000000	0.0000000033	0.0000000000	0.0000000035	0.0000000000	0.0000000036	0.0000000000	0.0000000037	
============================ UNCORE Statistics ============================
LU	 22
RU	 22
LG	 22
RG	 30
OPTIMUM UNCORE FREQUENCY	 22
JPIU[0]	JPIU[1]	JPIU[2]	JPIU[3]	JPIU[4]	JPIU[5]	JPIU[6]	JPIU[7]	JPIU[8]	JPIU[9]	JPIU[10]	JPIU[11]	JPIU[12]	JPIU[13]	JPIU[14]	JPIU[15]	JPIU[16]	JPIU[17]	JPIU[18]	
0.0000000000	0.0000000000	0.0000000000	0.0000000000	0.0000000000	0.0000000000	0.0000000000	0.0000000000	0.0000000000	0.0000000000	0.0000000027	0.0000000000	0.0000000028	0.0000000000	0.0000000030	0.0000000000	0.0000000031	0.0000000000	0.0000000032	
==============================================================================

================================= TIPI =======================================
TIPI SLAB	 0.068000 - 0.072000
============================ CORE Statistics ============================
L	 12
R	 12
OPTIMUM CORE FREQUENCY	 12
JPI[0]	JPI[1]	JPI[2]	JPI[3]	JPI[4]	JPI[5]	JPI[6]	JPI[7]	JPI[8]	JPI[9]	JPI[10]	JPI[11]	
0.0000000032	0.0000000000	0.0000000000	0.0000000000	0.0000000000	0.0000000000	0.0000000000	0.0000000000	0.0000000000	0.0000000000	0.0000000000	0.0000000000	
============================ UNCORE Statistics ============================
LU	 22
RU	 30
LG	 22
RG	 30
OPTIMUM UNCORE FREQUENCY	 -1
JPIU[0]	JPIU[1]	JPIU[2]	JPIU[3]	JPIU[4]	JPIU[5]	JPIU[6]	JPIU[7]	JPIU[8]	JPIU[9]	JPIU[10]	JPIU[11]	JPIU[12]	JPIU[13]	JPIU[14]	JPIU[15]	JPIU[16]	JPIU[17]	JPIU[18]	
0.0000000000	0.0000000000	0.0000000000	0.0000000000	0.0000000000	0.0000000000	0.0000000000	0.0000000000	0.0000000000	0.0000000000	0.0000000000	0.0000000000	0.0000000000	0.0000000000	0.0000000000	0.0000000000	0.0000000031	0.0000000000	0.0000000032	
==============================================================================

==============================================================================
===== Test PASSED in 0.0 msec =====
Testing exp: 0.000000
