
-----
mkdir timedrun fake

SOR: size=32768, num_iterations=200
SOR started..
SOR ended..

============================ Tabulate Statistics ============================
PWR_PKG_ENERGY	INST_RETIRED	TOR_OCCUPANCY	RR_OCCUPANCY	TIPI	L3_MISS	L2_MISS	TIME	RANGE_L	RANGE_R	DISTINCT_SLABS	OPT_CORE_SLABS	OPT_UNCORE_SLABS	0.02000_0.02400_PERC	0.02000_0.02400_CF	0.02000_0.02400_UF	0.02000_0.02400_CT	0.02000_0.02400_UT	0.02400_0.02800_PERC	0.02400_0.02800_CF	0.02400_0.02800_UF	0.02400_0.02800_CT	0.02400_0.02800_UT	
8151.237122	2274981232962	27739055067	27760752737	0.024396	218867992	652257046	69457.470906	0.020000	0.028000	2	2	2	0.121655	23	12	4	7	0.878345	23	12	24	58	
=============================================================================

============================ TIPI SLAB Statistics ============================

================================= TIPI =======================================
TIPI SLAB	 0.020000 - 0.024000
============================ CORE Statistics ============================
L	 22
R	 23
OPTIMUM CORE FREQUENCY	 23
JPI[0]	JPI[1]	JPI[2]	JPI[3]	JPI[4]	JPI[5]	JPI[6]	JPI[7]	JPI[8]	JPI[9]	JPI[10]	JPI[11]	
0.0000000000	0.0000000000	0.0000000000	0.0000000000	0.0000000000	0.0000000000	0.0000000000	0.0000000000	0.0000000000	0.0000000000	0.0000000000	0.0000000000	
============================ UNCORE Statistics ============================
LU	 12
RU	 12
LG	 12
RG	 20
OPTIMUM UNCORE FREQUENCY	 12
JPIU[0]	JPIU[1]	JPIU[2]	JPIU[3]	JPIU[4]	JPIU[5]	JPIU[6]	JPIU[7]	JPIU[8]	JPIU[9]	JPIU[10]	JPIU[11]	JPIU[12]	JPIU[13]	JPIU[14]	JPIU[15]	JPIU[16]	JPIU[17]	JPIU[18]	
0.0000000034	0.0000000000	0.0000000000	0.0000000000	0.0000000000	0.0000000000	0.0000000000	0.0000000000	0.0000000000	0.0000000000	0.0000000000	0.0000000000	0.0000000000	0.0000000000	0.0000000000	0.0000000000	0.0000000000	0.0000000000	0.0000000000	
==============================================================================

================================= TIPI =======================================
TIPI SLAB	 0.024000 - 0.028000
============================ CORE Statistics ============================
L	 22
R	 23
OPTIMUM CORE FREQUENCY	 23
JPI[0]	JPI[1]	JPI[2]	JPI[3]	JPI[4]	JPI[5]	JPI[6]	JPI[7]	JPI[8]	JPI[9]	JPI[10]	JPI[11]	
0.0000000000	0.0000000000	0.0000000000	0.0000000000	0.0000000000	0.0000000000	0.0000000000	0.0000000000	0.0000000000	0.0000000046	0.0000000000	0.0000000045	
============================ UNCORE Statistics ============================
LU	 12
RU	 12
LG	 12
RG	 20
OPTIMUM UNCORE FREQUENCY	 12
JPIU[0]	JPIU[1]	JPIU[2]	JPIU[3]	JPIU[4]	JPIU[5]	JPIU[6]	JPIU[7]	JPIU[8]	JPIU[9]	JPIU[10]	JPIU[11]	JPIU[12]	JPIU[13]	JPIU[14]	JPIU[15]	JPIU[16]	JPIU[17]	JPIU[18]	
0.0000000035	0.0000000000	0.0000000035	0.0000000000	0.0000000036	0.0000000000	0.0000000037	0.0000000000	0.0000000037	0.0000000000	0.0000000000	0.0000000000	0.0000000000	0.0000000000	0.0000000000	0.0000000000	0.0000000000	0.0000000000	0.0000000045	
==============================================================================

==============================================================================
===== Test PASSED in 0.0 msec =====

-----
mkdir timedrun fake

SOR: size=32768, num_iterations=200
SOR started..
SOR ended..

============================ Tabulate Statistics ============================
PWR_PKG_ENERGY	INST_RETIRED	TOR_OCCUPANCY	RR_OCCUPANCY	TIPI	L3_MISS	L2_MISS	TIME	RANGE_L	RANGE_R	DISTINCT_SLABS	OPT_CORE_SLABS	OPT_UNCORE_SLABS	0.02000_0.02400_PERC	0.02000_0.02400_CF	0.02000_0.02400_UF	0.02000_0.02400_CT	0.02000_0.02400_UT	0.02400_0.02800_PERC	0.02400_0.02800_CF	0.02400_0.02800_UF	0.02400_0.02800_CT	0.02400_0.02800_UT	
8141.358154	2275919305535	27726288357	27748287031	0.024375	219169346	654786062	69491.204353	0.020000	0.028000	2	2	2	0.121581	23	12	4	7	0.878419	23	12	24	58	
=============================================================================

============================ TIPI SLAB Statistics ============================

================================= TIPI =======================================
TIPI SLAB	 0.020000 - 0.024000
============================ CORE Statistics ============================
L	 22
R	 23
OPTIMUM CORE FREQUENCY	 23
JPI[0]	JPI[1]	JPI[2]	JPI[3]	JPI[4]	JPI[5]	JPI[6]	JPI[7]	JPI[8]	JPI[9]	JPI[10]	JPI[11]	
0.0000000000	0.0000000000	0.0000000000	0.0000000000	0.0000000000	0.0000000000	0.0000000000	0.0000000000	0.0000000000	0.0000000000	0.0000000000	0.0000000000	
============================ UNCORE Statistics ============================
LU	 12
RU	 12
LG	 12
RG	 20
OPTIMUM UNCORE FREQUENCY	 12
JPIU[0]	JPIU[1]	JPIU[2]	JPIU[3]	JPIU[4]	JPIU[5]	JPIU[6]	JPIU[7]	JPIU[8]	JPIU[9]	JPIU[10]	JPIU[11]	JPIU[12]	JPIU[13]	JPIU[14]	JPIU[15]	JPIU[16]	JPIU[17]	JPIU[18]	
0.0000000034	0.0000000000	0.0000000000	0.0000000000	0.0000000000	0.0000000000	0.0000000000	0.0000000000	0.0000000000	0.0000000000	0.0000000000	0.0000000000	0.0000000000	0.0000000000	0.0000000000	0.0000000000	0.0000000000	0.0000000000	0.0000000000	
==============================================================================

================================= TIPI =======================================
TIPI SLAB	 0.024000 - 0.028000
============================ CORE Statistics ============================
L	 22
R	 23
OPTIMUM CORE FREQUENCY	 23
JPI[0]	JPI[1]	JPI[2]	JPI[3]	JPI[4]	JPI[5]	JPI[6]	JPI[7]	JPI[8]	JPI[9]	JPI[10]	JPI[11]	
0.0000000000	0.0000000000	0.0000000000	0.0000000000	0.0000000000	0.0000000000	0.0000000000	0.0000000000	0.0000000000	0.0000000046	0.0000000000	0.0000000044	
============================ UNCORE Statistics ============================
LU	 12
RU	 12
LG	 12
RG	 20
OPTIMUM UNCORE FREQUENCY	 12
JPIU[0]	JPIU[1]	JPIU[2]	JPIU[3]	JPIU[4]	JPIU[5]	JPIU[6]	JPIU[7]	JPIU[8]	JPIU[9]	JPIU[10]	JPIU[11]	JPIU[12]	JPIU[13]	JPIU[14]	JPIU[15]	JPIU[16]	JPIU[17]	JPIU[18]	
0.0000000035	0.0000000000	0.0000000035	0.0000000000	0.0000000036	0.0000000000	0.0000000037	0.0000000000	0.0000000037	0.0000000000	0.0000000000	0.0000000000	0.0000000000	0.0000000000	0.0000000000	0.0000000000	0.0000000000	0.0000000000	0.0000000045	
==============================================================================

==============================================================================
===== Test PASSED in 0.0 msec =====

-----
mkdir timedrun fake

SOR: size=32768, num_iterations=200
SOR started..
SOR ended..

============================ Tabulate Statistics ============================
PWR_PKG_ENERGY	INST_RETIRED	TOR_OCCUPANCY	RR_OCCUPANCY	TIPI	L3_MISS	L2_MISS	TIME	RANGE_L	RANGE_R	DISTINCT_SLABS	OPT_CORE_SLABS	OPT_UNCORE_SLABS	0.02000_0.02400_PERC	0.02000_0.02400_CF	0.02000_0.02400_UF	0.02000_0.02400_CT	0.02000_0.02400_UT	0.02400_0.02800_PERC	0.02400_0.02800_CF	0.02400_0.02800_UF	0.02400_0.02800_CT	0.02400_0.02800_UT	
8141.094666	2275216957278	27690270671	27710815656	0.024350	219360446	649790369	69510.009907	0.020000	0.028000	2	2	2	0.124012	23	12	4	7	0.875988	23	12	24	58	
=============================================================================

============================ TIPI SLAB Statistics ============================

================================= TIPI =======================================
TIPI SLAB	 0.020000 - 0.024000
============================ CORE Statistics ============================
L	 22
R	 23
OPTIMUM CORE FREQUENCY	 23
JPI[0]	JPI[1]	JPI[2]	JPI[3]	JPI[4]	JPI[5]	JPI[6]	JPI[7]	JPI[8]	JPI[9]	JPI[10]	JPI[11]	
0.0000000000	0.0000000000	0.0000000000	0.0000000000	0.0000000000	0.0000000000	0.0000000000	0.0000000000	0.0000000000	0.0000000000	0.0000000000	0.0000000000	
============================ UNCORE Statistics ============================
LU	 12
RU	 12
LG	 12
RG	 20
OPTIMUM UNCORE FREQUENCY	 12
JPIU[0]	JPIU[1]	JPIU[2]	JPIU[3]	JPIU[4]	JPIU[5]	JPIU[6]	JPIU[7]	JPIU[8]	JPIU[9]	JPIU[10]	JPIU[11]	JPIU[12]	JPIU[13]	JPIU[14]	JPIU[15]	JPIU[16]	JPIU[17]	JPIU[18]	
0.0000000034	0.0000000000	0.0000000000	0.0000000000	0.0000000000	0.0000000000	0.0000000000	0.0000000000	0.0000000000	0.0000000000	0.0000000000	0.0000000000	0.0000000000	0.0000000000	0.0000000000	0.0000000000	0.0000000000	0.0000000000	0.0000000000	
==============================================================================

================================= TIPI =======================================
TIPI SLAB	 0.024000 - 0.028000
============================ CORE Statistics ============================
L	 22
R	 23
OPTIMUM CORE FREQUENCY	 23
JPI[0]	JPI[1]	JPI[2]	JPI[3]	JPI[4]	JPI[5]	JPI[6]	JPI[7]	JPI[8]	JPI[9]	JPI[10]	JPI[11]	
0.0000000000	0.0000000000	0.0000000000	0.0000000000	0.0000000000	0.0000000000	0.0000000000	0.0000000000	0.0000000000	0.0000000046	0.0000000000	0.0000000044	
============================ UNCORE Statistics ============================
LU	 12
RU	 12
LG	 12
RG	 20
OPTIMUM UNCORE FREQUENCY	 12
JPIU[0]	JPIU[1]	JPIU[2]	JPIU[3]	JPIU[4]	JPIU[5]	JPIU[6]	JPIU[7]	JPIU[8]	JPIU[9]	JPIU[10]	JPIU[11]	JPIU[12]	JPIU[13]	JPIU[14]	JPIU[15]	JPIU[16]	JPIU[17]	JPIU[18]	
0.0000000035	0.0000000000	0.0000000035	0.0000000000	0.0000000036	0.0000000000	0.0000000037	0.0000000000	0.0000000037	0.0000000000	0.0000000000	0.0000000000	0.0000000000	0.0000000000	0.0000000000	0.0000000000	0.0000000000	0.0000000000	0.0000000044	
==============================================================================

==============================================================================
===== Test PASSED in 0.0 msec =====

-----
mkdir timedrun fake

SOR: size=32768, num_iterations=200
SOR started..
SOR ended..

============================ Tabulate Statistics ============================
PWR_PKG_ENERGY	INST_RETIRED	TOR_OCCUPANCY	RR_OCCUPANCY	TIPI	L3_MISS	L2_MISS	TIME	RANGE_L	RANGE_R	DISTINCT_SLABS	OPT_CORE_SLABS	OPT_UNCORE_SLABS	0.02000_0.02400_PERC	0.02000_0.02400_CF	0.02000_0.02400_UF	0.02000_0.02400_CT	0.02000_0.02400_UT	0.02400_0.02800_PERC	0.02400_0.02800_CF	0.02400_0.02800_UF	0.02400_0.02800_CT	0.02400_0.02800_UT	
8147.482544	2275473327346	27731686764	27753238890	0.024384	218401520	650153699	69485.552117	0.020000	0.028000	2	2	2	0.121581	23	12	4	7	0.878419	23	12	24	58	
=============================================================================

============================ TIPI SLAB Statistics ============================

================================= TIPI =======================================
TIPI SLAB	 0.020000 - 0.024000
============================ CORE Statistics ============================
L	 22
R	 23
OPTIMUM CORE FREQUENCY	 23
JPI[0]	JPI[1]	JPI[2]	JPI[3]	JPI[4]	JPI[5]	JPI[6]	JPI[7]	JPI[8]	JPI[9]	JPI[10]	JPI[11]	
0.0000000000	0.0000000000	0.0000000000	0.0000000000	0.0000000000	0.0000000000	0.0000000000	0.0000000000	0.0000000000	0.0000000000	0.0000000000	0.0000000000	
============================ UNCORE Statistics ============================
LU	 12
RU	 12
LG	 12
RG	 20
OPTIMUM UNCORE FREQUENCY	 12
JPIU[0]	JPIU[1]	JPIU[2]	JPIU[3]	JPIU[4]	JPIU[5]	JPIU[6]	JPIU[7]	JPIU[8]	JPIU[9]	JPIU[10]	JPIU[11]	JPIU[12]	JPIU[13]	JPIU[14]	JPIU[15]	JPIU[16]	JPIU[17]	JPIU[18]	
0.0000000034	0.0000000000	0.0000000000	0.0000000000	0.0000000000	0.0000000000	0.0000000000	0.0000000000	0.0000000000	0.0000000000	0.0000000000	0.0000000000	0.0000000000	0.0000000000	0.0000000000	0.0000000000	0.0000000000	0.0000000000	0.0000000000	
==============================================================================

================================= TIPI =======================================
TIPI SLAB	 0.024000 - 0.028000
============================ CORE Statistics ============================
L	 22
R	 23
OPTIMUM CORE FREQUENCY	 23
JPI[0]	JPI[1]	JPI[2]	JPI[3]	JPI[4]	JPI[5]	JPI[6]	JPI[7]	JPI[8]	JPI[9]	JPI[10]	JPI[11]	
0.0000000000	0.0000000000	0.0000000000	0.0000000000	0.0000000000	0.0000000000	0.0000000000	0.0000000000	0.0000000000	0.0000000046	0.0000000000	0.0000000045	
============================ UNCORE Statistics ============================
LU	 12
RU	 12
LG	 12
RG	 20
OPTIMUM UNCORE FREQUENCY	 12
JPIU[0]	JPIU[1]	JPIU[2]	JPIU[3]	JPIU[4]	JPIU[5]	JPIU[6]	JPIU[7]	JPIU[8]	JPIU[9]	JPIU[10]	JPIU[11]	JPIU[12]	JPIU[13]	JPIU[14]	JPIU[15]	JPIU[16]	JPIU[17]	JPIU[18]	
0.0000000035	0.0000000000	0.0000000035	0.0000000000	0.0000000036	0.0000000000	0.0000000037	0.0000000000	0.0000000037	0.0000000000	0.0000000000	0.0000000000	0.0000000000	0.0000000000	0.0000000000	0.0000000000	0.0000000000	0.0000000000	0.0000000045	
==============================================================================

==============================================================================
===== Test PASSED in 0.0 msec =====

-----
mkdir timedrun fake

SOR: size=32768, num_iterations=200
SOR started..
SOR ended..

============================ Tabulate Statistics ============================
PWR_PKG_ENERGY	INST_RETIRED	TOR_OCCUPANCY	RR_OCCUPANCY	TIPI	L3_MISS	L2_MISS	TIME	RANGE_L	RANGE_R	DISTINCT_SLABS	OPT_CORE_SLABS	OPT_UNCORE_SLABS	0.02000_0.02400_PERC	0.02000_0.02400_CF	0.02000_0.02400_UF	0.02000_0.02400_CT	0.02000_0.02400_UT	0.02400_0.02800_PERC	0.02400_0.02800_CF	0.02400_0.02800_UF	0.02400_0.02800_CT	0.02400_0.02800_UT	
8140.076111	2273093586698	27714346730	27735333747	0.024394	220025215	656238379	69441.078914	0.020000	0.028000	2	2	2	0.122871	23	12	4	7	0.877129	23	12	24	58	
=============================================================================

============================ TIPI SLAB Statistics ============================

================================= TIPI =======================================
TIPI SLAB	 0.020000 - 0.024000
============================ CORE Statistics ============================
L	 22
R	 23
OPTIMUM CORE FREQUENCY	 23
JPI[0]	JPI[1]	JPI[2]	JPI[3]	JPI[4]	JPI[5]	JPI[6]	JPI[7]	JPI[8]	JPI[9]	JPI[10]	JPI[11]	
0.0000000000	0.0000000000	0.0000000000	0.0000000000	0.0000000000	0.0000000000	0.0000000000	0.0000000000	0.0000000000	0.0000000000	0.0000000000	0.0000000000	
============================ UNCORE Statistics ============================
LU	 12
RU	 12
LG	 12
RG	 20
OPTIMUM UNCORE FREQUENCY	 12
JPIU[0]	JPIU[1]	JPIU[2]	JPIU[3]	JPIU[4]	JPIU[5]	JPIU[6]	JPIU[7]	JPIU[8]	JPIU[9]	JPIU[10]	JPIU[11]	JPIU[12]	JPIU[13]	JPIU[14]	JPIU[15]	JPIU[16]	JPIU[17]	JPIU[18]	
0.0000000034	0.0000000000	0.0000000000	0.0000000000	0.0000000000	0.0000000000	0.0000000000	0.0000000000	0.0000000000	0.0000000000	0.0000000000	0.0000000000	0.0000000000	0.0000000000	0.0000000000	0.0000000000	0.0000000000	0.0000000000	0.0000000000	
==============================================================================

================================= TIPI =======================================
TIPI SLAB	 0.024000 - 0.028000
============================ CORE Statistics ============================
L	 22
R	 23
OPTIMUM CORE FREQUENCY	 23
JPI[0]	JPI[1]	JPI[2]	JPI[3]	JPI[4]	JPI[5]	JPI[6]	JPI[7]	JPI[8]	JPI[9]	JPI[10]	JPI[11]	
0.0000000000	0.0000000000	0.0000000000	0.0000000000	0.0000000000	0.0000000000	0.0000000000	0.0000000000	0.0000000000	0.0000000046	0.0000000000	0.0000000044	
============================ UNCORE Statistics ============================
LU	 12
RU	 12
LG	 12
RG	 20
OPTIMUM UNCORE FREQUENCY	 12
JPIU[0]	JPIU[1]	JPIU[2]	JPIU[3]	JPIU[4]	JPIU[5]	JPIU[6]	JPIU[7]	JPIU[8]	JPIU[9]	JPIU[10]	JPIU[11]	JPIU[12]	JPIU[13]	JPIU[14]	JPIU[15]	JPIU[16]	JPIU[17]	JPIU[18]	
0.0000000035	0.0000000000	0.0000000035	0.0000000000	0.0000000036	0.0000000000	0.0000000037	0.0000000000	0.0000000037	0.0000000000	0.0000000000	0.0000000000	0.0000000000	0.0000000000	0.0000000000	0.0000000000	0.0000000000	0.0000000000	0.0000000044	
==============================================================================

==============================================================================
===== Test PASSED in 0.0 msec =====

-----
mkdir timedrun fake

SOR: size=32768, num_iterations=200
SOR started..
SOR ended..

============================ Tabulate Statistics ============================
PWR_PKG_ENERGY	INST_RETIRED	TOR_OCCUPANCY	RR_OCCUPANCY	TIPI	L3_MISS	L2_MISS	TIME	RANGE_L	RANGE_R	DISTINCT_SLABS	OPT_CORE_SLABS	OPT_UNCORE_SLABS	0.02000_0.02400_PERC	0.02000_0.02400_CF	0.02000_0.02400_UF	0.02000_0.02400_CT	0.02000_0.02400_UT	0.02400_0.02800_PERC	0.02400_0.02800_CF	0.02400_0.02800_UF	0.02400_0.02800_CT	0.02400_0.02800_UT	
8128.094543	2275217043151	27689233059	27710397363	0.024349	219590451	652528708	69502.538751	0.020000	0.028000	2	2	2	0.123404	23	12	4	7	0.876596	23	12	24	58	
=============================================================================

============================ TIPI SLAB Statistics ============================

================================= TIPI =======================================
TIPI SLAB	 0.020000 - 0.024000
============================ CORE Statistics ============================
L	 22
R	 23
OPTIMUM CORE FREQUENCY	 23
JPI[0]	JPI[1]	JPI[2]	JPI[3]	JPI[4]	JPI[5]	JPI[6]	JPI[7]	JPI[8]	JPI[9]	JPI[10]	JPI[11]	
0.0000000000	0.0000000000	0.0000000000	0.0000000000	0.0000000000	0.0000000000	0.0000000000	0.0000000000	0.0000000000	0.0000000000	0.0000000000	0.0000000000	
============================ UNCORE Statistics ============================
LU	 12
RU	 12
LG	 12
RG	 20
OPTIMUM UNCORE FREQUENCY	 12
JPIU[0]	JPIU[1]	JPIU[2]	JPIU[3]	JPIU[4]	JPIU[5]	JPIU[6]	JPIU[7]	JPIU[8]	JPIU[9]	JPIU[10]	JPIU[11]	JPIU[12]	JPIU[13]	JPIU[14]	JPIU[15]	JPIU[16]	JPIU[17]	JPIU[18]	
0.0000000034	0.0000000000	0.0000000000	0.0000000000	0.0000000000	0.0000000000	0.0000000000	0.0000000000	0.0000000000	0.0000000000	0.0000000000	0.0000000000	0.0000000000	0.0000000000	0.0000000000	0.0000000000	0.0000000000	0.0000000000	0.0000000000	
==============================================================================

================================= TIPI =======================================
TIPI SLAB	 0.024000 - 0.028000
============================ CORE Statistics ============================
L	 22
R	 23
OPTIMUM CORE FREQUENCY	 23
JPI[0]	JPI[1]	JPI[2]	JPI[3]	JPI[4]	JPI[5]	JPI[6]	JPI[7]	JPI[8]	JPI[9]	JPI[10]	JPI[11]	
0.0000000000	0.0000000000	0.0000000000	0.0000000000	0.0000000000	0.0000000000	0.0000000000	0.0000000000	0.0000000000	0.0000000046	0.0000000000	0.0000000044	
============================ UNCORE Statistics ============================
LU	 12
RU	 12
LG	 12
RG	 20
OPTIMUM UNCORE FREQUENCY	 12
JPIU[0]	JPIU[1]	JPIU[2]	JPIU[3]	JPIU[4]	JPIU[5]	JPIU[6]	JPIU[7]	JPIU[8]	JPIU[9]	JPIU[10]	JPIU[11]	JPIU[12]	JPIU[13]	JPIU[14]	JPIU[15]	JPIU[16]	JPIU[17]	JPIU[18]	
0.0000000035	0.0000000000	0.0000000035	0.0000000000	0.0000000036	0.0000000000	0.0000000036	0.0000000000	0.0000000037	0.0000000000	0.0000000000	0.0000000000	0.0000000000	0.0000000000	0.0000000000	0.0000000000	0.0000000000	0.0000000000	0.0000000044	
==============================================================================

==============================================================================
===== Test PASSED in 0.0 msec =====

-----
mkdir timedrun fake

SOR: size=32768, num_iterations=200
SOR started..
SOR ended..

============================ Tabulate Statistics ============================
PWR_PKG_ENERGY	INST_RETIRED	TOR_OCCUPANCY	RR_OCCUPANCY	TIPI	L3_MISS	L2_MISS	TIME	RANGE_L	RANGE_R	DISTINCT_SLABS	OPT_CORE_SLABS	OPT_UNCORE_SLABS	0.02000_0.02400_PERC	0.02000_0.02400_CF	0.02000_0.02400_UF	0.02000_0.02400_CT	0.02000_0.02400_UT	0.02400_0.02800_PERC	0.02400_0.02800_CF	0.02400_0.02800_UF	0.02400_0.02800_CT	0.02400_0.02800_UT	
8108.908447	2273781241812	27715504316	27737348950	0.024388	218122114	649546600	69463.672488	0.020000	0.028000	2	2	2	0.122871	23	12	4	7	0.877129	23	12	24	58	
=============================================================================

============================ TIPI SLAB Statistics ============================

================================= TIPI =======================================
TIPI SLAB	 0.020000 - 0.024000
============================ CORE Statistics ============================
L	 22
R	 23
OPTIMUM CORE FREQUENCY	 23
JPI[0]	JPI[1]	JPI[2]	JPI[3]	JPI[4]	JPI[5]	JPI[6]	JPI[7]	JPI[8]	JPI[9]	JPI[10]	JPI[11]	
0.0000000000	0.0000000000	0.0000000000	0.0000000000	0.0000000000	0.0000000000	0.0000000000	0.0000000000	0.0000000000	0.0000000000	0.0000000000	0.0000000000	
============================ UNCORE Statistics ============================
LU	 12
RU	 12
LG	 12
RG	 20
OPTIMUM UNCORE FREQUENCY	 12
JPIU[0]	JPIU[1]	JPIU[2]	JPIU[3]	JPIU[4]	JPIU[5]	JPIU[6]	JPIU[7]	JPIU[8]	JPIU[9]	JPIU[10]	JPIU[11]	JPIU[12]	JPIU[13]	JPIU[14]	JPIU[15]	JPIU[16]	JPIU[17]	JPIU[18]	
0.0000000034	0.0000000000	0.0000000000	0.0000000000	0.0000000000	0.0000000000	0.0000000000	0.0000000000	0.0000000000	0.0000000000	0.0000000000	0.0000000000	0.0000000000	0.0000000000	0.0000000000	0.0000000000	0.0000000000	0.0000000000	0.0000000000	
==============================================================================

================================= TIPI =======================================
TIPI SLAB	 0.024000 - 0.028000
============================ CORE Statistics ============================
L	 22
R	 23
OPTIMUM CORE FREQUENCY	 23
JPI[0]	JPI[1]	JPI[2]	JPI[3]	JPI[4]	JPI[5]	JPI[6]	JPI[7]	JPI[8]	JPI[9]	JPI[10]	JPI[11]	
0.0000000000	0.0000000000	0.0000000000	0.0000000000	0.0000000000	0.0000000000	0.0000000000	0.0000000000	0.0000000000	0.0000000046	0.0000000000	0.0000000044	
============================ UNCORE Statistics ============================
LU	 12
RU	 12
LG	 12
RG	 20
OPTIMUM UNCORE FREQUENCY	 12
JPIU[0]	JPIU[1]	JPIU[2]	JPIU[3]	JPIU[4]	JPIU[5]	JPIU[6]	JPIU[7]	JPIU[8]	JPIU[9]	JPIU[10]	JPIU[11]	JPIU[12]	JPIU[13]	JPIU[14]	JPIU[15]	JPIU[16]	JPIU[17]	JPIU[18]	
0.0000000035	0.0000000000	0.0000000035	0.0000000000	0.0000000036	0.0000000000	0.0000000036	0.0000000000	0.0000000037	0.0000000000	0.0000000000	0.0000000000	0.0000000000	0.0000000000	0.0000000000	0.0000000000	0.0000000000	0.0000000000	0.0000000045	
==============================================================================

==============================================================================
===== Test PASSED in 0.0 msec =====

-----
mkdir timedrun fake

SOR: size=32768, num_iterations=200
SOR started..
SOR ended..

============================ Tabulate Statistics ============================
PWR_PKG_ENERGY	INST_RETIRED	TOR_OCCUPANCY	RR_OCCUPANCY	TIPI	L3_MISS	L2_MISS	TIME	RANGE_L	RANGE_R	DISTINCT_SLABS	OPT_CORE_SLABS	OPT_UNCORE_SLABS	0.02000_0.02400_PERC	0.02000_0.02400_CF	0.02000_0.02400_UF	0.02000_0.02400_CT	0.02000_0.02400_UT	0.02400_0.02800_PERC	0.02400_0.02800_CF	0.02400_0.02800_UF	0.02400_0.02800_CT	0.02400_0.02800_UT	
8133.532349	2276882448805	27730127491	27751637880	0.024367	218440979	648808365	69524.538935	0.008000	0.028000	4	4	2	0.120899	23	12	4	7	0.877886	23	12	24	58	
=============================================================================

============================ TIPI SLAB Statistics ============================

================================= TIPI =======================================
TIPI SLAB	 0.008000 - 0.012000
============================ CORE Statistics ============================
L	 23
R	 23
OPTIMUM CORE FREQUENCY	 23
JPI[0]	JPI[1]	JPI[2]	JPI[3]	JPI[4]	JPI[5]	JPI[6]	JPI[7]	JPI[8]	JPI[9]	JPI[10]	JPI[11]	
0.0000000000	0.0000000000	0.0000000000	0.0000000000	0.0000000000	0.0000000000	0.0000000000	0.0000000000	0.0000000000	0.0000000000	0.0000000000	0.0000000000	
============================ UNCORE Statistics ============================
LU	 12
RU	 30
LG	 0
RG	 0
OPTIMUM UNCORE FREQUENCY	 0
JPIU[0]	JPIU[1]	JPIU[2]	JPIU[3]	JPIU[4]	JPIU[5]	JPIU[6]	JPIU[7]	JPIU[8]	JPIU[9]	JPIU[10]	JPIU[11]	JPIU[12]	JPIU[13]	JPIU[14]	JPIU[15]	JPIU[16]	JPIU[17]	JPIU[18]	
0.0000000000	0.0000000000	0.0000000000	0.0000000000	0.0000000000	0.0000000000	0.0000000000	0.0000000000	0.0000000000	0.0000000000	0.0000000000	0.0000000000	0.0000000000	0.0000000000	0.0000000000	0.0000000000	0.0000000000	0.0000000000	0.0000000000	
==============================================================================

================================= TIPI =======================================
TIPI SLAB	 0.016000 - 0.020000
============================ CORE Statistics ============================
L	 23
R	 23
OPTIMUM CORE FREQUENCY	 23
JPI[0]	JPI[1]	JPI[2]	JPI[3]	JPI[4]	JPI[5]	JPI[6]	JPI[7]	JPI[8]	JPI[9]	JPI[10]	JPI[11]	
0.0000000000	0.0000000000	0.0000000000	0.0000000000	0.0000000000	0.0000000000	0.0000000000	0.0000000000	0.0000000000	0.0000000000	0.0000000000	0.0000000000	
============================ UNCORE Statistics ============================
LU	 12
RU	 30
LG	 0
RG	 0
OPTIMUM UNCORE FREQUENCY	 0
JPIU[0]	JPIU[1]	JPIU[2]	JPIU[3]	JPIU[4]	JPIU[5]	JPIU[6]	JPIU[7]	JPIU[8]	JPIU[9]	JPIU[10]	JPIU[11]	JPIU[12]	JPIU[13]	JPIU[14]	JPIU[15]	JPIU[16]	JPIU[17]	JPIU[18]	
0.0000000000	0.0000000000	0.0000000000	0.0000000000	0.0000000000	0.0000000000	0.0000000000	0.0000000000	0.0000000000	0.0000000000	0.0000000000	0.0000000000	0.0000000000	0.0000000000	0.0000000000	0.0000000000	0.0000000000	0.0000000000	0.0000000000	
==============================================================================

================================= TIPI =======================================
TIPI SLAB	 0.020000 - 0.024000
============================ CORE Statistics ============================
L	 22
R	 23
OPTIMUM CORE FREQUENCY	 23
JPI[0]	JPI[1]	JPI[2]	JPI[3]	JPI[4]	JPI[5]	JPI[6]	JPI[7]	JPI[8]	JPI[9]	JPI[10]	JPI[11]	
0.0000000000	0.0000000000	0.0000000000	0.0000000000	0.0000000000	0.0000000000	0.0000000000	0.0000000000	0.0000000000	0.0000000000	0.0000000000	0.0000000000	
============================ UNCORE Statistics ============================
LU	 12
RU	 12
LG	 12
RG	 20
OPTIMUM UNCORE FREQUENCY	 12
JPIU[0]	JPIU[1]	JPIU[2]	JPIU[3]	JPIU[4]	JPIU[5]	JPIU[6]	JPIU[7]	JPIU[8]	JPIU[9]	JPIU[10]	JPIU[11]	JPIU[12]	JPIU[13]	JPIU[14]	JPIU[15]	JPIU[16]	JPIU[17]	JPIU[18]	
0.0000000034	0.0000000000	0.0000000000	0.0000000000	0.0000000000	0.0000000000	0.0000000000	0.0000000000	0.0000000000	0.0000000000	0.0000000000	0.0000000000	0.0000000000	0.0000000000	0.0000000000	0.0000000000	0.0000000000	0.0000000000	0.0000000000	
==============================================================================

================================= TIPI =======================================
TIPI SLAB	 0.024000 - 0.028000
============================ CORE Statistics ============================
L	 22
R	 23
OPTIMUM CORE FREQUENCY	 23
JPI[0]	JPI[1]	JPI[2]	JPI[3]	JPI[4]	JPI[5]	JPI[6]	JPI[7]	JPI[8]	JPI[9]	JPI[10]	JPI[11]	
0.0000000000	0.0000000000	0.0000000000	0.0000000000	0.0000000000	0.0000000000	0.0000000000	0.0000000000	0.0000000000	0.0000000046	0.0000000000	0.0000000044	
============================ UNCORE Statistics ============================
LU	 12
RU	 12
LG	 12
RG	 20
OPTIMUM UNCORE FREQUENCY	 12
JPIU[0]	JPIU[1]	JPIU[2]	JPIU[3]	JPIU[4]	JPIU[5]	JPIU[6]	JPIU[7]	JPIU[8]	JPIU[9]	JPIU[10]	JPIU[11]	JPIU[12]	JPIU[13]	JPIU[14]	JPIU[15]	JPIU[16]	JPIU[17]	JPIU[18]	
0.0000000035	0.0000000000	0.0000000035	0.0000000000	0.0000000036	0.0000000000	0.0000000036	0.0000000000	0.0000000037	0.0000000000	0.0000000000	0.0000000000	0.0000000000	0.0000000000	0.0000000000	0.0000000000	0.0000000000	0.0000000000	0.0000000045	
==============================================================================

==============================================================================
===== Test PASSED in 0.0 msec =====

-----
mkdir timedrun fake

SOR: size=32768, num_iterations=200
SOR started..
SOR ended..

============================ Tabulate Statistics ============================
PWR_PKG_ENERGY	INST_RETIRED	TOR_OCCUPANCY	RR_OCCUPANCY	TIPI	L3_MISS	L2_MISS	TIME	RANGE_L	RANGE_R	DISTINCT_SLABS	OPT_CORE_SLABS	OPT_UNCORE_SLABS	0.02000_0.02400_PERC	0.02000_0.02400_CF	0.02000_0.02400_UF	0.02000_0.02400_CT	0.02000_0.02400_UT	0.02400_0.02800_PERC	0.02400_0.02800_CF	0.02400_0.02800_UF	0.02400_0.02800_CT	0.02400_0.02800_UT	
8136.144287	2274840880696	27727814689	27749591038	0.024387	218126094	648700387	69460.603683	0.020000	0.028000	2	2	2	0.123479	23	12	4	8	0.876521	23	12	24	58	
=============================================================================

============================ TIPI SLAB Statistics ============================

================================= TIPI =======================================
TIPI SLAB	 0.020000 - 0.024000
============================ CORE Statistics ============================
L	 22
R	 23
OPTIMUM CORE FREQUENCY	 23
JPI[0]	JPI[1]	JPI[2]	JPI[3]	JPI[4]	JPI[5]	JPI[6]	JPI[7]	JPI[8]	JPI[9]	JPI[10]	JPI[11]	
0.0000000000	0.0000000000	0.0000000000	0.0000000000	0.0000000000	0.0000000000	0.0000000000	0.0000000000	0.0000000000	0.0000000000	0.0000000000	0.0000000000	
============================ UNCORE Statistics ============================
LU	 12
RU	 12
LG	 12
RG	 20
OPTIMUM UNCORE FREQUENCY	 12
JPIU[0]	JPIU[1]	JPIU[2]	JPIU[3]	JPIU[4]	JPIU[5]	JPIU[6]	JPIU[7]	JPIU[8]	JPIU[9]	JPIU[10]	JPIU[11]	JPIU[12]	JPIU[13]	JPIU[14]	JPIU[15]	JPIU[16]	JPIU[17]	JPIU[18]	
0.0000000034	0.0000000000	0.0000000000	0.0000000000	0.0000000035	0.0000000000	0.0000000000	0.0000000000	0.0000000000	0.0000000000	0.0000000000	0.0000000000	0.0000000000	0.0000000000	0.0000000000	0.0000000000	0.0000000000	0.0000000000	0.0000000000	
==============================================================================

================================= TIPI =======================================
TIPI SLAB	 0.024000 - 0.028000
============================ CORE Statistics ============================
L	 22
R	 23
OPTIMUM CORE FREQUENCY	 23
JPI[0]	JPI[1]	JPI[2]	JPI[3]	JPI[4]	JPI[5]	JPI[6]	JPI[7]	JPI[8]	JPI[9]	JPI[10]	JPI[11]	
0.0000000000	0.0000000000	0.0000000000	0.0000000000	0.0000000000	0.0000000000	0.0000000000	0.0000000000	0.0000000000	0.0000000046	0.0000000000	0.0000000044	
============================ UNCORE Statistics ============================
LU	 12
RU	 12
LG	 12
RG	 20
OPTIMUM UNCORE FREQUENCY	 12
JPIU[0]	JPIU[1]	JPIU[2]	JPIU[3]	JPIU[4]	JPIU[5]	JPIU[6]	JPIU[7]	JPIU[8]	JPIU[9]	JPIU[10]	JPIU[11]	JPIU[12]	JPIU[13]	JPIU[14]	JPIU[15]	JPIU[16]	JPIU[17]	JPIU[18]	
0.0000000035	0.0000000000	0.0000000035	0.0000000000	0.0000000036	0.0000000000	0.0000000037	0.0000000000	0.0000000038	0.0000000000	0.0000000000	0.0000000000	0.0000000000	0.0000000000	0.0000000000	0.0000000000	0.0000000000	0.0000000000	0.0000000044	
==============================================================================

==============================================================================
===== Test PASSED in 0.0 msec =====

-----
mkdir timedrun fake

SOR: size=32768, num_iterations=200
SOR started..
SOR ended..

============================ Tabulate Statistics ============================
PWR_PKG_ENERGY	INST_RETIRED	TOR_OCCUPANCY	RR_OCCUPANCY	TIPI	L3_MISS	L2_MISS	TIME	RANGE_L	RANGE_R	DISTINCT_SLABS	OPT_CORE_SLABS	OPT_UNCORE_SLABS	0.02000_0.02400_PERC	0.02000_0.02400_CF	0.02000_0.02400_UF	0.02000_0.02400_CT	0.02000_0.02400_UT	0.02400_0.02800_PERC	0.02400_0.02800_CF	0.02400_0.02800_UF	0.02400_0.02800_CT	0.02400_0.02800_UT	
8127.902954	2274423739416	27732305601	27753620322	0.024396	218338199	650614302	69476.631719	0.020000	0.028000	2	2	2	0.122188	23	12	4	7	0.877812	23	12	24	58	
=============================================================================

============================ TIPI SLAB Statistics ============================

================================= TIPI =======================================
TIPI SLAB	 0.020000 - 0.024000
============================ CORE Statistics ============================
L	 22
R	 23
OPTIMUM CORE FREQUENCY	 23
JPI[0]	JPI[1]	JPI[2]	JPI[3]	JPI[4]	JPI[5]	JPI[6]	JPI[7]	JPI[8]	JPI[9]	JPI[10]	JPI[11]	
0.0000000000	0.0000000000	0.0000000000	0.0000000000	0.0000000000	0.0000000000	0.0000000000	0.0000000000	0.0000000000	0.0000000000	0.0000000000	0.0000000000	
============================ UNCORE Statistics ============================
LU	 12
RU	 12
LG	 12
RG	 20
OPTIMUM UNCORE FREQUENCY	 12
JPIU[0]	JPIU[1]	JPIU[2]	JPIU[3]	JPIU[4]	JPIU[5]	JPIU[6]	JPIU[7]	JPIU[8]	JPIU[9]	JPIU[10]	JPIU[11]	JPIU[12]	JPIU[13]	JPIU[14]	JPIU[15]	JPIU[16]	JPIU[17]	JPIU[18]	
0.0000000034	0.0000000000	0.0000000000	0.0000000000	0.0000000000	0.0000000000	0.0000000000	0.0000000000	0.0000000000	0.0000000000	0.0000000000	0.0000000000	0.0000000000	0.0000000000	0.0000000000	0.0000000000	0.0000000000	0.0000000000	0.0000000000	
==============================================================================

================================= TIPI =======================================
TIPI SLAB	 0.024000 - 0.028000
============================ CORE Statistics ============================
L	 22
R	 23
OPTIMUM CORE FREQUENCY	 23
JPI[0]	JPI[1]	JPI[2]	JPI[3]	JPI[4]	JPI[5]	JPI[6]	JPI[7]	JPI[8]	JPI[9]	JPI[10]	JPI[11]	
0.0000000000	0.0000000000	0.0000000000	0.0000000000	0.0000000000	0.0000000000	0.0000000000	0.0000000000	0.0000000000	0.0000000046	0.0000000000	0.0000000044	
============================ UNCORE Statistics ============================
LU	 12
RU	 12
LG	 12
RG	 20
OPTIMUM UNCORE FREQUENCY	 12
JPIU[0]	JPIU[1]	JPIU[2]	JPIU[3]	JPIU[4]	JPIU[5]	JPIU[6]	JPIU[7]	JPIU[8]	JPIU[9]	JPIU[10]	JPIU[11]	JPIU[12]	JPIU[13]	JPIU[14]	JPIU[15]	JPIU[16]	JPIU[17]	JPIU[18]	
0.0000000035	0.0000000000	0.0000000035	0.0000000000	0.0000000036	0.0000000000	0.0000000036	0.0000000000	0.0000000037	0.0000000000	0.0000000000	0.0000000000	0.0000000000	0.0000000000	0.0000000000	0.0000000000	0.0000000000	0.0000000000	0.0000000045	
==============================================================================

==============================================================================
===== Test PASSED in 0.0 msec =====
