
-----
mkdir timedrun fake

UTS - Unbalanced Tree Search 2.1 (C/OpenMP)
Tree type:  1 (Geometric)
Tree shape parameters:
  root branching factor b_0 = 4.0, root seed = 19
  GEO parameters: gen_mx = 15, shape function = 3 (Fixed branching factor)
Random number generator: SHA-1 (state size = 20B)
Compute granularity: 1
Execution strategy:  Parallel search using 20 threads
   Load balance by work stealing, chunk size = 20 nodes
  CBarrier Interval: 1
   Polling Interval: 1

Tree size = 18446744073645230921, tree depth = 15, num leaves = 18446744072799080058 (100.00%)
Wallclock time = 70.124 sec, performance = 263058160269370464 nodes/sec (13152908013468524 nodes/sec per PE)


============================ Tabulate Statistics ============================
PWR_PKG_ENERGY	INST_RETIRED	TOR_OCCUPANCY	RR_OCCUPANCY	TIPI	L3_MISS	L2_MISS	TIME	
9949.246765	8994172380827	95779400	97478132	0.000021	12320847	118609567	70149.898249	
=============================================================================

============================ TIPI SLAB Statistics ============================

==============================================================================
===== Test PASSED in 0.0 msec =====

-----
mkdir timedrun fake

UTS - Unbalanced Tree Search 2.1 (C/OpenMP)
Tree type:  1 (Geometric)
Tree shape parameters:
  root branching factor b_0 = 4.0, root seed = 19
  GEO parameters: gen_mx = 15, shape function = 3 (Fixed branching factor)
Random number generator: SHA-1 (state size = 20B)
Compute granularity: 1
Execution strategy:  Parallel search using 20 threads
   Load balance by work stealing, chunk size = 20 nodes
  CBarrier Interval: 1
   Polling Interval: 1

Tree size = 18446744073645230921, tree depth = 15, num leaves = 18446744072799080058 (100.00%)
Wallclock time = 70.181 sec, performance = 262844257317823008 nodes/sec (13142212865891150 nodes/sec per PE)


============================ Tabulate Statistics ============================
PWR_PKG_ENERGY	INST_RETIRED	TOR_OCCUPANCY	RR_OCCUPANCY	TIPI	L3_MISS	L2_MISS	TIME	
9892.559631	8994238224427	101306880	103135114	0.000023	12600774	126015305	70224.793046	
=============================================================================

============================ TIPI SLAB Statistics ============================

==============================================================================
===== Test PASSED in 0.0 msec =====

-----
mkdir timedrun fake

UTS - Unbalanced Tree Search 2.1 (C/OpenMP)
Tree type:  1 (Geometric)
Tree shape parameters:
  root branching factor b_0 = 4.0, root seed = 19
  GEO parameters: gen_mx = 15, shape function = 3 (Fixed branching factor)
Random number generator: SHA-1 (state size = 20B)
Compute granularity: 1
Execution strategy:  Parallel search using 20 threads
   Load balance by work stealing, chunk size = 20 nodes
  CBarrier Interval: 1
   Polling Interval: 1

Tree size = 18446744073645230921, tree depth = 15, num leaves = 18446744072799080058 (100.00%)
Wallclock time = 70.135 sec, performance = 263017937036845216 nodes/sec (13150896851842260 nodes/sec per PE)


============================ Tabulate Statistics ============================
PWR_PKG_ENERGY	INST_RETIRED	TOR_OCCUPANCY	RR_OCCUPANCY	TIPI	L3_MISS	L2_MISS	TIME	
9852.012512	8995044616730	103204835	104986726	0.000023	12899796	127638228	70210.971722	
=============================================================================

============================ TIPI SLAB Statistics ============================

==============================================================================
===== Test PASSED in 0.0 msec =====

-----
mkdir timedrun fake

UTS - Unbalanced Tree Search 2.1 (C/OpenMP)
Tree type:  1 (Geometric)
Tree shape parameters:
  root branching factor b_0 = 4.0, root seed = 19
  GEO parameters: gen_mx = 15, shape function = 3 (Fixed branching factor)
Random number generator: SHA-1 (state size = 20B)
Compute granularity: 1
Execution strategy:  Parallel search using 20 threads
   Load balance by work stealing, chunk size = 20 nodes
  CBarrier Interval: 1
   Polling Interval: 1

Tree size = 18446744073645230921, tree depth = 15, num leaves = 18446744072799080058 (100.00%)
Wallclock time = 70.313 sec, performance = 262353555603927168 nodes/sec (13117677780196358 nodes/sec per PE)


============================ Tabulate Statistics ============================
PWR_PKG_ENERGY	INST_RETIRED	TOR_OCCUPANCY	RR_OCCUPANCY	TIPI	L3_MISS	L2_MISS	TIME	
9917.126831	8995025883888	101164670	103030080	0.000023	13044586	124666684	70377.429868	
=============================================================================

============================ TIPI SLAB Statistics ============================

==============================================================================
===== Test PASSED in 0.0 msec =====

-----
mkdir timedrun fake

UTS - Unbalanced Tree Search 2.1 (C/OpenMP)
Tree type:  1 (Geometric)
Tree shape parameters:
  root branching factor b_0 = 4.0, root seed = 19
  GEO parameters: gen_mx = 15, shape function = 3 (Fixed branching factor)
Random number generator: SHA-1 (state size = 20B)
Compute granularity: 1
Execution strategy:  Parallel search using 20 threads
   Load balance by work stealing, chunk size = 20 nodes
  CBarrier Interval: 1
   Polling Interval: 1

Tree size = 18446744073645230921, tree depth = 15, num leaves = 18446744072799080058 (100.00%)
Wallclock time = 70.245 sec, performance = 262605993353988352 nodes/sec (13130299667699418 nodes/sec per PE)


============================ Tabulate Statistics ============================
PWR_PKG_ENERGY	INST_RETIRED	TOR_OCCUPANCY	RR_OCCUPANCY	TIPI	L3_MISS	L2_MISS	TIME	
9917.892395	8993727746113	101179827	102857845	0.000023	13017163	124113686	70269.932847	
=============================================================================

============================ TIPI SLAB Statistics ============================

==============================================================================
===== Test PASSED in 0.0 msec =====

-----
mkdir timedrun fake

UTS - Unbalanced Tree Search 2.1 (C/OpenMP)
Tree type:  1 (Geometric)
Tree shape parameters:
  root branching factor b_0 = 4.0, root seed = 19
  GEO parameters: gen_mx = 15, shape function = 3 (Fixed branching factor)
Random number generator: SHA-1 (state size = 20B)
Compute granularity: 1
Execution strategy:  Parallel search using 20 threads
   Load balance by work stealing, chunk size = 20 nodes
  CBarrier Interval: 1
   Polling Interval: 1

Tree size = 18446744073645230921, tree depth = 15, num leaves = 18446744072799080058 (100.00%)
Wallclock time = 70.110 sec, performance = 263112002460278400 nodes/sec (13155600123013920 nodes/sec per PE)


============================ Tabulate Statistics ============================
PWR_PKG_ENERGY	INST_RETIRED	TOR_OCCUPANCY	RR_OCCUPANCY	TIPI	L3_MISS	L2_MISS	TIME	
9890.445740	8995505068013	100571344	102397476	0.000023	12704751	124760440	70183.211321	
=============================================================================

============================ TIPI SLAB Statistics ============================

==============================================================================
===== Test PASSED in 0.0 msec =====

-----
mkdir timedrun fake

UTS - Unbalanced Tree Search 2.1 (C/OpenMP)
Tree type:  1 (Geometric)
Tree shape parameters:
  root branching factor b_0 = 4.0, root seed = 19
  GEO parameters: gen_mx = 15, shape function = 3 (Fixed branching factor)
Random number generator: SHA-1 (state size = 20B)
Compute granularity: 1
Execution strategy:  Parallel search using 20 threads
   Load balance by work stealing, chunk size = 20 nodes
  CBarrier Interval: 1
   Polling Interval: 1

Tree size = 18446744073645230921, tree depth = 15, num leaves = 18446744072799080058 (100.00%)
Wallclock time = 70.138 sec, performance = 263007766925230976 nodes/sec (13150388346261548 nodes/sec per PE)


============================ Tabulate Statistics ============================
PWR_PKG_ENERGY	INST_RETIRED	TOR_OCCUPANCY	RR_OCCUPANCY	TIPI	L3_MISS	L2_MISS	TIME	
9842.532410	8994443154312	98044437	99733586	0.000022	12889652	121618788	70189.768203	
=============================================================================

============================ TIPI SLAB Statistics ============================

==============================================================================
===== Test PASSED in 0.0 msec =====

-----
mkdir timedrun fake

UTS - Unbalanced Tree Search 2.1 (C/OpenMP)
Tree type:  1 (Geometric)
Tree shape parameters:
  root branching factor b_0 = 4.0, root seed = 19
  GEO parameters: gen_mx = 15, shape function = 3 (Fixed branching factor)
Random number generator: SHA-1 (state size = 20B)
Compute granularity: 1
Execution strategy:  Parallel search using 20 threads
   Load balance by work stealing, chunk size = 20 nodes
  CBarrier Interval: 1
   Polling Interval: 1

Tree size = 18446744073645230921, tree depth = 15, num leaves = 18446744072799080058 (100.00%)
Wallclock time = 83.213 sec, performance = 221681867559323520 nodes/sec (11084093377966176 nodes/sec per PE)


============================ Tabulate Statistics ============================
PWR_PKG_ENERGY	INST_RETIRED	TOR_OCCUPANCY	RR_OCCUPANCY	TIPI	L3_MISS	L2_MISS	TIME	
11544.568054	8993948447359	101913534	103741897	0.000023	12902602	122267704	83246.579348	
=============================================================================

============================ TIPI SLAB Statistics ============================

==============================================================================
===== Test PASSED in 0.0 msec =====

-----
mkdir timedrun fake

UTS - Unbalanced Tree Search 2.1 (C/OpenMP)
Tree type:  1 (Geometric)
Tree shape parameters:
  root branching factor b_0 = 4.0, root seed = 19
  GEO parameters: gen_mx = 15, shape function = 3 (Fixed branching factor)
Random number generator: SHA-1 (state size = 20B)
Compute granularity: 1
Execution strategy:  Parallel search using 20 threads
   Load balance by work stealing, chunk size = 20 nodes
  CBarrier Interval: 1
   Polling Interval: 1

Tree size = 18446744073645230921, tree depth = 15, num leaves = 18446744072799080058 (100.00%)
Wallclock time = 70.482 sec, performance = 261721876088061760 nodes/sec (13086093804403088 nodes/sec per PE)


============================ Tabulate Statistics ============================
PWR_PKG_ENERGY	INST_RETIRED	TOR_OCCUPANCY	RR_OCCUPANCY	TIPI	L3_MISS	L2_MISS	TIME	
9852.909729	8993164235035	108020341	109914110	0.000024	14151661	137873660	70499.284490	
=============================================================================

============================ TIPI SLAB Statistics ============================

==============================================================================
===== Test PASSED in 0.0 msec =====

-----
mkdir timedrun fake

UTS - Unbalanced Tree Search 2.1 (C/OpenMP)
Tree type:  1 (Geometric)
Tree shape parameters:
  root branching factor b_0 = 4.0, root seed = 19
  GEO parameters: gen_mx = 15, shape function = 3 (Fixed branching factor)
Random number generator: SHA-1 (state size = 20B)
Compute granularity: 1
Execution strategy:  Parallel search using 20 threads
   Load balance by work stealing, chunk size = 20 nodes
  CBarrier Interval: 1
   Polling Interval: 1

Tree size = 18446744073645230921, tree depth = 15, num leaves = 18446744072799080058 (100.00%)
Wallclock time = 70.239 sec, performance = 262628608772284512 nodes/sec (13131430438614226 nodes/sec per PE)


============================ Tabulate Statistics ============================
PWR_PKG_ENERGY	INST_RETIRED	TOR_OCCUPANCY	RR_OCCUPANCY	TIPI	L3_MISS	L2_MISS	TIME	
9841.018127	8994520092977	101718120	103421929	0.000023	12738416	124552875	70282.881146	
=============================================================================

============================ TIPI SLAB Statistics ============================

==============================================================================
===== Test PASSED in 0.0 msec =====
