Testing exp: 0.000000

-----
mkdir timedrun fake

Input(case 0): nx=32768, ny=32768, nt=200, leafmaxcol=8
Heat started...
Heat ended...

Heat
 dx =  0.000048
  dy =  0.000048
  dt =  0.000000
  Stability Value for explicit method must be > 0: 0.064855
 Options: granularity = 8
         nx          = 32768
         ny          = 32768
         nt          = 200

============================ Tabulate Statistics ============================
PWR_PKG_ENERGY	INST_RETIRED	TOR_OCCUPANCY	RR_OCCUPANCY	TIPI	L3_MISS	L2_MISS	TIME	RANGE_L	RANGE_R	DISTINCT_SLABS	OPT_CORE_SLABS	OPT_UNCORE_SLABS	0.06000_0.06400_PERC	0.06000_0.06400_CF	0.06000_0.06400_UF	0.06000_0.06400_CT	0.06000_0.06400_UT	0.06400_0.06800_PERC	0.06400_0.06800_CF	0.06400_0.06800_UF	0.06400_0.06800_CT	0.06400_0.06800_UT	
12225.050171	3906685664229	127158149013	127162209200	0.065099	370610379	2660540567	77723.583778	0.056000	0.068000	3	2	2	0.134220	17	30	82	0	0.865490	12	30	69	0	
=============================================================================

============================ TIPI SLAB Statistics ============================

================================= TIPI =======================================
TIPI SLAB	 0.056000 - 0.060000
============================ CORE Statistics ============================
L	 17
R	 23
OPTIMUM CORE FREQUENCY	 -1
JPI[0]	JPI[1]	JPI[2]	JPI[3]	JPI[4]	JPI[5]	JPI[6]	JPI[7]	JPI[8]	JPI[9]	JPI[10]	JPI[11]	
0.0000000000	0.0000000000	0.0000000000	0.0000000000	0.0000000000	0.0000000000	0.0000000000	0.0000000000	0.0000000000	0.0000000000	0.0000000000	0.0000000000	
============================ UNCORE Statistics ============================
LU	 12
RU	 30
LG	 0
RG	 0
OPTIMUM UNCORE FREQUENCY	 0
JPIU[0]	JPIU[1]	JPIU[2]	JPIU[3]	JPIU[4]	JPIU[5]	JPIU[6]	JPIU[7]	JPIU[8]	JPIU[9]	JPIU[10]	JPIU[11]	JPIU[12]	JPIU[13]	JPIU[14]	JPIU[15]	JPIU[16]	JPIU[17]	JPIU[18]	
0.0000000000	0.0000000000	0.0000000000	0.0000000000	0.0000000000	0.0000000000	0.0000000000	0.0000000000	0.0000000000	0.0000000000	0.0000000000	0.0000000000	0.00000000000.0000000000	0.0000000000	0.0000000000	0.0000000000	0.0000000000	0.0000000000	
==============================================================================

================================= TIPI =======================================
TIPI SLAB	 0.060000 - 0.064000
============================ CORE Statistics ============================
L	 16
R	 17
OPTIMUM CORE FREQUENCY	 17
JPI[0]	JPI[1]	JPI[2]	JPI[3]	JPI[4]	JPI[5]	JPI[6]	JPI[7]	JPI[8]	JPI[9]	JPI[10]	JPI[11]	
0.0000000000	0.0000000000	0.0000000000	0.0000000031	0.0000000000	0.0000000031	0.0000000000	0.0000000032	0.0000000000	0.0000000034	0.0000000000	0.0000000035	
============================ UNCORE Statistics ============================
LU	 12
RU	 30
LG	 0
RG	 0
OPTIMUM UNCORE FREQUENCY	 30
JPIU[0]	JPIU[1]	JPIU[2]	JPIU[3]	JPIU[4]	JPIU[5]	JPIU[6]	JPIU[7]	JPIU[8]	JPIU[9]	JPIU[10]	JPIU[11]	JPIU[12]	JPIU[13]	JPIU[14]	JPIU[15]	JPIU[16]	JPIU[17]	JPIU[18]	
0.0000000000	0.0000000000	0.0000000000	0.0000000000	0.0000000000	0.0000000000	0.0000000000	0.0000000000	0.0000000000	0.0000000000	0.0000000000	0.0000000000	0.00000000000.0000000000	0.0000000000	0.0000000000	0.0000000000	0.0000000000	0.0000000000	
==============================================================================

================================= TIPI =======================================
TIPI SLAB	 0.064000 - 0.068000
============================ CORE Statistics ============================
L	 12
R	 17
OPTIMUM CORE FREQUENCY	 12
JPI[0]	JPI[1]	JPI[2]	JPI[3]	JPI[4]	JPI[5]	JPI[6]	JPI[7]	JPI[8]	JPI[9]	JPI[10]	JPI[11]	
0.0000000031	0.0000000031	0.0000000000	0.0000000031	0.0000000000	0.0000000032	0.0000000000	0.0000000033	0.0000000000	0.0000000035	0.0000000000	0.0000000036	
============================ UNCORE Statistics ============================
LU	 12
RU	 30
LG	 0
RG	 0
OPTIMUM UNCORE FREQUENCY	 30
JPIU[0]	JPIU[1]	JPIU[2]	JPIU[3]	JPIU[4]	JPIU[5]	JPIU[6]	JPIU[7]	JPIU[8]	JPIU[9]	JPIU[10]	JPIU[11]	JPIU[12]	JPIU[13]	JPIU[14]	JPIU[15]	JPIU[16]	JPIU[17]	JPIU[18]	
0.0000000000	0.0000000000	0.0000000000	0.0000000000	0.0000000000	0.0000000000	0.0000000000	0.0000000000	0.0000000000	0.0000000000	0.0000000000	0.0000000000	0.00000000000.0000000000	0.0000000000	0.0000000000	0.0000000000	0.0000000000	0.0000000000	
==============================================================================

==============================================================================
===== Test PASSED in 0.0 msec =====
Testing exp: 0.000000

-----
mkdir timedrun fake

Input(case 0): nx=32768, ny=32768, nt=200, leafmaxcol=8
Heat started...
Heat ended...

Heat
 dx =  0.000048
  dy =  0.000048
  dt =  0.000000
  Stability Value for explicit method must be > 0: 0.064855
 Options: granularity = 8
         nx          = 32768
         ny          = 32768
         nt          = 200

============================ Tabulate Statistics ============================
PWR_PKG_ENERGY	INST_RETIRED	TOR_OCCUPANCY	RR_OCCUPANCY	TIPI	L3_MISS	L2_MISS	TIME	RANGE_L	RANGE_R	DISTINCT_SLABS	OPT_CORE_SLABS	OPT_UNCORE_SLABS	0.06000_0.06400_PERC	0.06000_0.06400_CF	0.06000_0.06400_UF	0.06000_0.06400_CT	0.06000_0.06400_UT	0.06400_0.06800_PERC	0.06400_0.06800_CF	0.06400_0.06800_UF	0.06400_0.06800_CT	0.06400_0.06800_UT	
12219.337646	3908075724015	127279030896	127284435404	0.065138	379062932	2679636635	77965.622483	0.056000	0.068000	3	2	2	0.128139	14	30	112	0	0.869841	12	30	68	0	
=============================================================================

============================ TIPI SLAB Statistics ============================

================================= TIPI =======================================
TIPI SLAB	 0.056000 - 0.060000
============================ CORE Statistics ============================
L	 14
R	 23
OPTIMUM CORE FREQUENCY	 -1
JPI[0]	JPI[1]	JPI[2]	JPI[3]	JPI[4]	JPI[5]	JPI[6]	JPI[7]	JPI[8]	JPI[9]	JPI[10]	JPI[11]	
0.0000000000	0.0000000000	0.0000000000	0.0000000000	0.0000000000	0.0000000000	0.0000000000	0.0000000000	0.0000000000	0.0000000000	0.0000000000	0.0000000000	
============================ UNCORE Statistics ============================
LU	 12
RU	 30
LG	 0
RG	 0
OPTIMUM UNCORE FREQUENCY	 0
JPIU[0]	JPIU[1]	JPIU[2]	JPIU[3]	JPIU[4]	JPIU[5]	JPIU[6]	JPIU[7]	JPIU[8]	JPIU[9]	JPIU[10]	JPIU[11]	JPIU[12]	JPIU[13]	JPIU[14]	JPIU[15]	JPIU[16]	JPIU[17]	JPIU[18]	
0.0000000000	0.0000000000	0.0000000000	0.0000000000	0.0000000000	0.0000000000	0.0000000000	0.0000000000	0.0000000000	0.0000000000	0.0000000000	0.0000000000	0.00000000000.0000000000	0.0000000000	0.0000000000	0.0000000000	0.0000000000	0.0000000000	
==============================================================================

================================= TIPI =======================================
TIPI SLAB	 0.060000 - 0.064000
============================ CORE Statistics ============================
L	 14
R	 15
OPTIMUM CORE FREQUENCY	 14
JPI[0]	JPI[1]	JPI[2]	JPI[3]	JPI[4]	JPI[5]	JPI[6]	JPI[7]	JPI[8]	JPI[9]	JPI[10]	JPI[11]	
0.0000000000	0.0000000031	0.0000000031	0.0000000031	0.0000000000	0.0000000031	0.0000000000	0.0000000032	0.0000000000	0.0000000033	0.0000000000	0.0000000035	
============================ UNCORE Statistics ============================
LU	 12
RU	 30
LG	 0
RG	 0
OPTIMUM UNCORE FREQUENCY	 30
JPIU[0]	JPIU[1]	JPIU[2]	JPIU[3]	JPIU[4]	JPIU[5]	JPIU[6]	JPIU[7]	JPIU[8]	JPIU[9]	JPIU[10]	JPIU[11]	JPIU[12]	JPIU[13]	JPIU[14]	JPIU[15]	JPIU[16]	JPIU[17]	JPIU[18]	
0.0000000000	0.0000000000	0.0000000000	0.0000000000	0.0000000000	0.0000000000	0.0000000000	0.0000000000	0.0000000000	0.0000000000	0.0000000000	0.0000000000	0.00000000000.0000000000	0.0000000000	0.0000000000	0.0000000000	0.0000000000	0.0000000000	
==============================================================================

================================= TIPI =======================================
TIPI SLAB	 0.064000 - 0.068000
============================ CORE Statistics ============================
L	 12
R	 15
OPTIMUM CORE FREQUENCY	 12
JPI[0]	JPI[1]	JPI[2]	JPI[3]	JPI[4]	JPI[5]	JPI[6]	JPI[7]	JPI[8]	JPI[9]	JPI[10]	JPI[11]	
0.0000000031	0.0000000031	0.0000000000	0.0000000031	0.0000000000	0.0000000032	0.0000000000	0.0000000033	0.0000000000	0.0000000034	0.0000000000	0.0000000036	
============================ UNCORE Statistics ============================
LU	 12
RU	 30
LG	 0
RG	 0
OPTIMUM UNCORE FREQUENCY	 30
JPIU[0]	JPIU[1]	JPIU[2]	JPIU[3]	JPIU[4]	JPIU[5]	JPIU[6]	JPIU[7]	JPIU[8]	JPIU[9]	JPIU[10]	JPIU[11]	JPIU[12]	JPIU[13]	JPIU[14]	JPIU[15]	JPIU[16]	JPIU[17]	JPIU[18]	
0.0000000000	0.0000000000	0.0000000000	0.0000000000	0.0000000000	0.0000000000	0.0000000000	0.0000000000	0.0000000000	0.0000000000	0.0000000000	0.0000000000	0.00000000000.0000000000	0.0000000000	0.0000000000	0.0000000000	0.0000000000	0.0000000000	
==============================================================================

==============================================================================
===== Test PASSED in 0.0 msec =====
Testing exp: 0.000000

-----
mkdir timedrun fake

Input(case 0): nx=32768, ny=32768, nt=200, leafmaxcol=8
Heat started...
Heat ended...

Heat
 dx =  0.000048
  dy =  0.000048
  dt =  0.000000
  Stability Value for explicit method must be > 0: 0.064855
 Options: granularity = 8
         nx          = 32768
         ny          = 32768
         nt          = 200

============================ Tabulate Statistics ============================
PWR_PKG_ENERGY	INST_RETIRED	TOR_OCCUPANCY	RR_OCCUPANCY	TIPI	L3_MISS	L2_MISS	TIME	RANGE_L	RANGE_R	DISTINCT_SLABS	OPT_CORE_SLABS	OPT_UNCORE_SLABS	0.06000_0.06400_PERC	0.06000_0.06400_CF	0.06000_0.06400_UF	0.06000_0.06400_CT	0.06000_0.06400_UT	0.06400_0.06800_PERC	0.06400_0.06800_CF	0.06400_0.06800_UF	0.06400_0.06800_CT	0.06400_0.06800_UT	
12210.284912	3907231473842	127263927630	127266423350	0.065143	362541232	2514363695	77987.852052	0.056000	0.072000	4	3	2	0.130598	14	30	113	0	0.868246	12	30	67	0	
=============================================================================

============================ TIPI SLAB Statistics ============================

================================= TIPI =======================================
TIPI SLAB	 0.056000 - 0.060000
============================ CORE Statistics ============================
L	 14
R	 23
OPTIMUM CORE FREQUENCY	 -1
JPI[0]	JPI[1]	JPI[2]	JPI[3]	JPI[4]	JPI[5]	JPI[6]	JPI[7]	JPI[8]	JPI[9]	JPI[10]	JPI[11]	
0.0000000000	0.0000000000	0.0000000000	0.0000000000	0.0000000000	0.0000000000	0.0000000000	0.0000000000	0.0000000000	0.0000000000	0.0000000000	0.0000000000	
============================ UNCORE Statistics ============================
LU	 12
RU	 30
LG	 0
RG	 0
OPTIMUM UNCORE FREQUENCY	 0
JPIU[0]	JPIU[1]	JPIU[2]	JPIU[3]	JPIU[4]	JPIU[5]	JPIU[6]	JPIU[7]	JPIU[8]	JPIU[9]	JPIU[10]	JPIU[11]	JPIU[12]	JPIU[13]	JPIU[14]	JPIU[15]	JPIU[16]	JPIU[17]	JPIU[18]	
0.0000000000	0.0000000000	0.0000000000	0.0000000000	0.0000000000	0.0000000000	0.0000000000	0.0000000000	0.0000000000	0.0000000000	0.0000000000	0.0000000000	0.00000000000.0000000000	0.0000000000	0.0000000000	0.0000000000	0.0000000000	0.0000000000	
==============================================================================

================================= TIPI =======================================
TIPI SLAB	 0.060000 - 0.064000
============================ CORE Statistics ============================
L	 14
R	 15
OPTIMUM CORE FREQUENCY	 14
JPI[0]	JPI[1]	JPI[2]	JPI[3]	JPI[4]	JPI[5]	JPI[6]	JPI[7]	JPI[8]	JPI[9]	JPI[10]	JPI[11]	
0.0000000000	0.0000000031	0.0000000031	0.0000000031	0.0000000000	0.0000000031	0.0000000000	0.0000000032	0.0000000000	0.0000000033	0.0000000000	0.0000000035	
============================ UNCORE Statistics ============================
LU	 12
RU	 30
LG	 0
RG	 0
OPTIMUM UNCORE FREQUENCY	 30
JPIU[0]	JPIU[1]	JPIU[2]	JPIU[3]	JPIU[4]	JPIU[5]	JPIU[6]	JPIU[7]	JPIU[8]	JPIU[9]	JPIU[10]	JPIU[11]	JPIU[12]	JPIU[13]	JPIU[14]	JPIU[15]	JPIU[16]	JPIU[17]	JPIU[18]	
0.0000000000	0.0000000000	0.0000000000	0.0000000000	0.0000000000	0.0000000000	0.0000000000	0.0000000000	0.0000000000	0.0000000000	0.0000000000	0.0000000000	0.00000000000.0000000000	0.0000000000	0.0000000000	0.0000000000	0.0000000000	0.0000000000	
==============================================================================

================================= TIPI =======================================
TIPI SLAB	 0.064000 - 0.068000
============================ CORE Statistics ============================
L	 12
R	 15
OPTIMUM CORE FREQUENCY	 12
JPI[0]	JPI[1]	JPI[2]	JPI[3]	JPI[4]	JPI[5]	JPI[6]	JPI[7]	JPI[8]	JPI[9]	JPI[10]	JPI[11]	
0.0000000031	0.0000000031	0.0000000000	0.0000000031	0.0000000000	0.0000000032	0.0000000000	0.0000000033	0.0000000000	0.0000000034	0.0000000000	0.0000000036	
============================ UNCORE Statistics ============================
LU	 12
RU	 30
LG	 0
RG	 0
OPTIMUM UNCORE FREQUENCY	 30
JPIU[0]	JPIU[1]	JPIU[2]	JPIU[3]	JPIU[4]	JPIU[5]	JPIU[6]	JPIU[7]	JPIU[8]	JPIU[9]	JPIU[10]	JPIU[11]	JPIU[12]	JPIU[13]	JPIU[14]	JPIU[15]	JPIU[16]	JPIU[17]	JPIU[18]	
0.0000000000	0.0000000000	0.0000000000	0.0000000000	0.0000000000	0.0000000000	0.0000000000	0.0000000000	0.0000000000	0.0000000000	0.0000000000	0.0000000000	0.00000000000.0000000000	0.0000000000	0.0000000000	0.0000000000	0.0000000000	0.0000000000	
==============================================================================

================================= TIPI =======================================
TIPI SLAB	 0.068000 - 0.072000
============================ CORE Statistics ============================
L	 12
R	 12
OPTIMUM CORE FREQUENCY	 12
JPI[0]	JPI[1]	JPI[2]	JPI[3]	JPI[4]	JPI[5]	JPI[6]	JPI[7]	JPI[8]	JPI[9]	JPI[10]	JPI[11]	
0.0000000000	0.0000000000	0.0000000000	0.0000000000	0.0000000000	0.0000000000	0.0000000000	0.0000000000	0.0000000000	0.0000000000	0.0000000000	0.0000000000	
============================ UNCORE Statistics ============================
LU	 12
RU	 30
LG	 0
RG	 0
OPTIMUM UNCORE FREQUENCY	 0
JPIU[0]	JPIU[1]	JPIU[2]	JPIU[3]	JPIU[4]	JPIU[5]	JPIU[6]	JPIU[7]	JPIU[8]	JPIU[9]	JPIU[10]	JPIU[11]	JPIU[12]	JPIU[13]	JPIU[14]	JPIU[15]	JPIU[16]	JPIU[17]	JPIU[18]	
0.0000000000	0.0000000000	0.0000000000	0.0000000000	0.0000000000	0.0000000000	0.0000000000	0.0000000000	0.0000000000	0.0000000000	0.0000000000	0.0000000000	0.00000000000.0000000000	0.0000000000	0.0000000000	0.0000000000	0.0000000000	0.0000000000	
==============================================================================

==============================================================================
===== Test PASSED in 0.0 msec =====
Testing exp: 0.000000

-----
mkdir timedrun fake

Input(case 0): nx=32768, ny=32768, nt=200, leafmaxcol=8
Heat started...
Heat ended...

Heat
 dx =  0.000048
  dy =  0.000048
  dt =  0.000000
  Stability Value for explicit method must be > 0: 0.064855
 Options: granularity = 8
         nx          = 32768
         ny          = 32768
         nt          = 200

============================ Tabulate Statistics ============================
PWR_PKG_ENERGY	INST_RETIRED	TOR_OCCUPANCY	RR_OCCUPANCY	TIPI	L3_MISS	L2_MISS	TIME	RANGE_L	RANGE_R	DISTINCT_SLABS	OPT_CORE_SLABS	OPT_UNCORE_SLABS	0.06000_0.06400_PERC	0.06000_0.06400_CF	0.06000_0.06400_UF	0.06000_0.06400_CT	0.06000_0.06400_UT	0.06400_0.06800_PERC	0.06400_0.06800_CF	0.06400_0.06800_UF	0.06400_0.06800_CT	0.06400_0.06800_UT	
11985.915100	3906593969975	127302558479	127306148121	0.065174	355648240	2369689366	78640.436232	0.056000	0.068000	3	2	2	0.125922	12	30	111	0	0.872660	12	30	68	0	
=============================================================================

============================ TIPI SLAB Statistics ============================

================================= TIPI =======================================
TIPI SLAB	 0.056000 - 0.060000
============================ CORE Statistics ============================
L	 12
R	 23
OPTIMUM CORE FREQUENCY	 -1
JPI[0]	JPI[1]	JPI[2]	JPI[3]	JPI[4]	JPI[5]	JPI[6]	JPI[7]	JPI[8]	JPI[9]	JPI[10]	JPI[11]	
0.0000000000	0.0000000000	0.0000000000	0.0000000000	0.0000000000	0.0000000000	0.0000000000	0.0000000000	0.0000000000	0.0000000000	0.0000000000	0.0000000000	
============================ UNCORE Statistics ============================
LU	 12
RU	 30
LG	 0
RG	 0
OPTIMUM UNCORE FREQUENCY	 0
JPIU[0]	JPIU[1]	JPIU[2]	JPIU[3]	JPIU[4]	JPIU[5]	JPIU[6]	JPIU[7]	JPIU[8]	JPIU[9]	JPIU[10]	JPIU[11]	JPIU[12]	JPIU[13]	JPIU[14]	JPIU[15]	JPIU[16]	JPIU[17]	JPIU[18]	
0.0000000000	0.0000000000	0.0000000000	0.0000000000	0.0000000000	0.0000000000	0.0000000000	0.0000000000	0.0000000000	0.0000000000	0.0000000000	0.0000000000	0.0000000000	0.0000000000	0.0000000000	0.0000000000	0.0000000000	0.0000000000	0.0000000000	
==============================================================================

================================= TIPI =======================================
TIPI SLAB	 0.060000 - 0.064000
============================ CORE Statistics ============================
L	 12
R	 13
OPTIMUM CORE FREQUENCY	 12
JPI[0]	JPI[1]	JPI[2]	JPI[3]	JPI[4]	JPI[5]	JPI[6]	JPI[7]	JPI[8]	JPI[9]	JPI[10]	JPI[11]	
0.0000000031	0.0000000030	0.0000000000	0.0000000031	0.0000000000	0.0000000031	0.0000000000	0.0000000032	0.0000000000	0.0000000033	0.0000000000	0.0000000034	
============================ UNCORE Statistics ============================
LU	 12
RU	 30
LG	 0
RG	 0
OPTIMUM UNCORE FREQUENCY	 30
JPIU[0]	JPIU[1]	JPIU[2]	JPIU[3]	JPIU[4]	JPIU[5]	JPIU[6]	JPIU[7]	JPIU[8]	JPIU[9]	JPIU[10]	JPIU[11]	JPIU[12]	JPIU[13]	JPIU[14]	JPIU[15]	JPIU[16]	JPIU[17]	JPIU[18]	
0.0000000000	0.0000000000	0.0000000000	0.0000000000	0.0000000000	0.0000000000	0.0000000000	0.0000000000	0.0000000000	0.0000000000	0.0000000000	0.0000000000	0.0000000000	0.0000000000	0.0000000000	0.0000000000	0.0000000000	0.0000000000	0.0000000000	
==============================================================================

================================= TIPI =======================================
TIPI SLAB	 0.064000 - 0.068000
============================ CORE Statistics ============================
L	 12
R	 13
OPTIMUM CORE FREQUENCY	 12
JPI[0]	JPI[1]	JPI[2]	JPI[3]	JPI[4]	JPI[5]	JPI[6]	JPI[7]	JPI[8]	JPI[9]	JPI[10]	JPI[11]	
0.0000000030	0.0000000031	0.0000000000	0.0000000031	0.0000000000	0.0000000031	0.0000000000	0.0000000033	0.0000000000	0.0000000034	0.0000000000	0.0000000035	
============================ UNCORE Statistics ============================
LU	 12
RU	 30
LG	 0
RG	 0
OPTIMUM UNCORE FREQUENCY	 30
JPIU[0]	JPIU[1]	JPIU[2]	JPIU[3]	JPIU[4]	JPIU[5]	JPIU[6]	JPIU[7]	JPIU[8]	JPIU[9]	JPIU[10]	JPIU[11]	JPIU[12]	JPIU[13]	JPIU[14]	JPIU[15]	JPIU[16]	JPIU[17]	JPIU[18]	
0.0000000000	0.0000000000	0.0000000000	0.0000000000	0.0000000000	0.0000000000	0.0000000000	0.0000000000	0.0000000000	0.0000000000	0.0000000000	0.0000000000	0.0000000000	0.0000000000	0.0000000000	0.0000000000	0.0000000000	0.0000000000	0.0000000000	
==============================================================================

==============================================================================
===== Test PASSED in 0.0 msec =====
Testing exp: 0.000000

-----
mkdir timedrun fake

Input(case 0): nx=32768, ny=32768, nt=200, leafmaxcol=8
Heat started...
Heat ended...

Heat
 dx =  0.000048
  dy =  0.000048
  dt =  0.000000
  Stability Value for explicit method must be > 0: 0.064855
 Options: granularity = 8
         nx          = 32768
         ny          = 32768
         nt          = 200

============================ Tabulate Statistics ============================
PWR_PKG_ENERGY	INST_RETIRED	TOR_OCCUPANCY	RR_OCCUPANCY	TIPI	L3_MISS	L2_MISS	TIME	RANGE_L	RANGE_R	DISTINCT_SLABS	OPT_CORE_SLABS	OPT_UNCORE_SLABS	0.06000_0.06400_PERC	0.06000_0.06400_CF	0.06000_0.06400_UF	0.06000_0.06400_CT	0.06000_0.06400_UT	0.06400_0.06800_PERC	0.06400_0.06800_CF	0.06400_0.06800_UF	0.06400_0.06800_CT	0.06400_0.06800_UT	
12065.902466	3907531662032	127289008512	127291485965	0.065151	369260131	2540924732	78190.191243	0.056000	0.068000	3	2	2	0.130723	14	30	108	0	0.868126	12	30	70	0	
=============================================================================

============================ TIPI SLAB Statistics ============================

================================= TIPI =======================================
TIPI SLAB	 0.056000 - 0.060000
============================ CORE Statistics ============================
L	 14
R	 23
OPTIMUM CORE FREQUENCY	 -1
JPI[0]	JPI[1]	JPI[2]	JPI[3]	JPI[4]	JPI[5]	JPI[6]	JPI[7]	JPI[8]	JPI[9]	JPI[10]	JPI[11]	
0.0000000000	0.0000000000	0.0000000000	0.0000000000	0.0000000000	0.0000000000	0.0000000000	0.0000000000	0.0000000000	0.0000000000	0.0000000000	0.0000000000	
============================ UNCORE Statistics ============================
LU	 12
RU	 30
LG	 0
RG	 0
OPTIMUM UNCORE FREQUENCY	 0
JPIU[0]	JPIU[1]	JPIU[2]	JPIU[3]	JPIU[4]	JPIU[5]	JPIU[6]	JPIU[7]	JPIU[8]	JPIU[9]	JPIU[10]	JPIU[11]	JPIU[12]	JPIU[13]	JPIU[14]	JPIU[15]	JPIU[16]	JPIU[17]	JPIU[18]	
0.0000000000	0.0000000000	0.0000000000	0.0000000000	0.0000000000	0.0000000000	0.0000000000	0.0000000000	0.0000000000	0.0000000000	0.0000000000	0.0000000000	0.0000000000	0.0000000000	0.0000000000	0.0000000000	0.0000000000	0.0000000000	0.0000000000	
==============================================================================

================================= TIPI =======================================
TIPI SLAB	 0.060000 - 0.064000
============================ CORE Statistics ============================
L	 14
R	 15
OPTIMUM CORE FREQUENCY	 14
JPI[0]	JPI[1]	JPI[2]	JPI[3]	JPI[4]	JPI[5]	JPI[6]	JPI[7]	JPI[8]	JPI[9]	JPI[10]	JPI[11]	
0.0000000000	0.0000000031	0.0000000031	0.0000000030	0.0000000000	0.0000000031	0.0000000000	0.0000000032	0.0000000000	0.0000000033	0.0000000000	0.0000000034	
============================ UNCORE Statistics ============================
LU	 12
RU	 30
LG	 0
RG	 0
OPTIMUM UNCORE FREQUENCY	 30
JPIU[0]	JPIU[1]	JPIU[2]	JPIU[3]	JPIU[4]	JPIU[5]	JPIU[6]	JPIU[7]	JPIU[8]	JPIU[9]	JPIU[10]	JPIU[11]	JPIU[12]	JPIU[13]	JPIU[14]	JPIU[15]	JPIU[16]	JPIU[17]	JPIU[18]	
0.0000000000	0.0000000000	0.0000000000	0.0000000000	0.0000000000	0.0000000000	0.0000000000	0.0000000000	0.0000000000	0.0000000000	0.0000000000	0.0000000000	0.0000000000	0.0000000000	0.0000000000	0.0000000000	0.0000000000	0.0000000000	0.0000000000	
==============================================================================

================================= TIPI =======================================
TIPI SLAB	 0.064000 - 0.068000
============================ CORE Statistics ============================
L	 12
R	 15
OPTIMUM CORE FREQUENCY	 12
JPI[0]	JPI[1]	JPI[2]	JPI[3]	JPI[4]	JPI[5]	JPI[6]	JPI[7]	JPI[8]	JPI[9]	JPI[10]	JPI[11]	
0.0000000030	0.0000000031	0.0000000000	0.0000000031	0.0000000000	0.0000000031	0.0000000000	0.0000000033	0.0000000000	0.0000000034	0.0000000000	0.0000000035	
============================ UNCORE Statistics ============================
LU	 12
RU	 30
LG	 0
RG	 0
OPTIMUM UNCORE FREQUENCY	 30
JPIU[0]	JPIU[1]	JPIU[2]	JPIU[3]	JPIU[4]	JPIU[5]	JPIU[6]	JPIU[7]	JPIU[8]	JPIU[9]	JPIU[10]	JPIU[11]	JPIU[12]	JPIU[13]	JPIU[14]	JPIU[15]	JPIU[16]	JPIU[17]	JPIU[18]	
0.0000000000	0.0000000000	0.0000000000	0.0000000000	0.0000000000	0.0000000000	0.0000000000	0.0000000000	0.0000000000	0.0000000000	0.0000000000	0.0000000000	0.0000000000	0.0000000000	0.0000000000	0.0000000000	0.0000000000	0.0000000000	0.0000000000	
==============================================================================

==============================================================================
===== Test PASSED in 0.0 msec =====
Testing exp: 0.000000

-----
mkdir timedrun fake

Input(case 0): nx=32768, ny=32768, nt=200, leafmaxcol=8
Heat started...
Heat ended...

Heat
 dx =  0.000048
  dy =  0.000048
  dt =  0.000000
  Stability Value for explicit method must be > 0: 0.064855
 Options: granularity = 8
         nx          = 32768
         ny          = 32768
         nt          = 200

============================ Tabulate Statistics ============================
PWR_PKG_ENERGY	INST_RETIRED	TOR_OCCUPANCY	RR_OCCUPANCY	TIPI	L3_MISS	L2_MISS	TIME	RANGE_L	RANGE_R	DISTINCT_SLABS	OPT_CORE_SLABS	OPT_UNCORE_SLABS	0.06000_0.06400_PERC	0.06000_0.06400_CF	0.06000_0.06400_UF	0.06000_0.06400_CT	0.06000_0.06400_UT	0.06400_0.06800_PERC	0.06400_0.06800_CF	0.06400_0.06800_UF	0.06400_0.06800_CT	0.06400_0.06800_UT	
12117.219910	3908547086363	127237890992	127242690902	0.065109	382775312	2783556697	78333.697118	0.056000	0.076000	4	3	2	0.136416	17	30	86	0	0.862148	12	30	66	0	
=============================================================================

============================ TIPI SLAB Statistics ============================

================================= TIPI =======================================
TIPI SLAB	 0.056000 - 0.060000
============================ CORE Statistics ============================
L	 16
R	 23
OPTIMUM CORE FREQUENCY	 -1
JPI[0]	JPI[1]	JPI[2]	JPI[3]	JPI[4]	JPI[5]	JPI[6]	JPI[7]	JPI[8]	JPI[9]	JPI[10]	JPI[11]	
0.0000000000	0.0000000000	0.0000000000	0.0000000000	0.0000000000	0.0000000000	0.0000000000	0.0000000000	0.0000000000	0.0000000000	0.0000000000	0.0000000000	
============================ UNCORE Statistics ============================
LU	 12
RU	 30
LG	 0
RG	 0
OPTIMUM UNCORE FREQUENCY	 0
JPIU[0]	JPIU[1]	JPIU[2]	JPIU[3]	JPIU[4]	JPIU[5]	JPIU[6]	JPIU[7]	JPIU[8]	JPIU[9]	JPIU[10]	JPIU[11]	JPIU[12]	JPIU[13]	JPIU[14]	JPIU[15]	JPIU[16]	JPIU[17]	JPIU[18]	
0.0000000000	0.0000000000	0.0000000000	0.0000000000	0.0000000000	0.0000000000	0.0000000000	0.0000000000	0.0000000000	0.0000000000	0.0000000000	0.0000000000	0.0000000000	0.0000000000	0.0000000000	0.0000000000	0.0000000000	0.0000000000	0.0000000000	
==============================================================================

================================= TIPI =======================================
TIPI SLAB	 0.060000 - 0.064000
============================ CORE Statistics ============================
L	 16
R	 17
OPTIMUM CORE FREQUENCY	 17
JPI[0]	JPI[1]	JPI[2]	JPI[3]	JPI[4]	JPI[5]	JPI[6]	JPI[7]	JPI[8]	JPI[9]	JPI[10]	JPI[11]	
0.0000000000	0.0000000000	0.0000000000	0.0000000031	0.0000000000	0.0000000031	0.0000000000	0.0000000032	0.0000000000	0.0000000033	0.0000000000	0.0000000034	
============================ UNCORE Statistics ============================
LU	 12
RU	 30
LG	 0
RG	 0
OPTIMUM UNCORE FREQUENCY	 30
JPIU[0]	JPIU[1]	JPIU[2]	JPIU[3]	JPIU[4]	JPIU[5]	JPIU[6]	JPIU[7]	JPIU[8]	JPIU[9]	JPIU[10]	JPIU[11]	JPIU[12]	JPIU[13]	JPIU[14]	JPIU[15]	JPIU[16]	JPIU[17]	JPIU[18]	
0.0000000000	0.0000000000	0.0000000000	0.0000000000	0.0000000000	0.0000000000	0.0000000000	0.0000000000	0.0000000000	0.0000000000	0.0000000000	0.0000000000	0.0000000000	0.0000000000	0.0000000000	0.0000000000	0.0000000000	0.0000000000	0.0000000000	
==============================================================================

================================= TIPI =======================================
TIPI SLAB	 0.064000 - 0.068000
============================ CORE Statistics ============================
L	 12
R	 17
OPTIMUM CORE FREQUENCY	 12
JPI[0]	JPI[1]	JPI[2]	JPI[3]	JPI[4]	JPI[5]	JPI[6]	JPI[7]	JPI[8]	JPI[9]	JPI[10]	JPI[11]	
0.0000000031	0.0000000031	0.0000000000	0.0000000031	0.0000000000	0.0000000031	0.0000000000	0.0000000033	0.0000000000	0.0000000035	0.0000000000	0.0000000036	
============================ UNCORE Statistics ============================
LU	 12
RU	 30
LG	 0
RG	 0
OPTIMUM UNCORE FREQUENCY	 30
JPIU[0]	JPIU[1]	JPIU[2]	JPIU[3]	JPIU[4]	JPIU[5]	JPIU[6]	JPIU[7]	JPIU[8]	JPIU[9]	JPIU[10]	JPIU[11]	JPIU[12]	JPIU[13]	JPIU[14]	JPIU[15]	JPIU[16]	JPIU[17]	JPIU[18]	
0.0000000000	0.0000000000	0.0000000000	0.0000000000	0.0000000000	0.0000000000	0.0000000000	0.0000000000	0.0000000000	0.0000000000	0.0000000000	0.0000000000	0.0000000000	0.0000000000	0.0000000000	0.0000000000	0.0000000000	0.0000000000	0.0000000000	
==============================================================================

================================= TIPI =======================================
TIPI SLAB	 0.072000 - 0.076000
============================ CORE Statistics ============================
L	 12
R	 12
OPTIMUM CORE FREQUENCY	 12
JPI[0]	JPI[1]	JPI[2]	JPI[3]	JPI[4]	JPI[5]	JPI[6]	JPI[7]	JPI[8]	JPI[9]	JPI[10]	JPI[11]	
0.0000000000	0.0000000000	0.0000000000	0.0000000000	0.0000000000	0.0000000000	0.0000000000	0.0000000000	0.0000000000	0.0000000000	0.0000000000	0.0000000000	
============================ UNCORE Statistics ============================
LU	 12
RU	 30
LG	 0
RG	 0
OPTIMUM UNCORE FREQUENCY	 0
JPIU[0]	JPIU[1]	JPIU[2]	JPIU[3]	JPIU[4]	JPIU[5]	JPIU[6]	JPIU[7]	JPIU[8]	JPIU[9]	JPIU[10]	JPIU[11]	JPIU[12]	JPIU[13]	JPIU[14]	JPIU[15]	JPIU[16]	JPIU[17]	JPIU[18]	
0.0000000000	0.0000000000	0.0000000000	0.0000000000	0.0000000000	0.0000000000	0.0000000000	0.0000000000	0.0000000000	0.0000000000	0.0000000000	0.0000000000	0.0000000000	0.0000000000	0.0000000000	0.0000000000	0.0000000000	0.0000000000	0.0000000000	
==============================================================================

==============================================================================
===== Test PASSED in 0.0 msec =====
Testing exp: 0.000000

-----
mkdir timedrun fake

Input(case 0): nx=32768, ny=32768, nt=200, leafmaxcol=8
Heat started...
Heat ended...

Heat
 dx =  0.000048
  dy =  0.000048
  dt =  0.000000
  Stability Value for explicit method must be > 0: 0.064855
 Options: granularity = 8
         nx          = 32768
         ny          = 32768
         nt          = 200

============================ Tabulate Statistics ============================
PWR_PKG_ENERGY	INST_RETIRED	TOR_OCCUPANCY	RR_OCCUPANCY	TIPI	L3_MISS	L2_MISS	TIME	RANGE_L	RANGE_R	DISTINCT_SLABS	OPT_CORE_SLABS	OPT_UNCORE_SLABS	0.06000_0.06400_PERC	0.06000_0.06400_CF	0.06000_0.06400_UF	0.06000_0.06400_CT	0.06000_0.06400_UT	0.06400_0.06800_PERC	0.06400_0.06800_CF	0.06400_0.06800_UF	0.06400_0.06800_CT	0.06400_0.06800_UT	
11979.035217	3907460349256	127298414667	127299795795	0.065157	366077087	2499552170	78470.875237	0.056000	0.080000	4	3	2	0.134205	12	30	114	0	0.864657	12	30	69	0	
=============================================================================

============================ TIPI SLAB Statistics ============================

================================= TIPI =======================================
TIPI SLAB	 0.056000 - 0.060000
============================ CORE Statistics ============================
L	 12
R	 23
OPTIMUM CORE FREQUENCY	 -1
JPI[0]	JPI[1]	JPI[2]	JPI[3]	JPI[4]	JPI[5]	JPI[6]	JPI[7]	JPI[8]	JPI[9]	JPI[10]	JPI[11]	
0.0000000000	0.0000000000	0.0000000000	0.0000000000	0.0000000000	0.0000000000	0.0000000000	0.0000000000	0.0000000000	0.0000000000	0.0000000000	0.0000000000	
============================ UNCORE Statistics ============================
LU	 12
RU	 30
LG	 0
RG	 0
OPTIMUM UNCORE FREQUENCY	 0
JPIU[0]	JPIU[1]	JPIU[2]	JPIU[3]	JPIU[4]	JPIU[5]	JPIU[6]	JPIU[7]	JPIU[8]	JPIU[9]	JPIU[10]	JPIU[11]	JPIU[12]	JPIU[13]	JPIU[14]	JPIU[15]	JPIU[16]	JPIU[17]	JPIU[18]	
0.0000000000	0.0000000000	0.0000000000	0.0000000000	0.0000000000	0.0000000000	0.0000000000	0.0000000000	0.0000000000	0.0000000000	0.0000000000	0.0000000000	0.0000000000	0.0000000000	0.0000000000	0.0000000000	0.0000000000	0.0000000000	0.0000000000	
==============================================================================

================================= TIPI =======================================
TIPI SLAB	 0.060000 - 0.064000
============================ CORE Statistics ============================
L	 12
R	 13
OPTIMUM CORE FREQUENCY	 12
JPI[0]	JPI[1]	JPI[2]	JPI[3]	JPI[4]	JPI[5]	JPI[6]	JPI[7]	JPI[8]	JPI[9]	JPI[10]	JPI[11]	
0.0000000030	0.0000000030	0.0000000000	0.0000000030	0.0000000000	0.0000000030	0.0000000000	0.0000000032	0.0000000000	0.0000000033	0.0000000000	0.0000000034	
============================ UNCORE Statistics ============================
LU	 12
RU	 30
LG	 0
RG	 0
OPTIMUM UNCORE FREQUENCY	 30
JPIU[0]	JPIU[1]	JPIU[2]	JPIU[3]	JPIU[4]	JPIU[5]	JPIU[6]	JPIU[7]	JPIU[8]	JPIU[9]	JPIU[10]	JPIU[11]	JPIU[12]	JPIU[13]	JPIU[14]	JPIU[15]	JPIU[16]	JPIU[17]	JPIU[18]	
0.0000000000	0.0000000000	0.0000000000	0.0000000000	0.0000000000	0.0000000000	0.0000000000	0.0000000000	0.0000000000	0.0000000000	0.0000000000	0.0000000000	0.0000000000	0.0000000000	0.0000000000	0.0000000000	0.0000000000	0.0000000000	0.0000000000	
==============================================================================

================================= TIPI =======================================
TIPI SLAB	 0.064000 - 0.068000
============================ CORE Statistics ============================
L	 12
R	 13
OPTIMUM CORE FREQUENCY	 12
JPI[0]	JPI[1]	JPI[2]	JPI[3]	JPI[4]	JPI[5]	JPI[6]	JPI[7]	JPI[8]	JPI[9]	JPI[10]	JPI[11]	
0.0000000030	0.0000000030	0.0000000000	0.0000000031	0.0000000000	0.0000000031	0.0000000000	0.0000000033	0.0000000000	0.0000000034	0.0000000000	0.0000000035	
============================ UNCORE Statistics ============================
LU	 12
RU	 30
LG	 0
RG	 0
OPTIMUM UNCORE FREQUENCY	 30
JPIU[0]	JPIU[1]	JPIU[2]	JPIU[3]	JPIU[4]	JPIU[5]	JPIU[6]	JPIU[7]	JPIU[8]	JPIU[9]	JPIU[10]	JPIU[11]	JPIU[12]	JPIU[13]	JPIU[14]	JPIU[15]	JPIU[16]	JPIU[17]	JPIU[18]	
0.0000000000	0.0000000000	0.0000000000	0.0000000000	0.0000000000	0.0000000000	0.0000000000	0.0000000000	0.0000000000	0.0000000000	0.0000000000	0.0000000000	0.0000000000	0.0000000000	0.0000000000	0.0000000000	0.0000000000	0.0000000000	0.0000000000	
==============================================================================

================================= TIPI =======================================
TIPI SLAB	 0.076000 - 0.080000
============================ CORE Statistics ============================
L	 12
R	 12
OPTIMUM CORE FREQUENCY	 12
JPI[0]	JPI[1]	JPI[2]	JPI[3]	JPI[4]	JPI[5]	JPI[6]	JPI[7]	JPI[8]	JPI[9]	JPI[10]	JPI[11]	
0.0000000000	0.0000000000	0.0000000000	0.0000000000	0.0000000000	0.0000000000	0.0000000000	0.0000000000	0.0000000000	0.0000000000	0.0000000000	0.0000000000	
============================ UNCORE Statistics ============================
LU	 12
RU	 30
LG	 0
RG	 0
OPTIMUM UNCORE FREQUENCY	 0
JPIU[0]	JPIU[1]	JPIU[2]	JPIU[3]	JPIU[4]	JPIU[5]	JPIU[6]	JPIU[7]	JPIU[8]	JPIU[9]	JPIU[10]	JPIU[11]	JPIU[12]	JPIU[13]	JPIU[14]	JPIU[15]	JPIU[16]	JPIU[17]	JPIU[18]	
0.0000000000	0.0000000000	0.0000000000	0.0000000000	0.0000000000	0.0000000000	0.0000000000	0.0000000000	0.0000000000	0.0000000000	0.0000000000	0.0000000000	0.0000000000	0.0000000000	0.0000000000	0.0000000000	0.0000000000	0.0000000000	0.0000000000	
==============================================================================

==============================================================================
===== Test PASSED in 0.0 msec =====
Testing exp: 0.000000

-----
mkdir timedrun fake

Input(case 0): nx=32768, ny=32768, nt=200, leafmaxcol=8
Heat started...
Heat ended...

Heat
 dx =  0.000048
  dy =  0.000048
  dt =  0.000000
  Stability Value for explicit method must be > 0: 0.064855
 Options: granularity = 8
         nx          = 32768
         ny          = 32768
         nt          = 200

============================ Tabulate Statistics ============================
PWR_PKG_ENERGY	INST_RETIRED	TOR_OCCUPANCY	RR_OCCUPANCY	TIPI	L3_MISS	L2_MISS	TIME	RANGE_L	RANGE_R	DISTINCT_SLABS	OPT_CORE_SLABS	OPT_UNCORE_SLABS	0.06000_0.06400_PERC	0.06000_0.06400_CF	0.06000_0.06400_UF	0.06000_0.06400_CT	0.06000_0.06400_UT	0.06400_0.06800_PERC	0.06400_0.06800_CF	0.06400_0.06800_UF	0.06400_0.06800_CT	0.06400_0.06800_UT	
12046.702881	3907356476721	127260229197	127261470196	0.065139	368035182	2542312465	77939.618240	0.056000	0.068000	3	2	2	0.128641	14	30	110	0	0.870205	12	30	69	0	
=============================================================================

============================ TIPI SLAB Statistics ============================

================================= TIPI =======================================
TIPI SLAB	 0.056000 - 0.060000
============================ CORE Statistics ============================
L	 14
R	 23
OPTIMUM CORE FREQUENCY	 -1
JPI[0]	JPI[1]	JPI[2]	JPI[3]	JPI[4]	JPI[5]	JPI[6]	JPI[7]	JPI[8]	JPI[9]	JPI[10]	JPI[11]	
0.0000000000	0.0000000000	0.0000000000	0.0000000000	0.0000000000	0.0000000000	0.0000000000	0.0000000000	0.0000000000	0.0000000000	0.0000000000	0.0000000000	
============================ UNCORE Statistics ============================
LU	 12
RU	 30
LG	 0
RG	 0
OPTIMUM UNCORE FREQUENCY	 0
JPIU[0]	JPIU[1]	JPIU[2]	JPIU[3]	JPIU[4]	JPIU[5]	JPIU[6]	JPIU[7]	JPIU[8]	JPIU[9]	JPIU[10]	JPIU[11]	JPIU[12]	JPIU[13]	JPIU[14]	JPIU[15]	JPIU[16]	JPIU[17]	JPIU[18]	
0.0000000000	0.0000000000	0.0000000000	0.0000000000	0.0000000000	0.0000000000	0.0000000000	0.0000000000	0.0000000000	0.0000000000	0.0000000000	0.0000000000	0.0000000000	0.0000000000	0.0000000000	0.0000000000	0.0000000000	0.0000000000	0.0000000000	
==============================================================================

================================= TIPI =======================================
TIPI SLAB	 0.060000 - 0.064000
============================ CORE Statistics ============================
L	 14
R	 15
OPTIMUM CORE FREQUENCY	 14
JPI[0]	JPI[1]	JPI[2]	JPI[3]	JPI[4]	JPI[5]	JPI[6]	JPI[7]	JPI[8]	JPI[9]	JPI[10]	JPI[11]	
0.0000000000	0.0000000031	0.0000000030	0.0000000030	0.0000000000	0.0000000031	0.0000000000	0.0000000032	0.0000000000	0.0000000033	0.0000000000	0.0000000035	
============================ UNCORE Statistics ============================
LU	 12
RU	 30
LG	 0
RG	 0
OPTIMUM UNCORE FREQUENCY	 30
JPIU[0]	JPIU[1]	JPIU[2]	JPIU[3]	JPIU[4]	JPIU[5]	JPIU[6]	JPIU[7]	JPIU[8]	JPIU[9]	JPIU[10]	JPIU[11]	JPIU[12]	JPIU[13]	JPIU[14]	JPIU[15]	JPIU[16]	JPIU[17]	JPIU[18]	
0.0000000000	0.0000000000	0.0000000000	0.0000000000	0.0000000000	0.0000000000	0.0000000000	0.0000000000	0.0000000000	0.0000000000	0.0000000000	0.0000000000	0.0000000000	0.0000000000	0.0000000000	0.0000000000	0.0000000000	0.0000000000	0.0000000000	
==============================================================================

================================= TIPI =======================================
TIPI SLAB	 0.064000 - 0.068000
============================ CORE Statistics ============================
L	 12
R	 15
OPTIMUM CORE FREQUENCY	 12
JPI[0]	JPI[1]	JPI[2]	JPI[3]	JPI[4]	JPI[5]	JPI[6]	JPI[7]	JPI[8]	JPI[9]	JPI[10]	JPI[11]	
0.0000000030	0.0000000031	0.0000000000	0.0000000031	0.0000000000	0.0000000031	0.0000000000	0.0000000033	0.0000000000	0.0000000034	0.0000000000	0.0000000035	
============================ UNCORE Statistics ============================
LU	 12
RU	 30
LG	 0
RG	 0
OPTIMUM UNCORE FREQUENCY	 30
JPIU[0]	JPIU[1]	JPIU[2]	JPIU[3]	JPIU[4]	JPIU[5]	JPIU[6]	JPIU[7]	JPIU[8]	JPIU[9]	JPIU[10]	JPIU[11]	JPIU[12]	JPIU[13]	JPIU[14]	JPIU[15]	JPIU[16]	JPIU[17]	JPIU[18]	
0.0000000000	0.0000000000	0.0000000000	0.0000000000	0.0000000000	0.0000000000	0.0000000000	0.0000000000	0.0000000000	0.0000000000	0.0000000000	0.0000000000	0.0000000000	0.0000000000	0.0000000000	0.0000000000	0.0000000000	0.0000000000	0.0000000000	
==============================================================================

==============================================================================
===== Test PASSED in 0.0 msec =====
Testing exp: 0.000000

-----
mkdir timedrun fake

Input(case 0): nx=32768, ny=32768, nt=200, leafmaxcol=8
Heat started...
Heat ended...

Heat
 dx =  0.000048
  dy =  0.000048
  dt =  0.000000
  Stability Value for explicit method must be > 0: 0.064855
 Options: granularity = 8
         nx          = 32768
         ny          = 32768
         nt          = 200

============================ Tabulate Statistics ============================
PWR_PKG_ENERGY	INST_RETIRED	TOR_OCCUPANCY	RR_OCCUPANCY	TIPI	L3_MISS	L2_MISS	TIME	RANGE_L	RANGE_R	DISTINCT_SLABS	OPT_CORE_SLABS	OPT_UNCORE_SLABS	0.06000_0.06400_PERC	0.06000_0.06400_CF	0.06000_0.06400_UF	0.06000_0.06400_CT	0.06000_0.06400_UT	0.06400_0.06800_PERC	0.06400_0.06800_CF	0.06400_0.06800_UF	0.06400_0.06800_CT	0.06400_0.06800_UT	
12067.520630	3907935099778	127352549275	127355476925	0.065177	365814221	2449804980	78954.340342	0.056000	0.068000	3	2	2	0.129562	12	30	111	0	0.869590	12	30	68	0	
=============================================================================

============================ TIPI SLAB Statistics ============================

================================= TIPI =======================================
TIPI SLAB	 0.056000 - 0.060000
============================ CORE Statistics ============================
L	 12
R	 23
OPTIMUM CORE FREQUENCY	 -1
JPI[0]	JPI[1]	JPI[2]	JPI[3]	JPI[4]	JPI[5]	JPI[6]	JPI[7]	JPI[8]	JPI[9]	JPI[10]	JPI[11]	
0.0000000000	0.0000000000	0.0000000000	0.0000000000	0.0000000000	0.0000000000	0.0000000000	0.0000000000	0.0000000000	0.0000000000	0.0000000000	0.0000000000	
============================ UNCORE Statistics ============================
LU	 12
RU	 30
LG	 0
RG	 0
OPTIMUM UNCORE FREQUENCY	 0
JPIU[0]	JPIU[1]	JPIU[2]	JPIU[3]	JPIU[4]	JPIU[5]	JPIU[6]	JPIU[7]	JPIU[8]	JPIU[9]	JPIU[10]	JPIU[11]	JPIU[12]	JPIU[13]	JPIU[14]	JPIU[15]	JPIU[16]	JPIU[17]	JPIU[18]	
0.0000000000	0.0000000000	0.0000000000	0.0000000000	0.0000000000	0.0000000000	0.0000000000	0.0000000000	0.0000000000	0.0000000000	0.0000000000	0.0000000000	0.0000000000	0.0000000000	0.0000000000	0.0000000000	0.0000000000	0.0000000000	0.0000000000	
==============================================================================

================================= TIPI =======================================
TIPI SLAB	 0.060000 - 0.064000
============================ CORE Statistics ============================
L	 12
R	 13
OPTIMUM CORE FREQUENCY	 12
JPI[0]	JPI[1]	JPI[2]	JPI[3]	JPI[4]	JPI[5]	JPI[6]	JPI[7]	JPI[8]	JPI[9]	JPI[10]	JPI[11]	
0.0000000031	0.0000000031	0.0000000000	0.0000000031	0.0000000000	0.0000000031	0.0000000000	0.0000000032	0.0000000000	0.0000000034	0.0000000000	0.0000000035	
============================ UNCORE Statistics ============================
LU	 12
RU	 30
LG	 0
RG	 0
OPTIMUM UNCORE FREQUENCY	 30
JPIU[0]	JPIU[1]	JPIU[2]	JPIU[3]	JPIU[4]	JPIU[5]	JPIU[6]	JPIU[7]	JPIU[8]	JPIU[9]	JPIU[10]	JPIU[11]	JPIU[12]	JPIU[13]	JPIU[14]	JPIU[15]	JPIU[16]	JPIU[17]	JPIU[18]	
0.0000000000	0.0000000000	0.0000000000	0.0000000000	0.0000000000	0.0000000000	0.0000000000	0.0000000000	0.0000000000	0.0000000000	0.0000000000	0.0000000000	0.0000000000	0.0000000000	0.0000000000	0.0000000000	0.0000000000	0.0000000000	0.0000000000	
==============================================================================

================================= TIPI =======================================
TIPI SLAB	 0.064000 - 0.068000
============================ CORE Statistics ============================
L	 12
R	 13
OPTIMUM CORE FREQUENCY	 12
JPI[0]	JPI[1]	JPI[2]	JPI[3]	JPI[4]	JPI[5]	JPI[6]	JPI[7]	JPI[8]	JPI[9]	JPI[10]	JPI[11]	
0.0000000030	0.0000000031	0.0000000000	0.0000000031	0.0000000000	0.0000000031	0.0000000000	0.0000000033	0.0000000000	0.0000000035	0.0000000000	0.0000000036	
============================ UNCORE Statistics ============================
LU	 12
RU	 30
LG	 0
RG	 0
OPTIMUM UNCORE FREQUENCY	 30
JPIU[0]	JPIU[1]	JPIU[2]	JPIU[3]	JPIU[4]	JPIU[5]	JPIU[6]	JPIU[7]	JPIU[8]	JPIU[9]	JPIU[10]	JPIU[11]	JPIU[12]	JPIU[13]	JPIU[14]	JPIU[15]	JPIU[16]	JPIU[17]	JPIU[18]	
0.0000000000	0.0000000000	0.0000000000	0.0000000000	0.0000000000	0.0000000000	0.0000000000	0.0000000000	0.0000000000	0.0000000000	0.0000000000	0.0000000000	0.0000000000	0.0000000000	0.0000000000	0.0000000000	0.0000000000	0.0000000000	0.0000000000	
==============================================================================

==============================================================================
===== Test PASSED in 0.0 msec =====
Testing exp: 0.000000

-----
mkdir timedrun fake

Input(case 0): nx=32768, ny=32768, nt=200, leafmaxcol=8
Heat started...
Heat ended...

Heat
 dx =  0.000048
  dy =  0.000048
  dt =  0.000000
  Stability Value for explicit method must be > 0: 0.064855
 Options: granularity = 8
         nx          = 32768
         ny          = 32768
         nt          = 200

============================ Tabulate Statistics ============================
PWR_PKG_ENERGY	INST_RETIRED	TOR_OCCUPANCY	RR_OCCUPANCY	TIPI	L3_MISS	L2_MISS	TIME	RANGE_L	RANGE_R	DISTINCT_SLABS	OPT_CORE_SLABS	OPT_UNCORE_SLABS	0.06000_0.06400_PERC	0.06000_0.06400_CF	0.06000_0.06400_UF	0.06000_0.06400_CT	0.06000_0.06400_UT	0.06400_0.06800_PERC	0.06400_0.06800_CF	0.06400_0.06800_UF	0.06400_0.06800_CT	0.06400_0.06800_UT	
12081.008057	3907018553498	127260978275	127263726505	0.065146	375312890	2655614696	78384.862594	0.056000	0.068000	3	2	2	0.131096	17	30	102	0	0.867183	12	30	67	0	
=============================================================================

============================ TIPI SLAB Statistics ============================

================================= TIPI =======================================
TIPI SLAB	 0.056000 - 0.060000
============================ CORE Statistics ============================
L	 16
R	 23
OPTIMUM CORE FREQUENCY	 -1
JPI[0]	JPI[1]	JPI[2]	JPI[3]	JPI[4]	JPI[5]	JPI[6]	JPI[7]	JPI[8]	JPI[9]	JPI[10]	JPI[11]	
0.0000000000	0.0000000000	0.0000000000	0.0000000000	0.0000000000	0.0000000000	0.0000000000	0.0000000000	0.0000000000	0.0000000000	0.0000000000	0.0000000000	
============================ UNCORE Statistics ============================
LU	 12
RU	 30
LG	 0
RG	 0
OPTIMUM UNCORE FREQUENCY	 0
JPIU[0]	JPIU[1]	JPIU[2]	JPIU[3]	JPIU[4]	JPIU[5]	JPIU[6]	JPIU[7]	JPIU[8]	JPIU[9]	JPIU[10]	JPIU[11]	JPIU[12]	JPIU[13]	JPIU[14]	JPIU[15]	JPIU[16]	JPIU[17]	JPIU[18]	
0.0000000000	0.0000000000	0.0000000000	0.0000000000	0.0000000000	0.0000000000	0.0000000000	0.0000000000	0.0000000000	0.0000000000	0.0000000000	0.0000000000	0.0000000000	0.0000000000	0.0000000000	0.0000000000	0.0000000000	0.0000000000	0.0000000000	
==============================================================================

================================= TIPI =======================================
TIPI SLAB	 0.060000 - 0.064000
============================ CORE Statistics ============================
L	 16
R	 17
OPTIMUM CORE FREQUENCY	 17
JPI[0]	JPI[1]	JPI[2]	JPI[3]	JPI[4]	JPI[5]	JPI[6]	JPI[7]	JPI[8]	JPI[9]	JPI[10]	JPI[11]	
0.0000000000	0.0000000000	0.0000000000	0.0000000031	0.0000000000	0.0000000031	0.0000000000	0.0000000032	0.0000000000	0.0000000032	0.0000000000	0.0000000034	
============================ UNCORE Statistics ============================
LU	 12
RU	 30
LG	 0
RG	 0
OPTIMUM UNCORE FREQUENCY	 30
JPIU[0]	JPIU[1]	JPIU[2]	JPIU[3]	JPIU[4]	JPIU[5]	JPIU[6]	JPIU[7]	JPIU[8]	JPIU[9]	JPIU[10]	JPIU[11]	JPIU[12]	JPIU[13]	JPIU[14]	JPIU[15]	JPIU[16]	JPIU[17]	JPIU[18]	
0.0000000000	0.0000000000	0.0000000000	0.0000000000	0.0000000000	0.0000000000	0.0000000000	0.0000000000	0.0000000000	0.0000000000	0.0000000000	0.0000000000	0.0000000000	0.0000000000	0.0000000000	0.0000000000	0.0000000000	0.0000000000	0.0000000000	
==============================================================================

================================= TIPI =======================================
TIPI SLAB	 0.064000 - 0.068000
============================ CORE Statistics ============================
L	 12
R	 17
OPTIMUM CORE FREQUENCY	 12
JPI[0]	JPI[1]	JPI[2]	JPI[3]	JPI[4]	JPI[5]	JPI[6]	JPI[7]	JPI[8]	JPI[9]	JPI[10]	JPI[11]	
0.0000000030	0.0000000031	0.0000000000	0.0000000031	0.0000000000	0.0000000031	0.0000000000	0.0000000033	0.0000000000	0.0000000034	0.0000000000	0.0000000035	
============================ UNCORE Statistics ============================
LU	 12
RU	 30
LG	 0
RG	 0
OPTIMUM UNCORE FREQUENCY	 30
JPIU[0]	JPIU[1]	JPIU[2]	JPIU[3]	JPIU[4]	JPIU[5]	JPIU[6]	JPIU[7]	JPIU[8]	JPIU[9]	JPIU[10]	JPIU[11]	JPIU[12]	JPIU[13]	JPIU[14]	JPIU[15]	JPIU[16]	JPIU[17]	JPIU[18]	
0.0000000000	0.0000000000	0.0000000000	0.0000000000	0.0000000000	0.0000000000	0.0000000000	0.0000000000	0.0000000000	0.0000000000	0.0000000000	0.0000000000	0.0000000000	0.0000000000	0.0000000000	0.0000000000	0.0000000000	0.0000000000	0.0000000000	
==============================================================================

==============================================================================
===== Test PASSED in 0.0 msec =====
