
-----
mkdir timedrun fake

SOR: size=32768, num_iterations=200
SOR started..
SOR ended..

============================ Tabulate Statistics ============================
PWR_PKG_ENERGY	INST_RETIRED	TOR_OCCUPANCY	RR_OCCUPANCY	TIPI	L3_MISS	L2_MISS	TIME	RANGE_L	RANGE_R	DISTINCT_SLABS	OPT_CORE_SLABS	OPT_UNCORE_SLABS	0.02000_0.02400_PERC	0.02000_0.02400_CF	0.02000_0.02400_UF	0.02000_0.02400_CT	0.02000_0.02400_UT	0.02400_0.02800_PERC	0.02400_0.02800_CF	0.02400_0.02800_UF	0.02400_0.02800_CT	0.02400_0.02800_UT	
7853.461914	2277801225833	27724680330	27746190812	0.024353	221434823	652346239	69570.602227	0.016000	0.028000	3	3	3	0.067227	23	12	2	4	0.932151	23	12	22	54	
=============================================================================

============================ TIPI SLAB Statistics ============================

================================= TIPI =======================================
TIPI SLAB	 0.016000 - 0.020000
============================ CORE Statistics ============================
L	 23
R	 23
OPTIMUM CORE FREQUENCY	 23
JPI[0]	JPI[1]	JPI[2]	JPI[3]	JPI[4]	JPI[5]	JPI[6]	JPI[7]	JPI[8]	JPI[9]	JPI[10]	JPI[11]	
0.0000000000	0.0000000000	0.0000000000	0.0000000000	0.0000000000	0.0000000000	0.0000000000	0.0000000000	0.0000000000	0.0000000000	0.0000000000	0.0000000000	
============================ UNCORE Statistics ============================
LU	 12
RU	 12
LG	 12
RG	 12
OPTIMUM UNCORE FREQUENCY	 12
JPIU[0]	JPIU[1]	JPIU[2]	JPIU[3]	JPIU[4]	JPIU[5]	JPIU[6]	JPIU[7]	JPIU[8]	JPIU[9]	JPIU[10]	JPIU[11]	JPIU[12]	JPIU[13]	JPIU[14]	JPIU[15]	JPIU[16]	JPIU[17]	JPIU[18]	
0.0000000000	0.0000000000	0.0000000000	0.0000000000	0.0000000000	0.0000000000	0.0000000000	0.0000000000	0.0000000000	0.0000000000	0.0000000000	0.0000000000	0.0000000000	0.0000000000	0.0000000000	0.0000000000	0.0000000000	0.0000000000	0.0000000000	
==============================================================================

================================= TIPI =======================================
TIPI SLAB	 0.020000 - 0.024000
============================ CORE Statistics ============================
L	 22
R	 23
OPTIMUM CORE FREQUENCY	 23
JPI[0]	JPI[1]	JPI[2]	JPI[3]	JPI[4]	JPI[5]	JPI[6]	JPI[7]	JPI[8]	JPI[9]	JPI[10]	JPI[11]	
0.0000000000	0.0000000000	0.0000000000	0.0000000000	0.0000000000	0.0000000000	0.0000000000	0.0000000000	0.0000000000	0.0000000000	0.0000000000	0.0000000000	
============================ UNCORE Statistics ============================
LU	 12
RU	 12
LG	 12
RG	 20
OPTIMUM UNCORE FREQUENCY	 12
JPIU[0]	JPIU[1]	JPIU[2]	JPIU[3]	JPIU[4]	JPIU[5]	JPIU[6]	JPIU[7]	JPIU[8]	JPIU[9]	JPIU[10]	JPIU[11]	JPIU[12]	JPIU[13]	JPIU[14]	JPIU[15]	JPIU[16]	JPIU[17]	JPIU[18]	
0.0000000032	0.0000000000	0.0000000000	0.0000000000	0.0000000000	0.0000000000	0.0000000034	0.0000000000	0.0000000000	0.0000000000	0.0000000000	0.0000000000	0.0000000000	0.0000000000	0.0000000000	0.0000000000	0.0000000000	0.0000000000	0.0000000000	
==============================================================================

================================= TIPI =======================================
TIPI SLAB	 0.024000 - 0.028000
============================ CORE Statistics ============================
L	 22
R	 23
OPTIMUM CORE FREQUENCY	 23
JPI[0]	JPI[1]	JPI[2]	JPI[3]	JPI[4]	JPI[5]	JPI[6]	JPI[7]	JPI[8]	JPI[9]	JPI[10]	JPI[11]	
0.0000000000	0.0000000000	0.0000000000	0.0000000000	0.0000000000	0.0000000000	0.0000000000	0.0000000000	0.0000000000	0.0000000045	0.0000000000	0.0000000043	
============================ UNCORE Statistics ============================
LU	 12
RU	 12
LG	 12
RG	 20
OPTIMUM UNCORE FREQUENCY	 12
JPIU[0]	JPIU[1]	JPIU[2]	JPIU[3]	JPIU[4]	JPIU[5]	JPIU[6]	JPIU[7]	JPIU[8]	JPIU[9]	JPIU[10]	JPIU[11]	JPIU[12]	JPIU[13]	JPIU[14]	JPIU[15]	JPIU[16]	JPIU[17]	JPIU[18]	
0.0000000034	0.0000000000	0.0000000034	0.0000000000	0.0000000035	0.0000000000	0.0000000035	0.0000000000	0.0000000036	0.0000000000	0.0000000000	0.0000000000	0.0000000000	0.0000000000	0.0000000000	0.0000000000	0.0000000000	0.0000000000	0.0000000044	
==============================================================================

==============================================================================
===== Test PASSED in 0.0 msec =====

-----
mkdir timedrun fake

SOR: size=32768, num_iterations=200
SOR started..
SOR ended..

============================ Tabulate Statistics ============================
PWR_PKG_ENERGY	INST_RETIRED	TOR_OCCUPANCY	RR_OCCUPANCY	TIPI	L3_MISS	L2_MISS	TIME	RANGE_L	RANGE_R	DISTINCT_SLABS	OPT_CORE_SLABS	OPT_UNCORE_SLABS	0.02000_0.02400_PERC	0.02000_0.02400_CF	0.02000_0.02400_UF	0.02000_0.02400_CT	0.02000_0.02400_UT	0.02400_0.02800_PERC	0.02400_0.02800_CF	0.02400_0.02800_UF	0.02400_0.02800_CT	0.02400_0.02800_UT	
7861.486572	2281044987465	27714546603	27736347809	0.024309	222284828	656116655	69624.198491	0.016000	0.028000	3	3	3	0.066895	23	12	2	3	0.931861	23	12	22	54	
=============================================================================

============================ TIPI SLAB Statistics ============================

================================= TIPI =======================================
TIPI SLAB	 0.016000 - 0.020000
============================ CORE Statistics ============================
L	 23
R	 23
OPTIMUM CORE FREQUENCY	 23
JPI[0]	JPI[1]	JPI[2]	JPI[3]	JPI[4]	JPI[5]	JPI[6]	JPI[7]	JPI[8]	JPI[9]	JPI[10]	JPI[11]	
0.0000000000	0.0000000000	0.0000000000	0.0000000000	0.0000000000	0.0000000000	0.0000000000	0.0000000000	0.0000000000	0.0000000000	0.0000000000	0.0000000000	
============================ UNCORE Statistics ============================
LU	 12
RU	 12
LG	 12
RG	 12
OPTIMUM UNCORE FREQUENCY	 12
JPIU[0]	JPIU[1]	JPIU[2]	JPIU[3]	JPIU[4]	JPIU[5]	JPIU[6]	JPIU[7]	JPIU[8]	JPIU[9]	JPIU[10]	JPIU[11]	JPIU[12]	JPIU[13]	JPIU[14]	JPIU[15]	JPIU[16]	JPIU[17]	JPIU[18]	
0.0000000000	0.0000000000	0.0000000000	0.0000000000	0.0000000000	0.0000000000	0.0000000000	0.0000000000	0.0000000000	0.0000000000	0.0000000000	0.0000000000	0.0000000000	0.0000000000	0.0000000000	0.0000000000	0.0000000000	0.0000000000	0.0000000000	
==============================================================================

================================= TIPI =======================================
TIPI SLAB	 0.020000 - 0.024000
============================ CORE Statistics ============================
L	 22
R	 23
OPTIMUM CORE FREQUENCY	 23
JPI[0]	JPI[1]	JPI[2]	JPI[3]	JPI[4]	JPI[5]	JPI[6]	JPI[7]	JPI[8]	JPI[9]	JPI[10]	JPI[11]	
0.0000000000	0.0000000000	0.0000000000	0.0000000000	0.0000000000	0.0000000000	0.0000000000	0.0000000000	0.0000000000	0.0000000000	0.0000000000	0.0000000000	
============================ UNCORE Statistics ============================
LU	 12
RU	 12
LG	 12
RG	 20
OPTIMUM UNCORE FREQUENCY	 12
JPIU[0]	JPIU[1]	JPIU[2]	JPIU[3]	JPIU[4]	JPIU[5]	JPIU[6]	JPIU[7]	JPIU[8]	JPIU[9]	JPIU[10]	JPIU[11]	JPIU[12]	JPIU[13]	JPIU[14]	JPIU[15]	JPIU[16]	JPIU[17]	JPIU[18]	
0.0000000032	0.0000000000	0.0000000000	0.0000000000	0.0000000000	0.0000000000	0.0000000000	0.0000000000	0.0000000000	0.0000000000	0.0000000000	0.0000000000	0.0000000000	0.0000000000	0.0000000000	0.0000000000	0.0000000000	0.0000000000	0.0000000000	
==============================================================================

================================= TIPI =======================================
TIPI SLAB	 0.024000 - 0.028000
============================ CORE Statistics ============================
L	 22
R	 23
OPTIMUM CORE FREQUENCY	 23
JPI[0]	JPI[1]	JPI[2]	JPI[3]	JPI[4]	JPI[5]	JPI[6]	JPI[7]	JPI[8]	JPI[9]	JPI[10]	JPI[11]	
0.0000000000	0.0000000000	0.0000000000	0.0000000000	0.0000000000	0.0000000000	0.0000000000	0.0000000000	0.0000000000	0.0000000045	0.0000000000	0.0000000043	
============================ UNCORE Statistics ============================
LU	 12
RU	 12
LG	 12
RG	 20
OPTIMUM UNCORE FREQUENCY	 12
JPIU[0]	JPIU[1]	JPIU[2]	JPIU[3]	JPIU[4]	JPIU[5]	JPIU[6]	JPIU[7]	JPIU[8]	JPIU[9]	JPIU[10]	JPIU[11]	JPIU[12]	JPIU[13]	JPIU[14]	JPIU[15]	JPIU[16]	JPIU[17]	JPIU[18]	
0.0000000034	0.0000000000	0.0000000034	0.0000000000	0.0000000035	0.0000000000	0.0000000035	0.0000000000	0.0000000036	0.0000000000	0.0000000000	0.0000000000	0.0000000000	0.0000000000	0.0000000000	0.0000000000	0.0000000000	0.0000000000	0.0000000044	
==============================================================================

==============================================================================
===== Test PASSED in 0.0 msec =====

-----
mkdir timedrun fake

SOR: size=32768, num_iterations=200
SOR started..
SOR ended..

============================ Tabulate Statistics ============================
PWR_PKG_ENERGY	INST_RETIRED	TOR_OCCUPANCY	RR_OCCUPANCY	TIPI	L3_MISS	L2_MISS	TIME	RANGE_L	RANGE_R	DISTINCT_SLABS	OPT_CORE_SLABS	OPT_UNCORE_SLABS	0.02000_0.02400_PERC	0.02000_0.02400_CF	0.02000_0.02400_UF	0.02000_0.02400_CT	0.02000_0.02400_UT	0.02400_0.02800_PERC	0.02400_0.02800_CF	0.02400_0.02800_UF	0.02400_0.02800_CT	0.02400_0.02800_UT	
7861.640747	2279545269420	27716590404	27738402464	0.024327	220663892	652898795	69587.025122	0.016000	0.028000	3	3	2	0.067559	23	12	2	3	0.932130	23	12	22	53	
=============================================================================

============================ TIPI SLAB Statistics ============================

================================= TIPI =======================================
TIPI SLAB	 0.016000 - 0.020000
============================ CORE Statistics ============================
L	 23
R	 23
OPTIMUM CORE FREQUENCY	 23
JPI[0]	JPI[1]	JPI[2]	JPI[3]	JPI[4]	JPI[5]	JPI[6]	JPI[7]	JPI[8]	JPI[9]	JPI[10]	JPI[11]	
0.0000000000	0.0000000000	0.0000000000	0.0000000000	0.0000000000	0.0000000000	0.0000000000	0.0000000000	0.0000000000	0.0000000000	0.0000000000	0.0000000000	
============================ UNCORE Statistics ============================
LU	 12
RU	 30
LG	 0
RG	 0
OPTIMUM UNCORE FREQUENCY	 0
JPIU[0]	JPIU[1]	JPIU[2]	JPIU[3]	JPIU[4]	JPIU[5]	JPIU[6]	JPIU[7]	JPIU[8]	JPIU[9]	JPIU[10]	JPIU[11]	JPIU[12]	JPIU[13]	JPIU[14]	JPIU[15]	JPIU[16]	JPIU[17]	JPIU[18]	
0.0000000000	0.0000000000	0.0000000000	0.0000000000	0.0000000000	0.0000000000	0.0000000000	0.0000000000	0.0000000000	0.0000000000	0.0000000000	0.0000000000	0.0000000000	0.0000000000	0.0000000000	0.0000000000	0.0000000000	0.0000000000	0.0000000000	
==============================================================================

================================= TIPI =======================================
TIPI SLAB	 0.020000 - 0.024000
============================ CORE Statistics ============================
L	 22
R	 23
OPTIMUM CORE FREQUENCY	 23
JPI[0]	JPI[1]	JPI[2]	JPI[3]	JPI[4]	JPI[5]	JPI[6]	JPI[7]	JPI[8]	JPI[9]	JPI[10]	JPI[11]	
0.0000000000	0.0000000000	0.0000000000	0.0000000000	0.0000000000	0.0000000000	0.0000000000	0.0000000000	0.0000000000	0.0000000000	0.0000000000	0.0000000000	
============================ UNCORE Statistics ============================
LU	 12
RU	 12
LG	 12
RG	 20
OPTIMUM UNCORE FREQUENCY	 12
JPIU[0]	JPIU[1]	JPIU[2]	JPIU[3]	JPIU[4]	JPIU[5]	JPIU[6]	JPIU[7]	JPIU[8]	JPIU[9]	JPIU[10]	JPIU[11]	JPIU[12]	JPIU[13]	JPIU[14]	JPIU[15]	JPIU[16]	JPIU[17]	JPIU[18]	
0.0000000032	0.0000000000	0.0000000000	0.0000000000	0.0000000000	0.0000000000	0.0000000000	0.0000000000	0.0000000000	0.0000000000	0.0000000000	0.0000000000	0.0000000000	0.0000000000	0.0000000000	0.0000000000	0.0000000000	0.0000000000	0.0000000000	
==============================================================================

================================= TIPI =======================================
TIPI SLAB	 0.024000 - 0.028000
============================ CORE Statistics ============================
L	 22
R	 23
OPTIMUM CORE FREQUENCY	 23
JPI[0]	JPI[1]	JPI[2]	JPI[3]	JPI[4]	JPI[5]	JPI[6]	JPI[7]	JPI[8]	JPI[9]	JPI[10]	JPI[11]	
0.0000000000	0.0000000000	0.0000000000	0.0000000000	0.0000000000	0.0000000000	0.0000000000	0.0000000000	0.0000000000	0.0000000045	0.0000000000	0.0000000043	
============================ UNCORE Statistics ============================
LU	 12
RU	 12
LG	 12
RG	 20
OPTIMUM UNCORE FREQUENCY	 12
JPIU[0]	JPIU[1]	JPIU[2]	JPIU[3]	JPIU[4]	JPIU[5]	JPIU[6]	JPIU[7]	JPIU[8]	JPIU[9]	JPIU[10]	JPIU[11]	JPIU[12]	JPIU[13]	JPIU[14]	JPIU[15]	JPIU[16]	JPIU[17]	JPIU[18]	
0.0000000034	0.0000000000	0.0000000034	0.0000000000	0.0000000035	0.0000000000	0.0000000036	0.0000000000	0.0000000036	0.0000000000	0.0000000000	0.0000000000	0.0000000000	0.0000000000	0.0000000000	0.0000000000	0.0000000000	0.0000000000	0.0000000000	
==============================================================================

==============================================================================
===== Test PASSED in 0.0 msec =====

-----
mkdir timedrun fake

SOR: size=32768, num_iterations=200
SOR started..
SOR ended..

============================ Tabulate Statistics ============================
PWR_PKG_ENERGY	INST_RETIRED	TOR_OCCUPANCY	RR_OCCUPANCY	TIPI	L3_MISS	L2_MISS	TIME	RANGE_L	RANGE_R	DISTINCT_SLABS	OPT_CORE_SLABS	OPT_UNCORE_SLABS	0.02000_0.02400_PERC	0.02000_0.02400_CF	0.02000_0.02400_UF	0.02000_0.02400_CT	0.02000_0.02400_UT	0.02400_0.02800_PERC	0.02400_0.02800_CF	0.02400_0.02800_UF	0.02400_0.02800_CT	0.02400_0.02800_UT	
7862.492188	2279129812698	27724068051	27746465871	0.024338	221260534	651230028	69563.776582	0.016000	0.028000	3	3	3	0.067559	23	12	3	3	0.931507	23	12	23	53	
=============================================================================

============================ TIPI SLAB Statistics ============================

================================= TIPI =======================================
TIPI SLAB	 0.016000 - 0.020000
============================ CORE Statistics ============================
L	 23
R	 23
OPTIMUM CORE FREQUENCY	 23
JPI[0]	JPI[1]	JPI[2]	JPI[3]	JPI[4]	JPI[5]	JPI[6]	JPI[7]	JPI[8]	JPI[9]	JPI[10]	JPI[11]	
0.0000000000	0.0000000000	0.0000000000	0.0000000000	0.0000000000	0.0000000000	0.0000000000	0.0000000000	0.0000000000	0.0000000000	0.0000000000	0.0000000000	
============================ UNCORE Statistics ============================
LU	 12
RU	 12
LG	 12
RG	 12
OPTIMUM UNCORE FREQUENCY	 12
JPIU[0]	JPIU[1]	JPIU[2]	JPIU[3]	JPIU[4]	JPIU[5]	JPIU[6]	JPIU[7]	JPIU[8]	JPIU[9]	JPIU[10]	JPIU[11]	JPIU[12]	JPIU[13]	JPIU[14]	JPIU[15]	JPIU[16]	JPIU[17]	JPIU[18]	
0.0000000000	0.0000000000	0.0000000000	0.0000000000	0.0000000000	0.0000000000	0.0000000000	0.0000000000	0.0000000000	0.0000000000	0.0000000000	0.0000000000	0.0000000000	0.0000000000	0.0000000000	0.0000000000	0.0000000000	0.0000000000	0.0000000000	
==============================================================================

================================= TIPI =======================================
TIPI SLAB	 0.020000 - 0.024000
============================ CORE Statistics ============================
L	 22
R	 23
OPTIMUM CORE FREQUENCY	 23
JPI[0]	JPI[1]	JPI[2]	JPI[3]	JPI[4]	JPI[5]	JPI[6]	JPI[7]	JPI[8]	JPI[9]	JPI[10]	JPI[11]	
0.0000000000	0.0000000000	0.0000000000	0.0000000000	0.0000000000	0.0000000000	0.0000000000	0.0000000000	0.0000000000	0.0000000000	0.0000000000	0.0000000000	
============================ UNCORE Statistics ============================
LU	 12
RU	 12
LG	 12
RG	 18
OPTIMUM UNCORE FREQUENCY	 12
JPIU[0]	JPIU[1]	JPIU[2]	JPIU[3]	JPIU[4]	JPIU[5]	JPIU[6]	JPIU[7]	JPIU[8]	JPIU[9]	JPIU[10]	JPIU[11]	JPIU[12]	JPIU[13]	JPIU[14]	JPIU[15]	JPIU[16]	JPIU[17]	JPIU[18]	
0.0000000032	0.0000000000	0.0000000033	0.0000000000	0.0000000000	0.0000000000	0.0000000000	0.0000000000	0.0000000000	0.0000000000	0.0000000000	0.0000000000	0.0000000000	0.0000000000	0.0000000000	0.0000000000	0.0000000000	0.0000000000	0.0000000000	
==============================================================================

================================= TIPI =======================================
TIPI SLAB	 0.024000 - 0.028000
============================ CORE Statistics ============================
L	 22
R	 23
OPTIMUM CORE FREQUENCY	 23
JPI[0]	JPI[1]	JPI[2]	JPI[3]	JPI[4]	JPI[5]	JPI[6]	JPI[7]	JPI[8]	JPI[9]	JPI[10]	JPI[11]	
0.0000000000	0.0000000000	0.0000000000	0.0000000000	0.0000000000	0.0000000000	0.0000000000	0.0000000000	0.0000000000	0.0000000045	0.0000000000	0.0000000043	
============================ UNCORE Statistics ============================
LU	 12
RU	 12
LG	 12
RG	 20
OPTIMUM UNCORE FREQUENCY	 12
JPIU[0]	JPIU[1]	JPIU[2]	JPIU[3]	JPIU[4]	JPIU[5]	JPIU[6]	JPIU[7]	JPIU[8]	JPIU[9]	JPIU[10]	JPIU[11]	JPIU[12]	JPIU[13]	JPIU[14]	JPIU[15]	JPIU[16]	JPIU[17]	JPIU[18]	
0.0000000034	0.0000000000	0.0000000034	0.0000000000	0.0000000035	0.0000000000	0.0000000036	0.0000000000	0.0000000036	0.0000000000	0.0000000000	0.0000000000	0.0000000000	0.0000000000	0.0000000000	0.0000000000	0.0000000000	0.0000000000	0.0000000042	
==============================================================================

==============================================================================
===== Test PASSED in 0.0 msec =====

-----
mkdir timedrun fake

SOR: size=32768, num_iterations=200
SOR started..
SOR ended..

============================ Tabulate Statistics ============================
PWR_PKG_ENERGY	INST_RETIRED	TOR_OCCUPANCY	RR_OCCUPANCY	TIPI	L3_MISS	L2_MISS	TIME	RANGE_L	RANGE_R	DISTINCT_SLABS	OPT_CORE_SLABS	OPT_UNCORE_SLABS	0.02000_0.02400_PERC	0.02000_0.02400_CF	0.02000_0.02400_UF	0.02000_0.02400_CT	0.02000_0.02400_UT	0.02400_0.02800_PERC	0.02400_0.02800_CF	0.02400_0.02800_UF	0.02400_0.02800_CT	0.02400_0.02800_UT	
7853.164734	2277607207638	27724321903	27746559188	0.024355	221577053	654243188	69544.990591	0.016000	0.032000	4	3	3	0.067269	23	12	2	3	0.931797	23	12	22	53	
=============================================================================

============================ TIPI SLAB Statistics ============================

================================= TIPI =======================================
TIPI SLAB	 0.016000 - 0.020000
============================ CORE Statistics ============================
L	 23
R	 23
OPTIMUM CORE FREQUENCY	 23
JPI[0]	JPI[1]	JPI[2]	JPI[3]	JPI[4]	JPI[5]	JPI[6]	JPI[7]	JPI[8]	JPI[9]	JPI[10]	JPI[11]	
0.0000000000	0.0000000000	0.0000000000	0.0000000000	0.0000000000	0.0000000000	0.0000000000	0.0000000000	0.0000000000	0.0000000000	0.0000000000	0.0000000000	
============================ UNCORE Statistics ============================
LU	 12
RU	 12
LG	 12
RG	 12
OPTIMUM UNCORE FREQUENCY	 12
JPIU[0]	JPIU[1]	JPIU[2]	JPIU[3]	JPIU[4]	JPIU[5]	JPIU[6]	JPIU[7]	JPIU[8]	JPIU[9]	JPIU[10]	JPIU[11]	JPIU[12]	JPIU[13]	JPIU[14]	JPIU[15]	JPIU[16]	JPIU[17]	JPIU[18]	
0.0000000000	0.0000000000	0.0000000000	0.0000000000	0.0000000000	0.0000000000	0.0000000000	0.0000000000	0.0000000000	0.0000000000	0.0000000000	0.0000000000	0.0000000000	0.0000000000	0.0000000000	0.0000000000	0.0000000000	0.0000000000	0.0000000000	
==============================================================================

================================= TIPI =======================================
TIPI SLAB	 0.020000 - 0.024000
============================ CORE Statistics ============================
L	 22
R	 23
OPTIMUM CORE FREQUENCY	 23
JPI[0]	JPI[1]	JPI[2]	JPI[3]	JPI[4]	JPI[5]	JPI[6]	JPI[7]	JPI[8]	JPI[9]	JPI[10]	JPI[11]	
0.0000000000	0.0000000000	0.0000000000	0.0000000000	0.0000000000	0.0000000000	0.0000000000	0.0000000000	0.0000000000	0.0000000000	0.0000000000	0.0000000000	
============================ UNCORE Statistics ============================
LU	 12
RU	 12
LG	 12
RG	 20
OPTIMUM UNCORE FREQUENCY	 12
JPIU[0]	JPIU[1]	JPIU[2]	JPIU[3]	JPIU[4]	JPIU[5]	JPIU[6]	JPIU[7]	JPIU[8]	JPIU[9]	JPIU[10]	JPIU[11]	JPIU[12]	JPIU[13]	JPIU[14]	JPIU[15]	JPIU[16]	JPIU[17]	JPIU[18]	
0.0000000032	0.0000000000	0.0000000000	0.0000000000	0.0000000000	0.0000000000	0.0000000000	0.0000000000	0.0000000000	0.0000000000	0.0000000000	0.0000000000	0.0000000000	0.0000000000	0.0000000000	0.0000000000	0.0000000000	0.0000000000	0.0000000000	
==============================================================================

================================= TIPI =======================================
TIPI SLAB	 0.024000 - 0.028000
============================ CORE Statistics ============================
L	 22
R	 23
OPTIMUM CORE FREQUENCY	 23
JPI[0]	JPI[1]	JPI[2]	JPI[3]	JPI[4]	JPI[5]	JPI[6]	JPI[7]	JPI[8]	JPI[9]	JPI[10]	JPI[11]	
0.0000000000	0.0000000000	0.0000000000	0.0000000000	0.0000000000	0.0000000000	0.0000000000	0.0000000000	0.0000000000	0.0000000045	0.0000000000	0.0000000043	
============================ UNCORE Statistics ============================
LU	 12
RU	 12
LG	 12
RG	 20
OPTIMUM UNCORE FREQUENCY	 12
JPIU[0]	JPIU[1]	JPIU[2]	JPIU[3]	JPIU[4]	JPIU[5]	JPIU[6]	JPIU[7]	JPIU[8]	JPIU[9]	JPIU[10]	JPIU[11]	JPIU[12]	JPIU[13]	JPIU[14]	JPIU[15]	JPIU[16]	JPIU[17]	JPIU[18]	
0.0000000034	0.0000000000	0.0000000034	0.0000000000	0.0000000035	0.0000000000	0.0000000035	0.0000000000	0.0000000036	0.0000000000	0.0000000000	0.0000000000	0.0000000000	0.0000000000	0.0000000000	0.0000000000	0.0000000000	0.0000000000	0.0000000000	
==============================================================================

================================= TIPI =======================================
TIPI SLAB	 0.028000 - 0.032000
============================ CORE Statistics ============================
L	 12
R	 23
OPTIMUM CORE FREQUENCY	 -1
JPI[0]	JPI[1]	JPI[2]	JPI[3]	JPI[4]	JPI[5]	JPI[6]	JPI[7]	JPI[8]	JPI[9]	JPI[10]	JPI[11]	
0.0000000000	0.0000000000	0.0000000000	0.0000000000	0.0000000000	0.0000000000	0.0000000000	0.0000000000	0.0000000000	0.0000000000	0.0000000000	0.0000000000	
============================ UNCORE Statistics ============================
LU	 12
RU	 30
LG	 0
RG	 0
OPTIMUM UNCORE FREQUENCY	 0
JPIU[0]	JPIU[1]	JPIU[2]	JPIU[3]	JPIU[4]	JPIU[5]	JPIU[6]	JPIU[7]	JPIU[8]	JPIU[9]	JPIU[10]	JPIU[11]	JPIU[12]	JPIU[13]	JPIU[14]	JPIU[15]	JPIU[16]	JPIU[17]	JPIU[18]	
0.0000000000	0.0000000000	0.0000000000	0.0000000000	0.0000000000	0.0000000000	0.0000000000	0.0000000000	0.0000000000	0.0000000000	0.0000000000	0.0000000000	0.0000000000	0.0000000000	0.0000000000	0.0000000000	0.0000000000	0.0000000000	0.0000000000	
==============================================================================

==============================================================================
===== Test PASSED in 0.0 msec =====

-----
mkdir timedrun fake

SOR: size=32768, num_iterations=200
SOR started..
SOR ended..

============================ Tabulate Statistics ============================
PWR_PKG_ENERGY	INST_RETIRED	TOR_OCCUPANCY	RR_OCCUPANCY	TIPI	L3_MISS	L2_MISS	TIME	RANGE_L	RANGE_R	DISTINCT_SLABS	OPT_CORE_SLABS	OPT_UNCORE_SLABS	0.02000_0.02400_PERC	0.02000_0.02400_CF	0.02000_0.02400_UF	0.02000_0.02400_CT	0.02000_0.02400_UT	0.02400_0.02800_PERC	0.02400_0.02800_CF	0.02400_0.02800_UF	0.02400_0.02800_CT	0.02400_0.02800_UT	
7865.650391	2282583284415	27724922307	27746439527	0.024302	221473785	652342279	69652.667244	0.012000	0.028000	4	4	3	0.066895	23	12	2	4	0.931549	23	12	22	54	
=============================================================================

============================ TIPI SLAB Statistics ============================

================================= TIPI =======================================
TIPI SLAB	 0.012000 - 0.016000
============================ CORE Statistics ============================
L	 23
R	 23
OPTIMUM CORE FREQUENCY	 23
JPI[0]	JPI[1]	JPI[2]	JPI[3]	JPI[4]	JPI[5]	JPI[6]	JPI[7]	JPI[8]	JPI[9]	JPI[10]	JPI[11]	
0.0000000000	0.0000000000	0.0000000000	0.0000000000	0.0000000000	0.0000000000	0.0000000000	0.0000000000	0.0000000000	0.0000000000	0.0000000000	0.0000000000	
============================ UNCORE Statistics ============================
LU	 12
RU	 20
LG	 12
RG	 20
OPTIMUM UNCORE FREQUENCY	 -1
JPIU[0]	JPIU[1]	JPIU[2]	JPIU[3]	JPIU[4]	JPIU[5]	JPIU[6]	JPIU[7]	JPIU[8]	JPIU[9]	JPIU[10]	JPIU[11]	JPIU[12]	JPIU[13]	JPIU[14]	JPIU[15]	JPIU[16]	JPIU[17]	JPIU[18]	
0.0000000000	0.0000000000	0.0000000000	0.0000000000	0.0000000000	0.0000000000	0.0000000000	0.0000000000	0.0000000000	0.0000000000	0.0000000000	0.0000000000	0.0000000000	0.0000000000	0.0000000000	0.0000000000	0.0000000000	0.0000000000	0.0000000000	
==============================================================================

================================= TIPI =======================================
TIPI SLAB	 0.016000 - 0.020000
============================ CORE Statistics ============================
L	 23
R	 23
OPTIMUM CORE FREQUENCY	 23
JPI[0]	JPI[1]	JPI[2]	JPI[3]	JPI[4]	JPI[5]	JPI[6]	JPI[7]	JPI[8]	JPI[9]	JPI[10]	JPI[11]	
0.0000000000	0.0000000000	0.0000000000	0.0000000000	0.0000000000	0.0000000000	0.0000000000	0.0000000000	0.0000000000	0.0000000000	0.0000000000	0.0000000000	
============================ UNCORE Statistics ============================
LU	 12
RU	 12
LG	 12
RG	 12
OPTIMUM UNCORE FREQUENCY	 12
JPIU[0]	JPIU[1]	JPIU[2]	JPIU[3]	JPIU[4]	JPIU[5]	JPIU[6]	JPIU[7]	JPIU[8]	JPIU[9]	JPIU[10]	JPIU[11]	JPIU[12]	JPIU[13]	JPIU[14]	JPIU[15]	JPIU[16]	JPIU[17]	JPIU[18]	
0.0000000000	0.0000000000	0.0000000000	0.0000000000	0.0000000000	0.0000000000	0.0000000000	0.0000000000	0.0000000000	0.0000000000	0.0000000000	0.0000000000	0.0000000000	0.0000000000	0.0000000000	0.0000000000	0.0000000000	0.0000000000	0.0000000000	
==============================================================================

================================= TIPI =======================================
TIPI SLAB	 0.020000 - 0.024000
============================ CORE Statistics ============================
L	 22
R	 23
OPTIMUM CORE FREQUENCY	 23
JPI[0]	JPI[1]	JPI[2]	JPI[3]	JPI[4]	JPI[5]	JPI[6]	JPI[7]	JPI[8]	JPI[9]	JPI[10]	JPI[11]	
0.0000000000	0.0000000000	0.0000000000	0.0000000000	0.0000000000	0.0000000000	0.0000000000	0.0000000000	0.0000000000	0.0000000000	0.0000000000	0.0000000000	
============================ UNCORE Statistics ============================
LU	 12
RU	 12
LG	 12
RG	 20
OPTIMUM UNCORE FREQUENCY	 12
JPIU[0]	JPIU[1]	JPIU[2]	JPIU[3]	JPIU[4]	JPIU[5]	JPIU[6]	JPIU[7]	JPIU[8]	JPIU[9]	JPIU[10]	JPIU[11]	JPIU[12]	JPIU[13]	JPIU[14]	JPIU[15]	JPIU[16]	JPIU[17]	JPIU[18]	
0.0000000032	0.0000000000	0.0000000000	0.0000000000	0.0000000000	0.0000000000	0.0000000000	0.0000000000	0.0000000035	0.0000000000	0.0000000000	0.0000000000	0.0000000000	0.0000000000	0.0000000000	0.0000000000	0.0000000000	0.0000000000	0.0000000000	
==============================================================================

================================= TIPI =======================================
TIPI SLAB	 0.024000 - 0.028000
============================ CORE Statistics ============================
L	 22
R	 23
OPTIMUM CORE FREQUENCY	 23
JPI[0]	JPI[1]	JPI[2]	JPI[3]	JPI[4]	JPI[5]	JPI[6]	JPI[7]	JPI[8]	JPI[9]	JPI[10]	JPI[11]	
0.0000000000	0.0000000000	0.0000000000	0.0000000000	0.0000000000	0.0000000000	0.0000000000	0.0000000000	0.0000000000	0.0000000045	0.0000000000	0.0000000043	
============================ UNCORE Statistics ============================
LU	 12
RU	 12
LG	 12
RG	 20
OPTIMUM UNCORE FREQUENCY	 12
JPIU[0]	JPIU[1]	JPIU[2]	JPIU[3]	JPIU[4]	JPIU[5]	JPIU[6]	JPIU[7]	JPIU[8]	JPIU[9]	JPIU[10]	JPIU[11]	JPIU[12]	JPIU[13]	JPIU[14]	JPIU[15]	JPIU[16]	JPIU[17]	JPIU[18]	
0.0000000034	0.0000000000	0.0000000034	0.0000000000	0.0000000035	0.0000000000	0.0000000035	0.0000000000	0.0000000036	0.0000000000	0.0000000000	0.0000000000	0.0000000000	0.0000000000	0.0000000000	0.0000000000	0.0000000000	0.0000000000	0.0000000042	
==============================================================================

==============================================================================
===== Test PASSED in 0.0 msec =====

-----
mkdir timedrun fake

SOR: size=32768, num_iterations=200
SOR started..
SOR ended..

============================ Tabulate Statistics ============================
PWR_PKG_ENERGY	INST_RETIRED	TOR_OCCUPANCY	RR_OCCUPANCY	TIPI	L3_MISS	L2_MISS	TIME	RANGE_L	RANGE_R	DISTINCT_SLABS	OPT_CORE_SLABS	OPT_UNCORE_SLABS	0.02000_0.02400_PERC	0.02000_0.02400_CF	0.02000_0.02400_UF	0.02000_0.02400_CT	0.02000_0.02400_UT	0.02400_0.02800_PERC	0.02400_0.02800_CF	0.02400_0.02800_UF	0.02400_0.02800_CT	0.02400_0.02800_UT	
7858.400452	2279921779127	27715096822	27736629958	0.024322	222051688	655639830	69598.272669	0.016000	0.028000	3	3	2	0.067206	23	12	2	4	0.932483	23	12	22	54	
=============================================================================

============================ TIPI SLAB Statistics ============================

================================= TIPI =======================================
TIPI SLAB	 0.016000 - 0.020000
============================ CORE Statistics ============================
L	 23
R	 23
OPTIMUM CORE FREQUENCY	 23
JPI[0]	JPI[1]	JPI[2]	JPI[3]	JPI[4]	JPI[5]	JPI[6]	JPI[7]	JPI[8]	JPI[9]	JPI[10]	JPI[11]	
0.0000000000	0.0000000000	0.0000000000	0.0000000000	0.0000000000	0.0000000000	0.0000000000	0.0000000000	0.0000000000	0.0000000000	0.0000000000	0.0000000000	
============================ UNCORE Statistics ============================
LU	 12
RU	 30
LG	 0
RG	 0
OPTIMUM UNCORE FREQUENCY	 0
JPIU[0]	JPIU[1]	JPIU[2]	JPIU[3]	JPIU[4]	JPIU[5]	JPIU[6]	JPIU[7]	JPIU[8]	JPIU[9]	JPIU[10]	JPIU[11]	JPIU[12]	JPIU[13]	JPIU[14]	JPIU[15]	JPIU[16]	JPIU[17]	JPIU[18]	
0.0000000000	0.0000000000	0.0000000000	0.0000000000	0.0000000000	0.0000000000	0.0000000000	0.0000000000	0.0000000000	0.0000000000	0.0000000000	0.0000000000	0.0000000000	0.0000000000	0.0000000000	0.0000000000	0.0000000000	0.0000000000	0.0000000000	
==============================================================================

================================= TIPI =======================================
TIPI SLAB	 0.020000 - 0.024000
============================ CORE Statistics ============================
L	 22
R	 23
OPTIMUM CORE FREQUENCY	 23
JPI[0]	JPI[1]	JPI[2]	JPI[3]	JPI[4]	JPI[5]	JPI[6]	JPI[7]	JPI[8]	JPI[9]	JPI[10]	JPI[11]	
0.0000000000	0.0000000000	0.0000000000	0.0000000000	0.0000000000	0.0000000000	0.0000000000	0.0000000000	0.0000000000	0.0000000000	0.0000000000	0.0000000000	
============================ UNCORE Statistics ============================
LU	 12
RU	 12
LG	 12
RG	 20
OPTIMUM UNCORE FREQUENCY	 12
JPIU[0]	JPIU[1]	JPIU[2]	JPIU[3]	JPIU[4]	JPIU[5]	JPIU[6]	JPIU[7]	JPIU[8]	JPIU[9]	JPIU[10]	JPIU[11]	JPIU[12]	JPIU[13]	JPIU[14]	JPIU[15]	JPIU[16]	JPIU[17]	JPIU[18]	
0.0000000033	0.0000000000	0.0000000000	0.0000000000	0.0000000000	0.0000000000	0.0000000034	0.0000000000	0.0000000000	0.0000000000	0.0000000000	0.0000000000	0.0000000000	0.0000000000	0.0000000000	0.0000000000	0.0000000000	0.0000000000	0.0000000000	
==============================================================================

================================= TIPI =======================================
TIPI SLAB	 0.024000 - 0.028000
============================ CORE Statistics ============================
L	 22
R	 23
OPTIMUM CORE FREQUENCY	 23
JPI[0]	JPI[1]	JPI[2]	JPI[3]	JPI[4]	JPI[5]	JPI[6]	JPI[7]	JPI[8]	JPI[9]	JPI[10]	JPI[11]	
0.0000000000	0.0000000000	0.0000000000	0.0000000000	0.0000000000	0.0000000000	0.0000000000	0.0000000000	0.0000000000	0.0000000045	0.0000000000	0.0000000043	
============================ UNCORE Statistics ============================
LU	 12
RU	 12
LG	 12
RG	 20
OPTIMUM UNCORE FREQUENCY	 12
JPIU[0]	JPIU[1]	JPIU[2]	JPIU[3]	JPIU[4]	JPIU[5]	JPIU[6]	JPIU[7]	JPIU[8]	JPIU[9]	JPIU[10]	JPIU[11]	JPIU[12]	JPIU[13]	JPIU[14]	JPIU[15]	JPIU[16]	JPIU[17]	JPIU[18]	
0.0000000034	0.0000000000	0.0000000034	0.0000000000	0.0000000035	0.0000000000	0.0000000035	0.0000000000	0.0000000036	0.0000000000	0.0000000000	0.0000000000	0.0000000000	0.0000000000	0.0000000000	0.0000000000	0.0000000000	0.0000000000	0.0000000044	
==============================================================================

==============================================================================
===== Test PASSED in 0.0 msec =====

-----
mkdir timedrun fake

SOR: size=32768, num_iterations=200
SOR started..
SOR ended..

============================ Tabulate Statistics ============================
PWR_PKG_ENERGY	INST_RETIRED	TOR_OCCUPANCY	RR_OCCUPANCY	TIPI	L3_MISS	L2_MISS	TIME	RANGE_L	RANGE_R	DISTINCT_SLABS	OPT_CORE_SLABS	OPT_UNCORE_SLABS	0.02000_0.02400_PERC	0.02000_0.02400_CF	0.02000_0.02400_UF	0.02000_0.02400_CT	0.02000_0.02400_UT	0.02400_0.02800_PERC	0.02400_0.02800_CF	0.02400_0.02800_UF	0.02400_0.02800_CT	0.02400_0.02800_UT	
7857.737183	2280278029233	27718739952	27740281752	0.024321	222150336	657053597	69597.814739	0.012000	0.028000	4	4	3	0.067538	23	12	2	4	0.931217	23	12	22	53	
=============================================================================

============================ TIPI SLAB Statistics ============================

================================= TIPI =======================================
TIPI SLAB	 0.012000 - 0.016000
============================ CORE Statistics ============================
L	 23
R	 23
OPTIMUM CORE FREQUENCY	 23
JPI[0]	JPI[1]	JPI[2]	JPI[3]	JPI[4]	JPI[5]	JPI[6]	JPI[7]	JPI[8]	JPI[9]	JPI[10]	JPI[11]	
0.0000000000	0.0000000000	0.0000000000	0.0000000000	0.0000000000	0.0000000000	0.0000000000	0.0000000000	0.0000000000	0.0000000000	0.0000000000	0.0000000000	
============================ UNCORE Statistics ============================
LU	 12
RU	 30
LG	 0
RG	 0
OPTIMUM UNCORE FREQUENCY	 0
JPIU[0]	JPIU[1]	JPIU[2]	JPIU[3]	JPIU[4]	JPIU[5]	JPIU[6]	JPIU[7]	JPIU[8]	JPIU[9]	JPIU[10]	JPIU[11]	JPIU[12]	JPIU[13]	JPIU[14]	JPIU[15]	JPIU[16]	JPIU[17]	JPIU[18]	
0.0000000000	0.0000000000	0.0000000000	0.0000000000	0.0000000000	0.0000000000	0.0000000000	0.0000000000	0.0000000000	0.0000000000	0.0000000000	0.0000000000	0.0000000000	0.0000000000	0.0000000000	0.0000000000	0.0000000000	0.0000000000	0.0000000000	
==============================================================================

================================= TIPI =======================================
TIPI SLAB	 0.016000 - 0.020000
============================ CORE Statistics ============================
L	 23
R	 23
OPTIMUM CORE FREQUENCY	 23
JPI[0]	JPI[1]	JPI[2]	JPI[3]	JPI[4]	JPI[5]	JPI[6]	JPI[7]	JPI[8]	JPI[9]	JPI[10]	JPI[11]	
0.0000000000	0.0000000000	0.0000000000	0.0000000000	0.0000000000	0.0000000000	0.0000000000	0.0000000000	0.0000000000	0.0000000000	0.0000000000	0.0000000000	
============================ UNCORE Statistics ============================
LU	 12
RU	 12
LG	 12
RG	 12
OPTIMUM UNCORE FREQUENCY	 12
JPIU[0]	JPIU[1]	JPIU[2]	JPIU[3]	JPIU[4]	JPIU[5]	JPIU[6]	JPIU[7]	JPIU[8]	JPIU[9]	JPIU[10]	JPIU[11]	JPIU[12]	JPIU[13]	JPIU[14]	JPIU[15]	JPIU[16]	JPIU[17]	JPIU[18]	
0.0000000000	0.0000000000	0.0000000000	0.0000000000	0.0000000000	0.0000000000	0.0000000000	0.0000000000	0.0000000000	0.0000000000	0.0000000000	0.0000000000	0.0000000000	0.0000000000	0.0000000000	0.0000000000	0.0000000000	0.0000000000	0.0000000000	
==============================================================================

================================= TIPI =======================================
TIPI SLAB	 0.020000 - 0.024000
============================ CORE Statistics ============================
L	 22
R	 23
OPTIMUM CORE FREQUENCY	 23
JPI[0]	JPI[1]	JPI[2]	JPI[3]	JPI[4]	JPI[5]	JPI[6]	JPI[7]	JPI[8]	JPI[9]	JPI[10]	JPI[11]	
0.0000000000	0.0000000000	0.0000000000	0.0000000000	0.0000000000	0.0000000000	0.0000000000	0.0000000000	0.0000000000	0.0000000000	0.0000000000	0.0000000000	
============================ UNCORE Statistics ============================
LU	 12
RU	 12
LG	 12
RG	 20
OPTIMUM UNCORE FREQUENCY	 12
JPIU[0]	JPIU[1]	JPIU[2]	JPIU[3]	JPIU[4]	JPIU[5]	JPIU[6]	JPIU[7]	JPIU[8]	JPIU[9]	JPIU[10]	JPIU[11]	JPIU[12]	JPIU[13]	JPIU[14]	JPIU[15]	JPIU[16]	JPIU[17]	JPIU[18]	
0.0000000032	0.0000000000	0.0000000034	0.0000000000	0.0000000000	0.0000000000	0.0000000000	0.0000000000	0.0000000000	0.0000000000	0.0000000000	0.0000000000	0.0000000000	0.0000000000	0.0000000000	0.0000000000	0.0000000000	0.0000000000	0.0000000000	
==============================================================================

================================= TIPI =======================================
TIPI SLAB	 0.024000 - 0.028000
============================ CORE Statistics ============================
L	 22
R	 23
OPTIMUM CORE FREQUENCY	 23
JPI[0]	JPI[1]	JPI[2]	JPI[3]	JPI[4]	JPI[5]	JPI[6]	JPI[7]	JPI[8]	JPI[9]	JPI[10]	JPI[11]	
0.0000000000	0.0000000000	0.0000000000	0.0000000000	0.0000000000	0.0000000000	0.0000000000	0.0000000000	0.0000000000	0.0000000044	0.0000000000	0.0000000043	
============================ UNCORE Statistics ============================
LU	 12
RU	 12
LG	 12
RG	 20
OPTIMUM UNCORE FREQUENCY	 12
JPIU[0]	JPIU[1]	JPIU[2]	JPIU[3]	JPIU[4]	JPIU[5]	JPIU[6]	JPIU[7]	JPIU[8]	JPIU[9]	JPIU[10]	JPIU[11]	JPIU[12]	JPIU[13]	JPIU[14]	JPIU[15]	JPIU[16]	JPIU[17]	JPIU[18]	
0.0000000034	0.0000000000	0.0000000034	0.0000000000	0.0000000035	0.0000000000	0.0000000035	0.0000000000	0.0000000036	0.0000000000	0.0000000000	0.0000000000	0.0000000000	0.0000000000	0.0000000000	0.0000000000	0.0000000000	0.0000000000	0.0000000000	
==============================================================================

==============================================================================
===== Test PASSED in 0.0 msec =====

-----
mkdir timedrun fake

SOR: size=32768, num_iterations=200
SOR started..
SOR ended..

============================ Tabulate Statistics ============================
PWR_PKG_ENERGY	INST_RETIRED	TOR_OCCUPANCY	RR_OCCUPANCY	TIPI	L3_MISS	L2_MISS	TIME	RANGE_L	RANGE_R	DISTINCT_SLABS	OPT_CORE_SLABS	OPT_UNCORE_SLABS	0.02000_0.02400_PERC	0.02000_0.02400_CF	0.02000_0.02400_UF	0.02000_0.02400_CT	0.02000_0.02400_UT	0.02400_0.02800_PERC	0.02400_0.02800_CF	0.02400_0.02800_UF	0.02400_0.02800_CT	0.02400_0.02800_UT	
7853.699463	2280617748178	27718015386	27740304914	0.024317	221136713	653079635	69595.764320	0.016000	0.028000	3	3	2	0.068203	23	12	3	2	0.931486	23	12	23	53	
=============================================================================

============================ TIPI SLAB Statistics ============================

================================= TIPI =======================================
TIPI SLAB	 0.016000 - 0.020000
============================ CORE Statistics ============================
L	 23
R	 23
OPTIMUM CORE FREQUENCY	 23
JPI[0]	JPI[1]	JPI[2]	JPI[3]	JPI[4]	JPI[5]	JPI[6]	JPI[7]	JPI[8]	JPI[9]	JPI[10]	JPI[11]	
0.0000000000	0.0000000000	0.0000000000	0.0000000000	0.0000000000	0.0000000000	0.0000000000	0.0000000000	0.0000000000	0.0000000000	0.0000000000	0.0000000000	
============================ UNCORE Statistics ============================
LU	 12
RU	 30
LG	 0
RG	 0
OPTIMUM UNCORE FREQUENCY	 0
JPIU[0]	JPIU[1]	JPIU[2]	JPIU[3]	JPIU[4]	JPIU[5]	JPIU[6]	JPIU[7]	JPIU[8]	JPIU[9]	JPIU[10]	JPIU[11]	JPIU[12]	JPIU[13]	JPIU[14]	JPIU[15]	JPIU[16]	JPIU[17]	JPIU[18]	
0.0000000000	0.0000000000	0.0000000000	0.0000000000	0.0000000000	0.0000000000	0.0000000000	0.0000000000	0.0000000000	0.0000000000	0.0000000000	0.0000000000	0.0000000000	0.0000000000	0.0000000000	0.0000000000	0.0000000000	0.0000000000	0.0000000000	
==============================================================================

================================= TIPI =======================================
TIPI SLAB	 0.020000 - 0.024000
============================ CORE Statistics ============================
L	 22
R	 23
OPTIMUM CORE FREQUENCY	 23
JPI[0]	JPI[1]	JPI[2]	JPI[3]	JPI[4]	JPI[5]	JPI[6]	JPI[7]	JPI[8]	JPI[9]	JPI[10]	JPI[11]	
0.0000000000	0.0000000000	0.0000000000	0.0000000000	0.0000000000	0.0000000000	0.0000000000	0.0000000000	0.0000000000	0.0000000000	0.0000000000	0.0000000000	
============================ UNCORE Statistics ============================
LU	 12
RU	 12
LG	 12
RG	 18
OPTIMUM UNCORE FREQUENCY	 12
JPIU[0]	JPIU[1]	JPIU[2]	JPIU[3]	JPIU[4]	JPIU[5]	JPIU[6]	JPIU[7]	JPIU[8]	JPIU[9]	JPIU[10]	JPIU[11]	JPIU[12]	JPIU[13]	JPIU[14]	JPIU[15]	JPIU[16]	JPIU[17]	JPIU[18]	
0.0000000032	0.0000000000	0.0000000000	0.0000000000	0.0000000000	0.0000000000	0.0000000000	0.0000000000	0.0000000000	0.0000000000	0.0000000000	0.0000000000	0.0000000000	0.0000000000	0.0000000000	0.0000000000	0.0000000000	0.0000000000	0.0000000000	
==============================================================================

================================= TIPI =======================================
TIPI SLAB	 0.024000 - 0.028000
============================ CORE Statistics ============================
L	 22
R	 23
OPTIMUM CORE FREQUENCY	 23
JPI[0]	JPI[1]	JPI[2]	JPI[3]	JPI[4]	JPI[5]	JPI[6]	JPI[7]	JPI[8]	JPI[9]	JPI[10]	JPI[11]	
0.0000000000	0.0000000000	0.0000000000	0.0000000000	0.0000000000	0.0000000000	0.0000000000	0.0000000000	0.0000000000	0.0000000044	0.0000000000	0.0000000043	
============================ UNCORE Statistics ============================
LU	 12
RU	 12
LG	 12
RG	 20
OPTIMUM UNCORE FREQUENCY	 12
JPIU[0]	JPIU[1]	JPIU[2]	JPIU[3]	JPIU[4]	JPIU[5]	JPIU[6]	JPIU[7]	JPIU[8]	JPIU[9]	JPIU[10]	JPIU[11]	JPIU[12]	JPIU[13]	JPIU[14]	JPIU[15]	JPIU[16]	JPIU[17]	JPIU[18]	
0.0000000034	0.0000000000	0.0000000034	0.0000000000	0.0000000035	0.0000000000	0.0000000035	0.0000000000	0.0000000036	0.0000000000	0.0000000000	0.0000000000	0.0000000000	0.0000000000	0.0000000000	0.0000000000	0.0000000000	0.0000000000	0.0000000044	
==============================================================================

==============================================================================
===== Test PASSED in 0.0 msec =====

-----
mkdir timedrun fake

SOR: size=32768, num_iterations=200
SOR started..
SOR ended..

============================ Tabulate Statistics ============================
PWR_PKG_ENERGY	INST_RETIRED	TOR_OCCUPANCY	RR_OCCUPANCY	TIPI	L3_MISS	L2_MISS	TIME	RANGE_L	RANGE_R	DISTINCT_SLABS	OPT_CORE_SLABS	OPT_UNCORE_SLABS	0.02000_0.02400_PERC	0.02000_0.02400_CF	0.02000_0.02400_UF	0.02000_0.02400_CT	0.02000_0.02400_UT	0.02400_0.02800_PERC	0.02400_0.02800_CF	0.02400_0.02800_UF	0.02400_0.02800_CT	0.02400_0.02800_UT	
7851.038269	2280901956131	27729172190	27751531186	0.024324	221537382	654328929	69602.780761	0.016000	0.028000	3	3	2	0.067807	23	12	2	4	0.931882	23	12	22	54	
=============================================================================

============================ TIPI SLAB Statistics ============================

================================= TIPI =======================================
TIPI SLAB	 0.016000 - 0.020000
============================ CORE Statistics ============================
L	 23
R	 23
OPTIMUM CORE FREQUENCY	 23
JPI[0]	JPI[1]	JPI[2]	JPI[3]	JPI[4]	JPI[5]	JPI[6]	JPI[7]	JPI[8]	JPI[9]	JPI[10]	JPI[11]	
0.0000000000	0.0000000000	0.0000000000	0.0000000000	0.0000000000	0.0000000000	0.0000000000	0.0000000000	0.0000000000	0.0000000000	0.0000000000	0.0000000000	
============================ UNCORE Statistics ============================
LU	 12
RU	 30
LG	 0
RG	 0
OPTIMUM UNCORE FREQUENCY	 0
JPIU[0]	JPIU[1]	JPIU[2]	JPIU[3]	JPIU[4]	JPIU[5]	JPIU[6]	JPIU[7]	JPIU[8]	JPIU[9]	JPIU[10]	JPIU[11]	JPIU[12]	JPIU[13]	JPIU[14]	JPIU[15]	JPIU[16]	JPIU[17]	JPIU[18]	
0.0000000000	0.0000000000	0.0000000000	0.0000000000	0.0000000000	0.0000000000	0.0000000000	0.0000000000	0.0000000000	0.0000000000	0.0000000000	0.0000000000	0.0000000000	0.0000000000	0.0000000000	0.0000000000	0.0000000000	0.0000000000	0.0000000000	
==============================================================================

================================= TIPI =======================================
TIPI SLAB	 0.020000 - 0.024000
============================ CORE Statistics ============================
L	 22
R	 23
OPTIMUM CORE FREQUENCY	 23
JPI[0]	JPI[1]	JPI[2]	JPI[3]	JPI[4]	JPI[5]	JPI[6]	JPI[7]	JPI[8]	JPI[9]	JPI[10]	JPI[11]	
0.0000000000	0.0000000000	0.0000000000	0.0000000000	0.0000000000	0.0000000000	0.0000000000	0.0000000000	0.0000000000	0.0000000000	0.0000000000	0.0000000000	
============================ UNCORE Statistics ============================
LU	 12
RU	 12
LG	 12
RG	 20
OPTIMUM UNCORE FREQUENCY	 12
JPIU[0]	JPIU[1]	JPIU[2]	JPIU[3]	JPIU[4]	JPIU[5]	JPIU[6]	JPIU[7]	JPIU[8]	JPIU[9]	JPIU[10]	JPIU[11]	JPIU[12]	JPIU[13]	JPIU[14]	JPIU[15]	JPIU[16]	JPIU[17]	JPIU[18]	
0.0000000032	0.0000000000	0.0000000000	0.0000000000	0.0000000000	0.0000000000	0.0000000000	0.0000000000	0.0000000034	0.0000000000	0.0000000000	0.0000000000	0.0000000000	0.0000000000	0.0000000000	0.0000000000	0.0000000000	0.0000000000	0.0000000000	
==============================================================================

================================= TIPI =======================================
TIPI SLAB	 0.024000 - 0.028000
============================ CORE Statistics ============================
L	 22
R	 23
OPTIMUM CORE FREQUENCY	 23
JPI[0]	JPI[1]	JPI[2]	JPI[3]	JPI[4]	JPI[5]	JPI[6]	JPI[7]	JPI[8]	JPI[9]	JPI[10]	JPI[11]	
0.0000000000	0.0000000000	0.0000000000	0.0000000000	0.0000000000	0.0000000000	0.0000000000	0.0000000000	0.0000000000	0.0000000044	0.0000000000	0.0000000043	
============================ UNCORE Statistics ============================
LU	 12
RU	 12
LG	 12
RG	 20
OPTIMUM UNCORE FREQUENCY	 12
JPIU[0]	JPIU[1]	JPIU[2]	JPIU[3]	JPIU[4]	JPIU[5]	JPIU[6]	JPIU[7]	JPIU[8]	JPIU[9]	JPIU[10]	JPIU[11]	JPIU[12]	JPIU[13]	JPIU[14]	JPIU[15]	JPIU[16]	JPIU[17]	JPIU[18]	
0.0000000033	0.0000000000	0.0000000034	0.0000000000	0.0000000034	0.0000000000	0.0000000035	0.0000000000	0.0000000036	0.0000000000	0.0000000000	0.0000000000	0.0000000000	0.0000000000	0.0000000000	0.0000000000	0.0000000000	0.0000000000	0.0000000043	
==============================================================================

==============================================================================
===== Test PASSED in 0.0 msec =====
