
-----
mkdir timedrun fake

SOR: size=32768, num_iterations=200
SOR started..
SOR ended..

============================ Tabulate Statistics ============================
PWR_PKG_ENERGY	INST_RETIRED	TOR_OCCUPANCY	RR_OCCUPANCY	TIPI	L3_MISS	L2_MISS	TIME	RANGE_L	RANGE_R	DISTINCT_SLABS	OPT_CORE_SLABS	OPT_UNCORE_SLABS	0.02000_0.02400_PERC	0.02000_0.02400_CF	0.02000_0.02400_UF	0.02000_0.02400_CT	0.02000_0.02400_UT	0.02400_0.02800_PERC	0.02400_0.02800_CF	0.02400_0.02800_UF	0.02400_0.02800_CT	0.02400_0.02800_UT	
10152.488770	2277285822683	27724309108	27746237936	0.024358	216026574	645198950	68734.655848	0.016000	0.028000	3	3	3	0.066459	23	30	2	0	0.932605	23	30	22	0	
=============================================================================

============================ TIPI SLAB Statistics ============================

================================= TIPI =======================================
TIPI SLAB	 0.016000 - 0.020000
============================ CORE Statistics ============================
L	 23
R	 23
OPTIMUM CORE FREQUENCY	 23
JPI[0]	JPI[1]	JPI[2]	JPI[3]	JPI[4]	JPI[5]	JPI[6]	JPI[7]	JPI[8]	JPI[9]	JPI[10]	JPI[11]	
0.0000000000	0.0000000000	0.0000000000	0.0000000000	0.0000000000	0.0000000000	0.0000000000	0.0000000000	0.0000000000	0.0000000000	0.0000000000	0.0000000000	
============================ UNCORE Statistics ============================
LU	 12
RU	 30
LG	 0
RG	 0
OPTIMUM UNCORE FREQUENCY	 30
JPIU[0]	JPIU[1]	JPIU[2]	JPIU[3]	JPIU[4]	JPIU[5]	JPIU[6]	JPIU[7]	JPIU[8]	JPIU[9]	JPIU[10]	JPIU[11]	JPIU[12]	JPIU[13]	JPIU[14]	JPIU[15]	JPIU[16]	JPIU[17]	JPIU[18]	
0.0000000000	0.0000000000	0.0000000000	0.0000000000	0.0000000000	0.0000000000	0.0000000000	0.0000000000	0.0000000000	0.0000000000	0.0000000000	0.0000000000	0.0000000000	0.0000000000	0.0000000000	0.0000000000	0.0000000000	0.0000000000	0.0000000000	
==============================================================================

================================= TIPI =======================================
TIPI SLAB	 0.020000 - 0.024000
============================ CORE Statistics ============================
L	 22
R	 23
OPTIMUM CORE FREQUENCY	 23
JPI[0]	JPI[1]	JPI[2]	JPI[3]	JPI[4]	JPI[5]	JPI[6]	JPI[7]	JPI[8]	JPI[9]	JPI[10]	JPI[11]	
0.0000000000	0.0000000000	0.0000000000	0.0000000000	0.0000000000	0.0000000000	0.0000000000	0.0000000000	0.0000000000	0.0000000000	0.0000000000	0.0000000042	
============================ UNCORE Statistics ============================
LU	 12
RU	 30
LG	 0
RG	 0
OPTIMUM UNCORE FREQUENCY	 30
JPIU[0]	JPIU[1]	JPIU[2]	JPIU[3]	JPIU[4]	JPIU[5]	JPIU[6]	JPIU[7]	JPIU[8]	JPIU[9]	JPIU[10]	JPIU[11]	JPIU[12]	JPIU[13]	JPIU[14]	JPIU[15]	JPIU[16]	JPIU[17]	JPIU[18]	
0.0000000000	0.0000000000	0.0000000000	0.0000000000	0.0000000000	0.0000000000	0.0000000000	0.0000000000	0.0000000000	0.0000000000	0.0000000000	0.0000000000	0.0000000000	0.0000000000	0.0000000000	0.0000000000	0.0000000000	0.0000000000	0.0000000000	
==============================================================================

================================= TIPI =======================================
TIPI SLAB	 0.024000 - 0.028000
============================ CORE Statistics ============================
L	 22
R	 23
OPTIMUM CORE FREQUENCY	 23
JPI[0]	JPI[1]	JPI[2]	JPI[3]	JPI[4]	JPI[5]	JPI[6]	JPI[7]	JPI[8]	JPI[9]	JPI[10]	JPI[11]	
0.0000000000	0.0000000000	0.0000000000	0.0000000000	0.0000000000	0.0000000000	0.0000000000	0.0000000000	0.0000000000	0.0000000045	0.0000000000	0.0000000044	
============================ UNCORE Statistics ============================
LU	 12
RU	 30
LG	 0
RG	 0
OPTIMUM UNCORE FREQUENCY	 30
JPIU[0]	JPIU[1]	JPIU[2]	JPIU[3]	JPIU[4]	JPIU[5]	JPIU[6]	JPIU[7]	JPIU[8]	JPIU[9]	JPIU[10]	JPIU[11]	JPIU[12]	JPIU[13]	JPIU[14]	JPIU[15]	JPIU[16]	JPIU[17]	JPIU[18]	
0.0000000000	0.0000000000	0.0000000000	0.0000000000	0.0000000000	0.0000000000	0.0000000000	0.0000000000	0.0000000000	0.0000000000	0.0000000000	0.0000000000	0.0000000000	0.0000000000	0.0000000000	0.0000000000	0.0000000000	0.0000000000	0.0000000000	
==============================================================================

==============================================================================
===== Test PASSED in 0.0 msec =====

-----
mkdir timedrun fake

SOR: size=32768, num_iterations=200
SOR started..
SOR ended..

============================ Tabulate Statistics ============================
PWR_PKG_ENERGY	INST_RETIRED	TOR_OCCUPANCY	RR_OCCUPANCY	TIPI	L3_MISS	L2_MISS	TIME	RANGE_L	RANGE_R	DISTINCT_SLABS	OPT_CORE_SLABS	OPT_UNCORE_SLABS	0.02000_0.02400_PERC	0.02000_0.02400_CF	0.02000_0.02400_UF	0.02000_0.02400_CT	0.02000_0.02400_UT	0.02400_0.02800_PERC	0.02400_0.02800_CF	0.02400_0.02800_UF	0.02400_0.02800_CT	0.02400_0.02800_UT	
10121.898926	2275660474157	27710110544	27731808345	0.024363	217321773	650146564	68709.040246	0.020000	0.028000	2	2	2	0.068331	23	30	2	0	0.931669	23	30	22	0	
=============================================================================

============================ TIPI SLAB Statistics ============================

================================= TIPI =======================================
TIPI SLAB	 0.020000 - 0.024000
============================ CORE Statistics ============================
L	 22
R	 23
OPTIMUM CORE FREQUENCY	 23
JPI[0]	JPI[1]	JPI[2]	JPI[3]	JPI[4]	JPI[5]	JPI[6]	JPI[7]	JPI[8]	JPI[9]	JPI[10]	JPI[11]	
0.0000000000	0.0000000000	0.0000000000	0.0000000000	0.0000000000	0.0000000000	0.0000000000	0.0000000000	0.0000000000	0.0000000000	0.0000000000	0.0000000042	
============================ UNCORE Statistics ============================
LU	 12
RU	 30
LG	 0
RG	 0
OPTIMUM UNCORE FREQUENCY	 30
JPIU[0]	JPIU[1]	JPIU[2]	JPIU[3]	JPIU[4]	JPIU[5]	JPIU[6]	JPIU[7]	JPIU[8]	JPIU[9]	JPIU[10]	JPIU[11]	JPIU[12]	JPIU[13]	JPIU[14]	JPIU[15]	JPIU[16]	JPIU[17]	JPIU[18]	
0.0000000000	0.0000000000	0.0000000000	0.0000000000	0.0000000000	0.0000000000	0.0000000000	0.0000000000	0.0000000000	0.0000000000	0.0000000000	0.0000000000	0.0000000000	0.0000000000	0.0000000000	0.0000000000	0.0000000000	0.0000000000	0.0000000000	
==============================================================================

================================= TIPI =======================================
TIPI SLAB	 0.024000 - 0.028000
============================ CORE Statistics ============================
L	 22
R	 23
OPTIMUM CORE FREQUENCY	 23
JPI[0]	JPI[1]	JPI[2]	JPI[3]	JPI[4]	JPI[5]	JPI[6]	JPI[7]	JPI[8]	JPI[9]	JPI[10]	JPI[11]	
0.0000000000	0.0000000000	0.0000000000	0.0000000000	0.0000000000	0.0000000000	0.0000000000	0.0000000000	0.0000000000	0.0000000045	0.0000000000	0.0000000044	
============================ UNCORE Statistics ============================
LU	 12
RU	 30
LG	 0
RG	 0
OPTIMUM UNCORE FREQUENCY	 30
JPIU[0]	JPIU[1]	JPIU[2]	JPIU[3]	JPIU[4]	JPIU[5]	JPIU[6]	JPIU[7]	JPIU[8]	JPIU[9]	JPIU[10]	JPIU[11]	JPIU[12]	JPIU[13]	JPIU[14]	JPIU[15]	JPIU[16]	JPIU[17]	JPIU[18]	
0.0000000000	0.0000000000	0.0000000000	0.0000000000	0.0000000000	0.0000000000	0.0000000000	0.0000000000	0.0000000000	0.0000000000	0.0000000000	0.0000000000	0.0000000000	0.0000000000	0.0000000000	0.0000000000	0.0000000000	0.0000000000	0.0000000000	
==============================================================================

==============================================================================
===== Test PASSED in 0.0 msec =====

-----
mkdir timedrun fake

SOR: size=32768, num_iterations=200
SOR started..
SOR ended..

============================ Tabulate Statistics ============================
PWR_PKG_ENERGY	INST_RETIRED	TOR_OCCUPANCY	RR_OCCUPANCY	TIPI	L3_MISS	L2_MISS	TIME	RANGE_L	RANGE_R	DISTINCT_SLABS	OPT_CORE_SLABS	OPT_UNCORE_SLABS	0.02000_0.02400_PERC	0.02000_0.02400_CF	0.02000_0.02400_UF	0.02000_0.02400_CT	0.02000_0.02400_UT	0.02400_0.02800_PERC	0.02400_0.02800_CF	0.02400_0.02800_UF	0.02400_0.02800_CT	0.02400_0.02800_UT	
10160.258606	2277121076648	27723217341	27744764563	0.024359	216566101	648401931	68759.074861	0.004000	0.028000	3	3	2	0.067311	23	30	2	0	0.932378	23	30	22	0	
=============================================================================

============================ TIPI SLAB Statistics ============================

================================= TIPI =======================================
TIPI SLAB	 0.004000 - 0.008000
============================ CORE Statistics ============================
L	 23
R	 23
OPTIMUM CORE FREQUENCY	 23
JPI[0]	JPI[1]	JPI[2]	JPI[3]	JPI[4]	JPI[5]	JPI[6]	JPI[7]	JPI[8]	JPI[9]	JPI[10]	JPI[11]	
0.0000000000	0.0000000000	0.0000000000	0.0000000000	0.0000000000	0.0000000000	0.0000000000	0.0000000000	0.0000000000	0.0000000000	0.0000000000	0.0000000000	
============================ UNCORE Statistics ============================
LU	 12
RU	 30
LG	 0
RG	 0
OPTIMUM UNCORE FREQUENCY	 0
JPIU[0]	JPIU[1]	JPIU[2]	JPIU[3]	JPIU[4]	JPIU[5]	JPIU[6]	JPIU[7]	JPIU[8]	JPIU[9]	JPIU[10]	JPIU[11]	JPIU[12]	JPIU[13]	JPIU[14]	JPIU[15]	JPIU[16]	JPIU[17]	JPIU[18]	
0.0000000000	0.0000000000	0.0000000000	0.0000000000	0.0000000000	0.0000000000	0.0000000000	0.0000000000	0.0000000000	0.0000000000	0.0000000000	0.0000000000	0.0000000000	0.0000000000	0.0000000000	0.0000000000	0.0000000000	0.0000000000	0.0000000000	
==============================================================================

================================= TIPI =======================================
TIPI SLAB	 0.020000 - 0.024000
============================ CORE Statistics ============================
L	 22
R	 23
OPTIMUM CORE FREQUENCY	 23
JPI[0]	JPI[1]	JPI[2]	JPI[3]	JPI[4]	JPI[5]	JPI[6]	JPI[7]	JPI[8]	JPI[9]	JPI[10]	JPI[11]	
0.0000000000	0.0000000000	0.0000000000	0.0000000000	0.0000000000	0.0000000000	0.0000000000	0.0000000000	0.0000000000	0.0000000000	0.0000000000	0.0000000043	
============================ UNCORE Statistics ============================
LU	 12
RU	 30
LG	 0
RG	 0
OPTIMUM UNCORE FREQUENCY	 30
JPIU[0]	JPIU[1]	JPIU[2]	JPIU[3]	JPIU[4]	JPIU[5]	JPIU[6]	JPIU[7]	JPIU[8]	JPIU[9]	JPIU[10]	JPIU[11]	JPIU[12]	JPIU[13]	JPIU[14]	JPIU[15]	JPIU[16]	JPIU[17]	JPIU[18]	
0.0000000000	0.0000000000	0.0000000000	0.0000000000	0.0000000000	0.0000000000	0.0000000000	0.0000000000	0.0000000000	0.0000000000	0.0000000000	0.0000000000	0.0000000000	0.0000000000	0.0000000000	0.0000000000	0.0000000000	0.0000000000	0.0000000000	
==============================================================================

================================= TIPI =======================================
TIPI SLAB	 0.024000 - 0.028000
============================ CORE Statistics ============================
L	 22
R	 23
OPTIMUM CORE FREQUENCY	 23
JPI[0]	JPI[1]	JPI[2]	JPI[3]	JPI[4]	JPI[5]	JPI[6]	JPI[7]	JPI[8]	JPI[9]	JPI[10]	JPI[11]	
0.0000000000	0.0000000000	0.0000000000	0.0000000000	0.0000000000	0.0000000000	0.0000000000	0.0000000000	0.0000000000	0.0000000045	0.0000000000	0.0000000044	
============================ UNCORE Statistics ============================
LU	 12
RU	 30
LG	 0
RG	 0
OPTIMUM UNCORE FREQUENCY	 30
JPIU[0]	JPIU[1]	JPIU[2]	JPIU[3]	JPIU[4]	JPIU[5]	JPIU[6]	JPIU[7]	JPIU[8]	JPIU[9]	JPIU[10]	JPIU[11]	JPIU[12]	JPIU[13]	JPIU[14]	JPIU[15]	JPIU[16]	JPIU[17]	JPIU[18]	
0.0000000000	0.0000000000	0.0000000000	0.0000000000	0.0000000000	0.0000000000	0.0000000000	0.0000000000	0.0000000000	0.0000000000	0.0000000000	0.0000000000	0.0000000000	0.0000000000	0.0000000000	0.0000000000	0.0000000000	0.0000000000	0.0000000000	
==============================================================================

==============================================================================
===== Test PASSED in 0.0 msec =====

-----
mkdir timedrun fake

SOR: size=32768, num_iterations=200
SOR started..
SOR ended..

============================ Tabulate Statistics ============================
PWR_PKG_ENERGY	INST_RETIRED	TOR_OCCUPANCY	RR_OCCUPANCY	TIPI	L3_MISS	L2_MISS	TIME	RANGE_L	RANGE_R	DISTINCT_SLABS	OPT_CORE_SLABS	OPT_UNCORE_SLABS	0.02000_0.02400_PERC	0.02000_0.02400_CF	0.02000_0.02400_UF	0.02000_0.02400_CT	0.02000_0.02400_UT	0.02400_0.02800_PERC	0.02400_0.02800_CF	0.02400_0.02800_UF	0.02400_0.02800_CT	0.02400_0.02800_UT	
10195.565979	2277622978629	27732012480	27754530772	0.024362	215964999	645665771	68742.252631	0.020000	0.028000	2	2	2	0.068267	23	30	2	0	0.931733	23	30	22	0	
=============================================================================

============================ TIPI SLAB Statistics ============================

================================= TIPI =======================================
TIPI SLAB	 0.020000 - 0.024000
============================ CORE Statistics ============================
L	 22
R	 23
OPTIMUM CORE FREQUENCY	 23
JPI[0]	JPI[1]	JPI[2]	JPI[3]	JPI[4]	JPI[5]	JPI[6]	JPI[7]	JPI[8]	JPI[9]	JPI[10]	JPI[11]	
0.0000000000	0.0000000000	0.0000000000	0.0000000000	0.0000000000	0.0000000000	0.0000000000	0.0000000000	0.0000000000	0.0000000000	0.0000000000	0.0000000043	
============================ UNCORE Statistics ============================
LU	 12
RU	 30
LG	 0
RG	 0
OPTIMUM UNCORE FREQUENCY	 30
JPIU[0]	JPIU[1]	JPIU[2]	JPIU[3]	JPIU[4]	JPIU[5]	JPIU[6]	JPIU[7]	JPIU[8]	JPIU[9]	JPIU[10]	JPIU[11]	JPIU[12]	JPIU[13]	JPIU[14]	JPIU[15]	JPIU[16]	JPIU[17]	JPIU[18]	
0.0000000000	0.0000000000	0.0000000000	0.0000000000	0.0000000000	0.0000000000	0.0000000000	0.0000000000	0.0000000000	0.0000000000	0.0000000000	0.0000000000	0.0000000000	0.0000000000	0.0000000000	0.0000000000	0.0000000000	0.0000000000	0.0000000000	
==============================================================================

================================= TIPI =======================================
TIPI SLAB	 0.024000 - 0.028000
============================ CORE Statistics ============================
L	 22
R	 23
OPTIMUM CORE FREQUENCY	 23
JPI[0]	JPI[1]	JPI[2]	JPI[3]	JPI[4]	JPI[5]	JPI[6]	JPI[7]	JPI[8]	JPI[9]	JPI[10]	JPI[11]	
0.0000000000	0.0000000000	0.0000000000	0.0000000000	0.0000000000	0.0000000000	0.0000000000	0.0000000000	0.0000000000	0.0000000045	0.0000000000	0.0000000044	
============================ UNCORE Statistics ============================
LU	 12
RU	 30
LG	 0
RG	 0
OPTIMUM UNCORE FREQUENCY	 30
JPIU[0]	JPIU[1]	JPIU[2]	JPIU[3]	JPIU[4]	JPIU[5]	JPIU[6]	JPIU[7]	JPIU[8]	JPIU[9]	JPIU[10]	JPIU[11]	JPIU[12]	JPIU[13]	JPIU[14]	JPIU[15]	JPIU[16]	JPIU[17]	JPIU[18]	
0.0000000000	0.0000000000	0.0000000000	0.0000000000	0.0000000000	0.0000000000	0.0000000000	0.0000000000	0.0000000000	0.0000000000	0.0000000000	0.0000000000	0.0000000000	0.0000000000	0.0000000000	0.0000000000	0.0000000000	0.0000000000	0.0000000000	
==============================================================================

==============================================================================
===== Test PASSED in 0.0 msec =====

-----
mkdir timedrun fake

SOR: size=32768, num_iterations=200
SOR started..
SOR ended..

============================ Tabulate Statistics ============================
PWR_PKG_ENERGY	INST_RETIRED	TOR_OCCUPANCY	RR_OCCUPANCY	TIPI	L3_MISS	L2_MISS	TIME	RANGE_L	RANGE_R	DISTINCT_SLABS	OPT_CORE_SLABS	OPT_UNCORE_SLABS	0.02000_0.02400_PERC	0.02000_0.02400_CF	0.02000_0.02400_UF	0.02000_0.02400_CT	0.02000_0.02400_UT	0.02400_0.02800_PERC	0.02400_0.02800_CF	0.02400_0.02800_UF	0.02400_0.02800_CT	0.02400_0.02800_UT	
10175.157166	2276417973207	27727418799	27749111048	0.024370	216265654	646219374	68716.972256	0.016000	0.028000	3	3	3	0.065835	23	30	3	0	0.933541	23	30	23	0	
=============================================================================

============================ TIPI SLAB Statistics ============================

================================= TIPI =======================================
TIPI SLAB	 0.016000 - 0.020000
============================ CORE Statistics ============================
L	 23
R	 23
OPTIMUM CORE FREQUENCY	 23
JPI[0]	JPI[1]	JPI[2]	JPI[3]	JPI[4]	JPI[5]	JPI[6]	JPI[7]	JPI[8]	JPI[9]	JPI[10]	JPI[11]	
0.0000000000	0.0000000000	0.0000000000	0.0000000000	0.0000000000	0.0000000000	0.0000000000	0.0000000000	0.0000000000	0.0000000000	0.0000000000	0.0000000000	
============================ UNCORE Statistics ============================
LU	 12
RU	 30
LG	 0
RG	 0
OPTIMUM UNCORE FREQUENCY	 30
JPIU[0]	JPIU[1]	JPIU[2]	JPIU[3]	JPIU[4]	JPIU[5]	JPIU[6]	JPIU[7]	JPIU[8]	JPIU[9]	JPIU[10]	JPIU[11]	JPIU[12]	JPIU[13]	JPIU[14]	JPIU[15]	JPIU[16]	JPIU[17]	JPIU[18]	
0.0000000000	0.0000000000	0.0000000000	0.0000000000	0.0000000000	0.0000000000	0.0000000000	0.0000000000	0.0000000000	0.0000000000	0.0000000000	0.0000000000	0.0000000000	0.0000000000	0.0000000000	0.0000000000	0.0000000000	0.0000000000	0.0000000000	
==============================================================================

================================= TIPI =======================================
TIPI SLAB	 0.020000 - 0.024000
============================ CORE Statistics ============================
L	 22
R	 23
OPTIMUM CORE FREQUENCY	 23
JPI[0]	JPI[1]	JPI[2]	JPI[3]	JPI[4]	JPI[5]	JPI[6]	JPI[7]	JPI[8]	JPI[9]	JPI[10]	JPI[11]	
0.0000000000	0.0000000000	0.0000000000	0.0000000000	0.0000000000	0.0000000000	0.0000000000	0.0000000000	0.0000000000	0.0000000000	0.0000000000	0.0000000043	
============================ UNCORE Statistics ============================
LU	 12
RU	 30
LG	 0
RG	 0
OPTIMUM UNCORE FREQUENCY	 30
JPIU[0]	JPIU[1]	JPIU[2]	JPIU[3]	JPIU[4]	JPIU[5]	JPIU[6]	JPIU[7]	JPIU[8]	JPIU[9]	JPIU[10]	JPIU[11]	JPIU[12]	JPIU[13]	JPIU[14]	JPIU[15]	JPIU[16]	JPIU[17]	JPIU[18]	
0.0000000000	0.0000000000	0.0000000000	0.0000000000	0.0000000000	0.0000000000	0.0000000000	0.0000000000	0.0000000000	0.0000000000	0.0000000000	0.0000000000	0.0000000000	0.0000000000	0.0000000000	0.0000000000	0.0000000000	0.0000000000	0.0000000000	
==============================================================================

================================= TIPI =======================================
TIPI SLAB	 0.024000 - 0.028000
============================ CORE Statistics ============================
L	 22
R	 23
OPTIMUM CORE FREQUENCY	 23
JPI[0]	JPI[1]	JPI[2]	JPI[3]	JPI[4]	JPI[5]	JPI[6]	JPI[7]	JPI[8]	JPI[9]	JPI[10]	JPI[11]	
0.0000000000	0.0000000000	0.0000000000	0.0000000000	0.0000000000	0.0000000000	0.0000000000	0.0000000000	0.0000000000	0.0000000045	0.0000000000	0.0000000044	
============================ UNCORE Statistics ============================
LU	 12
RU	 30
LG	 0
RG	 0
OPTIMUM UNCORE FREQUENCY	 30
JPIU[0]	JPIU[1]	JPIU[2]	JPIU[3]	JPIU[4]	JPIU[5]	JPIU[6]	JPIU[7]	JPIU[8]	JPIU[9]	JPIU[10]	JPIU[11]	JPIU[12]	JPIU[13]	JPIU[14]	JPIU[15]	JPIU[16]	JPIU[17]	JPIU[18]	
0.0000000000	0.0000000000	0.0000000000	0.0000000000	0.0000000000	0.0000000000	0.0000000000	0.0000000000	0.0000000000	0.0000000000	0.0000000000	0.0000000000	0.0000000000	0.0000000000	0.0000000000	0.0000000000	0.0000000000	0.0000000000	0.0000000000	
==============================================================================

==============================================================================
===== Test PASSED in 0.0 msec =====

-----
mkdir timedrun fake

SOR: size=32768, num_iterations=200
SOR started..
SOR ended..

============================ Tabulate Statistics ============================
PWR_PKG_ENERGY	INST_RETIRED	TOR_OCCUPANCY	RR_OCCUPANCY	TIPI	L3_MISS	L2_MISS	TIME	RANGE_L	RANGE_R	DISTINCT_SLABS	OPT_CORE_SLABS	OPT_UNCORE_SLABS	0.02000_0.02400_PERC	0.02000_0.02400_CF	0.02000_0.02400_UF	0.02000_0.02400_CT	0.02000_0.02400_UT	0.02400_0.02800_PERC	0.02400_0.02800_CF	0.02400_0.02800_UF	0.02400_0.02800_CT	0.02400_0.02800_UT	
10136.078064	2274716578364	27727185883	27748962878	0.024388	215960206	645934338	68684.787044	0.020000	0.028000	2	2	2	0.065835	23	30	2	0	0.934165	23	30	22	0	
=============================================================================

============================ TIPI SLAB Statistics ============================

================================= TIPI =======================================
TIPI SLAB	 0.020000 - 0.024000
============================ CORE Statistics ============================
L	 22
R	 23
OPTIMUM CORE FREQUENCY	 23
JPI[0]	JPI[1]	JPI[2]	JPI[3]	JPI[4]	JPI[5]	JPI[6]	JPI[7]	JPI[8]	JPI[9]	JPI[10]	JPI[11]	
0.0000000000	0.0000000000	0.0000000000	0.0000000000	0.0000000000	0.0000000000	0.0000000000	0.0000000000	0.0000000000	0.0000000000	0.0000000000	0.0000000042	
============================ UNCORE Statistics ============================
LU	 12
RU	 30
LG	 0
RG	 0
OPTIMUM UNCORE FREQUENCY	 30
JPIU[0]	JPIU[1]	JPIU[2]	JPIU[3]	JPIU[4]	JPIU[5]	JPIU[6]	JPIU[7]	JPIU[8]	JPIU[9]	JPIU[10]	JPIU[11]	JPIU[12]	JPIU[13]	JPIU[14]	JPIU[15]	JPIU[16]	JPIU[17]	JPIU[18]	
0.0000000000	0.0000000000	0.0000000000	0.0000000000	0.0000000000	0.0000000000	0.0000000000	0.0000000000	0.0000000000	0.0000000000	0.0000000000	0.0000000000	0.0000000000	0.0000000000	0.0000000000	0.0000000000	0.0000000000	0.0000000000	0.0000000000	
==============================================================================

================================= TIPI =======================================
TIPI SLAB	 0.024000 - 0.028000
============================ CORE Statistics ============================
L	 22
R	 23
OPTIMUM CORE FREQUENCY	 23
JPI[0]	JPI[1]	JPI[2]	JPI[3]	JPI[4]	JPI[5]	JPI[6]	JPI[7]	JPI[8]	JPI[9]	JPI[10]	JPI[11]	
0.0000000000	0.0000000000	0.0000000000	0.0000000000	0.0000000000	0.0000000000	0.0000000000	0.0000000000	0.0000000000	0.0000000045	0.0000000000	0.0000000044	
============================ UNCORE Statistics ============================
LU	 12
RU	 30
LG	 0
RG	 0
OPTIMUM UNCORE FREQUENCY	 30
JPIU[0]	JPIU[1]	JPIU[2]	JPIU[3]	JPIU[4]	JPIU[5]	JPIU[6]	JPIU[7]	JPIU[8]	JPIU[9]	JPIU[10]	JPIU[11]	JPIU[12]	JPIU[13]	JPIU[14]	JPIU[15]	JPIU[16]	JPIU[17]	JPIU[18]	
0.0000000000	0.0000000000	0.0000000000	0.0000000000	0.0000000000	0.0000000000	0.0000000000	0.0000000000	0.0000000000	0.0000000000	0.0000000000	0.0000000000	0.0000000000	0.0000000000	0.0000000000	0.0000000000	0.0000000000	0.0000000000	0.0000000000	
==============================================================================

==============================================================================
===== Test PASSED in 0.0 msec =====

-----
mkdir timedrun fake

SOR: size=32768, num_iterations=200
SOR started..
SOR ended..

============================ Tabulate Statistics ============================
PWR_PKG_ENERGY	INST_RETIRED	TOR_OCCUPANCY	RR_OCCUPANCY	TIPI	L3_MISS	L2_MISS	TIME	RANGE_L	RANGE_R	DISTINCT_SLABS	OPT_CORE_SLABS	OPT_UNCORE_SLABS	0.02000_0.02400_PERC	0.02000_0.02400_CF	0.02000_0.02400_UF	0.02000_0.02400_CT	0.02000_0.02400_UT	0.02400_0.02800_PERC	0.02400_0.02800_CF	0.02400_0.02800_UF	0.02400_0.02800_CT	0.02400_0.02800_UT	
10125.312012	2275608240014	27704604627	27726034960	0.024359	216751864	648910574	68729.687411	0.016000	0.028000	3	3	3	0.065794	23	30	2	0	0.933583	23	30	22	0	
=============================================================================

============================ TIPI SLAB Statistics ============================

================================= TIPI =======================================
TIPI SLAB	 0.016000 - 0.020000
============================ CORE Statistics ============================
L	 23
R	 23
OPTIMUM CORE FREQUENCY	 23
JPI[0]	JPI[1]	JPI[2]	JPI[3]	JPI[4]	JPI[5]	JPI[6]	JPI[7]	JPI[8]	JPI[9]	JPI[10]	JPI[11]	
0.0000000000	0.0000000000	0.0000000000	0.0000000000	0.0000000000	0.0000000000	0.0000000000	0.0000000000	0.0000000000	0.0000000000	0.0000000000	0.0000000000	
============================ UNCORE Statistics ============================
LU	 12
RU	 30
LG	 0
RG	 0
OPTIMUM UNCORE FREQUENCY	 30
JPIU[0]	JPIU[1]	JPIU[2]	JPIU[3]	JPIU[4]	JPIU[5]	JPIU[6]	JPIU[7]	JPIU[8]	JPIU[9]	JPIU[10]	JPIU[11]	JPIU[12]	JPIU[13]	JPIU[14]	JPIU[15]	JPIU[16]	JPIU[17]	JPIU[18]	
0.0000000000	0.0000000000	0.0000000000	0.0000000000	0.0000000000	0.0000000000	0.0000000000	0.0000000000	0.0000000000	0.0000000000	0.0000000000	0.0000000000	0.0000000000	0.0000000000	0.0000000000	0.0000000000	0.0000000000	0.0000000000	0.0000000000	
==============================================================================

================================= TIPI =======================================
TIPI SLAB	 0.020000 - 0.024000
============================ CORE Statistics ============================
L	 22
R	 23
OPTIMUM CORE FREQUENCY	 23
JPI[0]	JPI[1]	JPI[2]	JPI[3]	JPI[4]	JPI[5]	JPI[6]	JPI[7]	JPI[8]	JPI[9]	JPI[10]	JPI[11]	
0.0000000000	0.0000000000	0.0000000000	0.0000000000	0.0000000000	0.0000000000	0.0000000000	0.0000000000	0.0000000000	0.0000000000	0.0000000000	0.0000000042	
============================ UNCORE Statistics ============================
LU	 12
RU	 30
LG	 0
RG	 0
OPTIMUM UNCORE FREQUENCY	 30
JPIU[0]	JPIU[1]	JPIU[2]	JPIU[3]	JPIU[4]	JPIU[5]	JPIU[6]	JPIU[7]	JPIU[8]	JPIU[9]	JPIU[10]	JPIU[11]	JPIU[12]	JPIU[13]	JPIU[14]	JPIU[15]	JPIU[16]	JPIU[17]	JPIU[18]	
0.0000000000	0.0000000000	0.0000000000	0.0000000000	0.0000000000	0.0000000000	0.0000000000	0.0000000000	0.0000000000	0.0000000000	0.0000000000	0.0000000000	0.0000000000	0.0000000000	0.0000000000	0.0000000000	0.0000000000	0.0000000000	0.0000000000	
==============================================================================

================================= TIPI =======================================
TIPI SLAB	 0.024000 - 0.028000
============================ CORE Statistics ============================
L	 22
R	 23
OPTIMUM CORE FREQUENCY	 23
JPI[0]	JPI[1]	JPI[2]	JPI[3]	JPI[4]	JPI[5]	JPI[6]	JPI[7]	JPI[8]	JPI[9]	JPI[10]	JPI[11]	
0.0000000000	0.0000000000	0.0000000000	0.0000000000	0.0000000000	0.0000000000	0.0000000000	0.0000000000	0.0000000000	0.0000000045	0.0000000000	0.0000000044	
============================ UNCORE Statistics ============================
LU	 12
RU	 30
LG	 0
RG	 0
OPTIMUM UNCORE FREQUENCY	 30
JPIU[0]	JPIU[1]	JPIU[2]	JPIU[3]	JPIU[4]	JPIU[5]	JPIU[6]	JPIU[7]	JPIU[8]	JPIU[9]	JPIU[10]	JPIU[11]	JPIU[12]	JPIU[13]	JPIU[14]	JPIU[15]	JPIU[16]	JPIU[17]	JPIU[18]	
0.0000000000	0.0000000000	0.0000000000	0.0000000000	0.0000000000	0.0000000000	0.0000000000	0.0000000000	0.0000000000	0.0000000000	0.0000000000	0.0000000000	0.0000000000	0.0000000000	0.0000000000	0.0000000000	0.0000000000	0.0000000000	0.0000000000	
==============================================================================

==============================================================================
===== Test PASSED in 0.0 msec =====

-----
mkdir timedrun fake

SOR: size=32768, num_iterations=200
SOR started..
SOR ended..

============================ Tabulate Statistics ============================
PWR_PKG_ENERGY	INST_RETIRED	TOR_OCCUPANCY	RR_OCCUPANCY	TIPI	L3_MISS	L2_MISS	TIME	RANGE_L	RANGE_R	DISTINCT_SLABS	OPT_CORE_SLABS	OPT_UNCORE_SLABS	0.02000_0.02400_PERC	0.02000_0.02400_CF	0.02000_0.02400_UF	0.02000_0.02400_CT	0.02000_0.02400_UT	0.02400_0.02800_PERC	0.02400_0.02800_CF	0.02400_0.02800_UF	0.02400_0.02800_CT	0.02400_0.02800_UT	
10111.189270	2275826311870	27712175393	27734511998	0.024363	216593325	650476594	68716.880620	0.016000	0.028000	3	3	2	0.066459	23	30	3	0	0.933229	23	30	22	0	
=============================================================================

============================ TIPI SLAB Statistics ============================

================================= TIPI =======================================
TIPI SLAB	 0.016000 - 0.020000
============================ CORE Statistics ============================
L	 23
R	 23
OPTIMUM CORE FREQUENCY	 23
JPI[0]	JPI[1]	JPI[2]	JPI[3]	JPI[4]	JPI[5]	JPI[6]	JPI[7]	JPI[8]	JPI[9]	JPI[10]	JPI[11]	
0.0000000000	0.0000000000	0.0000000000	0.0000000000	0.0000000000	0.0000000000	0.0000000000	0.0000000000	0.0000000000	0.0000000000	0.0000000000	0.0000000000	
============================ UNCORE Statistics ============================
LU	 12
RU	 30
LG	 0
RG	 0
OPTIMUM UNCORE FREQUENCY	 0
JPIU[0]	JPIU[1]	JPIU[2]	JPIU[3]	JPIU[4]	JPIU[5]	JPIU[6]	JPIU[7]	JPIU[8]	JPIU[9]	JPIU[10]	JPIU[11]	JPIU[12]	JPIU[13]	JPIU[14]	JPIU[15]	JPIU[16]	JPIU[17]	JPIU[18]	
0.0000000000	0.0000000000	0.0000000000	0.0000000000	0.0000000000	0.0000000000	0.0000000000	0.0000000000	0.0000000000	0.0000000000	0.0000000000	0.0000000000	0.0000000000	0.0000000000	0.0000000000	0.0000000000	0.0000000000	0.0000000000	0.0000000000	
==============================================================================

================================= TIPI =======================================
TIPI SLAB	 0.020000 - 0.024000
============================ CORE Statistics ============================
L	 22
R	 23
OPTIMUM CORE FREQUENCY	 23
JPI[0]	JPI[1]	JPI[2]	JPI[3]	JPI[4]	JPI[5]	JPI[6]	JPI[7]	JPI[8]	JPI[9]	JPI[10]	JPI[11]	
0.0000000000	0.0000000000	0.0000000000	0.0000000000	0.0000000000	0.0000000000	0.0000000000	0.0000000000	0.0000000000	0.0000000000	0.0000000000	0.0000000042	
============================ UNCORE Statistics ============================
LU	 12
RU	 30
LG	 0
RG	 0
OPTIMUM UNCORE FREQUENCY	 30
JPIU[0]	JPIU[1]	JPIU[2]	JPIU[3]	JPIU[4]	JPIU[5]	JPIU[6]	JPIU[7]	JPIU[8]	JPIU[9]	JPIU[10]	JPIU[11]	JPIU[12]	JPIU[13]	JPIU[14]	JPIU[15]	JPIU[16]	JPIU[17]	JPIU[18]	
0.0000000000	0.0000000000	0.0000000000	0.0000000000	0.0000000000	0.0000000000	0.0000000000	0.0000000000	0.0000000000	0.0000000000	0.0000000000	0.0000000000	0.0000000000	0.0000000000	0.0000000000	0.0000000000	0.0000000000	0.0000000000	0.0000000000	
==============================================================================

================================= TIPI =======================================
TIPI SLAB	 0.024000 - 0.028000
============================ CORE Statistics ============================
L	 22
R	 23
OPTIMUM CORE FREQUENCY	 23
JPI[0]	JPI[1]	JPI[2]	JPI[3]	JPI[4]	JPI[5]	JPI[6]	JPI[7]	JPI[8]	JPI[9]	JPI[10]	JPI[11]	
0.0000000000	0.0000000000	0.0000000000	0.0000000000	0.0000000000	0.0000000000	0.0000000000	0.0000000000	0.0000000000	0.0000000045	0.0000000000	0.0000000044	
============================ UNCORE Statistics ============================
LU	 12
RU	 30
LG	 0
RG	 0
OPTIMUM UNCORE FREQUENCY	 30
JPIU[0]	JPIU[1]	JPIU[2]	JPIU[3]	JPIU[4]	JPIU[5]	JPIU[6]	JPIU[7]	JPIU[8]	JPIU[9]	JPIU[10]	JPIU[11]	JPIU[12]	JPIU[13]	JPIU[14]	JPIU[15]	JPIU[16]	JPIU[17]	JPIU[18]	
0.0000000000	0.0000000000	0.0000000000	0.0000000000	0.0000000000	0.0000000000	0.0000000000	0.0000000000	0.0000000000	0.0000000000	0.0000000000	0.0000000000	0.0000000000	0.0000000000	0.0000000000	0.0000000000	0.0000000000	0.0000000000	0.0000000000	
==============================================================================

==============================================================================
===== Test PASSED in 0.0 msec =====

-----
mkdir timedrun fake

SOR: size=32768, num_iterations=200
SOR started..
SOR ended..

============================ Tabulate Statistics ============================
PWR_PKG_ENERGY	INST_RETIRED	TOR_OCCUPANCY	RR_OCCUPANCY	TIPI	L3_MISS	L2_MISS	TIME	RANGE_L	RANGE_R	DISTINCT_SLABS	OPT_CORE_SLABS	OPT_UNCORE_SLABS	0.02000_0.02400_PERC	0.02000_0.02400_CF	0.02000_0.02400_UF	0.02000_0.02400_CT	0.02000_0.02400_UT	0.02400_0.02800_PERC	0.02400_0.02800_CF	0.02400_0.02800_UF	0.02400_0.02800_CT	0.02400_0.02800_UT	
10099.506592	2275861049864	27715205509	27737399799	0.024366	216927522	650142823	68732.237723	0.016000	0.028000	3	3	3	0.066376	23	30	3	0	0.933001	23	30	22	0	
=============================================================================

============================ TIPI SLAB Statistics ============================

================================= TIPI =======================================
TIPI SLAB	 0.016000 - 0.020000
============================ CORE Statistics ============================
L	 23
R	 23
OPTIMUM CORE FREQUENCY	 23
JPI[0]	JPI[1]	JPI[2]	JPI[3]	JPI[4]	JPI[5]	JPI[6]	JPI[7]	JPI[8]	JPI[9]	JPI[10]	JPI[11]	
0.0000000000	0.0000000000	0.0000000000	0.0000000000	0.0000000000	0.0000000000	0.0000000000	0.0000000000	0.0000000000	0.0000000000	0.0000000000	0.0000000000	
============================ UNCORE Statistics ============================
LU	 12
RU	 30
LG	 0
RG	 0
OPTIMUM UNCORE FREQUENCY	 30
JPIU[0]	JPIU[1]	JPIU[2]	JPIU[3]	JPIU[4]	JPIU[5]	JPIU[6]	JPIU[7]	JPIU[8]	JPIU[9]	JPIU[10]	JPIU[11]	JPIU[12]	JPIU[13]	JPIU[14]	JPIU[15]	JPIU[16]	JPIU[17]	JPIU[18]	
0.0000000000	0.0000000000	0.0000000000	0.0000000000	0.0000000000	0.0000000000	0.0000000000	0.0000000000	0.0000000000	0.0000000000	0.0000000000	0.0000000000	0.0000000000	0.0000000000	0.0000000000	0.0000000000	0.0000000000	0.0000000000	0.0000000000	
==============================================================================

================================= TIPI =======================================
TIPI SLAB	 0.020000 - 0.024000
============================ CORE Statistics ============================
L	 22
R	 23
OPTIMUM CORE FREQUENCY	 23
JPI[0]	JPI[1]	JPI[2]	JPI[3]	JPI[4]	JPI[5]	JPI[6]	JPI[7]	JPI[8]	JPI[9]	JPI[10]	JPI[11]	
0.0000000000	0.0000000000	0.0000000000	0.0000000000	0.0000000000	0.0000000000	0.0000000000	0.0000000000	0.0000000000	0.0000000000	0.0000000000	0.0000000042	
============================ UNCORE Statistics ============================
LU	 12
RU	 30
LG	 0
RG	 0
OPTIMUM UNCORE FREQUENCY	 30
JPIU[0]	JPIU[1]	JPIU[2]	JPIU[3]	JPIU[4]	JPIU[5]	JPIU[6]	JPIU[7]	JPIU[8]	JPIU[9]	JPIU[10]	JPIU[11]	JPIU[12]	JPIU[13]	JPIU[14]	JPIU[15]	JPIU[16]	JPIU[17]	JPIU[18]	
0.0000000000	0.0000000000	0.0000000000	0.0000000000	0.0000000000	0.0000000000	0.0000000000	0.0000000000	0.0000000000	0.0000000000	0.0000000000	0.0000000000	0.0000000000	0.0000000000	0.0000000000	0.0000000000	0.0000000000	0.0000000000	0.0000000000	
==============================================================================

================================= TIPI =======================================
TIPI SLAB	 0.024000 - 0.028000
============================ CORE Statistics ============================
L	 22
R	 23
OPTIMUM CORE FREQUENCY	 23
JPI[0]	JPI[1]	JPI[2]	JPI[3]	JPI[4]	JPI[5]	JPI[6]	JPI[7]	JPI[8]	JPI[9]	JPI[10]	JPI[11]	
0.0000000000	0.0000000000	0.0000000000	0.0000000000	0.0000000000	0.0000000000	0.0000000000	0.0000000000	0.0000000000	0.0000000045	0.0000000000	0.0000000044	
============================ UNCORE Statistics ============================
LU	 12
RU	 30
LG	 0
RG	 0
OPTIMUM UNCORE FREQUENCY	 30
JPIU[0]	JPIU[1]	JPIU[2]	JPIU[3]	JPIU[4]	JPIU[5]	JPIU[6]	JPIU[7]	JPIU[8]	JPIU[9]	JPIU[10]	JPIU[11]	JPIU[12]	JPIU[13]	JPIU[14]	JPIU[15]	JPIU[16]	JPIU[17]	JPIU[18]	
0.0000000000	0.0000000000	0.0000000000	0.0000000000	0.0000000000	0.0000000000	0.0000000000	0.0000000000	0.0000000000	0.0000000000	0.0000000000	0.0000000000	0.0000000000	0.0000000000	0.0000000000	0.0000000000	0.0000000000	0.0000000000	0.0000000000	
==============================================================================

==============================================================================
===== Test PASSED in 0.0 msec =====

-----
mkdir timedrun fake

SOR: size=32768, num_iterations=200
SOR started..
SOR ended..

============================ Tabulate Statistics ============================
PWR_PKG_ENERGY	INST_RETIRED	TOR_OCCUPANCY	RR_OCCUPANCY	TIPI	L3_MISS	L2_MISS	TIME	RANGE_L	RANGE_R	DISTINCT_SLABS	OPT_CORE_SLABS	OPT_UNCORE_SLABS	0.02000_0.02400_PERC	0.02000_0.02400_CF	0.02000_0.02400_UF	0.02000_0.02400_CT	0.02000_0.02400_UT	0.02400_0.02800_PERC	0.02400_0.02800_CF	0.02400_0.02800_UF	0.02400_0.02800_CT	0.02400_0.02800_UT	
10104.437317	2275462827261	27725658741	27747178709	0.024379	216676234	649066608	68711.765753	0.020000	0.028000	2	2	2	0.067353	23	30	2	0	0.932647	23	30	22	0	
=============================================================================

============================ TIPI SLAB Statistics ============================

================================= TIPI =======================================
TIPI SLAB	 0.020000 - 0.024000
============================ CORE Statistics ============================
L	 22
R	 23
OPTIMUM CORE FREQUENCY	 23
JPI[0]	JPI[1]	JPI[2]	JPI[3]	JPI[4]	JPI[5]	JPI[6]	JPI[7]	JPI[8]	JPI[9]	JPI[10]	JPI[11]	
0.0000000000	0.0000000000	0.0000000000	0.0000000000	0.0000000000	0.0000000000	0.0000000000	0.0000000000	0.0000000000	0.0000000000	0.0000000000	0.0000000043	
============================ UNCORE Statistics ============================
LU	 12
RU	 30
LG	 0
RG	 0
OPTIMUM UNCORE FREQUENCY	 30
JPIU[0]	JPIU[1]	JPIU[2]	JPIU[3]	JPIU[4]	JPIU[5]	JPIU[6]	JPIU[7]	JPIU[8]	JPIU[9]	JPIU[10]	JPIU[11]	JPIU[12]	JPIU[13]	JPIU[14]	JPIU[15]	JPIU[16]	JPIU[17]	JPIU[18]	
0.0000000000	0.0000000000	0.0000000000	0.0000000000	0.0000000000	0.0000000000	0.0000000000	0.0000000000	0.0000000000	0.0000000000	0.0000000000	0.0000000000	0.0000000000	0.0000000000	0.0000000000	0.0000000000	0.0000000000	0.0000000000	0.0000000000	
==============================================================================

================================= TIPI =======================================
TIPI SLAB	 0.024000 - 0.028000
============================ CORE Statistics ============================
L	 22
R	 23
OPTIMUM CORE FREQUENCY	 23
JPI[0]	JPI[1]	JPI[2]	JPI[3]	JPI[4]	JPI[5]	JPI[6]	JPI[7]	JPI[8]	JPI[9]	JPI[10]	JPI[11]	
0.0000000000	0.0000000000	0.0000000000	0.0000000000	0.0000000000	0.0000000000	0.0000000000	0.0000000000	0.0000000000	0.0000000046	0.0000000000	0.0000000044	
============================ UNCORE Statistics ============================
LU	 12
RU	 30
LG	 0
RG	 0
OPTIMUM UNCORE FREQUENCY	 30
JPIU[0]	JPIU[1]	JPIU[2]	JPIU[3]	JPIU[4]	JPIU[5]	JPIU[6]	JPIU[7]	JPIU[8]	JPIU[9]	JPIU[10]	JPIU[11]	JPIU[12]	JPIU[13]	JPIU[14]	JPIU[15]	JPIU[16]	JPIU[17]	JPIU[18]	
0.0000000000	0.0000000000	0.0000000000	0.0000000000	0.0000000000	0.0000000000	0.0000000000	0.0000000000	0.0000000000	0.0000000000	0.0000000000	0.0000000000	0.0000000000	0.0000000000	0.0000000000	0.0000000000	0.0000000000	0.0000000000	0.0000000000	
==============================================================================

==============================================================================
===== Test PASSED in 0.0 msec =====
