
-----
mkdir timedrun fake

SOR: size=32768, num_iterations=200
SOR started..
SOR ended..

============================ Tabulate Statistics ============================
PWR_PKG_ENERGY	INST_RETIRED	TOR_OCCUPANCY	RR_OCCUPANCY	TIPI	L3_MISS	L2_MISS	TIME	RANGE_L	RANGE_R	DISTINCT_SLABS	OPT_CORE_SLABS	OPT_UNCORE_SLABS	0.02400_0.02800_PERC	0.02400_0.02800_CF	0.02400_0.02800_UF	0.02400_0.02800_CT	0.02400_0.02800_UT	
8157.483459	2287134932113	28362910064	28383533568	0.024811	165663850	444292365	69741.674979	0.024000	0.028000	1	1	1	1.000000	23	15	21	41	
=============================================================================

============================ TIPI SLAB Statistics ============================

================================= TIPI =======================================
TIPI SLAB	 0.024000 - 0.028000
============================ CORE Statistics ============================
L	 22
R	 23
OPTIMUM CORE FREQUENCY	 23
JPI[0]	JPI[1]	JPI[2]	JPI[3]	JPI[4]	JPI[5]	JPI[6]	JPI[7]	JPI[8]	JPI[9]	JPI[10]	JPI[11]	
0.0000000000	0.0000000000	0.0000000000	0.0000000000	0.0000000000	0.0000000000	0.0000000000	0.0000000000	0.0000000000	0.0000000044	0.0000000000	0.0000000043	
============================ UNCORE Statistics ============================
LU	 15
RU	 16
LG	 12
RG	 20
OPTIMUM UNCORE FREQUENCY	 15
JPIU[0]	JPIU[1]	JPIU[2]	JPIU[3]	JPIU[4]	JPIU[5]	JPIU[6]	JPIU[7]	JPIU[8]	JPIU[9]	JPIU[10]	JPIU[11]	JPIU[12]	JPIU[13]	JPIU[14]	JPIU[15]	JPIU[16]	JPIU[17]	JPIU[18]	
0.0000000000	0.0000000000	0.0000000035	0.0000000035	0.0000000035	0.0000000000	0.0000000036	0.0000000000	0.0000000036	0.0000000000	0.0000000000	0.0000000000	0.0000000000	0.0000000000	0.0000000000	0.0000000000	0.0000000000	0.0000000000	0.0000000043	
==============================================================================

==============================================================================
===== Test PASSED in 0.0 msec =====

-----
mkdir timedrun fake

SOR: size=32768, num_iterations=200
SOR started..
SOR ended..

============================ Tabulate Statistics ============================
PWR_PKG_ENERGY	INST_RETIRED	TOR_OCCUPANCY	RR_OCCUPANCY	TIPI	L3_MISS	L2_MISS	TIME	RANGE_L	RANGE_R	DISTINCT_SLABS	OPT_CORE_SLABS	OPT_UNCORE_SLABS	0.02400_0.02800_PERC	0.02400_0.02800_CF	0.02400_0.02800_UF	0.02400_0.02800_CT	0.02400_0.02800_UT	
7946.466736	2285616390051	28340351988	28361657565	0.024808	166334671	452973545	70121.353716	0.024000	0.028000	1	1	1	1.000000	23	12	21	50	
=============================================================================

============================ TIPI SLAB Statistics ============================

================================= TIPI =======================================
TIPI SLAB	 0.024000 - 0.028000
============================ CORE Statistics ============================
L	 22
R	 23
OPTIMUM CORE FREQUENCY	 23
JPI[0]	JPI[1]	JPI[2]	JPI[3]	JPI[4]	JPI[5]	JPI[6]	JPI[7]	JPI[8]	JPI[9]	JPI[10]	JPI[11]	
0.0000000000	0.0000000000	0.0000000000	0.0000000000	0.0000000000	0.0000000000	0.0000000000	0.0000000000	0.0000000000	0.0000000045	0.0000000000	0.0000000043	
============================ UNCORE Statistics ============================
LU	 12
RU	 12
LG	 12
RG	 20
OPTIMUM UNCORE FREQUENCY	 12
JPIU[0]	JPIU[1]	JPIU[2]	JPIU[3]	JPIU[4]	JPIU[5]	JPIU[6]	JPIU[7]	JPIU[8]	JPIU[9]	JPIU[10]	JPIU[11]	JPIU[12]	JPIU[13]	JPIU[14]	JPIU[15]	JPIU[16]	JPIU[17]	JPIU[18]	
0.0000000034	0.0000000000	0.0000000034	0.0000000000	0.0000000035	0.0000000000	0.0000000036	0.0000000000	0.0000000036	0.0000000000	0.0000000000	0.0000000000	0.0000000000	0.0000000000	0.0000000000	0.0000000000	0.0000000000	0.0000000000	0.0000000042	
==============================================================================

==============================================================================
===== Test PASSED in 0.0 msec =====

-----
mkdir timedrun fake

SOR: size=32768, num_iterations=200
SOR started..
SOR ended..

============================ Tabulate Statistics ============================
PWR_PKG_ENERGY	INST_RETIRED	TOR_OCCUPANCY	RR_OCCUPANCY	TIPI	L3_MISS	L2_MISS	TIME	RANGE_L	RANGE_R	DISTINCT_SLABS	OPT_CORE_SLABS	OPT_UNCORE_SLABS	0.02400_0.02800_PERC	0.02400_0.02800_CF	0.02400_0.02800_UF	0.02400_0.02800_CT	0.02400_0.02800_UT	
7935.704529	2285978265402	28346424352	28369337889	0.024810	165606443	451114088	70102.075331	0.024000	0.028000	1	1	1	1.000000	23	12	21	50	
=============================================================================

============================ TIPI SLAB Statistics ============================

================================= TIPI =======================================
TIPI SLAB	 0.024000 - 0.028000
============================ CORE Statistics ============================
L	 22
R	 23
OPTIMUM CORE FREQUENCY	 23
JPI[0]	JPI[1]	JPI[2]	JPI[3]	JPI[4]	JPI[5]	JPI[6]	JPI[7]	JPI[8]	JPI[9]	JPI[10]	JPI[11]	
0.0000000000	0.0000000000	0.0000000000	0.0000000000	0.0000000000	0.0000000000	0.0000000000	0.0000000000	0.0000000000	0.0000000044	0.0000000000	0.0000000043	
============================ UNCORE Statistics ============================
LU	 12
RU	 12
LG	 12
RG	 20
OPTIMUM UNCORE FREQUENCY	 12
JPIU[0]	JPIU[1]	JPIU[2]	JPIU[3]	JPIU[4]	JPIU[5]	JPIU[6]	JPIU[7]	JPIU[8]	JPIU[9]	JPIU[10]	JPIU[11]	JPIU[12]	JPIU[13]	JPIU[14]	JPIU[15]	JPIU[16]	JPIU[17]	JPIU[18]	
0.0000000034	0.0000000000	0.0000000034	0.0000000000	0.0000000035	0.0000000000	0.0000000036	0.0000000000	0.0000000036	0.0000000000	0.0000000000	0.0000000000	0.0000000000	0.0000000000	0.0000000000	0.0000000000	0.0000000000	0.0000000000	0.0000000044	
==============================================================================

==============================================================================
===== Test PASSED in 0.0 msec =====

-----
mkdir timedrun fake

SOR: size=32768, num_iterations=200
SOR started..
SOR ended..

============================ Tabulate Statistics ============================
PWR_PKG_ENERGY	INST_RETIRED	TOR_OCCUPANCY	RR_OCCUPANCY	TIPI	L3_MISS	L2_MISS	TIME	RANGE_L	RANGE_R	DISTINCT_SLABS	OPT_CORE_SLABS	OPT_UNCORE_SLABS	0.02400_0.02800_PERC	0.02400_0.02800_CF	0.02400_0.02800_UF	0.02400_0.02800_CT	0.02400_0.02800_UT	
7934.659668	2286580193587	28348272686	28369676160	0.024805	165784900	454410369	70115.484880	0.024000	0.028000	1	1	1	1.000000	23	12	21	50	
=============================================================================

============================ TIPI SLAB Statistics ============================

================================= TIPI =======================================
TIPI SLAB	 0.024000 - 0.028000
============================ CORE Statistics ============================
L	 22
R	 23
OPTIMUM CORE FREQUENCY	 23
JPI[0]	JPI[1]	JPI[2]	JPI[3]	JPI[4]	JPI[5]	JPI[6]	JPI[7]	JPI[8]	JPI[9]	JPI[10]	JPI[11]	
0.0000000000	0.0000000000	0.0000000000	0.0000000000	0.0000000000	0.0000000000	0.0000000000	0.0000000000	0.0000000000	0.0000000044	0.0000000000	0.0000000043	
============================ UNCORE Statistics ============================
LU	 12
RU	 12
LG	 12
RG	 20
OPTIMUM UNCORE FREQUENCY	 12
JPIU[0]	JPIU[1]	JPIU[2]	JPIU[3]	JPIU[4]	JPIU[5]	JPIU[6]	JPIU[7]	JPIU[8]	JPIU[9]	JPIU[10]	JPIU[11]	JPIU[12]	JPIU[13]	JPIU[14]	JPIU[15]	JPIU[16]	JPIU[17]	JPIU[18]	
0.0000000034	0.0000000000	0.0000000034	0.0000000000	0.0000000035	0.0000000000	0.0000000036	0.0000000000	0.0000000036	0.0000000000	0.0000000000	0.0000000000	0.0000000000	0.0000000000	0.0000000000	0.0000000000	0.0000000000	0.0000000000	0.0000000043	
==============================================================================

==============================================================================
===== Test PASSED in 0.0 msec =====

-----
mkdir timedrun fake

SOR: size=32768, num_iterations=200
SOR started..
SOR ended..

============================ Tabulate Statistics ============================
PWR_PKG_ENERGY	INST_RETIRED	TOR_OCCUPANCY	RR_OCCUPANCY	TIPI	L3_MISS	L2_MISS	TIME	RANGE_L	RANGE_R	DISTINCT_SLABS	OPT_CORE_SLABS	OPT_UNCORE_SLABS	0.02400_0.02800_PERC	0.02400_0.02800_CF	0.02400_0.02800_UF	0.02400_0.02800_CT	0.02400_0.02800_UT	
7931.725525	2286445541920	28350160191	28371116752	0.024808	165621116	454681417	70095.476073	0.024000	0.028000	1	1	1	1.000000	23	12	21	50	
=============================================================================

============================ TIPI SLAB Statistics ============================

================================= TIPI =======================================
TIPI SLAB	 0.024000 - 0.028000
============================ CORE Statistics ============================
L	 22
R	 23
OPTIMUM CORE FREQUENCY	 23
JPI[0]	JPI[1]	JPI[2]	JPI[3]	JPI[4]	JPI[5]	JPI[6]	JPI[7]	JPI[8]	JPI[9]	JPI[10]	JPI[11]	
0.0000000000	0.0000000000	0.0000000000	0.0000000000	0.0000000000	0.0000000000	0.0000000000	0.0000000000	0.0000000000	0.0000000044	0.0000000000	0.0000000043	
============================ UNCORE Statistics ============================
LU	 12
RU	 12
LG	 12
RG	 20
OPTIMUM UNCORE FREQUENCY	 12
JPIU[0]	JPIU[1]	JPIU[2]	JPIU[3]	JPIU[4]	JPIU[5]	JPIU[6]	JPIU[7]	JPIU[8]	JPIU[9]	JPIU[10]	JPIU[11]	JPIU[12]	JPIU[13]	JPIU[14]	JPIU[15]	JPIU[16]	JPIU[17]	JPIU[18]	
0.0000000034	0.0000000000	0.0000000034	0.0000000000	0.0000000035	0.0000000000	0.0000000036	0.0000000000	0.0000000036	0.0000000000	0.0000000000	0.0000000000	0.0000000000	0.0000000000	0.0000000000	0.0000000000	0.0000000000	0.0000000000	0.0000000044	
==============================================================================

==============================================================================
===== Test PASSED in 0.0 msec =====

-----
mkdir timedrun fake

SOR: size=32768, num_iterations=200
SOR started..
SOR ended..

============================ Tabulate Statistics ============================
PWR_PKG_ENERGY	INST_RETIRED	TOR_OCCUPANCY	RR_OCCUPANCY	TIPI	L3_MISS	L2_MISS	TIME	RANGE_L	RANGE_R	DISTINCT_SLABS	OPT_CORE_SLABS	OPT_UNCORE_SLABS	0.02400_0.02800_PERC	0.02400_0.02800_CF	0.02400_0.02800_UF	0.02400_0.02800_CT	0.02400_0.02800_UT	
7925.572998	2286000247309	28341886362	28362333098	0.024805	165675757	454714851	70127.996289	0.024000	0.028000	1	1	1	1.000000	23	12	21	50	
=============================================================================

============================ TIPI SLAB Statistics ============================

================================= TIPI =======================================
TIPI SLAB	 0.024000 - 0.028000
============================ CORE Statistics ============================
L	 22
R	 23
OPTIMUM CORE FREQUENCY	 23
JPI[0]	JPI[1]	JPI[2]	JPI[3]	JPI[4]	JPI[5]	JPI[6]	JPI[7]	JPI[8]	JPI[9]	JPI[10]	JPI[11]	
0.0000000000	0.0000000000	0.0000000000	0.0000000000	0.0000000000	0.0000000000	0.0000000000	0.0000000000	0.0000000000	0.0000000044	0.0000000000	0.0000000043	
============================ UNCORE Statistics ============================
LU	 12
RU	 12
LG	 12
RG	 20
OPTIMUM UNCORE FREQUENCY	 12
JPIU[0]	JPIU[1]	JPIU[2]	JPIU[3]	JPIU[4]	JPIU[5]	JPIU[6]	JPIU[7]	JPIU[8]	JPIU[9]	JPIU[10]	JPIU[11]	JPIU[12]	JPIU[13]	JPIU[14]	JPIU[15]	JPIU[16]	JPIU[17]	JPIU[18]	
0.0000000034	0.0000000000	0.0000000034	0.0000000000	0.0000000035	0.0000000000	0.0000000036	0.0000000000	0.0000000036	0.0000000000	0.0000000000	0.0000000000	0.0000000000	0.0000000000	0.0000000000	0.0000000000	0.0000000000	0.0000000000	0.0000000042	
==============================================================================

==============================================================================
===== Test PASSED in 0.0 msec =====

-----
mkdir timedrun fake

SOR: size=32768, num_iterations=200
SOR started..
SOR ended..

============================ Tabulate Statistics ============================
PWR_PKG_ENERGY	INST_RETIRED	TOR_OCCUPANCY	RR_OCCUPANCY	TIPI	L3_MISS	L2_MISS	TIME	RANGE_L	RANGE_R	DISTINCT_SLABS	OPT_CORE_SLABS	OPT_UNCORE_SLABS	0.02400_0.02800_PERC	0.02400_0.02800_CF	0.02400_0.02800_UF	0.02400_0.02800_CT	0.02400_0.02800_UT	
7925.206177	2286513755028	28355646979	28378169289	0.024812	166306219	453238857	70127.963160	0.024000	0.028000	1	1	1	1.000000	23	12	21	50	
=============================================================================

============================ TIPI SLAB Statistics ============================

================================= TIPI =======================================
TIPI SLAB	 0.024000 - 0.028000
============================ CORE Statistics ============================
L	 22
R	 23
OPTIMUM CORE FREQUENCY	 23
JPI[0]	JPI[1]	JPI[2]	JPI[3]	JPI[4]	JPI[5]	JPI[6]	JPI[7]	JPI[8]	JPI[9]	JPI[10]	JPI[11]	
0.0000000000	0.0000000000	0.0000000000	0.0000000000	0.0000000000	0.0000000000	0.0000000000	0.0000000000	0.0000000000	0.0000000044	0.0000000000	0.0000000043	
============================ UNCORE Statistics ============================
LU	 12
RU	 12
LG	 12
RG	 20
OPTIMUM UNCORE FREQUENCY	 12
JPIU[0]	JPIU[1]	JPIU[2]	JPIU[3]	JPIU[4]	JPIU[5]	JPIU[6]	JPIU[7]	JPIU[8]	JPIU[9]	JPIU[10]	JPIU[11]	JPIU[12]	JPIU[13]	JPIU[14]	JPIU[15]	JPIU[16]	JPIU[17]	JPIU[18]	
0.0000000034	0.0000000000	0.0000000034	0.0000000000	0.0000000035	0.0000000000	0.0000000036	0.0000000000	0.0000000036	0.0000000000	0.0000000000	0.0000000000	0.0000000000	0.0000000000	0.0000000000	0.0000000000	0.0000000000	0.0000000000	0.0000000042	
==============================================================================

==============================================================================
===== Test PASSED in 0.0 msec =====

-----
mkdir timedrun fake

SOR: size=32768, num_iterations=200
SOR started..
SOR ended..

============================ Tabulate Statistics ============================
PWR_PKG_ENERGY	INST_RETIRED	TOR_OCCUPANCY	RR_OCCUPANCY	TIPI	L3_MISS	L2_MISS	TIME	RANGE_L	RANGE_R	DISTINCT_SLABS	OPT_CORE_SLABS	OPT_UNCORE_SLABS	0.02400_0.02800_PERC	0.02400_0.02800_CF	0.02400_0.02800_UF	0.02400_0.02800_CT	0.02400_0.02800_UT	
7926.367188	2285831313680	28351159829	28373073680	0.024816	165132467	450182716	70094.148031	0.020000	0.032000	3	2	1	0.999382	23	12	21	50	
=============================================================================

============================ TIPI SLAB Statistics ============================

================================= TIPI =======================================
TIPI SLAB	 0.020000 - 0.024000
============================ CORE Statistics ============================
L	 23
R	 23
OPTIMUM CORE FREQUENCY	 23
JPI[0]	JPI[1]	JPI[2]	JPI[3]	JPI[4]	JPI[5]	JPI[6]	JPI[7]	JPI[8]	JPI[9]	JPI[10]	JPI[11]	
0.0000000000	0.0000000000	0.0000000000	0.0000000000	0.0000000000	0.0000000000	0.0000000000	0.0000000000	0.0000000000	0.0000000000	0.0000000000	0.0000000000	
============================ UNCORE Statistics ============================
LU	 12
RU	 30
LG	 0
RG	 0
OPTIMUM UNCORE FREQUENCY	 0
JPIU[0]	JPIU[1]	JPIU[2]	JPIU[3]	JPIU[4]	JPIU[5]	JPIU[6]	JPIU[7]	JPIU[8]	JPIU[9]	JPIU[10]	JPIU[11]	JPIU[12]	JPIU[13]	JPIU[14]	JPIU[15]	JPIU[16]	JPIU[17]	JPIU[18]	
0.0000000000	0.0000000000	0.0000000000	0.0000000000	0.0000000000	0.0000000000	0.0000000000	0.0000000000	0.0000000000	0.0000000000	0.0000000000	0.0000000000	0.0000000000	0.0000000000	0.0000000000	0.0000000000	0.0000000000	0.0000000000	0.0000000000	
==============================================================================

================================= TIPI =======================================
TIPI SLAB	 0.024000 - 0.028000
============================ CORE Statistics ============================
L	 22
R	 23
OPTIMUM CORE FREQUENCY	 23
JPI[0]	JPI[1]	JPI[2]	JPI[3]	JPI[4]	JPI[5]	JPI[6]	JPI[7]	JPI[8]	JPI[9]	JPI[10]	JPI[11]	
0.0000000000	0.0000000000	0.0000000000	0.0000000000	0.0000000000	0.0000000000	0.0000000000	0.0000000000	0.0000000000	0.0000000044	0.0000000000	0.0000000043	
============================ UNCORE Statistics ============================
LU	 12
RU	 12
LG	 12
RG	 20
OPTIMUM UNCORE FREQUENCY	 12
JPIU[0]	JPIU[1]	JPIU[2]	JPIU[3]	JPIU[4]	JPIU[5]	JPIU[6]	JPIU[7]	JPIU[8]	JPIU[9]	JPIU[10]	JPIU[11]	JPIU[12]	JPIU[13]	JPIU[14]	JPIU[15]	JPIU[16]	JPIU[17]	JPIU[18]	
0.0000000034	0.0000000000	0.0000000034	0.0000000000	0.0000000035	0.0000000000	0.0000000036	0.0000000000	0.0000000036	0.0000000000	0.0000000000	0.0000000000	0.0000000000	0.0000000000	0.0000000000	0.0000000000	0.0000000000	0.0000000000	0.0000000044	
==============================================================================

================================= TIPI =======================================
TIPI SLAB	 0.028000 - 0.032000
============================ CORE Statistics ============================
L	 12
R	 23
OPTIMUM CORE FREQUENCY	 -1
JPI[0]	JPI[1]	JPI[2]	JPI[3]	JPI[4]	JPI[5]	JPI[6]	JPI[7]	JPI[8]	JPI[9]	JPI[10]	JPI[11]	
0.0000000000	0.0000000000	0.0000000000	0.0000000000	0.0000000000	0.0000000000	0.0000000000	0.0000000000	0.0000000000	0.0000000000	0.0000000000	0.0000000000	
============================ UNCORE Statistics ============================
LU	 12
RU	 30
LG	 0
RG	 0
OPTIMUM UNCORE FREQUENCY	 0
JPIU[0]	JPIU[1]	JPIU[2]	JPIU[3]	JPIU[4]	JPIU[5]	JPIU[6]	JPIU[7]	JPIU[8]	JPIU[9]	JPIU[10]	JPIU[11]	JPIU[12]	JPIU[13]	JPIU[14]	JPIU[15]	JPIU[16]	JPIU[17]	JPIU[18]	
0.0000000000	0.0000000000	0.0000000000	0.0000000000	0.0000000000	0.0000000000	0.0000000000	0.0000000000	0.0000000000	0.0000000000	0.0000000000	0.0000000000	0.0000000000	0.0000000000	0.0000000000	0.0000000000	0.0000000000	0.0000000000	0.0000000000	
==============================================================================

==============================================================================
===== Test PASSED in 0.0 msec =====

-----
mkdir timedrun fake

SOR: size=32768, num_iterations=200
SOR started..
SOR ended..

============================ Tabulate Statistics ============================
PWR_PKG_ENERGY	INST_RETIRED	TOR_OCCUPANCY	RR_OCCUPANCY	TIPI	L3_MISS	L2_MISS	TIME	RANGE_L	RANGE_R	DISTINCT_SLABS	OPT_CORE_SLABS	OPT_UNCORE_SLABS	0.02400_0.02800_PERC	0.02400_0.02800_CF	0.02400_0.02800_UF	0.02400_0.02800_CT	0.02400_0.02800_UT	
7920.229065	2285991663292	28342847809	28365197612	0.024807	165335487	450406336	70100.392084	0.024000	0.028000	1	1	1	1.000000	23	12	21	50	
=============================================================================

============================ TIPI SLAB Statistics ============================

================================= TIPI =======================================
TIPI SLAB	 0.024000 - 0.028000
============================ CORE Statistics ============================
L	 22
R	 23
OPTIMUM CORE FREQUENCY	 23
JPI[0]	JPI[1]	JPI[2]	JPI[3]	JPI[4]	JPI[5]	JPI[6]	JPI[7]	JPI[8]	JPI[9]	JPI[10]	JPI[11]	
0.0000000000	0.0000000000	0.0000000000	0.0000000000	0.0000000000	0.0000000000	0.0000000000	0.0000000000	0.0000000000	0.0000000044	0.0000000000	0.0000000043	
============================ UNCORE Statistics ============================
LU	 12
RU	 12
LG	 12
RG	 20
OPTIMUM UNCORE FREQUENCY	 12
JPIU[0]	JPIU[1]	JPIU[2]	JPIU[3]	JPIU[4]	JPIU[5]	JPIU[6]	JPIU[7]	JPIU[8]	JPIU[9]	JPIU[10]	JPIU[11]	JPIU[12]	JPIU[13]	JPIU[14]	JPIU[15]	JPIU[16]	JPIU[17]	JPIU[18]	
0.0000000034	0.0000000000	0.0000000034	0.0000000000	0.0000000035	0.0000000000	0.0000000036	0.0000000000	0.0000000036	0.0000000000	0.0000000000	0.0000000000	0.0000000000	0.0000000000	0.0000000000	0.0000000000	0.0000000000	0.0000000000	0.0000000043	
==============================================================================

==============================================================================
===== Test PASSED in 0.0 msec =====

-----
mkdir timedrun fake

SOR: size=32768, num_iterations=200
SOR started..
SOR ended..

============================ Tabulate Statistics ============================
PWR_PKG_ENERGY	INST_RETIRED	TOR_OCCUPANCY	RR_OCCUPANCY	TIPI	L3_MISS	L2_MISS	TIME	RANGE_L	RANGE_R	DISTINCT_SLABS	OPT_CORE_SLABS	OPT_UNCORE_SLABS	0.02400_0.02800_PERC	0.02400_0.02800_CF	0.02400_0.02800_UF	0.02400_0.02800_CT	0.02400_0.02800_UT	
7919.512634	2285709613012	28334013158	28356607037	0.024802	166289439	455025350	70139.699666	0.020000	0.028000	2	2	1	0.999691	23	12	21	50	
=============================================================================

============================ TIPI SLAB Statistics ============================

================================= TIPI =======================================
TIPI SLAB	 0.020000 - 0.024000
============================ CORE Statistics ============================
L	 23
R	 23
OPTIMUM CORE FREQUENCY	 23
JPI[0]	JPI[1]	JPI[2]	JPI[3]	JPI[4]	JPI[5]	JPI[6]	JPI[7]	JPI[8]	JPI[9]	JPI[10]	JPI[11]	
0.0000000000	0.0000000000	0.0000000000	0.0000000000	0.0000000000	0.0000000000	0.0000000000	0.0000000000	0.0000000000	0.0000000000	0.0000000000	0.0000000000	
============================ UNCORE Statistics ============================
LU	 12
RU	 30
LG	 0
RG	 0
OPTIMUM UNCORE FREQUENCY	 0
JPIU[0]	JPIU[1]	JPIU[2]	JPIU[3]	JPIU[4]	JPIU[5]	JPIU[6]	JPIU[7]	JPIU[8]	JPIU[9]	JPIU[10]	JPIU[11]	JPIU[12]	JPIU[13]	JPIU[14]	JPIU[15]	JPIU[16]	JPIU[17]	JPIU[18]	
0.0000000000	0.0000000000	0.0000000000	0.0000000000	0.0000000000	0.0000000000	0.0000000000	0.0000000000	0.0000000000	0.0000000000	0.0000000000	0.0000000000	0.0000000000	0.0000000000	0.0000000000	0.0000000000	0.0000000000	0.0000000000	0.0000000000	
==============================================================================

================================= TIPI =======================================
TIPI SLAB	 0.024000 - 0.028000
============================ CORE Statistics ============================
L	 22
R	 23
OPTIMUM CORE FREQUENCY	 23
JPI[0]	JPI[1]	JPI[2]	JPI[3]	JPI[4]	JPI[5]	JPI[6]	JPI[7]	JPI[8]	JPI[9]	JPI[10]	JPI[11]	
0.0000000000	0.0000000000	0.0000000000	0.0000000000	0.0000000000	0.0000000000	0.0000000000	0.0000000000	0.0000000000	0.0000000044	0.0000000000	0.0000000043	
============================ UNCORE Statistics ============================
LU	 12
RU	 12
LG	 12
RG	 20
OPTIMUM UNCORE FREQUENCY	 12
JPIU[0]	JPIU[1]	JPIU[2]	JPIU[3]	JPIU[4]	JPIU[5]	JPIU[6]	JPIU[7]	JPIU[8]	JPIU[9]	JPIU[10]	JPIU[11]	JPIU[12]	JPIU[13]	JPIU[14]	JPIU[15]	JPIU[16]	JPIU[17]	JPIU[18]	
0.0000000034	0.0000000000	0.0000000034	0.0000000000	0.0000000035	0.0000000000	0.0000000035	0.0000000000	0.0000000036	0.0000000000	0.0000000000	0.0000000000	0.0000000000	0.0000000000	0.0000000000	0.0000000000	0.0000000000	0.0000000000	0.0000000043	
==============================================================================

==============================================================================
===== Test PASSED in 0.0 msec =====
