
-----
mkdir timedrun fake

SOR: size=32768, num_iterations=200
SOR started..
SOR ended..

============================ Tabulate Statistics ============================
PWR_PKG_ENERGY	INST_RETIRED	TOR_OCCUPANCY	RR_OCCUPANCY	TIPI	L3_MISS	L2_MISS	TIME	RANGE_L	RANGE_R	DISTINCT_SLABS	OPT_CORE_SLABS	OPT_UNCORE_SLABS	0.02400_0.02800_PERC	0.02400_0.02800_CF	0.02400_0.02800_UF	0.02400_0.02800_CT	0.02400_0.02800_UT	
10201.794312	2287581100931	28348860532	28370920260	0.024795	164807454	441077905	69145.667294	0.024000	0.028000	1	1	1	1.000000	23	30	21	0	
=============================================================================

============================ TIPI SLAB Statistics ============================

================================= TIPI =======================================
TIPI SLAB	 0.024000 - 0.028000
============================ CORE Statistics ============================
L	 22
R	 23
OPTIMUM CORE FREQUENCY	 23
JPI[0]	JPI[1]	JPI[2]	JPI[3]	JPI[4]	JPI[5]	JPI[6]	JPI[7]	JPI[8]	JPI[9]	JPI[10]	JPI[11]	
0.0000000000	0.0000000000	0.0000000000	0.0000000000	0.0000000000	0.0000000000	0.0000000000	0.0000000000	0.0000000000	0.0000000045	0.0000000000	0.0000000044	
============================ UNCORE Statistics ============================
LU	 12
RU	 30
LG	 0
RG	 0
OPTIMUM UNCORE FREQUENCY	 30
JPIU[0]	JPIU[1]	JPIU[2]	JPIU[3]	JPIU[4]	JPIU[5]	JPIU[6]	JPIU[7]	JPIU[8]	JPIU[9]	JPIU[10]	JPIU[11]	JPIU[12]	JPIU[13]	JPIU[14]	JPIU[15]	JPIU[16]	JPIU[17]	JPIU[18]	
0.0000000000	0.0000000000	0.0000000000	0.0000000000	0.0000000000	0.0000000000	0.0000000000	0.0000000000	0.0000000000	0.0000000000	0.0000000000	0.0000000000	0.0000000000	0.0000000000	0.0000000000	0.0000000000	0.0000000000	0.0000000000	0.0000000000	
==============================================================================

==============================================================================
===== Test PASSED in 0.0 msec =====

-----
mkdir timedrun fake

SOR: size=32768, num_iterations=200
SOR started..
SOR ended..

============================ Tabulate Statistics ============================
PWR_PKG_ENERGY	INST_RETIRED	TOR_OCCUPANCY	RR_OCCUPANCY	TIPI	L3_MISS	L2_MISS	TIME	RANGE_L	RANGE_R	DISTINCT_SLABS	OPT_CORE_SLABS	OPT_UNCORE_SLABS	0.02400_0.02800_PERC	0.02400_0.02800_CF	0.02400_0.02800_UF	0.02400_0.02800_CT	0.02400_0.02800_UT	
10218.445862	2288505250190	28365168573	28387223018	0.024799	166791161	443237205	69198.071863	0.024000	0.028000	1	1	1	1.000000	23	30	21	0	
=============================================================================

============================ TIPI SLAB Statistics ============================

================================= TIPI =======================================
TIPI SLAB	 0.024000 - 0.028000
============================ CORE Statistics ============================
L	 22
R	 23
OPTIMUM CORE FREQUENCY	 23
JPI[0]	JPI[1]	JPI[2]	JPI[3]	JPI[4]	JPI[5]	JPI[6]	JPI[7]	JPI[8]	JPI[9]	JPI[10]	JPI[11]	
0.0000000000	0.0000000000	0.0000000000	0.0000000000	0.0000000000	0.0000000000	0.0000000000	0.0000000000	0.0000000000	0.0000000044	0.0000000000	0.0000000044	
============================ UNCORE Statistics ============================
LU	 12
RU	 30
LG	 0
RG	 0
OPTIMUM UNCORE FREQUENCY	 30
JPIU[0]	JPIU[1]	JPIU[2]	JPIU[3]	JPIU[4]	JPIU[5]	JPIU[6]	JPIU[7]	JPIU[8]	JPIU[9]	JPIU[10]	JPIU[11]	JPIU[12]	JPIU[13]	JPIU[14]	JPIU[15]	JPIU[16]	JPIU[17]	JPIU[18]	
0.0000000000	0.0000000000	0.0000000000	0.0000000000	0.0000000000	0.0000000000	0.0000000000	0.0000000000	0.0000000000	0.0000000000	0.0000000000	0.0000000000	0.0000000000	0.0000000000	0.0000000000	0.0000000000	0.0000000000	0.0000000000	0.0000000000	
==============================================================================

==============================================================================
===== Test PASSED in 0.0 msec =====

-----
mkdir timedrun fake

SOR: size=32768, num_iterations=200
SOR started..
SOR ended..

============================ Tabulate Statistics ============================
PWR_PKG_ENERGY	INST_RETIRED	TOR_OCCUPANCY	RR_OCCUPANCY	TIPI	L3_MISS	L2_MISS	TIME	RANGE_L	RANGE_R	DISTINCT_SLABS	OPT_CORE_SLABS	OPT_UNCORE_SLABS	0.02400_0.02800_PERC	0.02400_0.02800_CF	0.02400_0.02800_UF	0.02400_0.02800_CT	0.02400_0.02800_UT	
10199.237854	2287847236351	28361039408	28384439929	0.024803	165574380	440577236	69167.696821	0.024000	0.028000	1	1	1	1.000000	23	30	21	0	
=============================================================================

============================ TIPI SLAB Statistics ============================

================================= TIPI =======================================
TIPI SLAB	 0.024000 - 0.028000
============================ CORE Statistics ============================
L	 22
R	 23
OPTIMUM CORE FREQUENCY	 23
JPI[0]	JPI[1]	JPI[2]	JPI[3]	JPI[4]	JPI[5]	JPI[6]	JPI[7]	JPI[8]	JPI[9]	JPI[10]	JPI[11]	
0.0000000000	0.0000000000	0.0000000000	0.0000000000	0.0000000000	0.0000000000	0.0000000000	0.0000000000	0.0000000000	0.0000000044	0.0000000000	0.0000000044	
============================ UNCORE Statistics ============================
LU	 12
RU	 30
LG	 0
RG	 0
OPTIMUM UNCORE FREQUENCY	 30
JPIU[0]	JPIU[1]	JPIU[2]	JPIU[3]	JPIU[4]	JPIU[5]	JPIU[6]	JPIU[7]	JPIU[8]	JPIU[9]	JPIU[10]	JPIU[11]	JPIU[12]	JPIU[13]	JPIU[14]	JPIU[15]	JPIU[16]	JPIU[17]	JPIU[18]	
0.0000000000	0.0000000000	0.0000000000	0.0000000000	0.0000000000	0.0000000000	0.0000000000	0.0000000000	0.0000000000	0.0000000000	0.0000000000	0.0000000000	0.0000000000	0.0000000000	0.0000000000	0.0000000000	0.0000000000	0.0000000000	0.0000000000	
==============================================================================

==============================================================================
===== Test PASSED in 0.0 msec =====

-----
mkdir timedrun fake

SOR: size=32768, num_iterations=200
SOR started..
SOR ended..

============================ Tabulate Statistics ============================
PWR_PKG_ENERGY	INST_RETIRED	TOR_OCCUPANCY	RR_OCCUPANCY	TIPI	L3_MISS	L2_MISS	TIME	RANGE_L	RANGE_R	DISTINCT_SLABS	OPT_CORE_SLABS	OPT_UNCORE_SLABS	0.02400_0.02800_PERC	0.02400_0.02800_CF	0.02400_0.02800_UF	0.02400_0.02800_CT	0.02400_0.02800_UT	
10207.781677	2288037974732	28368815954	28390337296	0.024807	165286665	439609150	69157.365472	0.024000	0.028000	1	1	1	1.000000	23	30	21	0	
=============================================================================

============================ TIPI SLAB Statistics ============================

================================= TIPI =======================================
TIPI SLAB	 0.024000 - 0.028000
============================ CORE Statistics ============================
L	 22
R	 23
OPTIMUM CORE FREQUENCY	 23
JPI[0]	JPI[1]	JPI[2]	JPI[3]	JPI[4]	JPI[5]	JPI[6]	JPI[7]	JPI[8]	JPI[9]	JPI[10]	JPI[11]	
0.0000000000	0.0000000000	0.0000000000	0.0000000000	0.0000000000	0.0000000000	0.0000000000	0.0000000000	0.0000000000	0.0000000045	0.0000000000	0.0000000044	
============================ UNCORE Statistics ============================
LU	 12
RU	 30
LG	 0
RG	 0
OPTIMUM UNCORE FREQUENCY	 30
JPIU[0]	JPIU[1]	JPIU[2]	JPIU[3]	JPIU[4]	JPIU[5]	JPIU[6]	JPIU[7]	JPIU[8]	JPIU[9]	JPIU[10]	JPIU[11]	JPIU[12]	JPIU[13]	JPIU[14]	JPIU[15]	JPIU[16]	JPIU[17]	JPIU[18]	
0.0000000000	0.0000000000	0.0000000000	0.0000000000	0.0000000000	0.0000000000	0.0000000000	0.0000000000	0.0000000000	0.0000000000	0.0000000000	0.0000000000	0.0000000000	0.0000000000	0.0000000000	0.0000000000	0.0000000000	0.0000000000	0.0000000000	
==============================================================================

==============================================================================
===== Test PASSED in 0.0 msec =====

-----
mkdir timedrun fake

SOR: size=32768, num_iterations=200
SOR started..
SOR ended..

============================ Tabulate Statistics ============================
PWR_PKG_ENERGY	INST_RETIRED	TOR_OCCUPANCY	RR_OCCUPANCY	TIPI	L3_MISS	L2_MISS	TIME	RANGE_L	RANGE_R	DISTINCT_SLABS	OPT_CORE_SLABS	OPT_UNCORE_SLABS	0.02400_0.02800_PERC	0.02400_0.02800_CF	0.02400_0.02800_UF	0.02400_0.02800_CT	0.02400_0.02800_UT	
10211.891052	2288301402295	28366642363	28387390891	0.024802	165540154	442907594	69175.230286	0.024000	0.028000	1	1	1	1.000000	23	30	21	0	
=============================================================================

============================ TIPI SLAB Statistics ============================

================================= TIPI =======================================
TIPI SLAB	 0.024000 - 0.028000
============================ CORE Statistics ============================
L	 22
R	 23
OPTIMUM CORE FREQUENCY	 23
JPI[0]	JPI[1]	JPI[2]	JPI[3]	JPI[4]	JPI[5]	JPI[6]	JPI[7]	JPI[8]	JPI[9]	JPI[10]	JPI[11]	
0.0000000000	0.0000000000	0.0000000000	0.0000000000	0.0000000000	0.0000000000	0.0000000000	0.0000000000	0.0000000000	0.0000000045	0.0000000000	0.0000000044	
============================ UNCORE Statistics ============================
LU	 12
RU	 30
LG	 0
RG	 0
OPTIMUM UNCORE FREQUENCY	 30
JPIU[0]	JPIU[1]	JPIU[2]	JPIU[3]	JPIU[4]	JPIU[5]	JPIU[6]	JPIU[7]	JPIU[8]	JPIU[9]	JPIU[10]	JPIU[11]	JPIU[12]	JPIU[13]	JPIU[14]	JPIU[15]	JPIU[16]	JPIU[17]	JPIU[18]	
0.0000000000	0.0000000000	0.0000000000	0.0000000000	0.0000000000	0.0000000000	0.0000000000	0.0000000000	0.0000000000	0.0000000000	0.0000000000	0.0000000000	0.0000000000	0.0000000000	0.0000000000	0.0000000000	0.0000000000	0.0000000000	0.0000000000	
==============================================================================

==============================================================================
===== Test PASSED in 0.0 msec =====

-----
mkdir timedrun fake

SOR: size=32768, num_iterations=200
SOR started..
SOR ended..

============================ Tabulate Statistics ============================
PWR_PKG_ENERGY	INST_RETIRED	TOR_OCCUPANCY	RR_OCCUPANCY	TIPI	L3_MISS	L2_MISS	TIME	RANGE_L	RANGE_R	DISTINCT_SLABS	OPT_CORE_SLABS	OPT_UNCORE_SLABS	0.02400_0.02800_PERC	0.02400_0.02800_CF	0.02400_0.02800_UF	0.02400_0.02800_CT	0.02400_0.02800_UT	
10198.827026	2288310149650	28356707704	28378554450	0.024794	166103151	442199104	69169.780447	0.024000	0.028000	1	1	1	1.000000	23	30	21	0	
=============================================================================

============================ TIPI SLAB Statistics ============================

================================= TIPI =======================================
TIPI SLAB	 0.024000 - 0.028000
============================ CORE Statistics ============================
L	 22
R	 23
OPTIMUM CORE FREQUENCY	 23
JPI[0]	JPI[1]	JPI[2]	JPI[3]	JPI[4]	JPI[5]	JPI[6]	JPI[7]	JPI[8]	JPI[9]	JPI[10]	JPI[11]	
0.0000000000	0.0000000000	0.0000000000	0.0000000000	0.0000000000	0.0000000000	0.0000000000	0.0000000000	0.0000000000	0.0000000045	0.0000000000	0.0000000044	
============================ UNCORE Statistics ============================
LU	 12
RU	 30
LG	 0
RG	 0
OPTIMUM UNCORE FREQUENCY	 30
JPIU[0]	JPIU[1]	JPIU[2]	JPIU[3]	JPIU[4]	JPIU[5]	JPIU[6]	JPIU[7]	JPIU[8]	JPIU[9]	JPIU[10]	JPIU[11]	JPIU[12]	JPIU[13]	JPIU[14]	JPIU[15]	JPIU[16]	JPIU[17]	JPIU[18]	
0.0000000000	0.0000000000	0.0000000000	0.0000000000	0.0000000000	0.0000000000	0.0000000000	0.0000000000	0.0000000000	0.0000000000	0.0000000000	0.0000000000	0.0000000000	0.0000000000	0.0000000000	0.0000000000	0.0000000000	0.0000000000	0.0000000000	
==============================================================================

==============================================================================
===== Test PASSED in 0.0 msec =====

-----
mkdir timedrun fake

SOR: size=32768, num_iterations=200
SOR started..
SOR ended..

============================ Tabulate Statistics ============================
PWR_PKG_ENERGY	INST_RETIRED	TOR_OCCUPANCY	RR_OCCUPANCY	TIPI	L3_MISS	L2_MISS	TIME	RANGE_L	RANGE_R	DISTINCT_SLABS	OPT_CORE_SLABS	OPT_UNCORE_SLABS	0.02400_0.02800_PERC	0.02400_0.02800_CF	0.02400_0.02800_UF	0.02400_0.02800_CT	0.02400_0.02800_UT	
10208.259338	2288558252619	28387105265	28407434164	0.024817	167274044	445048186	69204.462308	0.024000	0.028000	1	1	1	1.000000	23	30	21	0	
=============================================================================

============================ TIPI SLAB Statistics ============================

================================= TIPI =======================================
TIPI SLAB	 0.024000 - 0.028000
============================ CORE Statistics ============================
L	 22
R	 23
OPTIMUM CORE FREQUENCY	 23
JPI[0]	JPI[1]	JPI[2]	JPI[3]	JPI[4]	JPI[5]	JPI[6]	JPI[7]	JPI[8]	JPI[9]	JPI[10]	JPI[11]	
0.0000000000	0.0000000000	0.0000000000	0.0000000000	0.0000000000	0.0000000000	0.0000000000	0.0000000000	0.0000000000	0.0000000044	0.0000000000	0.0000000044	
============================ UNCORE Statistics ============================
LU	 12
RU	 30
LG	 0
RG	 0
OPTIMUM UNCORE FREQUENCY	 30
JPIU[0]	JPIU[1]	JPIU[2]	JPIU[3]	JPIU[4]	JPIU[5]	JPIU[6]	JPIU[7]	JPIU[8]	JPIU[9]	JPIU[10]	JPIU[11]	JPIU[12]	JPIU[13]	JPIU[14]	JPIU[15]	JPIU[16]	JPIU[17]	JPIU[18]	
0.0000000000	0.0000000000	0.0000000000	0.0000000000	0.0000000000	0.0000000000	0.0000000000	0.0000000000	0.0000000000	0.0000000000	0.0000000000	0.0000000000	0.0000000000	0.0000000000	0.0000000000	0.0000000000	0.0000000000	0.0000000000	0.0000000000	
==============================================================================

==============================================================================
===== Test PASSED in 0.0 msec =====

-----
mkdir timedrun fake

SOR: size=32768, num_iterations=200
SOR started..
SOR ended..

============================ Tabulate Statistics ============================
PWR_PKG_ENERGY	INST_RETIRED	TOR_OCCUPANCY	RR_OCCUPANCY	TIPI	L3_MISS	L2_MISS	TIME	RANGE_L	RANGE_R	DISTINCT_SLABS	OPT_CORE_SLABS	OPT_UNCORE_SLABS	0.02400_0.02800_PERC	0.02400_0.02800_CF	0.02400_0.02800_UF	0.02400_0.02800_CT	0.02400_0.02800_UT	
10212.952026	2288050239070	28354558926	28376951396	0.024795	163659972	440893926	69161.418476	0.024000	0.028000	1	1	1	1.000000	23	30	21	0	
=============================================================================

============================ TIPI SLAB Statistics ============================

================================= TIPI =======================================
TIPI SLAB	 0.024000 - 0.028000
============================ CORE Statistics ============================
L	 22
R	 23
OPTIMUM CORE FREQUENCY	 23
JPI[0]	JPI[1]	JPI[2]	JPI[3]	JPI[4]	JPI[5]	JPI[6]	JPI[7]	JPI[8]	JPI[9]	JPI[10]	JPI[11]	
0.0000000000	0.0000000000	0.0000000000	0.0000000000	0.0000000000	0.0000000000	0.0000000000	0.0000000000	0.0000000000	0.0000000044	0.0000000000	0.0000000044	
============================ UNCORE Statistics ============================
LU	 12
RU	 30
LG	 0
RG	 0
OPTIMUM UNCORE FREQUENCY	 30
JPIU[0]	JPIU[1]	JPIU[2]	JPIU[3]	JPIU[4]	JPIU[5]	JPIU[6]	JPIU[7]	JPIU[8]	JPIU[9]	JPIU[10]	JPIU[11]	JPIU[12]	JPIU[13]	JPIU[14]	JPIU[15]	JPIU[16]	JPIU[17]	JPIU[18]	
0.0000000000	0.0000000000	0.0000000000	0.0000000000	0.0000000000	0.0000000000	0.0000000000	0.0000000000	0.0000000000	0.0000000000	0.0000000000	0.0000000000	0.0000000000	0.0000000000	0.0000000000	0.0000000000	0.0000000000	0.0000000000	0.0000000000	
==============================================================================

==============================================================================
===== Test PASSED in 0.0 msec =====

-----
mkdir timedrun fake

SOR: size=32768, num_iterations=200
SOR started..
SOR ended..

============================ Tabulate Statistics ============================
PWR_PKG_ENERGY	INST_RETIRED	TOR_OCCUPANCY	RR_OCCUPANCY	TIPI	L3_MISS	L2_MISS	TIME	RANGE_L	RANGE_R	DISTINCT_SLABS	OPT_CORE_SLABS	OPT_UNCORE_SLABS	0.02400_0.02800_PERC	0.02400_0.02800_CF	0.02400_0.02800_UF	0.02400_0.02800_CT	0.02400_0.02800_UT	
10202.522034	2287707026077	28355665839	28378523686	0.024800	164793457	441700395	69152.990152	0.024000	0.028000	1	1	1	1.000000	23	30	21	0	
=============================================================================

============================ TIPI SLAB Statistics ============================

================================= TIPI =======================================
TIPI SLAB	 0.024000 - 0.028000
============================ CORE Statistics ============================
L	 22
R	 23
OPTIMUM CORE FREQUENCY	 23
JPI[0]	JPI[1]	JPI[2]	JPI[3]	JPI[4]	JPI[5]	JPI[6]	JPI[7]	JPI[8]	JPI[9]	JPI[10]	JPI[11]	
0.0000000000	0.0000000000	0.0000000000	0.0000000000	0.0000000000	0.0000000000	0.0000000000	0.0000000000	0.0000000000	0.0000000045	0.0000000000	0.0000000044	
============================ UNCORE Statistics ============================
LU	 12
RU	 30
LG	 0
RG	 0
OPTIMUM UNCORE FREQUENCY	 30
JPIU[0]	JPIU[1]	JPIU[2]	JPIU[3]	JPIU[4]	JPIU[5]	JPIU[6]	JPIU[7]	JPIU[8]	JPIU[9]	JPIU[10]	JPIU[11]	JPIU[12]	JPIU[13]	JPIU[14]	JPIU[15]	JPIU[16]	JPIU[17]	JPIU[18]	
0.0000000000	0.0000000000	0.0000000000	0.0000000000	0.0000000000	0.0000000000	0.0000000000	0.0000000000	0.0000000000	0.0000000000	0.0000000000	0.0000000000	0.0000000000	0.0000000000	0.0000000000	0.0000000000	0.0000000000	0.0000000000	0.0000000000	
==============================================================================

==============================================================================
===== Test PASSED in 0.0 msec =====

-----
mkdir timedrun fake

SOR: size=32768, num_iterations=200
SOR started..
SOR ended..

============================ Tabulate Statistics ============================
PWR_PKG_ENERGY	INST_RETIRED	TOR_OCCUPANCY	RR_OCCUPANCY	TIPI	L3_MISS	L2_MISS	TIME	RANGE_L	RANGE_R	DISTINCT_SLABS	OPT_CORE_SLABS	OPT_UNCORE_SLABS	0.02400_0.02800_PERC	0.02400_0.02800_CF	0.02400_0.02800_UF	0.02400_0.02800_CT	0.02400_0.02800_UT	
10197.769226	2287850557675	28353844779	28374945739	0.024796	165023355	441777526	69180.719722	0.024000	0.028000	1	1	1	1.000000	23	30	21	0	
=============================================================================

============================ TIPI SLAB Statistics ============================

================================= TIPI =======================================
TIPI SLAB	 0.024000 - 0.028000
============================ CORE Statistics ============================
L	 22
R	 23
OPTIMUM CORE FREQUENCY	 23
JPI[0]	JPI[1]	JPI[2]	JPI[3]	JPI[4]	JPI[5]	JPI[6]	JPI[7]	JPI[8]	JPI[9]	JPI[10]	JPI[11]	
0.0000000000	0.0000000000	0.0000000000	0.0000000000	0.0000000000	0.0000000000	0.0000000000	0.0000000000	0.0000000000	0.0000000045	0.0000000000	0.0000000044	
============================ UNCORE Statistics ============================
LU	 12
RU	 30
LG	 0
RG	 0
OPTIMUM UNCORE FREQUENCY	 30
JPIU[0]	JPIU[1]	JPIU[2]	JPIU[3]	JPIU[4]	JPIU[5]	JPIU[6]	JPIU[7]	JPIU[8]	JPIU[9]	JPIU[10]	JPIU[11]	JPIU[12]	JPIU[13]	JPIU[14]	JPIU[15]	JPIU[16]	JPIU[17]	JPIU[18]	
0.0000000000	0.0000000000	0.0000000000	0.0000000000	0.0000000000	0.0000000000	0.0000000000	0.0000000000	0.0000000000	0.0000000000	0.0000000000	0.0000000000	0.0000000000	0.0000000000	0.0000000000	0.0000000000	0.0000000000	0.0000000000	0.0000000000	
==============================================================================

==============================================================================
===== Test PASSED in 0.0 msec =====
