
-----
mkdir timedrun fake

Running with these driver parameters:
  solver ID    = 1

  Laplacian_27pt:
    (Nx, Ny, Nz) = (256, 256, 1024)
    (Px, Py, Pz) = (1, 1, 1)

=============================================
Generate Matrix:
=============================================
Spatial Operator:
  wall clock time = 13.001387 seconds
  wall MFLOPS     = 0.000000
  cpu clock time  = 190.530668 seconds
  cpu MFLOPS      = 0.000000

  RHS vector has unit components
  Initial guess is 0
=============================================
IJ Vector Setup:
=============================================
RHS and Initial Guess:
  wall clock time = 0.558891 seconds
  wall MFLOPS     = 0.000000
  cpu clock time  = 4.128650 seconds
  cpu MFLOPS      = 0.000000

=============================================
Problem 1: AMG Setup Time:
=============================================
PCG Setup:
  wall clock time = 40.743209 seconds
  wall MFLOPS     = 0.000000
  cpu clock time  = 465.601387 seconds
  cpu MFLOPS      = 0.000000


FOM_Setup: nnz_AP / Setup Phase Time: 4.830842e+07

=============================================
Problem 1: AMG-PCG Solve Time:
=============================================
PCG Solve:
  wall clock time = 63.931265 seconds
  wall MFLOPS     = 0.000000
  cpu clock time  = 1251.129450 seconds
  cpu MFLOPS      = 0.000000


Iterations = 22
Final Relative Residual Norm = 9.755986e-09


FOM_Solve: nnz_AP * Iterations / Solve Phase Time: 6.773100e+08



Figure of Merit (FOM_1): 5.200596e+08


============================ Unprocessed Statistics ============================
TIPI	JPI	Uncore1	Uncore2
0.35053	0.00000004926685	30	30
0.27112	0.00000003397889	30	30
0.14984	0.00000000523587	30	30
0.14865	0.00000000524592	30	30
0.14885	0.00000000535033	30	30
0.14900	0.00000000528721	30	30
0.14854	0.00000000527778	30	30
0.14905	0.00000000535688	30	30
0.14892	0.00000000542119	30	30
0.14875	0.00000000524406	30	30
0.14868	0.00000000529885	30	30
0.14886	0.00000000532151	30	30
0.14874	0.00000000530817	30	30
0.14869	0.00000000546039	30	30
0.14880	0.00000000530093	30	30
0.14905	0.00000000532072	30	30
0.14864	0.00000000537589	30	30
0.14882	0.00000000536937	30	30
0.14905	0.00000000546745	30	30
0.14019	0.00000000526381	30	30
0.17843	0.00000004279043	30	30
0.21089	0.00000005551643	30	30
0.15451	0.00000003757609	30	30
0.34243	0.00000004701181	30	30
0.34918	0.00000004762527	30	30
0.26527	0.00000003467545	30	30
0.14828	0.00000000527530	30	30
0.14531	0.00000000514304	30	30
0.14555	0.00000000526788	30	30
0.14545	0.00000000517675	30	30
0.14505	0.00000000517164	30	30
0.14571	0.00000000522358	30	30
0.14538	0.00000000530704	30	30
0.14562	0.00000000514484	30	30
0.14513	0.00000000520147	30	30
0.14549	0.00000000519100	30	30
0.14552	0.00000000533197	30	30
0.14517	0.00000000524974	30	30
0.14559	0.00000000518118	30	30
0.14539	0.00000000520399	30	30
0.14505	0.00000000526258	30	30
0.14565	0.00000000538761	30	30
0.14538	0.00000000528188	30	30
0.14505	0.00000000519962	30	30
0.13610	0.00000000551206	30	30
0.27001	0.00000001566148	30	30
0.16564	0.00000000666911	30	30
0.14538	0.00000000531122	30	30
0.14552	0.00000000518865	30	30
0.14514	0.00000000519446	30	30
0.14573	0.00000000521852	30	30
0.14531	0.00000000524239	30	30
0.14534	0.00000000534015	30	30
0.14566	0.00000000519390	30	30
0.14525	0.00000000516824	30	30
0.14556	0.00000000524194	30	30
0.14529	0.00000000536666	30	30
0.14547	0.00000000522626	30	30
0.14542	0.00000000523901	30	30
0.14507	0.00000000525175	30	30
0.14564	0.00000000532601	30	30
0.14554	0.00000000532685	30	30
0.14518	0.00000000529383	30	30
0.14569	0.00000000542069	30	30
0.13584	0.00000000520294	30	30
0.15265	0.00000000905712	30	30
0.15109	0.00000000535535	30	30
0.15161	0.00000000539823	30	30
0.15131	0.00000000536784	30	30
0.15122	0.00000000551170	30	30
0.15143	0.00000000542990	30	30
0.15128	0.00000000545560	30	30
0.15140	0.00000000550833	30	30
0.15131	0.00000000541140	30	30
0.15149	0.00000000543207	30	30
0.15134	0.00000000543842	30	30
0.15112	0.00000000546161	30	30
0.15163	0.00000000560397	30	30
0.15128	0.00000000541035	30	30
0.15132	0.00000000542617	30	30
0.15139	0.00000000567764	30	30
0.15143	0.00000000550162	30	30
0.15142	0.00000000547666	30	30
0.14043	0.00000000533439	30	30
0.10828	0.00000000488111	30	30
0.10266	0.00000000425167	30	30
0.06626	0.00000001025983	30	30
0.12727	0.00000000544979	30	30
0.12504	0.00000000512272	30	30
0.13193	0.00000000534912	30	30
0.12482	0.00000000558673	30	30
0.14413	0.00000000704947	30	30
0.21065	0.00000000971946	30	30
0.14538	0.00000000523253	30	30
0.14548	0.00000000536003	30	30
0.14539	0.00000000520523	30	30
0.14524	0.00000000523174	30	30
0.14568	0.00000000524979	30	30
0.14550	0.00000000539628	30	30
0.14546	0.00000000521239	30	30
0.14531	0.00000000521778	30	30
0.14536	0.00000000525149	30	30
0.14550	0.00000000535869	30	30
0.14529	0.00000000525708	30	30
0.14561	0.00000000528646	30	30
0.14524	0.00000000518773	30	30
0.14540	0.00000000543123	30	30
0.14564	0.00000000528375	30	30
0.14523	0.00000000531586	30	30
0.14541	0.00000000543848	30	30
0.14446	0.00000000527221	30	30
0.12530	0.00000000716047	30	30
0.28963	0.00000001642528	30	30
0.14756	0.00000000540705	30	30
0.14533	0.00000000532019	30	30
0.14567	0.00000000520559	30	30
0.14514	0.00000000523867	30	30
0.14558	0.00000000537413	30	30
0.14533	0.00000000527317	30	30
0.14521	0.00000000525377	30	30
0.14574	0.00000000522154	30	30
0.14544	0.00000000535339	30	30
0.14510	0.00000000526199	30	30
0.14556	0.00000000528712	30	30
0.14540	0.00000000541002	30	30
0.14565	0.00000000525236	30	30
0.14509	0.00000000529935	30	30
0.14540	0.00000000520938	30	30
0.14541	0.00000000549837	30	30
0.14531	0.00000000533018	30	30
0.14554	0.00000000531016	30	30
0.14057	0.00000000541073	30	30
0.15605	0.00000000561603	30	30
0.14914	0.00000000534846	30	30
0.14919	0.00000000536907	30	30
0.14905	0.00000000532942	30	30
0.14922	0.00000000537298	30	30
0.14904	0.00000000538022	30	30
0.14923	0.00000000537511	30	30
0.14916	0.00000000534724	30	30
0.14903	0.00000000521692	30	30
0.14907	0.00000000551278	30	30
0.14918	0.00000000526603	30	30
0.14924	0.00000000552945	30	30
0.14908	0.00000000525033	30	30
0.14914	0.00000000538557	30	30
0.14914	0.00000000557727	30	30
0.14935	0.00000000542060	30	30
0.14901	0.00000000542790	30	30
0.14670	0.00000000527774	30	30
0.13507	0.00000000705008	30	30
0.16754	0.00000000712633	30	30
0.24780	0.00000001335268	30	30
0.24871	0.00000001421769	30	30
0.25221	0.00000001621831	30	30
0.18359	0.00000000796591	30	30
0.14556	0.00000000517505	30	30
0.14534	0.00000000520123	30	30
0.14513	0.00000000530784	30	30
0.14588	0.00000000522297	30	30
0.14535	0.00000000520214	30	30
0.14563	0.00000000538150	30	30
0.14520	0.00000000519179	30	30
0.14550	0.00000000517548	30	30
0.14546	0.00000000521714	30	30
0.14521	0.00000000524019	30	30
0.14542	0.00000000534648	30	30
0.14544	0.00000000522439	30	30
0.14519	0.00000000533708	30	30
0.14560	0.00000000526203	30	30
0.14530	0.00000000526917	30	30
0.14529	0.00000000532093	30	30
0.14560	0.00000000528459	30	30
0.13990	0.00000000499603	30	30
0.15138	0.00000000878111	30	30
0.22448	0.00000001228228	30	30
0.14552	0.00000000515647	30	30
0.14566	0.00000000524866	30	30
0.14515	0.00000000532318	30	30
0.14562	0.00000000524580	30	30
0.14549	0.00000000524036	30	30
0.14499	0.00000000540488	30	30
0.14584	0.00000000524966	30	30
0.14538	0.00000000520737	30	30
0.14543	0.00000000524528	30	30
0.14519	0.00000000528573	30	30
0.14545	0.00000000525634	30	30
0.14538	0.00000000527550	30	30
0.14531	0.00000000527501	30	30
0.14561	0.00000000535191	30	30
0.14550	0.00000000530147	30	30
0.14502	0.00000000545645	30	30
0.14588	0.00000000535011	30	30
0.14240	0.00000000517867	30	30
0.14079	0.00000000527822	30	30
0.15105	0.00000000538635	30	30
0.15148	0.00000000545868	30	30
0.15132	0.00000000551556	30	30
0.15123	0.00000000546351	30	30
0.15159	0.00000000542348	30	30
0.15130	0.00000000563671	30	30
0.15146	0.00000000541079	30	30
0.15129	0.00000000543125	30	30
0.15130	0.00000000545571	30	30
0.15147	0.00000000548002	30	30
0.15106	0.00000000547970	30	30
0.15153	0.00000000550182	30	30
0.15148	0.00000000554918	30	30
0.15128	0.00000000548693	30	30
0.15146	0.00000000554898	30	30
0.15120	0.00000000569986	30	30
0.15146	0.00000000550554	30	30
0.14578	0.00000000524986	30	30
0.11033	0.00000000477536	30	30
0.10437	0.00000000418375	30	30
0.06182	0.00000000942197	30	30
0.13027	0.00000000572618	30	30
0.12320	0.00000000503715	30	30
0.13296	0.00000000534452	30	30
0.12502	0.00000000558546	30	30
0.13917	0.00000000681745	30	30
0.22168	0.00000001054193	30	30
0.14525	0.00000000523221	30	30
0.14541	0.00000000534052	30	30
0.14547	0.00000000521308	30	30
0.14525	0.00000000526224	30	30
0.14547	0.00000000536777	30	30
0.14545	0.00000000526775	30	30
0.14559	0.00000000522341	30	30
0.14535	0.00000000523902	30	30
0.14531	0.00000000535790	30	30
0.14552	0.00000000526684	30	30
0.14514	0.00000000528765	30	30
0.14556	0.00000000540360	30	30
0.14537	0.00000000524143	30	30
0.14537	0.00000000528242	30	30
0.14555	0.00000000530439	30	30
0.14527	0.00000000530740	30	30
0.14540	0.00000000546935	30	30
0.14306	0.00000000515823	30	30
0.14422	0.00000000675623	30	30
0.27517	0.00000001429807	30	30
0.14547	0.00000000532960	30	30
0.14536	0.00000000524420	30	30
0.14548	0.00000000518962	30	30
0.14533	0.00000000538762	30	30
0.14542	0.00000000523673	30	30
0.14553	0.00000000528907	30	30
0.14523	0.00000000524602	30	30
0.14584	0.00000000520272	30	30
0.14523	0.00000000536222	30	30
0.14527	0.00000000526615	30	30
0.14547	0.00000000530394	30	30
0.14557	0.00000000540373	30	30
0.14545	0.00000000525202	30	30
0.14520	0.00000000526432	30	30
0.14550	0.00000000527180	30	30
0.14542	0.00000000548140	30	30
0.14528	0.00000000532725	30	30
0.14475	0.00000000533946	30	30
0.14208	0.00000000527343	30	30
0.11938	0.00000000486925	30	30
0.19610	0.00000001277903	30	30
0.17342	0.00000000760983	30	30
0.14872	0.00000000530286	30	30
0.14891	0.00000000534045	30	30
0.14874	0.00000000533179	30	30
0.14912	0.00000000547573	30	30
0.14853	0.00000000538723	30	30
0.14900	0.00000000536674	30	30
0.14875	0.00000000528474	30	30
0.14880	0.00000000537710	30	30
0.14892	0.00000000554729	30	30
0.14895	0.00000000537420	30	30
0.14855	0.00000000536918	30	30
0.14909	0.00000000539474	30	30
0.14877	0.00000000533008	30	30
0.14958	0.00000000551624	30	30
0.14802	0.00000000546196	30	30
0.14884	0.00000000557239	30	30
0.14724	0.00000000529078	30	30
0.14839	0.00000000601170	30	30
0.21507	0.00000001050020	30	30
0.24792	0.00000001421826	30	30
0.22301	0.00000001512509	30	30
0.25246	0.00000001284673	30	30
0.14594	0.00000000518244	30	30
0.14483	0.00000000520164	30	30
0.14545	0.00000000518200	30	30
0.14542	0.00000000524285	30	30
0.14526	0.00000000523253	30	30
0.14560	0.00000000540299	30	30
0.14552	0.00000000522329	30	30
0.14547	0.00000000526964	30	30
0.14507	0.00000000524786	30	30
0.14554	0.00000000524693	30	30
0.14583	0.00000000522660	30	30
0.14490	0.00000000537010	30	30
0.14533	0.00000000522448	30	30
0.14560	0.00000000522642	30	30
0.14516	0.00000000534027	30	30
0.14576	0.00000000544024	30	30
0.14542	0.00000000533566	30	30
0.14505	0.00000000526063	30	30
0.13941	0.00000000590143	30	30
0.29160	0.00000001588656	30	30
0.14545	0.00000000522157	30	30
0.14536	0.00000000524371	30	30
0.14554	0.00000000519633	30	30
0.14552	0.00000000526387	30	30
0.14521	0.00000000537051	30	30
0.14543	0.00000000530489	30	30
0.14534	0.00000000525332	30	30
0.14545	0.00000000533690	30	30
0.14556	0.00000000527752	30	30
0.14540	0.00000000527997	30	30
0.14520	0.00000000525953	30	30
0.14561	0.00000000529771	30	30
0.14545	0.00000000537671	30	30
0.14550	0.00000000524291	30	30
0.14522	0.00000000533779	30	30
0.14556	0.00000000546772	30	30
0.14522	0.00000000533311	30	30
0.14480	0.00000000524668	30	30
0.13295	0.00000000566114	30	30
0.15425	0.00000000629913	30	30
0.15126	0.00000000552575	30	30
0.15150	0.00000000544871	30	30
0.15120	0.00000000545584	30	30
0.15150	0.00000000558613	30	30
0.15120	0.00000000549407	30	30
0.15150	0.00000000548419	30	30
0.15130	0.00000000540320	30	30
0.15128	0.00000000544199	30	30
0.15143	0.00000000550057	30	30
0.15144	0.00000000561367	30	30
0.15137	0.00000000549032	30	30
0.15133	0.00000000546980	30	30
0.15136	0.00000000565556	30	30
0.15122	0.00000000547911	30	30
0.15118	0.00000000559641	30	30
0.15169	0.00000000554959	30	30
0.15126	0.00000000560564	30	30
0.12510	0.00000000553295	30	30
0.10476	0.00000000427741	30	30
0.09131	0.00000000555654	30	30
0.12018	0.00000000687187	30	30
0.12578	0.00000000552810	30	30
0.12625	0.00000000521156	30	30
0.12538	0.00000000545965	30	30
0.12481	0.00000000560460	30	30
0.22442	0.00000001253036	30	30
0.15554	0.00000000595055	30	30
0.14502	0.00000000522455	30	30
0.14559	0.00000000534849	30	30
0.14533	0.00000000528179	30	30
0.14543	0.00000000526319	30	30
0.14550	0.00000000527601	30	30
0.14543	0.00000000541184	30	30
0.14565	0.00000000520635	30	30
0.14504	0.00000000523864	30	30
0.14553	0.00000000529027	30	30
0.14545	0.00000000526177	30	30
0.14524	0.00000000538901	30	30
0.14542	0.00000000528893	30	30
0.14586	0.00000000525765	30	30
0.14494	0.00000000542629	30	30
0.14569	0.00000000535436	30	30
0.14546	0.00000000535147	30	30
0.14458	0.00000000532975	30	30
0.13953	0.00000000485961	30	30
0.26822	0.00000001661901	30	30
0.16717	0.00000000692793	30	30
0.14521	0.00000000523024	30	30
0.14555	0.00000000524539	30	30
0.14532	0.00000000535689	30	30
0.14534	0.00000000525733	30	30
0.14552	0.00000000529675	30	30
0.14557	0.00000000541481	30	30
0.14505	0.00000000522893	30	30
0.14571	0.00000000525821	30	30
0.14538	0.00000000526562	30	30
0.14544	0.00000000529120	30	30
0.14538	0.00000000527886	30	30
0.14548	0.00000000539152	30	30
0.14540	0.00000000526314	30	30
0.14524	0.00000000541515	30	30
0.14555	0.00000000535335	30	30
0.14548	0.00000000535061	30	30
0.14533	0.00000000532132	30	30
0.13824	0.00000000513746	30	30
0.15802	0.00000000693476	30	30
0.11056	0.00000000552899	30	30
0.22584	0.00000001359510	30	30
0.15692	0.00000000605960	30	30
0.14879	0.00000000531865	30	30
0.14866	0.00000000534384	30	30
0.14965	0.00000000546210	30	30
0.14983	0.00000000551801	30	30
0.14931	0.00000000547318	30	30
0.14951	0.00000000540621	30	30
0.15009	0.00000000538324	30	30
0.14969	0.00000000561050	30	30
0.14974	0.00000000545700	30	30
0.15020	0.00000000545471	30	30
0.15013	0.00000000551546	30	30
0.15005	0.00000000542348	30	30
0.15007	0.00000000545346	30	30
0.15018	0.00000000565874	30	30
0.14884	0.00000000547284	30	30
0.14858	0.00000000555343	30	30
0.14569	0.00000000524697	30	30
0.15471	0.00000000664412	30	30
0.23259	0.00000001241421	30	30
0.24769	0.00000001411775	30	30
0.23399	0.00000001606694	30	30
0.21411	0.00000001013530	30	30
0.14560	0.00000000518832	30	30
0.14520	0.00000000522283	30	30
0.14544	0.00000000519820	30	30
0.14550	0.00000000522984	30	30
0.14517	0.00000000536232	30	30
0.14550	0.00000000526174	30	30
0.14566	0.00000000522920	30	30
0.14525	0.00000000532755	30	30
0.14556	0.00000000525754	30	30
0.14535	0.00000000524021	30	30
0.14572	0.00000000526297	30	30
0.14513	0.00000000539535	30	30
0.14544	0.00000000519174	30	30
0.14537	0.00000000541845	30	30
0.14534	0.00000000529600	30	30
0.14539	0.00000000530850	30	30
0.14542	0.00000000530832	30	30
0.14363	0.00000000521101	30	30
0.14317	0.00000000726746	30	30
0.27541	0.00000001476445	30	30
0.14515	0.00000000520820	30	30
0.14562	0.00000000535397	30	30
0.14537	0.00000000510975	30	30
0.14539	0.00000000537611	30	30
0.14560	0.00000000527445	30	30
0.14531	0.00000000541892	30	30
0.14547	0.00000000525850	30	30
0.14528	0.00000000522931	30	30
0.14559	0.00000000525899	30	30
0.14532	0.00000000527247	30	30
0.14523	0.00000000539000	30	30
0.14558	0.00000000531855	30	30
0.14538	0.00000000524656	30	30
0.14569	0.00000000542038	30	30
0.14509	0.00000000529030	30	30
0.14537	0.00000000535645	30	30
0.14570	0.00000000535458	30	30
0.14288	0.00000000525917	30	30
0.13380	0.00000000564120	30	30
0.15478	0.00000000561410	30	30
0.15100	0.00000000558615	30	30
0.15187	0.00000000543319	30	30
0.15128	0.00000000546532	30	30
0.15150	0.00000000547087	30	30
0.15136	0.00000000552731	30	30
0.15156	0.00000000558191	30	30
0.15155	0.00000000541117	30	30
0.15086	0.00000000545756	30	30
0.15153	0.00000000562800	30	30
0.15129	0.00000000547826	30	30
0.15113	0.00000000550714	30	30
0.15167	0.00000000545496	30	30
0.15129	0.00000000551109	30	30
0.15126	0.00000000563201	30	30
0.15137	0.00000000561500	30	30
0.15138	0.00000000554295	30	30
0.15014	0.00000000554242	30	30
0.11489	0.00000000527849	30	30
0.10497	0.00000000429071	30	30
0.08234	0.00000000664810	30	30
0.12960	0.00000000598005	30	30
0.11243	0.00000000536289	30	30
0.13681	0.00000000539800	30	30
0.12460	0.00000000555728	30	30
0.12085	0.00000000556474	30	30
0.30636	0.00000001737633	30	30
0.14716	0.00000000533682	30	30
0.14504	0.00000000526008	30	30
0.14575	0.00000000535687	30	30
0.14534	0.00000000526109	30	30
0.14526	0.00000000525122	30	30
0.14570	0.00000000532190	30	30
0.14535	0.00000000538726	30	30
0.14568	0.00000000523132	30	30
0.14517	0.00000000528069	30	30
0.14547	0.00000000528818	30	30
0.14558	0.00000000539882	30	30
0.14511	0.00000000527016	30	30
0.14557	0.00000000540602	30	30
0.14533	0.00000000529235	30	30
0.14532	0.00000000525281	30	30
0.14557	0.00000000539537	30	30
0.14532	0.00000000536080	30	30
0.14546	0.00000000541246	30	30
0.14389	0.00000000559718	30	30
0.26201	0.00000001388261	30	30
0.14529	0.00000000524168	30	30
0.14565	0.00000000538178	30	30
0.14537	0.00000000519888	30	30
0.14535	0.00000000527236	30	30
0.14544	0.00000000526078	30	30
0.14543	0.00000000531837	30	30
0.14564	0.00000000535636	30	30
0.14507	0.00000000522638	30	30
0.14554	0.00000000526639	30	30
0.14536	0.00000000543148	30	30
0.14535	0.00000000528394	30	30
0.14551	0.00000000531067	30	30
0.14529	0.00000000525490	30	30
0.14546	0.00000000540768	30	30
0.14529	0.00000000532180	30	30
0.14559	0.00000000539255	30	30
0.14542	0.00000000546471	30	30
0.14424	0.00000000521344	30	30
0.13093	0.00000000604553	30	30
0.14480	0.00000000583779	30	30
0.11933	0.00000000734592	30	30
0.22556	0.00000001226258	30	30
0.14880	0.00000000528686	30	30
0.14889	0.00000000549261	30	30
0.14862	0.00000000533063	30	30
0.14900	0.00000000535532	30	30
0.14878	0.00000000534252	30	30
0.14868	0.00000000543855	30	30
0.14897	0.00000000533638	30	30
0.14882	0.00000000545360	30	30
0.14850	0.00000000538724	30	30
0.14929	0.00000000541536	30	30
0.14866	0.00000000551873	30	30
0.14891	0.00000000540632	30	30
0.14878	0.00000000538970	30	30
0.14882	0.00000000536702	30	30
0.14954	0.00000000551226	30	30
0.14796	0.00000000555740	30	30
0.14894	0.00000000553672	30	30
0.14368	0.00000000528306	30	30
0.19207	0.00000000845598	30	30
0.24960	0.00000001407980	30	30
0.22069	0.00000001472339	30	30
0.31705	0.00000001803043	30	30
0.14670	0.00000000524735	30	30
0.14545	0.00000000524152	30	30
0.14545	0.00000000519753	30	30
0.14543	0.00000000534962	30	30
0.14521	0.00000000520920	30	30
0.14554	0.00000000530009	30	30
0.14553	0.00000000538617	30	30
0.14540	0.00000000518847	30	30
0.14558	0.00000000525551	30	30
0.14545	0.00000000523864	30	30
0.14522	0.00000000539758	30	30
0.14555	0.00000000528317	30	30
0.14555	0.00000000523303	30	30
0.14536	0.00000000536764	30	30
0.14509	0.00000000531197	30	30
0.14571	0.00000000534007	30	30
0.14543	0.00000000533676	30	30
0.14453	0.00000000524347	30	30
0.13306	0.00000000557776	30	30
0.30838	0.00000002044957	30	30
0.17496	0.00000000738391	30	30
0.14573	0.00000000535966	30	30
0.14557	0.00000000525691	30	30
0.14525	0.00000000523663	30	30
0.14555	0.00000000527818	30	30
0.14519	0.00000000538940	30	30
0.14566	0.00000000531933	30	30
0.14521	0.00000000524865	30	30
0.14551	0.00000000522284	30	30
0.14533	0.00000000529606	30	30
0.14525	0.00000000541700	30	30
0.14551	0.00000000531638	30	30
0.14550	0.00000000526447	30	30
0.14556	0.00000000542565	30	30
0.14521	0.00000000528787	30	30
0.14553	0.00000000534160	30	30
0.14538	0.00000000536856	30	30
0.14528	0.00000000535516	30	30
0.14029	0.00000000502433	30	30
0.09268	0.00000000628279	30	30
0.15133	0.00000000553037	30	30
0.15125	0.00000000549999	30	30
0.15143	0.00000000541966	30	30
0.15136	0.00000000546214	30	30
0.15124	0.00000000558590	30	30
0.15143	0.00000000551041	30	30
0.15153	0.00000000543906	30	30
0.15115	0.00000000543421	30	30
0.15148	0.00000000549625	30	30
0.15141	0.00000000561379	30	30
0.15125	0.00000000547838	30	30
0.15137	0.00000000553278	30	30
0.15132	0.00000000558427	30	30
0.15154	0.00000000550089	30	30
0.15093	0.00000000555731	30	30
0.15165	0.00000000559884	30	30
0.15128	0.00000000553734	30	30
0.14656	0.00000000532714	30	30
0.10856	0.00000000516593	30	30
0.10500	0.00000000427628	30	30
0.06222	0.00000000895733	30	30
0.12549	0.00000000565678	30	30
0.12299	0.00000000530467	30	30
0.13513	0.00000000531358	30	30
0.12471	0.00000000571512	30	30
0.12874	0.00000000605063	30	30
0.26038	0.00000001369638	30	30
0.14549	0.00000000523107	30	30
0.14543	0.00000000528510	30	30
0.14539	0.00000000535974	30	30
0.14546	0.00000000526217	30	30
0.14535	0.00000000527128	30	30
0.14552	0.00000000530707	30	30
0.14539	0.00000000528395	30	30
0.14520	0.00000000532445	30	30
0.14562	0.00000000529706	30	30
0.14539	0.00000000541455	30	30
0.14557	0.00000000528924	30	30
0.14521	0.00000000531401	30	30
0.14555	0.00000000526145	30	30
0.14562	0.00000000527977	30	30
0.14498	0.00000000545874	30	30
0.14558	0.00000000536460	30	30
0.14565	0.00000000548727	30	30
0.14511	0.00000000529512	30	30
0.13198	0.00000000616172	30	30
0.31902	0.00000001770202	30	30
0.14869	0.00000000561140	30	30
0.14548	0.00000000525395	30	30
0.14550	0.00000000523693	30	30
0.14522	0.00000000527404	30	30
0.14564	0.00000000525731	30	30
0.14554	0.00000000542365	30	30
0.14544	0.00000000530609	30	30
0.14528	0.00000000522984	30	30
0.14539	0.00000000539601	30	30
0.14542	0.00000000529559	30	30
0.14517	0.00000000529104	30	30
0.14560	0.00000000530425	30	30
0.14541	0.00000000527139	30	30
0.14544	0.00000000540491	30	30
0.14563	0.00000000531292	30	30
0.14530	0.00000000537234	30	30
0.14555	0.00000000549782	30	30
0.14458	0.00000000522942	30	30
0.13517	0.00000000513397	30	30
0.15440	0.00000000654106	30	30
0.11016	0.00000000649148	30	30
0.23845	0.00000001308982	30	30
0.14903	0.00000000543834	30	30
0.14913	0.00000000536631	30	30
0.14845	0.00000000532749	30	30
0.14891	0.00000000550856	30	30
0.14888	0.00000000535108	30	30
0.14863	0.00000000543060	30	30
0.14905	0.00000000535405	30	30
0.14872	0.00000000534904	30	30
0.14871	0.00000000551327	30	30
0.14897	0.00000000541842	30	30
0.14877	0.00000000540157	30	30
0.14898	0.00000000553795	30	30
0.14860	0.00000000539996	30	30
0.14893	0.00000000538536	30	30
0.14937	0.00000000548945	30	30
0.14811	0.00000000545273	30	30
0.14896	0.00000000555958	30	30
0.13679	0.00000000544410	30	30
0.18576	0.00000000771687	30	30
0.24843	0.00000001407115	30	30
0.23122	0.00000001451358	30	30
0.29666	0.00000001737639	30	30
0.15276	0.00000000586031	30	30
0.14543	0.00000000522075	30	30
0.14532	0.00000000532434	30	30
0.14524	0.00000000527265	30	30
0.14576	0.00000000524601	30	30
0.14528	0.00000000541249	30	30
0.14520	0.00000000527051	30	30
0.14562	0.00000000522697	30	30
0.14544	0.00000000523096	30	30
0.14553	0.00000000526209	30	30
0.14520	0.00000000543797	30	30
0.14534	0.00000000528013	30	30
0.14564	0.00000000539252	30	30
0.14494	0.00000000526534	30	30
0.14571	0.00000000523473	30	30
0.14531	0.00000000538253	30	30
0.14528	0.00000000545274	30	30
0.14567	0.00000000531697	30	30
0.14088	0.00000000548473	30	30
0.29097	0.00000001559305	30	30
0.14563	0.00000000526203	30	30
0.14546	0.00000000538676	30	30
0.14538	0.00000000533988	30	30
0.14534	0.00000000530742	30	30
0.14567	0.00000000524527	30	30
0.14531	0.00000000531107	30	30
0.14524	0.00000000529346	30	30
0.14552	0.00000000523805	30	30
0.14549	0.00000000539260	30	30
0.14507	0.00000000528679	30	30
0.14574	0.00000000545772	30	30
0.14544	0.00000000530356	30	30
0.14530	0.00000000526823	30	30
0.14544	0.00000000533859	30	30
0.14540	0.00000000527900	30	30
0.14570	0.00000000552677	30	30
0.14516	0.00000000536500	30	30
0.14456	0.00000000528249	30	30
0.13285	0.00000000594877	30	30
0.15408	0.00000000676043	30	30
0.15162	0.00000000542896	30	30
0.15142	0.00000000545116	30	30
0.15117	0.00000000545906	30	30
0.15130	0.00000000548102	30	30
0.15141	0.00000000562028	30	30
0.15141	0.00000000550369	30	30
0.15123	0.00000000543031	30	30
0.15147	0.00000000559832	30	30
0.15124	0.00000000550844	30	30
0.15122	0.00000000548208	30	30
0.15151	0.00000000552567	30	30
0.15146	0.00000000548729	30	30
0.15128	0.00000000551049	30	30
0.15120	0.00000000562045	30	30
0.15149	0.00000000561718	30	30
0.15144	0.00000000555474	30	30
0.15096	0.00000000565307	30	30
0.13023	0.00000000535856	30	30
0.10486	0.00000000429163	30	30
0.09315	0.00000000534292	30	30
0.11570	0.00000000700240	30	30
0.13013	0.00000000551457	30	30
0.12487	0.00000000536747	30	30
0.12595	0.00000000548403	30	30
0.12532	0.00000000577644	30	30
0.21547	0.00000001161398	30	30
0.15690	0.00000000626073	30	30
0.14536	0.00000000522964	30	30
0.14556	0.00000000525540	30	30
0.14529	0.00000000528977	30	30
0.14553	0.00000000538143	30	30
0.14541	0.00000000529207	30	30
0.14517	0.00000000530673	30	30
0.14562	0.00000000538301	30	30
0.14542	0.00000000524987	30	30
0.14553	0.00000000527737	30	30
0.14521	0.00000000531771	30	30
0.14565	0.00000000531700	30	30
0.14520	0.00000000537669	30	30
0.14544	0.00000000533364	30	30
0.14551	0.00000000534272	30	30
0.14534	0.00000000544926	30	30
0.14514	0.00000000539056	30	30
0.14543	0.00000000532402	30	30
0.13801	0.00000000501354	30	30
0.25435	0.00000001435180	30	30
0.16425	0.00000000675861	30	30
0.14524	0.00000000523020	30	30
0.14545	0.00000000526004	30	30
0.14539	0.00000000527187	30	30
0.14540	0.00000000528499	30	30
0.14560	0.00000000542895	30	30
0.14526	0.00000000531273	30	30
0.14558	0.00000000537394	30	30
0.14528	0.00000000525524	30	30
0.14522	0.00000000530061	30	30
0.14573	0.00000000531233	30	30
0.14530	0.00000000528932	30	30
0.14554	0.00000000540798	30	30
0.14530	0.00000000531001	30	30
0.14534	0.00000000530256	30	30
0.14548	0.00000000546094	30	30
0.14531	0.00000000537579	30	30
0.14552	0.00000000533337	30	30
0.13867	0.00000000511766	30	30
0.15587	0.00000000748269	30	30
0.11240	0.00000000533912	30	30
0.22077	0.00000001383797	30	30
0.15940	0.00000000625419	30	30
0.14895	0.00000000536868	30	30
0.14889	0.00000000534288	30	30
0.14893	0.00000000537382	30	30
0.14875	0.00000000551427	30	30
0.14878	0.00000000541380	30	30
0.14886	0.00000000552630	30	30
0.14866	0.00000000535724	30	30
0.14907	0.00000000537875	30	30
0.14873	0.00000000540667	30	30
0.14869	0.00000000540655	30	30
0.14889	0.00000000543284	30	30
0.14878	0.00000000535783	30	30
0.14895	0.00000000556774	30	30
0.14918	0.00000000556559	30	30
0.14828	0.00000000547682	30	30
0.14900	0.00000000546888	30	30
0.14308	0.00000000524843	30	30
0.16312	0.00000000655153	30	30
0.24858	0.00000001404906	30	30
0.24488	0.00000001450580	30	30
0.25922	0.00000001669932	30	30
0.17659	0.00000000736692	30	30
0.14552	0.00000000534751	30	30
0.14527	0.00000000522014	30	30
0.14549	0.00000000523688	30	30
0.14545	0.00000000536371	30	30
0.14519	0.00000000526627	30	30
0.14564	0.00000000530022	30	30
0.14540	0.00000000520669	30	30
0.14544	0.00000000521739	30	30
0.14527	0.00000000528573	30	30
0.14544	0.00000000541108	30	30
0.14547	0.00000000525733	30	30
0.14521	0.00000000541214	30	30
0.14572	0.00000000527838	30	30
0.14526	0.00000000524553	30	30
0.14522	0.00000000532162	30	30
0.14562	0.00000000539427	30	30
0.14536	0.00000000528494	30	30
0.13878	0.00000000518908	30	30
0.20774	0.00000001040898	30	30
0.17585	0.00000000738641	30	30
0.14565	0.00000000536305	30	30
0.14537	0.00000000526190	30	30
0.14533	0.00000000538847	30	30
0.14545	0.00000000527486	30	30
0.14504	0.00000000527571	30	30
0.14571	0.00000000533687	30	30
0.14538	0.00000000525142	30	30
0.14555	0.00000000527524	30	30
0.14545	0.00000000541176	30	30
0.14545	0.00000000530350	30	30
0.14540	0.00000000530889	30	30
0.14533	0.00000000532194	30	30
0.14549	0.00000000544081	30	30
0.14534	0.00000000529903	30	30
0.14533	0.00000000531091	30	30
0.14545	0.00000000537841	30	30
0.14536	0.00000000544229	30	30
0.13941	0.00000000503753	30	30
0.14596	0.00000000638561	30	30
0.15132	0.00000000545414	30	30
0.15139	0.00000000559159	30	30
0.15119	0.00000000549141	30	30
0.15159	0.00000000547092	30	30
0.15130	0.00000000549514	30	30
0.15137	0.00000000552717	30	30
0.15164	0.00000000543591	30	30
0.15123	0.00000000557584	30	30
0.15139	0.00000000547887	30	30
0.15113	0.00000000566936	30	30
0.15145	0.00000000549699	30	30
0.15139	0.00000000555835	30	30
0.15084	0.00000000548204	30	30
0.15183	0.00000000550187	30	30
0.15127	0.00000000561392	30	30
0.15137	0.00000000569671	30	30
0.15152	0.00000000555321	30	30
0.13903	0.00000000561007	30	30
0.10738	0.00000000444565	30	30
0.09924	0.00000000452123	30	30
0.09668	0.00000000895449	30	30
0.12765	0.00000000551324	30	30
0.12372	0.00000000522810	30	30
0.12941	0.00000000558129	30	30
0.12502	0.00000000561136	30	30
0.17179	0.00000000871430	30	30
0.17668	0.00000000765333	30	30
0.14553	0.00000000537123	30	30
0.14527	0.00000000527051	30	30
0.14556	0.00000000527574	30	30
0.14537	0.00000000526465	30	30
0.14559	0.00000000529505	30	30
0.14534	0.00000000532341	30	30
0.14529	0.00000000537156	30	30
0.14561	0.00000000525418	30	30
0.14518	0.00000000544067	30	30
0.14544	0.00000000530304	30	30
0.14547	0.00000000528997	30	30
0.14535	0.00000000532687	30	30
0.14577	0.00000000529002	30	30
0.14539	0.00000000531502	30	30
0.14538	0.00000000547006	30	30
0.14540	0.00000000538923	30	30
0.14595	0.00000000551384	30	30
0.14174	0.00000000512770	30	30
0.11061	0.00000000833311	30	30
0.27080	0.00000001478648	30	30
0.14636	0.00000000544546	30	30
0.14607	0.00000000531808	30	30
0.14635	0.00000000531354	30	30
0.14674	0.00000000536158	30	30
0.14653	0.00000000534381	30	30
0.14653	0.00000000539334	30	30
0.14583	0.00000000542379	30	30
0.14564	0.00000000523409	30	30
0.14518	0.00000000543467	30	30
0.14550	0.00000000530454	30	30
0.14647	0.00000000539340	30	30
0.14603	0.00000000539515	30	30
0.14551	0.00000000527779	30	30
0.14552	0.00000000531109	30	30
0.14539	0.00000000546086	30	30
0.14547	0.00000000539260	30	30
0.14562	0.00000000536213	30	30
0.14550	0.00000000545993	30	30
0.13355	0.00000000564588	30	30
0.13871	0.00000000552743	30	30
0.12583	0.00000000794607	30	30
0.21713	0.00000001117277	30	30
0.14891	0.00000000547010	30	30
0.14886	0.00000000537456	30	30
0.14858	0.00000000534306	30	30
0.14906	0.00000000553745	30	30
0.14878	0.00000000538654	30	30
0.14893	0.00000000542794	30	30
0.14868	0.00000000535463	30	30
0.14887	0.00000000536718	30	30
0.14888	0.00000000540948	30	30
0.14859	0.00000000552709	30	30
0.14891	0.00000000541400	30	30
0.14894	0.00000000552313	30	30
0.14876	0.00000000542152	30	30
0.14926	0.00000000538771	30	30
0.14890	0.00000000548716	30	30
0.14861	0.00000000558158	30	30
0.14850	0.00000000543442	30	30
0.14073	0.00000000550368	30	30
0.18804	0.00000000821748	30	30
0.24800	0.00000001412348	30	30
0.22766	0.00000001472562	30	30
0.30876	0.00000001816814	30	30
0.14728	0.00000000534331	30	30
0.14520	0.00000000523894	30	30
0.14553	0.00000000523090	30	30
0.14527	0.00000000524796	30	30
0.14540	0.00000000526109	30	30
0.14545	0.00000000540697	30	30
0.14553	0.00000000525746	30	30
0.14532	0.00000000533357	30	30
0.14545	0.00000000525466	30	30
0.14535	0.00000000528401	30	30
0.14574	0.00000000527202	30	30
0.14511	0.00000000541092	30	30
0.14546	0.00000000524910	30	30
0.14537	0.00000000542050	30	30
0.14531	0.00000000527574	30	30
0.14547	0.00000000536018	30	30
0.14546	0.00000000533867	30	30
0.14449	0.00000000526304	30	30
0.13535	0.00000000548220	30	30
0.25543	0.00000001549925	30	30
0.14033	0.00000000661956	30	30
0.14576	0.00000000523557	30	30
0.14546	0.00000000532876	30	30
0.14524	0.00000000525735	30	30
0.14542	0.00000000528787	30	30
0.14539	0.00000000543551	30	30
0.14569	0.00000000530046	30	30
0.14509	0.00000000525747	30	30
0.14558	0.00000000525133	30	30
0.14542	0.00000000531686	30	30
0.14529	0.00000000543121	30	30
0.14605	0.00000000541673	30	30
0.14501	0.00000000526822	30	30
0.14521	0.00000000531624	30	30
0.14543	0.00000000531559	30	30
0.14550	0.00000000533374	30	30
0.14554	0.00000000551960	30	30
0.14516	0.00000000535613	30	30
0.14129	0.00000000506621	30	30
0.14411	0.00000000587475	30	30
0.15124	0.00000000559654	30	30
0.15151	0.00000000548572	30	30
0.15133	0.00000000546108	30	30
0.15124	0.00000000546339	30	30
0.15127	0.00000000552391	30	30
0.15163	0.00000000553980	30	30
0.15140	0.00000000556178	30	30
0.15094	0.00000000546074	30	30
0.15159	0.00000000551718	30	30
0.15148	0.00000000564928	30	30
0.15129	0.00000000551134	30	30
0.15158	0.00000000550794	30	30
0.15126	0.00000000552226	30	30
0.15152	0.00000000550709	30	30
0.15112	0.00000000563189	30	30
0.15153	0.00000000558690	30	30
0.15151	0.00000000567515	30	30
0.13588	0.00000000524075	30	30
0.10496	0.00000000429746	30	30
0.09475	0.00000000520362	30	30
0.11220	0.00000000750438	30	30
0.12878	0.00000000553096	30	30
0.12453	0.00000000522964	30	30
0.12752	0.00000000561020	30	30
0.12482	0.00000000577069	30	30
0.20164	0.00000001066188	30	30
0.16192	0.00000000665091	30	30
0.14549	0.00000000526708	30	30
0.14560	0.00000000525957	30	30
0.14528	0.00000000527685	30	30
0.14532	0.00000000529662	30	30
0.14545	0.00000000533303	30	30
0.14542	0.00000000530809	30	30
0.14527	0.00000000537108	30	30
0.14555	0.00000000527915	30	30
0.14533	0.00000000529576	30	30
0.14586	0.00000000542809	30	30
0.14530	0.00000000528826	30	30
0.14524	0.00000000528577	30	30
0.14551	0.00000000529500	30	30
0.14505	0.00000000544633	30	30
0.14555	0.00000000536632	30	30
0.14547	0.00000000552332	30	30
0.14435	0.00000000532127	30	30
0.14106	0.00000000494814	30	30
0.22996	0.00000001279072	30	30
0.17118	0.00000000749813	30	30
0.14581	0.00000000527351	30	30
0.14542	0.00000000526765	30	30
0.14542	0.00000000525255	30	30
0.14522	0.00000000529269	30	30
0.14535	0.00000000531358	30	30
0.14568	0.00000000532542	30	30
0.14521	0.00000000539320	30	30
0.14567	0.00000000525169	30	30
0.14523	0.00000000543346	30	30
0.14538	0.00000000532459	30	30
0.14573	0.00000000530273	30	30
0.14534	0.00000000528955	30	30
0.14524	0.00000000532920	30	30
0.14552	0.00000000542970	30	30
0.14546	0.00000000537210	30	30
0.14540	0.00000000540223	30	30
0.14521	0.00000000547450	30	30
0.14040	0.00000000511860	30	30
0.15444	0.00000000699703	30	30
0.11044	0.00000000537104	30	30
0.22459	0.00000001371630	30	30
0.15779	0.00000000626147	30	30
0.14853	0.00000000536211	30	30
0.14896	0.00000000537596	30	30
0.14899	0.00000000538696	30	30
0.14884	0.00000000537981	30	30
0.14875	0.00000000543648	30	30
0.14902	0.00000000540262	30	30
0.14878	0.00000000546635	30	30
0.14877	0.00000000540102	30	30
0.14899	0.00000000557201	30	30
0.14883	0.00000000540651	30	30
0.14874	0.00000000543116	30	30
0.14892	0.00000000540443	30	30
0.14884	0.00000000540584	30	30
0.14923	0.00000000562751	30	30
0.14816	0.00000000561402	30	30
0.14905	0.00000000547119	30	30
0.14524	0.00000000531116	30	30
0.16798	0.00000000689067	30	30
0.24857	0.00000001433755	30	30
0.23630	0.00000001435730	30	30
0.28350	0.00000001725673	30	30
0.16009	0.00000000641840	30	30
0.14542	0.00000000522027	30	30
0.14546	0.00000000536542	30	30
0.14523	0.00000000527288	30	30
0.14548	0.00000000525911	30	30
0.14533	0.00000000529854	30	30
0.14529	0.00000000529392	30	30
0.14567	0.00000000536858	30	30
0.14543	0.00000000523673	30	30
0.14515	0.00000000528324	30	30
0.14558	0.00000000543961	30	30
0.14535	0.00000000528150	30	30
0.14566	0.00000000527938	30	30
0.14505	0.00000000531382	30	30
0.14556	0.00000000530693	30	30
0.14531	0.00000000546964	30	30
0.14517	0.00000000535283	30	30
0.14581	0.00000000544669	30	30
0.13610	0.00000000535629	30	30
0.22538	0.00000001352999	30	30
0.19029	0.00000000867345	30	30
0.14540	0.00000000528221	30	30
0.14542	0.00000000526706	30	30
0.14544	0.00000000527844	30	30
0.14542	0.00000000527142	30	30
0.14529	0.00000000541912	30	30
0.14559	0.00000000535731	30	30
0.14553	0.00000000525328	30	30
0.14544	0.00000000539764	30	30
0.14519	0.00000000529871	30	30
0.14549	0.00000000532121	30	30
0.14537	0.00000000530482	30	30
0.14541	0.00000000542925	30	30
0.14549	0.00000000529862	30	30
0.14549	0.00000000529513	30	30
0.14538	0.00000000549006	30	30
0.14528	0.00000000540287	30	30
0.14554	0.00000000535844	30	30
0.13986	0.00000000511936	30	30
0.14302	0.00000000680501	30	30
0.15168	0.00000000546861	30	30
0.15130	0.00000000546719	30	30
0.15109	0.00000000557853	30	30
0.15170	0.00000000550012	30	30
0.15129	0.00000000551737	30	30
0.15132	0.00000000566668	30	30
0.15138	0.00000000549294	30	30
0.15132	0.00000000544761	30	30
0.15147	0.00000000549561	30	30
0.15100	0.00000000551127	30	30
0.15186	0.00000000566091	30	30
0.15145	0.00000000554851	30	30
0.15115	0.00000000547549	30	30
0.15151	0.00000000569520	30	30
0.15118	0.00000000557725	30	30
0.15159	0.00000000560068	30	30
0.15111	0.00000000556125	30	30
0.14420	0.00000000533147	30	30
0.10752	0.00000000509297	30	30
0.10449	0.00000000431480	30	30
0.06082	0.00000000936874	30	30
0.13158	0.00000000571294	30	30
0.12322	0.00000000508633	30	30
0.13319	0.00000000540033	30	30
0.12514	0.00000000578425	30	30
0.13870	0.00000000662728	30	30
0.22429	0.00000001119462	30	30
0.14567	0.00000000528771	30	30
0.14548	0.00000000528187	30	30
0.14527	0.00000000537324	30	30
0.14557	0.00000000530169	30	30
0.14534	0.00000000528039	30	30
0.14549	0.00000000545326	30	30
0.14535	0.00000000528249	30	30
0.14554	0.00000000523376	30	30
0.14510	0.00000000545178	30	30
0.14564	0.00000000532698	30	30
0.14532	0.00000000529247	30	30
0.14536	0.00000000532977	30	30
0.14539	0.00000000529767	30	30
0.14562	0.00000000541775	30	30
0.14523	0.00000000533932	30	30
0.14538	0.00000000554799	30	30
0.14547	0.00000000537823	30	30
0.14447	0.00000000513904	30	30
0.15041	0.00000000713179	30	30
0.23743	0.00000001187599	30	30
0.14545	0.00000000526539	30	30
0.14532	0.00000000528642	30	30
0.14548	0.00000000538778	30	30
0.14542	0.00000000529444	30	30
0.14584	0.00000000529056	30	30
0.14496	0.00000000544939	30	30
0.14562	0.00000000527212	30	30
0.14528	0.00000000527451	30	30
0.14522	0.00000000531652	30	30
0.14559	0.00000000532102	30	30
0.14542	0.00000000543248	30	30
0.14526	0.00000000529395	30	30
0.14550	0.00000000545532	30	30
0.14554	0.00000000531547	30	30
0.14535	0.00000000533219	30	30
0.14521	0.00000000539705	30	30
0.14559	0.00000000535901	30	30
0.14412	0.00000000532093	30	30
0.12950	0.00000000634863	30	30
0.12673	0.00000000468063	30	30
0.16535	0.00000001155434	30	30
0.19577	0.00000000951492	30	30
0.14900	0.00000000537103	30	30
0.14888	0.00000000539454	30	30
0.14890	0.00000000540171	30	30
0.14877	0.00000000551329	30	30
0.14870	0.00000000540439	30	30
0.14894	0.00000000556973	30	30
0.14866	0.00000000535759	30	30
0.14896	0.00000000537589	30	30
0.14885	0.00000000542692	30	30
0.14874	0.00000000541831	30	30
0.14877	0.00000000544962	30	30
0.14895	0.00000000552720	30	30
0.14878	0.00000000538335	30	30
0.14873	0.00000000546410	30	30
0.14903	0.00000000568780	30	30
0.14874	0.00000000547370	30	30
0.14889	0.00000000543543	30	30
0.14464	0.00000000550170	30	30
0.20001	0.00000000945899	30	30
0.24730	0.00000001407683	30	30
0.21407	0.00000001474580	30	30
0.31392	0.00000001724782	30	30
0.14579	0.00000000523693	30	30
0.14539	0.00000000526837	30	30
0.14547	0.00000000533390	30	30
0.14497	0.00000000527216	30	30
0.14587	0.00000000527456	30	30
0.14529	0.00000000543414	30	30
0.14540	0.00000000528264	30	30
0.14564	0.00000000523276	30	30
0.14525	0.00000000525836	30	30
0.14566	0.00000000528852	30	30
0.14527	0.00000000528266	30	30
0.14534	0.00000000543882	30	30
0.14548	0.00000000526053	30	30
0.14533	0.00000000543039	30	30
0.14562	0.00000000535516	30	30
0.14548	0.00000000533500	30	30
0.14532	0.00000000533151	30	30
0.14437	0.00000000524266	30	30
0.13331	0.00000000573402	30	30
0.31250	0.00000001982704	30	30
0.16657	0.00000000678931	30	30
0.14554	0.00000000537944	30	30
0.14551	0.00000000527109	30	30
0.14528	0.00000000530266	30	30
0.14539	0.00000000540753	30	30
0.14549	0.00000000531448	30	30
0.14529	0.00000000532600	30	30
0.14557	0.00000000526189	30	30
0.14541	0.00000000527157	30	30
0.14528	0.00000000543934	30	30
0.14581	0.00000000533831	30	30
0.14556	0.00000000542296	30	30
0.14509	0.00000000529498	30	30
0.14524	0.00000000532470	30	30
0.14552	0.00000000531738	30	30
0.14539	0.00000000549512	30	30
0.14525	0.00000000541541	30	30
0.14559	0.00000000534688	30	30
0.13825	0.00000000513597	30	30
0.14747	0.00000000725222	30	30
0.15163	0.00000000547248	30	30
0.15150	0.00000000549879	30	30
0.15119	0.00000000544873	30	30
0.15135	0.00000000550756	30	30
0.15141	0.00000000554524	30	30
0.15145	0.00000000555189	30	30
0.15127	0.00000000555477	30	30
0.15139	0.00000000549099	30	30
0.15135	0.00000000566425	30	30
0.15155	0.00000000551319	30	30
0.15120	0.00000000552554	30	30
0.15150	0.00000000555665	30	30
0.15161	0.00000000551270	30	30
0.15088	0.00000000560930	30	30
0.15148	0.00000000580444	30	30
0.15142	0.00000000557957	30	30
0.15112	0.00000000556105	30	30
0.13691	0.00000000545261	30	30
0.10493	0.00000000430006	30	30
0.09540	0.00000000501031	30	30
0.10940	0.00000000792664	30	30
0.12819	0.00000000563371	30	30
0.12416	0.00000000526504	30	30
0.12841	0.00000000553343	30	30
0.12506	0.00000000565827	30	30
0.19474	0.00000001036338	30	30
0.16416	0.00000000664077	30	30
0.14555	0.00000000525389	30	30
0.14545	0.00000000539137	30	30
0.14527	0.00000000529307	30	30
0.14545	0.00000000530585	30	30
0.14544	0.00000000544533	30	30
0.14524	0.00000000535428	30	30
0.14569	0.00000000526027	30	30
0.14537	0.00000000527346	30	30
0.14520	0.00000000530164	30	30
0.14573	0.00000000545938	30	30
0.14584	0.00000000544486	30	30
0.14476	0.00000000527300	30	30
0.14558	0.00000000535121	30	30
0.14542	0.00000000527837	30	30
0.14542	0.00000000553681	30	30
0.14529	0.00000000540995	30	30
0.14546	0.00000000536285	30	30
0.13772	0.00000000521478	30	30
0.23203	0.00000001497114	30	30
0.18871	0.00000000857570	30	30
0.14543	0.00000000526284	30	30
0.14533	0.00000000531375	30	30
0.14556	0.00000000540106	30	30
0.14566	0.00000000527333	30	30
0.14540	0.00000000528746	30	30
0.14534	0.00000000535423	30	30
0.14528	0.00000000526783	30	30
0.14558	0.00000000536008	30	30
0.14512	0.00000000532367	30	30
0.14550	0.00000000547208	30	30
0.14533	0.00000000530806	30	30
0.14534	0.00000000531246	30	30
0.14562	0.00000000531649	30	30
0.14536	0.00000000527944	30	30
0.14518	0.00000000548888	30	30
0.14547	0.00000000541428	30	30
0.14560	0.00000000549589	30	30
0.13926	0.00000000503479	30	30
0.15274	0.00000000621292	30	30
0.11351	0.00000000523767	30	30
0.21599	0.00000001308957	30	30
0.15983	0.00000000667969	30	30
0.14897	0.00000000538355	30	30
0.14873	0.00000000550019	30	30
0.14861	0.00000000540237	30	30
0.14920	0.00000000538378	30	30
0.14874	0.00000000542118	30	30
0.14893	0.00000000542583	30	30
0.14868	0.00000000536291	30	30
0.14878	0.00000000552854	30	30
0.14883	0.00000000541886	30	30
0.14874	0.00000000543769	30	30
0.14893	0.00000000558989	30	30
0.14879	0.00000000539272	30	30
0.14865	0.00000000542965	30	30
0.14949	0.00000000547775	30	30
0.14837	0.00000000549373	30	30
0.14881	0.00000000562353	30	30
0.14285	0.00000000527833	30	30
0.15791	0.00000000623437	30	30
0.24645	0.00000001392434	30	30
0.24915	0.00000001427868	30	30
0.24785	0.00000001645167	30	30
0.18726	0.00000000833420	30	30
0.14544	0.00000000523592	30	30
0.14532	0.00000000527343	30	30
0.14561	0.00000000537035	30	30
0.14538	0.00000000526037	30	30
0.14549	0.00000000527321	30	30
0.14547	0.00000000533290	30	30
0.14544	0.00000000525788	30	30
0.14554	0.00000000534212	30	30
0.14511	0.00000000529660	30	30
0.14620	0.00000000543559	30	30
0.14468	0.00000000525320	30	30
0.14568	0.00000000528576	30	30
0.14518	0.00000000525958	30	30
0.14531	0.00000000528423	30	30
0.14534	0.00000000546297	30	30
0.14553	0.00000000552143	30	30
0.14560	0.00000000533601	30	30
0.14019	0.00000000503874	30	30
0.17293	0.00000000900118	30	30
0.21626	0.00000001080925	30	30
0.14532	0.00000000527936	30	30
0.14552	0.00000000531507	30	30
0.14538	0.00000000524714	30	30
0.14545	0.00000000530614	30	30
0.14532	0.00000000530570	30	30
0.14545	0.00000000547498	30	30
0.14557	0.00000000528415	30	30
0.14501	0.00000000539048	30	30
0.14571	0.00000000533708	30	30
0.14524	0.00000000530866	30	30
0.14580	0.00000000534094	30	30
0.14513	0.00000000532826	30	30
0.14546	0.00000000529544	30	30
0.14561	0.00000000548216	30	30
0.14516	0.00000000534285	30	30
0.14540	0.00000000550179	30	30
0.14550	0.00000000540167	30	30
0.14172	0.00000000522726	30	30
0.14193	0.00000000600486	30	30
0.15141	0.00000000544822	30	30
0.15134	0.00000000548947	30	30
0.15130	0.00000000548631	30	30
0.15155	0.00000000548237	30	30
0.15118	0.00000000560997	30	30
0.15124	0.00000000556276	30	30
0.15155	0.00000000548688	30	30
0.15135	0.00000000545799	30	30
0.15176	0.00000000564319	30	30
0.15090	0.00000000553006	30	30
0.15138	0.00000000550753	30	30
0.15160	0.00000000557074	30	30
0.15123	0.00000000562679	30	30
0.15156	0.00000000551179	30	30
0.15136	0.00000000575481	30	30
0.15166	0.00000000562488	30	30
0.15255	0.00000000566009	30	30
0.14550	0.00000000535753	30	30
0.10952	0.00000000492716	30	30
0.10514	0.00000000436573	30	30
0.06248	0.00000000926456	30	30
0.12440	0.00000000578552	30	30
0.04970	0.00000000589329	30	30
0.12705	0.00000000529526	30	30
0.13032	0.00000000554419	30	30
0.12508	0.00000000565687	30	30
0.15408	0.00000000794126	30	30
0.19332	0.00000000903682	30	30
0.14625	0.00000000531797	30	30
0.14529	0.00000000528892	30	30
0.14541	0.00000000527430	30	30
0.14545	0.00000000544060	30	30
0.14557	0.00000000531633	30	30
0.14550	0.00000000547740	30	30
0.14537	0.00000000529045	30	30
0.14557	0.00000000529153	30	30
0.14539	0.00000000532238	30	30
0.14523	0.00000000532494	30	30
0.14576	0.00000000531705	30	30
0.14536	0.00000000545911	30	30
0.14526	0.00000000541275	30	30
0.14558	0.00000000533760	30	30
0.14530	0.00000000540986	30	30
0.14543	0.00000000537900	30	30
0.14534	0.00000000541586	30	30
0.14230	0.00000000526739	30	30
0.12538	0.00000000892845	30	30
0.33666	0.00000001863668	30	30
0.14660	0.00000000546881	30	30
0.14534	0.00000000530194	30	30
0.14539	0.00000000524928	30	30
0.14535	0.00000000534337	30	30
0.14560	0.00000000530623	30	30
0.14545	0.00000000532927	30	30
0.14528	0.00000000533496	30	30
0.14551	0.00000000538979	30	30
0.14537	0.00000000529580	30	30
0.14559	0.00000000542655	30	30
0.14526	0.00000000532606	30	30
0.14538	0.00000000532275	30	30
0.14547	0.00000000532742	30	30
0.14532	0.00000000533562	30	30
0.14556	0.00000000542846	30	30
0.14534	0.00000000542812	30	30
0.14534	0.00000000552627	30	30
0.14535	0.00000000532340	30	30
0.13331	0.00000000548168	30	30
0.12598	0.00000000476469	30	30
0.16794	0.00000001150903	30	30
0.19630	0.00000000968655	30	30
0.14882	0.00000000536652	30	30
0.14893	0.00000000554748	30	30
0.14871	0.00000000537592	30	30
0.14894	0.00000000540226	30	30
0.14848	0.00000000542175	30	30
0.14916	0.00000000546035	30	30
0.14873	0.00000000537763	30	30
0.14876	0.00000000536626	30	30
0.14893	0.00000000557692	30	30
0.14888	0.00000000543000	30	30
0.14881	0.00000000554718	30	30
0.14866	0.00000000545614	30	30
0.14884	0.00000000539536	30	30
0.14939	0.00000000543439	30	30
0.14860	0.00000000551024	30	30
0.14846	0.00000000560565	30	30
0.14825	0.00000000542924	30	30
0.14238	0.00000000601791	30	30
0.19391	0.00000000869234	30	30
0.24831	0.00000001415679	30	30
0.21935	0.00000001489515	30	30
0.31481	0.00000001789010	30	30
0.14615	0.00000000532525	30	30
0.14554	0.00000000525443	30	30
0.14547	0.00000000524431	30	30
0.14528	0.00000000527706	30	30
0.14558	0.00000000541604	30	30
0.14540	0.00000000530261	30	30
0.14562	0.00000000541400	30	30
0.14524	0.00000000523401	30	30
0.14533	0.00000000524405	30	30
0.14552	0.00000000533080	30	30
0.14548	0.00000000540340	30	30
0.14526	0.00000000530779	30	30
0.14561	0.00000000529963	30	30
0.14532	0.00000000539987	30	30
0.14533	0.00000000532686	30	30
0.14540	0.00000000541077	30	30
0.14545	0.00000000535826	30	30
0.14556	0.00000000532687	30	30
0.13190	0.00000000584417	30	30
0.29966	0.00000001775857	30	30
0.16327	0.00000000671248	30	30
0.14533	0.00000000528025	30	30
0.14543	0.00000000528163	30	30
0.14539	0.00000000531409	30	30
0.14529	0.00000000543713	30	30
0.14556	0.00000000532724	30	30
0.14540	0.00000000532093	30	30
0.14549	0.00000000526848	30	30
0.14535	0.00000000540118	30	30
0.14515	0.00000000530482	30	30
0.14563	0.00000000545737	30	30
0.14605	0.00000000530809	30	30
0.14473	0.00000000531901	30	30
0.14555	0.00000000531337	30	30
0.14558	0.00000000536403	30	30
0.14556	0.00000000549957	30	30
0.14513	0.00000000554424	30	30
0.14473	0.00000000530776	30	30
0.13902	0.00000000503669	30	30
0.14845	0.00000000658540	30	30
0.15160	0.00000000548000	30	30
0.15141	0.00000000549423	30	30
0.15125	0.00000000549729	30	30
0.15152	0.00000000552044	30	30
0.15129	0.00000000565661	30	30
0.15142	0.00000000555479	30	30
0.15131	0.00000000561164	30	30
0.15148	0.00000000549952	30	30
0.15136	0.00000000555753	30	30
0.15108	0.00000000553448	30	30
0.15146	0.00000000553685	30	30
0.15164	0.00000000553586	30	30
0.15136	0.00000000567692	30	30
0.15126	0.00000000551881	30	30
0.15138	0.00000000580121	30	30
0.15146	0.00000000561080	30	30
0.15105	0.00000000553544	30	30
0.13837	0.00000000602598	30	30
0.10485	0.00000000434278	30	30
0.09850	0.00000000476645	30	30
0.10568	0.00000000856934	30	30
0.12685	0.00000000539364	30	30
0.12611	0.00000000536388	30	30
0.12760	0.00000000551697	30	30
0.12511	0.00000000563866	30	30
0.18441	0.00000000983170	30	30
0.16883	0.00000000698391	30	30
0.14545	0.00000000527822	30	30
0.14535	0.00000000540840	30	30
0.14542	0.00000000529632	30	30
0.14519	0.00000000543075	30	30
0.14552	0.00000000533891	30	30
0.14532	0.00000000533744	30	30
0.14567	0.00000000530259	30	30
0.14527	0.00000000527427	30	30
0.14525	0.00000000533660	30	30
0.14634	0.00000000545055	30	30
0.14471	0.00000000530615	30	30
0.14578	0.00000000545052	30	30
0.14515	0.00000000530976	30	30
0.14533	0.00000000534137	30	30
0.14548	0.00000000538371	30	30
0.14522	0.00000000542685	30	30
0.14522	0.00000000547276	30	30
0.13994	0.00000000487488	30	30
0.18145	0.00000001091184	30	30
0.17605	0.00000001219754	30	30
0.14533	0.00000000532410	30	30
0.14524	0.00000000523166	30	30
0.14552	0.00000000533623	30	30
0.14547	0.00000000525278	30	30
0.14519	0.00000000524563	30	30
0.14572	0.00000000530731	30	30
0.14542	0.00000000530809	30	30
0.14552	0.00000000525252	30	30
0.14528	0.00000000544149	30	30
0.14545	0.00000000545162	30	30
0.14532	0.00000000532697	30	30
0.14523	0.00000000531446	30	30
0.14577	0.00000000536890	30	30
0.14540	0.00000000525803	30	30
0.14522	0.00000000536752	30	30
0.14545	0.00000000558164	30	30
0.14549	0.00000000534221	30	30
0.14211	0.00000000522369	30	30
0.13689	0.00000000572092	30	30
0.15524	0.00000000657544	30	30
0.10826	0.00000000658678	30	30
0.24034	0.00000001337651	30	30
0.14941	0.00000000538670	30	30
0.14867	0.00000000539462	30	30
0.14908	0.00000000547541	30	30
0.14866	0.00000000541745	30	30
0.14874	0.00000000539899	30	30
0.14888	0.00000000558827	30	30
0.14873	0.00000000540274	30	30
0.14878	0.00000000538887	30	30
0.14882	0.00000000542684	30	30
0.14868	0.00000000543024	30	30
0.14912	0.00000000542841	30	30
0.14877	0.00000000545253	30	30
0.14901	0.00000000550034	30	30
0.14845	0.00000000544979	30	30
0.14884	0.00000000565522	30	30
0.14885	0.00000000549952	30	30
0.14880	0.00000000545034	30	30
0.13956	0.00000000530261	30	30
0.18414	0.00000000771313	30	30
0.24684	0.00000001420243	30	30
0.23027	0.00000001493324	30	30
0.29683	0.00000001709295	30	30
0.15177	0.00000000581131	30	30
0.14523	0.00000000539433	30	30
0.14564	0.00000000525508	30	30
0.14533	0.00000000528574	30	30
0.14528	0.00000000526171	30	30
0.14549	0.00000000530457	30	30
0.14554	0.00000000540247	30	30
0.14539	0.00000000524407	30	30
0.14545	0.00000000529458	30	30
0.14542	0.00000000541528	30	30
0.14545	0.00000000529537	30	30
0.14569	0.00000000530358	30	30
0.14505	0.00000000525582	30	30
0.14547	0.00000000544019	30	30
0.14509	0.00000000540322	30	30
0.14570	0.00000000538785	30	30
0.14530	0.00000000537134	30	30
0.14542	0.00000000530835	30	30
0.13627	0.00000000524972	30	30
0.27235	0.00000001611239	30	30
0.16372	0.00000000677797	30	30
0.14562	0.00000000526559	30	30
0.14531	0.00000000531225	30	30
0.14547	0.00000000529095	30	30
0.14527	0.00000000543154	30	30
0.14549	0.00000000533012	30	30
0.14567	0.00000000545398	30	30
0.14530	0.00000000529907	30	30
0.14565	0.00000000526691	30	30
0.14528	0.00000000533782	30	30
0.14525	0.00000000533661	30	30
0.14557	0.00000000544855	30	30
0.14556	0.00000000532861	30	30
0.14534	0.00000000543667	30	30
0.14541	0.00000000530366	30	30
0.14520	0.00000000544077	30	30
0.14562	0.00000000539833	30	30
0.14514	0.00000000550168	30	30
0.14075	0.00000000514431	30	30
0.14901	0.00000000560090	30	30
0.15113	0.00000000548405	30	30
0.15146	0.00000000561793	30	30
0.15136	0.00000000550851	30	30
0.15148	0.00000000550349	30	30
0.15111	0.00000000557659	30	30
0.15152	0.00000000551048	30	30
0.15134	0.00000000546206	30	30
0.15113	0.00000000566303	30	30
0.15159	0.00000000553016	30	30
0.15130	0.00000000567270	30	30
0.15147	0.00000000554304	30	30
0.15141	0.00000000549646	30	30
0.15119	0.00000000554777	30	30
0.15155	0.00000000569509	30	30
0.15107	0.00000000565068	30	30
0.15144	0.00000000560505	30	30
0.14981	0.00000000560291	30	30
0.11570	0.00000000512330	30	30
0.10502	0.00000000431259	30	30
0.07935	0.00000000699721	30	30
0.13070	0.00000000593636	30	30
0.11297	0.00000000537052	30	30
0.13666	0.00000000544365	30	30
0.12453	0.00000000576156	30	30
0.11974	0.00000000564044	30	30
0.32399	0.00000001787366	30	30
0.14628	0.00000000531706	30	30
0.14518	0.00000000531480	30	30
0.14559	0.00000000525904	30	30
0.14540	0.00000000543405	30	30
0.14529	0.00000000528310	30	30
0.14551	0.00000000537238	30	30
0.14544	0.00000000546019	30	30
0.14584	0.00000000529189	30	30
0.14484	0.00000000528053	30	30
0.14563	0.00000000532342	30	30
0.14535	0.00000000533942	30	30
0.14513	0.00000000532356	30	30
0.14561	0.00000000546199	30	30
0.14554	0.00000000529277	30	30
0.14524	0.00000000546772	30	30
0.14549	0.00000000543999	30	30
0.14543	0.00000000540543	30	30
0.14388	0.00000000526072	30	30
0.13609	0.00000000524790	30	30
0.32735	0.00000001860801	30	30
0.14716	0.00000000543560	30	30
0.14542	0.00000000531243	30	30
0.14554	0.00000000526001	30	30
0.14543	0.00000000542809	30	30
0.14525	0.00000000529658	30	30
0.14580	0.00000000535545	30	30
0.14548	0.00000000545563	30	30
0.14525	0.00000000527864	30	30
0.14554	0.00000000531291	30	30
0.14536	0.00000000532849	30	30
0.14590	0.00000000543254	30	30
0.14542	0.00000000545204	30	30
0.14495	0.00000000527942	30	30
0.14577	0.00000000536775	30	30
0.14493	0.00000000530010	30	30
0.14551	0.00000000541599	30	30
0.14554	0.00000000550915	30	30
0.14436	0.00000000531839	30	30
0.13496	0.00000000557079	30	30
0.16299	0.00000000700788	30	30
0.10424	0.00000000608029	30	30
0.24688	0.00000001428496	30	30
0.14990	0.00000000542784	30	30
0.14885	0.00000000541400	30	30
0.14861	0.00000000538301	30	30
0.14913	0.00000000542291	30	30
0.14864	0.00000000552088	30	30
0.14877	0.00000000545576	30	30
0.14905	0.00000000542214	30	30
0.14883	0.00000000550471	30	30
0.14893	0.00000000541766	30	30
0.14859	0.00000000545547	30	30
0.14878	0.00000000542887	30	30
0.14909	0.00000000547261	30	30
0.14840	0.00000000550275	30	30
0.14936	0.00000000557407	30	30
0.14841	0.00000000536809	30	30
0.14877	0.00000000565357	30	30
0.14907	0.00000000548362	30	30
0.14036	0.00000000536120	30	30
0.18420	0.00000000776721	30	30
0.24859	0.00000001423637	30	30
0.23137	0.00000001498902	30	30
0.30121	0.00000001724456	30	30
0.15023	0.00000000572238	30	30
0.14545	0.00000000539044	30	30
0.14551	0.00000000524413	30	30
0.14536	0.00000000527248	30	30
0.14549	0.00000000528070	30	30
0.14531	0.00000000542881	30	30
0.14560	0.00000000529243	30	30
0.14522	0.00000000525909	30	30
0.14554	0.00000000539883	30	30
0.14544	0.00000000530903	30	30
0.14519	0.00000000533099	30	30
0.14558	0.00000000532268	30	30
0.14536	0.00000000527937	30	30
0.14544	0.00000000540725	30	30
0.14537	0.00000000535321	30	30
0.14544	0.00000000536045	30	30
0.14566	0.00000000549982	30	30
0.14514	0.00000000532168	30	30
0.13626	0.00000000521382	30	30
0.27750	0.00000001869389	30	30
0.17546	0.00000000765059	30	30
0.14546	0.00000000526590	30	30
0.14556	0.00000000530490	30	30
0.14525	0.00000000542320	30	30
0.14564	0.00000000532236	30	30
0.14528	0.00000000529394	30	30
0.14535	0.00000000551085	30	30
0.14558	0.00000000529848	30	30
0.14534	0.00000000527522	30	30
0.14525	0.00000000532412	30	30
0.14549	0.00000000537819	30	30
0.14539	0.00000000543235	30	30
0.14553	0.00000000533869	30	30
0.14530	0.00000000536741	30	30
0.14566	0.00000000539851	30	30
0.14540	0.00000000546200	30	30
0.14511	0.00000000541919	30	30
0.14566	0.00000000538421	30	30
0.13765	0.00000000527055	30	30
0.14935	0.00000000618093	30	30
0.15103	0.00000000562735	30	30
0.15145	0.00000000548128	30	30
0.15129	0.00000000562340	30	30
0.15115	0.00000000550186	30	30
0.15153	0.00000000555719	30	30
0.15137	0.00000000555479	30	30
0.15128	0.00000000545957	30	30
0.15136	0.00000000551719	30	30
0.15141	0.00000000551506	30	30
0.15172	0.00000000566804	30	30
0.15089	0.00000000553074	30	30
0.15156	0.00000000570850	30	30
0.15108	0.00000000551781	30	30
0.15130	0.00000000553100	30	30
0.15155	0.00000000565079	30	30
0.15181	0.00000000574282	30	30
0.15094	0.00000000557158	30	30
0.14094	0.00000000569540	30	30
0.10565	0.00000000436755	30	30
0.09887	0.00000000462498	30	30
0.10001	0.00000000874817	30	30
0.12857	0.00000000554721	30	30
0.12517	0.00000000542840	30	30
0.12850	0.00000000548915	30	30
0.12511	0.00000000578695	30	30
0.17374	0.00000000896825	30	30
0.17517	0.00000000765772	30	30
0.14542	0.00000000528070	30	30
0.14578	0.00000000530758	30	30
0.14500	0.00000000528425	30	30
0.14560	0.00000000544740	30	30
0.14526	0.00000000530277	30	30
0.14513	0.00000000538151	30	30
0.14580	0.00000000545152	30	30
0.14542	0.00000000529079	30	30
0.14526	0.00000000532443	30	30
0.14556	0.00000000534057	30	30
0.14530	0.00000000534293	30	30
0.14559	0.00000000544727	30	30
0.14526	0.00000000536299	30	30
0.14552	0.00000000543285	30	30
0.14540	0.00000000541257	30	30
0.14512	0.00000000542189	30	30
0.14577	0.00000000536727	30	30
0.14023	0.00000000512533	30	30
0.19765	0.00000001124190	30	30
0.18995	0.00000000848984	30	30
0.14543	0.00000000529624	30	30
0.14527	0.00000000541477	30	30
0.14556	0.00000000529519	30	30
0.14529	0.00000000542062	30	30
0.14533	0.00000000533342	30	30
0.14549	0.00000000537424	30	30
0.14554	0.00000000531660	30	30
0.14547	0.00000000538886	30	30
0.14515	0.00000000534727	30	30
0.14557	0.00000000533250	30	30
0.14543	0.00000000545378	30	30
0.14514	0.00000000536603	30	30
0.14559	0.00000000529207	30	30
0.14550	0.00000000533138	30	30
0.14497	0.00000000553542	30	30
0.14580	0.00000000542702	30	30
0.14547	0.00000000551663	30	30
0.14544	0.00000000534357	30	30
0.14762	0.00000000586933	30	30
0.10370	0.00000000596452	30	30
0.24666	0.00000001404367	30	30
0.15016	0.00000000545639	30	30
0.14895	0.00000000555605	30	30
0.14882	0.00000000538471	30	30
0.14876	0.00000000541573	30	30
0.14895	0.00000000555775	30	30
0.14882	0.00000000547572	30	30
0.14895	0.00000000541543	30	30
0.14857	0.00000000538000	30	30
0.14904	0.00000000544750	30	30
0.14881	0.00000000557327	30	30
0.14856	0.00000000544745	30	30
0.14898	0.00000000548829	30	30
0.14878	0.00000000541146	30	30
0.14905	0.00000000555730	30	30
0.14909	0.00000000557887	30	30
0.14835	0.00000000548748	30	30
0.14879	0.00000000548645	30	30
0.13818	0.00000000563247	30	30
0.18174	0.00000000751957	30	30
0.24888	0.00000001432359	30	30
0.23487	0.00000001493517	30	30
0.28699	0.00000001704088	30	30
0.15784	0.00000000639773	30	30
0.14539	0.00000000524748	30	30
0.14530	0.00000000526874	30	30
0.14550	0.00000000528296	30	30
0.14544	0.00000000528037	30	30
0.14521	0.00000000530877	30	30
0.14552	0.00000000542795	30	30
0.14555	0.00000000525842	30	30
0.14550	0.00000000538423	30	30
0.14537	0.00000000531884	30	30
0.14585	0.00000000527773	30	30
0.14478	0.00000000540292	30	30
0.14537	0.00000000531170	30	30
0.14551	0.00000000531517	30	30
0.14549	0.00000000543463	30	30
0.14508	0.00000000536476	30	30
0.14559	0.00000000540140	30	30
0.14444	0.00000000529251	30	30
0.13965	0.00000000519542	30	30
0.19119	0.00000001369841	30	30
0.18158	0.00000000838537	30	30
0.14533	0.00000000529968	30	30
0.14597	0.00000000533443	30	30
0.14543	0.00000000540479	30	30
0.14520	0.00000000529775	30	30
0.14557	0.00000000534894	30	30
0.14609	0.00000000543299	30	30
0.14684	0.00000000543614	30	30
0.14533	0.00000000532593	30	30
0.14623	0.00000000538135	30	30
0.14710	0.00000000556277	30	30
0.14648	0.00000000541708	30	30
0.14605	0.00000000536926	30	30
0.14676	0.00000000540349	30	30
0.14683	0.00000000557558	30	30
0.14634	0.00000000541383	30	30
0.14688	0.00000000567812	30	30
0.14579	0.00000000539871	30	30
0.14386	0.00000000526016	30	30
0.13847	0.00000000610962	30	30
0.15271	0.00000000559919	30	30
0.15178	0.00000000569292	30	30
0.15159	0.00000000548862	30	30
0.15122	0.00000000551149	30	30
0.15123	0.00000000567082	30	30
0.15167	0.00000000559231	30	30
0.15143	0.00000000549162	30	30
0.15118	0.00000000549282	30	30
0.15169	0.00000000557365	30	30
0.15134	0.00000000556341	30	30
0.15136	0.00000000566210	30	30
0.15144	0.00000000560260	30	30
0.15125	0.00000000565624	30	30
0.15140	0.00000000550741	30	30
0.15112	0.00000000567635	30	30
0.15168	0.00000000563292	30	30
0.15128	0.00000000559480	30	30
0.14198	0.00000000548587	30	30
0.11015	0.00000000522153	30	30
0.10479	0.00000000433994	30	30
0.05919	0.00000000924365	30	30
0.12895	0.00000000582332	30	30
0.12239	0.00000000521940	30	30
0.13450	0.00000000542150	30	30
0.12499	0.00000000564555	30	30
0.13079	0.00000000636293	30	30
0.25077	0.00000001275356	30	30
0.14558	0.00000000541392	30	30
0.14516	0.00000000534628	30	30
0.14552	0.00000000527089	30	30
0.14543	0.00000000531969	30	30
0.14501	0.00000000544205	30	30
0.14571	0.00000000536817	30	30
0.14551	0.00000000531179	30	30
0.14584	0.00000000527136	30	30
0.14494	0.00000000544368	30	30
0.14592	0.00000000530626	30	30
0.14549	0.00000000544781	30	30
0.14481	0.00000000533610	30	30
0.14540	0.00000000532098	30	30
0.14544	0.00000000547036	30	30
0.14518	0.00000000535992	30	30
0.14557	0.00000000542055	30	30
0.14544	0.00000000552262	30	30
0.14394	0.00000000529457	30	30
0.13133	0.00000000607375	30	30
0.33541	0.00000001842015	30	30
0.14629	0.00000000544425	30	30
0.14553	0.00000000531743	30	30
0.14543	0.00000000539976	30	30
0.14547	0.00000000533263	30	30
0.14540	0.00000000531208	30	30
0.14540	0.00000000534344	30	30
0.14535	0.00000000531872	30	30
0.14536	0.00000000541335	30	30
0.14554	0.00000000531498	30	30
0.14540	0.00000000546922	30	30
0.14526	0.00000000534696	30	30
0.14614	0.00000000534203	30	30
0.14496	0.00000000528237	30	30
0.14534	0.00000000545367	30	30
0.14528	0.00000000541772	30	30
0.14549	0.00000000537464	30	30
0.14523	0.00000000556545	30	30
0.14541	0.00000000535159	30	30
0.13341	0.00000000563359	30	30
0.16413	0.00000000720404	30	30
0.10396	0.00000000594796	30	30
0.24748	0.00000001417858	30	30
0.15056	0.00000000550985	30	30
0.14874	0.00000000540422	30	30
0.14870	0.00000000551695	30	30
0.14889	0.00000000544101	30	30
0.14902	0.00000000553859	30	30
0.14875	0.00000000549455	30	30
0.14914	0.00000000541358	30	30
0.14888	0.00000000538178	30	30
0.14870	0.00000000544668	30	30
0.14876	0.00000000545805	30	30
0.14891	0.00000000544739	30	30
0.14887	0.00000000557926	30	30
0.14845	0.00000000545850	30	30
0.14915	0.00000000544076	30	30
0.14866	0.00000000567544	30	30
0.14925	0.00000000553038	30	30
0.14857	0.00000000551019	30	30
0.13784	0.00000000544267	30	30
0.17792	0.00000000753307	30	30
0.24832	0.00000001420005	30	30
0.23985	0.00000001474884	30	30
0.27413	0.00000001660801	30	30
0.16398	0.00000000674318	30	30
0.14560	0.00000000539351	30	30
0.14544	0.00000000527064	30	30
0.14546	0.00000000526965	30	30
0.14536	0.00000000531117	30	30
0.14537	0.00000000530432	30	30
0.14544	0.00000000544295	30	30
0.14536	0.00000000528276	30	30
0.14548	0.00000000526066	30	30
0.14529	0.00000000544629	30	30
0.14536	0.00000000531670	30	30
0.14616	0.00000000531872	30	30
0.14489	0.00000000528616	30	30
0.14546	0.00000000541408	30	30
0.14540	0.00000000533694	30	30
0.14531	0.00000000536963	30	30
0.14586	0.00000000555737	30	30
0.14502	0.00000000533132	30	30
0.14022	0.00000000500924	30	30
0.23637	0.00000001366363	30	30
0.16842	0.00000000715743	30	30
0.14556	0.00000000529328	30	30
0.14539	0.00000000530173	30	30
0.14529	0.00000000531700	30	30
0.14554	0.00000000541827	30	30
0.14524	0.00000000546362	30	30
0.14534	0.00000000535318	30	30
0.14561	0.00000000531210	30	30
0.14545	0.00000000526245	30	30
0.14539	0.00000000534833	30	30
0.14585	0.00000000546247	30	30
0.14494	0.00000000543257	30	30
0.14580	0.00000000535922	30	30
0.14501	0.00000000529644	30	30
0.14528	0.00000000535633	30	30
0.14541	0.00000000539839	30	30
0.14522	0.00000000557221	30	30
0.14578	0.00000000538098	30	30
0.13873	0.00000000506649	30	30
0.14994	0.00000000582589	30	30
0.15154	0.00000000549869	30	30
0.15150	0.00000000564215	30	30
0.15117	0.00000000549976	30	30
0.15125	0.00000000554163	30	30
0.15150	0.00000000555462	30	30
0.15149	0.00000000566315	30	30
0.15114	0.00000000547351	30	30
0.15146	0.00000000553399	30	30
0.15139	0.00000000568408	30	30
0.15133	0.00000000554570	30	30
0.15136	0.00000000558110	30	30
0.15132	0.00000000553158	30	30
0.15148	0.00000000554822	30	30
0.15100	0.00000000558475	30	30
0.15155	0.00000000581174	30	30
0.15145	0.00000000561375	30	30
0.15117	0.00000000556148	30	30
0.11115	0.00000000635349	30	30
0.10214	0.00000000458008	30	30
0.10071	0.00000000441993	30	30
0.06207	0.00000001788133	30	30
0.00650	0.00000001038448	30	30
0.09888	0.00000000636780	30	30
0.06501	0.00000000654868	30	30
0.03396	0.00000000855860	30	30
0.09454	0.00000000599328	30	30
0.12665	0.00000000530838	30	30
0.12611	0.00000000554180	30	30
0.12486	0.00000000566439	30	30
0.22155	0.00000001236403	30	30
0.15586	0.00000000606421	30	30
0.14527	0.00000000527926	30	30
0.14538	0.00000000528855	30	30
0.14551	0.00000000544474	30	30
0.14512	0.00000000544241	30	30
0.14553	0.00000000536525	30	30
0.14551	0.00000000531446	30	30
0.14565	0.00000000528473	30	30
0.14546	0.00000000533417	30	30
0.14537	0.00000000534121	30	30
0.14535	0.00000000545812	30	30
0.14526	0.00000000535411	30	30
0.14573	0.00000000532488	30	30
0.14522	0.00000000547642	30	30
0.14533	0.00000000537159	30	30
0.14555	0.00000000537336	30	30
0.14536	0.00000000540161	30	30
0.14467	0.00000000549699	30	30
0.13826	0.00000000518544	30	30
0.24481	0.00000001550972	30	30
0.17601	0.00000000772258	30	30
0.14572	0.00000000531720	30	30
0.14548	0.00000000529865	30	30
0.14548	0.00000000543054	30	30
0.14532	0.00000000532764	30	30
0.14526	0.00000000529694	30	30
0.14559	0.00000000537628	30	30
0.14526	0.00000000532083	30	30
0.14553	0.00000000530276	30	30
0.14535	0.00000000545331	30	30
0.14559	0.00000000534922	30	30
0.14530	0.00000000533776	30	30
0.14536	0.00000000549095	30	30
0.14559	0.00000000530019	30	30
0.14511	0.00000000534586	30	30
0.14548	0.00000000542323	30	30
0.14557	0.00000000554346	30	30
0.14513	0.00000000538873	30	30
0.14011	0.00000000510519	30	30
0.15585	0.00000000628339	30	30
0.10760	0.00000000573585	30	30
0.23416	0.00000001370676	30	30
0.15373	0.00000000595248	30	30
0.14882	0.00000000552054	30	30
0.14882	0.00000000538916	30	30
0.14885	0.00000000543265	30	30
0.14897	0.00000000539548	30	30
0.14854	0.00000000550297	30	30
0.14892	0.00000000541197	30	30
0.14890	0.00000000553397	30	30
0.14857	0.00000000542787	30	30
0.14886	0.00000000548285	30	30
0.14891	0.00000000557488	30	30
0.14872	0.00000000548231	30	30
0.14889	0.00000000539352	30	30
0.14878	0.00000000546431	30	30
0.14884	0.00000000550636	30	30
0.14882	0.00000000567215	30	30
0.14886	0.00000000548593	30	30
0.14140	0.00000000517701	30	30
0.17117	0.00000000748268	30	30
0.24818	0.00000001388789	30	30
0.24114	0.00000001478071	30	30
0.27183	0.00000001707096	30	30
0.16720	0.00000000698104	30	30
0.14556	0.00000000526048	30	30
0.14535	0.00000000527132	30	30
0.14543	0.00000000528325	30	30
0.14554	0.00000000543246	30	30
0.14529	0.00000000530027	30	30
0.14576	0.00000000543069	30	30
0.14517	0.00000000528374	30	30
0.14544	0.00000000526382	30	30
0.14540	0.00000000531605	30	30
0.14523	0.00000000533034	30	30
0.14561	0.00000000530303	30	30
0.14545	0.00000000541816	30	30
0.14515	0.00000000532023	30	30
0.14537	0.00000000545525	30	30
0.14562	0.00000000539122	30	30
0.14539	0.00000000538689	30	30
0.14537	0.00000000535478	30	30
0.13815	0.00000000522322	30	30
0.20198	0.00000001089939	30	30
0.18693	0.00000000832519	30	30
0.14543	0.00000000527984	30	30
0.14552	0.00000000542482	30	30
0.14530	0.00000000531771	30	30
0.14552	0.00000000532118	30	30
0.14538	0.00000000532436	30	30
0.14527	0.00000000550804	30	30
0.14551	0.00000000527873	30	30
0.14546	0.00000000529760	30	30
0.14537	0.00000000533672	30	30
0.14538	0.00000000535436	30	30
0.14540	0.00000000545830	30	30
0.14564	0.00000000534936	30	30
0.14518	0.00000000546611	30	30
0.14555	0.00000000533707	30	30
0.14541	0.00000000537207	30	30
0.14516	0.00000000544922	30	30
0.14584	0.00000000540534	30	30
0.13958	0.00000000515090	30	30
0.14413	0.00000000740254	30	30
0.15127	0.00000000551555	30	30
0.15133	0.00000000550847	30	30
0.15129	0.00000000560377	30	30
0.15126	0.00000000557045	30	30
0.15142	0.00000000550069	30	30
0.15136	0.00000000559263	30	30
0.15119	0.00000000549001	30	30
0.15158	0.00000000550268	30	30
0.15130	0.00000000565315	30	30
0.15146	0.00000000555087	30	30
0.15122	0.00000000556560	30	30
0.15146	0.00000000572069	30	30
0.15132	0.00000000550639	30	30
0.15116	0.00000000556679	30	30
0.15147	0.00000000566084	30	30
0.15152	0.00000000565759	30	30
0.15116	0.00000000571566	30	30
0.14471	0.00000000535659	30	30
0.10754	0.00000000463305	30	30
0.10293	0.00000000433829	30	30
0.06357	0.00000001070932	30	30
0.12560	0.00000000558852	30	30
0.12563	0.00000000523847	30	30
0.13217	0.00000000557175	30	30
0.12478	0.00000000568148	30	30
0.14242	0.00000000691693	30	30
0.21501	0.00000001073661	30	30
0.14567	0.00000000534440	30	30
0.14544	0.00000000532014	30	30
0.14578	0.00000000529313	30	30
0.14511	0.00000000531242	30	30
0.14525	0.00000000544033	30	30
0.14540	0.00000000538756	30	30
0.14519	0.00000000545907	30	30
0.14573	0.00000000527905	30	30
0.14526	0.00000000535858	30	30
0.14538	0.00000000533875	30	30
0.14546	0.00000000534286	30	30
0.14551	0.00000000548875	30	30
0.14537	0.00000000542495	30	30
0.14539	0.00000000538339	30	30
0.14531	0.00000000538977	30	30
0.14571	0.00000000543441	30	30
0.14522	0.00000000541653	30	30
0.14558	0.00000000547072	30	30
0.17847	0.00000000835381	30	30
0.17834	0.00000000788091	30	30
0.14560	0.00000000542144	30	30
0.14544	0.00000000531537	30	30
0.14506	0.00000000531941	30	30
0.14572	0.00000000532700	30	30
0.14529	0.00000000534838	30	30
0.14522	0.00000000539751	30	30
0.14574	0.00000000529414	30	30
0.14529	0.00000000542118	30	30
0.14536	0.00000000548144	30	30
0.14573	0.00000000536234	30	30
0.14522	0.00000000532642	30	30
0.14567	0.00000000537651	30	30
0.14502	0.00000000532652	30	30
0.14573	0.00000000546095	30	30
0.14531	0.00000000541999	30	30
0.14526	0.00000000556515	30	30
0.14545	0.00000000539834	30	30
0.14324	0.00000000531393	30	30
0.13314	0.00000000947146	30	30
0.12152	0.00000000488567	30	30
0.18876	0.00000001275054	30	30
0.17849	0.00000000822194	30	30
0.14895	0.00000000540804	30	30
0.14877	0.00000000541242	30	30
0.14895	0.00000000541709	30	30
0.14864	0.00000000543535	30	30
0.14897	0.00000000545784	30	30
0.14892	0.00000000558172	30	30
0.14867	0.00000000536919	30	30
0.14891	0.00000000542531	30	30
0.14873	0.00000000559635	30	30
0.14891	0.00000000546482	30	30
0.14888	0.00000000546072	30	30
0.14869	0.00000000543634	30	30
0.14893	0.00000000556926	30	30
0.14902	0.00000000547323	30	30
0.14831	0.00000000567206	30	30
0.14901	0.00000000551667	30	30
0.14717	0.00000000540637	30	30
0.14708	0.00000000611497	30	30
0.20707	0.00000001017256	30	30
0.24810	0.00000001431323	30	30
0.22020	0.00000001522513	30	30
0.28257	0.00000001514927	30	30
0.14551	0.00000000528765	30	30
0.14543	0.00000000528859	30	30
0.14542	0.00000000525648	30	30
0.14525	0.00000000531222	30	30
0.14550	0.00000000541283	30	30
0.14531	0.00000000533379	30	30
0.14557	0.00000000532044	30	30
0.14545	0.00000000528304	30	30
0.14541	0.00000000544893	30	30
0.14537	0.00000000528530	30	30
0.14521	0.00000000534234	30	30
0.14566	0.00000000533951	30	30
0.14538	0.00000000528506	30	30
0.14531	0.00000000543199	30	30
0.14547	0.00000000537392	30	30
0.14545	0.00000000549913	30	30
0.14534	0.00000000538488	30	30
0.14462	0.00000000528975	30	30
0.13276	0.00000000569160	30	30
0.32246	0.00000001893010	30	30
0.15197	0.00000000579277	30	30
0.14528	0.00000000529169	30	30
0.14559	0.00000000529909	30	30
0.14512	0.00000000545765	30	30
0.14562	0.00000000532221	30	30
0.14533	0.00000000537543	30	30
0.14518	0.00000000533925	30	30
0.14571	0.00000000528581	30	30
0.14527	0.00000000545492	30	30
0.14548	0.00000000534083	30	30
0.14536	0.00000000536526	30	30
0.14549	0.00000000535943	30	30
0.14556	0.00000000547861	30	30
0.14522	0.00000000532275	30	30
0.14554	0.00000000537018	30	30
0.14528	0.00000000558099	30	30
0.14527	0.00000000543308	30	30
0.14537	0.00000000535901	30	30
0.13767	0.00000000499022	30	30
0.15097	0.00000000635618	30	30
0.15119	0.00000000549313	30	30
0.15144	0.00000000551537	30	30
0.15137	0.00000000564874	30	30
0.15119	0.00000000552608	30	30
0.15154	0.00000000557135	30	30
0.15136	0.00000000568439	30	30
0.15121	0.00000000547193	30	30
0.15149	0.00000000553555	30	30
0.15125	0.00000000556401	30	30
0.15141	0.00000000554618	30	30
0.15110	0.00000000558014	30	30
0.15162	0.00000000566605	30	30
0.15130	0.00000000556432	30	30
0.15119	0.00000000567793	30	30
0.15155	0.00000000569625	30	30
0.15126	0.00000000560009	30	30
0.15110	0.00000000556403	30	30
0.12454	0.00000000522346	30	30
0.10500	0.00000000433239	30	30
0.08871	0.00000000593368	30	30
0.12277	0.00000000674703	30	30
0.12459	0.00000000553369	30	30
0.12761	0.00000000537710	30	30
0.12482	0.00000000568441	30	30
0.12493	0.00000000565289	30	30
0.23527	0.00000001353203	30	30
0.15264	0.00000000587093	30	30
0.14550	0.00000000532004	30	30
0.14568	0.00000000529284	30	30
0.14533	0.00000000543591	30	30
0.14528	0.00000000532878	30	30
0.14536	0.00000000535060	30	30
0.14560	0.00000000548406	30	30
0.14520	0.00000000529403	30	30
0.14550	0.00000000533900	30	30
0.14545	0.00000000532139	30	30
0.14544	0.00000000547703	30	30
0.14546	0.00000000536682	30	30
0.14519	0.00000000532277	30	30
0.14539	0.00000000550302	30	30
0.14557	0.00000000534115	30	30
0.14533	0.00000000544782	30	30
0.14557	0.00000000540808	30	30
0.14489	0.00000000548026	30	30
0.13822	0.00000000524903	30	30
0.26299	0.00000001847562	30	30
0.17932	0.00000000796258	30	30
0.14543	0.00000000530696	30	30
0.14554	0.00000000531503	30	30
0.14516	0.00000000544112	30	30
0.14556	0.00000000532865	30	30
0.14537	0.00000000531435	30	30
0.14523	0.00000000537634	30	30
0.14561	0.00000000532453	30	30
0.14565	0.00000000528630	30	30
0.14538	0.00000000545629	30	30
0.14542	0.00000000536817	30	30
0.14533	0.00000000549128	30	30
0.14552	0.00000000536594	30	30
0.14523	0.00000000530815	30	30
0.14543	0.00000000539113	30	30
0.14545	0.00000000537731	30	30
0.14536	0.00000000555840	30	30
0.14561	0.00000000538317	30	30
0.13962	0.00000000501691	30	30
0.15301	0.00000000693010	30	30
0.11390	0.00000000540708	30	30
0.21442	0.00000001316327	30	30
0.16258	0.00000000676794	30	30
0.14865	0.00000000542258	30	30
0.14889	0.00000000554169	30	30
0.14883	0.00000000541916	30	30
0.14865	0.00000000542310	30	30
0.14899	0.00000000549218	30	30
0.14881	0.00000000543968	30	30
0.14872	0.00000000537017	30	30
0.14883	0.00000000547158	30	30
0.14896	0.00000000558478	30	30
0.14880	0.00000000545454	30	30
0.14851	0.00000000561527	30	30
0.14905	0.00000000543653	30	30
0.14911	0.00000000542056	30	30
0.14869	0.00000000553910	30	30
0.14901	0.00000000558001	30	30
0.14908	0.00000000549605	30	30
0.14481	0.00000000543448	30	30
0.15594	0.00000000619031	30	30
0.23715	0.00000001396412	30	30
0.24595	0.00000001452017	30	30
0.24753	0.00000001614740	30	30
0.18791	0.00000000847498	30	30
0.14629	0.00000000535739	30	30
0.14678	0.00000000549250	30	30
0.14664	0.00000000538484	30	30
0.14641	0.00000000537508	30	30
0.14686	0.00000000540123	30	30
0.14618	0.00000000540313	30	30
0.14586	0.00000000541572	30	30
0.14529	0.00000000526650	30	30
0.14526	0.00000000543518	30	30
0.14574	0.00000000532633	30	30
0.14604	0.00000000536770	30	30
0.14635	0.00000000540925	30	30
0.14532	0.00000000528703	30	30
0.14555	0.00000000547836	30	30
0.14528	0.00000000535585	30	30
0.14549	0.00000000554855	30	30
0.14555	0.00000000536397	30	30
0.14273	0.00000000516743	30	30
0.17640	0.00000000872540	30	30
0.19590	0.00000000889525	30	30
0.14578	0.00000000541568	30	30
0.14515	0.00000000532324	30	30
0.14554	0.00000000530869	30	30
0.14538	0.00000000543473	30	30
0.14508	0.00000000534722	30	30
0.14562	0.00000000539938	30	30
0.14561	0.00000000530791	30	30
0.14526	0.00000000540509	30	30
0.14547	0.00000000524935	30	30
0.14535	0.00000000547238	30	30
0.14567	0.00000000548951	30	30
0.14509	0.00000000538854	30	30
0.14556	0.00000000529455	30	30
0.14554	0.00000000535738	30	30
0.14524	0.00000000541241	30	30
0.14538	0.00000000555086	30	30
0.14556	0.00000000538734	30	30
0.14383	0.00000000542183	30	30
0.12137	0.00000000852207	30	30
0.15469	0.00000000563404	30	30
0.15152	0.00000000549269	30	30
0.15118	0.00000000551272	30	30
0.15144	0.00000000553908	30	30
0.15131	0.00000000563966	30	30
0.15110	0.00000000559064	30	30
0.15162	0.00000000566354	30	30
0.15138	0.00000000551449	30	30
0.15126	0.00000000552021	30	30
0.15143	0.00000000556990	30	30
0.15137	0.00000000556496	30	30
0.15128	0.00000000569444	30	30
0.15147	0.00000000554419	30	30
0.15137	0.00000000555815	30	30
0.15136	0.00000000574666	30	30
0.15103	0.00000000567011	30	30
0.15169	0.00000000562023	30	30
0.14901	0.00000000541299	30	30
0.11188	0.00000000475614	30	30
0.10497	0.00000000432927	30	30
0.05629	0.00000000951165	30	30
0.12915	0.00000000583719	30	30
0.12162	0.00000000517973	30	30
0.13476	0.00000000543247	30	30
0.12509	0.00000000568803	30	30
0.13057	0.00000000637981	30	30
0.25089	0.00000001322944	30	30
0.14566	0.00000000530903	30	30
0.14507	0.00000000534516	30	30
0.14563	0.00000000542993	30	30
0.14548	0.00000000534199	30	30
0.14538	0.00000000532316	30	30
0.14538	0.00000000539866	30	30
0.14556	0.00000000532344	30	30
0.14529	0.00000000540417	30	30
0.14516	0.00000000535443	30	30
0.14578	0.00000000538159	30	30
0.14547	0.00000000549279	30	30
0.14511	0.00000000536954	30	30
0.14555	0.00000000534141	30	30
0.14557	0.00000000537065	30	30
0.14514	0.00000000536427	30	30
0.14545	0.00000000548448	30	30
0.14567	0.00000000553726	30	30
0.14527	0.00000000547698	30	30
0.12880	0.00000000648169	30	30
0.26826	0.00000001666390	30	30
0.13874	0.00000000806936	30	30
0.14553	0.00000000532196	30	30
0.14568	0.00000000533796	30	30
0.14528	0.00000000529854	30	30
0.14518	0.00000000532818	30	30
0.14569	0.00000000533866	30	30
0.14534	0.00000000538149	30	30
0.14537	0.00000000541829	30	30
0.14540	0.00000000535119	30	30
0.14535	0.00000000533139	30	30
0.14605	0.00000000548215	30	30
0.14481	0.00000000537042	30	30
0.14550	0.00000000535753	30	30
0.14550	0.00000000535877	30	30
0.14511	0.00000000541973	30	30
0.14558	0.00000000544517	30	30
0.14549	0.00000000542277	30	30
0.14546	0.00000000554113	30	30
0.14011	0.00000000508603	30	30
0.14717	0.00000000629008	30	30
0.11787	0.00000000502441	30	30
0.20062	0.00000001312136	30	30
0.17029	0.00000000726957	30	30
0.14879	0.00000000550976	30	30
0.14872	0.00000000543114	30	30
0.14896	0.00000000544111	30	30
0.14877	0.00000000543256	30	30
0.14894	0.00000000546630	30	30
0.14875	0.00000000545042	30	30
0.14881	0.00000000550440	30	30
0.14884	0.00000000544780	30	30
0.14860	0.00000000560590	30	30
0.14891	0.00000000546442	30	30
0.14877	0.00000000547483	30	30
0.14876	0.00000000542501	30	30
0.14904	0.00000000547893	30	30
0.14927	0.00000000562068	30	30
0.14834	0.00000000553906	30	30
0.14879	0.00000000553072	30	30
0.14572	0.00000000548745	30	30
0.15394	0.00000000604057	30	30
0.23042	0.00000001244035	30	30
0.24750	0.00000001407485	30	30
0.23401	0.00000001624806	30	30
0.21827	0.00000001031259	30	30
0.14538	0.00000000541550	30	30
0.14555	0.00000000543529	30	30
0.14526	0.00000000527887	30	30
0.14540	0.00000000532384	30	30
0.14557	0.00000000528442	30	30
0.14514	0.00000000539603	30	30
0.14577	0.00000000529968	30	30
0.14531	0.00000000537739	30	30
0.14542	0.00000000542964	30	30
0.14583	0.00000000532920	30	30
0.14489	0.00000000531440	30	30
0.14552	0.00000000533282	30	30
0.14531	0.00000000535514	30	30
0.14555	0.00000000525958	30	30
0.14524	0.00000000554469	30	30
0.14531	0.00000000555667	30	30
0.14563	0.00000000541196	30	30
0.14297	0.00000000522090	30	30
0.14521	0.00000000699763	30	30
0.26762	0.00000001430920	30	30
0.14539	0.00000000530586	30	30
0.14540	0.00000000534637	30	30
0.14557	0.00000000529061	30	30
0.14561	0.00000000545043	30	30
0.14500	0.00000000532084	30	30
0.14567	0.00000000552570	30	30
0.14540	0.00000000532754	30	30
0.14545	0.00000000529014	30	30
0.14529	0.00000000536653	30	30
0.14542	0.00000000534491	30	30
0.14553	0.00000000549275	30	30
0.14506	0.00000000539443	30	30
0.14570	0.00000000534221	30	30
0.14541	0.00000000551048	30	30
0.14522	0.00000000539417	30	30
0.14563	0.00000000542784	30	30
0.14533	0.00000000541227	30	30
0.14460	0.00000000531472	30	30
0.13183	0.00000000616138	30	30
0.15462	0.00000000585440	30	30
0.15130	0.00000000563686	30	30
0.15120	0.00000000551750	30	30
0.15148	0.00000000555201	30	30
0.15139	0.00000000552507	30	30
0.15117	0.00000000557709	30	30
0.15158	0.00000000556768	30	30
0.15127	0.00000000548992	30	30
0.15134	0.00000000555634	30	30
0.15139	0.00000000572137	30	30
0.15128	0.00000000569207	30	30
0.15137	0.00000000558068	30	30
0.15137	0.00000000554602	30	30
0.15151	0.00000000558655	30	30
0.15136	0.00000000559335	30	30
0.15141	0.00000000568421	30	30
0.15125	0.00000000564296	30	30
0.15098	0.00000000567387	30	30
0.11576	0.00000000476621	30	30
0.10494	0.00000000430720	30	30
0.07018	0.00000000844698	30	30
0.12627	0.00000000580990	30	30
0.11891	0.00000000543240	30	30
0.13580	0.00000000538265	30	30
0.12474	0.00000000566366	30	30
0.12598	0.00000000605406	30	30
0.28218	0.00000001527946	30	30
0.14546	0.00000000530948	30	30
0.14539	0.00000000543971	30	30
0.14540	0.00000000532950	30	30
0.14559	0.00000000533173	30	30
0.14535	0.00000000544580	30	30
0.14522	0.00000000538756	30	30
0.14559	0.00000000535806	30	30
0.14534	0.00000000528564	30	30
0.14523	0.00000000533746	30	30
0.14550	0.00000000548741	30	30
0.14533	0.00000000536541	30	30
0.14587	0.00000000549336	30	30
0.14497	0.00000000534494	30	30
0.14544	0.00000000536497	30	30
0.14547	0.00000000536729	30	30
0.14516	0.00000000545428	30	30
0.14559	0.00000000542748	30	30
0.14355	0.00000000529358	30	30
0.13887	0.00000000565310	30	30
0.30994	0.00000001746159	30	30
0.14571	0.00000000530748	30	30
0.14520	0.00000000531478	30	30
0.14553	0.00000000531072	30	30
0.14549	0.00000000547290	30	30
0.14563	0.00000000544316	30	30
0.14493	0.00000000540978	30	30
0.14559	0.00000000532426	30	30
0.14543	0.00000000530336	30	30
0.14533	0.00000000537024	30	30
0.14557	0.00000000537737	30	30
0.14545	0.00000000536188	30	30
0.14516	0.00000000547683	30	30
0.14573	0.00000000536114	30	30
0.14535	0.00000000550694	30	30
0.14546	0.00000000534009	30	30
0.14528	0.00000000548331	30	30
0.14542	0.00000000541753	30	30
0.14510	0.00000000534028	30	30
0.13418	0.00000000575328	30	30
0.12481	0.00000000482106	30	30
0.17876	0.00000001227076	30	30
0.18703	0.00000000878346	30	30
0.14893	0.00000000542046	30	30
0.14892	0.00000000556286	30	30
0.14860	0.00000000554718	30	30
0.14906	0.00000000545104	30	30
0.14879	0.00000000546843	30	30
0.14878	0.00000000549121	30	30
0.14893	0.00000000541743	30	30
0.14901	0.00000000542552	30	30
0.14877	0.00000000561106	30	30
0.14877	0.00000000548707	30	30
0.14890	0.00000000550094	30	30
0.14893	0.00000000558348	30	30
0.14854	0.00000000550112	30	30
0.14907	0.00000000549151	30	30
0.14883	0.00000000557927	30	30
0.14884	0.00000000551545	30	30
0.14872	0.00000000549208	30	30
0.14258	0.00000000618676	30	30
0.19821	0.00000000930629	30	30
0.24824	0.00000001398142	30	30
0.21618	0.00000001491450	30	30
0.31475	0.00000001801436	30	30
0.14632	0.00000000528962	30	30
0.14527	0.00000000529218	30	30
0.14536	0.00000000528845	30	30
0.14557	0.00000000532487	30	30
0.14547	0.00000000542697	30	30
0.14530	0.00000000549506	30	30
0.14532	0.00000000533484	30	30
0.14563	0.00000000527271	30	30
0.14538	0.00000000531989	30	30
0.14516	0.00000000535553	30	30
0.14554	0.00000000534682	30	30
0.14540	0.00000000534131	30	30
0.14535	0.00000000534630	30	30
0.14559	0.00000000544283	30	30
0.14530	0.00000000550569	30	30
0.14573	0.00000000543700	30	30
0.14524	0.00000000541331	30	30
0.14531	0.00000000534841	30	30
0.13564	0.00000000551552	30	30
0.29676	0.00000001684973	30	30
0.15082	0.00000000569107	30	30
0.14535	0.00000000531855	30	30
0.14530	0.00000000532652	30	30
0.14550	0.00000000532503	30	30
0.14552	0.00000000545777	30	30
0.14523	0.00000000549152	30	30
0.14555	0.00000000535734	30	30
0.14545	0.00000000530946	30	30
0.14547	0.00000000532235	30	30
0.14531	0.00000000537848	30	30
0.14554	0.00000000535458	30	30
0.14542	0.00000000550091	30	30
0.14529	0.00000000535663	30	30
0.14539	0.00000000550377	30	30
0.14552	0.00000000540733	30	30
0.14517	0.00000000538537	30	30
0.14563	0.00000000544572	30	30
0.14556	0.00000000540478	30	30
0.13628	0.00000000519292	30	30
0.15078	0.00000000657069	30	30
0.15158	0.00000000550063	30	30
0.15139	0.00000000565254	30	30
0.15109	0.00000000554708	30	30
0.15165	0.00000000556587	30	30
0.15138	0.00000000569937	30	30
0.15153	0.00000000557787	30	30
0.15125	0.00000000550305	30	30
0.15127	0.00000000554202	30	30
0.15144	0.00000000559047	30	30
0.15128	0.00000000558409	30	30
0.15127	0.00000000571436	30	30
0.15159	0.00000000558146	30	30
0.15117	0.00000000570975	30	30
0.15142	0.00000000559865	30	30
0.15138	0.00000000570343	30	30
0.15149	0.00000000563765	30	30
0.15122	0.00000000560179	30	30
0.13027	0.00000000587992	30	30
0.10484	0.00000000438544	30	30
0.09504	0.00000000525133	30	30
0.11481	0.00000000754017	30	30
0.12870	0.00000000571308	30	30
0.12330	0.00000000528758	30	30
0.12686	0.00000000559163	30	30
0.12496	0.00000000564632	30	30
0.20367	0.00000001132616	30	30
0.16128	0.00000000648564	30	30
0.14542	0.00000000528493	30	30
0.14531	0.00000000532003	30	30
0.14539	0.00000000546787	30	30
0.14549	0.00000000548380	30	30
0.14547	0.00000000536751	30	30
0.14529	0.00000000536888	30	30
0.14559	0.00000000532805	30	30
0.14522	0.00000000530155	30	30
0.14527	0.00000000538282	30	30
0.14596	0.00000000549050	30	30
0.14510	0.00000000535803	30	30
0.14547	0.00000000550603	30	30
0.14568	0.00000000532629	30	30
0.14533	0.00000000540433	30	30
0.14561	0.00000000540439	30	30
0.14501	0.00000000543086	30	30
0.14525	0.00000000537958	30	30
0.13803	0.00000000521221	30	30
0.24014	0.00000001387674	30	30
0.17055	0.00000000715712	30	30
0.14544	0.00000000541927	30	30
0.14525	0.00000000545067	30	30
0.14553	0.00000000535193	30	30
0.14541	0.00000000534961	30	30
0.14523	0.00000000535634	30	30
0.14562	0.00000000538481	30	30
0.14544	0.00000000530364	30	30
0.14558	0.00000000531941	30	30
0.14511	0.00000000536781	30	30
0.14548	0.00000000549911	30	30
0.14539	0.00000000549970	30	30
0.14528	0.00000000537796	30	30
0.14570	0.00000000538445	30	30
0.14520	0.00000000534725	30	30
0.14535	0.00000000543381	30	30
0.14556	0.00000000548023	30	30
0.14556	0.00000000540395	30	30
0.13898	0.00000000526319	30	30
0.15578	0.00000000655426	30	30
0.10969	0.00000000566101	30	30
0.22882	0.00000001390089	30	30
0.15582	0.00000000607067	30	30
0.14904	0.00000000544630	30	30
0.14888	0.00000000552952	30	30
0.14882	0.00000000559048	30	30
0.14880	0.00000000546451	30	30
0.14887	0.00000000550807	30	30
0.14895	0.00000000542898	30	30
0.14868	0.00000000542725	30	30
0.14872	0.00000000545272	30	30
0.14892	0.00000000548839	30	30
0.14871	0.00000000559607	30	30
0.14886	0.00000000566651	30	30
0.14892	0.00000000541969	30	30
0.14875	0.00000000547736	30	30
0.14894	0.00000000559249	30	30
0.14869	0.00000000554604	30	30
0.14902	0.00000000554296	30	30
0.14562	0.00000000544319	30	30
0.17281	0.00000000761256	30	30
0.24876	0.00000001398455	30	30
0.23529	0.00000001510469	30	30
0.28886	0.00000001720386	30	30
0.15693	0.00000000640106	30	30
0.14555	0.00000000527315	30	30
0.14508	0.00000000530455	30	30
0.14554	0.00000000530716	30	30
0.14546	0.00000000532694	30	30
0.14496	0.00000000535509	30	30
0.14582	0.00000000537087	30	30
0.14542	0.00000000528994	30	30
0.14529	0.00000000553384	30	30
0.14552	0.00000000535408	30	30
0.14602	0.00000000533540	30	30
0.14484	0.00000000532176	30	30
0.14527	0.00000000536370	30	30
0.14545	0.00000000535154	30	30
0.14546	0.00000000542311	30	30
0.14517	0.00000000558332	30	30
0.14562	0.00000000543090	30	30
0.14542	0.00000000536567	30	30
0.13491	0.00000000534612	30	30
0.26809	0.00000001725601	30	30
0.17924	0.00000000798707	30	30
0.14533	0.00000000531598	30	30
0.14569	0.00000000532556	30	30
0.14537	0.00000000531897	30	30
0.14542	0.00000000546044	30	30
0.14529	0.00000000536907	30	30
0.14559	0.00000000552537	30	30
0.14547	0.00000000531255	30	30
0.14507	0.00000000532285	30	30
0.14550	0.00000000537056	30	30
0.14561	0.00000000537130	30	30
0.14510	0.00000000536589	30	30
0.14565	0.00000000539506	30	30
0.14548	0.00000000547570	30	30
0.14532	0.00000000550539	30	30
0.14535	0.00000000542774	30	30
0.14552	0.00000000544428	30	30
0.14550	0.00000000540848	30	30
0.13878	0.00000000512603	30	30
0.14683	0.00000000632748	30	30
0.15132	0.00000000552888	30	30
0.15138	0.00000000551501	30	30
0.15139	0.00000000554800	30	30
0.15165	0.00000000566002	30	30
0.15125	0.00000000570241	30	30
0.15120	0.00000000559866	30	30
0.15152	0.00000000549792	30	30
0.15128	0.00000000551800	30	30
0.15106	0.00000000557538	30	30
0.15159	0.00000000557610	30	30
0.15146	0.00000000557672	30	30
0.15154	0.00000000583118	30	30
0.15109	0.00000000557820	30	30
0.15128	0.00000000554923	30	30
0.15142	0.00000000568416	30	30
0.15122	0.00000000565834	30	30
0.15159	0.00000000561005	30	30
0.14101	0.00000000555333	30	30
0.10605	0.00000000444094	30	30
0.09851	0.00000000470273	30	30
0.09485	0.00000000929815	30	30
0.12866	0.00000000559177	30	30
0.12459	0.00000000530138	30	30
0.12917	0.00000000573476	30	30
0.12492	0.00000000570562	30	30
0.16988	0.00000000857117	30	30
0.17778	0.00000000805366	30	30
0.14534	0.00000000532239	30	30
0.14557	0.00000000534426	30	30
0.14534	0.00000000532007	30	30
0.14559	0.00000000534820	30	30
0.14530	0.00000000536723	30	30
0.14546	0.00000000540557	30	30
0.14551	0.00000000543583	30	30
0.14519	0.00000000545147	30	30
0.14544	0.00000000537917	30	30
0.14604	0.00000000536936	30	30
0.14475	0.00000000531466	30	30
0.14559	0.00000000538539	30	30
0.14535	0.00000000535601	30	30
0.14530	0.00000000558250	30	30
0.14542	0.00000000547198	30	30
0.14595	0.00000000546224	30	30
0.14504	0.00000000537702	30	30
0.14080	0.00000000506648	30	30
0.19996	0.00000000992304	30	30
0.17815	0.00000000803872	30	30
0.14522	0.00000000531468	30	30
0.14555	0.00000000533019	30	30
0.14524	0.00000000534177	30	30
0.14520	0.00000000533377	30	30
0.14560	0.00000000538712	30	30
0.14562	0.00000000564276	30	30
0.14525	0.00000000533228	30	30
0.14577	0.00000000534374	30	30
0.14547	0.00000000535628	30	30
0.14530	0.00000000537551	30	30
0.14537	0.00000000538592	30	30
0.14671	0.00000000553465	30	30
0.14587	0.00000000552079	30	30
0.14642	0.00000000541196	30	30
0.14653	0.00000000550423	30	30
0.14626	0.00000000552147	30	30
0.14662	0.00000000548195	30	30
0.13913	0.00000000531979	30	30
0.15419	0.00000000791124	30	30
0.11025	0.00000000549067	30	30
0.21934	0.00000001366798	30	30
0.16003	0.00000000640977	30	30
0.14859	0.00000000543017	30	30
0.14946	0.00000000550337	30	30
0.14988	0.00000000568275	30	30
0.14885	0.00000000556041	30	30
0.14880	0.00000000551434	30	30
0.14890	0.00000000545595	30	30
0.14893	0.00000000541923	30	30
0.14869	0.00000000545597	30	30
0.14912	0.00000000548475	30	30
0.14885	0.00000000546344	30	30
0.14853	0.00000000565085	30	30
0.14911	0.00000000555876	30	30
0.14897	0.00000000550711	30	30
0.14856	0.00000000553370	30	30
0.14881	0.00000000558234	30	30
0.14906	0.00000000551427	30	30
0.14600	0.00000000544933	30	30
0.16239	0.00000000672090	30	30
0.24924	0.00000001399953	30	30
0.24234	0.00000001486808	30	30
0.26884	0.00000001678550	30	30
0.16931	0.00000000732297	30	30
0.14550	0.00000000525931	30	30
0.14524	0.00000000530865	30	30
0.14544	0.00000000532345	30	30
0.14547	0.00000000530836	30	30
0.14532	0.00000000532259	30	30
0.14544	0.00000000538356	30	30
0.14585	0.00000000557273	30	30
0.14535	0.00000000528611	30	30
0.14524	0.00000000535590	30	30
0.14559	0.00000000535649	30	30
0.14540	0.00000000535853	30	30
0.14540	0.00000000532812	30	30
0.14544	0.00000000534084	30	30
0.14537	0.00000000550104	30	30
0.14559	0.00000000551090	30	30
0.14513	0.00000000542811	30	30
0.14546	0.00000000537537	30	30
0.13831	0.00000000512176	30	30
0.20043	0.00000001195561	30	30
0.19972	0.00000000948998	30	30
0.14560	0.00000000532524	30	30
0.14525	0.00000000534738	30	30
0.14568	0.00000000532037	30	30
0.14539	0.00000000547465	30	30
0.14530	0.00000000547651	30	30
0.14553	0.00000000541842	30	30
0.14555	0.00000000531776	30	30
0.14543	0.00000000532763	30	30
0.14523	0.00000000536365	30	30
0.14547	0.00000000538160	30	30
0.14561	0.00000000535837	30	30
0.14510	0.00000000554119	30	30
0.14538	0.00000000546346	30	30
0.14552	0.00000000535167	30	30
0.14524	0.00000000544550	30	30
0.14578	0.00000000546619	30	30
0.14549	0.00000000540798	30	30
0.14382	0.00000000522456	30	30
0.14183	0.00000000588282	30	30
0.15140	0.00000000552332	30	30
0.15145	0.00000000553958	30	30
0.15125	0.00000000556464	30	30
0.15145	0.00000000555266	30	30
0.15130	0.00000000556702	30	30
0.15132	0.00000000559052	30	30
0.15148	0.00000000551699	30	30
0.15140	0.00000000565316	30	30
0.15139	0.00000000572493	30	30
0.15111	0.00000000560545	30	30
0.15147	0.00000000557541	30	30
0.15139	0.00000000559832	30	30
0.15109	0.00000000557923	30	30
0.15154	0.00000000558702	30	30
0.15152	0.00000000568147	30	30
0.15104	0.00000000590678	30	30
0.15151	0.00000000561692	30	30
0.13755	0.00000000592123	30	30
0.09055	0.00000000502596	30	30
0.10448	0.00000000439934	30	30
0.07739	0.00000000896940	30	30
0.01536	0.00000001004651	30	30
0.09672	0.00000000631498	30	30
0.11999	0.00000000582254	30	30
0.12642	0.00000000526924	30	30
0.12790	0.00000000555064	30	30
0.12477	0.00000000570009	30	30
0.18620	0.00000001000224	30	30
0.16827	0.00000000698647	30	30
0.14544	0.00000000532472	30	30
0.14548	0.00000000558262	30	30
0.14553	0.00000000532701	30	30
0.14524	0.00000000537624	30	30
0.14541	0.00000000536553	30	30
0.14537	0.00000000539725	30	30
0.14550	0.00000000529584	30	30
0.14546	0.00000000533484	30	30
0.14543	0.00000000547700	30	30
0.14549	0.00000000550792	30	30
0.14514	0.00000000539365	30	30
0.14558	0.00000000537696	30	30
0.14538	0.00000000533578	30	30
0.14526	0.00000000538367	30	30
0.14556	0.00000000545245	30	30
0.14557	0.00000000570812	30	30
0.14517	0.00000000540310	30	30
0.13797	0.00000000521313	30	30
0.21808	0.00000001241433	30	30
0.18480	0.00000000840160	30	30
0.14570	0.00000000547134	30	30
0.14541	0.00000000533576	30	30
0.14538	0.00000000533374	30	30
0.14552	0.00000000536043	30	30
0.14535	0.00000000534576	30	30
0.14542	0.00000000540142	30	30
0.14524	0.00000000534869	30	30
0.14561	0.00000000531986	30	30
0.14532	0.00000000548132	30	30
0.14525	0.00000000550590	30	30
0.14549	0.00000000537802	30	30
0.14543	0.00000000538863	30	30
0.14564	0.00000000537293	30	30
0.14534	0.00000000536606	30	30
0.14544	0.00000000545901	30	30
0.14570	0.00000000559731	30	30
0.14503	0.00000000551965	30	30
0.14061	0.00000000512291	30	30
0.15015	0.00000000649730	30	30
=============================================================================

============================ Tabulate Statistics ============================
PWR_PKG_ENERGY	INST_RETIRED	TOR_OCCUPANCY	RR_OCCUPANCY	TIPI	L3_MISS	L2_MISS	TIME	
12025.689697	2130169553553	156591248541	156594519269	0.147024	3812507400	16046688840	63931.245644	
=============================================================================

============================ TIPI SLAB Statistics ============================

==============================================================================
===== Test PASSED in 0.0 msec =====
