
-----
mkdir timedrun fake

Initial Residual = 13573.6
Iteration = 15   Residual = 178.727
Iteration = 30   Residual = 1.21771
Iteration = 45   Residual = 0.00834386
Iteration = 60   Residual = 5.70757e-05
Iteration = 75   Residual = 3.89343e-07
Iteration = 90   Residual = 2.6426e-09
Iteration = 105   Residual = 1.77417e-11
Iteration = 120   Residual = 1.15261e-13
Iteration = 135   Residual = 6.18993e-16
Iteration = 149   Residual = 5.09223e-18
Mini-Application Name: hpccg
Mini-Application Version: 1.0
Parallelism: 
  MPI not enabled: 
  Number of OpenMP threads: 20
Dimensions: 
  nx: 256
  ny: 256
  nz: 1024
Number of iterations: 149
Final residual: 5.09223e-18
#********** Performance Summary (times in sec) ***********: 
Time Summary: 
  Total   : 1183.2
  DDOT    : 60.132
  WAXPBY  : 184.016
  SPARSEMV: 937.7
FLOPS Summary: 
  Total   : 6.3995e+11
  DDOT    : 3.99969e+10
  WAXPBY  : 5.99953e+10
  SPARSEMV: 5.39958e+11
MFLOPS Summary: 
  Total   : 540.864
  DDOT    : 665.151
  WAXPBY  : 326.033
  SPARSEMV: 575.832

============================ Unprocessed Statistics ============================
TIPI	JPI	Uncore1	Uncore2
0.12106	0.00000000436195	30	30
0.12096	0.00000000430783	30	30
0.12083	0.00000000443920	30	30
0.12104	0.00000000437319	30	30
0.12111	0.00000000433799	30	30
0.12093	0.00000000433910	30	30
0.12097	0.00000000435688	30	30
0.12100	0.00000000436366	30	30
0.12102	0.00000000436149	30	30
0.12080	0.00000000433059	30	30
0.12119	0.00000000437906	30	30
0.12106	0.00000000437711	30	30
0.12096	0.00000000434198	30	30
0.09627	0.00000000399629	30	30
0.08391	0.00000000406607	30	30
0.13817	0.00000000735800	30	30
0.13035	0.00000000684496	30	30
0.09946	0.00000000472238	30	30
0.12285	0.00000000511714	30	30
0.12103	0.00000000435444	30	30
0.12104	0.00000000435414	30	30
0.12093	0.00000000436670	30	30
0.12101	0.00000000437763	30	30
0.12075	0.00000000446812	30	30
0.12132	0.00000000435503	30	30
0.12085	0.00000000445055	30	30
0.12092	0.00000000439591	30	30
0.12106	0.00000000436839	30	30
0.12090	0.00000000435271	30	30
0.12096	0.00000000446475	30	30
0.12127	0.00000000437843	30	30
0.12079	0.00000000447692	30	30
0.09838	0.00000000395994	30	30
0.12735	0.00000000521407	30	30
0.14154	0.00000000768042	30	30
0.10027	0.00000000466347	30	30
0.13898	0.00000000727061	30	30
0.12117	0.00000000447581	30	30
0.12087	0.00000000437267	30	30
0.12097	0.00000000438148	30	30
0.12103	0.00000000437879	30	30
0.12096	0.00000000450150	30	30
0.12055	0.00000000440378	30	30
0.12149	0.00000000446199	30	30
0.12081	0.00000000436982	30	30
0.12098	0.00000000437964	30	30
0.12113	0.00000000437836	30	30
0.12098	0.00000000438981	30	30
0.12109	0.00000000451313	30	30
0.12109	0.00000000440368	30	30
0.12085	0.00000000450175	30	30
0.11372	0.00000000431867	30	30
0.14105	0.00000000682384	30	30
0.14126	0.00000000782605	30	30
0.09963	0.00000000456751	30	30
0.12556	0.00000000534305	30	30
0.12107	0.00000000438363	30	30
0.12061	0.00000000447719	30	30
0.12133	0.00000000440281	30	30
0.12100	0.00000000439868	30	30
0.12080	0.00000000438570	30	30
0.12120	0.00000000441121	30	30
0.12100	0.00000000449623	30	30
0.12094	0.00000000447337	30	30
0.12116	0.00000000442390	30	30
0.12087	0.00000000435252	30	30
0.12101	0.00000000439228	30	30
0.12091	0.00000000449347	30	30
0.12140	0.00000000437546	30	30
0.11436	0.00000000429838	30	30
0.12834	0.00000000523299	30	30
0.14193	0.00000000777575	30	30
0.09404	0.00000000452811	30	30
0.13526	0.00000000740106	30	30
0.12238	0.00000000450390	30	30
0.12190	0.00000000455332	30	30
0.12233	0.00000000444354	30	30
0.12147	0.00000000455332	30	30
0.12218	0.00000000439905	30	30
0.12235	0.00000000456309	30	30
0.12294	0.00000000451953	30	30
0.12055	0.00000000441219	30	30
0.12107	0.00000000451257	30	30
0.12106	0.00000000438895	30	30
0.12074	0.00000000439622	30	30
0.12253	0.00000000450267	30	30
0.12116	0.00000000439238	30	30
0.12066	0.00000000450618	30	30
0.11301	0.00000000428183	30	30
0.13816	0.00000000666020	30	30
0.14122	0.00000000753160	30	30
0.10029	0.00000000479434	30	30
0.12740	0.00000000547430	30	30
0.12063	0.00000000439840	30	30
0.12133	0.00000000440905	30	30
0.12106	0.00000000439555	30	30
0.12099	0.00000000451968	30	30
0.12098	0.00000000439861	30	30
0.12099	0.00000000449790	30	30
0.12103	0.00000000439445	30	30
0.12094	0.00000000440022	30	30
0.12106	0.00000000437162	30	30
0.12099	0.00000000434777	30	30
0.12064	0.00000000448160	30	30
0.12132	0.00000000442132	30	30
0.12103	0.00000000445557	30	30
0.11995	0.00000000436072	30	30
0.11948	0.00000000484396	30	30
0.14168	0.00000000788043	30	30
0.10203	0.00000000480255	30	30
0.13357	0.00000000714995	30	30
0.12182	0.00000000448845	30	30
0.12105	0.00000000437779	30	30
0.12095	0.00000000451811	30	30
0.12110	0.00000000439716	30	30
0.12086	0.00000000450872	30	30
0.12092	0.00000000442696	30	30
0.12106	0.00000000439125	30	30
0.12112	0.00000000439398	30	30
0.12049	0.00000000440504	30	30
0.12151	0.00000000452226	30	30
0.12088	0.00000000439307	30	30
0.12089	0.00000000452646	30	30
0.12102	0.00000000440501	30	30
0.12112	0.00000000440780	30	30
0.10919	0.00000000423782	30	30
0.14028	0.00000000652347	30	30
0.14176	0.00000000772091	30	30
0.09958	0.00000000466264	30	30
0.12888	0.00000000569827	30	30
0.12102	0.00000000447288	30	30
0.12110	0.00000000440038	30	30
0.12075	0.00000000441717	30	30
0.12116	0.00000000440051	30	30
0.12104	0.00000000450792	30	30
0.12091	0.00000000450123	30	30
0.12102	0.00000000440089	30	30
0.12096	0.00000000441854	30	30
0.12065	0.00000000442612	30	30
0.12134	0.00000000440062	30	30
0.12092	0.00000000452336	30	30
0.12072	0.00000000440798	30	30
0.12140	0.00000000454459	30	30
0.12036	0.00000000440269	30	30
0.11819	0.00000000469651	30	30
0.14141	0.00000000777644	30	30
0.10807	0.00000000535961	30	30
0.12505	0.00000000637667	30	30
0.12059	0.00000000452286	30	30
0.12105	0.00000000450318	30	30
0.12114	0.00000000437564	30	30
0.12090	0.00000000450994	30	30
0.12098	0.00000000442085	30	30
0.12092	0.00000000439500	30	30
0.12080	0.00000000439758	30	30
0.12117	0.00000000452307	30	30
0.12114	0.00000000451862	30	30
0.12049	0.00000000440273	30	30
0.12139	0.00000000438518	30	30
0.12099	0.00000000439618	30	30
0.12073	0.00000000440489	30	30
0.12118	0.00000000454468	30	30
0.11097	0.00000000425697	30	30
0.14039	0.00000000643870	30	30
0.14105	0.00000000773427	30	30
0.09999	0.00000000465507	30	30
0.12854	0.00000000575645	30	30
0.12152	0.00000000441727	30	30
0.12081	0.00000000448489	30	30
0.12089	0.00000000441711	30	30
0.12112	0.00000000442583	30	30
0.12101	0.00000000450495	30	30
0.12122	0.00000000441836	30	30
0.12085	0.00000000439311	30	30
0.12091	0.00000000443750	30	30
0.12091	0.00000000452939	30	30
0.12094	0.00000000438935	30	30
0.12105	0.00000000452183	30	30
0.12104	0.00000000440714	30	30
0.12070	0.00000000441287	30	30
0.12097	0.00000000443123	30	30
0.11690	0.00000000471749	30	30
0.14048	0.00000000771041	30	30
0.11060	0.00000000546756	30	30
0.12078	0.00000000609641	30	30
0.12103	0.00000000467245	30	30
0.12121	0.00000000442927	30	30
0.12107	0.00000000449947	30	30
0.12109	0.00000000439131	30	30
0.12076	0.00000000442636	30	30
0.12115	0.00000000440985	30	30
0.12103	0.00000000450722	30	30
0.12094	0.00000000442413	30	30
0.12111	0.00000000453416	30	30
0.12092	0.00000000440772	30	30
0.12049	0.00000000439831	30	30
0.12140	0.00000000445185	30	30
0.12104	0.00000000441238	30	30
0.12095	0.00000000452715	30	30
0.10996	0.00000000435216	30	30
0.14060	0.00000000616315	30	30
0.14033	0.00000000770652	30	30
0.09964	0.00000000469677	30	30
0.12995	0.00000000589708	30	30
0.12068	0.00000000439404	30	30
0.12131	0.00000000454672	30	30
0.12105	0.00000000440220	30	30
0.12087	0.00000000453134	30	30
0.12100	0.00000000443171	30	30
0.12110	0.00000000443018	30	30
0.12101	0.00000000439807	30	30
0.12093	0.00000000454424	30	30
0.12107	0.00000000442403	30	30
0.12097	0.00000000451062	30	30
0.12061	0.00000000442348	30	30
0.12142	0.00000000444859	30	30
0.12088	0.00000000442351	30	30
0.12087	0.00000000442738	30	30
0.11539	0.00000000462862	30	30
0.14180	0.00000000777689	30	30
0.11642	0.00000000589464	30	30
0.11496	0.00000000578287	30	30
0.12190	0.00000000465352	30	30
0.12105	0.00000000453043	30	30
0.12101	0.00000000440403	30	30
0.12090	0.00000000441996	30	30
0.12131	0.00000000442763	30	30
0.12081	0.00000000452382	30	30
0.12092	0.00000000441262	30	30
0.12094	0.00000000452163	30	30
0.12090	0.00000000443856	30	30
0.12108	0.00000000441591	30	30
0.12104	0.00000000440241	30	30
0.12055	0.00000000452886	30	30
0.12136	0.00000000445267	30	30
0.12115	0.00000000451951	30	30
0.10895	0.00000000421373	30	30
0.14014	0.00000000605672	30	30
0.14167	0.00000000793426	30	30
0.09964	0.00000000457408	30	30
0.13173	0.00000000623928	30	30
0.12099	0.00000000438855	30	30
0.12058	0.00000000440820	30	30
0.12147	0.00000000453162	30	30
0.12095	0.00000000442351	30	30
0.12098	0.00000000442334	30	30
0.12094	0.00000000454014	30	30
0.12094	0.00000000441383	30	30
0.12110	0.00000000453441	30	30
0.12088	0.00000000443044	30	30
0.12122	0.00000000440483	30	30
0.12081	0.00000000440732	30	30
0.12073	0.00000000444455	30	30
0.12135	0.00000000453443	30	30
0.12090	0.00000000442104	30	30
0.11669	0.00000000462231	30	30
0.14205	0.00000000765683	30	30
0.12054	0.00000000632299	30	30
0.11148	0.00000000543356	30	30
0.12221	0.00000000485723	30	30
0.12105	0.00000000442485	30	30
0.12094	0.00000000439661	30	30
0.12101	0.00000000454629	30	30
0.12102	0.00000000443739	30	30
0.12105	0.00000000451848	30	30
0.12089	0.00000000442154	30	30
0.12092	0.00000000441299	30	30
0.12108	0.00000000447129	30	30
0.12085	0.00000000439350	30	30
0.12114	0.00000000451900	30	30
0.12096	0.00000000443782	30	30
0.12074	0.00000000443382	30	30
0.12126	0.00000000451925	30	30
0.10876	0.00000000420618	30	30
0.14072	0.00000000616723	30	30
0.14179	0.00000000778093	30	30
0.09964	0.00000000468762	30	30
0.12953	0.00000000609986	30	30
0.12106	0.00000000454997	30	30
0.12109	0.00000000442559	30	30
0.12086	0.00000000440929	30	30
0.12115	0.00000000444866	30	30
0.12099	0.00000000453876	30	30
0.12103	0.00000000441748	30	30
0.12100	0.00000000451751	30	30
0.12093	0.00000000444886	30	30
0.12104	0.00000000442317	30	30
0.12097	0.00000000440543	30	30
0.12083	0.00000000453276	30	30
0.12121	0.00000000443371	30	30
0.12053	0.00000000443446	30	30
0.12147	0.00000000454429	30	30
0.11513	0.00000000440432	30	30
0.14015	0.00000000778921	30	30
0.12745	0.00000000674690	30	30
0.10726	0.00000000508790	30	30
0.12271	0.00000000492747	30	30
0.12122	0.00000000445478	30	30
0.12090	0.00000000441077	30	30
0.12127	0.00000000442283	30	30
0.12079	0.00000000454602	30	30
0.12105	0.00000000443157	30	30
0.12093	0.00000000451704	30	30
0.12102	0.00000000443475	30	30
0.12106	0.00000000444788	30	30
0.12095	0.00000000441980	30	30
0.12063	0.00000000451602	30	30
0.12149	0.00000000445545	30	30
0.12088	0.00000000452981	30	30
0.12092	0.00000000442045	30	30
0.10735	0.00000000420700	30	30
0.14058	0.00000000600188	30	30
0.14179	0.00000000774848	30	30
0.09968	0.00000000470575	30	30
0.13301	0.00000000637056	30	30
0.12066	0.00000000454909	30	30
0.12125	0.00000000442242	30	30
0.12102	0.00000000442138	30	30
0.12080	0.00000000443357	30	30
0.12107	0.00000000455923	30	30
0.12114	0.00000000440622	30	30
0.12100	0.00000000452067	30	30
0.12088	0.00000000444457	30	30
0.12121	0.00000000442217	30	30
0.12080	0.00000000441242	30	30
0.12100	0.00000000453440	30	30
0.12099	0.00000000443732	30	30
0.12093	0.00000000452782	30	30
0.12069	0.00000000443965	30	30
0.11581	0.00000000442039	30	30
0.13724	0.00000000741802	30	30
0.13597	0.00000000734249	30	30
0.10266	0.00000000490785	30	30
0.12395	0.00000000508390	30	30
0.12111	0.00000000442451	30	30
0.12089	0.00000000441839	30	30
0.12099	0.00000000442038	30	30
0.12086	0.00000000454301	30	30
0.12094	0.00000000445285	30	30
0.12122	0.00000000443862	30	30
0.12086	0.00000000452032	30	30
0.12066	0.00000000444127	30	30
0.12140	0.00000000445910	30	30
0.12085	0.00000000439381	30	30
0.12134	0.00000000445208	30	30
0.12074	0.00000000454191	30	30
0.12108	0.00000000452338	30	30
0.10585	0.00000000414735	30	30
0.14078	0.00000000577359	30	30
0.14205	0.00000000779736	30	30
0.09997	0.00000000470942	30	30
0.13460	0.00000000668118	30	30
0.12108	0.00000000455228	30	30
0.12108	0.00000000442457	30	30
0.12077	0.00000000451661	30	30
0.12110	0.00000000444139	30	30
0.12081	0.00000000444006	30	30
0.12096	0.00000000446019	30	30
0.12128	0.00000000442507	30	30
0.12101	0.00000000453406	30	30
0.12070	0.00000000453647	30	30
0.12121	0.00000000442824	30	30
0.12092	0.00000000441065	30	30
0.12090	0.00000000443592	30	30
0.12116	0.00000000445040	30	30
0.12086	0.00000000454108	30	30
0.11561	0.00000000451302	30	30
0.13992	0.00000000725444	30	30
0.13837	0.00000000768225	30	30
0.10099	0.00000000469976	30	30
0.12468	0.00000000520407	30	30
0.12104	0.00000000443094	30	30
0.12112	0.00000000442126	30	30
0.12079	0.00000000454252	30	30
0.12097	0.00000000443114	30	30
0.12095	0.00000000454705	30	30
0.12087	0.00000000443884	30	30
0.12116	0.00000000442909	30	30
0.12089	0.00000000443900	30	30
0.12073	0.00000000455794	30	30
0.12132	0.00000000442101	30	30
0.12095	0.00000000443805	30	30
0.12123	0.00000000453823	30	30
0.12073	0.00000000442301	30	30
0.10519	0.00000000422771	30	30
0.14139	0.00000000565699	30	30
0.14164	0.00000000781380	30	30
0.09992	0.00000000470984	30	30
0.13630	0.00000000705937	30	30
0.12078	0.00000000445390	30	30
0.12101	0.00000000442430	30	30
0.12098	0.00000000452680	30	30
0.12098	0.00000000444143	30	30
0.12119	0.00000000443958	30	30
0.12083	0.00000000443961	30	30
0.12056	0.00000000442785	30	30
0.12153	0.00000000456182	30	30
0.12089	0.00000000445391	30	30
0.12086	0.00000000452019	30	30
0.12122	0.00000000445389	30	30
0.12105	0.00000000443699	30	30
0.12109	0.00000000442953	30	30
0.12064	0.00000000455112	30	30
0.11323	0.00000000437222	30	30
0.13978	0.00000000710467	30	30
0.14132	0.00000000779441	30	30
0.09963	0.00000000472240	30	30
0.12515	0.00000000519831	30	30
0.12095	0.00000000444886	30	30
0.12101	0.00000000452776	30	30
0.12113	0.00000000442079	30	30
0.12080	0.00000000455175	30	30
0.12112	0.00000000444405	30	30
0.12108	0.00000000441730	30	30
0.12080	0.00000000442053	30	30
0.12101	0.00000000457818	30	30
0.12115	0.00000000443788	30	30
0.12051	0.00000000449521	30	30
0.12137	0.00000000446561	30	30
0.12098	0.00000000444740	30	30
0.12094	0.00000000453253	30	30
0.11051	0.00000000418956	30	30
0.13140	0.00000000543334	30	30
0.14177	0.00000000777964	30	30
0.10021	0.00000000473621	30	30
0.13801	0.00000000734322	30	30
0.12143	0.00000000453043	30	30
0.12054	0.00000000442804	30	30
0.12093	0.00000000440888	30	30
0.12107	0.00000000444844	30	30
0.12091	0.00000000455995	30	30
0.12117	0.00000000444265	30	30
0.12085	0.00000000441633	30	30
0.12066	0.00000000455015	30	30
0.12125	0.00000000445664	30	30
0.12112	0.00000000442374	30	30
0.12073	0.00000000442450	30	30
0.12129	0.00000000457975	30	30
0.12095	0.00000000442833	30	30
0.12106	0.00000000454057	30	30
0.11342	0.00000000436491	30	30
0.14044	0.00000000687943	30	30
0.14180	0.00000000794136	30	30
0.09981	0.00000000462638	30	30
0.12562	0.00000000541903	30	30
0.12070	0.00000000443669	30	30
0.12130	0.00000000454478	30	30
0.12096	0.00000000442308	30	30
0.12100	0.00000000443555	30	30
0.12081	0.00000000444762	30	30
0.12117	0.00000000455015	30	30
0.12096	0.00000000442042	30	30
0.12084	0.00000000456387	30	30
0.12117	0.00000000445965	30	30
0.12092	0.00000000439843	30	30
0.12063	0.00000000444181	30	30
0.12145	0.00000000457586	30	30
0.12094	0.00000000443286	30	30
0.11450	0.00000000432808	30	30
0.12663	0.00000000530217	30	30
0.14169	0.00000000780859	30	30
0.10029	0.00000000473466	30	30
0.13881	0.00000000751563	30	30
0.12120	0.00000000443540	30	30
0.12108	0.00000000443823	30	30
0.12091	0.00000000443326	30	30
0.12108	0.00000000454659	30	30
0.12082	0.00000000444766	30	30
0.12096	0.00000000446316	30	30
0.12111	0.00000000452424	30	30
0.12089	0.00000000444095	30	30
0.12070	0.00000000445138	30	30
0.12149	0.00000000445385	30	30
0.12086	0.00000000452034	30	30
0.12100	0.00000000446744	30	30
0.12105	0.00000000442554	30	30
0.12087	0.00000000453951	30	30
0.11218	0.00000000434021	30	30
0.14001	0.00000000692585	30	30
0.14165	0.00000000776990	30	30
0.10014	0.00000000473032	30	30
0.12641	0.00000000541268	30	30
0.12107	0.00000000454281	30	30
0.12109	0.00000000442139	30	30
0.12096	0.00000000443588	30	30
0.12086	0.00000000445112	30	30
0.12106	0.00000000454318	30	30
0.12090	0.00000000444850	30	30
0.12109	0.00000000454399	30	30
0.12087	0.00000000444426	30	30
0.12099	0.00000000446825	30	30
0.12111	0.00000000441082	30	30
0.12099	0.00000000454332	30	30
0.12056	0.00000000444580	30	30
0.12148	0.00000000445690	30	30
0.11760	0.00000000446935	30	30
0.12239	0.00000000507133	30	30
0.14107	0.00000000782817	30	30
0.09931	0.00000000471609	30	30
0.13813	0.00000000740475	30	30
0.12133	0.00000000442342	30	30
0.12103	0.00000000453147	30	30
0.12098	0.00000000441708	30	30
0.12096	0.00000000454985	30	30
0.12095	0.00000000444093	30	30
0.12106	0.00000000445049	30	30
0.12116	0.00000000445001	30	30
0.12075	0.00000000454692	30	30
0.12100	0.00000000446104	30	30
0.12103	0.00000000453581	30	30
0.12108	0.00000000441462	30	30
0.12096	0.00000000445835	30	30
0.12078	0.00000000443169	30	30
0.12128	0.00000000455814	30	30
0.11070	0.00000000431622	30	30
0.14039	0.00000000682282	30	30
0.14211	0.00000000785664	30	30
0.09948	0.00000000471858	30	30
0.12685	0.00000000547127	30	30
0.12110	0.00000000457882	30	30
0.12098	0.00000000443468	30	30
0.12068	0.00000000444098	30	30
0.12134	0.00000000446435	30	30
0.12099	0.00000000455474	30	30
0.12113	0.00000000442943	30	30
0.12088	0.00000000444644	30	30
0.12091	0.00000000445275	30	30
0.12104	0.00000000457253	30	30
0.12101	0.00000000439635	30	30
0.12093	0.00000000455303	30	30
0.12112	0.00000000444659	30	30
0.12064	0.00000000444347	30	30
0.11988	0.00000000442737	30	30
0.11797	0.00000000506536	30	30
0.14079	0.00000000777954	30	30
0.10190	0.00000000486794	30	30
0.13419	0.00000000731311	30	30
0.12191	0.00000000451975	30	30
0.12098	0.00000000445346	30	30
0.12113	0.00000000454159	30	30
0.12107	0.00000000443671	30	30
0.12080	0.00000000455941	30	30
0.12111	0.00000000443874	30	30
0.12094	0.00000000443806	30	30
0.12088	0.00000000445502	30	30
0.12119	0.00000000456577	30	30
0.12096	0.00000000444730	30	30
0.12077	0.00000000452654	30	30
0.12121	0.00000000446762	30	30
0.12093	0.00000000444430	30	30
0.12113	0.00000000444591	30	30
0.11004	0.00000000439404	30	30
0.14007	0.00000000659612	30	30
0.14116	0.00000000763999	30	30
0.10015	0.00000000476605	30	30
0.12794	0.00000000581187	30	30
0.12083	0.00000000445335	30	30
0.12127	0.00000000446147	30	30
0.12123	0.00000000454810	30	30
0.12093	0.00000000445282	30	30
0.12095	0.00000000445323	30	30
0.12118	0.00000000456547	30	30
0.12103	0.00000000444161	30	30
0.12081	0.00000000446475	30	30
0.12166	0.00000000448956	30	30
0.12184	0.00000000447195	30	30
0.12157	0.00000000462081	30	30
0.12146	0.00000000450462	30	30
0.12185	0.00000000445700	30	30
0.12136	0.00000000463154	30	30
0.11392	0.00000000471156	30	30
0.13771	0.00000000771580	30	30
0.11208	0.00000000582450	30	30
0.11644	0.00000000602061	30	30
0.12027	0.00000000459479	30	30
0.12126	0.00000000455516	30	30
0.12067	0.00000000442166	30	30
0.12181	0.00000000446321	30	30
0.12165	0.00000000461539	30	30
0.12137	0.00000000446858	30	30
0.12089	0.00000000444422	30	30
0.12112	0.00000000454694	30	30
0.12102	0.00000000447630	30	30
0.12112	0.00000000442996	30	30
0.12092	0.00000000442735	30	30
0.12087	0.00000000455985	30	30
0.12123	0.00000000445587	30	30
0.12105	0.00000000454788	30	30
0.10909	0.00000000427286	30	30
0.14097	0.00000000660307	30	30
0.14164	0.00000000782720	30	30
0.09966	0.00000000463854	30	30
0.12842	0.00000000591665	30	30
0.12110	0.00000000445547	30	30
0.12049	0.00000000453046	30	30
0.12131	0.00000000446550	30	30
0.12108	0.00000000445383	30	30
0.12079	0.00000000444323	30	30
0.12133	0.00000000458309	30	30
0.12102	0.00000000443413	30	30
0.12106	0.00000000446067	30	30
0.12069	0.00000000455254	30	30
0.12117	0.00000000442903	30	30
0.12098	0.00000000444462	30	30
0.12081	0.00000000444159	30	30
0.12118	0.00000000456958	30	30
0.12065	0.00000000445110	30	30
0.11697	0.00000000483875	30	30
0.14265	0.00000000770918	30	30
0.11005	0.00000000558976	30	30
0.12225	0.00000000630700	30	30
0.12139	0.00000000469726	30	30
0.12094	0.00000000445844	30	30
0.12082	0.00000000443361	30	30
0.12128	0.00000000446340	30	30
0.12104	0.00000000456979	30	30
0.12126	0.00000000445115	30	30
0.12072	0.00000000453479	30	30
0.12108	0.00000000445231	30	30
0.12114	0.00000000446980	30	30
0.12072	0.00000000452995	30	30
0.12106	0.00000000443173	30	30
0.12090	0.00000000446146	30	30
0.12065	0.00000000445146	30	30
0.12143	0.00000000457214	30	30
0.11015	0.00000000430302	30	30
0.14017	0.00000000646901	30	30
0.14231	0.00000000768580	30	30
0.09999	0.00000000474660	30	30
0.12942	0.00000000607297	30	30
0.12107	0.00000000445158	30	30
0.12107	0.00000000445599	30	30
0.12053	0.00000000453347	30	30
0.12131	0.00000000447980	30	30
0.12102	0.00000000444553	30	30
0.12163	0.00000000457724	30	30
0.12043	0.00000000442284	30	30
0.12105	0.00000000446532	30	30
0.12093	0.00000000455271	30	30
0.12082	0.00000000443366	30	30
0.12123	0.00000000445927	30	30
0.12090	0.00000000444164	30	30
0.12056	0.00000000458346	30	30
0.12128	0.00000000447358	30	30
0.11610	0.00000000469091	30	30
0.14135	0.00000000769983	30	30
0.11507	0.00000000600953	30	30
0.11602	0.00000000581798	30	30
0.12136	0.00000000478305	30	30
0.12143	0.00000000447186	30	30
0.12100	0.00000000442098	30	30
0.12097	0.00000000454692	30	30
0.12127	0.00000000447611	30	30
0.12100	0.00000000446433	30	30
0.12092	0.00000000453964	30	30
0.12096	0.00000000446139	30	30
0.12103	0.00000000447745	30	30
0.12100	0.00000000444254	30	30
0.12071	0.00000000453850	30	30
0.12123	0.00000000447459	30	30
0.12102	0.00000000445720	30	30
0.12070	0.00000000454279	30	30
0.10927	0.00000000428237	30	30
0.14047	0.00000000632896	30	30
0.14100	0.00000000767836	30	30
0.10043	0.00000000476400	30	30
0.13079	0.00000000622707	30	30
0.12052	0.00000000445070	30	30
0.12137	0.00000000447881	30	30
0.12113	0.00000000452985	30	30
0.12077	0.00000000446634	30	30
0.12108	0.00000000444002	30	30
0.12100	0.00000000443644	30	30
0.12111	0.00000000454871	30	30
0.12075	0.00000000444853	30	30
0.12104	0.00000000454164	30	30
0.12109	0.00000000441848	30	30
0.12081	0.00000000446323	30	30
0.12123	0.00000000457224	30	30
0.12093	0.00000000444479	30	30
0.12053	0.00000000445686	30	30
0.11564	0.00000000463264	30	30
0.14146	0.00000000787821	30	30
0.12098	0.00000000631824	30	30
0.11159	0.00000000547210	30	30
0.12248	0.00000000487484	30	30
0.12079	0.00000000444410	30	30
0.12130	0.00000000445684	30	30
0.12082	0.00000000453803	30	30
0.12112	0.00000000446051	30	30
0.12086	0.00000000446742	30	30
0.12101	0.00000000454514	30	30
0.12100	0.00000000445754	30	30
0.12088	0.00000000449929	30	30
0.12120	0.00000000445776	30	30
0.12095	0.00000000454639	30	30
0.12050	0.00000000444900	30	30
0.12155	0.00000000450269	30	30
0.12097	0.00000000453514	30	30
0.10789	0.00000000421402	30	30
0.14042	0.00000000606354	30	30
0.14167	0.00000000801084	30	30
0.09880	0.00000000460023	30	30
0.13222	0.00000000640919	30	30
0.12083	0.00000000446039	30	30
0.12086	0.00000000453324	30	30
0.12125	0.00000000446387	30	30
0.12083	0.00000000445028	30	30
0.12115	0.00000000444237	30	30
0.12086	0.00000000446545	30	30
0.12126	0.00000000454947	30	30
0.12081	0.00000000444834	30	30
0.12108	0.00000000455304	30	30
0.12108	0.00000000443376	30	30
0.12091	0.00000000445580	30	30
0.12066	0.00000000446180	30	30
0.12127	0.00000000458572	30	30
0.12117	0.00000000447975	30	30
0.11551	0.00000000449450	30	30
0.14061	0.00000000784818	30	30
0.13055	0.00000000698893	30	30
0.10541	0.00000000514131	30	30
0.12302	0.00000000490821	30	30
0.12105	0.00000000455516	30	30
0.12095	0.00000000446054	30	30
0.12090	0.00000000445623	30	30
0.12108	0.00000000446021	30	30
0.12101	0.00000000458030	30	30
0.12070	0.00000000444468	30	30
0.12126	0.00000000447018	30	30
0.12101	0.00000000446628	30	30
0.12092	0.00000000456219	30	30
0.12101	0.00000000444617	30	30
0.12114	0.00000000446863	30	30
0.12094	0.00000000446876	30	30
0.12093	0.00000000457175	30	30
0.10787	0.00000000421293	30	30
0.14084	0.00000000606594	30	30
0.14179	0.00000000789747	30	30
0.10033	0.00000000475193	30	30
0.13337	0.00000000648051	30	30
0.12112	0.00000000448734	30	30
0.12095	0.00000000453170	30	30
0.12117	0.00000000444491	30	30
0.12078	0.00000000456127	30	30
0.12102	0.00000000446140	30	30
0.12129	0.00000000446778	30	30
0.12082	0.00000000456899	30	30
0.12105	0.00000000445768	30	30
0.12112	0.00000000454345	30	30
0.12052	0.00000000441679	30	30
0.12135	0.00000000448065	30	30
0.12105	0.00000000444655	30	30
0.12076	0.00000000455734	30	30
0.12117	0.00000000448152	30	30
0.11758	0.00000000452082	30	30
0.13769	0.00000000763438	30	30
0.13593	0.00000000745720	30	30
0.10282	0.00000000483012	30	30
0.12382	0.00000000512203	30	30
0.12092	0.00000000447779	30	30
0.12118	0.00000000454341	30	30
0.12091	0.00000000444517	30	30
0.12049	0.00000000447379	30	30
0.12147	0.00000000447252	30	30
0.12106	0.00000000455774	30	30
0.12063	0.00000000444768	30	30
0.12120	0.00000000449578	30	30
0.12115	0.00000000446667	30	30
0.12112	0.00000000452633	30	30
0.12084	0.00000000447528	30	30
0.12100	0.00000000447304	30	30
0.12105	0.00000000454190	30	30
0.10506	0.00000000418075	30	30
0.14125	0.00000000597059	30	30
0.14184	0.00000000765240	30	30
0.09958	0.00000000488598	30	30
0.13521	0.00000000680017	30	30
0.12111	0.00000000445628	30	30
0.12090	0.00000000442945	30	30
0.12114	0.00000000455619	30	30
0.12093	0.00000000445171	30	30
0.12050	0.00000000445731	30	30
0.12149	0.00000000459365	30	30
0.12103	0.00000000442661	30	30
0.12075	0.00000000445774	30	30
0.12119	0.00000000447881	30	30
0.12102	0.00000000453689	30	30
0.12111	0.00000000444156	30	30
0.12086	0.00000000457437	30	30
0.12104	0.00000000445234	30	30
0.12082	0.00000000446567	30	30
0.11436	0.00000000443912	30	30
0.14019	0.00000000738111	30	30
0.14001	0.00000000778241	30	30
0.10046	0.00000000470222	30	30
0.12478	0.00000000522904	30	30
0.12096	0.00000000452714	30	30
0.12097	0.00000000443807	30	30
0.12105	0.00000000444337	30	30
0.12094	0.00000000445030	30	30
0.12073	0.00000000457474	30	30
0.12123	0.00000000446333	30	30
0.12107	0.00000000443641	30	30
0.12095	0.00000000456676	30	30
0.12099	0.00000000445198	30	30
0.12101	0.00000000440093	30	30
0.12111	0.00000000455432	30	30
0.12088	0.00000000443991	30	30
0.12096	0.00000000442265	30	30
0.10544	0.00000000421003	30	30
0.14078	0.00000000583164	30	30
0.14173	0.00000000772349	30	30
0.10024	0.00000000485855	30	30
0.13529	0.00000000693207	30	30
0.12115	0.00000000446259	30	30
0.12095	0.00000000455098	30	30
0.12079	0.00000000444379	30	30
0.12119	0.00000000447141	30	30
0.12108	0.00000000445714	30	30
0.12058	0.00000000455358	30	30
0.12122	0.00000000445164	30	30
0.12115	0.00000000454788	30	30
0.12086	0.00000000443914	30	30
0.12108	0.00000000444991	30	30
0.12109	0.00000000453260	30	30
0.12096	0.00000000448290	30	30
0.12076	0.00000000445345	30	30
0.12098	0.00000000444623	30	30
0.11428	0.00000000451129	30	30
0.13985	0.00000000705959	30	30
0.14172	0.00000000780531	30	30
0.10014	0.00000000477246	30	30
0.12465	0.00000000528002	30	30
0.12111	0.00000000446241	30	30
0.12102	0.00000000453729	30	30
0.12074	0.00000000444824	30	30
0.12114	0.00000000447025	30	30
0.12096	0.00000000444589	30	30
0.12071	0.00000000456442	30	30
0.12142	0.00000000446336	30	30
0.12105	0.00000000449493	30	30
0.12083	0.00000000459269	30	30
0.12114	0.00000000444084	30	30
0.12104	0.00000000448609	30	30
0.12111	0.00000000456718	30	30
0.12082	0.00000000447070	30	30
0.10833	0.00000000428867	30	30
0.13535	0.00000000559028	30	30
0.13831	0.00000000778140	30	30
0.09854	0.00000000472672	30	30
0.13529	0.00000000717024	30	30
0.12086	0.00000000447140	30	30
0.12110	0.00000000456379	30	30
0.12100	0.00000000445281	30	30
0.12063	0.00000000455462	30	30
0.12135	0.00000000448479	30	30
0.12110	0.00000000447110	30	30
0.12076	0.00000000443691	30	30
0.12116	0.00000000458996	30	30
0.12097	0.00000000446608	30	30
0.12122	0.00000000444318	30	30
0.12057	0.00000000457188	30	30
0.12131	0.00000000445231	30	30
0.12089	0.00000000445987	30	30
0.12089	0.00000000446602	30	30
0.05249	0.00000000354090	30	30
0.13940	0.00000000581308	30	30
0.13882	0.00000000779826	30	30
0.09891	0.00000000465689	30	30
0.13753	0.00000000725869	30	30
0.12037	0.00000000447499	30	30
0.12160	0.00000000447805	30	30
0.12085	0.00000000451342	30	30
0.12081	0.00000000444171	30	30
0.12118	0.00000000447631	30	30
0.12101	0.00000000445536	30	30
0.12119	0.00000000453582	30	30
0.12072	0.00000000444450	30	30
0.12094	0.00000000457201	30	30
0.12115	0.00000000443708	30	30
0.12084	0.00000000446248	30	30
0.12112	0.00000000444397	30	30
0.12093	0.00000000456303	30	30
0.12061	0.00000000446093	30	30
0.11232	0.00000000439474	30	30
0.14008	0.00000000709007	30	30
0.14094	0.00000000779995	30	30
0.10010	0.00000000479209	30	30
0.12577	0.00000000528530	30	30
0.12073	0.00000000457657	30	30
0.12113	0.00000000445376	30	30
0.12087	0.00000000445503	30	30
0.12086	0.00000000456007	30	30
0.12118	0.00000000447397	30	30
0.12114	0.00000000445032	30	30
0.12110	0.00000000443069	30	30
0.12093	0.00000000458481	30	30
0.12091	0.00000000445814	30	30
0.12101	0.00000000450588	30	30
0.12082	0.00000000445999	30	30
0.12118	0.00000000445172	30	30
0.12099	0.00000000444874	30	30
0.11332	0.00000000433080	30	30
0.12657	0.00000000545525	30	30
0.14136	0.00000000783903	30	30
0.09918	0.00000000463888	30	30
0.13954	0.00000000760833	30	30
0.12107	0.00000000444921	30	30
0.12062	0.00000000442751	30	30
0.12136	0.00000000454767	30	30
0.12088	0.00000000444340	30	30
0.12118	0.00000000444562	30	30
0.12081	0.00000000444300	30	30
0.12109	0.00000000453678	30	30
0.12079	0.00000000444668	30	30
0.12097	0.00000000447201	30	30
0.12131	0.00000000458070	30	30
0.12076	0.00000000443255	30	30
0.12062	0.00000000445558	30	30
0.12142	0.00000000458043	30	30
0.12103	0.00000000444028	30	30
0.11200	0.00000000434483	30	30
0.14005	0.00000000693382	30	30
0.14173	0.00000000765046	30	30
0.09967	0.00000000487608	30	30
0.12734	0.00000000551988	30	30
0.12096	0.00000000447705	30	30
0.12071	0.00000000443767	30	30
0.12133	0.00000000458223	30	30
0.12097	0.00000000447108	30	30
0.12107	0.00000000456181	30	30
0.12093	0.00000000446679	30	30
0.12102	0.00000000444081	30	30
0.12096	0.00000000447093	30	30
0.12097	0.00000000457653	30	30
0.12130	0.00000000442417	30	30
0.12089	0.00000000444830	30	30
0.12056	0.00000000456494	30	30
0.12145	0.00000000446422	30	30
0.11966	0.00000000441619	30	30
0.11974	0.00000000513485	30	30
0.14169	0.00000000785134	30	30
0.09974	0.00000000476599	30	30
0.13921	0.00000000752129	30	30
0.12153	0.00000000448882	30	30
0.12108	0.00000000454285	30	30
0.12105	0.00000000442628	30	30
0.12095	0.00000000447318	30	30
0.12098	0.00000000454032	30	30
0.12105	0.00000000444023	30	30
0.12088	0.00000000444707	30	30
0.12107	0.00000000456453	30	30
0.12098	0.00000000444336	30	30
0.12059	0.00000000445342	30	30
0.12147	0.00000000455268	30	30
0.12096	0.00000000446892	30	30
0.12091	0.00000000445790	30	30
0.12103	0.00000000456375	30	30
0.11167	0.00000000434974	30	30
0.14038	0.00000000675192	30	30
0.14100	0.00000000766119	30	30
0.10011	0.00000000478500	30	30
0.12732	0.00000000573687	30	30
0.12121	0.00000000447650	30	30
0.12108	0.00000000443217	30	30
0.12100	0.00000000455701	30	30
0.12095	0.00000000447500	30	30
0.12101	0.00000000443202	30	30
0.12096	0.00000000454893	30	30
0.12097	0.00000000443122	30	30
0.12109	0.00000000446243	30	30
0.12091	0.00000000456539	30	30
0.12071	0.00000000442771	30	30
0.12131	0.00000000447413	30	30
0.12095	0.00000000452923	30	30
0.12097	0.00000000446414	30	30
0.12007	0.00000000444177	30	30
0.11925	0.00000000503810	30	30
0.14072	0.00000000779579	30	30
0.10351	0.00000000501951	30	30
0.13106	0.00000000711054	30	30
0.12167	0.00000000451996	30	30
0.12108	0.00000000456030	30	30
0.12105	0.00000000443555	30	30
0.12094	0.00000000444376	30	30
0.12082	0.00000000456327	30	30
0.12115	0.00000000445290	30	30
0.12076	0.00000000445059	30	30
0.12084	0.00000000445885	30	30
0.12146	0.00000000458782	30	30
0.12103	0.00000000443312	30	30
0.12137	0.00000000451454	30	30
0.12063	0.00000000443983	30	30
0.12101	0.00000000444006	30	30
0.12101	0.00000000452842	30	30
0.10901	0.00000000428418	30	30
0.14070	0.00000000659421	30	30
0.14153	0.00000000782892	30	30
0.09934	0.00000000475963	30	30
0.12877	0.00000000574716	30	30
0.12105	0.00000000445038	30	30
0.12098	0.00000000456428	30	30
0.12090	0.00000000443962	30	30
0.12111	0.00000000455172	30	30
0.12090	0.00000000444920	30	30
0.12112	0.00000000444776	30	30
0.12097	0.00000000443854	30	30
0.12095	0.00000000458985	30	30
0.12091	0.00000000447663	30	30
0.12111	0.00000000441131	30	30
0.12065	0.00000000456475	30	30
0.12141	0.00000000447080	30	30
0.12100	0.00000000445723	30	30
0.12068	0.00000000441763	30	30
0.11669	0.00000000488275	30	30
0.14170	0.00000000784791	30	30
0.10789	0.00000000532304	30	30
0.12483	0.00000000654060	30	30
0.12091	0.00000000466155	30	30
0.12119	0.00000000453712	30	30
0.12080	0.00000000444333	30	30
0.12112	0.00000000444571	30	30
0.12097	0.00000000454822	30	30
0.12078	0.00000000433800	30	30
0.12116	0.00000000455873	30	30
0.12103	0.00000000444981	30	30
0.12055	0.00000000456687	30	30
0.12139	0.00000000445521	30	30
0.12122	0.00000000444273	30	30
0.12076	0.00000000456293	30	30
0.12129	0.00000000447230	30	30
0.12090	0.00000000443356	30	30
0.11112	0.00000000440475	30	30
0.14024	0.00000000641509	30	30
0.14118	0.00000000783437	30	30
0.09975	0.00000000476171	30	30
0.12956	0.00000000586854	30	30
0.12122	0.00000000456536	30	30
0.12073	0.00000000443497	30	30
0.12116	0.00000000444441	30	30
0.12104	0.00000000455705	30	30
0.12099	0.00000000444779	30	30
0.12093	0.00000000446445	30	30
0.12106	0.00000000453074	30	30
0.12097	0.00000000444820	30	30
0.12081	0.00000000446119	30	30
0.12123	0.00000000452258	30	30
0.12091	0.00000000444016	30	30
0.12059	0.00000000445449	30	30
0.12138	0.00000000450524	30	30
0.12076	0.00000000455305	30	30
0.11513	0.00000000476847	30	30
0.14188	0.00000000773412	30	30
0.11243	0.00000000564335	30	30
0.11944	0.00000000623616	30	30
0.12111	0.00000000475377	30	30
0.12113	0.00000000446817	30	30
0.12088	0.00000000443890	30	30
0.12095	0.00000000444804	30	30
0.12199	0.00000000460897	30	30
0.12150	0.00000000449269	30	30
0.12135	0.00000000450537	30	30
0.12167	0.00000000462516	30	30
0.12226	0.00000000454202	30	30
0.12171	0.00000000450264	30	30
0.12210	0.00000000452424	30	30
0.12174	0.00000000450805	30	30
0.12225	0.00000000465369	30	30
0.12176	0.00000000450853	30	30
0.10998	0.00000000424939	30	30
0.14061	0.00000000623464	30	30
0.14156	0.00000000789126	30	30
0.09954	0.00000000477966	30	30
0.13153	0.00000000620461	30	30
0.12254	0.00000000454889	30	30
0.12094	0.00000000452596	30	30
0.12112	0.00000000445642	30	30
0.12096	0.00000000446290	30	30
0.12070	0.00000000446578	30	30
0.12151	0.00000000457607	30	30
0.12099	0.00000000442492	30	30
0.12076	0.00000000445354	30	30
0.12115	0.00000000456950	30	30
0.12110	0.00000000443114	30	30
0.12103	0.00000000444189	30	30
0.12102	0.00000000457081	30	30
0.12099	0.00000000444884	30	30
0.12087	0.00000000443909	30	30
0.11714	0.00000000471760	30	30
0.14217	0.00000000791335	30	30
0.11635	0.00000000593489	30	30
0.11532	0.00000000592435	30	30
0.12177	0.00000000469259	30	30
0.12101	0.00000000444949	30	30
0.12085	0.00000000455452	30	30
0.12110	0.00000000445477	30	30
0.12106	0.00000000445198	30	30
0.12061	0.00000000456382	30	30
0.12131	0.00000000445573	30	30
0.12096	0.00000000443837	30	30
0.12105	0.00000000446888	30	30
0.12088	0.00000000456337	30	30
0.12110	0.00000000443909	30	30
0.12098	0.00000000444940	30	30
0.12098	0.00000000457642	30	30
0.12116	0.00000000442522	30	30
0.10846	0.00000000425984	30	30
0.13997	0.00000000633038	30	30
0.14198	0.00000000788547	30	30
0.10042	0.00000000477874	30	30
0.13104	0.00000000617369	30	30
0.12118	0.00000000458409	30	30
0.12090	0.00000000443911	30	30
0.12100	0.00000000444294	30	30
0.12099	0.00000000455972	30	30
0.12100	0.00000000447096	30	30
0.12054	0.00000000444964	30	30
0.12144	0.00000000445696	30	30
0.12094	0.00000000456990	30	30
0.12090	0.00000000445473	30	30
0.12108	0.00000000444237	30	30
0.12100	0.00000000447051	30	30
0.12115	0.00000000457310	30	30
0.12113	0.00000000444536	30	30
0.12100	0.00000000445682	30	30
0.11610	0.00000000467503	30	30
0.14126	0.00000000777043	30	30
0.12320	0.00000000660804	30	30
0.11024	0.00000000550443	30	30
0.12226	0.00000000475559	30	30
0.12125	0.00000000448004	30	30
0.12096	0.00000000453342	30	30
0.12062	0.00000000445347	30	30
0.12136	0.00000000448056	30	30
0.12099	0.00000000455640	30	30
0.12110	0.00000000444744	30	30
0.12072	0.00000000445809	30	30
0.12110	0.00000000447239	30	30
0.12116	0.00000000455950	30	30
0.12075	0.00000000444519	30	30
0.12110	0.00000000444920	30	30
0.12103	0.00000000456718	30	30
0.12051	0.00000000443752	30	30
0.10857	0.00000000424947	30	30
0.14012	0.00000000616791	30	30
0.14098	0.00000000784271	30	30
0.09985	0.00000000467314	30	30
0.13242	0.00000000647515	30	30
0.12080	0.00000000457407	30	30
0.12096	0.00000000444754	30	30
0.12105	0.00000000443827	30	30
0.12059	0.00000000447524	30	30
0.12164	0.00000000447467	30	30
0.12094	0.00000000456211	30	30
0.12091	0.00000000442604	30	30
0.12090	0.00000000457398	30	30
0.12115	0.00000000446710	30	30
0.12110	0.00000000443342	30	30
0.12063	0.00000000445244	30	30
0.12121	0.00000000457318	30	30
0.12092	0.00000000445258	30	30
0.12090	0.00000000455329	30	30
0.11389	0.00000000449184	30	30
0.13973	0.00000000754594	30	30
0.13276	0.00000000720173	30	30
0.10452	0.00000000510348	30	30
0.12369	0.00000000506934	30	30
0.12080	0.00000000446509	30	30
0.12122	0.00000000445240	30	30
0.12084	0.00000000445846	30	30
0.12132	0.00000000455750	30	30
0.12072	0.00000000444242	30	30
0.12105	0.00000000445204	30	30
0.12097	0.00000000456225	30	30
0.12089	0.00000000445234	30	30
0.12110	0.00000000447525	30	30
0.12082	0.00000000440285	30	30
0.12078	0.00000000459004	30	30
0.12140	0.00000000447936	30	30
0.12098	0.00000000446292	30	30
0.10710	0.00000000428487	30	30
0.14100	0.00000000592470	30	30
0.14190	0.00000000788671	30	30
0.09926	0.00000000476619	30	30
0.13445	0.00000000666454	30	30
0.12099	0.00000000446606	30	30
0.12082	0.00000000454478	30	30
0.12108	0.00000000445630	30	30
0.12100	0.00000000455462	30	30
0.12123	0.00000000444843	30	30
0.12072	0.00000000446319	30	30
0.12110	0.00000000444705	30	30
0.12088	0.00000000455709	30	30
0.12115	0.00000000447319	30	30
0.12087	0.00000000453393	30	30
0.12098	0.00000000443943	30	30
0.12062	0.00000000446763	30	30
0.12135	0.00000000446098	30	30
0.12102	0.00000000457941	30	30
0.11524	0.00000000448005	30	30
0.13976	0.00000000758845	30	30
0.13781	0.00000000768892	30	30
0.10158	0.00000000486427	30	30
0.12408	0.00000000508439	30	30
0.12090	0.00000000446322	30	30
0.12112	0.00000000455580	30	30
0.12086	0.00000000445425	30	30
0.12101	0.00000000445950	30	30
0.12102	0.00000000455855	30	30
0.12086	0.00000000445698	30	30
0.12108	0.00000000445213	30	30
0.12111	0.00000000456211	30	30
0.12053	0.00000000446817	30	30
0.12145	0.00000000443707	30	30
0.12092	0.00000000446323	30	30
0.12094	0.00000000455905	30	30
0.12114	0.00000000447357	30	30
0.10495	0.00000000418391	30	30
0.14201	0.00000000591023	30	30
0.14065	0.00000000784838	30	30
0.09985	0.00000000477415	30	30
0.13528	0.00000000688398	30	30
0.12109	0.00000000448111	30	30
0.12094	0.00000000457606	30	30
0.12107	0.00000000442631	30	30
0.12099	0.00000000447477	30	30
0.12107	0.00000000456144	30	30
0.12086	0.00000000446989	30	30
0.12093	0.00000000444807	30	30
0.12113	0.00000000444833	30	30
0.12090	0.00000000458344	30	30
0.12079	0.00000000443234	30	30
0.12136	0.00000000446102	30	30
0.12101	0.00000000457219	30	30
0.12091	0.00000000444638	30	30
0.12093	0.00000000446249	30	30
0.11397	0.00000000445032	30	30
0.14019	0.00000000745712	30	30
0.14102	0.00000000765087	30	30
0.09960	0.00000000480288	30	30
0.12471	0.00000000527296	30	30
0.12116	0.00000000448245	30	30
0.12108	0.00000000442884	30	30
0.12105	0.00000000455886	30	30
0.12096	0.00000000446572	30	30
0.12094	0.00000000454923	30	30
0.12097	0.00000000445996	30	30
0.12084	0.00000000444447	30	30
0.12117	0.00000000447648	30	30
0.12105	0.00000000457604	30	30
0.12051	0.00000000441968	30	30
0.12140	0.00000000450133	30	30
0.12095	0.00000000456011	30	30
0.12081	0.00000000444179	30	30
0.10772	0.00000000419413	30	30
0.13762	0.00000000573574	30	30
0.14196	0.00000000790198	30	30
0.09993	0.00000000478525	30	30
0.13772	0.00000000708927	30	30
0.12098	0.00000000444777	30	30
0.12094	0.00000000456444	30	30
0.12099	0.00000000444523	30	30
0.12099	0.00000000457148	30	30
0.12099	0.00000000445707	30	30
0.12098	0.00000000445435	30	30
0.12096	0.00000000443909	30	30
0.12056	0.00000000456686	30	30
0.12136	0.00000000448376	30	30
0.12110	0.00000000454546	30	30
0.12071	0.00000000444285	30	30
0.12137	0.00000000447476	30	30
0.12087	0.00000000446352	30	30
0.12118	0.00000000456202	30	30
0.11310	0.00000000441138	30	30
0.14040	0.00000000721189	30	30
0.14159	0.00000000785660	30	30
0.09955	0.00000000467473	30	30
0.12554	0.00000000537010	30	30
0.12079	0.00000000447243	30	30
0.12120	0.00000000444111	30	30
0.12103	0.00000000457419	30	30
0.12109	0.00000000447254	30	30
0.12081	0.00000000457055	30	30
0.12112	0.00000000445530	30	30
0.12087	0.00000000441933	30	30
0.12098	0.00000000450180	30	30
0.12107	0.00000000457906	30	30
0.12100	0.00000000441495	30	30
0.12061	0.00000000447381	30	30
0.12123	0.00000000457918	30	30
0.12106	0.00000000445602	30	30
0.11160	0.00000000432376	30	30
0.13125	0.00000000548122	30	30
0.14143	0.00000000791445	30	30
0.10010	0.00000000477215	30	30
0.13822	0.00000000731076	30	30
0.12113	0.00000000447032	30	30
0.12095	0.00000000455965	30	30
0.12087	0.00000000443966	30	30
0.12106	0.00000000457729	30	30
0.12096	0.00000000446214	30	30
0.12073	0.00000000446493	30	30
0.12129	0.00000000445496	30	30
0.12099	0.00000000457324	30	30
0.12063	0.00000000446029	30	30
0.12138	0.00000000445306	30	30
0.12080	0.00000000446032	30	30
0.12136	0.00000000458457	30	30
0.12086	0.00000000445307	30	30
0.12078	0.00000000445166	30	30
0.11161	0.00000000450327	30	30
0.14027	0.00000000699796	30	30
0.14123	0.00000000766154	30	30
0.09995	0.00000000479554	30	30
0.12662	0.00000000556128	30	30
0.12101	0.00000000446813	30	30
0.12109	0.00000000454067	30	30
0.12086	0.00000000444604	30	30
0.12103	0.00000000447708	30	30
0.12111	0.00000000456486	30	30
0.12076	0.00000000446866	30	30
0.12115	0.00000000446676	30	30
0.12105	0.00000000446881	30	30
0.12066	0.00000000458356	30	30
0.12122	0.00000000445815	30	30
0.12110	0.00000000445488	30	30
0.12090	0.00000000456023	30	30
0.12102	0.00000000448473	30	30
0.11746	0.00000000437189	30	30
0.12167	0.00000000518702	30	30
0.14077	0.00000000786975	30	30
0.09983	0.00000000476638	30	30
0.13888	0.00000000770784	30	30
0.12122	0.00000000448731	30	30
0.12117	0.00000000444816	30	30
0.12095	0.00000000455395	30	30
0.12059	0.00000000447692	30	30
0.12147	0.00000000447811	30	30
0.12086	0.00000000455548	30	30
0.12087	0.00000000445562	30	30
0.12110	0.00000000448715	30	30
0.12117	0.00000000446658	30	30
0.12102	0.00000000455285	30	30
0.12083	0.00000000445840	30	30
0.12097	0.00000000456840	30	30
0.12108	0.00000000445499	30	30
0.12094	0.00000000447651	30	30
0.11064	0.00000000435442	30	30
0.13970	0.00000000678432	30	30
0.14115	0.00000000787351	30	30
0.10020	0.00000000479641	30	30
0.12814	0.00000000573334	30	30
0.12078	0.00000000443664	30	30
0.12104	0.00000000445014	30	30
0.12105	0.00000000455279	30	30
0.12080	0.00000000448452	30	30
0.12106	0.00000000447223	30	30
0.12099	0.00000000455844	30	30
0.12066	0.00000000445073	30	30
0.12144	0.00000000449056	30	30
0.12077	0.00000000446471	30	30
0.12118	0.00000000453171	30	30
0.12090	0.00000000446799	30	30
0.12094	0.00000000446848	30	30
0.12103	0.00000000455834	30	30
0.11977	0.00000000444469	30	30
0.11917	0.00000000496638	30	30
0.14191	0.00000000788589	30	30
0.10235	0.00000000504075	30	30
0.13226	0.00000000728481	30	30
0.12170	0.00000000452523	30	30
0.12070	0.00000000445990	30	30
0.12135	0.00000000446453	30	30
0.12098	0.00000000457259	30	30
0.12091	0.00000000447922	30	30
0.12106	0.00000000447846	30	30
0.12095	0.00000000454224	30	30
0.12126	0.00000000446060	30	30
0.12084	0.00000000446802	30	30
0.12106	0.00000000457707	30	30
0.12085	0.00000000444200	30	30
0.12091	0.00000000448400	30	30
0.12112	0.00000000457286	30	30
0.12095	0.00000000444179	30	30
0.10766	0.00000000427968	30	30
0.14122	0.00000000669294	30	30
0.14167	0.00000000789928	30	30
0.09984	0.00000000479980	30	30
0.12830	0.00000000579718	30	30
0.12112	0.00000000456254	30	30
0.12078	0.00000000445944	30	30
0.12105	0.00000000445819	30	30
0.12096	0.00000000458644	30	30
0.12058	0.00000000445790	30	30
0.12145	0.00000000450254	30	30
0.12097	0.00000000444177	30	30
0.12121	0.00000000457891	30	30
0.12074	0.00000000447440	30	30
0.12107	0.00000000444274	30	30
0.12097	0.00000000455732	30	30
0.12095	0.00000000445813	30	30
0.12117	0.00000000448269	30	30
0.12052	0.00000000456436	30	30
0.11674	0.00000000479027	30	30
0.13820	0.00000000761994	30	30
0.11188	0.00000000581890	30	30
0.11854	0.00000000610826	30	30
0.12144	0.00000000476731	30	30
0.12112	0.00000000446428	30	30
0.12060	0.00000000443842	30	30
0.12120	0.00000000459042	30	30
0.12106	0.00000000446539	30	30
0.12110	0.00000000446588	30	30
0.12088	0.00000000455038	30	30
0.12108	0.00000000446623	30	30
0.12109	0.00000000446246	30	30
0.12076	0.00000000457109	30	30
0.12113	0.00000000445619	30	30
0.12094	0.00000000445616	30	30
0.12055	0.00000000457163	30	30
0.12147	0.00000000446900	30	30
0.10871	0.00000000427534	30	30
0.14011	0.00000000641025	30	30
0.14139	0.00000000791019	30	30
0.09972	0.00000000476583	30	30
0.12983	0.00000000607155	30	30
0.12116	0.00000000446579	30	30
0.12096	0.00000000456326	30	30
0.12059	0.00000000443795	30	30
0.12137	0.00000000449453	30	30
0.12095	0.00000000456560	30	30
0.12099	0.00000000446991	30	30
0.12100	0.00000000446110	30	30
0.12107	0.00000000459902	30	30
0.12097	0.00000000446921	30	30
0.12090	0.00000000444735	30	30
0.12096	0.00000000457806	30	30
0.12112	0.00000000447682	30	30
0.12051	0.00000000447915	30	30
0.12156	0.00000000448189	30	30
0.11469	0.00000000467288	30	30
0.14120	0.00000000775838	30	30
0.11993	0.00000000641516	30	30
0.11214	0.00000000556173	30	30
0.12180	0.00000000488376	30	30
0.12143	0.00000000449620	30	30
0.12100	0.00000000445364	30	30
0.12116	0.00000000456176	30	30
0.12085	0.00000000447753	30	30
0.12088	0.00000000447537	30	30
0.12099	0.00000000455878	30	30
0.12090	0.00000000446598	30	30
0.12118	0.00000000449735	30	30
0.12101	0.00000000445690	30	30
0.12063	0.00000000445650	30	30
0.12130	0.00000000461253	30	30
0.12111	0.00000000446080	30	30
0.12085	0.00000000455404	30	30
0.10850	0.00000000426196	30	30
0.14073	0.00000000612849	30	30
0.14154	0.00000000806922	30	30
0.09984	0.00000000470149	30	30
0.13170	0.00000000636135	30	30
0.12070	0.00000000448657	30	30
0.12130	0.00000000448442	30	30
0.12102	0.00000000455729	30	30
0.12107	0.00000000447116	30	30
0.12084	0.00000000447875	30	30
0.12101	0.00000000446870	30	30
0.12103	0.00000000456277	30	30
0.12072	0.00000000448514	30	30
0.12127	0.00000000448635	30	30
0.12108	0.00000000444244	30	30
0.12055	0.00000000454953	30	30
0.12147	0.00000000450997	30	30
0.12089	0.00000000455156	30	30
0.12114	0.00000000448736	30	30
0.11531	0.00000000452743	30	30
0.14082	0.00000000787216	30	30
0.12862	0.00000000688509	30	30
0.10642	0.00000000517546	30	30
0.12334	0.00000000505198	30	30
0.12094	0.00000000446900	30	30
0.12087	0.00000000445887	30	30
0.12105	0.00000000455804	30	30
0.12110	0.00000000447603	30	30
0.12056	0.00000000447739	30	30
0.12142	0.00000000447179	30	30
0.12103	0.00000000458623	30	30
0.12080	0.00000000446494	30	30
0.12105	0.00000000447646	30	30
0.12108	0.00000000454975	30	30
0.12111	0.00000000447139	30	30
0.12078	0.00000000447673	30	30
0.12117	0.00000000456963	30	30
0.10738	0.00000000422100	30	30
0.14075	0.00000000614258	30	30
0.14175	0.00000000789730	30	30
0.09459	0.00000000464809	30	30
0.13414	0.00000000665112	30	30
0.12109	0.00000000448452	30	30
0.12100	0.00000000455825	30	30
0.12091	0.00000000446187	30	30
0.12116	0.00000000447170	30	30
0.12072	0.00000000456649	30	30
0.12099	0.00000000445626	30	30
0.12117	0.00000000446637	30	30
0.12087	0.00000000457308	30	30
0.12076	0.00000000447685	30	30
0.12122	0.00000000448260	30	30
0.12102	0.00000000455662	30	30
0.12105	0.00000000445982	30	30
0.12099	0.00000000447140	30	30
0.12097	0.00000000458491	30	30
0.11405	0.00000000446293	30	30
0.13909	0.00000000759292	30	30
0.13868	0.00000000768619	30	30
0.10142	0.00000000478021	30	30
0.12421	0.00000000522718	30	30
0.12091	0.00000000446850	30	30
0.12098	0.00000000455162	30	30
0.12097	0.00000000447450	30	30
0.12108	0.00000000447150	30	30
0.12090	0.00000000458160	30	30
0.12069	0.00000000446492	30	30
0.12119	0.00000000449564	30	30
0.12105	0.00000000448225	30	30
0.12109	0.00000000456971	30	30
0.12108	0.00000000446532	30	30
0.12087	0.00000000447095	30	30
0.12097	0.00000000457336	30	30
0.12098	0.00000000448641	30	30
0.10485	0.00000000410486	30	30
0.14156	0.00000000592917	30	30
0.14086	0.00000000787649	30	30
0.10019	0.00000000481510	30	30
0.13585	0.00000000708623	30	30
0.12080	0.00000000448366	30	30
0.12105	0.00000000446653	30	30
0.12103	0.00000000445480	30	30
0.12055	0.00000000458313	30	30
0.12147	0.00000000448675	30	30
0.12108	0.00000000447502	30	30
0.12073	0.00000000454613	30	30
0.12112	0.00000000448631	30	30
0.12110	0.00000000447953	30	30
0.12110	0.00000000455595	30	30
0.12080	0.00000000447079	30	30
0.12141	0.00000000449160	30	30
0.12081	0.00000000456247	30	30
0.12160	0.00000000451788	30	30
0.11617	0.00000000450297	30	30
0.13131	0.00000000706377	30	30
0.13913	0.00000000785215	30	30
0.09924	0.00000000491548	30	30
0.12463	0.00000000519476	30	30
0.12193	0.00000000453281	30	30
0.12183	0.00000000464019	30	30
0.12189	0.00000000449498	30	30
0.12198	0.00000000465597	30	30
0.12169	0.00000000451540	30	30
0.12113	0.00000000445724	30	30
0.12079	0.00000000457135	30	30
0.12114	0.00000000450909	30	30
0.12247	0.00000000457087	30	30
0.12094	0.00000000445002	30	30
0.12111	0.00000000448277	30	30
0.12109	0.00000000457871	30	30
0.12060	0.00000000447491	30	30
0.11320	0.00000000439432	30	30
0.14093	0.00000000595910	30	30
0.14093	0.00000000791137	30	30
0.10013	0.00000000481742	30	30
0.13412	0.00000000660846	30	30
0.12092	0.00000000448304	30	30
0.12106	0.00000000456497	30	30
0.12102	0.00000000454178	30	30
0.12059	0.00000000438979	30	30
0.12138	0.00000000459901	30	30
0.12101	0.00000000447504	30	30
0.12087	0.00000000444280	30	30
0.12116	0.00000000447762	30	30
0.12101	0.00000000459863	30	30
0.12100	0.00000000445677	30	30
0.12093	0.00000000456543	30	30
0.12106	0.00000000446236	30	30
0.12094	0.00000000446489	30	30
0.12073	0.00000000458903	30	30
0.11635	0.00000000452476	30	30
0.13808	0.00000000760721	30	30
0.13729	0.00000000759748	30	30
0.10223	0.00000000484115	30	30
0.12448	0.00000000521976	30	30
0.12089	0.00000000448441	30	30
0.12133	0.00000000446810	30	30
0.12083	0.00000000455250	30	30
0.12110	0.00000000447631	30	30
0.12088	0.00000000447233	30	30
0.12104	0.00000000456418	30	30
0.12097	0.00000000446841	30	30
0.12091	0.00000000449246	30	30
0.12121	0.00000000457894	30	30
0.12096	0.00000000443940	30	30
0.12053	0.00000000446991	30	30
0.12134	0.00000000460151	30	30
0.12105	0.00000000447383	30	30
0.10573	0.00000000420430	30	30
0.14097	0.00000000601837	30	30
0.14162	0.00000000790819	30	30
0.09975	0.00000000470507	30	30
0.13518	0.00000000703553	30	30
0.12100	0.00000000446239	30	30
0.12065	0.00000000446318	30	30
0.12126	0.00000000447430	30	30
0.12108	0.00000000458442	30	30
0.12134	0.00000000446859	30	30
0.12060	0.00000000457781	30	30
0.12098	0.00000000445918	30	30
0.12118	0.00000000445691	30	30
0.12068	0.00000000459848	30	30
0.12107	0.00000000446511	30	30
0.12114	0.00000000457492	30	30
0.12057	0.00000000446600	30	30
0.12144	0.00000000448170	30	30
0.12088	0.00000000447398	30	30
0.11492	0.00000000447639	30	30
0.14057	0.00000000749521	30	30
0.13983	0.00000000785120	30	30
0.10039	0.00000000487715	30	30
0.12493	0.00000000519461	30	30
0.12099	0.00000000448606	30	30
0.12083	0.00000000454859	30	30
0.12114	0.00000000446942	30	30
0.12094	0.00000000446955	30	30
0.12110	0.00000000448166	30	30
0.12084	0.00000000456902	30	30
0.12092	0.00000000446451	30	30
0.12110	0.00000000458928	30	30
0.12094	0.00000000448166	30	30
0.12106	0.00000000444574	30	30
0.12087	0.00000000458344	30	30
0.12064	0.00000000448060	30	30
0.12140	0.00000000447085	30	30
0.10469	0.00000000424770	30	30
0.13977	0.00000000574346	30	30
0.14111	0.00000000791226	30	30
0.10005	0.00000000481959	30	30
0.13623	0.00000000724482	30	30
0.12122	0.00000000449335	30	30
0.12102	0.00000000445861	30	30
0.12105	0.00000000446218	30	30
0.12089	0.00000000459834	30	30
0.12112	0.00000000448797	30	30
0.12102	0.00000000447483	30	30
0.12087	0.00000000457678	30	30
0.12118	0.00000000447175	30	30
0.12078	0.00000000447505	30	30
0.12073	0.00000000447009	30	30
0.12144	0.00000000459528	30	30
0.12097	0.00000000447879	30	30
0.12089	0.00000000454772	30	30
0.12094	0.00000000450261	30	30
0.11265	0.00000000441890	30	30
0.14015	0.00000000722448	30	30
0.14146	0.00000000791254	30	30
0.09985	0.00000000482619	30	30
0.12470	0.00000000526448	30	30
0.12146	0.00000000459983	30	30
0.12095	0.00000000446819	30	30
0.12086	0.00000000445923	30	30
0.12107	0.00000000449638	30	30
0.12097	0.00000000459383	30	30
0.12107	0.00000000447036	30	30
0.12095	0.00000000446556	30	30
0.12104	0.00000000458838	30	30
0.12100	0.00000000449822	30	30
0.12063	0.00000000442601	30	30
0.12131	0.00000000461648	30	30
0.12094	0.00000000447728	30	30
0.12082	0.00000000447574	30	30
0.11212	0.00000000435949	30	30
0.12983	0.00000000545492	30	30
0.14198	0.00000000788663	30	30
0.10004	0.00000000481352	30	30
0.13799	0.00000000749857	30	30
0.12090	0.00000000445173	30	30
0.12115	0.00000000450103	30	30
0.12107	0.00000000456653	30	30
0.12120	0.00000000447144	30	30
0.12077	0.00000000458894	30	30
0.12100	0.00000000446789	30	30
0.12103	0.00000000445481	30	30
0.12084	0.00000000457914	30	30
0.12110	0.00000000447835	30	30
0.12106	0.00000000456534	30	30
0.12051	0.00000000447923	30	30
0.12158	0.00000000449971	30	30
0.12082	0.00000000446639	30	30
0.12081	0.00000000447274	30	30
0.11353	0.00000000456264	30	30
0.14012	0.00000000711864	30	30
0.14095	0.00000000770556	30	30
0.09987	0.00000000484905	30	30
0.12605	0.00000000550010	30	30
0.12068	0.00000000448791	30	30
0.12139	0.00000000447826	30	30
0.12098	0.00000000457346	30	30
0.12109	0.00000000448225	30	30
0.12083	0.00000000448675	30	30
0.12092	0.00000000457342	30	30
0.12112	0.00000000445221	30	30
0.12093	0.00000000450253	30	30
0.12104	0.00000000449554	30	30
0.12089	0.00000000454975	30	30
0.12077	0.00000000448257	30	30
0.12143	0.00000000459054	30	30
0.12098	0.00000000446684	30	30
0.11616	0.00000000439216	30	30
0.12315	0.00000000529019	30	30
0.14153	0.00000000790294	30	30
0.10009	0.00000000485955	30	30
0.13943	0.00000000757719	30	30
0.12121	0.00000000446314	30	30
0.12103	0.00000000457748	30	30
0.12094	0.00000000447142	30	30
0.12105	0.00000000457808	30	30
0.12088	0.00000000446811	30	30
0.12083	0.00000000450514	30	30
0.12128	0.00000000456729	30	30
0.12086	0.00000000447369	30	30
0.12084	0.00000000448059	30	30
0.12123	0.00000000447874	30	30
0.12093	0.00000000458003	30	30
0.12056	0.00000000448151	30	30
0.12142	0.00000000447839	30	30
0.12107	0.00000000449262	30	30
0.11117	0.00000000446166	30	30
0.13971	0.00000000697060	30	30
0.14178	0.00000000771693	30	30
0.09921	0.00000000481521	30	30
0.12782	0.00000000571785	30	30
0.12115	0.00000000448637	30	30
0.12091	0.00000000445601	30	30
0.12115	0.00000000460074	30	30
0.12106	0.00000000447927	30	30
0.12104	0.00000000447287	30	30
0.12059	0.00000000458304	30	30
0.12132	0.00000000447984	30	30
0.12087	0.00000000449850	30	30
0.12073	0.00000000448838	30	30
0.12141	0.00000000455887	30	30
0.12079	0.00000000448592	30	30
0.12079	0.00000000447654	30	30
0.12130	0.00000000460092	30	30
0.11942	0.00000000443436	30	30
0.11989	0.00000000504660	30	30
0.14102	0.00000000810859	30	30
0.09974	0.00000000484626	30	30
0.13828	0.00000000752678	30	30
0.12170	0.00000000453231	30	30
0.12100	0.00000000457094	30	30
0.12106	0.00000000445834	30	30
0.12096	0.00000000459218	30	30
0.12111	0.00000000447916	30	30
0.12093	0.00000000446680	30	30
0.12081	0.00000000457369	30	30
0.12113	0.00000000448731	30	30
0.12103	0.00000000447453	30	30
0.12055	0.00000000457865	30	30
0.12136	0.00000000448287	30	30
0.12104	0.00000000448489	30	30
0.12073	0.00000000458070	30	30
0.12115	0.00000000449046	30	30
0.11146	0.00000000437569	30	30
0.14011	0.00000000680203	30	30
0.14161	0.00000000796137	30	30
0.10017	0.00000000483007	30	30
0.12723	0.00000000564005	30	30
0.12137	0.00000000450874	30	30
0.12100	0.00000000456537	30	30
0.12116	0.00000000449574	30	30
0.12092	0.00000000448787	30	30
0.12097	0.00000000446398	30	30
0.12112	0.00000000460585	30	30
0.12082	0.00000000446292	30	30
0.12108	0.00000000448139	30	30
0.12105	0.00000000460233	30	30
0.12068	0.00000000444770	30	30
0.12130	0.00000000448910	30	30
0.12097	0.00000000457322	30	30
0.12065	0.00000000447420	30	30
0.12033	0.00000000447113	30	30
0.11768	0.00000000507497	30	30
0.14085	0.00000000786062	30	30
0.10409	0.00000000509815	30	30
0.13007	0.00000000711341	30	30
0.12147	0.00000000464792	30	30
0.12096	0.00000000447586	30	30
0.12096	0.00000000457385	30	30
0.12111	0.00000000448032	30	30
0.12081	0.00000000449462	30	30
0.12112	0.00000000449820	30	30
0.12088	0.00000000456766	30	30
0.12094	0.00000000448691	30	30
0.12117	0.00000000448485	30	30
0.12105	0.00000000458115	30	30
0.12068	0.00000000444934	30	30
0.12124	0.00000000450393	30	30
0.12104	0.00000000457794	30	30
0.12115	0.00000000447767	30	30
0.11060	0.00000000434675	30	30
0.14034	0.00000000667432	30	30
0.14085	0.00000000789173	30	30
0.09977	0.00000000485205	30	30
0.12844	0.00000000580050	30	30
0.12085	0.00000000459168	30	30
0.12115	0.00000000449608	30	30
0.12099	0.00000000446540	30	30
0.12115	0.00000000459165	30	30
0.12076	0.00000000447487	30	30
0.12114	0.00000000447868	30	30
0.12098	0.00000000447115	30	30
0.12085	0.00000000460985	30	30
0.12106	0.00000000448893	30	30
0.12098	0.00000000454837	30	30
0.12052	0.00000000447702	30	30
0.12145	0.00000000451204	30	30
0.12103	0.00000000450424	30	30
0.12052	0.00000000457480	30	30
0.11742	0.00000000483980	30	30
0.14195	0.00000000790252	30	30
0.10799	0.00000000543441	30	30
0.12534	0.00000000673978	30	30
0.12044	0.00000000459059	30	30
0.12122	0.00000000447842	30	30
0.12079	0.00000000457182	30	30
0.12102	0.00000000449245	30	30
0.12104	0.00000000447262	30	30
0.12083	0.00000000460184	30	30
0.12118	0.00000000448887	30	30
0.12090	0.00000000448051	30	30
0.12069	0.00000000449528	30	30
0.12126	0.00000000460072	30	30
0.12104	0.00000000445610	30	30
0.12099	0.00000000449588	30	30
0.12112	0.00000000448574	30	30
0.12087	0.00000000458944	30	30
0.10937	0.00000000429942	30	30
0.13956	0.00000000651222	30	30
0.14180	0.00000000793594	30	30
0.09935	0.00000000480863	30	30
0.12972	0.00000000599976	30	30
0.12101	0.00000000458940	30	30
0.12101	0.00000000447001	30	30
0.12083	0.00000000447622	30	30
0.12100	0.00000000460003	30	30
0.12112	0.00000000447562	30	30
0.12091	0.00000000449078	30	30
0.12117	0.00000000458152	30	30
0.12086	0.00000000449385	30	30
0.12077	0.00000000447634	30	30
0.12131	0.00000000457682	30	30
0.12084	0.00000000447892	30	30
0.12077	0.00000000447888	30	30
0.12118	0.00000000450631	30	30
0.12087	0.00000000459104	30	30
0.11668	0.00000000480129	30	30
0.14138	0.00000000774302	30	30
0.11391	0.00000000584023	30	30
0.11783	0.00000000619300	30	30
0.12172	0.00000000473207	30	30
0.12115	0.00000000458099	30	30
0.12086	0.00000000447355	30	30
0.12103	0.00000000449488	30	30
0.12129	0.00000000460625	30	30
0.12091	0.00000000448510	30	30
0.12084	0.00000000449665	30	30
0.12130	0.00000000457541	30	30
0.12099	0.00000000450236	30	30
0.12060	0.00000000446900	30	30
0.12132	0.00000000449969	30	30
0.12101	0.00000000460184	30	30
0.12077	0.00000000447687	30	30
0.12120	0.00000000449109	30	30
0.10853	0.00000000439699	30	30
0.14054	0.00000000639286	30	30
0.14160	0.00000000779021	30	30
0.10032	0.00000000482981	30	30
0.13027	0.00000000609861	30	30
0.12134	0.00000000460717	30	30
0.12092	0.00000000447682	30	30
0.12091	0.00000000458126	30	30
0.12111	0.00000000449793	30	30
0.12107	0.00000000449243	30	30
0.12101	0.00000000448131	30	30
0.12090	0.00000000456770	30	30
0.12112	0.00000000450085	30	30
0.12087	0.00000000459052	30	30
0.12087	0.00000000446407	30	30
0.12122	0.00000000448439	30	30
0.12099	0.00000000459724	30	30
0.12066	0.00000000449437	30	30
0.12135	0.00000000450734	30	30
0.11475	0.00000000470381	30	30
0.14151	0.00000000787708	30	30
0.11977	0.00000000631749	30	30
0.11205	0.00000000560636	30	30
0.12191	0.00000000488369	30	30
0.12126	0.00000000451428	30	30
0.12117	0.00000000457305	30	30
0.12095	0.00000000447632	30	30
0.12090	0.00000000450122	30	30
0.12105	0.00000000449133	30	30
0.12091	0.00000000457403	30	30
0.12094	0.00000000447520	30	30
0.12110	0.00000000450794	30	30
0.12119	0.00000000458698	30	30
0.12042	0.00000000446544	30	30
0.12141	0.00000000450741	30	30
0.12110	0.00000000458792	30	30
0.12087	0.00000000447392	30	30
0.10791	0.00000000426869	30	30
0.14065	0.00000000629341	30	30
0.14145	0.00000000794608	30	30
0.09986	0.00000000485125	30	30
0.13169	0.00000000626905	30	30
0.12063	0.00000000459130	30	30
0.12132	0.00000000449960	30	30
0.12097	0.00000000447120	30	30
0.12106	0.00000000459405	30	30
0.12085	0.00000000450573	30	30
0.12115	0.00000000447582	30	30
0.12105	0.00000000456718	30	30
0.12077	0.00000000451794	30	30
0.12107	0.00000000448105	30	30
0.12111	0.00000000446710	30	30
0.12061	0.00000000447035	30	30
0.12148	0.00000000462952	30	30
0.12088	0.00000000445537	30	30
0.12061	0.00000000457869	30	30
0.11291	0.00000000453915	30	30
0.14074	0.00000000781049	30	30
0.12827	0.00000000693304	30	30
0.10640	0.00000000521452	30	30
0.12335	0.00000000505016	30	30
0.12091	0.00000000447597	30	30
0.12099	0.00000000447985	30	30
0.12102	0.00000000459492	30	30
0.12102	0.00000000448590	30	30
0.12096	0.00000000450668	30	30
0.12109	0.00000000457168	30	30
0.12118	0.00000000448211	30	30
0.12035	0.00000000449448	30	30
0.12138	0.00000000450189	30	30
0.12105	0.00000000457993	30	30
0.12106	0.00000000448333	30	30
0.12077	0.00000000449497	30	30
0.12122	0.00000000458547	30	30
0.10666	0.00000000422825	30	30
0.14043	0.00000000616244	30	30
0.14196	0.00000000789994	30	30
0.09908	0.00000000481523	30	30
0.13358	0.00000000660379	30	30
0.12113	0.00000000459761	30	30
0.12081	0.00000000447391	30	30
0.12112	0.00000000447997	30	30
0.12104	0.00000000447924	30	30
0.12103	0.00000000459760	30	30
0.12101	0.00000000451146	30	30
0.12106	0.00000000456846	30	30
0.12094	0.00000000447435	30	30
0.12110	0.00000000449884	30	30
0.12092	0.00000000448076	30	30
0.12102	0.00000000459198	30	30
0.12056	0.00000000448480	30	30
0.12138	0.00000000450067	30	30
0.12098	0.00000000459472	30	30
0.11626	0.00000000454336	30	30
0.13769	0.00000000749026	30	30
0.13655	0.00000000775463	30	30
0.10331	0.00000000491372	30	30
0.12354	0.00000000515102	30	30
0.12105	0.00000000458947	30	30
0.12117	0.00000000446570	30	30
0.12072	0.00000000448357	30	30
0.12101	0.00000000450038	30	30
0.12103	0.00000000458909	30	30
0.12100	0.00000000447747	30	30
0.12114	0.00000000449931	30	30
0.12083	0.00000000459759	30	30
0.12075	0.00000000449640	30	30
0.12120	0.00000000446356	30	30
0.12099	0.00000000459214	30	30
0.12096	0.00000000450797	30	30
0.12107	0.00000000448321	30	30
0.10631	0.00000000423180	30	30
0.14102	0.00000000604946	30	30
0.14114	0.00000000792837	30	30
0.10044	0.00000000483930	30	30
0.13343	0.00000000686664	30	30
0.12139	0.00000000452364	30	30
0.12102	0.00000000446657	30	30
0.12084	0.00000000447842	30	30
0.12108	0.00000000460112	30	30
0.12099	0.00000000450078	30	30
0.12102	0.00000000458399	30	30
0.12084	0.00000000447595	30	30
0.12105	0.00000000449883	30	30
0.12106	0.00000000449274	30	30
0.12069	0.00000000458807	30	30
0.12126	0.00000000448153	30	30
0.12111	0.00000000458790	30	30
0.12058	0.00000000448734	30	30
0.12123	0.00000000451103	30	30
0.11516	0.00000000451394	30	30
0.13950	0.00000000750653	30	30
0.13864	0.00000000778015	30	30
0.10075	0.00000000489602	30	30
0.12447	0.00000000515883	30	30
0.12092	0.00000000450544	30	30
0.12099	0.00000000458704	30	30
0.12109	0.00000000448650	30	30
0.12083	0.00000000459888	30	30
0.12100	0.00000000448556	30	30
0.12103	0.00000000448280	30	30
0.12087	0.00000000447149	30	30
0.12128	0.00000000461277	30	30
0.12092	0.00000000449475	30	30
0.12075	0.00000000445326	30	30
0.12131	0.00000000462658	30	30
0.12100	0.00000000448525	30	30
0.12095	0.00000000448031	30	30
0.10391	0.00000000426231	30	30
0.14063	0.00000000578124	30	30
0.14191	0.00000000792417	30	30
0.09985	0.00000000486634	30	30
0.13668	0.00000000730642	30	30
0.12106	0.00000000448303	30	30
0.12097	0.00000000447232	30	30
0.12094	0.00000000458749	30	30
0.12102	0.00000000448135	30	30
0.12081	0.00000000450005	30	30
0.12146	0.00000000462096	30	30
0.12101	0.00000000447181	30	30
0.12064	0.00000000448876	30	30
0.12131	0.00000000461741	30	30
0.12111	0.00000000447651	30	30
0.12199	0.00000000453881	30	30
0.12158	0.00000000455348	30	30
0.12138	0.00000000464312	30	30
0.12185	0.00000000455346	30	30
0.11687	0.00000000456048	30	30
0.13568	0.00000000697266	30	30
0.13912	0.00000000786716	30	30
0.09459	0.00000000463167	30	30
0.12613	0.00000000581257	30	30
0.12216	0.00000000458375	30	30
0.12144	0.00000000452029	30	30
0.12105	0.00000000448204	30	30
0.12112	0.00000000461173	30	30
0.12162	0.00000000455641	30	30
0.12205	0.00000000455346	30	30
0.12109	0.00000000458613	30	30
0.12098	0.00000000450246	30	30
0.12119	0.00000000451331	30	30
0.12094	0.00000000446060	30	30
0.12117	0.00000000459976	30	30
0.12082	0.00000000448116	30	30
0.12094	0.00000000459344	30	30
0.12078	0.00000000449991	30	30
0.12051	0.00000000488216	30	30
0.14258	0.00000000796382	30	30
0.10800	0.00000000542506	30	30
0.12414	0.00000000674623	30	30
0.12096	0.00000000463550	30	30
0.12102	0.00000000447640	30	30
0.12086	0.00000000459474	30	30
0.12111	0.00000000450847	30	30
0.12112	0.00000000447477	30	30
0.12102	0.00000000448968	30	30
0.12097	0.00000000460975	30	30
0.12094	0.00000000446515	30	30
0.12105	0.00000000462429	30	30
0.12094	0.00000000447226	30	30
0.12097	0.00000000448115	30	30
0.12111	0.00000000460884	30	30
0.12053	0.00000000448423	30	30
0.12134	0.00000000451171	30	30
0.10933	0.00000000431896	30	30
0.14025	0.00000000656846	30	30
0.14203	0.00000000798972	30	30
0.10018	0.00000000485496	30	30
0.12940	0.00000000600052	30	30
0.12126	0.00000000459481	30	30
0.12093	0.00000000447396	30	30
0.12045	0.00000000447973	30	30
0.12140	0.00000000451158	30	30
0.12098	0.00000000460883	30	30
0.12144	0.00000000449544	30	30
0.12060	0.00000000456098	30	30
0.12103	0.00000000449816	30	30
0.12116	0.00000000448836	30	30
0.12072	0.00000000457396	30	30
0.12112	0.00000000448869	30	30
0.12082	0.00000000447974	30	30
0.12092	0.00000000451383	30	30
0.12103	0.00000000460426	30	30
0.11478	0.00000000469950	30	30
0.14161	0.00000000791796	30	30
0.11388	0.00000000597539	30	30
0.11805	0.00000000608333	30	30
0.12114	0.00000000479953	30	30
0.12116	0.00000000450295	30	30
0.12090	0.00000000447153	30	30
0.12062	0.00000000459808	30	30
0.12141	0.00000000451340	30	30
0.12096	0.00000000449555	30	30
0.12116	0.00000000459389	30	30
0.12096	0.00000000449912	30	30
0.12099	0.00000000448994	30	30
0.12110	0.00000000458735	30	30
0.12071	0.00000000447427	30	30
0.12114	0.00000000449865	30	30
0.12096	0.00000000460781	30	30
0.12083	0.00000000448015	30	30
0.11006	0.00000000431639	30	30
0.14045	0.00000000649807	30	30
0.14129	0.00000000799833	30	30
0.09959	0.00000000474495	30	30
0.13053	0.00000000622470	30	30
0.12095	0.00000000452134	30	30
0.12108	0.00000000460650	30	30
0.12087	0.00000000446636	30	30
0.12062	0.00000000450436	30	30
0.12144	0.00000000451548	30	30
0.12105	0.00000000460389	30	30
0.12078	0.00000000446355	30	30
0.12119	0.00000000452810	30	30
0.12104	0.00000000459294	30	30
0.12108	0.00000000447290	30	30
0.12068	0.00000000449910	30	30
0.12112	0.00000000460603	30	30
0.12091	0.00000000450107	30	30
0.12097	0.00000000449255	30	30
0.11553	0.00000000478121	30	30
0.14194	0.00000000789639	30	30
0.11646	0.00000000609028	30	30
0.11431	0.00000000595383	30	30
0.12175	0.00000000476002	30	30
0.12099	0.00000000451590	30	30
0.12111	0.00000000457864	30	30
0.12092	0.00000000449220	30	30
0.12085	0.00000000449970	30	30
0.12122	0.00000000463626	30	30
0.12097	0.00000000448383	30	30
0.12109	0.00000000447795	30	30
0.12112	0.00000000463196	30	30
0.12091	0.00000000448284	30	30
0.12110	0.00000000446493	30	30
0.12090	0.00000000461347	30	30
0.12113	0.00000000450252	30	30
0.12099	0.00000000447311	30	30
0.10804	0.00000000440803	30	30
0.14075	0.00000000623137	30	30
0.14188	0.00000000811523	30	30
0.09965	0.00000000476308	30	30
0.13104	0.00000000638687	30	30
0.12107	0.00000000450305	30	30
0.12082	0.00000000449567	30	30
0.12121	0.00000000459167	30	30
0.12095	0.00000000448654	30	30
0.12063	0.00000000449419	30	30
0.12130	0.00000000461756	30	30
0.12090	0.00000000447018	30	30
0.12088	0.00000000450846	30	30
0.12111	0.00000000461479	30	30
0.12109	0.00000000447794	30	30
0.12112	0.00000000449399	30	30
0.12082	0.00000000460569	30	30
0.12108	0.00000000450805	30	30
0.12100	0.00000000448734	30	30
0.11569	0.00000000470596	30	30
0.14152	0.00000000773935	30	30
0.12225	0.00000000667897	30	30
0.11068	0.00000000553494	30	30
0.12242	0.00000000496204	30	30
0.12099	0.00000000448744	30	30
0.12083	0.00000000448883	30	30
0.12122	0.00000000460214	30	30
0.12093	0.00000000450078	30	30
0.12072	0.00000000450092	30	30
0.12136	0.00000000450097	30	30
0.12095	0.00000000460877	30	30
0.12102	0.00000000450275	30	30
0.12100	0.00000000449347	30	30
0.12098	0.00000000457403	30	30
0.12104	0.00000000449402	30	30
0.12087	0.00000000449707	30	30
0.12103	0.00000000459449	30	30
0.10783	0.00000000427839	30	30
0.14020	0.00000000629571	30	30
0.14163	0.00000000793317	30	30
0.10001	0.00000000487448	30	30
0.13168	0.00000000635153	30	30
0.12090	0.00000000460756	30	30
0.12106	0.00000000449851	30	30
0.12092	0.00000000449176	30	30
0.12093	0.00000000450847	30	30
0.12114	0.00000000460488	30	30
0.12054	0.00000000449711	30	30
0.12135	0.00000000449924	30	30
0.12100	0.00000000459657	30	30
0.12084	0.00000000449986	30	30
0.12119	0.00000000448293	30	30
0.12091	0.00000000448181	30	30
0.12120	0.00000000462992	30	30
0.12079	0.00000000449091	30	30
0.12107	0.00000000460360	30	30
0.11489	0.00000000457733	30	30
0.14080	0.00000000768961	30	30
0.13108	0.00000000722699	30	30
0.10468	0.00000000522106	30	30
0.12311	0.00000000500365	30	30
0.12132	0.00000000461465	30	30
0.12086	0.00000000448016	30	30
0.12079	0.00000000450192	30	30
0.12125	0.00000000452287	30	30
0.12102	0.00000000461747	30	30
0.12136	0.00000000448009	30	30
0.12058	0.00000000448503	30	30
0.12097	0.00000000460648	30	30
0.12097	0.00000000449085	30	30
0.12090	0.00000000448363	30	30
0.12126	0.00000000463148	30	30
0.12084	0.00000000450257	30	30
0.12071	0.00000000449529	30	30
0.10899	0.00000000427359	30	30
0.14088	0.00000000615052	30	30
0.14060	0.00000000792161	30	30
0.10046	0.00000000489474	30	30
0.13305	0.00000000674374	30	30
0.12075	0.00000000451133	30	30
0.12133	0.00000000451868	30	30
0.12099	0.00000000447456	30	30
0.12073	0.00000000460128	30	30
0.12118	0.00000000451072	30	30
0.12087	0.00000000450000	30	30
0.12129	0.00000000448060	30	30
0.12066	0.00000000461235	30	30
0.12130	0.00000000449807	30	30
0.12102	0.00000000457803	30	30
0.12094	0.00000000449153	30	30
0.12105	0.00000000449709	30	30
0.12099	0.00000000449002	30	30
0.12060	0.00000000459902	30	30
0.11490	0.00000000454115	30	30
0.13801	0.00000000760854	30	30
0.13535	0.00000000757927	30	30
0.10239	0.00000000502496	30	30
0.12407	0.00000000510246	30	30
0.12071	0.00000000459518	30	30
0.12140	0.00000000451386	30	30
0.12095	0.00000000448319	30	30
0.12101	0.00000000449750	30	30
0.12081	0.00000000461948	30	30
0.12119	0.00000000449332	30	30
0.12078	0.00000000448532	30	30
0.12100	0.00000000461525	30	30
0.12120	0.00000000449619	30	30
0.12080	0.00000000446959	30	30
0.12071	0.00000000450394	30	30
0.12135	0.00000000463111	30	30
0.12096	0.00000000447794	30	30
0.10672	0.00000000433453	30	30
0.14086	0.00000000593047	30	30
0.14148	0.00000000796190	30	30
0.09925	0.00000000487014	30	30
0.13539	0.00000000692574	30	30
0.12104	0.00000000449605	30	30
0.12072	0.00000000460102	30	30
0.12093	0.00000000451768	30	30
0.12146	0.00000000448785	30	30
0.12084	0.00000000449810	30	30
0.12099	0.00000000460812	30	30
0.12114	0.00000000450145	30	30
0.12104	0.00000000460433	30	30
0.12080	0.00000000449323	30	30
0.12103	0.00000000446635	30	30
0.12098	0.00000000460218	30	30
0.12071	0.00000000451561	30	30
0.12141	0.00000000449671	30	30
0.12075	0.00000000450601	30	30
0.11474	0.00000000461639	30	30
0.14040	0.00000000732311	30	30
0.13900	0.00000000791756	30	30
0.10011	0.00000000479086	30	30
0.12530	0.00000000534835	30	30
0.12089	0.00000000450234	30	30
0.12105	0.00000000458388	30	30
0.12092	0.00000000450057	30	30
0.12114	0.00000000450137	30	30
0.12095	0.00000000459908	30	30
0.12086	0.00000000450941	30	30
0.12095	0.00000000447557	30	30
0.12110	0.00000000461066	30	30
0.12088	0.00000000450569	30	30
0.12097	0.00000000446656	30	30
0.12116	0.00000000462224	30	30
0.12066	0.00000000449356	30	30
0.12137	0.00000000451701	30	30
0.10562	0.00000000427929	30	30
0.14013	0.00000000578544	30	30
0.14171	0.00000000798521	30	30
0.09975	0.00000000485299	30	30
0.13672	0.00000000733703	30	30
0.12105	0.00000000452019	30	30
0.12110	0.00000000447371	30	30
0.12090	0.00000000447668	30	30
0.12090	0.00000000462572	30	30
0.12116	0.00000000451428	30	30
0.12103	0.00000000449998	30	30
0.12052	0.00000000459087	30	30
0.12142	0.00000000451505	30	30
0.12093	0.00000000449628	30	30
0.12102	0.00000000457513	30	30
0.12102	0.00000000449728	30	30
0.12104	0.00000000460352	30	30
0.12106	0.00000000448618	30	30
0.12082	0.00000000450964	30	30
0.11471	0.00000000449610	30	30
0.14056	0.00000000729099	30	30
0.14129	0.00000000794831	30	30
0.10009	0.00000000489009	30	30
0.12452	0.00000000537436	30	30
0.12127	0.00000000450899	30	30
0.12121	0.00000000450569	30	30
0.12087	0.00000000447610	30	30
0.12097	0.00000000461686	30	30
0.12102	0.00000000449670	30	30
0.12104	0.00000000448831	30	30
0.12086	0.00000000461249	30	30
0.12115	0.00000000451617	30	30
0.12106	0.00000000449562	30	30
0.12051	0.00000000447935	30	30
0.12158	0.00000000464234	30	30
0.12097	0.00000000449159	30	30
0.12067	0.00000000458981	30	30
0.11041	0.00000000426640	30	30
0.13440	0.00000000575544	30	30
0.14145	0.00000000793078	30	30
0.09973	0.00000000488387	30	30
0.13681	0.00000000727604	30	30
0.12092	0.00000000450517	30	30
0.12089	0.00000000449548	30	30
0.12110	0.00000000460370	30	30
0.12124	0.00000000448971	30	30
0.12078	0.00000000460072	30	30
0.12099	0.00000000450742	30	30
0.12101	0.00000000448236	30	30
0.12094	0.00000000461194	30	30
0.12107	0.00000000451818	30	30
0.12097	0.00000000446580	30	30
0.12049	0.00000000460197	30	30
0.12154	0.00000000453949	30	30
0.12099	0.00000000448279	30	30
0.12084	0.00000000449431	30	30
0.11183	0.00000000456268	30	30
0.14014	0.00000000714442	30	30
0.14087	0.00000000776080	30	30
0.09995	0.00000000489309	30	30
0.12586	0.00000000553838	30	30
0.12075	0.00000000450140	30	30
0.12125	0.00000000450900	30	30
0.12096	0.00000000449728	30	30
0.12123	0.00000000462363	30	30
0.12074	0.00000000449616	30	30
0.12101	0.00000000461252	30	30
0.12102	0.00000000449147	30	30
0.12093	0.00000000451585	30	30
0.12111	0.00000000452646	30	30
0.12091	0.00000000455729	30	30
0.12068	0.00000000450604	30	30
0.12131	0.00000000452681	30	30
0.12102	0.00000000460537	30	30
0.11645	0.00000000431069	30	30
0.12251	0.00000000544288	30	30
0.14179	0.00000000790440	30	30
0.09988	0.00000000478567	30	30
0.13943	0.00000000790402	30	30
0.12117	0.00000000453180	30	30
0.12113	0.00000000457057	30	30
0.12089	0.00000000449751	30	30
0.12105	0.00000000451726	30	30
0.12092	0.00000000461215	30	30
0.12089	0.00000000450259	30	30
0.12109	0.00000000449308	30	30
0.12091	0.00000000449243	30	30
0.12088	0.00000000462389	30	30
0.12125	0.00000000450331	30	30
0.12097	0.00000000448310	30	30
0.12105	0.00000000460976	30	30
0.12099	0.00000000451128	30	30
0.12103	0.00000000449710	30	30
0.11146	0.00000000451725	30	30
0.13990	0.00000000678237	30	30
0.14209	0.00000000798435	30	30
0.10030	0.00000000498414	30	30
0.12677	0.00000000558810	30	30
0.12101	0.00000000460755	30	30
0.12074	0.00000000449220	30	30
0.12136	0.00000000449982	30	30
0.12096	0.00000000460798	30	30
0.12130	0.00000000449249	30	30
0.12058	0.00000000449081	30	30
0.12097	0.00000000449227	30	30
0.12119	0.00000000463028	30	30
0.12076	0.00000000451867	30	30
0.12105	0.00000000455288	30	30
0.12102	0.00000000449984	30	30
0.12069	0.00000000450369	30	30
0.12129	0.00000000451860	30	30
0.11857	0.00000000455312	30	30
0.12025	0.00000000514406	30	30
0.14123	0.00000000792966	30	30
0.09982	0.00000000484469	30	30
0.13915	0.00000000792917	30	30
0.12161	0.00000000453239	30	30
0.12104	0.00000000449830	30	30
0.12106	0.00000000458351	30	30
0.12094	0.00000000451556	30	30
0.12099	0.00000000450065	30	30
0.12097	0.00000000460184	30	30
0.12094	0.00000000450057	30	30
0.12093	0.00000000450033	30	30
0.12106	0.00000000462149	30	30
0.12063	0.00000000449532	30	30
0.12132	0.00000000451616	30	30
0.12101	0.00000000451337	30	30
0.12076	0.00000000460267	30	30
0.12148	0.00000000453565	30	30
0.11232	0.00000000442690	30	30
0.14009	0.00000000685322	30	30
0.14169	0.00000000801172	30	30
0.09987	0.00000000487106	30	30
0.12709	0.00000000568065	30	30
0.12133	0.00000000453771	30	30
0.12097	0.00000000459866	30	30
0.12121	0.00000000448912	30	30
0.12090	0.00000000453268	30	30
0.12096	0.00000000458964	30	30
0.12096	0.00000000451437	30	30
0.12087	0.00000000448089	30	30
0.12124	0.00000000452769	30	30
0.12085	0.00000000461837	30	30
0.12058	0.00000000447100	30	30
0.12140	0.00000000453091	30	30
0.12100	0.00000000459929	30	30
0.12084	0.00000000449819	30	30
0.12047	0.00000000449498	30	30
0.11700	0.00000000506007	30	30
0.14010	0.00000000785132	30	30
0.10441	0.00000000521708	30	30
0.12848	0.00000000706956	30	30
0.12151	0.00000000468641	30	30
0.12090	0.00000000451048	30	30
0.12107	0.00000000448785	30	30
0.12085	0.00000000460641	30	30
0.12090	0.00000000451815	30	30
0.12125	0.00000000450898	30	30
0.12094	0.00000000460145	30	30
0.12062	0.00000000449215	30	30
0.12150	0.00000000453457	30	30
0.12097	0.00000000459564	30	30
0.12074	0.00000000446319	30	30
0.12113	0.00000000453396	30	30
0.12097	0.00000000450123	30	30
0.12127	0.00000000460340	30	30
0.10938	0.00000000437249	30	30
0.14076	0.00000000664325	30	30
0.14106	0.00000000795509	30	30
0.09990	0.00000000488578	30	30
0.12846	0.00000000588869	30	30
0.12078	0.00000000459836	30	30
0.12115	0.00000000452223	30	30
0.12097	0.00000000448832	30	30
0.12106	0.00000000461945	30	30
0.12095	0.00000000450238	30	30
0.12120	0.00000000451183	30	30
0.12090	0.00000000458986	30	30
0.12087	0.00000000455664	30	30
0.12103	0.00000000451410	30	30
0.12105	0.00000000456384	30	30
0.12063	0.00000000447378	30	30
0.12127	0.00000000452076	30	30
0.12099	0.00000000461066	30	30
0.12037	0.00000000449823	30	30
0.11798	0.00000000499615	30	30
0.14197	0.00000000776448	30	30
0.10852	0.00000000550681	30	30
0.12538	0.00000000686306	30	30
0.12093	0.00000000463907	30	30
0.12115	0.00000000459838	30	30
0.12092	0.00000000449144	30	30
0.12103	0.00000000451259	30	30
0.12106	0.00000000460989	30	30
0.12082	0.00000000451585	30	30
0.12108	0.00000000449331	30	30
0.12098	0.00000000461070	30	30
0.12078	0.00000000451821	30	30
0.12131	0.00000000449404	30	30
0.12085	0.00000000449945	30	30
0.12079	0.00000000461966	30	30
0.12124	0.00000000452649	30	30
0.12099	0.00000000449733	30	30
0.10952	0.00000000442759	30	30
0.14088	0.00000000662573	30	30
0.14148	0.00000000799341	30	30
0.09941	0.00000000477357	30	30
0.13011	0.00000000619316	30	30
0.12100	0.00000000449802	30	30
0.12076	0.00000000458308	30	30
0.12111	0.00000000451134	30	30
0.12102	0.00000000451595	30	30
0.12111	0.00000000448681	30	30
0.12075	0.00000000462829	30	30
0.12113	0.00000000449548	30	30
0.12104	0.00000000461312	30	30
0.12081	0.00000000449923	30	30
0.12121	0.00000000449400	30	30
0.12083	0.00000000448605	30	30
0.12062	0.00000000461985	30	30
0.12142	0.00000000454470	30	30
0.12067	0.00000000449608	30	30
0.11621	0.00000000489127	30	30
0.14180	0.00000000777847	30	30
0.11347	0.00000000585967	30	30
0.11766	0.00000000629020	30	30
0.12155	0.00000000476246	30	30
0.12201	0.00000000464250	30	30
0.12167	0.00000000453727	30	30
0.12154	0.00000000469272	30	30
0.12180	0.00000000457983	30	30
0.12221	0.00000000456185	30	30
0.12216	0.00000000457395	30	30
0.12192	0.00000000468243	30	30
0.12216	0.00000000457914	30	30
0.12170	0.00000000456312	30	30
0.12182	0.00000000463781	30	30
0.12091	0.00000000451025	30	30
0.12087	0.00000000450733	30	30
0.12115	0.00000000451409	30	30
0.11134	0.00000000446286	30	30
0.14007	0.00000000681511	30	30
0.14347	0.00000000795542	30	30
0.09683	0.00000000483851	30	30
0.12824	0.00000000601360	30	30
0.12130	0.00000000451546	30	30
0.12089	0.00000000449408	30	30
0.12061	0.00000000450367	30	30
0.12148	0.00000000464999	30	30
0.12101	0.00000000449919	30	30
0.12102	0.00000000461586	30	30
0.12107	0.00000000450631	30	30
0.12111	0.00000000452020	30	30
0.12108	0.00000000450993	30	30
0.12074	0.00000000458903	30	30
0.12112	0.00000000450275	30	30
0.12098	0.00000000449771	30	30
0.12090	0.00000000461281	30	30
0.12065	0.00000000449140	30	30
0.11741	0.00000000496966	30	30
0.14126	0.00000000794615	30	30
0.10917	0.00000000553762	30	30
0.12386	0.00000000653563	30	30
0.12048	0.00000000476057	30	30
0.12150	0.00000000451756	30	30
0.12102	0.00000000448805	30	30
0.12076	0.00000000461531	30	30
0.12117	0.00000000452425	30	30
0.12100	0.00000000450524	30	30
0.12123	0.00000000459755	30	30
0.12073	0.00000000450321	30	30
0.12117	0.00000000451492	30	30
0.12098	0.00000000459907	30	30
0.12073	0.00000000449025	30	30
0.12120	0.00000000453949	30	30
0.12099	0.00000000459151	30	30
0.12053	0.00000000452282	30	30
0.11012	0.00000000436248	30	30
0.14082	0.00000000662565	30	30
0.14109	0.00000000798873	30	30
0.10030	0.00000000480013	30	30
0.12932	0.00000000616721	30	30
0.12074	0.00000000451618	30	30
0.12139	0.00000000460544	30	30
0.12085	0.00000000449778	30	30
0.12058	0.00000000451209	30	30
0.12132	0.00000000452293	30	30
0.12106	0.00000000462130	30	30
0.12138	0.00000000447571	30	30
0.12075	0.00000000452251	30	30
0.12080	0.00000000462462	30	30
0.12111	0.00000000447879	30	30
0.12087	0.00000000460577	30	30
0.12121	0.00000000451700	30	30
0.12084	0.00000000450227	30	30
0.12048	0.00000000450779	30	30
0.11670	0.00000000489232	30	30
0.14139	0.00000000793208	30	30
0.11275	0.00000000585407	30	30
0.11925	0.00000000622067	30	30
0.12133	0.00000000480926	30	30
0.12067	0.00000000451151	30	30
0.12135	0.00000000452808	30	30
0.12097	0.00000000459886	30	30
0.12100	0.00000000451034	30	30
0.12101	0.00000000451393	30	30
0.12101	0.00000000461322	30	30
0.12105	0.00000000451134	30	30
0.12087	0.00000000453405	30	30
0.12118	0.00000000459781	30	30
0.12091	0.00000000448022	30	30
0.12083	0.00000000451411	30	30
0.12113	0.00000000463802	30	30
0.12093	0.00000000450727	30	30
0.10917	0.00000000432795	30	30
0.14111	0.00000000653866	30	30
0.13772	0.00000000781756	30	30
0.09951	0.00000000488193	30	30
0.13139	0.00000000626351	30	30
0.12092	0.00000000451180	30	30
0.12052	0.00000000461182	30	30
0.12157	0.00000000451454	30	30
0.12087	0.00000000451114	30	30
0.12098	0.00000000461475	30	30
0.12113	0.00000000452743	30	30
0.12095	0.00000000449867	30	30
0.12121	0.00000000461887	30	30
0.12067	0.00000000449104	30	30
0.12101	0.00000000450285	30	30
0.12106	0.00000000460178	30	30
0.12085	0.00000000452039	30	30
0.12116	0.00000000451057	30	30
0.12098	0.00000000461470	30	30
0.11551	0.00000000468042	30	30
0.14181	0.00000000795579	30	30
0.12001	0.00000000639821	30	30
0.11154	0.00000000567525	30	30
0.12249	0.00000000494823	30	30
0.12097	0.00000000451538	30	30
0.12096	0.00000000449778	30	30
0.12109	0.00000000452316	30	30
0.12102	0.00000000463182	30	30
0.12092	0.00000000449774	30	30
0.12101	0.00000000451208	30	30
0.12111	0.00000000462413	30	30
0.12094	0.00000000452835	30	30
0.12067	0.00000000449086	30	30
0.12139	0.00000000461374	30	30
0.12100	0.00000000450780	30	30
0.12075	0.00000000451805	30	30
0.12128	0.00000000451947	30	30
0.10846	0.00000000440921	30	30
0.14036	0.00000000630536	30	30
0.14140	0.00000000779079	30	30
0.10022	0.00000000491231	30	30
0.13041	0.00000000644921	30	30
0.12147	0.00000000454587	30	30
0.12100	0.00000000449009	30	30
0.12075	0.00000000461006	30	30
0.12104	0.00000000453494	30	30
0.12112	0.00000000452583	30	30
0.12107	0.00000000461816	30	30
0.12095	0.00000000449379	30	30
0.12095	0.00000000451742	30	30
0.12098	0.00000000462461	30	30
0.12083	0.00000000449759	30	30
0.12123	0.00000000450750	30	30
0.12103	0.00000000461550	30	30
0.12060	0.00000000451638	30	30
0.12122	0.00000000452517	30	30
0.11376	0.00000000457790	30	30
0.14069	0.00000000788337	30	30
0.13093	0.00000000730292	30	30
0.10532	0.00000000514226	30	30
0.12372	0.00000000511464	30	30
0.12065	0.00000000450984	30	30
0.12089	0.00000000460106	30	30
0.12108	0.00000000448739	30	30
0.12080	0.00000000454876	30	30
0.12119	0.00000000451845	30	30
0.12107	0.00000000458761	30	30
0.12049	0.00000000450462	30	30
0.12138	0.00000000465884	30	30
0.12098	0.00000000452604	30	30
0.12091	0.00000000448494	30	30
0.12124	0.00000000453353	30	30
0.12085	0.00000000461062	30	30
0.12118	0.00000000449604	30	30
0.10768	0.00000000428536	30	30
0.14093	0.00000000621236	30	30
0.14163	0.00000000792738	30	30
0.09967	0.00000000489873	30	30
0.13303	0.00000000660995	30	30
0.12083	0.00000000462400	30	30
0.12098	0.00000000452254	30	30
0.12112	0.00000000448850	30	30
0.12099	0.00000000461212	30	30
0.12080	0.00000000452087	30	30
0.12111	0.00000000451504	30	30
0.12103	0.00000000459291	30	30
0.12068	0.00000000452871	30	30
0.12130	0.00000000452714	30	30
0.12089	0.00000000459701	30	30
0.12072	0.00000000451140	30	30
0.12130	0.00000000452493	30	30
0.12102	0.00000000460699	30	30
0.12108	0.00000000451598	30	30
0.11571	0.00000000458192	30	30
0.13732	0.00000000755667	30	30
0.13574	0.00000000766732	30	30
0.09701	0.00000000492706	30	30
0.12468	0.00000000533239	30	30
0.12089	0.00000000451577	30	30
0.12073	0.00000000450355	30	30
0.12125	0.00000000452100	30	30
0.12116	0.00000000461999	30	30
0.12048	0.00000000450219	30	30
0.12125	0.00000000453372	30	30
0.12098	0.00000000459459	30	30
0.12130	0.00000000453789	30	30
0.12085	0.00000000451868	30	30
0.12102	0.00000000458510	30	30
0.12089	0.00000000453288	30	30
0.12099	0.00000000451438	30	30
0.12106	0.00000000461045	30	30
0.10525	0.00000000427785	30	30
0.14082	0.00000000584659	30	30
0.14267	0.00000000788181	30	30
0.10030	0.00000000490304	30	30
0.13541	0.00000000732468	30	30
0.12145	0.00000000452162	30	30
0.12104	0.00000000449487	30	30
0.12064	0.00000000460625	30	30
0.12131	0.00000000454706	30	30
0.12101	0.00000000451878	30	30
0.12103	0.00000000461700	30	30
0.12090	0.00000000449414	30	30
0.12098	0.00000000451716	30	30
0.12109	0.00000000461682	30	30
0.12085	0.00000000449631	30	30
0.12109	0.00000000461738	30	30
0.12087	0.00000000451362	30	30
0.12075	0.00000000451861	30	30
0.12136	0.00000000451927	30	30
0.11320	0.00000000461118	30	30
0.13984	0.00000000714146	30	30
0.14222	0.00000000803896	30	30
=============================================================================

============================ Tabulate Statistics ============================
PWR_PKG_ENERGY	INST_RETIRED	TOR_OCCUPANCY	RR_OCCUPANCY	TIPI	L3_MISS	L2_MISS	TIME	
10994.368591	2314168185890	139929884682	139931620066	0.120934	1684937448	3374310825	58706.998615	
=============================================================================

============================ TIPI SLAB Statistics ============================

==============================================================================
===== Test PASSED in 0.0 msec =====
